2021-08-06 01:08:06,990 - instabot version: 0.117.0 (bot) - INFO - Instabot version: 0.117.0 Started
2021-08-06 01:08:06,991 - instabot version: 0.117.0 (bot) - DEBUG - Bot imported from C:\Users\skyem\AppData\Local\Programs\Python\Python39\lib\site-packages\instabot\bot\bot.py
2021-08-06 01:08:08,356 - instabot version: 0.117.0 (api_login) - INFO - Not yet logged in starting: PRE-LOGIN FLOW!
2021-08-06 01:08:08,529 - instabot version: 0.117.0 (api) - DEBUG - POST to endpoint: accounts/get_prefill_candidates/ returned response: <Response [200]>
2021-08-06 01:08:08,696 - instabot version: 0.117.0 (api) - DEBUG - POST to endpoint: qe/sync/ returned response: <Response [200]>
2021-08-06 01:08:08,898 - instabot version: 0.117.0 (api) - DEBUG - POST to endpoint: launcher/sync/ returned response: <Response [200]>
2021-08-06 01:08:09,066 - instabot version: 0.117.0 (api) - DEBUG - POST to endpoint: accounts/contact_point_prefill/ returned response: <Response [200]>
2021-08-06 01:08:10,759 - instabot version: 0.117.0 (api) - DEBUG - POST to endpoint: accounts/login/ returned response: <Response [200]>
2021-08-06 01:08:10,759 - instabot version: 0.117.0 (api) - INFO - Logged-in successfully as 'vocabexpansion'!
2021-08-06 01:08:10,759 - instabot version: 0.117.0 (api_login) - INFO - LOGIN FLOW! Just logged-in: True
2021-08-06 01:08:10,930 - instabot version: 0.117.0 (api) - DEBUG - POST to endpoint: qe/sync/ returned response: <Response [200]>
2021-08-06 01:08:11,113 - instabot version: 0.117.0 (api) - DEBUG - POST to endpoint: launcher/sync/ returned response: <Response [200]>
2021-08-06 01:08:11,279 - instabot version: 0.117.0 (api) - DEBUG - GET to endpoint: zr/token/result/?device_id=android-e377a40ffa4f9abc&token_hash=&custom_device_id=android-e377a40ffa4f9abc&fetch_reason=token_expired returned response: <Response [200]>
2021-08-06 01:08:11,438 - instabot version: 0.117.0 (api) - DEBUG - GET to endpoint: multiple_accounts/get_account_family/ returned response: <Response [200]>
2021-08-06 01:08:11,612 - instabot version: 0.117.0 (api) - DEBUG - POST to endpoint: qe/sync/ returned response: <Response [200]>
2021-08-06 01:08:12,073 - instabot version: 0.117.0 (api) - DEBUG - GET to endpoint: igtv/browse_feed/?prefetch=1 returned response: <Response [200]>
2021-08-06 01:08:12,217 - instabot version: 0.117.0 (api) - DEBUG - POST to endpoint: creatives/ar_class/ returned response: <Response [200]>
2021-08-06 01:08:12,652 - instabot version: 0.117.0 (api) - DEBUG - POST to endpoint: feed/reels_tray/ returned response: <Response [200]>
2021-08-06 01:08:13,814 - instabot version: 0.117.0 (api) - DEBUG - POST to endpoint: feed/timeline/ returned response: <Response [200]>
2021-08-06 01:08:13,955 - instabot version: 0.117.0 (api) - DEBUG - GET to endpoint: media/blocked/ returned response: <Response [200]>
2021-08-06 01:08:14,243 - instabot version: 0.117.0 (api) - DEBUG - GET to endpoint: news/inbox/ returned response: <Response [200]>
2021-08-06 01:08:14,407 - instabot version: 0.117.0 (api) - DEBUG - GET to endpoint: loom/fetch_config/ returned response: <Response [200]>
2021-08-06 01:08:14,764 - instabot version: 0.117.0 (api) - DEBUG - GET to endpoint: scores/bootstrap/users/?surfaces=["autocomplete_user_list","coefficient_besties_list_ranking","coefficient_rank_recipient_user_suggestion","coefficient_ios_section_test_bootstrap_ranking","coefficient_direct_recipients_ranking_variant_2"] returned response: <Response [200]>
2021-08-06 01:08:14,913 - instabot version: 0.117.0 (api) - DEBUG - GET to endpoint: business/eligibility/get_monetization_products_eligibility_data/?product_types=branded_content returned response: <Response [200]>
2021-08-06 01:08:15,055 - instabot version: 0.117.0 (api) - DEBUG - GET to endpoint: business/branded_content/should_require_professional_account/ returned response: <Response [200]>
2021-08-06 01:08:15,191 - instabot version: 0.117.0 (api) - DEBUG - GET to endpoint: linked_accounts/get_linkage_status/ returned response: <Response [200]>
2021-08-06 01:08:15,355 - instabot version: 0.117.0 (api) - DEBUG - GET to endpoint: locations/request_country/ returned response: <Response [200]>
2021-08-06 01:08:15,494 - instabot version: 0.117.0 (api) - DEBUG - GET to endpoint: qp/get_cooldowns/?signed_body=signed_body=4b9c516a5410a3bc128e09c6104a7f042146b9c2023870560c63a43a7f66781c.4&ig_sig_key_version=4&ig_sig_key_version=4 returned response: <Response [200]>
2021-08-06 01:08:15,643 - instabot version: 0.117.0 (api) - DEBUG - GET to endpoint: users/arlink_download_info/?version_override=2.2.1 returned response: <Response [200]>
2021-08-06 01:08:15,895 - instabot version: 0.117.0 (api) - DEBUG - GET to endpoint: users/49051026324/info/ returned response: <Response [200]>
2021-08-06 01:08:16,082 - instabot version: 0.117.0 (api) - DEBUG - GET to endpoint: direct_v2/get_presence/ returned response: <Response [200]>
2021-08-06 01:08:16,349 - instabot version: 0.117.0 (api) - DEBUG - GET to endpoint: direct_v2/inbox/?visual_message_return_type=unseen&thread_message_limit=10&persistentBadging=true&limit=20 returned response: <Response [200]>
2021-08-06 01:08:16,533 - instabot version: 0.117.0 (api) - DEBUG - GET to endpoint: direct_v2/inbox/?visual_message_return_type=unseen&persistentBadging=true&limit=0 returned response: <Response [200]>
2021-08-06 01:08:16,765 - instabot version: 0.117.0 (api) - DEBUG - GET to endpoint: discover/topical_explore/?is_prefetch=true&omit_cover_media=true&use_sectional_payload=true&timezone_offset=0&session_id=15c93161-1bab-4658-9b9d-cdad81f70f8b&include_fixed_destinations=true returned response: <Response [200]>
2021-08-06 01:08:16,910 - instabot version: 0.117.0 (api) - DEBUG - POST to endpoint: notifications/badge/ returned response: <Response [200]>
2021-08-06 01:08:17,185 - instabot version: 0.117.0 (api) - DEBUG - POST to endpoint: qp/batch_fetch/ returned response: <Response [200]>
2021-08-06 01:08:17,186 - instabot version: 0.117.0 (bot_checkpoint) - DEBUG - Loading Checkpoint file from: D:\Programming\2021\InstaBot/config/vocabexpansion.checkpoint
2021-08-06 01:08:17,187 - instabot version: 0.117.0 (bot_comment) - INFO - Going to comment medias by vocab hashtag
2021-08-06 01:08:23,643 - instabot version: 0.117.0 (api) - DEBUG - GET to endpoint: feed/tag/vocab/?max_id=&rank_token=49051026324_d005a57e-5ccb-4ca8-903d-a2b14ac06a82&ranked_content=true& returned response: <Response [200]>
2021-08-06 01:08:23,655 - instabot version: 0.117.0 (bot_comment) - INFO - Going to comment 3 medias.
2021-08-06 01:08:23,876 - instabot version: 0.117.0 (api) - DEBUG - GET to endpoint: media/2634074768455539842_48265027501/info/ returned response: <Response [200]>
2021-08-06 01:08:24,105 - instabot version: 0.117.0 (api) - DEBUG - GET to endpoint: media/2634074768455539842_48265027501/info/ returned response: <Response [200]>
2021-08-06 01:08:24,270 - instabot version: 0.117.0 (api) - DEBUG - GET to endpoint: media/2634074768455539842_48265027501/comments/ returned response: <Response [200]>
2021-08-06 01:08:24,446 - instabot version: 0.117.0 (api) - DEBUG - GET to endpoint: media/2634074479493260569_38340590445/info/ returned response: <Response [200]>
2021-08-06 01:08:24,621 - instabot version: 0.117.0 (api) - DEBUG - GET to endpoint: media/2634074479493260569_38340590445/info/ returned response: <Response [200]>
2021-08-06 01:08:24,799 - instabot version: 0.117.0 (api) - DEBUG - GET to endpoint: media/2634074479493260569_38340590445/comments/ returned response: <Response [200]>
2021-08-06 01:08:25,005 - instabot version: 0.117.0 (api) - DEBUG - GET to endpoint: media/2634073568455593749_2205968431/info/ returned response: <Response [200]>
2021-08-06 01:08:25,219 - instabot version: 0.117.0 (api) - DEBUG - GET to endpoint: media/2634073568455593749_2205968431/info/ returned response: <Response [200]>
2021-08-06 01:08:25,482 - instabot version: 0.117.0 (api) - DEBUG - GET to endpoint: media/2634073568455593749_2205968431/comments/ returned response: <Response [200]>
2021-08-06 01:08:25,482 - instabot version: 0.117.0 (bot_comment) - INFO - DONE: Total commented on 0 medias. 
2021-08-06 01:08:25,482 - instabot version: 0.117.0 (bot_checkpoint) - DEBUG - Saving Checkpoint file to: D:\Programming\2021\InstaBot/config/vocabexpansion.checkpoint
2021-08-06 01:08:25,483 - instabot version: 0.117.0 (bot) - INFO - Total requests: 79
