2021-08-09 21:10:18,122 - instabot version: 0.117.0 (bot) - INFO - Instabot version: 0.117.0 Started
2021-08-09 21:10:18,122 - instabot version: 0.117.0 (bot) - DEBUG - Bot imported from C:\Users\skyem\AppData\Local\Programs\Python\Python39\lib\site-packages\instabot\bot\bot.py
2021-08-09 21:10:19,413 - instabot version: 0.117.0 (api_login) - INFO - Not yet logged in starting: PRE-LOGIN FLOW!
2021-08-09 21:10:19,579 - instabot version: 0.117.0 (api) - DEBUG - POST to endpoint: accounts/get_prefill_candidates/ returned response: <Response [200]>
2021-08-09 21:10:19,734 - instabot version: 0.117.0 (api) - DEBUG - POST to endpoint: qe/sync/ returned response: <Response [200]>
2021-08-09 21:10:19,895 - instabot version: 0.117.0 (api) - DEBUG - POST to endpoint: launcher/sync/ returned response: <Response [200]>
2021-08-09 21:10:20,035 - instabot version: 0.117.0 (api) - DEBUG - POST to endpoint: accounts/contact_point_prefill/ returned response: <Response [200]>
2021-08-09 21:10:21,717 - instabot version: 0.117.0 (api) - DEBUG - POST to endpoint: accounts/login/ returned response: <Response [200]>
2021-08-09 21:10:21,718 - instabot version: 0.117.0 (api) - INFO - Logged-in successfully as 'derbgang'!
2021-08-09 21:10:21,718 - instabot version: 0.117.0 (api_login) - INFO - LOGIN FLOW! Just logged-in: True
2021-08-09 21:10:21,934 - instabot version: 0.117.0 (api) - DEBUG - POST to endpoint: qe/sync/ returned response: <Response [200]>
2021-08-09 21:10:22,132 - instabot version: 0.117.0 (api) - DEBUG - POST to endpoint: launcher/sync/ returned response: <Response [200]>
2021-08-09 21:10:22,283 - instabot version: 0.117.0 (api) - DEBUG - GET to endpoint: zr/token/result/?device_id=android-482d8e988b586de3&token_hash=&custom_device_id=android-482d8e988b586de3&fetch_reason=token_expired returned response: <Response [200]>
2021-08-09 21:10:22,477 - instabot version: 0.117.0 (api) - DEBUG - GET to endpoint: multiple_accounts/get_account_family/ returned response: <Response [200]>
2021-08-09 21:10:22,648 - instabot version: 0.117.0 (api) - DEBUG - POST to endpoint: qe/sync/ returned response: <Response [200]>
2021-08-09 21:10:23,093 - instabot version: 0.117.0 (api) - DEBUG - GET to endpoint: igtv/browse_feed/?prefetch=1 returned response: <Response [200]>
2021-08-09 21:10:23,234 - instabot version: 0.117.0 (api) - DEBUG - POST to endpoint: creatives/ar_class/ returned response: <Response [200]>
2021-08-09 21:10:23,457 - instabot version: 0.117.0 (api) - DEBUG - POST to endpoint: feed/reels_tray/ returned response: <Response [200]>
2021-08-09 21:10:25,015 - instabot version: 0.117.0 (api) - DEBUG - POST to endpoint: feed/timeline/ returned response: <Response [200]>
2021-08-09 21:10:25,155 - instabot version: 0.117.0 (api) - DEBUG - GET to endpoint: media/blocked/ returned response: <Response [200]>
2021-08-09 21:10:25,672 - instabot version: 0.117.0 (api) - DEBUG - GET to endpoint: news/inbox/ returned response: <Response [200]>
2021-08-09 21:10:25,831 - instabot version: 0.117.0 (api) - DEBUG - GET to endpoint: loom/fetch_config/ returned response: <Response [200]>
2021-08-09 21:10:26,016 - instabot version: 0.117.0 (api) - DEBUG - GET to endpoint: scores/bootstrap/users/?surfaces=["autocomplete_user_list","coefficient_besties_list_ranking","coefficient_rank_recipient_user_suggestion","coefficient_ios_section_test_bootstrap_ranking","coefficient_direct_recipients_ranking_variant_2"] returned response: <Response [200]>
2021-08-09 21:10:26,166 - instabot version: 0.117.0 (api) - DEBUG - GET to endpoint: business/eligibility/get_monetization_products_eligibility_data/?product_types=branded_content returned response: <Response [200]>
2021-08-09 21:10:26,313 - instabot version: 0.117.0 (api) - DEBUG - GET to endpoint: business/branded_content/should_require_professional_account/ returned response: <Response [200]>
2021-08-09 21:10:26,460 - instabot version: 0.117.0 (api) - DEBUG - GET to endpoint: linked_accounts/get_linkage_status/ returned response: <Response [200]>
2021-08-09 21:10:26,613 - instabot version: 0.117.0 (api) - DEBUG - GET to endpoint: locations/request_country/ returned response: <Response [200]>
2021-08-09 21:10:26,766 - instabot version: 0.117.0 (api) - DEBUG - GET to endpoint: qp/get_cooldowns/?signed_body=signed_body=4b9c516a5410a3bc128e09c6104a7f042146b9c2023870560c63a43a7f66781c.4&ig_sig_key_version=4&ig_sig_key_version=4 returned response: <Response [200]>
2021-08-09 21:10:26,908 - instabot version: 0.117.0 (api) - DEBUG - GET to endpoint: users/arlink_download_info/?version_override=2.2.1 returned response: <Response [200]>
2021-08-09 21:10:27,184 - instabot version: 0.117.0 (api) - DEBUG - GET to endpoint: users/49050629623/info/ returned response: <Response [200]>
2021-08-09 21:10:27,628 - instabot version: 0.117.0 (api) - DEBUG - GET to endpoint: direct_v2/get_presence/ returned response: <Response [200]>
2021-08-09 21:10:28,152 - instabot version: 0.117.0 (api) - DEBUG - GET to endpoint: direct_v2/inbox/?visual_message_return_type=unseen&thread_message_limit=10&persistentBadging=true&limit=20 returned response: <Response [200]>
2021-08-09 21:10:28,344 - instabot version: 0.117.0 (api) - DEBUG - GET to endpoint: direct_v2/inbox/?visual_message_return_type=unseen&persistentBadging=true&limit=0 returned response: <Response [200]>
2021-08-09 21:10:28,551 - instabot version: 0.117.0 (api) - DEBUG - GET to endpoint: discover/topical_explore/?is_prefetch=true&omit_cover_media=true&use_sectional_payload=true&timezone_offset=0&session_id=45652ecc-1229-4b79-8b86-1b1a9aa68ae6&include_fixed_destinations=true returned response: <Response [200]>
2021-08-09 21:10:28,689 - instabot version: 0.117.0 (api) - DEBUG - POST to endpoint: notifications/badge/ returned response: <Response [200]>
2021-08-09 21:10:28,902 - instabot version: 0.117.0 (api) - DEBUG - POST to endpoint: qp/batch_fetch/ returned response: <Response [200]>
2021-08-09 21:10:28,903 - instabot version: 0.117.0 (bot_checkpoint) - DEBUG - Loading Checkpoint file from: D:\Programming\2021\InstaBot/config/derbgang.checkpoint
2021-08-09 21:11:08,887 - instabot version: 0.117.0 (api) - DEBUG - GET to endpoint: users/savagerealms.jemima/usernameinfo/ returned response: <Response [200]>
2021-08-09 21:11:10,546 - instabot version: 0.117.0 (api) - DEBUG - GET to endpoint: feed/user/11903691706/?max_id=&min_timestamp=None&rank_token=49050629623_dc0014e8-01a3-44f3-8dca-bbedc9f0553d&ranked_content=true returned response: <Response [200]>
2021-08-09 21:11:11,421 - instabot version: 0.117.0 (api) - DEBUG - GET to endpoint: feed/user/11903691706/?max_id=2588875177397620242_11903691706&min_timestamp=None&rank_token=49050629623_dc0014e8-01a3-44f3-8dca-bbedc9f0553d&ranked_content=true returned response: <Response [200]>
2021-08-09 21:11:12,212 - instabot version: 0.117.0 (api) - DEBUG - GET to endpoint: feed/user/11903691706/?max_id=2546776962661940047_11903691706&min_timestamp=None&rank_token=49050629623_dc0014e8-01a3-44f3-8dca-bbedc9f0553d&ranked_content=true returned response: <Response [200]>
2021-08-09 21:11:12,913 - instabot version: 0.117.0 (api) - DEBUG - GET to endpoint: feed/user/11903691706/?max_id=2503402903060177446_11903691706&min_timestamp=None&rank_token=49050629623_dc0014e8-01a3-44f3-8dca-bbedc9f0553d&ranked_content=true returned response: <Response [200]>
2021-08-09 21:11:13,689 - instabot version: 0.117.0 (api) - DEBUG - GET to endpoint: feed/user/11903691706/?max_id=2472268084901410134_11903691706&min_timestamp=None&rank_token=49050629623_dc0014e8-01a3-44f3-8dca-bbedc9f0553d&ranked_content=true returned response: <Response [200]>
2021-08-09 21:11:14,457 - instabot version: 0.117.0 (api) - DEBUG - GET to endpoint: feed/user/11903691706/?max_id=2449035506388074955_11903691706&min_timestamp=None&rank_token=49050629623_dc0014e8-01a3-44f3-8dca-bbedc9f0553d&ranked_content=true returned response: <Response [200]>
2021-08-09 21:11:15,050 - instabot version: 0.117.0 (api) - DEBUG - GET to endpoint: feed/user/11903691706/?max_id=2418540064407973255_11903691706&min_timestamp=None&rank_token=49050629623_dc0014e8-01a3-44f3-8dca-bbedc9f0553d&ranked_content=true returned response: <Response [200]>
2021-08-09 21:11:15,827 - instabot version: 0.117.0 (api) - DEBUG - GET to endpoint: feed/user/11903691706/?max_id=2403349250329817992_11903691706&min_timestamp=None&rank_token=49050629623_dc0014e8-01a3-44f3-8dca-bbedc9f0553d&ranked_content=true returned response: <Response [200]>
2021-08-09 21:11:17,049 - instabot version: 0.117.0 (api) - DEBUG - GET to endpoint: feed/user/11903691706/?max_id=2393290098794575044_11903691706&min_timestamp=None&rank_token=49050629623_dc0014e8-01a3-44f3-8dca-bbedc9f0553d&ranked_content=true returned response: <Response [200]>
2021-08-09 21:11:17,741 - instabot version: 0.117.0 (api) - DEBUG - GET to endpoint: feed/user/11903691706/?max_id=2373692985508776176_11903691706&min_timestamp=None&rank_token=49050629623_dc0014e8-01a3-44f3-8dca-bbedc9f0553d&ranked_content=true returned response: <Response [200]>
2021-08-09 21:11:18,471 - instabot version: 0.117.0 (api) - DEBUG - GET to endpoint: feed/user/11903691706/?max_id=2367141866221461039_11903691706&min_timestamp=None&rank_token=49050629623_dc0014e8-01a3-44f3-8dca-bbedc9f0553d&ranked_content=true returned response: <Response [200]>
2021-08-09 21:11:19,216 - instabot version: 0.117.0 (api) - DEBUG - GET to endpoint: feed/user/11903691706/?max_id=2362698753549688596_11903691706&min_timestamp=None&rank_token=49050629623_dc0014e8-01a3-44f3-8dca-bbedc9f0553d&ranked_content=true returned response: <Response [200]>
2021-08-09 21:11:19,940 - instabot version: 0.117.0 (api) - DEBUG - GET to endpoint: feed/user/11903691706/?max_id=2357736610093979793_11903691706&min_timestamp=None&rank_token=49050629623_dc0014e8-01a3-44f3-8dca-bbedc9f0553d&ranked_content=true returned response: <Response [200]>
2021-08-09 21:11:20,815 - instabot version: 0.117.0 (api) - DEBUG - GET to endpoint: feed/user/11903691706/?max_id=2354736317588609636_11903691706&min_timestamp=None&rank_token=49050629623_dc0014e8-01a3-44f3-8dca-bbedc9f0553d&ranked_content=true returned response: <Response [200]>
2021-08-09 21:11:21,582 - instabot version: 0.117.0 (api) - DEBUG - GET to endpoint: feed/user/11903691706/?max_id=2350429683265607682_11903691706&min_timestamp=None&rank_token=49050629623_dc0014e8-01a3-44f3-8dca-bbedc9f0553d&ranked_content=true returned response: <Response [200]>
2021-08-09 21:11:22,388 - instabot version: 0.117.0 (api) - DEBUG - GET to endpoint: feed/user/11903691706/?max_id=2343264999085277922_11903691706&min_timestamp=None&rank_token=49050629623_dc0014e8-01a3-44f3-8dca-bbedc9f0553d&ranked_content=true returned response: <Response [200]>
2021-08-09 21:11:23,356 - instabot version: 0.117.0 (api) - DEBUG - GET to endpoint: feed/user/11903691706/?max_id=2339674735410409812_11903691706&min_timestamp=None&rank_token=49050629623_dc0014e8-01a3-44f3-8dca-bbedc9f0553d&ranked_content=true returned response: <Response [200]>
2021-08-09 21:11:24,174 - instabot version: 0.117.0 (api) - DEBUG - GET to endpoint: feed/user/11903691706/?max_id=2336787591251410706_11903691706&min_timestamp=None&rank_token=49050629623_dc0014e8-01a3-44f3-8dca-bbedc9f0553d&ranked_content=true returned response: <Response [200]>
2021-08-09 21:11:24,832 - instabot version: 0.117.0 (api) - DEBUG - GET to endpoint: feed/user/11903691706/?max_id=2333734323898261254_11903691706&min_timestamp=None&rank_token=49050629623_dc0014e8-01a3-44f3-8dca-bbedc9f0553d&ranked_content=true returned response: <Response [200]>
2021-08-09 21:11:25,550 - instabot version: 0.117.0 (api) - DEBUG - GET to endpoint: feed/user/11903691706/?max_id=2329311587096361557_11903691706&min_timestamp=None&rank_token=49050629623_dc0014e8-01a3-44f3-8dca-bbedc9f0553d&ranked_content=true returned response: <Response [200]>
2021-08-09 21:11:26,191 - instabot version: 0.117.0 (api) - DEBUG - GET to endpoint: feed/user/11903691706/?max_id=2316457774882856904_11903691706&min_timestamp=None&rank_token=49050629623_dc0014e8-01a3-44f3-8dca-bbedc9f0553d&ranked_content=true returned response: <Response [200]>
2021-08-09 21:11:26,929 - instabot version: 0.117.0 (api) - DEBUG - GET to endpoint: feed/user/11903691706/?max_id=2310591509144428379_11903691706&min_timestamp=None&rank_token=49050629623_dc0014e8-01a3-44f3-8dca-bbedc9f0553d&ranked_content=true returned response: <Response [200]>
2021-08-09 21:11:27,559 - instabot version: 0.117.0 (api) - DEBUG - GET to endpoint: feed/user/11903691706/?max_id=2305493045456859231_11903691706&min_timestamp=None&rank_token=49050629623_dc0014e8-01a3-44f3-8dca-bbedc9f0553d&ranked_content=true returned response: <Response [200]>
2021-08-09 21:11:28,427 - instabot version: 0.117.0 (api) - DEBUG - GET to endpoint: feed/user/11903691706/?max_id=2301201357519287470_11903691706&min_timestamp=None&rank_token=49050629623_dc0014e8-01a3-44f3-8dca-bbedc9f0553d&ranked_content=true returned response: <Response [200]>
2021-08-09 21:11:29,109 - instabot version: 0.117.0 (api) - DEBUG - GET to endpoint: feed/user/11903691706/?max_id=2295951860820292176_11903691706&min_timestamp=None&rank_token=49050629623_dc0014e8-01a3-44f3-8dca-bbedc9f0553d&ranked_content=true returned response: <Response [200]>
2021-08-09 21:11:29,929 - instabot version: 0.117.0 (api) - DEBUG - GET to endpoint: feed/user/11903691706/?max_id=2288257789045743978_11903691706&min_timestamp=None&rank_token=49050629623_dc0014e8-01a3-44f3-8dca-bbedc9f0553d&ranked_content=true returned response: <Response [200]>
2021-08-09 21:11:30,748 - instabot version: 0.117.0 (api) - DEBUG - GET to endpoint: feed/user/11903691706/?max_id=2283079176411219802_11903691706&min_timestamp=None&rank_token=49050629623_dc0014e8-01a3-44f3-8dca-bbedc9f0553d&ranked_content=true returned response: <Response [200]>
2021-08-09 21:11:31,599 - instabot version: 0.117.0 (api) - DEBUG - GET to endpoint: feed/user/11903691706/?max_id=2259915456877232158_11903691706&min_timestamp=None&rank_token=49050629623_dc0014e8-01a3-44f3-8dca-bbedc9f0553d&ranked_content=true returned response: <Response [200]>
2021-08-09 21:11:32,437 - instabot version: 0.117.0 (api) - DEBUG - GET to endpoint: feed/user/11903691706/?max_id=2253577999311181494_11903691706&min_timestamp=None&rank_token=49050629623_dc0014e8-01a3-44f3-8dca-bbedc9f0553d&ranked_content=true returned response: <Response [200]>
2021-08-09 21:11:33,217 - instabot version: 0.117.0 (api) - DEBUG - GET to endpoint: feed/user/11903691706/?max_id=2186720324544323755_11903691706&min_timestamp=None&rank_token=49050629623_dc0014e8-01a3-44f3-8dca-bbedc9f0553d&ranked_content=true returned response: <Response [200]>
2021-08-09 21:11:34,042 - instabot version: 0.117.0 (api) - DEBUG - GET to endpoint: feed/user/11903691706/?max_id=2179432440292205572_11903691706&min_timestamp=None&rank_token=49050629623_dc0014e8-01a3-44f3-8dca-bbedc9f0553d&ranked_content=true returned response: <Response [200]>
2021-08-09 21:11:34,353 - instabot version: 0.117.0 (api) - DEBUG - GET to endpoint: feed/user/11903691706/?max_id=2166398410227707356_11903691706&min_timestamp=None&rank_token=49050629623_dc0014e8-01a3-44f3-8dca-bbedc9f0553d&ranked_content=true returned response: <Response [200]>
2021-08-09 21:11:34,365 - instabot version: 0.117.0 (bot_checkpoint) - DEBUG - Saving Checkpoint file to: D:\Programming\2021\InstaBot/config/derbgang.checkpoint
2021-08-09 21:11:34,366 - instabot version: 0.117.0 (bot) - INFO - Total messages: 3/79
2021-08-09 21:11:34,366 - instabot version: 0.117.0 (bot) - INFO - Total requests: 367
