2021-08-09 21:14:47,134 - instabot version: 0.117.0 (bot) - INFO - Instabot version: 0.117.0 Started
2021-08-09 21:14:47,135 - instabot version: 0.117.0 (bot) - DEBUG - Bot imported from C:\Users\skyem\AppData\Local\Programs\Python\Python39\lib\site-packages\instabot\bot\bot.py
2021-08-09 21:14:48,420 - instabot version: 0.117.0 (api_login) - INFO - Not yet logged in starting: PRE-LOGIN FLOW!
2021-08-09 21:14:48,599 - instabot version: 0.117.0 (api) - DEBUG - POST to endpoint: accounts/get_prefill_candidates/ returned response: <Response [200]>
2021-08-09 21:14:48,972 - instabot version: 0.117.0 (api) - DEBUG - POST to endpoint: qe/sync/ returned response: <Response [200]>
2021-08-09 21:14:49,140 - instabot version: 0.117.0 (api) - DEBUG - POST to endpoint: launcher/sync/ returned response: <Response [200]>
2021-08-09 21:14:49,289 - instabot version: 0.117.0 (api) - DEBUG - POST to endpoint: accounts/contact_point_prefill/ returned response: <Response [200]>
2021-08-09 21:14:50,612 - instabot version: 0.117.0 (api) - DEBUG - POST to endpoint: accounts/login/ returned response: <Response [200]>
2021-08-09 21:14:50,612 - instabot version: 0.117.0 (api) - INFO - Logged-in successfully as 'derbgang'!
2021-08-09 21:14:50,612 - instabot version: 0.117.0 (api_login) - INFO - LOGIN FLOW! Just logged-in: True
2021-08-09 21:14:50,950 - instabot version: 0.117.0 (api) - DEBUG - POST to endpoint: qe/sync/ returned response: <Response [200]>
2021-08-09 21:14:51,153 - instabot version: 0.117.0 (api) - DEBUG - POST to endpoint: launcher/sync/ returned response: <Response [200]>
2021-08-09 21:14:51,308 - instabot version: 0.117.0 (api) - DEBUG - GET to endpoint: zr/token/result/?device_id=android-482d8e988b586de3&token_hash=&custom_device_id=android-482d8e988b586de3&fetch_reason=token_expired returned response: <Response [200]>
2021-08-09 21:14:51,467 - instabot version: 0.117.0 (api) - DEBUG - GET to endpoint: multiple_accounts/get_account_family/ returned response: <Response [200]>
2021-08-09 21:14:51,632 - instabot version: 0.117.0 (api) - DEBUG - POST to endpoint: qe/sync/ returned response: <Response [200]>
2021-08-09 21:14:51,992 - instabot version: 0.117.0 (api) - DEBUG - GET to endpoint: igtv/browse_feed/?prefetch=1 returned response: <Response [200]>
2021-08-09 21:14:52,159 - instabot version: 0.117.0 (api) - DEBUG - POST to endpoint: creatives/ar_class/ returned response: <Response [200]>
2021-08-09 21:14:52,438 - instabot version: 0.117.0 (api) - DEBUG - POST to endpoint: feed/reels_tray/ returned response: <Response [200]>
2021-08-09 21:14:53,432 - instabot version: 0.117.0 (api) - DEBUG - POST to endpoint: feed/timeline/ returned response: <Response [200]>
2021-08-09 21:14:53,580 - instabot version: 0.117.0 (api) - DEBUG - GET to endpoint: media/blocked/ returned response: <Response [200]>
2021-08-09 21:14:53,954 - instabot version: 0.117.0 (api) - DEBUG - GET to endpoint: news/inbox/ returned response: <Response [200]>
2021-08-09 21:14:54,137 - instabot version: 0.117.0 (api) - DEBUG - GET to endpoint: loom/fetch_config/ returned response: <Response [200]>
2021-08-09 21:14:54,317 - instabot version: 0.117.0 (api) - DEBUG - GET to endpoint: scores/bootstrap/users/?surfaces=["autocomplete_user_list","coefficient_besties_list_ranking","coefficient_rank_recipient_user_suggestion","coefficient_ios_section_test_bootstrap_ranking","coefficient_direct_recipients_ranking_variant_2"] returned response: <Response [200]>
2021-08-09 21:14:54,477 - instabot version: 0.117.0 (api) - DEBUG - GET to endpoint: business/eligibility/get_monetization_products_eligibility_data/?product_types=branded_content returned response: <Response [200]>
2021-08-09 21:14:54,617 - instabot version: 0.117.0 (api) - DEBUG - GET to endpoint: business/branded_content/should_require_professional_account/ returned response: <Response [200]>
2021-08-09 21:14:54,762 - instabot version: 0.117.0 (api) - DEBUG - GET to endpoint: linked_accounts/get_linkage_status/ returned response: <Response [200]>
2021-08-09 21:14:54,901 - instabot version: 0.117.0 (api) - DEBUG - GET to endpoint: locations/request_country/ returned response: <Response [200]>
2021-08-09 21:14:55,225 - instabot version: 0.117.0 (api) - DEBUG - GET to endpoint: qp/get_cooldowns/?signed_body=signed_body=4b9c516a5410a3bc128e09c6104a7f042146b9c2023870560c63a43a7f66781c.4&ig_sig_key_version=4&ig_sig_key_version=4 returned response: <Response [200]>
2021-08-09 21:14:55,384 - instabot version: 0.117.0 (api) - DEBUG - GET to endpoint: users/arlink_download_info/?version_override=2.2.1 returned response: <Response [200]>
2021-08-09 21:14:55,651 - instabot version: 0.117.0 (api) - DEBUG - GET to endpoint: users/49050629623/info/ returned response: <Response [200]>
2021-08-09 21:14:55,992 - instabot version: 0.117.0 (api) - DEBUG - GET to endpoint: direct_v2/get_presence/ returned response: <Response [200]>
2021-08-09 21:14:56,333 - instabot version: 0.117.0 (api) - DEBUG - GET to endpoint: direct_v2/inbox/?visual_message_return_type=unseen&thread_message_limit=10&persistentBadging=true&limit=20 returned response: <Response [200]>
2021-08-09 21:14:56,514 - instabot version: 0.117.0 (api) - DEBUG - GET to endpoint: direct_v2/inbox/?visual_message_return_type=unseen&persistentBadging=true&limit=0 returned response: <Response [200]>
2021-08-09 21:14:56,707 - instabot version: 0.117.0 (api) - DEBUG - GET to endpoint: discover/topical_explore/?is_prefetch=true&omit_cover_media=true&use_sectional_payload=true&timezone_offset=0&session_id=a2289218-8c60-4d6f-ba1a-43c53a1b03e6&include_fixed_destinations=true returned response: <Response [200]>
2021-08-09 21:14:56,841 - instabot version: 0.117.0 (api) - DEBUG - POST to endpoint: notifications/badge/ returned response: <Response [200]>
2021-08-09 21:14:57,064 - instabot version: 0.117.0 (api) - DEBUG - POST to endpoint: qp/batch_fetch/ returned response: <Response [200]>
2021-08-09 21:14:57,065 - instabot version: 0.117.0 (bot_checkpoint) - DEBUG - Loading Checkpoint file from: D:\Programming\2021\InstaBot/config/derbgang.checkpoint
2021-08-09 21:15:27,979 - instabot version: 0.117.0 (api) - DEBUG - GET to endpoint: users/savagerealms.jemima/usernameinfo/ returned response: <Response [200]>
2021-08-09 21:15:29,341 - instabot version: 0.117.0 (api) - DEBUG - GET to endpoint: feed/user/11903691706/?max_id=&min_timestamp=None&rank_token=49050629623_1b394fee-69c7-4811-b39d-646bf6b17764&ranked_content=true returned response: <Response [200]>
2021-08-09 21:15:30,013 - instabot version: 0.117.0 (api) - DEBUG - GET to endpoint: feed/user/11903691706/?max_id=2588875177397620242_11903691706&min_timestamp=None&rank_token=49050629623_1b394fee-69c7-4811-b39d-646bf6b17764&ranked_content=true returned response: <Response [200]>
2021-08-09 21:15:30,656 - instabot version: 0.117.0 (api) - DEBUG - GET to endpoint: feed/user/11903691706/?max_id=2546776962661940047_11903691706&min_timestamp=None&rank_token=49050629623_1b394fee-69c7-4811-b39d-646bf6b17764&ranked_content=true returned response: <Response [200]>
2021-08-09 21:15:31,300 - instabot version: 0.117.0 (api) - DEBUG - GET to endpoint: feed/user/11903691706/?max_id=2503402903060177446_11903691706&min_timestamp=None&rank_token=49050629623_1b394fee-69c7-4811-b39d-646bf6b17764&ranked_content=true returned response: <Response [200]>
2021-08-09 21:15:32,348 - instabot version: 0.117.0 (api) - DEBUG - GET to endpoint: feed/user/11903691706/?max_id=2472268084901410134_11903691706&min_timestamp=None&rank_token=49050629623_1b394fee-69c7-4811-b39d-646bf6b17764&ranked_content=true returned response: <Response [200]>
2021-08-09 21:15:32,977 - instabot version: 0.117.0 (api) - DEBUG - GET to endpoint: feed/user/11903691706/?max_id=2449035506388074955_11903691706&min_timestamp=None&rank_token=49050629623_1b394fee-69c7-4811-b39d-646bf6b17764&ranked_content=true returned response: <Response [200]>
2021-08-09 21:15:33,475 - instabot version: 0.117.0 (api) - DEBUG - GET to endpoint: feed/user/11903691706/?max_id=2418540064407973255_11903691706&min_timestamp=None&rank_token=49050629623_1b394fee-69c7-4811-b39d-646bf6b17764&ranked_content=true returned response: <Response [200]>
2021-08-09 21:15:34,078 - instabot version: 0.117.0 (api) - DEBUG - GET to endpoint: feed/user/11903691706/?max_id=2403349250329817992_11903691706&min_timestamp=None&rank_token=49050629623_1b394fee-69c7-4811-b39d-646bf6b17764&ranked_content=true returned response: <Response [200]>
2021-08-09 21:15:35,072 - instabot version: 0.117.0 (api) - DEBUG - GET to endpoint: feed/user/11903691706/?max_id=2393290098794575044_11903691706&min_timestamp=None&rank_token=49050629623_1b394fee-69c7-4811-b39d-646bf6b17764&ranked_content=true returned response: <Response [200]>
2021-08-09 21:15:35,623 - instabot version: 0.117.0 (api) - DEBUG - GET to endpoint: feed/user/11903691706/?max_id=2373692985508776176_11903691706&min_timestamp=None&rank_token=49050629623_1b394fee-69c7-4811-b39d-646bf6b17764&ranked_content=true returned response: <Response [200]>
2021-08-09 21:15:36,205 - instabot version: 0.117.0 (api) - DEBUG - GET to endpoint: feed/user/11903691706/?max_id=2367141866221461039_11903691706&min_timestamp=None&rank_token=49050629623_1b394fee-69c7-4811-b39d-646bf6b17764&ranked_content=true returned response: <Response [200]>
2021-08-09 21:15:36,796 - instabot version: 0.117.0 (api) - DEBUG - GET to endpoint: feed/user/11903691706/?max_id=2362698753549688596_11903691706&min_timestamp=None&rank_token=49050629623_1b394fee-69c7-4811-b39d-646bf6b17764&ranked_content=true returned response: <Response [200]>
2021-08-09 21:15:37,334 - instabot version: 0.117.0 (api) - DEBUG - GET to endpoint: feed/user/11903691706/?max_id=2357736610093979793_11903691706&min_timestamp=None&rank_token=49050629623_1b394fee-69c7-4811-b39d-646bf6b17764&ranked_content=true returned response: <Response [200]>
2021-08-09 21:15:37,839 - instabot version: 0.117.0 (api) - DEBUG - GET to endpoint: feed/user/11903691706/?max_id=2354736317588609636_11903691706&min_timestamp=None&rank_token=49050629623_1b394fee-69c7-4811-b39d-646bf6b17764&ranked_content=true returned response: <Response [200]>
2021-08-09 21:15:38,311 - instabot version: 0.117.0 (api) - DEBUG - GET to endpoint: feed/user/11903691706/?max_id=2350429683265607682_11903691706&min_timestamp=None&rank_token=49050629623_1b394fee-69c7-4811-b39d-646bf6b17764&ranked_content=true returned response: <Response [200]>
2021-08-09 21:15:38,879 - instabot version: 0.117.0 (api) - DEBUG - GET to endpoint: feed/user/11903691706/?max_id=2343264999085277922_11903691706&min_timestamp=None&rank_token=49050629623_1b394fee-69c7-4811-b39d-646bf6b17764&ranked_content=true returned response: <Response [200]>
2021-08-09 21:15:39,467 - instabot version: 0.117.0 (api) - DEBUG - GET to endpoint: feed/user/11903691706/?max_id=2339674735410409812_11903691706&min_timestamp=None&rank_token=49050629623_1b394fee-69c7-4811-b39d-646bf6b17764&ranked_content=true returned response: <Response [200]>
2021-08-09 21:15:40,169 - instabot version: 0.117.0 (api) - DEBUG - GET to endpoint: feed/user/11903691706/?max_id=2336787591251410706_11903691706&min_timestamp=None&rank_token=49050629623_1b394fee-69c7-4811-b39d-646bf6b17764&ranked_content=true returned response: <Response [200]>
2021-08-09 21:15:40,655 - instabot version: 0.117.0 (api) - DEBUG - GET to endpoint: feed/user/11903691706/?max_id=2333734323898261254_11903691706&min_timestamp=None&rank_token=49050629623_1b394fee-69c7-4811-b39d-646bf6b17764&ranked_content=true returned response: <Response [200]>
2021-08-09 21:15:41,175 - instabot version: 0.117.0 (api) - DEBUG - GET to endpoint: feed/user/11903691706/?max_id=2329311587096361557_11903691706&min_timestamp=None&rank_token=49050629623_1b394fee-69c7-4811-b39d-646bf6b17764&ranked_content=true returned response: <Response [200]>
2021-08-09 21:15:41,581 - instabot version: 0.117.0 (api) - DEBUG - GET to endpoint: feed/user/11903691706/?max_id=2316457774882856904_11903691706&min_timestamp=None&rank_token=49050629623_1b394fee-69c7-4811-b39d-646bf6b17764&ranked_content=true returned response: <Response [200]>
2021-08-09 21:15:42,075 - instabot version: 0.117.0 (api) - DEBUG - GET to endpoint: feed/user/11903691706/?max_id=2310591509144428379_11903691706&min_timestamp=None&rank_token=49050629623_1b394fee-69c7-4811-b39d-646bf6b17764&ranked_content=true returned response: <Response [200]>
2021-08-09 21:15:42,494 - instabot version: 0.117.0 (api) - DEBUG - GET to endpoint: feed/user/11903691706/?max_id=2305493045456859231_11903691706&min_timestamp=None&rank_token=49050629623_1b394fee-69c7-4811-b39d-646bf6b17764&ranked_content=true returned response: <Response [200]>
2021-08-09 21:15:43,043 - instabot version: 0.117.0 (api) - DEBUG - GET to endpoint: feed/user/11903691706/?max_id=2301201357519287470_11903691706&min_timestamp=None&rank_token=49050629623_1b394fee-69c7-4811-b39d-646bf6b17764&ranked_content=true returned response: <Response [200]>
2021-08-09 21:15:43,505 - instabot version: 0.117.0 (api) - DEBUG - GET to endpoint: feed/user/11903691706/?max_id=2295951860820292176_11903691706&min_timestamp=None&rank_token=49050629623_1b394fee-69c7-4811-b39d-646bf6b17764&ranked_content=true returned response: <Response [200]>
2021-08-09 21:15:44,098 - instabot version: 0.117.0 (api) - DEBUG - GET to endpoint: feed/user/11903691706/?max_id=2288257789045743978_11903691706&min_timestamp=None&rank_token=49050629623_1b394fee-69c7-4811-b39d-646bf6b17764&ranked_content=true returned response: <Response [200]>
2021-08-09 21:15:45,007 - instabot version: 0.117.0 (api) - DEBUG - GET to endpoint: feed/user/11903691706/?max_id=2283079176411219802_11903691706&min_timestamp=None&rank_token=49050629623_1b394fee-69c7-4811-b39d-646bf6b17764&ranked_content=true returned response: <Response [200]>
2021-08-09 21:15:45,548 - instabot version: 0.117.0 (api) - DEBUG - GET to endpoint: feed/user/11903691706/?max_id=2259915456877232158_11903691706&min_timestamp=None&rank_token=49050629623_1b394fee-69c7-4811-b39d-646bf6b17764&ranked_content=true returned response: <Response [200]>
2021-08-09 21:15:46,006 - instabot version: 0.117.0 (api) - DEBUG - GET to endpoint: feed/user/11903691706/?max_id=2253577999311181494_11903691706&min_timestamp=None&rank_token=49050629623_1b394fee-69c7-4811-b39d-646bf6b17764&ranked_content=true returned response: <Response [200]>
2021-08-09 21:15:46,502 - instabot version: 0.117.0 (api) - DEBUG - GET to endpoint: feed/user/11903691706/?max_id=2186720324544323755_11903691706&min_timestamp=None&rank_token=49050629623_1b394fee-69c7-4811-b39d-646bf6b17764&ranked_content=true returned response: <Response [200]>
2021-08-09 21:15:46,966 - instabot version: 0.117.0 (api) - DEBUG - GET to endpoint: feed/user/11903691706/?max_id=2179432440292205572_11903691706&min_timestamp=None&rank_token=49050629623_1b394fee-69c7-4811-b39d-646bf6b17764&ranked_content=true returned response: <Response [200]>
2021-08-09 21:15:47,176 - instabot version: 0.117.0 (api) - DEBUG - GET to endpoint: feed/user/11903691706/?max_id=2166398410227707356_11903691706&min_timestamp=None&rank_token=49050629623_1b394fee-69c7-4811-b39d-646bf6b17764&ranked_content=true returned response: <Response [200]>
2021-08-09 21:15:47,195 - instabot version: 0.117.0 (bot_checkpoint) - DEBUG - Saving Checkpoint file to: D:\Programming\2021\InstaBot/config/derbgang.checkpoint
2021-08-09 21:15:47,196 - instabot version: 0.117.0 (bot) - INFO - Total messages: 3/92
2021-08-09 21:15:47,196 - instabot version: 0.117.0 (bot) - INFO - Total requests: 400
