2021-08-07 14:28:21,542 - instabot version: 0.117.0 (bot) - INFO - Instabot version: 0.117.0 Started
2021-08-07 14:28:21,542 - instabot version: 0.117.0 (bot) - DEBUG - Bot imported from C:\Users\skyem\AppData\Local\Programs\Python\Python39\lib\site-packages\instabot\bot\bot.py
2021-08-07 14:28:22,826 - instabot version: 0.117.0 (api_login) - INFO - Not yet logged in starting: PRE-LOGIN FLOW!
2021-08-07 14:28:23,006 - instabot version: 0.117.0 (api) - DEBUG - POST to endpoint: accounts/get_prefill_candidates/ returned response: <Response [200]>
2021-08-07 14:28:23,225 - instabot version: 0.117.0 (api) - DEBUG - POST to endpoint: qe/sync/ returned response: <Response [200]>
2021-08-07 14:28:23,536 - instabot version: 0.117.0 (api) - DEBUG - POST to endpoint: launcher/sync/ returned response: <Response [200]>
2021-08-07 14:28:23,716 - instabot version: 0.117.0 (api) - DEBUG - POST to endpoint: accounts/contact_point_prefill/ returned response: <Response [200]>
2021-08-07 14:28:25,585 - instabot version: 0.117.0 (api) - DEBUG - POST to endpoint: accounts/login/ returned response: <Response [200]>
2021-08-07 14:28:25,585 - instabot version: 0.117.0 (api) - INFO - Logged-in successfully as 'vocabexpansion'!
2021-08-07 14:28:25,585 - instabot version: 0.117.0 (api_login) - INFO - LOGIN FLOW! Just logged-in: True
2021-08-07 14:28:25,740 - instabot version: 0.117.0 (api) - DEBUG - POST to endpoint: qe/sync/ returned response: <Response [200]>
2021-08-07 14:28:25,918 - instabot version: 0.117.0 (api) - DEBUG - POST to endpoint: launcher/sync/ returned response: <Response [200]>
2021-08-07 14:28:26,066 - instabot version: 0.117.0 (api) - DEBUG - GET to endpoint: zr/token/result/?device_id=android-e377a40ffa4f9abc&token_hash=&custom_device_id=android-e377a40ffa4f9abc&fetch_reason=token_expired returned response: <Response [200]>
2021-08-07 14:28:26,208 - instabot version: 0.117.0 (api) - DEBUG - GET to endpoint: multiple_accounts/get_account_family/ returned response: <Response [200]>
2021-08-07 14:28:26,379 - instabot version: 0.117.0 (api) - DEBUG - POST to endpoint: qe/sync/ returned response: <Response [200]>
2021-08-07 14:28:26,858 - instabot version: 0.117.0 (api) - DEBUG - GET to endpoint: igtv/browse_feed/?prefetch=1 returned response: <Response [200]>
2021-08-07 14:28:27,002 - instabot version: 0.117.0 (api) - DEBUG - POST to endpoint: creatives/ar_class/ returned response: <Response [200]>
2021-08-07 14:28:27,441 - instabot version: 0.117.0 (api) - DEBUG - POST to endpoint: feed/reels_tray/ returned response: <Response [200]>
2021-08-07 14:28:28,559 - instabot version: 0.117.0 (api) - DEBUG - POST to endpoint: feed/timeline/ returned response: <Response [200]>
2021-08-07 14:28:28,711 - instabot version: 0.117.0 (api) - DEBUG - GET to endpoint: media/blocked/ returned response: <Response [200]>
2021-08-07 14:28:28,984 - instabot version: 0.117.0 (api) - DEBUG - GET to endpoint: news/inbox/ returned response: <Response [200]>
2021-08-07 14:28:29,135 - instabot version: 0.117.0 (api) - DEBUG - GET to endpoint: loom/fetch_config/ returned response: <Response [200]>
2021-08-07 14:28:29,412 - instabot version: 0.117.0 (api) - DEBUG - GET to endpoint: scores/bootstrap/users/?surfaces=["autocomplete_user_list","coefficient_besties_list_ranking","coefficient_rank_recipient_user_suggestion","coefficient_ios_section_test_bootstrap_ranking","coefficient_direct_recipients_ranking_variant_2"] returned response: <Response [200]>
2021-08-07 14:28:29,563 - instabot version: 0.117.0 (api) - DEBUG - GET to endpoint: business/eligibility/get_monetization_products_eligibility_data/?product_types=branded_content returned response: <Response [200]>
2021-08-07 14:28:29,699 - instabot version: 0.117.0 (api) - DEBUG - GET to endpoint: business/branded_content/should_require_professional_account/ returned response: <Response [200]>
2021-08-07 14:28:29,839 - instabot version: 0.117.0 (api) - DEBUG - GET to endpoint: linked_accounts/get_linkage_status/ returned response: <Response [200]>
2021-08-07 14:28:30,018 - instabot version: 0.117.0 (api) - DEBUG - GET to endpoint: locations/request_country/ returned response: <Response [200]>
2021-08-07 14:28:30,153 - instabot version: 0.117.0 (api) - DEBUG - GET to endpoint: qp/get_cooldowns/?signed_body=signed_body=4b9c516a5410a3bc128e09c6104a7f042146b9c2023870560c63a43a7f66781c.4&ig_sig_key_version=4&ig_sig_key_version=4 returned response: <Response [200]>
2021-08-07 14:28:30,305 - instabot version: 0.117.0 (api) - DEBUG - GET to endpoint: users/arlink_download_info/?version_override=2.2.1 returned response: <Response [200]>
2021-08-07 14:28:30,611 - instabot version: 0.117.0 (api) - DEBUG - GET to endpoint: users/49051026324/info/ returned response: <Response [200]>
2021-08-07 14:28:30,814 - instabot version: 0.117.0 (api) - DEBUG - GET to endpoint: direct_v2/get_presence/ returned response: <Response [200]>
2021-08-07 14:28:31,066 - instabot version: 0.117.0 (api) - DEBUG - GET to endpoint: direct_v2/inbox/?visual_message_return_type=unseen&thread_message_limit=10&persistentBadging=true&limit=20 returned response: <Response [200]>
2021-08-07 14:28:31,255 - instabot version: 0.117.0 (api) - DEBUG - GET to endpoint: direct_v2/inbox/?visual_message_return_type=unseen&persistentBadging=true&limit=0 returned response: <Response [200]>
2021-08-07 14:28:31,476 - instabot version: 0.117.0 (api) - DEBUG - GET to endpoint: discover/topical_explore/?is_prefetch=true&omit_cover_media=true&use_sectional_payload=true&timezone_offset=0&session_id=1a63a1af-44e0-43e3-9ad0-0cf98954723c&include_fixed_destinations=true returned response: <Response [200]>
2021-08-07 14:28:31,630 - instabot version: 0.117.0 (api) - DEBUG - POST to endpoint: notifications/badge/ returned response: <Response [200]>
2021-08-07 14:28:31,854 - instabot version: 0.117.0 (api) - DEBUG - POST to endpoint: qp/batch_fetch/ returned response: <Response [200]>
2021-08-07 14:28:31,855 - instabot version: 0.117.0 (bot_checkpoint) - DEBUG - Loading Checkpoint file from: D:\Programming\2021\InstaBot/config/vocabexpansion.checkpoint
2021-08-07 14:28:32,210 - instabot version: 0.117.0 (api) - DEBUG - GET to endpoint: users/cursed.image5/usernameinfo/ returned response: <Response [200]>
2021-08-07 14:28:32,961 - instabot version: 0.117.0 (api) - DEBUG - GET to endpoint: feed/user/13869174215/?max_id=&min_timestamp=None&rank_token=49051026324_e7be6d44-e3de-4318-a73b-7d2936ed2560&ranked_content=true returned response: <Response [200]>
2021-08-07 14:28:33,223 - instabot version: 0.117.0 (api) - DEBUG - GET to endpoint: feed/user/13869174215/?max_id=2626282164009019831_13869174215&min_timestamp=None&rank_token=49051026324_e7be6d44-e3de-4318-a73b-7d2936ed2560&ranked_content=true returned response: <Response [200]>
2021-08-07 14:28:33,493 - instabot version: 0.117.0 (api) - DEBUG - GET to endpoint: feed/user/13869174215/?max_id=2619320932840007255_13869174215&min_timestamp=None&rank_token=49051026324_e7be6d44-e3de-4318-a73b-7d2936ed2560&ranked_content=true returned response: <Response [200]>
2021-08-07 14:28:33,848 - instabot version: 0.117.0 (api) - DEBUG - GET to endpoint: feed/user/13869174215/?max_id=2615694568026099705_13869174215&min_timestamp=None&rank_token=49051026324_e7be6d44-e3de-4318-a73b-7d2936ed2560&ranked_content=true returned response: <Response [200]>
2021-08-07 14:28:34,107 - instabot version: 0.117.0 (api) - DEBUG - GET to endpoint: feed/user/13869174215/?max_id=2611690618580401403_13869174215&min_timestamp=None&rank_token=49051026324_e7be6d44-e3de-4318-a73b-7d2936ed2560&ranked_content=true returned response: <Response [200]>
2021-08-07 14:28:34,372 - instabot version: 0.117.0 (api) - DEBUG - GET to endpoint: feed/user/13869174215/?max_id=2608061752276310042_13869174215&min_timestamp=None&rank_token=49051026324_e7be6d44-e3de-4318-a73b-7d2936ed2560&ranked_content=true returned response: <Response [200]>
2021-08-07 14:28:34,662 - instabot version: 0.117.0 (api) - DEBUG - GET to endpoint: feed/user/13869174215/?max_id=2604100664946823042_13869174215&min_timestamp=None&rank_token=49051026324_e7be6d44-e3de-4318-a73b-7d2936ed2560&ranked_content=true returned response: <Response [200]>
2021-08-07 14:28:34,918 - instabot version: 0.117.0 (api) - DEBUG - GET to endpoint: feed/user/13869174215/?max_id=2600494391490826446_13869174215&min_timestamp=None&rank_token=49051026324_e7be6d44-e3de-4318-a73b-7d2936ed2560&ranked_content=true returned response: <Response [200]>
2021-08-07 14:28:35,177 - instabot version: 0.117.0 (api) - DEBUG - GET to endpoint: feed/user/13869174215/?max_id=2596457770244179366_13869174215&min_timestamp=None&rank_token=49051026324_e7be6d44-e3de-4318-a73b-7d2936ed2560&ranked_content=true returned response: <Response [200]>
2021-08-07 14:28:35,451 - instabot version: 0.117.0 (api) - DEBUG - GET to endpoint: feed/user/13869174215/?max_id=2592519353094475095_13869174215&min_timestamp=None&rank_token=49051026324_e7be6d44-e3de-4318-a73b-7d2936ed2560&ranked_content=true returned response: <Response [200]>
2021-08-07 14:28:35,783 - instabot version: 0.117.0 (api) - DEBUG - GET to endpoint: feed/user/13869174215/?max_id=2588502866338363342_13869174215&min_timestamp=None&rank_token=49051026324_e7be6d44-e3de-4318-a73b-7d2936ed2560&ranked_content=true returned response: <Response [200]>
2021-08-07 14:28:36,033 - instabot version: 0.117.0 (api) - DEBUG - GET to endpoint: feed/user/13869174215/?max_id=2584501472361702861_13869174215&min_timestamp=None&rank_token=49051026324_e7be6d44-e3de-4318-a73b-7d2936ed2560&ranked_content=true returned response: <Response [200]>
2021-08-07 14:28:36,310 - instabot version: 0.117.0 (api) - DEBUG - GET to endpoint: feed/user/13869174215/?max_id=2580915326536266213_13869174215&min_timestamp=None&rank_token=49051026324_e7be6d44-e3de-4318-a73b-7d2936ed2560&ranked_content=true returned response: <Response [200]>
2021-08-07 14:28:36,586 - instabot version: 0.117.0 (api) - DEBUG - GET to endpoint: feed/user/13869174215/?max_id=2576901365169592772_13869174215&min_timestamp=None&rank_token=49051026324_e7be6d44-e3de-4318-a73b-7d2936ed2560&ranked_content=true returned response: <Response [200]>
2021-08-07 14:28:36,849 - instabot version: 0.117.0 (api) - DEBUG - GET to endpoint: feed/user/13869174215/?max_id=2572950368222481861_13869174215&min_timestamp=None&rank_token=49051026324_e7be6d44-e3de-4318-a73b-7d2936ed2560&ranked_content=true returned response: <Response [200]>
2021-08-07 14:28:37,112 - instabot version: 0.117.0 (api) - DEBUG - GET to endpoint: feed/user/13869174215/?max_id=2568933940185551628_13869174215&min_timestamp=None&rank_token=49051026324_e7be6d44-e3de-4318-a73b-7d2936ed2560&ranked_content=true returned response: <Response [200]>
2021-08-07 14:28:37,441 - instabot version: 0.117.0 (api) - DEBUG - GET to endpoint: feed/user/13869174215/?max_id=2564952627503476652_13869174215&min_timestamp=None&rank_token=49051026324_e7be6d44-e3de-4318-a73b-7d2936ed2560&ranked_content=true returned response: <Response [200]>
2021-08-07 14:28:37,739 - instabot version: 0.117.0 (api) - DEBUG - GET to endpoint: feed/user/13869174215/?max_id=2560943766360606050_13869174215&min_timestamp=None&rank_token=49051026324_e7be6d44-e3de-4318-a73b-7d2936ed2560&ranked_content=true returned response: <Response [200]>
2021-08-07 14:28:38,025 - instabot version: 0.117.0 (api) - DEBUG - GET to endpoint: feed/user/13869174215/?max_id=2557005355631346400_13869174215&min_timestamp=None&rank_token=49051026324_e7be6d44-e3de-4318-a73b-7d2936ed2560&ranked_content=true returned response: <Response [200]>
2021-08-07 14:28:38,323 - instabot version: 0.117.0 (api) - DEBUG - GET to endpoint: feed/user/13869174215/?max_id=2552988981780448384_13869174215&min_timestamp=None&rank_token=49051026324_e7be6d44-e3de-4318-a73b-7d2936ed2560&ranked_content=true returned response: <Response [200]>
2021-08-07 14:28:38,669 - instabot version: 0.117.0 (api) - DEBUG - GET to endpoint: feed/user/13869174215/?max_id=2548987552614947851_13869174215&min_timestamp=None&rank_token=49051026324_e7be6d44-e3de-4318-a73b-7d2936ed2560&ranked_content=true returned response: <Response [200]>
2021-08-07 14:28:39,001 - instabot version: 0.117.0 (api) - DEBUG - GET to endpoint: feed/user/13869174215/?max_id=2546037047749495563_13869174215&min_timestamp=None&rank_token=49051026324_e7be6d44-e3de-4318-a73b-7d2936ed2560&ranked_content=true returned response: <Response [200]>
2021-08-07 14:28:39,262 - instabot version: 0.117.0 (api) - DEBUG - GET to endpoint: feed/user/13869174215/?max_id=2542114681509893820_13869174215&min_timestamp=None&rank_token=49051026324_e7be6d44-e3de-4318-a73b-7d2936ed2560&ranked_content=true returned response: <Response [200]>
2021-08-07 14:28:39,611 - instabot version: 0.117.0 (api) - DEBUG - GET to endpoint: feed/user/13869174215/?max_id=2538173715005284388_13869174215&min_timestamp=None&rank_token=49051026324_e7be6d44-e3de-4318-a73b-7d2936ed2560&ranked_content=true returned response: <Response [200]>
2021-08-07 14:28:39,870 - instabot version: 0.117.0 (api) - DEBUG - GET to endpoint: feed/user/13869174215/?max_id=2534544815264434387_13869174215&min_timestamp=None&rank_token=49051026324_e7be6d44-e3de-4318-a73b-7d2936ed2560&ranked_content=true returned response: <Response [200]>
2021-08-07 14:28:40,134 - instabot version: 0.117.0 (api) - DEBUG - GET to endpoint: feed/user/13869174215/?max_id=2530535920269053773_13869174215&min_timestamp=None&rank_token=49051026324_e7be6d44-e3de-4318-a73b-7d2936ed2560&ranked_content=true returned response: <Response [200]>
2021-08-07 14:28:40,397 - instabot version: 0.117.0 (api) - DEBUG - GET to endpoint: feed/user/13869174215/?max_id=2526896981011441823_13869174215&min_timestamp=None&rank_token=49051026324_e7be6d44-e3de-4318-a73b-7d2936ed2560&ranked_content=true returned response: <Response [200]>
2021-08-07 14:28:40,723 - instabot version: 0.117.0 (api) - DEBUG - GET to endpoint: feed/user/13869174215/?max_id=2522963885033792954_13869174215&min_timestamp=None&rank_token=49051026324_e7be6d44-e3de-4318-a73b-7d2936ed2560&ranked_content=true returned response: <Response [200]>
2021-08-07 14:28:41,057 - instabot version: 0.117.0 (api) - DEBUG - GET to endpoint: feed/user/13869174215/?max_id=2519327024235841370_13869174215&min_timestamp=None&rank_token=49051026324_e7be6d44-e3de-4318-a73b-7d2936ed2560&ranked_content=true returned response: <Response [200]>
2021-08-07 14:28:41,370 - instabot version: 0.117.0 (api) - DEBUG - GET to endpoint: feed/user/13869174215/?max_id=2515673474754025240_13869174215&min_timestamp=None&rank_token=49051026324_e7be6d44-e3de-4318-a73b-7d2936ed2560&ranked_content=true returned response: <Response [200]>
2021-08-07 14:28:41,643 - instabot version: 0.117.0 (api) - DEBUG - GET to endpoint: feed/user/13869174215/?max_id=2512431679012886615_13869174215&min_timestamp=None&rank_token=49051026324_e7be6d44-e3de-4318-a73b-7d2936ed2560&ranked_content=true returned response: <Response [200]>
2021-08-07 14:28:41,912 - instabot version: 0.117.0 (api) - DEBUG - GET to endpoint: feed/user/13869174215/?max_id=2508795165326617826_13869174215&min_timestamp=None&rank_token=49051026324_e7be6d44-e3de-4318-a73b-7d2936ed2560&ranked_content=true returned response: <Response [200]>
2021-08-07 14:28:42,252 - instabot version: 0.117.0 (api) - DEBUG - GET to endpoint: feed/user/13869174215/?max_id=2504834176534377920_13869174215&min_timestamp=None&rank_token=49051026324_e7be6d44-e3de-4318-a73b-7d2936ed2560&ranked_content=true returned response: <Response [200]>
2021-08-07 14:28:42,542 - instabot version: 0.117.0 (api) - DEBUG - GET to endpoint: feed/user/13869174215/?max_id=2501952592915862130_13869174215&min_timestamp=None&rank_token=49051026324_e7be6d44-e3de-4318-a73b-7d2936ed2560&ranked_content=true returned response: <Response [200]>
2021-08-07 14:28:42,805 - instabot version: 0.117.0 (api) - DEBUG - GET to endpoint: feed/user/13869174215/?max_id=2499750602877478920_13869174215&min_timestamp=None&rank_token=49051026324_e7be6d44-e3de-4318-a73b-7d2936ed2560&ranked_content=true returned response: <Response [200]>
2021-08-07 14:28:43,078 - instabot version: 0.117.0 (api) - DEBUG - GET to endpoint: feed/user/13869174215/?max_id=2496879138318438467_13869174215&min_timestamp=None&rank_token=49051026324_e7be6d44-e3de-4318-a73b-7d2936ed2560&ranked_content=true returned response: <Response [200]>
2021-08-07 14:28:44,808 - instabot version: 0.117.0 (api) - DEBUG - GET to endpoint: feed/user/13869174215/?max_id=2494297080575691358_13869174215&min_timestamp=None&rank_token=49051026324_e7be6d44-e3de-4318-a73b-7d2936ed2560&ranked_content=true returned response: <Response [200]>
2021-08-07 14:28:45,128 - instabot version: 0.117.0 (api) - DEBUG - GET to endpoint: feed/user/13869174215/?max_id=2491508090337659323_13869174215&min_timestamp=None&rank_token=49051026324_e7be6d44-e3de-4318-a73b-7d2936ed2560&ranked_content=true returned response: <Response [200]>
2021-08-07 14:28:45,398 - instabot version: 0.117.0 (api) - DEBUG - GET to endpoint: feed/user/13869174215/?max_id=2488767333201690606_13869174215&min_timestamp=None&rank_token=49051026324_e7be6d44-e3de-4318-a73b-7d2936ed2560&ranked_content=true returned response: <Response [200]>
2021-08-07 14:28:45,662 - instabot version: 0.117.0 (api) - DEBUG - GET to endpoint: feed/user/13869174215/?max_id=2484542948476176785_13869174215&min_timestamp=None&rank_token=49051026324_e7be6d44-e3de-4318-a73b-7d2936ed2560&ranked_content=true returned response: <Response [200]>
2021-08-07 14:28:45,912 - instabot version: 0.117.0 (api) - DEBUG - GET to endpoint: feed/user/13869174215/?max_id=2480543943331322882_13869174215&min_timestamp=None&rank_token=49051026324_e7be6d44-e3de-4318-a73b-7d2936ed2560&ranked_content=true returned response: <Response [200]>
2021-08-07 14:28:46,177 - instabot version: 0.117.0 (api) - DEBUG - GET to endpoint: feed/user/13869174215/?max_id=2476655710194612550_13869174215&min_timestamp=None&rank_token=49051026324_e7be6d44-e3de-4318-a73b-7d2936ed2560&ranked_content=true returned response: <Response [200]>
2021-08-07 14:28:46,444 - instabot version: 0.117.0 (api) - DEBUG - GET to endpoint: feed/user/13869174215/?max_id=2472546280048504730_13869174215&min_timestamp=None&rank_token=49051026324_e7be6d44-e3de-4318-a73b-7d2936ed2560&ranked_content=true returned response: <Response [200]>
2021-08-07 14:28:46,707 - instabot version: 0.117.0 (api) - DEBUG - GET to endpoint: feed/user/13869174215/?max_id=2468922436582781045_13869174215&min_timestamp=None&rank_token=49051026324_e7be6d44-e3de-4318-a73b-7d2936ed2560&ranked_content=true returned response: <Response [200]>
2021-08-07 14:28:46,962 - instabot version: 0.117.0 (api) - DEBUG - GET to endpoint: feed/user/13869174215/?max_id=2465009175103484602_13869174215&min_timestamp=None&rank_token=49051026324_e7be6d44-e3de-4318-a73b-7d2936ed2560&ranked_content=true returned response: <Response [200]>
2021-08-07 14:28:47,209 - instabot version: 0.117.0 (api) - DEBUG - GET to endpoint: feed/user/13869174215/?max_id=2460640347263179662_13869174215&min_timestamp=None&rank_token=49051026324_e7be6d44-e3de-4318-a73b-7d2936ed2560&ranked_content=true returned response: <Response [200]>
2021-08-07 14:28:47,513 - instabot version: 0.117.0 (api) - DEBUG - GET to endpoint: feed/user/13869174215/?max_id=2456628952261863877_13869174215&min_timestamp=None&rank_token=49051026324_e7be6d44-e3de-4318-a73b-7d2936ed2560&ranked_content=true returned response: <Response [200]>
2021-08-07 14:28:47,773 - instabot version: 0.117.0 (api) - DEBUG - GET to endpoint: feed/user/13869174215/?max_id=2452690555870516861_13869174215&min_timestamp=None&rank_token=49051026324_e7be6d44-e3de-4318-a73b-7d2936ed2560&ranked_content=true returned response: <Response [200]>
2021-08-07 14:28:48,059 - instabot version: 0.117.0 (api) - DEBUG - GET to endpoint: feed/user/13869174215/?max_id=2448694170446051359_13869174215&min_timestamp=None&rank_token=49051026324_e7be6d44-e3de-4318-a73b-7d2936ed2560&ranked_content=true returned response: <Response [200]>
2021-08-07 14:28:48,418 - instabot version: 0.117.0 (api) - DEBUG - GET to endpoint: feed/user/13869174215/?max_id=2444687802296583042_13869174215&min_timestamp=None&rank_token=49051026324_e7be6d44-e3de-4318-a73b-7d2936ed2560&ranked_content=true returned response: <Response [200]>
2021-08-07 14:28:48,731 - instabot version: 0.117.0 (api) - DEBUG - GET to endpoint: feed/user/13869174215/?max_id=2440706512804455084_13869174215&min_timestamp=None&rank_token=49051026324_e7be6d44-e3de-4318-a73b-7d2936ed2560&ranked_content=true returned response: <Response [200]>
2021-08-07 14:28:49,166 - instabot version: 0.117.0 (api) - DEBUG - GET to endpoint: feed/user/13869174215/?max_id=2436735350699994709_13869174215&min_timestamp=None&rank_token=49051026324_e7be6d44-e3de-4318-a73b-7d2936ed2560&ranked_content=true returned response: <Response [200]>
2021-08-07 14:28:49,414 - instabot version: 0.117.0 (api) - DEBUG - GET to endpoint: feed/user/13869174215/?max_id=2433129098571477149_13869174215&min_timestamp=None&rank_token=49051026324_e7be6d44-e3de-4318-a73b-7d2936ed2560&ranked_content=true returned response: <Response [200]>
2021-08-07 14:28:49,696 - instabot version: 0.117.0 (api) - DEBUG - GET to endpoint: feed/user/13869174215/?max_id=2429505298969621108_13869174215&min_timestamp=None&rank_token=49051026324_e7be6d44-e3de-4318-a73b-7d2936ed2560&ranked_content=true returned response: <Response [200]>
2021-08-07 14:28:49,987 - instabot version: 0.117.0 (api) - DEBUG - GET to endpoint: feed/user/13869174215/?max_id=2425435871171857365_13869174215&min_timestamp=None&rank_token=49051026324_e7be6d44-e3de-4318-a73b-7d2936ed2560&ranked_content=true returned response: <Response [200]>
2021-08-07 14:28:50,246 - instabot version: 0.117.0 (api) - DEBUG - GET to endpoint: feed/user/13869174215/?max_id=2422921876622106329_13869174215&min_timestamp=None&rank_token=49051026324_e7be6d44-e3de-4318-a73b-7d2936ed2560&ranked_content=true returned response: <Response [200]>
2021-08-07 14:28:50,536 - instabot version: 0.117.0 (api) - DEBUG - GET to endpoint: feed/user/13869174215/?max_id=2419599990277207744_13869174215&min_timestamp=None&rank_token=49051026324_e7be6d44-e3de-4318-a73b-7d2936ed2560&ranked_content=true returned response: <Response [200]>
2021-08-07 14:28:50,859 - instabot version: 0.117.0 (api) - DEBUG - GET to endpoint: feed/user/13869174215/?max_id=2416421492374883814_13869174215&min_timestamp=None&rank_token=49051026324_e7be6d44-e3de-4318-a73b-7d2936ed2560&ranked_content=true returned response: <Response [200]>
2021-08-07 14:28:51,124 - instabot version: 0.117.0 (api) - DEBUG - GET to endpoint: feed/user/13869174215/?max_id=2412322091271941178_13869174215&min_timestamp=None&rank_token=49051026324_e7be6d44-e3de-4318-a73b-7d2936ed2560&ranked_content=true returned response: <Response [200]>
2021-08-07 14:28:51,426 - instabot version: 0.117.0 (api) - DEBUG - GET to endpoint: feed/user/13869174215/?max_id=2408655292738668661_13869174215&min_timestamp=None&rank_token=49051026324_e7be6d44-e3de-4318-a73b-7d2936ed2560&ranked_content=true returned response: <Response [200]>
2021-08-07 14:28:51,685 - instabot version: 0.117.0 (api) - DEBUG - GET to endpoint: feed/user/13869174215/?max_id=2404777850169606759_13869174215&min_timestamp=None&rank_token=49051026324_e7be6d44-e3de-4318-a73b-7d2936ed2560&ranked_content=true returned response: <Response [200]>
2021-08-07 14:28:51,950 - instabot version: 0.117.0 (api) - DEBUG - GET to endpoint: feed/user/13869174215/?max_id=2400478915984765526_13869174215&min_timestamp=None&rank_token=49051026324_e7be6d44-e3de-4318-a73b-7d2936ed2560&ranked_content=true returned response: <Response [200]>
2021-08-07 14:28:52,223 - instabot version: 0.117.0 (api) - DEBUG - GET to endpoint: feed/user/13869174215/?max_id=2396832979551009673_13869174215&min_timestamp=None&rank_token=49051026324_e7be6d44-e3de-4318-a73b-7d2936ed2560&ranked_content=true returned response: <Response [200]>
2021-08-07 14:28:52,531 - instabot version: 0.117.0 (api) - DEBUG - GET to endpoint: feed/user/13869174215/?max_id=2392484266083000422_13869174215&min_timestamp=None&rank_token=49051026324_e7be6d44-e3de-4318-a73b-7d2936ed2560&ranked_content=true returned response: <Response [200]>
2021-08-07 14:28:52,781 - instabot version: 0.117.0 (api) - DEBUG - GET to endpoint: feed/user/13869174215/?max_id=2387753860330942816_13869174215&min_timestamp=None&rank_token=49051026324_e7be6d44-e3de-4318-a73b-7d2936ed2560&ranked_content=true returned response: <Response [200]>
2021-08-07 14:28:53,058 - instabot version: 0.117.0 (api) - DEBUG - GET to endpoint: feed/user/13869174215/?max_id=2383407364441483015_13869174215&min_timestamp=None&rank_token=49051026324_e7be6d44-e3de-4318-a73b-7d2936ed2560&ranked_content=true returned response: <Response [200]>
2021-08-07 14:28:53,321 - instabot version: 0.117.0 (api) - DEBUG - GET to endpoint: feed/user/13869174215/?max_id=2378963483146709426_13869174215&min_timestamp=None&rank_token=49051026324_e7be6d44-e3de-4318-a73b-7d2936ed2560&ranked_content=true returned response: <Response [200]>
2021-08-07 14:28:53,626 - instabot version: 0.117.0 (api) - DEBUG - GET to endpoint: feed/user/13869174215/?max_id=2374728225182403018_13869174215&min_timestamp=None&rank_token=49051026324_e7be6d44-e3de-4318-a73b-7d2936ed2560&ranked_content=true returned response: <Response [200]>
2021-08-07 14:28:53,927 - instabot version: 0.117.0 (api) - DEBUG - GET to endpoint: feed/user/13869174215/?max_id=2370750560775657182_13869174215&min_timestamp=None&rank_token=49051026324_e7be6d44-e3de-4318-a73b-7d2936ed2560&ranked_content=true returned response: <Response [200]>
2021-08-07 14:28:54,184 - instabot version: 0.117.0 (api) - DEBUG - GET to endpoint: feed/user/13869174215/?max_id=2366430408168820005_13869174215&min_timestamp=None&rank_token=49051026324_e7be6d44-e3de-4318-a73b-7d2936ed2560&ranked_content=true returned response: <Response [200]>
2021-08-07 14:28:54,466 - instabot version: 0.117.0 (api) - DEBUG - GET to endpoint: feed/user/13869174215/?max_id=2362769526674973791_13869174215&min_timestamp=None&rank_token=49051026324_e7be6d44-e3de-4318-a73b-7d2936ed2560&ranked_content=true returned response: <Response [200]>
2021-08-07 14:28:54,732 - instabot version: 0.117.0 (api) - DEBUG - GET to endpoint: feed/user/13869174215/?max_id=2358435657251528577_13869174215&min_timestamp=None&rank_token=49051026324_e7be6d44-e3de-4318-a73b-7d2936ed2560&ranked_content=true returned response: <Response [200]>
2021-08-07 14:28:54,998 - instabot version: 0.117.0 (api) - DEBUG - GET to endpoint: feed/user/13869174215/?max_id=2354810661467751114_13869174215&min_timestamp=None&rank_token=49051026324_e7be6d44-e3de-4318-a73b-7d2936ed2560&ranked_content=true returned response: <Response [200]>
2021-08-07 14:28:55,262 - instabot version: 0.117.0 (api) - DEBUG - GET to endpoint: feed/user/13869174215/?max_id=2350465988741618775_13869174215&min_timestamp=None&rank_token=49051026324_e7be6d44-e3de-4318-a73b-7d2936ed2560&ranked_content=true returned response: <Response [200]>
2021-08-07 14:28:55,530 - instabot version: 0.117.0 (api) - DEBUG - GET to endpoint: feed/user/13869174215/?max_id=2346165185566573541_13869174215&min_timestamp=None&rank_token=49051026324_e7be6d44-e3de-4318-a73b-7d2936ed2560&ranked_content=true returned response: <Response [200]>
2021-08-07 14:28:55,780 - instabot version: 0.117.0 (api) - DEBUG - GET to endpoint: feed/user/13869174215/?max_id=2342503661086155982_13869174215&min_timestamp=None&rank_token=49051026324_e7be6d44-e3de-4318-a73b-7d2936ed2560&ranked_content=true returned response: <Response [200]>
2021-08-07 14:28:56,060 - instabot version: 0.117.0 (api) - DEBUG - GET to endpoint: feed/user/13869174215/?max_id=2338127267509913555_13869174215&min_timestamp=None&rank_token=49051026324_e7be6d44-e3de-4318-a73b-7d2936ed2560&ranked_content=true returned response: <Response [200]>
2021-08-07 14:28:56,311 - instabot version: 0.117.0 (api) - DEBUG - GET to endpoint: feed/user/13869174215/?max_id=2334122670831398861_13869174215&min_timestamp=None&rank_token=49051026324_e7be6d44-e3de-4318-a73b-7d2936ed2560&ranked_content=true returned response: <Response [200]>
2021-08-07 14:28:56,681 - instabot version: 0.117.0 (api) - DEBUG - GET to endpoint: feed/user/13869174215/?max_id=2330552484224210594_13869174215&min_timestamp=None&rank_token=49051026324_e7be6d44-e3de-4318-a73b-7d2936ed2560&ranked_content=true returned response: <Response [200]>
2021-08-07 14:28:56,964 - instabot version: 0.117.0 (api) - DEBUG - GET to endpoint: feed/user/13869174215/?max_id=2326553766432947481_13869174215&min_timestamp=None&rank_token=49051026324_e7be6d44-e3de-4318-a73b-7d2936ed2560&ranked_content=true returned response: <Response [200]>
2021-08-07 14:28:57,247 - instabot version: 0.117.0 (api) - DEBUG - GET to endpoint: feed/user/13869174215/?max_id=2323265210302194844_13869174215&min_timestamp=None&rank_token=49051026324_e7be6d44-e3de-4318-a73b-7d2936ed2560&ranked_content=true returned response: <Response [200]>
2021-08-07 14:28:57,515 - instabot version: 0.117.0 (api) - DEBUG - GET to endpoint: feed/user/13869174215/?max_id=2320359261535106609_13869174215&min_timestamp=None&rank_token=49051026324_e7be6d44-e3de-4318-a73b-7d2936ed2560&ranked_content=true returned response: <Response [200]>
2021-08-07 14:28:57,782 - instabot version: 0.117.0 (api) - DEBUG - GET to endpoint: feed/user/13869174215/?max_id=2317824364622884173_13869174215&min_timestamp=None&rank_token=49051026324_e7be6d44-e3de-4318-a73b-7d2936ed2560&ranked_content=true returned response: <Response [200]>
2021-08-07 14:28:58,047 - instabot version: 0.117.0 (api) - DEBUG - GET to endpoint: feed/user/13869174215/?max_id=2315679112898549809_13869174215&min_timestamp=None&rank_token=49051026324_e7be6d44-e3de-4318-a73b-7d2936ed2560&ranked_content=true returned response: <Response [200]>
2021-08-07 14:28:58,338 - instabot version: 0.117.0 (api) - DEBUG - GET to endpoint: feed/user/13869174215/?max_id=2313486456126213303_13869174215&min_timestamp=None&rank_token=49051026324_e7be6d44-e3de-4318-a73b-7d2936ed2560&ranked_content=true returned response: <Response [200]>
2021-08-07 14:28:58,648 - instabot version: 0.117.0 (api) - DEBUG - GET to endpoint: feed/user/13869174215/?max_id=2311304204860637488_13869174215&min_timestamp=None&rank_token=49051026324_e7be6d44-e3de-4318-a73b-7d2936ed2560&ranked_content=true returned response: <Response [200]>
2021-08-07 14:28:58,898 - instabot version: 0.117.0 (api) - DEBUG - GET to endpoint: feed/user/13869174215/?max_id=2309130985206603098_13869174215&min_timestamp=None&rank_token=49051026324_e7be6d44-e3de-4318-a73b-7d2936ed2560&ranked_content=true returned response: <Response [200]>
2021-08-07 14:28:59,246 - instabot version: 0.117.0 (api) - DEBUG - GET to endpoint: feed/user/13869174215/?max_id=2306946976628269968_13869174215&min_timestamp=None&rank_token=49051026324_e7be6d44-e3de-4318-a73b-7d2936ed2560&ranked_content=true returned response: <Response [200]>
2021-08-07 14:28:59,570 - instabot version: 0.117.0 (api) - DEBUG - GET to endpoint: feed/user/13869174215/?max_id=2304793423469882682_13869174215&min_timestamp=None&rank_token=49051026324_e7be6d44-e3de-4318-a73b-7d2936ed2560&ranked_content=true returned response: <Response [200]>
2021-08-07 14:28:59,838 - instabot version: 0.117.0 (api) - DEBUG - GET to endpoint: feed/user/13869174215/?max_id=2302612064550992807_13869174215&min_timestamp=None&rank_token=49051026324_e7be6d44-e3de-4318-a73b-7d2936ed2560&ranked_content=true returned response: <Response [200]>
2021-08-07 14:29:00,092 - instabot version: 0.117.0 (api) - DEBUG - GET to endpoint: feed/user/13869174215/?max_id=2300416865099773608_13869174215&min_timestamp=None&rank_token=49051026324_e7be6d44-e3de-4318-a73b-7d2936ed2560&ranked_content=true returned response: <Response [200]>
2021-08-07 14:29:00,379 - instabot version: 0.117.0 (api) - DEBUG - GET to endpoint: feed/user/13869174215/?max_id=2298261527172827762_13869174215&min_timestamp=None&rank_token=49051026324_e7be6d44-e3de-4318-a73b-7d2936ed2560&ranked_content=true returned response: <Response [200]>
2021-08-07 14:29:00,635 - instabot version: 0.117.0 (api) - DEBUG - GET to endpoint: feed/user/13869174215/?max_id=2296089610160602205_13869174215&min_timestamp=None&rank_token=49051026324_e7be6d44-e3de-4318-a73b-7d2936ed2560&ranked_content=true returned response: <Response [200]>
2021-08-07 14:29:00,934 - instabot version: 0.117.0 (api) - DEBUG - GET to endpoint: feed/user/13869174215/?max_id=2293904001312535944_13869174215&min_timestamp=None&rank_token=49051026324_e7be6d44-e3de-4318-a73b-7d2936ed2560&ranked_content=true returned response: <Response [200]>
2021-08-07 14:29:01,263 - instabot version: 0.117.0 (api) - DEBUG - GET to endpoint: feed/user/13869174215/?max_id=2291388943315542728_13869174215&min_timestamp=None&rank_token=49051026324_e7be6d44-e3de-4318-a73b-7d2936ed2560&ranked_content=true returned response: <Response [200]>
2021-08-07 14:29:01,581 - instabot version: 0.117.0 (api) - DEBUG - GET to endpoint: feed/user/13869174215/?max_id=2289187605089547898_13869174215&min_timestamp=None&rank_token=49051026324_e7be6d44-e3de-4318-a73b-7d2936ed2560&ranked_content=true returned response: <Response [200]>
2021-08-07 14:29:01,885 - instabot version: 0.117.0 (api) - DEBUG - GET to endpoint: feed/user/13869174215/?max_id=2287381904537098515_13869174215&min_timestamp=None&rank_token=49051026324_e7be6d44-e3de-4318-a73b-7d2936ed2560&ranked_content=true returned response: <Response [200]>
2021-08-07 14:29:02,201 - instabot version: 0.117.0 (api) - DEBUG - GET to endpoint: feed/user/13869174215/?max_id=2284840864277911251_13869174215&min_timestamp=None&rank_token=49051026324_e7be6d44-e3de-4318-a73b-7d2936ed2560&ranked_content=true returned response: <Response [200]>
2021-08-07 14:29:02,464 - instabot version: 0.117.0 (api) - DEBUG - GET to endpoint: feed/user/13869174215/?max_id=2282310006027493789_13869174215&min_timestamp=None&rank_token=49051026324_e7be6d44-e3de-4318-a73b-7d2936ed2560&ranked_content=true returned response: <Response [200]>
2021-08-07 14:29:02,716 - instabot version: 0.117.0 (api) - DEBUG - GET to endpoint: feed/user/13869174215/?max_id=2280129519708174684_13869174215&min_timestamp=None&rank_token=49051026324_e7be6d44-e3de-4318-a73b-7d2936ed2560&ranked_content=true returned response: <Response [200]>
2021-08-07 14:29:02,999 - instabot version: 0.117.0 (api) - DEBUG - GET to endpoint: feed/user/13869174215/?max_id=2277983664356193149_13869174215&min_timestamp=None&rank_token=49051026324_e7be6d44-e3de-4318-a73b-7d2936ed2560&ranked_content=true returned response: <Response [200]>
2021-08-07 14:29:03,268 - instabot version: 0.117.0 (api) - DEBUG - GET to endpoint: feed/user/13869174215/?max_id=2276160651344175491_13869174215&min_timestamp=None&rank_token=49051026324_e7be6d44-e3de-4318-a73b-7d2936ed2560&ranked_content=true returned response: <Response [200]>
2021-08-07 14:29:03,539 - instabot version: 0.117.0 (api) - DEBUG - GET to endpoint: feed/user/13869174215/?max_id=2273985757273559312_13869174215&min_timestamp=None&rank_token=49051026324_e7be6d44-e3de-4318-a73b-7d2936ed2560&ranked_content=true returned response: <Response [200]>
2021-08-07 14:29:03,816 - instabot version: 0.117.0 (api) - DEBUG - GET to endpoint: feed/user/13869174215/?max_id=2271844697336302944_13869174215&min_timestamp=None&rank_token=49051026324_e7be6d44-e3de-4318-a73b-7d2936ed2560&ranked_content=true returned response: <Response [200]>
2021-08-07 14:29:04,095 - instabot version: 0.117.0 (api) - DEBUG - GET to endpoint: feed/user/13869174215/?max_id=2269322361701824604_13869174215&min_timestamp=None&rank_token=49051026324_e7be6d44-e3de-4318-a73b-7d2936ed2560&ranked_content=true returned response: <Response [200]>
2021-08-07 14:29:04,359 - instabot version: 0.117.0 (api) - DEBUG - GET to endpoint: feed/user/13869174215/?max_id=2267122260149330706_13869174215&min_timestamp=None&rank_token=49051026324_e7be6d44-e3de-4318-a73b-7d2936ed2560&ranked_content=true returned response: <Response [200]>
2021-08-07 14:29:04,635 - instabot version: 0.117.0 (api) - DEBUG - GET to endpoint: feed/user/13869174215/?max_id=2264964783077205373_13869174215&min_timestamp=None&rank_token=49051026324_e7be6d44-e3de-4318-a73b-7d2936ed2560&ranked_content=true returned response: <Response [200]>
2021-08-07 14:29:04,884 - instabot version: 0.117.0 (api) - DEBUG - GET to endpoint: feed/user/13869174215/?max_id=2262780714797226909_13869174215&min_timestamp=None&rank_token=49051026324_e7be6d44-e3de-4318-a73b-7d2936ed2560&ranked_content=true returned response: <Response [200]>
2021-08-07 14:29:05,187 - instabot version: 0.117.0 (api) - DEBUG - GET to endpoint: feed/user/13869174215/?max_id=2260581103978388929_13869174215&min_timestamp=None&rank_token=49051026324_e7be6d44-e3de-4318-a73b-7d2936ed2560&ranked_content=true returned response: <Response [200]>
2021-08-07 14:29:05,476 - instabot version: 0.117.0 (api) - DEBUG - GET to endpoint: feed/user/13869174215/?max_id=2258428954670459867_13869174215&min_timestamp=None&rank_token=49051026324_e7be6d44-e3de-4318-a73b-7d2936ed2560&ranked_content=true returned response: <Response [200]>
2021-08-07 14:29:05,735 - instabot version: 0.117.0 (api) - DEBUG - GET to endpoint: feed/user/13869174215/?max_id=2256205873549729303_13869174215&min_timestamp=None&rank_token=49051026324_e7be6d44-e3de-4318-a73b-7d2936ed2560&ranked_content=true returned response: <Response [200]>
2021-08-07 14:29:06,054 - instabot version: 0.117.0 (api) - DEBUG - GET to endpoint: feed/user/13869174215/?max_id=2254447245964764045_13869174215&min_timestamp=None&rank_token=49051026324_e7be6d44-e3de-4318-a73b-7d2936ed2560&ranked_content=true returned response: <Response [200]>
2021-08-07 14:29:06,334 - instabot version: 0.117.0 (api) - DEBUG - GET to endpoint: feed/user/13869174215/?max_id=2251904639124884728_13869174215&min_timestamp=None&rank_token=49051026324_e7be6d44-e3de-4318-a73b-7d2936ed2560&ranked_content=true returned response: <Response [200]>
2021-08-07 14:29:06,577 - instabot version: 0.117.0 (api) - DEBUG - GET to endpoint: feed/user/13869174215/?max_id=2250104535879455748_13869174215&min_timestamp=None&rank_token=49051026324_e7be6d44-e3de-4318-a73b-7d2936ed2560&ranked_content=true returned response: <Response [200]>
2021-08-07 14:29:06,903 - instabot version: 0.117.0 (api) - DEBUG - GET to endpoint: feed/user/13869174215/?max_id=2247525817222732961_13869174215&min_timestamp=None&rank_token=49051026324_e7be6d44-e3de-4318-a73b-7d2936ed2560&ranked_content=true returned response: <Response [200]>
2021-08-07 14:29:07,158 - instabot version: 0.117.0 (api) - DEBUG - GET to endpoint: feed/user/13869174215/?max_id=2244686228846078615_13869174215&min_timestamp=None&rank_token=49051026324_e7be6d44-e3de-4318-a73b-7d2936ed2560&ranked_content=true returned response: <Response [200]>
2021-08-07 14:29:07,420 - instabot version: 0.117.0 (api) - DEBUG - GET to endpoint: feed/user/13869174215/?max_id=2242508070986257926_13869174215&min_timestamp=None&rank_token=49051026324_e7be6d44-e3de-4318-a73b-7d2936ed2560&ranked_content=true returned response: <Response [200]>
2021-08-07 14:29:07,690 - instabot version: 0.117.0 (api) - DEBUG - GET to endpoint: feed/user/13869174215/?max_id=2240362962841198535_13869174215&min_timestamp=None&rank_token=49051026324_e7be6d44-e3de-4318-a73b-7d2936ed2560&ranked_content=true returned response: <Response [200]>
2021-08-07 14:29:07,936 - instabot version: 0.117.0 (api) - DEBUG - GET to endpoint: feed/user/13869174215/?max_id=2237706754409741583_13869174215&min_timestamp=None&rank_token=49051026324_e7be6d44-e3de-4318-a73b-7d2936ed2560&ranked_content=true returned response: <Response [200]>
2021-08-07 14:29:08,254 - instabot version: 0.117.0 (api) - DEBUG - GET to endpoint: feed/user/13869174215/?max_id=2235239665459688368_13869174215&min_timestamp=None&rank_token=49051026324_e7be6d44-e3de-4318-a73b-7d2936ed2560&ranked_content=true returned response: <Response [200]>
2021-08-07 14:29:08,506 - instabot version: 0.117.0 (api) - DEBUG - GET to endpoint: feed/user/13869174215/?max_id=2232998965905162716_13869174215&min_timestamp=None&rank_token=49051026324_e7be6d44-e3de-4318-a73b-7d2936ed2560&ranked_content=true returned response: <Response [200]>
2021-08-07 14:29:08,795 - instabot version: 0.117.0 (api) - DEBUG - GET to endpoint: feed/user/13869174215/?max_id=2230505953002253773_13869174215&min_timestamp=None&rank_token=49051026324_e7be6d44-e3de-4318-a73b-7d2936ed2560&ranked_content=true returned response: <Response [200]>
2021-08-07 14:29:09,044 - instabot version: 0.117.0 (api) - DEBUG - GET to endpoint: feed/user/13869174215/?max_id=2228286045107507395_13869174215&min_timestamp=None&rank_token=49051026324_e7be6d44-e3de-4318-a73b-7d2936ed2560&ranked_content=true returned response: <Response [200]>
2021-08-07 14:29:09,345 - instabot version: 0.117.0 (api) - DEBUG - GET to endpoint: feed/user/13869174215/?max_id=2226118520529632115_13869174215&min_timestamp=None&rank_token=49051026324_e7be6d44-e3de-4318-a73b-7d2936ed2560&ranked_content=true returned response: <Response [200]>
2021-08-07 14:29:09,625 - instabot version: 0.117.0 (api) - DEBUG - GET to endpoint: feed/user/13869174215/?max_id=2224350102314854501_13869174215&min_timestamp=None&rank_token=49051026324_e7be6d44-e3de-4318-a73b-7d2936ed2560&ranked_content=true returned response: <Response [200]>
2021-08-07 14:29:09,921 - instabot version: 0.117.0 (api) - DEBUG - GET to endpoint: feed/user/13869174215/?max_id=2222572831073881528_13869174215&min_timestamp=None&rank_token=49051026324_e7be6d44-e3de-4318-a73b-7d2936ed2560&ranked_content=true returned response: <Response [200]>
2021-08-07 14:29:10,192 - instabot version: 0.117.0 (api) - DEBUG - GET to endpoint: feed/user/13869174215/?max_id=2220729627361863024_13869174215&min_timestamp=None&rank_token=49051026324_e7be6d44-e3de-4318-a73b-7d2936ed2560&ranked_content=true returned response: <Response [200]>
2021-08-07 14:29:10,478 - instabot version: 0.117.0 (api) - DEBUG - GET to endpoint: feed/user/13869174215/?max_id=2218924016751966356_13869174215&min_timestamp=None&rank_token=49051026324_e7be6d44-e3de-4318-a73b-7d2936ed2560&ranked_content=true returned response: <Response [200]>
2021-08-07 14:29:10,845 - instabot version: 0.117.0 (api) - DEBUG - GET to endpoint: feed/user/13869174215/?max_id=2216356293639656650_13869174215&min_timestamp=None&rank_token=49051026324_e7be6d44-e3de-4318-a73b-7d2936ed2560&ranked_content=true returned response: <Response [200]>
2021-08-07 14:29:11,104 - instabot version: 0.117.0 (api) - DEBUG - GET to endpoint: feed/user/13869174215/?max_id=2214295211404045517_13869174215&min_timestamp=None&rank_token=49051026324_e7be6d44-e3de-4318-a73b-7d2936ed2560&ranked_content=true returned response: <Response [200]>
2021-08-07 14:29:11,366 - instabot version: 0.117.0 (api) - DEBUG - GET to endpoint: feed/user/13869174215/?max_id=2212757110424695168_13869174215&min_timestamp=None&rank_token=49051026324_e7be6d44-e3de-4318-a73b-7d2936ed2560&ranked_content=true returned response: <Response [200]>
2021-08-07 14:29:11,678 - instabot version: 0.117.0 (api) - DEBUG - GET to endpoint: feed/user/13869174215/?max_id=2210373719087845526_13869174215&min_timestamp=None&rank_token=49051026324_e7be6d44-e3de-4318-a73b-7d2936ed2560&ranked_content=true returned response: <Response [200]>
2021-08-07 14:29:11,941 - instabot version: 0.117.0 (api) - DEBUG - GET to endpoint: feed/user/13869174215/?max_id=2207656961356686914_13869174215&min_timestamp=None&rank_token=49051026324_e7be6d44-e3de-4318-a73b-7d2936ed2560&ranked_content=true returned response: <Response [200]>
2021-08-07 14:29:12,196 - instabot version: 0.117.0 (api) - DEBUG - GET to endpoint: feed/user/13869174215/?max_id=2204434840256953316_13869174215&min_timestamp=None&rank_token=49051026324_e7be6d44-e3de-4318-a73b-7d2936ed2560&ranked_content=true returned response: <Response [200]>
2021-08-07 14:29:12,477 - instabot version: 0.117.0 (api) - DEBUG - GET to endpoint: feed/user/13869174215/?max_id=2201072593544836725_13869174215&min_timestamp=None&rank_token=49051026324_e7be6d44-e3de-4318-a73b-7d2936ed2560&ranked_content=true returned response: <Response [200]>
2021-08-07 14:29:12,726 - instabot version: 0.117.0 (api) - DEBUG - GET to endpoint: feed/user/13869174215/?max_id=2196080051626201817_13869174215&min_timestamp=None&rank_token=49051026324_e7be6d44-e3de-4318-a73b-7d2936ed2560&ranked_content=true returned response: <Response [200]>
2021-08-07 14:29:13,007 - instabot version: 0.117.0 (api) - DEBUG - GET to endpoint: feed/user/13869174215/?max_id=2192058139821813633_13869174215&min_timestamp=None&rank_token=49051026324_e7be6d44-e3de-4318-a73b-7d2936ed2560&ranked_content=true returned response: <Response [200]>
2021-08-07 14:29:13,288 - instabot version: 0.117.0 (api) - DEBUG - GET to endpoint: feed/user/13869174215/?max_id=2185540988701117376_13869174215&min_timestamp=None&rank_token=49051026324_e7be6d44-e3de-4318-a73b-7d2936ed2560&ranked_content=true returned response: <Response [200]>
2021-08-07 14:29:13,517 - instabot version: 0.117.0 (api) - DEBUG - GET to endpoint: feed/user/13869174215/?max_id=2182028249503159542_13869174215&min_timestamp=None&rank_token=49051026324_e7be6d44-e3de-4318-a73b-7d2936ed2560&ranked_content=true returned response: <Response [200]>
2021-08-07 14:29:16,160 - instabot version: 0.117.0 (api) - DEBUG - GET to endpoint: media/2634979100866231334_13869174215/info/ returned response: <Response [200]>
2021-08-07 14:29:16,445 - instabot version: 0.117.0 (bot_checkpoint) - DEBUG - Saving Checkpoint file to: D:\Programming\2021\InstaBot/config/vocabexpansion.checkpoint
2021-08-07 14:29:16,446 - instabot version: 0.117.0 (bot) - INFO - Total requests: 785
