2021-08-10 19:28:00,872 - instabot version: 0.117.0 (bot) - INFO - Instabot version: 0.117.0 Started
2021-08-10 19:28:00,872 - instabot version: 0.117.0 (bot) - DEBUG - Bot imported from C:\Users\skyem\AppData\Local\Programs\Python\Python39\lib\site-packages\instabot\bot\bot.py
2021-08-10 19:28:02,284 - instabot version: 0.117.0 (api_login) - INFO - Not yet logged in starting: PRE-LOGIN FLOW!
2021-08-10 19:28:02,461 - instabot version: 0.117.0 (api) - DEBUG - POST to endpoint: accounts/get_prefill_candidates/ returned response: <Response [200]>
2021-08-10 19:28:02,601 - instabot version: 0.117.0 (api) - DEBUG - POST to endpoint: qe/sync/ returned response: <Response [200]>
2021-08-10 19:28:02,747 - instabot version: 0.117.0 (api) - DEBUG - POST to endpoint: launcher/sync/ returned response: <Response [200]>
2021-08-10 19:28:02,885 - instabot version: 0.117.0 (api) - DEBUG - POST to endpoint: accounts/contact_point_prefill/ returned response: <Response [200]>
2021-08-10 19:28:04,385 - instabot version: 0.117.0 (api) - DEBUG - POST to endpoint: accounts/login/ returned response: <Response [200]>
2021-08-10 19:28:04,385 - instabot version: 0.117.0 (api) - INFO - Logged-in successfully as 'derbgang'!
2021-08-10 19:28:04,385 - instabot version: 0.117.0 (api_login) - INFO - LOGIN FLOW! Just logged-in: True
2021-08-10 19:28:04,675 - instabot version: 0.117.0 (api) - DEBUG - POST to endpoint: qe/sync/ returned response: <Response [200]>
2021-08-10 19:28:04,848 - instabot version: 0.117.0 (api) - DEBUG - POST to endpoint: launcher/sync/ returned response: <Response [200]>
2021-08-10 19:28:05,005 - instabot version: 0.117.0 (api) - DEBUG - GET to endpoint: zr/token/result/?device_id=android-482d8e988b586de3&token_hash=&custom_device_id=android-482d8e988b586de3&fetch_reason=token_expired returned response: <Response [200]>
2021-08-10 19:28:05,151 - instabot version: 0.117.0 (api) - DEBUG - GET to endpoint: multiple_accounts/get_account_family/ returned response: <Response [200]>
2021-08-10 19:28:05,304 - instabot version: 0.117.0 (api) - DEBUG - POST to endpoint: qe/sync/ returned response: <Response [200]>
2021-08-10 19:28:06,198 - instabot version: 0.117.0 (api) - DEBUG - GET to endpoint: igtv/browse_feed/?prefetch=1 returned response: <Response [200]>
2021-08-10 19:28:06,348 - instabot version: 0.117.0 (api) - DEBUG - POST to endpoint: creatives/ar_class/ returned response: <Response [200]>
2021-08-10 19:28:07,608 - instabot version: 0.117.0 (api) - DEBUG - POST to endpoint: feed/reels_tray/ returned response: <Response [200]>
2021-08-10 19:28:11,186 - instabot version: 0.117.0 (api) - DEBUG - POST to endpoint: feed/timeline/ returned response: <Response [200]>
2021-08-10 19:28:11,342 - instabot version: 0.117.0 (api) - DEBUG - GET to endpoint: media/blocked/ returned response: <Response [200]>
2021-08-10 19:28:12,336 - instabot version: 0.117.0 (api) - DEBUG - GET to endpoint: news/inbox/ returned response: <Response [200]>
2021-08-10 19:28:12,499 - instabot version: 0.117.0 (api) - DEBUG - GET to endpoint: loom/fetch_config/ returned response: <Response [200]>
2021-08-10 19:28:12,865 - instabot version: 0.117.0 (api) - DEBUG - GET to endpoint: scores/bootstrap/users/?surfaces=["autocomplete_user_list","coefficient_besties_list_ranking","coefficient_rank_recipient_user_suggestion","coefficient_ios_section_test_bootstrap_ranking","coefficient_direct_recipients_ranking_variant_2"] returned response: <Response [200]>
2021-08-10 19:28:13,042 - instabot version: 0.117.0 (api) - DEBUG - GET to endpoint: business/eligibility/get_monetization_products_eligibility_data/?product_types=branded_content returned response: <Response [200]>
2021-08-10 19:28:13,216 - instabot version: 0.117.0 (api) - DEBUG - GET to endpoint: business/branded_content/should_require_professional_account/ returned response: <Response [200]>
2021-08-10 19:28:13,473 - instabot version: 0.117.0 (api) - DEBUG - GET to endpoint: linked_accounts/get_linkage_status/ returned response: <Response [200]>
2021-08-10 19:28:13,650 - instabot version: 0.117.0 (api) - DEBUG - GET to endpoint: locations/request_country/ returned response: <Response [200]>
2021-08-10 19:28:13,798 - instabot version: 0.117.0 (api) - DEBUG - GET to endpoint: qp/get_cooldowns/?signed_body=signed_body=4b9c516a5410a3bc128e09c6104a7f042146b9c2023870560c63a43a7f66781c.4&ig_sig_key_version=4&ig_sig_key_version=4 returned response: <Response [200]>
2021-08-10 19:28:13,951 - instabot version: 0.117.0 (api) - DEBUG - GET to endpoint: users/arlink_download_info/?version_override=2.2.1 returned response: <Response [200]>
2021-08-10 19:28:14,259 - instabot version: 0.117.0 (api) - DEBUG - GET to endpoint: users/49050629623/info/ returned response: <Response [200]>
2021-08-10 19:28:14,869 - instabot version: 0.117.0 (api) - DEBUG - GET to endpoint: direct_v2/get_presence/ returned response: <Response [200]>
2021-08-10 19:28:15,602 - instabot version: 0.117.0 (api) - DEBUG - GET to endpoint: direct_v2/inbox/?visual_message_return_type=unseen&thread_message_limit=10&persistentBadging=true&limit=20 returned response: <Response [200]>
2021-08-10 19:28:15,845 - instabot version: 0.117.0 (api) - DEBUG - GET to endpoint: direct_v2/inbox/?visual_message_return_type=unseen&persistentBadging=true&limit=0 returned response: <Response [200]>
2021-08-10 19:28:17,664 - instabot version: 0.117.0 (api) - DEBUG - GET to endpoint: discover/topical_explore/?is_prefetch=true&omit_cover_media=true&use_sectional_payload=true&timezone_offset=0&session_id=6768e4ca-20c2-42c1-a03d-558ae792752b&include_fixed_destinations=true returned response: <Response [200]>
2021-08-10 19:28:17,837 - instabot version: 0.117.0 (api) - DEBUG - POST to endpoint: notifications/badge/ returned response: <Response [200]>
2021-08-10 19:28:18,216 - instabot version: 0.117.0 (api) - DEBUG - POST to endpoint: qp/batch_fetch/ returned response: <Response [200]>
2021-08-10 19:28:18,217 - instabot version: 0.117.0 (bot_checkpoint) - DEBUG - Loading Checkpoint file from: D:\Programming\2021\InstaBot/config/derbgang.checkpoint
2021-08-10 19:28:31,998 - instabot version: 0.117.0 (api) - DEBUG - GET to endpoint: users/cursed.image5/usernameinfo/ returned response: <Response [200]>
2021-08-10 19:28:33,000 - instabot version: 0.117.0 (api) - DEBUG - GET to endpoint: feed/user/13869174215/?max_id=&min_timestamp=None&rank_token=49050629623_550fa685-529d-4b25-b638-a20359121ae6&ranked_content=true returned response: <Response [200]>
2021-08-10 19:28:33,256 - instabot version: 0.117.0 (api) - DEBUG - GET to endpoint: feed/user/13869174215/?max_id=2628456266648049170_13869174215&min_timestamp=None&rank_token=49050629623_550fa685-529d-4b25-b638-a20359121ae6&ranked_content=true returned response: <Response [200]>
2021-08-10 19:28:33,532 - instabot version: 0.117.0 (api) - DEBUG - GET to endpoint: feed/user/13869174215/?max_id=2620484090959518357_13869174215&min_timestamp=None&rank_token=49050629623_550fa685-529d-4b25-b638-a20359121ae6&ranked_content=true returned response: <Response [200]>
2021-08-10 19:28:33,797 - instabot version: 0.117.0 (api) - DEBUG - GET to endpoint: feed/user/13869174215/?max_id=2616754046542145852_13869174215&min_timestamp=None&rank_token=49050629623_550fa685-529d-4b25-b638-a20359121ae6&ranked_content=true returned response: <Response [200]>
2021-08-10 19:28:34,071 - instabot version: 0.117.0 (api) - DEBUG - GET to endpoint: feed/user/13869174215/?max_id=2612813096218350694_13869174215&min_timestamp=None&rank_token=49050629623_550fa685-529d-4b25-b638-a20359121ae6&ranked_content=true returned response: <Response [200]>
2021-08-10 19:28:34,347 - instabot version: 0.117.0 (api) - DEBUG - GET to endpoint: feed/user/13869174215/?max_id=2609174034710477808_13869174215&min_timestamp=None&rank_token=49050629623_550fa685-529d-4b25-b638-a20359121ae6&ranked_content=true returned response: <Response [200]>
2021-08-10 19:28:34,668 - instabot version: 0.117.0 (api) - DEBUG - GET to endpoint: feed/user/13869174215/?max_id=2605157567885051881_13869174215&min_timestamp=None&rank_token=49050629623_550fa685-529d-4b25-b638-a20359121ae6&ranked_content=true returned response: <Response [200]>
2021-08-10 19:28:34,954 - instabot version: 0.117.0 (api) - DEBUG - GET to endpoint: feed/user/13869174215/?max_id=2601533772475120573_13869174215&min_timestamp=None&rank_token=49050629623_550fa685-529d-4b25-b638-a20359121ae6&ranked_content=true returned response: <Response [200]>
2021-08-10 19:28:35,231 - instabot version: 0.117.0 (api) - DEBUG - GET to endpoint: feed/user/13869174215/?max_id=2597592993356540075_13869174215&min_timestamp=None&rank_token=49050629623_550fa685-529d-4b25-b638-a20359121ae6&ranked_content=true returned response: <Response [200]>
2021-08-10 19:28:35,530 - instabot version: 0.117.0 (api) - DEBUG - GET to endpoint: feed/user/13869174215/?max_id=2593576281382804758_13869174215&min_timestamp=None&rank_token=49050629623_550fa685-529d-4b25-b638-a20359121ae6&ranked_content=true returned response: <Response [200]>
2021-08-10 19:28:35,801 - instabot version: 0.117.0 (api) - DEBUG - GET to endpoint: feed/user/13869174215/?max_id=2589574928828186150_13869174215&min_timestamp=None&rank_token=49050629623_550fa685-529d-4b25-b638-a20359121ae6&ranked_content=true returned response: <Response [200]>
2021-08-10 19:28:36,098 - instabot version: 0.117.0 (api) - DEBUG - GET to endpoint: feed/user/13869174215/?max_id=2585588607905457615_13869174215&min_timestamp=None&rank_token=49050629623_550fa685-529d-4b25-b638-a20359121ae6&ranked_content=true returned response: <Response [200]>
2021-08-10 19:28:36,399 - instabot version: 0.117.0 (api) - DEBUG - GET to endpoint: feed/user/13869174215/?max_id=2581969775987043847_13869174215&min_timestamp=None&rank_token=49050629623_550fa685-529d-4b25-b638-a20359121ae6&ranked_content=true returned response: <Response [200]>
2021-08-10 19:28:36,716 - instabot version: 0.117.0 (api) - DEBUG - GET to endpoint: feed/user/13869174215/?max_id=2578024003341681819_13869174215&min_timestamp=None&rank_token=49050629623_550fa685-529d-4b25-b638-a20359121ae6&ranked_content=true returned response: <Response [200]>
2021-08-10 19:28:37,094 - instabot version: 0.117.0 (api) - DEBUG - GET to endpoint: feed/user/13869174215/?max_id=2574009835762906024_13869174215&min_timestamp=None&rank_token=49050629623_550fa685-529d-4b25-b638-a20359121ae6&ranked_content=true returned response: <Response [200]>
2021-08-10 19:28:37,498 - instabot version: 0.117.0 (api) - DEBUG - GET to endpoint: feed/user/13869174215/?max_id=2570038670228744767_13869174215&min_timestamp=None&rank_token=49050629623_550fa685-529d-4b25-b638-a20359121ae6&ranked_content=true returned response: <Response [200]>
2021-08-10 19:28:37,761 - instabot version: 0.117.0 (api) - DEBUG - GET to endpoint: feed/user/13869174215/?max_id=2566027258578693062_13869174215&min_timestamp=None&rank_token=49050629623_550fa685-529d-4b25-b638-a20359121ae6&ranked_content=true returned response: <Response [200]>
2021-08-10 19:28:38,080 - instabot version: 0.117.0 (api) - DEBUG - GET to endpoint: feed/user/13869174215/?max_id=2562078836743543755_13869174215&min_timestamp=None&rank_token=49050629623_550fa685-529d-4b25-b638-a20359121ae6&ranked_content=true returned response: <Response [200]>
2021-08-10 19:28:38,426 - instabot version: 0.117.0 (api) - DEBUG - GET to endpoint: feed/user/13869174215/?max_id=2558062352994054560_13869174215&min_timestamp=None&rank_token=49050629623_550fa685-529d-4b25-b638-a20359121ae6&ranked_content=true returned response: <Response [200]>
2021-08-10 19:28:38,768 - instabot version: 0.117.0 (api) - DEBUG - GET to endpoint: feed/user/13869174215/?max_id=2554060940723567663_13869174215&min_timestamp=None&rank_token=49050629623_550fa685-529d-4b25-b638-a20359121ae6&ranked_content=true returned response: <Response [200]>
2021-08-10 19:28:39,152 - instabot version: 0.117.0 (api) - DEBUG - GET to endpoint: feed/user/13869174215/?max_id=2550074667373179651_13869174215&min_timestamp=None&rank_token=49050629623_550fa685-529d-4b25-b638-a20359121ae6&ranked_content=true returned response: <Response [200]>
2021-08-10 19:28:39,555 - instabot version: 0.117.0 (api) - DEBUG - GET to endpoint: feed/user/13869174215/?max_id=2546859677373509226_13869174215&min_timestamp=None&rank_token=49050629623_550fa685-529d-4b25-b638-a20359121ae6&ranked_content=true returned response: <Response [200]>
2021-08-10 19:28:39,884 - instabot version: 0.117.0 (api) - DEBUG - GET to endpoint: feed/user/13869174215/?max_id=2543566828806927470_13869174215&min_timestamp=None&rank_token=49050629623_550fa685-529d-4b25-b638-a20359121ae6&ranked_content=true returned response: <Response [200]>
2021-08-10 19:28:40,243 - instabot version: 0.117.0 (api) - DEBUG - GET to endpoint: feed/user/13869174215/?max_id=2539577964008181830_13869174215&min_timestamp=None&rank_token=49050629623_550fa685-529d-4b25-b638-a20359121ae6&ranked_content=true returned response: <Response [200]>
2021-08-10 19:28:40,491 - instabot version: 0.117.0 (api) - DEBUG - GET to endpoint: feed/user/13869174215/?max_id=2535999389077318408_13869174215&min_timestamp=None&rank_token=49050629623_550fa685-529d-4b25-b638-a20359121ae6&ranked_content=true returned response: <Response [200]>
2021-08-10 19:28:40,957 - instabot version: 0.117.0 (api) - DEBUG - GET to endpoint: feed/user/13869174215/?max_id=2531998023936108484_13869174215&min_timestamp=None&rank_token=49050629623_550fa685-529d-4b25-b638-a20359121ae6&ranked_content=true returned response: <Response [200]>
2021-08-10 19:28:41,230 - instabot version: 0.117.0 (api) - DEBUG - GET to endpoint: feed/user/13869174215/?max_id=2528374186926388364_13869174215&min_timestamp=None&rank_token=49050629623_550fa685-529d-4b25-b638-a20359121ae6&ranked_content=true returned response: <Response [200]>
2021-08-10 19:28:41,626 - instabot version: 0.117.0 (api) - DEBUG - GET to endpoint: feed/user/13869174215/?max_id=2524392921828900709_13869174215&min_timestamp=None&rank_token=49050629623_550fa685-529d-4b25-b638-a20359121ae6&ranked_content=true returned response: <Response [200]>
2021-08-10 19:28:41,930 - instabot version: 0.117.0 (api) - DEBUG - GET to endpoint: feed/user/13869174215/?max_id=2520812093953234420_13869174215&min_timestamp=None&rank_token=49050629623_550fa685-529d-4b25-b638-a20359121ae6&ranked_content=true returned response: <Response [200]>
2021-08-10 19:28:42,231 - instabot version: 0.117.0 (api) - DEBUG - GET to endpoint: feed/user/13869174215/?max_id=2516780324625626449_13869174215&min_timestamp=None&rank_token=49050629623_550fa685-529d-4b25-b638-a20359121ae6&ranked_content=true returned response: <Response [200]>
2021-08-10 19:28:42,507 - instabot version: 0.117.0 (api) - DEBUG - GET to endpoint: feed/user/13869174215/?max_id=2513866065977693359_13869174215&min_timestamp=None&rank_token=49050629623_550fa685-529d-4b25-b638-a20359121ae6&ranked_content=true returned response: <Response [200]>
2021-08-10 19:28:42,802 - instabot version: 0.117.0 (api) - DEBUG - GET to endpoint: feed/user/13869174215/?max_id=2510247220218149424_13869174215&min_timestamp=None&rank_token=49050629623_550fa685-529d-4b25-b638-a20359121ae6&ranked_content=true returned response: <Response [200]>
2021-08-10 19:28:43,097 - instabot version: 0.117.0 (api) - DEBUG - GET to endpoint: feed/user/13869174215/?max_id=2506301272946946485_13869174215&min_timestamp=None&rank_token=49050629623_550fa685-529d-4b25-b638-a20359121ae6&ranked_content=true returned response: <Response [200]>
2021-08-10 19:28:43,420 - instabot version: 0.117.0 (api) - DEBUG - GET to endpoint: feed/user/13869174215/?max_id=2503343441721159427_13869174215&min_timestamp=None&rank_token=49050629623_550fa685-529d-4b25-b638-a20359121ae6&ranked_content=true returned response: <Response [200]>
2021-08-10 19:28:43,692 - instabot version: 0.117.0 (api) - DEBUG - GET to endpoint: feed/user/13869174215/?max_id=2500487979237927734_13869174215&min_timestamp=None&rank_token=49050629623_550fa685-529d-4b25-b638-a20359121ae6&ranked_content=true returned response: <Response [200]>
2021-08-10 19:28:43,958 - instabot version: 0.117.0 (api) - DEBUG - GET to endpoint: feed/user/13869174215/?max_id=2498191784678850381_13869174215&min_timestamp=None&rank_token=49050629623_550fa685-529d-4b25-b638-a20359121ae6&ranked_content=true returned response: <Response [200]>
2021-08-10 19:28:44,216 - instabot version: 0.117.0 (api) - DEBUG - GET to endpoint: feed/user/13869174215/?max_id=2495159097970006057_13869174215&min_timestamp=None&rank_token=49050629623_550fa685-529d-4b25-b638-a20359121ae6&ranked_content=true returned response: <Response [200]>
2021-08-10 19:28:44,555 - instabot version: 0.117.0 (api) - DEBUG - GET to endpoint: feed/user/13869174215/?max_id=2492287936005346842_13869174215&min_timestamp=None&rank_token=49050629623_550fa685-529d-4b25-b638-a20359121ae6&ranked_content=true returned response: <Response [200]>
2021-08-10 19:28:44,881 - instabot version: 0.117.0 (api) - DEBUG - GET to endpoint: feed/user/13869174215/?max_id=2489379386836694351_13869174215&min_timestamp=None&rank_token=49050629623_550fa685-529d-4b25-b638-a20359121ae6&ranked_content=true returned response: <Response [200]>
2021-08-10 19:28:45,209 - instabot version: 0.117.0 (api) - DEBUG - GET to endpoint: feed/user/13869174215/?max_id=2485604885354158165_13869174215&min_timestamp=None&rank_token=49050629623_550fa685-529d-4b25-b638-a20359121ae6&ranked_content=true returned response: <Response [200]>
2021-08-10 19:28:45,514 - instabot version: 0.117.0 (api) - DEBUG - GET to endpoint: feed/user/13869174215/?max_id=2481658809552785190_13869174215&min_timestamp=None&rank_token=49050629623_550fa685-529d-4b25-b638-a20359121ae6&ranked_content=true returned response: <Response [200]>
2021-08-10 19:28:45,790 - instabot version: 0.117.0 (api) - DEBUG - GET to endpoint: feed/user/13869174215/?max_id=2477637392916375526_13869174215&min_timestamp=None&rank_token=49050629623_550fa685-529d-4b25-b638-a20359121ae6&ranked_content=true returned response: <Response [200]>
2021-08-10 19:28:46,143 - instabot version: 0.117.0 (api) - DEBUG - GET to endpoint: feed/user/13869174215/?max_id=2473998403021973285_13869174215&min_timestamp=None&rank_token=49050629623_550fa685-529d-4b25-b638-a20359121ae6&ranked_content=true returned response: <Response [200]>
2021-08-10 19:28:47,183 - instabot version: 0.117.0 (api) - DEBUG - GET to endpoint: feed/user/13869174215/?max_id=2470384560697944046_13869174215&min_timestamp=None&rank_token=49050629623_550fa685-529d-4b25-b638-a20359121ae6&ranked_content=true returned response: <Response [200]>
2021-08-10 19:28:47,532 - instabot version: 0.117.0 (api) - DEBUG - GET to endpoint: feed/user/13869174215/?max_id=2466461316447974388_13869174215&min_timestamp=None&rank_token=49050629623_550fa685-529d-4b25-b638-a20359121ae6&ranked_content=true returned response: <Response [200]>
2021-08-10 19:28:47,870 - instabot version: 0.117.0 (api) - DEBUG - GET to endpoint: feed/user/13869174215/?max_id=2462444695553551389_13869174215&min_timestamp=None&rank_token=49050629623_550fa685-529d-4b25-b638-a20359121ae6&ranked_content=true returned response: <Response [200]>
2021-08-10 19:28:48,187 - instabot version: 0.117.0 (api) - DEBUG - GET to endpoint: feed/user/13869174215/?max_id=2458481184902369844_13869174215&min_timestamp=None&rank_token=49050629623_550fa685-529d-4b25-b638-a20359121ae6&ranked_content=true returned response: <Response [200]>
2021-08-10 19:28:48,506 - instabot version: 0.117.0 (api) - DEBUG - GET to endpoint: feed/user/13869174215/?max_id=2454447083499958172_13869174215&min_timestamp=None&rank_token=49050629623_550fa685-529d-4b25-b638-a20359121ae6&ranked_content=true returned response: <Response [200]>
2021-08-10 19:28:48,869 - instabot version: 0.117.0 (api) - DEBUG - GET to endpoint: feed/user/13869174215/?max_id=2450513641242678994_13869174215&min_timestamp=None&rank_token=49050629623_550fa685-529d-4b25-b638-a20359121ae6&ranked_content=true returned response: <Response [200]>
2021-08-10 19:28:49,354 - instabot version: 0.117.0 (api) - DEBUG - GET to endpoint: feed/user/13869174215/?max_id=2446436818937342283_13869174215&min_timestamp=None&rank_token=49050629623_550fa685-529d-4b25-b638-a20359121ae6&ranked_content=true returned response: <Response [200]>
2021-08-10 19:28:49,787 - instabot version: 0.117.0 (api) - DEBUG - GET to endpoint: feed/user/13869174215/?max_id=2442762723070537056_13869174215&min_timestamp=None&rank_token=49050629623_550fa685-529d-4b25-b638-a20359121ae6&ranked_content=true returned response: <Response [200]>
2021-08-10 19:28:50,215 - instabot version: 0.117.0 (api) - DEBUG - GET to endpoint: feed/user/13869174215/?max_id=2438517033692923929_13869174215&min_timestamp=None&rank_token=49050629623_550fa685-529d-4b25-b638-a20359121ae6&ranked_content=true returned response: <Response [200]>
2021-08-10 19:28:50,600 - instabot version: 0.117.0 (api) - DEBUG - GET to endpoint: feed/user/13869174215/?max_id=2434920832857859185_13869174215&min_timestamp=None&rank_token=49050629623_550fa685-529d-4b25-b638-a20359121ae6&ranked_content=true returned response: <Response [200]>
2021-08-10 19:28:50,985 - instabot version: 0.117.0 (api) - DEBUG - GET to endpoint: feed/user/13869174215/?max_id=2431261865070884804_13869174215&min_timestamp=None&rank_token=49050629623_550fa685-529d-4b25-b638-a20359121ae6&ranked_content=true returned response: <Response [200]>
2021-08-10 19:28:51,305 - instabot version: 0.117.0 (api) - DEBUG - GET to endpoint: feed/user/13869174215/?max_id=2427280537099055722_13869174215&min_timestamp=None&rank_token=49050629623_550fa685-529d-4b25-b638-a20359121ae6&ranked_content=true returned response: <Response [200]>
2021-08-10 19:28:51,913 - instabot version: 0.117.0 (api) - DEBUG - GET to endpoint: feed/user/13869174215/?max_id=2424005391845586081_13869174215&min_timestamp=None&rank_token=49050629623_550fa685-529d-4b25-b638-a20359121ae6&ranked_content=true returned response: <Response [200]>
2021-08-10 19:28:52,252 - instabot version: 0.117.0 (api) - DEBUG - GET to endpoint: feed/user/13869174215/?max_id=2420767666307556158_13869174215&min_timestamp=None&rank_token=49050629623_550fa685-529d-4b25-b638-a20359121ae6&ranked_content=true returned response: <Response [200]>
2021-08-10 19:28:52,571 - instabot version: 0.117.0 (api) - DEBUG - GET to endpoint: feed/user/13869174215/?max_id=2417557224753032127_13869174215&min_timestamp=None&rank_token=49050629623_550fa685-529d-4b25-b638-a20359121ae6&ranked_content=true returned response: <Response [200]>
2021-08-10 19:28:52,881 - instabot version: 0.117.0 (api) - DEBUG - GET to endpoint: feed/user/13869174215/?max_id=2413524897803202468_13869174215&min_timestamp=None&rank_token=49050629623_550fa685-529d-4b25-b638-a20359121ae6&ranked_content=true returned response: <Response [200]>
2021-08-10 19:28:53,318 - instabot version: 0.117.0 (api) - DEBUG - GET to endpoint: feed/user/13869174215/?max_id=2409906390624474488_13869174215&min_timestamp=None&rank_token=49050629623_550fa685-529d-4b25-b638-a20359121ae6&ranked_content=true returned response: <Response [200]>
2021-08-10 19:28:53,699 - instabot version: 0.117.0 (api) - DEBUG - GET to endpoint: feed/user/13869174215/?max_id=2405847057270144376_13869174215&min_timestamp=None&rank_token=49050629623_550fa685-529d-4b25-b638-a20359121ae6&ranked_content=true returned response: <Response [200]>
2021-08-10 19:28:54,031 - instabot version: 0.117.0 (api) - DEBUG - GET to endpoint: feed/user/13869174215/?max_id=2401505681258824564_13869174215&min_timestamp=None&rank_token=49050629623_550fa685-529d-4b25-b638-a20359121ae6&ranked_content=true returned response: <Response [200]>
2021-08-10 19:28:54,410 - instabot version: 0.117.0 (api) - DEBUG - GET to endpoint: feed/user/13869174215/?max_id=2397861648174948548_13869174215&min_timestamp=None&rank_token=49050629623_550fa685-529d-4b25-b638-a20359121ae6&ranked_content=true returned response: <Response [200]>
2021-08-10 19:28:54,730 - instabot version: 0.117.0 (api) - DEBUG - GET to endpoint: feed/user/13869174215/?max_id=2394253763768774295_13869174215&min_timestamp=None&rank_token=49050629623_550fa685-529d-4b25-b638-a20359121ae6&ranked_content=true returned response: <Response [200]>
2021-08-10 19:28:55,133 - instabot version: 0.117.0 (api) - DEBUG - GET to endpoint: feed/user/13869174215/?max_id=2389568840218721122_13869174215&min_timestamp=None&rank_token=49050629623_550fa685-529d-4b25-b638-a20359121ae6&ranked_content=true returned response: <Response [200]>
2021-08-10 19:28:55,498 - instabot version: 0.117.0 (api) - DEBUG - GET to endpoint: feed/user/13869174215/?max_id=2385241224074730879_13869174215&min_timestamp=None&rank_token=49050629623_550fa685-529d-4b25-b638-a20359121ae6&ranked_content=true returned response: <Response [200]>
2021-08-10 19:28:55,860 - instabot version: 0.117.0 (api) - DEBUG - GET to endpoint: feed/user/13869174215/?max_id=2380896500597416876_13869174215&min_timestamp=None&rank_token=49050629623_550fa685-529d-4b25-b638-a20359121ae6&ranked_content=true returned response: <Response [200]>
2021-08-10 19:28:56,211 - instabot version: 0.117.0 (api) - DEBUG - GET to endpoint: feed/user/13869174215/?max_id=2376610224578887712_13869174215&min_timestamp=None&rank_token=49050629623_550fa685-529d-4b25-b638-a20359121ae6&ranked_content=true returned response: <Response [200]>
2021-08-10 19:28:56,612 - instabot version: 0.117.0 (api) - DEBUG - GET to endpoint: feed/user/13869174215/?max_id=2372194847807708285_13869174215&min_timestamp=None&rank_token=49050629623_550fa685-529d-4b25-b638-a20359121ae6&ranked_content=true returned response: <Response [200]>
2021-08-10 19:28:56,969 - instabot version: 0.117.0 (api) - DEBUG - GET to endpoint: feed/user/13869174215/?max_id=2368203814308597466_13869174215&min_timestamp=None&rank_token=49050629623_550fa685-529d-4b25-b638-a20359121ae6&ranked_content=true returned response: <Response [200]>
2021-08-10 19:28:57,472 - instabot version: 0.117.0 (api) - DEBUG - GET to endpoint: feed/user/13869174215/?max_id=2364221685417402943_13869174215&min_timestamp=None&rank_token=49050629623_550fa685-529d-4b25-b638-a20359121ae6&ranked_content=true returned response: <Response [200]>
2021-08-10 19:28:57,812 - instabot version: 0.117.0 (api) - DEBUG - GET to endpoint: feed/user/13869174215/?max_id=2360227530920065512_13869174215&min_timestamp=None&rank_token=49050629623_550fa685-529d-4b25-b638-a20359121ae6&ranked_content=true returned response: <Response [200]>
2021-08-10 19:28:58,242 - instabot version: 0.117.0 (api) - DEBUG - GET to endpoint: feed/user/13869174215/?max_id=2356258094605220585_13869174215&min_timestamp=None&rank_token=49050629623_550fa685-529d-4b25-b638-a20359121ae6&ranked_content=true returned response: <Response [200]>
2021-08-10 19:28:58,563 - instabot version: 0.117.0 (api) - DEBUG - GET to endpoint: feed/user/13869174215/?max_id=2352239842162056726_13869174215&min_timestamp=None&rank_token=49050629623_550fa685-529d-4b25-b638-a20359121ae6&ranked_content=true returned response: <Response [200]>
2021-08-10 19:28:58,918 - instabot version: 0.117.0 (api) - DEBUG - GET to endpoint: feed/user/13869174215/?max_id=2347932369305272038_13869174215&min_timestamp=None&rank_token=49050629623_550fa685-529d-4b25-b638-a20359121ae6&ranked_content=true returned response: <Response [200]>
2021-08-10 19:28:59,288 - instabot version: 0.117.0 (api) - DEBUG - GET to endpoint: feed/user/13869174215/?max_id=2343914126366376146_13869174215&min_timestamp=None&rank_token=49050629623_550fa685-529d-4b25-b638-a20359121ae6&ranked_content=true returned response: <Response [200]>
2021-08-10 19:28:59,818 - instabot version: 0.117.0 (api) - DEBUG - GET to endpoint: feed/user/13869174215/?max_id=2339924012896143170_13869174215&min_timestamp=None&rank_token=49050629623_550fa685-529d-4b25-b638-a20359121ae6&ranked_content=true returned response: <Response [200]>
2021-08-10 19:29:00,282 - instabot version: 0.117.0 (api) - DEBUG - GET to endpoint: feed/user/13869174215/?max_id=2335958209729438476_13869174215&min_timestamp=None&rank_token=49050629623_550fa685-529d-4b25-b638-a20359121ae6&ranked_content=true returned response: <Response [200]>
2021-08-10 19:29:00,647 - instabot version: 0.117.0 (api) - DEBUG - GET to endpoint: feed/user/13869174215/?max_id=2331607868460461757_13869174215&min_timestamp=None&rank_token=49050629623_550fa685-529d-4b25-b638-a20359121ae6&ranked_content=true returned response: <Response [200]>
2021-08-10 19:29:00,991 - instabot version: 0.117.0 (api) - DEBUG - GET to endpoint: feed/user/13869174215/?max_id=2328379235595971805_13869174215&min_timestamp=None&rank_token=49050629623_550fa685-529d-4b25-b638-a20359121ae6&ranked_content=true returned response: <Response [200]>
2021-08-10 19:29:01,494 - instabot version: 0.117.0 (api) - DEBUG - GET to endpoint: feed/user/13869174215/?max_id=2324730966164587660_13869174215&min_timestamp=None&rank_token=49050629623_550fa685-529d-4b25-b638-a20359121ae6&ranked_content=true returned response: <Response [200]>
2021-08-10 19:29:01,929 - instabot version: 0.117.0 (api) - DEBUG - GET to endpoint: feed/user/13869174215/?max_id=2321476199749453672_13869174215&min_timestamp=None&rank_token=49050629623_550fa685-529d-4b25-b638-a20359121ae6&ranked_content=true returned response: <Response [200]>
2021-08-10 19:29:02,331 - instabot version: 0.117.0 (api) - DEBUG - GET to endpoint: feed/user/13869174215/?max_id=2319285556990117401_13869174215&min_timestamp=None&rank_token=49050629623_550fa685-529d-4b25-b638-a20359121ae6&ranked_content=true returned response: <Response [200]>
2021-08-10 19:29:02,846 - instabot version: 0.117.0 (api) - DEBUG - GET to endpoint: feed/user/13869174215/?max_id=2316386269113203931_13869174215&min_timestamp=None&rank_token=49050629623_550fa685-529d-4b25-b638-a20359121ae6&ranked_content=true returned response: <Response [200]>
2021-08-10 19:29:03,185 - instabot version: 0.117.0 (api) - DEBUG - GET to endpoint: feed/user/13869174215/?max_id=2314193600110706263_13869174215&min_timestamp=None&rank_token=49050629623_550fa685-529d-4b25-b638-a20359121ae6&ranked_content=true returned response: <Response [200]>
2021-08-10 19:29:03,533 - instabot version: 0.117.0 (api) - DEBUG - GET to endpoint: feed/user/13869174215/?max_id=2312028881824274846_13869174215&min_timestamp=None&rank_token=49050629623_550fa685-529d-4b25-b638-a20359121ae6&ranked_content=true returned response: <Response [200]>
2021-08-10 19:29:03,921 - instabot version: 0.117.0 (api) - DEBUG - GET to endpoint: feed/user/13869174215/?max_id=2309881106688960121_13869174215&min_timestamp=None&rank_token=49050629623_550fa685-529d-4b25-b638-a20359121ae6&ranked_content=true returned response: <Response [200]>
2021-08-10 19:29:04,330 - instabot version: 0.117.0 (api) - DEBUG - GET to endpoint: feed/user/13869174215/?max_id=2307678900057530000_13869174215&min_timestamp=None&rank_token=49050629623_550fa685-529d-4b25-b638-a20359121ae6&ranked_content=true returned response: <Response [200]>
2021-08-10 19:29:04,803 - instabot version: 0.117.0 (api) - DEBUG - GET to endpoint: feed/user/13869174215/?max_id=2305509300993546291_13869174215&min_timestamp=None&rank_token=49050629623_550fa685-529d-4b25-b638-a20359121ae6&ranked_content=true returned response: <Response [200]>
2021-08-10 19:29:05,344 - instabot version: 0.117.0 (api) - DEBUG - GET to endpoint: feed/user/13869174215/?max_id=2303698722130083595_13869174215&min_timestamp=None&rank_token=49050629623_550fa685-529d-4b25-b638-a20359121ae6&ranked_content=true returned response: <Response [200]>
2021-08-10 19:29:05,681 - instabot version: 0.117.0 (api) - DEBUG - GET to endpoint: feed/user/13869174215/?max_id=2301141406520273147_13869174215&min_timestamp=None&rank_token=49050629623_550fa685-529d-4b25-b638-a20359121ae6&ranked_content=true returned response: <Response [200]>
2021-08-10 19:29:06,076 - instabot version: 0.117.0 (api) - DEBUG - GET to endpoint: feed/user/13869174215/?max_id=2298993503525843005_13869174215&min_timestamp=None&rank_token=49050629623_550fa685-529d-4b25-b638-a20359121ae6&ranked_content=true returned response: <Response [200]>
2021-08-10 19:29:06,401 - instabot version: 0.117.0 (api) - DEBUG - GET to endpoint: feed/user/13869174215/?max_id=2296813637426740298_13869174215&min_timestamp=None&rank_token=49050629623_550fa685-529d-4b25-b638-a20359121ae6&ranked_content=true returned response: <Response [200]>
2021-08-10 19:29:07,015 - instabot version: 0.117.0 (api) - DEBUG - GET to endpoint: feed/user/13869174215/?max_id=2294647399090917642_13869174215&min_timestamp=None&rank_token=49050629623_550fa685-529d-4b25-b638-a20359121ae6&ranked_content=true returned response: <Response [200]>
2021-08-10 19:29:07,361 - instabot version: 0.117.0 (api) - DEBUG - GET to endpoint: feed/user/13869174215/?max_id=2292479275767947776_13869174215&min_timestamp=None&rank_token=49050629623_550fa685-529d-4b25-b638-a20359121ae6&ranked_content=true returned response: <Response [200]>
2021-08-10 19:29:07,830 - instabot version: 0.117.0 (api) - DEBUG - GET to endpoint: feed/user/13869174215/?max_id=2290284605604301049_13869174215&min_timestamp=None&rank_token=49050629623_550fa685-529d-4b25-b638-a20359121ae6&ranked_content=true returned response: <Response [200]>
2021-08-10 19:29:08,410 - instabot version: 0.117.0 (api) - DEBUG - GET to endpoint: feed/user/13869174215/?max_id=2288117468345290666_13869174215&min_timestamp=None&rank_token=49050629623_550fa685-529d-4b25-b638-a20359121ae6&ranked_content=true returned response: <Response [200]>
2021-08-10 19:29:08,777 - instabot version: 0.117.0 (api) - DEBUG - GET to endpoint: feed/user/13869174215/?max_id=2285955834810109798_13869174215&min_timestamp=None&rank_token=49050629623_550fa685-529d-4b25-b638-a20359121ae6&ranked_content=true returned response: <Response [200]>
2021-08-10 19:29:09,203 - instabot version: 0.117.0 (api) - DEBUG - GET to endpoint: feed/user/13869174215/?max_id=2283415223997395841_13869174215&min_timestamp=None&rank_token=49050629623_550fa685-529d-4b25-b638-a20359121ae6&ranked_content=true returned response: <Response [200]>
2021-08-10 19:29:09,769 - instabot version: 0.117.0 (api) - DEBUG - GET to endpoint: feed/user/13869174215/?max_id=2281200995609818532_13869174215&min_timestamp=None&rank_token=49050629623_550fa685-529d-4b25-b638-a20359121ae6&ranked_content=true returned response: <Response [200]>
2021-08-10 19:29:10,148 - instabot version: 0.117.0 (api) - DEBUG - GET to endpoint: feed/user/13869174215/?max_id=2279044064098963779_13869174215&min_timestamp=None&rank_token=49050629623_550fa685-529d-4b25-b638-a20359121ae6&ranked_content=true returned response: <Response [200]>
2021-08-10 19:29:10,491 - instabot version: 0.117.0 (api) - DEBUG - GET to endpoint: feed/user/13869174215/?max_id=2276848883413051982_13869174215&min_timestamp=None&rank_token=49050629623_550fa685-529d-4b25-b638-a20359121ae6&ranked_content=true returned response: <Response [200]>
2021-08-10 19:29:10,812 - instabot version: 0.117.0 (api) - DEBUG - GET to endpoint: feed/user/13869174215/?max_id=2275105717928542365_13869174215&min_timestamp=None&rank_token=49050629623_550fa685-529d-4b25-b638-a20359121ae6&ranked_content=true returned response: <Response [200]>
2021-08-10 19:29:11,149 - instabot version: 0.117.0 (api) - DEBUG - GET to endpoint: feed/user/13869174215/?max_id=2272913518126101069_13869174215&min_timestamp=None&rank_token=49050629623_550fa685-529d-4b25-b638-a20359121ae6&ranked_content=true returned response: <Response [200]>
2021-08-10 19:29:11,567 - instabot version: 0.117.0 (api) - DEBUG - GET to endpoint: feed/user/13869174215/?max_id=2270380244401011081_13869174215&min_timestamp=None&rank_token=49050629623_550fa685-529d-4b25-b638-a20359121ae6&ranked_content=true returned response: <Response [200]>
2021-08-10 19:29:11,998 - instabot version: 0.117.0 (api) - DEBUG - GET to endpoint: feed/user/13869174215/?max_id=2267864754692595415_13869174215&min_timestamp=None&rank_token=49050629623_550fa685-529d-4b25-b638-a20359121ae6&ranked_content=true returned response: <Response [200]>
2021-08-10 19:29:12,455 - instabot version: 0.117.0 (api) - DEBUG - GET to endpoint: feed/user/13869174215/?max_id=2265569927863173338_13869174215&min_timestamp=None&rank_token=49050629623_550fa685-529d-4b25-b638-a20359121ae6&ranked_content=true returned response: <Response [200]>
2021-08-10 19:29:12,987 - instabot version: 0.117.0 (api) - DEBUG - GET to endpoint: feed/user/13869174215/?max_id=2263422735895422787_13869174215&min_timestamp=None&rank_token=49050629623_550fa685-529d-4b25-b638-a20359121ae6&ranked_content=true returned response: <Response [200]>
2021-08-10 19:29:13,349 - instabot version: 0.117.0 (api) - DEBUG - GET to endpoint: feed/user/13869174215/?max_id=2261642293601037769_13869174215&min_timestamp=None&rank_token=49050629623_550fa685-529d-4b25-b638-a20359121ae6&ranked_content=true returned response: <Response [200]>
2021-08-10 19:29:14,129 - instabot version: 0.117.0 (api) - DEBUG - GET to endpoint: feed/user/13869174215/?max_id=2259516959720006649_13869174215&min_timestamp=None&rank_token=49050629623_550fa685-529d-4b25-b638-a20359121ae6&ranked_content=true returned response: <Response [200]>
2021-08-10 19:29:14,500 - instabot version: 0.117.0 (api) - DEBUG - GET to endpoint: feed/user/13869174215/?max_id=2257282122435214448_13869174215&min_timestamp=None&rank_token=49050629623_550fa685-529d-4b25-b638-a20359121ae6&ranked_content=true returned response: <Response [200]>
2021-08-10 19:29:14,972 - instabot version: 0.117.0 (api) - DEBUG - GET to endpoint: feed/user/13869174215/?max_id=2255544951315479537_13869174215&min_timestamp=None&rank_token=49050629623_550fa685-529d-4b25-b638-a20359121ae6&ranked_content=true returned response: <Response [200]>
2021-08-10 19:29:15,362 - instabot version: 0.117.0 (api) - DEBUG - GET to endpoint: feed/user/13869174215/?max_id=2252999937985230814_13869174215&min_timestamp=None&rank_token=49050629623_550fa685-529d-4b25-b638-a20359121ae6&ranked_content=true returned response: <Response [200]>
2021-08-10 19:29:15,842 - instabot version: 0.117.0 (api) - DEBUG - GET to endpoint: feed/user/13869174215/?max_id=2250840962925613198_13869174215&min_timestamp=None&rank_token=49050629623_550fa685-529d-4b25-b638-a20359121ae6&ranked_content=true returned response: <Response [200]>
2021-08-10 19:29:16,205 - instabot version: 0.117.0 (api) - DEBUG - GET to endpoint: feed/user/13869174215/?max_id=2248652537275604318_13869174215&min_timestamp=None&rank_token=49050629623_550fa685-529d-4b25-b638-a20359121ae6&ranked_content=true returned response: <Response [200]>
2021-08-10 19:29:16,511 - instabot version: 0.117.0 (api) - DEBUG - GET to endpoint: feed/user/13869174215/?max_id=2245744852569688800_13869174215&min_timestamp=None&rank_token=49050629623_550fa685-529d-4b25-b638-a20359121ae6&ranked_content=true returned response: <Response [200]>
2021-08-10 19:29:17,045 - instabot version: 0.117.0 (api) - DEBUG - GET to endpoint: feed/user/13869174215/?max_id=2243508331120950980_13869174215&min_timestamp=None&rank_token=49050629623_550fa685-529d-4b25-b638-a20359121ae6&ranked_content=true returned response: <Response [200]>
2021-08-10 19:29:17,353 - instabot version: 0.117.0 (api) - DEBUG - GET to endpoint: feed/user/13869174215/?max_id=2241037100647821231_13869174215&min_timestamp=None&rank_token=49050629623_550fa685-529d-4b25-b638-a20359121ae6&ranked_content=true returned response: <Response [200]>
2021-08-10 19:29:17,680 - instabot version: 0.117.0 (api) - DEBUG - GET to endpoint: feed/user/13869174215/?max_id=2238872139167200337_13869174215&min_timestamp=None&rank_token=49050629623_550fa685-529d-4b25-b638-a20359121ae6&ranked_content=true returned response: <Response [200]>
2021-08-10 19:29:18,002 - instabot version: 0.117.0 (api) - DEBUG - GET to endpoint: feed/user/13869174215/?max_id=2235944676942533284_13869174215&min_timestamp=None&rank_token=49050629623_550fa685-529d-4b25-b638-a20359121ae6&ranked_content=true returned response: <Response [200]>
2021-08-10 19:29:18,383 - instabot version: 0.117.0 (api) - DEBUG - GET to endpoint: feed/user/13869174215/?max_id=2233816588645504128_13869174215&min_timestamp=None&rank_token=49050629623_550fa685-529d-4b25-b638-a20359121ae6&ranked_content=true returned response: <Response [200]>
2021-08-10 19:29:18,734 - instabot version: 0.117.0 (api) - DEBUG - GET to endpoint: feed/user/13869174215/?max_id=2231580339624961569_13869174215&min_timestamp=None&rank_token=49050629623_550fa685-529d-4b25-b638-a20359121ae6&ranked_content=true returned response: <Response [200]>
2021-08-10 19:29:19,032 - instabot version: 0.117.0 (api) - DEBUG - GET to endpoint: feed/user/13869174215/?max_id=2229277999211403835_13869174215&min_timestamp=None&rank_token=49050629623_550fa685-529d-4b25-b638-a20359121ae6&ranked_content=true returned response: <Response [200]>
2021-08-10 19:29:19,482 - instabot version: 0.117.0 (api) - DEBUG - GET to endpoint: feed/user/13869174215/?max_id=2226832641361247307_13869174215&min_timestamp=None&rank_token=49050629623_550fa685-529d-4b25-b638-a20359121ae6&ranked_content=true returned response: <Response [200]>
2021-08-10 19:29:19,905 - instabot version: 0.117.0 (api) - DEBUG - GET to endpoint: feed/user/13869174215/?max_id=2225107040698903571_13869174215&min_timestamp=None&rank_token=49050629623_550fa685-529d-4b25-b638-a20359121ae6&ranked_content=true returned response: <Response [200]>
2021-08-10 19:29:20,232 - instabot version: 0.117.0 (api) - DEBUG - GET to endpoint: feed/user/13869174215/?max_id=2223487028225646761_13869174215&min_timestamp=None&rank_token=49050629623_550fa685-529d-4b25-b638-a20359121ae6&ranked_content=true returned response: <Response [200]>
2021-08-10 19:29:20,582 - instabot version: 0.117.0 (api) - DEBUG - GET to endpoint: feed/user/13869174215/?max_id=2221400329203107780_13869174215&min_timestamp=None&rank_token=49050629623_550fa685-529d-4b25-b638-a20359121ae6&ranked_content=true returned response: <Response [200]>
2021-08-10 19:29:20,976 - instabot version: 0.117.0 (api) - DEBUG - GET to endpoint: feed/user/13869174215/?max_id=2219852942957491541_13869174215&min_timestamp=None&rank_token=49050629623_550fa685-529d-4b25-b638-a20359121ae6&ranked_content=true returned response: <Response [200]>
2021-08-10 19:29:21,295 - instabot version: 0.117.0 (api) - DEBUG - GET to endpoint: feed/user/13869174215/?max_id=2217605560870067102_13869174215&min_timestamp=None&rank_token=49050629623_550fa685-529d-4b25-b638-a20359121ae6&ranked_content=true returned response: <Response [200]>
2021-08-10 19:29:21,673 - instabot version: 0.117.0 (api) - DEBUG - GET to endpoint: feed/user/13869174215/?max_id=2215372736716788647_13869174215&min_timestamp=None&rank_token=49050629623_550fa685-529d-4b25-b638-a20359121ae6&ranked_content=true returned response: <Response [200]>
2021-08-10 19:29:21,961 - instabot version: 0.117.0 (api) - DEBUG - GET to endpoint: feed/user/13869174215/?max_id=2213487086606244743_13869174215&min_timestamp=None&rank_token=49050629623_550fa685-529d-4b25-b638-a20359121ae6&ranked_content=true returned response: <Response [200]>
2021-08-10 19:29:22,300 - instabot version: 0.117.0 (api) - DEBUG - GET to endpoint: feed/user/13869174215/?max_id=2211382866172234344_13869174215&min_timestamp=None&rank_token=49050629623_550fa685-529d-4b25-b638-a20359121ae6&ranked_content=true returned response: <Response [200]>
2021-08-10 19:29:22,782 - instabot version: 0.117.0 (api) - DEBUG - GET to endpoint: feed/user/13869174215/?max_id=2208821813630591191_13869174215&min_timestamp=None&rank_token=49050629623_550fa685-529d-4b25-b638-a20359121ae6&ranked_content=true returned response: <Response [200]>
2021-08-10 19:29:23,094 - instabot version: 0.117.0 (api) - DEBUG - GET to endpoint: feed/user/13869174215/?max_id=2205533247701853222_13869174215&min_timestamp=None&rank_token=49050629623_550fa685-529d-4b25-b638-a20359121ae6&ranked_content=true returned response: <Response [200]>
2021-08-10 19:29:23,472 - instabot version: 0.117.0 (api) - DEBUG - GET to endpoint: feed/user/13869174215/?max_id=2202244510988212128_13869174215&min_timestamp=None&rank_token=49050629623_550fa685-529d-4b25-b638-a20359121ae6&ranked_content=true returned response: <Response [200]>
2021-08-10 19:29:23,793 - instabot version: 0.117.0 (api) - DEBUG - GET to endpoint: feed/user/13869174215/?max_id=2198671066364553986_13869174215&min_timestamp=None&rank_token=49050629623_550fa685-529d-4b25-b638-a20359121ae6&ranked_content=true returned response: <Response [200]>
2021-08-10 19:29:24,325 - instabot version: 0.117.0 (api) - DEBUG - GET to endpoint: feed/user/13869174215/?max_id=2193569676452251516_13869174215&min_timestamp=None&rank_token=49050629623_550fa685-529d-4b25-b638-a20359121ae6&ranked_content=true returned response: <Response [200]>
2021-08-10 19:29:24,679 - instabot version: 0.117.0 (api) - DEBUG - GET to endpoint: feed/user/13869174215/?max_id=2188643408935258485_13869174215&min_timestamp=None&rank_token=49050629623_550fa685-529d-4b25-b638-a20359121ae6&ranked_content=true returned response: <Response [200]>
2021-08-10 19:29:25,166 - instabot version: 0.117.0 (api) - DEBUG - GET to endpoint: feed/user/13869174215/?max_id=2183817753131431701_13869174215&min_timestamp=None&rank_token=49050629623_550fa685-529d-4b25-b638-a20359121ae6&ranked_content=true returned response: <Response [200]>
2021-08-10 19:29:25,432 - instabot version: 0.117.0 (api) - DEBUG - GET to endpoint: users/vocabexpansion/usernameinfo/ returned response: <Response [200]>
2021-08-10 19:29:26,001 - instabot version: 0.117.0 (api) - DEBUG - GET to endpoint: media/2602271081636348628_13869174215/info/ returned response: <Response [200]>
2021-08-10 19:29:26,479 - instabot version: 0.117.0 (api) - DEBUG - POST to endpoint: direct_v2/threads/broadcast/media_share/ returned response: <Response [200]>
2021-08-10 19:29:26,962 - instabot version: 0.117.0 (api) - DEBUG - POST to endpoint: direct_v2/inbox/ returned response: <Response [200]>
2021-08-10 19:29:26,998 - instabot version: 0.117.0 (bot_checkpoint) - DEBUG - Saving Checkpoint file to: D:\Programming\2021\InstaBot/config/derbgang.checkpoint
2021-08-10 19:29:26,999 - instabot version: 0.117.0 (bot) - INFO - Total messages: 9/80
2021-08-10 19:29:26,999 - instabot version: 0.117.0 (bot) - INFO - Total requests: 1440
