2021-08-11 13:37:14,677 - instabot version: 0.117.0 (bot) - INFO - Instabot version: 0.117.0 Started
2021-08-11 13:37:14,677 - instabot version: 0.117.0 (bot) - DEBUG - Bot imported from C:\Users\skyem\AppData\Local\Programs\Python\Python39\lib\site-packages\instabot\bot\bot.py
2021-08-11 13:37:15,963 - instabot version: 0.117.0 (api_login) - INFO - Not yet logged in starting: PRE-LOGIN FLOW!
2021-08-11 13:37:16,175 - instabot version: 0.117.0 (api) - DEBUG - POST to endpoint: accounts/get_prefill_candidates/ returned response: <Response [200]>
2021-08-11 13:37:16,399 - instabot version: 0.117.0 (api) - DEBUG - POST to endpoint: qe/sync/ returned response: <Response [200]>
2021-08-11 13:37:16,562 - instabot version: 0.117.0 (api) - DEBUG - POST to endpoint: launcher/sync/ returned response: <Response [200]>
2021-08-11 13:37:16,702 - instabot version: 0.117.0 (api) - DEBUG - POST to endpoint: accounts/contact_point_prefill/ returned response: <Response [200]>
2021-08-11 13:37:18,202 - instabot version: 0.117.0 (api) - DEBUG - POST to endpoint: accounts/login/ returned response: <Response [200]>
2021-08-11 13:37:18,202 - instabot version: 0.117.0 (api) - INFO - Logged-in successfully as 'derbgang'!
2021-08-11 13:37:18,202 - instabot version: 0.117.0 (api_login) - INFO - LOGIN FLOW! Just logged-in: True
2021-08-11 13:37:18,542 - instabot version: 0.117.0 (api) - DEBUG - POST to endpoint: qe/sync/ returned response: <Response [200]>
2021-08-11 13:37:18,782 - instabot version: 0.117.0 (api) - DEBUG - POST to endpoint: launcher/sync/ returned response: <Response [200]>
2021-08-11 13:37:18,964 - instabot version: 0.117.0 (api) - DEBUG - GET to endpoint: zr/token/result/?device_id=android-482d8e988b586de3&token_hash=&custom_device_id=android-482d8e988b586de3&fetch_reason=token_expired returned response: <Response [200]>
2021-08-11 13:37:19,124 - instabot version: 0.117.0 (api) - DEBUG - GET to endpoint: multiple_accounts/get_account_family/ returned response: <Response [200]>
2021-08-11 13:37:19,277 - instabot version: 0.117.0 (api) - DEBUG - POST to endpoint: qe/sync/ returned response: <Response [200]>
2021-08-11 13:37:19,672 - instabot version: 0.117.0 (api) - DEBUG - GET to endpoint: igtv/browse_feed/?prefetch=1 returned response: <Response [200]>
2021-08-11 13:37:19,822 - instabot version: 0.117.0 (api) - DEBUG - POST to endpoint: creatives/ar_class/ returned response: <Response [200]>
2021-08-11 13:37:20,203 - instabot version: 0.117.0 (api) - DEBUG - POST to endpoint: feed/reels_tray/ returned response: <Response [200]>
2021-08-11 13:37:21,236 - instabot version: 0.117.0 (api) - DEBUG - POST to endpoint: feed/timeline/ returned response: <Response [200]>
2021-08-11 13:37:21,405 - instabot version: 0.117.0 (api) - DEBUG - GET to endpoint: media/blocked/ returned response: <Response [200]>
2021-08-11 13:37:21,963 - instabot version: 0.117.0 (api) - DEBUG - GET to endpoint: news/inbox/ returned response: <Response [200]>
2021-08-11 13:37:22,243 - instabot version: 0.117.0 (api) - DEBUG - GET to endpoint: loom/fetch_config/ returned response: <Response [200]>
2021-08-11 13:37:22,555 - instabot version: 0.117.0 (api) - DEBUG - GET to endpoint: scores/bootstrap/users/?surfaces=["autocomplete_user_list","coefficient_besties_list_ranking","coefficient_rank_recipient_user_suggestion","coefficient_ios_section_test_bootstrap_ranking","coefficient_direct_recipients_ranking_variant_2"] returned response: <Response [200]>
2021-08-11 13:37:22,770 - instabot version: 0.117.0 (api) - DEBUG - GET to endpoint: business/eligibility/get_monetization_products_eligibility_data/?product_types=branded_content returned response: <Response [200]>
2021-08-11 13:37:22,921 - instabot version: 0.117.0 (api) - DEBUG - GET to endpoint: business/branded_content/should_require_professional_account/ returned response: <Response [200]>
2021-08-11 13:37:23,060 - instabot version: 0.117.0 (api) - DEBUG - GET to endpoint: linked_accounts/get_linkage_status/ returned response: <Response [200]>
2021-08-11 13:37:23,226 - instabot version: 0.117.0 (api) - DEBUG - GET to endpoint: locations/request_country/ returned response: <Response [200]>
2021-08-11 13:37:23,409 - instabot version: 0.117.0 (api) - DEBUG - GET to endpoint: qp/get_cooldowns/?signed_body=signed_body=4b9c516a5410a3bc128e09c6104a7f042146b9c2023870560c63a43a7f66781c.4&ig_sig_key_version=4&ig_sig_key_version=4 returned response: <Response [200]>
2021-08-11 13:37:23,604 - instabot version: 0.117.0 (api) - DEBUG - GET to endpoint: users/arlink_download_info/?version_override=2.2.1 returned response: <Response [200]>
2021-08-11 13:37:23,914 - instabot version: 0.117.0 (api) - DEBUG - GET to endpoint: users/49050629623/info/ returned response: <Response [200]>
2021-08-11 13:37:24,584 - instabot version: 0.117.0 (api) - DEBUG - GET to endpoint: direct_v2/get_presence/ returned response: <Response [200]>
2021-08-11 13:37:25,208 - instabot version: 0.117.0 (api) - DEBUG - GET to endpoint: direct_v2/inbox/?visual_message_return_type=unseen&thread_message_limit=10&persistentBadging=true&limit=20 returned response: <Response [200]>
2021-08-11 13:37:25,400 - instabot version: 0.117.0 (api) - DEBUG - GET to endpoint: direct_v2/inbox/?visual_message_return_type=unseen&persistentBadging=true&limit=0 returned response: <Response [200]>
2021-08-11 13:37:25,654 - instabot version: 0.117.0 (api) - DEBUG - GET to endpoint: discover/topical_explore/?is_prefetch=true&omit_cover_media=true&use_sectional_payload=true&timezone_offset=0&session_id=52526c13-6a85-45f2-9026-8f279e9892cc&include_fixed_destinations=true returned response: <Response [200]>
2021-08-11 13:37:25,812 - instabot version: 0.117.0 (api) - DEBUG - POST to endpoint: notifications/badge/ returned response: <Response [200]>
2021-08-11 13:37:26,049 - instabot version: 0.117.0 (api) - DEBUG - POST to endpoint: qp/batch_fetch/ returned response: <Response [200]>
2021-08-11 13:37:26,050 - instabot version: 0.117.0 (bot_checkpoint) - DEBUG - Loading Checkpoint file from: D:\Programming\2021\InstaBot/config/derbgang.checkpoint
2021-08-11 13:37:41,882 - instabot version: 0.117.0 (api) - DEBUG - GET to endpoint: users/savagerealms.jemima/usernameinfo/ returned response: <Response [200]>
2021-08-11 13:37:42,935 - instabot version: 0.117.0 (api) - DEBUG - GET to endpoint: feed/user/11903691706/?max_id=&min_timestamp=None&rank_token=49050629623_9b861045-40f8-46b0-92cb-afc18d4d49b3&ranked_content=true returned response: <Response [200]>
2021-08-11 13:37:43,881 - instabot version: 0.117.0 (api) - DEBUG - GET to endpoint: feed/user/11903691706/?max_id=2589614095055212282_11903691706&min_timestamp=None&rank_token=49050629623_9b861045-40f8-46b0-92cb-afc18d4d49b3&ranked_content=true returned response: <Response [200]>
2021-08-11 13:37:44,693 - instabot version: 0.117.0 (api) - DEBUG - GET to endpoint: feed/user/11903691706/?max_id=2546844263205701543_11903691706&min_timestamp=None&rank_token=49050629623_9b861045-40f8-46b0-92cb-afc18d4d49b3&ranked_content=true returned response: <Response [200]>
2021-08-11 13:37:45,444 - instabot version: 0.117.0 (api) - DEBUG - GET to endpoint: feed/user/11903691706/?max_id=2504089968475767028_11903691706&min_timestamp=None&rank_token=49050629623_9b861045-40f8-46b0-92cb-afc18d4d49b3&ranked_content=true returned response: <Response [200]>
2021-08-11 13:37:46,242 - instabot version: 0.117.0 (api) - DEBUG - GET to endpoint: feed/user/11903691706/?max_id=2481636672636564778_11903691706&min_timestamp=None&rank_token=49050629623_9b861045-40f8-46b0-92cb-afc18d4d49b3&ranked_content=true returned response: <Response [200]>
2021-08-11 13:37:46,933 - instabot version: 0.117.0 (api) - DEBUG - GET to endpoint: feed/user/11903691706/?max_id=2449790645995116267_11903691706&min_timestamp=None&rank_token=49050629623_9b861045-40f8-46b0-92cb-afc18d4d49b3&ranked_content=true returned response: <Response [200]>
2021-08-11 13:37:47,629 - instabot version: 0.117.0 (api) - DEBUG - GET to endpoint: feed/user/11903691706/?max_id=2418622022374716602_11903691706&min_timestamp=None&rank_token=49050629623_9b861045-40f8-46b0-92cb-afc18d4d49b3&ranked_content=true returned response: <Response [200]>
2021-08-11 13:37:48,432 - instabot version: 0.117.0 (api) - DEBUG - GET to endpoint: feed/user/11903691706/?max_id=2404833163803378008_11903691706&min_timestamp=None&rank_token=49050629623_9b861045-40f8-46b0-92cb-afc18d4d49b3&ranked_content=true returned response: <Response [200]>
2021-08-11 13:37:49,514 - instabot version: 0.117.0 (api) - DEBUG - GET to endpoint: feed/user/11903691706/?max_id=2393836932940241052_11903691706&min_timestamp=None&rank_token=49050629623_9b861045-40f8-46b0-92cb-afc18d4d49b3&ranked_content=true returned response: <Response [200]>
2021-08-11 13:37:50,150 - instabot version: 0.117.0 (api) - DEBUG - GET to endpoint: feed/user/11903691706/?max_id=2374251292317278856_11903691706&min_timestamp=None&rank_token=49050629623_9b861045-40f8-46b0-92cb-afc18d4d49b3&ranked_content=true returned response: <Response [200]>
2021-08-11 13:37:50,716 - instabot version: 0.117.0 (api) - DEBUG - GET to endpoint: feed/user/11903691706/?max_id=2367216812385838864_11903691706&min_timestamp=None&rank_token=49050629623_9b861045-40f8-46b0-92cb-afc18d4d49b3&ranked_content=true returned response: <Response [200]>
2021-08-11 13:37:51,397 - instabot version: 0.117.0 (api) - DEBUG - GET to endpoint: feed/user/11903691706/?max_id=2362777918613246077_11903691706&min_timestamp=None&rank_token=49050629623_9b861045-40f8-46b0-92cb-afc18d4d49b3&ranked_content=true returned response: <Response [200]>
2021-08-11 13:37:52,029 - instabot version: 0.117.0 (api) - DEBUG - GET to endpoint: feed/user/11903691706/?max_id=2358374579603762635_11903691706&min_timestamp=None&rank_token=49050629623_9b861045-40f8-46b0-92cb-afc18d4d49b3&ranked_content=true returned response: <Response [200]>
2021-08-11 13:37:52,736 - instabot version: 0.117.0 (api) - DEBUG - GET to endpoint: feed/user/11903691706/?max_id=2354793115234564372_11903691706&min_timestamp=None&rank_token=49050629623_9b861045-40f8-46b0-92cb-afc18d4d49b3&ranked_content=true returned response: <Response [200]>
2021-08-11 13:37:53,360 - instabot version: 0.117.0 (api) - DEBUG - GET to endpoint: feed/user/11903691706/?max_id=2350470910883181649_11903691706&min_timestamp=None&rank_token=49050629623_9b861045-40f8-46b0-92cb-afc18d4d49b3&ranked_content=true returned response: <Response [200]>
2021-08-11 13:37:53,988 - instabot version: 0.117.0 (api) - DEBUG - GET to endpoint: feed/user/11903691706/?max_id=2343953624554994548_11903691706&min_timestamp=None&rank_token=49050629623_9b861045-40f8-46b0-92cb-afc18d4d49b3&ranked_content=true returned response: <Response [200]>
2021-08-11 13:37:54,809 - instabot version: 0.117.0 (api) - DEBUG - GET to endpoint: feed/user/11903691706/?max_id=2340180248614939335_11903691706&min_timestamp=None&rank_token=49050629623_9b861045-40f8-46b0-92cb-afc18d4d49b3&ranked_content=true returned response: <Response [200]>
2021-08-11 13:37:55,488 - instabot version: 0.117.0 (api) - DEBUG - GET to endpoint: feed/user/11903691706/?max_id=2337353135499429186_11903691706&min_timestamp=None&rank_token=49050629623_9b861045-40f8-46b0-92cb-afc18d4d49b3&ranked_content=true returned response: <Response [200]>
2021-08-11 13:37:56,066 - instabot version: 0.117.0 (api) - DEBUG - GET to endpoint: feed/user/11903691706/?max_id=2333765418622414159_11903691706&min_timestamp=None&rank_token=49050629623_9b861045-40f8-46b0-92cb-afc18d4d49b3&ranked_content=true returned response: <Response [200]>
2021-08-11 13:37:56,911 - instabot version: 0.117.0 (api) - DEBUG - GET to endpoint: feed/user/11903691706/?max_id=2329368830571640461_11903691706&min_timestamp=None&rank_token=49050629623_9b861045-40f8-46b0-92cb-afc18d4d49b3&ranked_content=true returned response: <Response [200]>
2021-08-11 13:37:57,444 - instabot version: 0.117.0 (api) - DEBUG - GET to endpoint: feed/user/11903691706/?max_id=2317103032767590745_11903691706&min_timestamp=None&rank_token=49050629623_9b861045-40f8-46b0-92cb-afc18d4d49b3&ranked_content=true returned response: <Response [200]>
2021-08-11 13:37:57,993 - instabot version: 0.117.0 (api) - DEBUG - GET to endpoint: feed/user/11903691706/?max_id=2310695489606473092_11903691706&min_timestamp=None&rank_token=49050629623_9b861045-40f8-46b0-92cb-afc18d4d49b3&ranked_content=true returned response: <Response [200]>
2021-08-11 13:37:58,487 - instabot version: 0.117.0 (api) - DEBUG - GET to endpoint: feed/user/11903691706/?max_id=2305595880152441760_11903691706&min_timestamp=None&rank_token=49050629623_9b861045-40f8-46b0-92cb-afc18d4d49b3&ranked_content=true returned response: <Response [200]>
2021-08-11 13:37:59,162 - instabot version: 0.117.0 (api) - DEBUG - GET to endpoint: feed/user/11903691706/?max_id=2301214794676919301_11903691706&min_timestamp=None&rank_token=49050629623_9b861045-40f8-46b0-92cb-afc18d4d49b3&ranked_content=true returned response: <Response [200]>
2021-08-11 13:37:59,734 - instabot version: 0.117.0 (api) - DEBUG - GET to endpoint: feed/user/11903691706/?max_id=2296128691678526935_11903691706&min_timestamp=None&rank_token=49050629623_9b861045-40f8-46b0-92cb-afc18d4d49b3&ranked_content=true returned response: <Response [200]>
2021-08-11 13:38:00,639 - instabot version: 0.117.0 (api) - DEBUG - GET to endpoint: feed/user/11903691706/?max_id=2288915337885212710_11903691706&min_timestamp=None&rank_token=49050629623_9b861045-40f8-46b0-92cb-afc18d4d49b3&ranked_content=true returned response: <Response [200]>
2021-08-11 13:38:02,353 - instabot version: 0.117.0 (api) - DEBUG - GET to endpoint: feed/user/11903691706/?max_id=2283158334956919968_11903691706&min_timestamp=None&rank_token=49050629623_9b861045-40f8-46b0-92cb-afc18d4d49b3&ranked_content=true returned response: <Response [200]>
2021-08-11 13:38:03,076 - instabot version: 0.117.0 (api) - DEBUG - GET to endpoint: feed/user/11903691706/?max_id=2259923806746785037_11903691706&min_timestamp=None&rank_token=49050629623_9b861045-40f8-46b0-92cb-afc18d4d49b3&ranked_content=true returned response: <Response [200]>
2021-08-11 13:38:03,676 - instabot version: 0.117.0 (api) - DEBUG - GET to endpoint: feed/user/11903691706/?max_id=2254005344027422237_11903691706&min_timestamp=None&rank_token=49050629623_9b861045-40f8-46b0-92cb-afc18d4d49b3&ranked_content=true returned response: <Response [200]>
2021-08-11 13:38:04,262 - instabot version: 0.117.0 (api) - DEBUG - GET to endpoint: feed/user/11903691706/?max_id=2188824952287244054_11903691706&min_timestamp=None&rank_token=49050629623_9b861045-40f8-46b0-92cb-afc18d4d49b3&ranked_content=true returned response: <Response [200]>
2021-08-11 13:38:05,045 - instabot version: 0.117.0 (api) - DEBUG - GET to endpoint: feed/user/11903691706/?max_id=2179530985984972246_11903691706&min_timestamp=None&rank_token=49050629623_9b861045-40f8-46b0-92cb-afc18d4d49b3&ranked_content=true returned response: <Response [200]>
2021-08-11 13:38:05,281 - instabot version: 0.117.0 (api) - DEBUG - GET to endpoint: feed/user/11903691706/?max_id=2167156039925270625_11903691706&min_timestamp=None&rank_token=49050629623_9b861045-40f8-46b0-92cb-afc18d4d49b3&ranked_content=true returned response: <Response [200]>
2021-08-11 13:38:05,533 - instabot version: 0.117.0 (api) - DEBUG - GET to endpoint: users/vocabexpansion/usernameinfo/ returned response: <Response [200]>
2021-08-11 13:38:06,467 - instabot version: 0.117.0 (api) - DEBUG - GET to endpoint: media/2481636672636564778_11903691706/info/ returned response: <Response [200]>
2021-08-11 13:38:06,870 - instabot version: 0.117.0 (api) - DEBUG - POST to endpoint: direct_v2/threads/broadcast/media_share/ returned response: <Response [200]>
2021-08-11 13:38:07,505 - instabot version: 0.117.0 (api) - DEBUG - POST to endpoint: direct_v2/inbox/ returned response: <Response [200]>
2021-08-11 13:38:07,507 - instabot version: 0.117.0 (bot_checkpoint) - DEBUG - Saving Checkpoint file to: D:\Programming\2021\InstaBot/config/derbgang.checkpoint
2021-08-11 13:38:07,508 - instabot version: 0.117.0 (bot) - INFO - Total messages: 10/86
2021-08-11 13:38:07,508 - instabot version: 0.117.0 (bot) - INFO - Total requests: 2278
