2021-08-10 00:29:05,927 - instabot version: 0.117.0 (bot) - INFO - Instabot version: 0.117.0 Started
2021-08-10 00:29:05,927 - instabot version: 0.117.0 (bot) - DEBUG - Bot imported from C:\Users\skyem\AppData\Local\Programs\Python\Python39\lib\site-packages\instabot\bot\bot.py
2021-08-10 00:29:07,207 - instabot version: 0.117.0 (api_login) - INFO - Not yet logged in starting: PRE-LOGIN FLOW!
2021-08-10 00:29:07,382 - instabot version: 0.117.0 (api) - DEBUG - POST to endpoint: accounts/get_prefill_candidates/ returned response: <Response [200]>
2021-08-10 00:29:07,614 - instabot version: 0.117.0 (api) - DEBUG - POST to endpoint: qe/sync/ returned response: <Response [200]>
2021-08-10 00:29:07,831 - instabot version: 0.117.0 (api) - DEBUG - POST to endpoint: launcher/sync/ returned response: <Response [200]>
2021-08-10 00:29:07,997 - instabot version: 0.117.0 (api) - DEBUG - POST to endpoint: accounts/contact_point_prefill/ returned response: <Response [200]>
2021-08-10 00:29:09,632 - instabot version: 0.117.0 (api) - DEBUG - POST to endpoint: accounts/login/ returned response: <Response [200]>
2021-08-10 00:29:09,632 - instabot version: 0.117.0 (api) - INFO - Logged-in successfully as 'derbgang'!
2021-08-10 00:29:09,633 - instabot version: 0.117.0 (api_login) - INFO - LOGIN FLOW! Just logged-in: True
2021-08-10 00:29:09,917 - instabot version: 0.117.0 (api) - DEBUG - POST to endpoint: qe/sync/ returned response: <Response [200]>
2021-08-10 00:29:10,150 - instabot version: 0.117.0 (api) - DEBUG - POST to endpoint: launcher/sync/ returned response: <Response [200]>
2021-08-10 00:29:10,302 - instabot version: 0.117.0 (api) - DEBUG - GET to endpoint: zr/token/result/?device_id=android-482d8e988b586de3&token_hash=&custom_device_id=android-482d8e988b586de3&fetch_reason=token_expired returned response: <Response [200]>
2021-08-10 00:29:10,453 - instabot version: 0.117.0 (api) - DEBUG - GET to endpoint: multiple_accounts/get_account_family/ returned response: <Response [200]>
2021-08-10 00:29:10,652 - instabot version: 0.117.0 (api) - DEBUG - POST to endpoint: qe/sync/ returned response: <Response [200]>
2021-08-10 00:29:11,118 - instabot version: 0.117.0 (api) - DEBUG - GET to endpoint: igtv/browse_feed/?prefetch=1 returned response: <Response [200]>
2021-08-10 00:29:11,271 - instabot version: 0.117.0 (api) - DEBUG - POST to endpoint: creatives/ar_class/ returned response: <Response [200]>
2021-08-10 00:29:12,352 - instabot version: 0.117.0 (api) - DEBUG - POST to endpoint: feed/reels_tray/ returned response: <Response [200]>
2021-08-10 00:29:13,315 - instabot version: 0.117.0 (api) - DEBUG - POST to endpoint: feed/timeline/ returned response: <Response [200]>
2021-08-10 00:29:13,455 - instabot version: 0.117.0 (api) - DEBUG - GET to endpoint: media/blocked/ returned response: <Response [200]>
2021-08-10 00:29:14,012 - instabot version: 0.117.0 (api) - DEBUG - GET to endpoint: news/inbox/ returned response: <Response [200]>
2021-08-10 00:29:14,193 - instabot version: 0.117.0 (api) - DEBUG - GET to endpoint: loom/fetch_config/ returned response: <Response [200]>
2021-08-10 00:29:14,425 - instabot version: 0.117.0 (api) - DEBUG - GET to endpoint: scores/bootstrap/users/?surfaces=["autocomplete_user_list","coefficient_besties_list_ranking","coefficient_rank_recipient_user_suggestion","coefficient_ios_section_test_bootstrap_ranking","coefficient_direct_recipients_ranking_variant_2"] returned response: <Response [200]>
2021-08-10 00:29:14,613 - instabot version: 0.117.0 (api) - DEBUG - GET to endpoint: business/eligibility/get_monetization_products_eligibility_data/?product_types=branded_content returned response: <Response [200]>
2021-08-10 00:29:14,787 - instabot version: 0.117.0 (api) - DEBUG - GET to endpoint: business/branded_content/should_require_professional_account/ returned response: <Response [200]>
2021-08-10 00:29:14,950 - instabot version: 0.117.0 (api) - DEBUG - GET to endpoint: linked_accounts/get_linkage_status/ returned response: <Response [200]>
2021-08-10 00:29:15,122 - instabot version: 0.117.0 (api) - DEBUG - GET to endpoint: locations/request_country/ returned response: <Response [200]>
2021-08-10 00:29:15,267 - instabot version: 0.117.0 (api) - DEBUG - GET to endpoint: qp/get_cooldowns/?signed_body=signed_body=4b9c516a5410a3bc128e09c6104a7f042146b9c2023870560c63a43a7f66781c.4&ig_sig_key_version=4&ig_sig_key_version=4 returned response: <Response [200]>
2021-08-10 00:29:15,412 - instabot version: 0.117.0 (api) - DEBUG - GET to endpoint: users/arlink_download_info/?version_override=2.2.1 returned response: <Response [200]>
2021-08-10 00:29:15,769 - instabot version: 0.117.0 (api) - DEBUG - GET to endpoint: users/49050629623/info/ returned response: <Response [200]>
2021-08-10 00:29:16,395 - instabot version: 0.117.0 (api) - DEBUG - GET to endpoint: direct_v2/get_presence/ returned response: <Response [200]>
2021-08-10 00:29:17,186 - instabot version: 0.117.0 (api) - DEBUG - GET to endpoint: direct_v2/inbox/?visual_message_return_type=unseen&thread_message_limit=10&persistentBadging=true&limit=20 returned response: <Response [200]>
2021-08-10 00:29:17,371 - instabot version: 0.117.0 (api) - DEBUG - GET to endpoint: direct_v2/inbox/?visual_message_return_type=unseen&persistentBadging=true&limit=0 returned response: <Response [200]>
2021-08-10 00:29:17,564 - instabot version: 0.117.0 (api) - DEBUG - GET to endpoint: discover/topical_explore/?is_prefetch=true&omit_cover_media=true&use_sectional_payload=true&timezone_offset=0&session_id=75fe3356-5ec2-4696-a07c-175584981d4b&include_fixed_destinations=true returned response: <Response [200]>
2021-08-10 00:29:17,733 - instabot version: 0.117.0 (api) - DEBUG - POST to endpoint: notifications/badge/ returned response: <Response [200]>
2021-08-10 00:29:17,993 - instabot version: 0.117.0 (api) - DEBUG - POST to endpoint: qp/batch_fetch/ returned response: <Response [200]>
2021-08-10 00:29:17,994 - instabot version: 0.117.0 (bot_checkpoint) - DEBUG - Loading Checkpoint file from: D:\Programming\2021\InstaBot/config/derbgang.checkpoint
2021-08-10 00:29:43,497 - instabot version: 0.117.0 (api) - DEBUG - GET to endpoint: users/savagerealms.jemima/usernameinfo/ returned response: <Response [200]>
2021-08-10 00:29:44,921 - instabot version: 0.117.0 (api) - DEBUG - GET to endpoint: feed/user/11903691706/?max_id=&min_timestamp=None&rank_token=49050629623_17b9fe5a-d677-4d7f-8b13-d5f5cb31154b&ranked_content=true returned response: <Response [200]>
2021-08-10 00:29:45,691 - instabot version: 0.117.0 (api) - DEBUG - GET to endpoint: feed/user/11903691706/?max_id=2588875177397620242_11903691706&min_timestamp=None&rank_token=49050629623_17b9fe5a-d677-4d7f-8b13-d5f5cb31154b&ranked_content=true returned response: <Response [200]>
2021-08-10 00:29:46,348 - instabot version: 0.117.0 (api) - DEBUG - GET to endpoint: feed/user/11903691706/?max_id=2546776962661940047_11903691706&min_timestamp=None&rank_token=49050629623_17b9fe5a-d677-4d7f-8b13-d5f5cb31154b&ranked_content=true returned response: <Response [200]>
2021-08-10 00:29:47,139 - instabot version: 0.117.0 (api) - DEBUG - GET to endpoint: feed/user/11903691706/?max_id=2503402903060177446_11903691706&min_timestamp=None&rank_token=49050629623_17b9fe5a-d677-4d7f-8b13-d5f5cb31154b&ranked_content=true returned response: <Response [200]>
2021-08-10 00:29:48,457 - instabot version: 0.117.0 (api) - DEBUG - GET to endpoint: feed/user/11903691706/?max_id=2472268084901410134_11903691706&min_timestamp=None&rank_token=49050629623_17b9fe5a-d677-4d7f-8b13-d5f5cb31154b&ranked_content=true returned response: <Response [200]>
2021-08-10 00:29:49,058 - instabot version: 0.117.0 (api) - DEBUG - GET to endpoint: feed/user/11903691706/?max_id=2449035506388074955_11903691706&min_timestamp=None&rank_token=49050629623_17b9fe5a-d677-4d7f-8b13-d5f5cb31154b&ranked_content=true returned response: <Response [200]>
2021-08-10 00:29:49,519 - instabot version: 0.117.0 (api) - DEBUG - GET to endpoint: feed/user/11903691706/?max_id=2418540064407973255_11903691706&min_timestamp=None&rank_token=49050629623_17b9fe5a-d677-4d7f-8b13-d5f5cb31154b&ranked_content=true returned response: <Response [200]>
2021-08-10 00:29:50,174 - instabot version: 0.117.0 (api) - DEBUG - GET to endpoint: feed/user/11903691706/?max_id=2403349250329817992_11903691706&min_timestamp=None&rank_token=49050629623_17b9fe5a-d677-4d7f-8b13-d5f5cb31154b&ranked_content=true returned response: <Response [200]>
2021-08-10 00:29:51,089 - instabot version: 0.117.0 (api) - DEBUG - GET to endpoint: feed/user/11903691706/?max_id=2393290098794575044_11903691706&min_timestamp=None&rank_token=49050629623_17b9fe5a-d677-4d7f-8b13-d5f5cb31154b&ranked_content=true returned response: <Response [200]>
2021-08-10 00:29:51,646 - instabot version: 0.117.0 (api) - DEBUG - GET to endpoint: feed/user/11903691706/?max_id=2373692985508776176_11903691706&min_timestamp=None&rank_token=49050629623_17b9fe5a-d677-4d7f-8b13-d5f5cb31154b&ranked_content=true returned response: <Response [200]>
2021-08-10 00:29:52,216 - instabot version: 0.117.0 (api) - DEBUG - GET to endpoint: feed/user/11903691706/?max_id=2367141866221461039_11903691706&min_timestamp=None&rank_token=49050629623_17b9fe5a-d677-4d7f-8b13-d5f5cb31154b&ranked_content=true returned response: <Response [200]>
2021-08-10 00:29:52,817 - instabot version: 0.117.0 (api) - DEBUG - GET to endpoint: feed/user/11903691706/?max_id=2362698753549688596_11903691706&min_timestamp=None&rank_token=49050629623_17b9fe5a-d677-4d7f-8b13-d5f5cb31154b&ranked_content=true returned response: <Response [200]>
2021-08-10 00:29:53,355 - instabot version: 0.117.0 (api) - DEBUG - GET to endpoint: feed/user/11903691706/?max_id=2357736610093979793_11903691706&min_timestamp=None&rank_token=49050629623_17b9fe5a-d677-4d7f-8b13-d5f5cb31154b&ranked_content=true returned response: <Response [200]>
2021-08-10 00:29:53,883 - instabot version: 0.117.0 (api) - DEBUG - GET to endpoint: feed/user/11903691706/?max_id=2354736317588609636_11903691706&min_timestamp=None&rank_token=49050629623_17b9fe5a-d677-4d7f-8b13-d5f5cb31154b&ranked_content=true returned response: <Response [200]>
2021-08-10 00:29:54,375 - instabot version: 0.117.0 (api) - DEBUG - GET to endpoint: feed/user/11903691706/?max_id=2350429683265607682_11903691706&min_timestamp=None&rank_token=49050629623_17b9fe5a-d677-4d7f-8b13-d5f5cb31154b&ranked_content=true returned response: <Response [200]>
2021-08-10 00:29:54,946 - instabot version: 0.117.0 (api) - DEBUG - GET to endpoint: feed/user/11903691706/?max_id=2343264999085277922_11903691706&min_timestamp=None&rank_token=49050629623_17b9fe5a-d677-4d7f-8b13-d5f5cb31154b&ranked_content=true returned response: <Response [200]>
2021-08-10 00:29:55,560 - instabot version: 0.117.0 (api) - DEBUG - GET to endpoint: feed/user/11903691706/?max_id=2339674735410409812_11903691706&min_timestamp=None&rank_token=49050629623_17b9fe5a-d677-4d7f-8b13-d5f5cb31154b&ranked_content=true returned response: <Response [200]>
2021-08-10 00:29:56,187 - instabot version: 0.117.0 (api) - DEBUG - GET to endpoint: feed/user/11903691706/?max_id=2336787591251410706_11903691706&min_timestamp=None&rank_token=49050629623_17b9fe5a-d677-4d7f-8b13-d5f5cb31154b&ranked_content=true returned response: <Response [200]>
2021-08-10 00:29:56,678 - instabot version: 0.117.0 (api) - DEBUG - GET to endpoint: feed/user/11903691706/?max_id=2333734323898261254_11903691706&min_timestamp=None&rank_token=49050629623_17b9fe5a-d677-4d7f-8b13-d5f5cb31154b&ranked_content=true returned response: <Response [200]>
2021-08-10 00:29:57,219 - instabot version: 0.117.0 (api) - DEBUG - GET to endpoint: feed/user/11903691706/?max_id=2329311587096361557_11903691706&min_timestamp=None&rank_token=49050629623_17b9fe5a-d677-4d7f-8b13-d5f5cb31154b&ranked_content=true returned response: <Response [200]>
2021-08-10 00:29:57,724 - instabot version: 0.117.0 (api) - DEBUG - GET to endpoint: feed/user/11903691706/?max_id=2316457774882856904_11903691706&min_timestamp=None&rank_token=49050629623_17b9fe5a-d677-4d7f-8b13-d5f5cb31154b&ranked_content=true returned response: <Response [200]>
2021-08-10 00:29:58,223 - instabot version: 0.117.0 (api) - DEBUG - GET to endpoint: feed/user/11903691706/?max_id=2310591509144428379_11903691706&min_timestamp=None&rank_token=49050629623_17b9fe5a-d677-4d7f-8b13-d5f5cb31154b&ranked_content=true returned response: <Response [200]>
2021-08-10 00:29:58,654 - instabot version: 0.117.0 (api) - DEBUG - GET to endpoint: feed/user/11903691706/?max_id=2305493045456859231_11903691706&min_timestamp=None&rank_token=49050629623_17b9fe5a-d677-4d7f-8b13-d5f5cb31154b&ranked_content=true returned response: <Response [200]>
2021-08-10 00:29:59,205 - instabot version: 0.117.0 (api) - DEBUG - GET to endpoint: feed/user/11903691706/?max_id=2301201357519287470_11903691706&min_timestamp=None&rank_token=49050629623_17b9fe5a-d677-4d7f-8b13-d5f5cb31154b&ranked_content=true returned response: <Response [200]>
2021-08-10 00:29:59,720 - instabot version: 0.117.0 (api) - DEBUG - GET to endpoint: feed/user/11903691706/?max_id=2295951860820292176_11903691706&min_timestamp=None&rank_token=49050629623_17b9fe5a-d677-4d7f-8b13-d5f5cb31154b&ranked_content=true returned response: <Response [200]>
2021-08-10 00:30:00,260 - instabot version: 0.117.0 (api) - DEBUG - GET to endpoint: feed/user/11903691706/?max_id=2288257789045743978_11903691706&min_timestamp=None&rank_token=49050629623_17b9fe5a-d677-4d7f-8b13-d5f5cb31154b&ranked_content=true returned response: <Response [200]>
2021-08-10 00:30:00,794 - instabot version: 0.117.0 (api) - DEBUG - GET to endpoint: feed/user/11903691706/?max_id=2283079176411219802_11903691706&min_timestamp=None&rank_token=49050629623_17b9fe5a-d677-4d7f-8b13-d5f5cb31154b&ranked_content=true returned response: <Response [200]>
2021-08-10 00:30:01,336 - instabot version: 0.117.0 (api) - DEBUG - GET to endpoint: feed/user/11903691706/?max_id=2259915456877232158_11903691706&min_timestamp=None&rank_token=49050629623_17b9fe5a-d677-4d7f-8b13-d5f5cb31154b&ranked_content=true returned response: <Response [200]>
2021-08-10 00:30:01,922 - instabot version: 0.117.0 (api) - DEBUG - GET to endpoint: feed/user/11903691706/?max_id=2253577999311181494_11903691706&min_timestamp=None&rank_token=49050629623_17b9fe5a-d677-4d7f-8b13-d5f5cb31154b&ranked_content=true returned response: <Response [200]>
2021-08-10 00:30:02,536 - instabot version: 0.117.0 (api) - DEBUG - GET to endpoint: feed/user/11903691706/?max_id=2186720324544323755_11903691706&min_timestamp=None&rank_token=49050629623_17b9fe5a-d677-4d7f-8b13-d5f5cb31154b&ranked_content=true returned response: <Response [200]>
2021-08-10 00:30:03,066 - instabot version: 0.117.0 (api) - DEBUG - GET to endpoint: feed/user/11903691706/?max_id=2179432440292205572_11903691706&min_timestamp=None&rank_token=49050629623_17b9fe5a-d677-4d7f-8b13-d5f5cb31154b&ranked_content=true returned response: <Response [200]>
2021-08-10 00:30:03,294 - instabot version: 0.117.0 (api) - DEBUG - GET to endpoint: feed/user/11903691706/?max_id=2166398410227707356_11903691706&min_timestamp=None&rank_token=49050629623_17b9fe5a-d677-4d7f-8b13-d5f5cb31154b&ranked_content=true returned response: <Response [200]>
2021-08-10 00:30:03,509 - instabot version: 0.117.0 (api) - DEBUG - GET to endpoint: users/vocabexpansion/usernameinfo/ returned response: <Response [200]>
2021-08-10 00:30:04,163 - instabot version: 0.117.0 (api) - DEBUG - GET to endpoint: media/2412851952906294529_11903691706/info/ returned response: <Response [200]>
2021-08-10 00:30:04,589 - instabot version: 0.117.0 (api) - DEBUG - POST to endpoint: direct_v2/threads/broadcast/media_share/ returned response: <Response [200]>
2021-08-10 00:30:04,976 - instabot version: 0.117.0 (api) - DEBUG - POST to endpoint: direct_v2/inbox/ returned response: <Response [200]>
2021-08-10 00:30:05,297 - instabot version: 0.117.0 (api) - DEBUG - POST to endpoint: direct_v2/inbox/ returned response: <Response [200]>
2021-08-10 00:30:05,702 - instabot version: 0.117.0 (api) - DEBUG - POST to endpoint: direct_v2/inbox/ returned response: <Response [200]>
2021-08-10 00:30:06,008 - instabot version: 0.117.0 (api) - DEBUG - POST to endpoint: direct_v2/inbox/ returned response: <Response [200]>
2021-08-10 00:30:06,355 - instabot version: 0.117.0 (api) - DEBUG - POST to endpoint: direct_v2/inbox/ returned response: <Response [200]>
2021-08-10 00:30:06,685 - instabot version: 0.117.0 (api) - DEBUG - POST to endpoint: direct_v2/inbox/ returned response: <Response [200]>
2021-08-10 00:30:06,998 - instabot version: 0.117.0 (api) - DEBUG - POST to endpoint: direct_v2/inbox/ returned response: <Response [200]>
2021-08-10 00:30:07,370 - instabot version: 0.117.0 (api) - DEBUG - POST to endpoint: direct_v2/inbox/ returned response: <Response [200]>
2021-08-10 00:30:07,911 - instabot version: 0.117.0 (api) - DEBUG - POST to endpoint: direct_v2/inbox/ returned response: <Response [200]>
2021-08-10 00:30:08,332 - instabot version: 0.117.0 (api) - DEBUG - POST to endpoint: direct_v2/inbox/ returned response: <Response [200]>
2021-08-10 00:30:11,976 - instabot version: 0.117.0 (api) - DEBUG - POST to endpoint: direct_v2/inbox/ returned response: <Response [200]>
2021-08-10 00:30:12,284 - instabot version: 0.117.0 (api) - DEBUG - POST to endpoint: direct_v2/inbox/ returned response: <Response [200]>
2021-08-10 00:30:12,617 - instabot version: 0.117.0 (api) - DEBUG - POST to endpoint: direct_v2/inbox/ returned response: <Response [200]>
2021-08-10 00:30:13,068 - instabot version: 0.117.0 (api) - DEBUG - POST to endpoint: direct_v2/inbox/ returned response: <Response [200]>
2021-08-10 00:30:13,384 - instabot version: 0.117.0 (api) - DEBUG - POST to endpoint: direct_v2/inbox/ returned response: <Response [200]>
2021-08-10 00:30:13,694 - instabot version: 0.117.0 (api) - DEBUG - POST to endpoint: direct_v2/inbox/ returned response: <Response [200]>
2021-08-10 00:30:14,025 - instabot version: 0.117.0 (api) - DEBUG - POST to endpoint: direct_v2/inbox/ returned response: <Response [200]>
2021-08-10 00:30:14,346 - instabot version: 0.117.0 (api) - DEBUG - POST to endpoint: direct_v2/inbox/ returned response: <Response [200]>
2021-08-10 00:30:14,695 - instabot version: 0.117.0 (api) - DEBUG - POST to endpoint: direct_v2/inbox/ returned response: <Response [200]>
2021-08-10 00:30:15,140 - instabot version: 0.117.0 (api) - DEBUG - POST to endpoint: direct_v2/inbox/ returned response: <Response [200]>
2021-08-10 00:30:15,404 - instabot version: 0.117.0 (api) - DEBUG - POST to endpoint: direct_v2/inbox/ returned response: <Response [429]>
2021-08-10 00:30:15,404 - instabot version: 0.117.0 (api) - DEBUG - Responsecode indicates error; response content: b'{"message":"Please wait a few minutes before you try again.","status":"fail"}'
2021-08-10 00:30:15,404 - instabot version: 0.117.0 (api) - ERROR - Request returns 429 error!
2021-08-10 00:30:15,404 - instabot version: 0.117.0 (api) - WARNING - That means 'too many requests'. I'll go to sleep for 5 minutes.
