2021-08-11 12:38:51,092 - instabot version: 0.117.0 (bot) - INFO - Instabot version: 0.117.0 Started
2021-08-11 12:38:51,092 - instabot version: 0.117.0 (bot) - DEBUG - Bot imported from C:\Users\skyem\AppData\Local\Programs\Python\Python39\lib\site-packages\instabot\bot\bot.py
2021-08-11 12:38:52,373 - instabot version: 0.117.0 (api_login) - INFO - Not yet logged in starting: PRE-LOGIN FLOW!
2021-08-11 12:38:52,581 - instabot version: 0.117.0 (api) - DEBUG - POST to endpoint: accounts/get_prefill_candidates/ returned response: <Response [200]>
2021-08-11 12:38:52,734 - instabot version: 0.117.0 (api) - DEBUG - POST to endpoint: qe/sync/ returned response: <Response [200]>
2021-08-11 12:38:52,889 - instabot version: 0.117.0 (api) - DEBUG - POST to endpoint: launcher/sync/ returned response: <Response [200]>
2021-08-11 12:38:53,057 - instabot version: 0.117.0 (api) - DEBUG - POST to endpoint: accounts/contact_point_prefill/ returned response: <Response [200]>
2021-08-11 12:38:54,631 - instabot version: 0.117.0 (api) - DEBUG - POST to endpoint: accounts/login/ returned response: <Response [200]>
2021-08-11 12:38:54,632 - instabot version: 0.117.0 (api) - INFO - Logged-in successfully as 'derbgang'!
2021-08-11 12:38:54,632 - instabot version: 0.117.0 (api_login) - INFO - LOGIN FLOW! Just logged-in: True
2021-08-11 12:38:54,847 - instabot version: 0.117.0 (api) - DEBUG - POST to endpoint: qe/sync/ returned response: <Response [200]>
2021-08-11 12:38:55,019 - instabot version: 0.117.0 (api) - DEBUG - POST to endpoint: launcher/sync/ returned response: <Response [200]>
2021-08-11 12:38:55,167 - instabot version: 0.117.0 (api) - DEBUG - GET to endpoint: zr/token/result/?device_id=android-482d8e988b586de3&token_hash=&custom_device_id=android-482d8e988b586de3&fetch_reason=token_expired returned response: <Response [200]>
2021-08-11 12:38:55,329 - instabot version: 0.117.0 (api) - DEBUG - GET to endpoint: multiple_accounts/get_account_family/ returned response: <Response [200]>
2021-08-11 12:38:55,496 - instabot version: 0.117.0 (api) - DEBUG - POST to endpoint: qe/sync/ returned response: <Response [200]>
2021-08-11 12:38:55,922 - instabot version: 0.117.0 (api) - DEBUG - GET to endpoint: igtv/browse_feed/?prefetch=1 returned response: <Response [200]>
2021-08-11 12:38:56,080 - instabot version: 0.117.0 (api) - DEBUG - POST to endpoint: creatives/ar_class/ returned response: <Response [200]>
2021-08-11 12:38:56,473 - instabot version: 0.117.0 (api) - DEBUG - POST to endpoint: feed/reels_tray/ returned response: <Response [200]>
2021-08-11 12:38:59,377 - instabot version: 0.117.0 (api) - DEBUG - POST to endpoint: feed/timeline/ returned response: <Response [200]>
2021-08-11 12:38:59,530 - instabot version: 0.117.0 (api) - DEBUG - GET to endpoint: media/blocked/ returned response: <Response [200]>
2021-08-11 12:39:00,105 - instabot version: 0.117.0 (api) - DEBUG - GET to endpoint: news/inbox/ returned response: <Response [200]>
2021-08-11 12:39:00,270 - instabot version: 0.117.0 (api) - DEBUG - GET to endpoint: loom/fetch_config/ returned response: <Response [200]>
2021-08-11 12:39:00,557 - instabot version: 0.117.0 (api) - DEBUG - GET to endpoint: scores/bootstrap/users/?surfaces=["autocomplete_user_list","coefficient_besties_list_ranking","coefficient_rank_recipient_user_suggestion","coefficient_ios_section_test_bootstrap_ranking","coefficient_direct_recipients_ranking_variant_2"] returned response: <Response [200]>
2021-08-11 12:39:00,718 - instabot version: 0.117.0 (api) - DEBUG - GET to endpoint: business/eligibility/get_monetization_products_eligibility_data/?product_types=branded_content returned response: <Response [200]>
2021-08-11 12:39:00,860 - instabot version: 0.117.0 (api) - DEBUG - GET to endpoint: business/branded_content/should_require_professional_account/ returned response: <Response [200]>
2021-08-11 12:39:01,190 - instabot version: 0.117.0 (api) - DEBUG - GET to endpoint: linked_accounts/get_linkage_status/ returned response: <Response [200]>
2021-08-11 12:39:01,370 - instabot version: 0.117.0 (api) - DEBUG - GET to endpoint: locations/request_country/ returned response: <Response [200]>
2021-08-11 12:39:01,524 - instabot version: 0.117.0 (api) - DEBUG - GET to endpoint: qp/get_cooldowns/?signed_body=signed_body=4b9c516a5410a3bc128e09c6104a7f042146b9c2023870560c63a43a7f66781c.4&ig_sig_key_version=4&ig_sig_key_version=4 returned response: <Response [200]>
2021-08-11 12:39:01,680 - instabot version: 0.117.0 (api) - DEBUG - GET to endpoint: users/arlink_download_info/?version_override=2.2.1 returned response: <Response [200]>
2021-08-11 12:39:02,053 - instabot version: 0.117.0 (api) - DEBUG - GET to endpoint: users/49050629623/info/ returned response: <Response [200]>
2021-08-11 12:39:02,509 - instabot version: 0.117.0 (api) - DEBUG - GET to endpoint: direct_v2/get_presence/ returned response: <Response [200]>
2021-08-11 12:39:03,206 - instabot version: 0.117.0 (api) - DEBUG - GET to endpoint: direct_v2/inbox/?visual_message_return_type=unseen&thread_message_limit=10&persistentBadging=true&limit=20 returned response: <Response [200]>
2021-08-11 12:39:03,406 - instabot version: 0.117.0 (api) - DEBUG - GET to endpoint: direct_v2/inbox/?visual_message_return_type=unseen&persistentBadging=true&limit=0 returned response: <Response [200]>
2021-08-11 12:39:04,940 - instabot version: 0.117.0 (api) - DEBUG - GET to endpoint: discover/topical_explore/?is_prefetch=true&omit_cover_media=true&use_sectional_payload=true&timezone_offset=0&session_id=58b67951-5c5a-4db3-8740-acc9fa97b2d2&include_fixed_destinations=true returned response: <Response [200]>
2021-08-11 12:39:05,101 - instabot version: 0.117.0 (api) - DEBUG - POST to endpoint: notifications/badge/ returned response: <Response [200]>
2021-08-11 12:39:05,370 - instabot version: 0.117.0 (api) - DEBUG - POST to endpoint: qp/batch_fetch/ returned response: <Response [200]>
2021-08-11 12:39:05,371 - instabot version: 0.117.0 (bot_checkpoint) - DEBUG - Loading Checkpoint file from: D:\Programming\2021\InstaBot/config/derbgang.checkpoint
2021-08-11 12:39:25,524 - instabot version: 0.117.0 (api) - DEBUG - GET to endpoint: users/savagerealms.jemima/usernameinfo/ returned response: <Response [200]>
2021-08-11 12:39:27,183 - instabot version: 0.117.0 (api) - DEBUG - GET to endpoint: feed/user/11903691706/?max_id=&min_timestamp=None&rank_token=49050629623_6b880e59-cc10-47da-a147-527187d55d1c&ranked_content=true returned response: <Response [200]>
2021-08-11 12:39:28,073 - instabot version: 0.117.0 (api) - DEBUG - GET to endpoint: feed/user/11903691706/?max_id=2589614095055212282_11903691706&min_timestamp=None&rank_token=49050629623_6b880e59-cc10-47da-a147-527187d55d1c&ranked_content=true returned response: <Response [200]>
2021-08-11 12:39:28,794 - instabot version: 0.117.0 (api) - DEBUG - GET to endpoint: feed/user/11903691706/?max_id=2546844263205701543_11903691706&min_timestamp=None&rank_token=49050629623_6b880e59-cc10-47da-a147-527187d55d1c&ranked_content=true returned response: <Response [200]>
2021-08-11 12:39:29,498 - instabot version: 0.117.0 (api) - DEBUG - GET to endpoint: feed/user/11903691706/?max_id=2504089968475767028_11903691706&min_timestamp=None&rank_token=49050629623_6b880e59-cc10-47da-a147-527187d55d1c&ranked_content=true returned response: <Response [200]>
2021-08-11 12:39:30,165 - instabot version: 0.117.0 (api) - DEBUG - GET to endpoint: feed/user/11903691706/?max_id=2481636672636564778_11903691706&min_timestamp=None&rank_token=49050629623_6b880e59-cc10-47da-a147-527187d55d1c&ranked_content=true returned response: <Response [200]>
2021-08-11 12:39:30,885 - instabot version: 0.117.0 (api) - DEBUG - GET to endpoint: feed/user/11903691706/?max_id=2449790645995116267_11903691706&min_timestamp=None&rank_token=49050629623_6b880e59-cc10-47da-a147-527187d55d1c&ranked_content=true returned response: <Response [200]>
2021-08-11 12:39:31,423 - instabot version: 0.117.0 (api) - DEBUG - GET to endpoint: feed/user/11903691706/?max_id=2418622022374716602_11903691706&min_timestamp=None&rank_token=49050629623_6b880e59-cc10-47da-a147-527187d55d1c&ranked_content=true returned response: <Response [200]>
2021-08-11 12:39:32,063 - instabot version: 0.117.0 (api) - DEBUG - GET to endpoint: feed/user/11903691706/?max_id=2404833163803378008_11903691706&min_timestamp=None&rank_token=49050629623_6b880e59-cc10-47da-a147-527187d55d1c&ranked_content=true returned response: <Response [200]>
2021-08-11 12:39:33,267 - instabot version: 0.117.0 (api) - DEBUG - GET to endpoint: feed/user/11903691706/?max_id=2393836932940241052_11903691706&min_timestamp=None&rank_token=49050629623_6b880e59-cc10-47da-a147-527187d55d1c&ranked_content=true returned response: <Response [200]>
2021-08-11 12:39:34,080 - instabot version: 0.117.0 (api) - DEBUG - GET to endpoint: feed/user/11903691706/?max_id=2374251292317278856_11903691706&min_timestamp=None&rank_token=49050629623_6b880e59-cc10-47da-a147-527187d55d1c&ranked_content=true returned response: <Response [200]>
2021-08-11 12:39:34,662 - instabot version: 0.117.0 (api) - DEBUG - GET to endpoint: feed/user/11903691706/?max_id=2367216812385838864_11903691706&min_timestamp=None&rank_token=49050629623_6b880e59-cc10-47da-a147-527187d55d1c&ranked_content=true returned response: <Response [200]>
2021-08-11 12:39:36,543 - instabot version: 0.117.0 (api) - DEBUG - GET to endpoint: feed/user/11903691706/?max_id=2362777918613246077_11903691706&min_timestamp=None&rank_token=49050629623_6b880e59-cc10-47da-a147-527187d55d1c&ranked_content=true returned response: <Response [200]>
2021-08-11 12:39:37,297 - instabot version: 0.117.0 (api) - DEBUG - GET to endpoint: feed/user/11903691706/?max_id=2358374579603762635_11903691706&min_timestamp=None&rank_token=49050629623_6b880e59-cc10-47da-a147-527187d55d1c&ranked_content=true returned response: <Response [200]>
2021-08-11 12:39:38,194 - instabot version: 0.117.0 (api) - DEBUG - GET to endpoint: feed/user/11903691706/?max_id=2354793115234564372_11903691706&min_timestamp=None&rank_token=49050629623_6b880e59-cc10-47da-a147-527187d55d1c&ranked_content=true returned response: <Response [200]>
2021-08-11 12:39:38,888 - instabot version: 0.117.0 (api) - DEBUG - GET to endpoint: feed/user/11903691706/?max_id=2350470910883181649_11903691706&min_timestamp=None&rank_token=49050629623_6b880e59-cc10-47da-a147-527187d55d1c&ranked_content=true returned response: <Response [200]>
2021-08-11 12:39:39,959 - instabot version: 0.117.0 (api) - DEBUG - GET to endpoint: feed/user/11903691706/?max_id=2343953624554994548_11903691706&min_timestamp=None&rank_token=49050629623_6b880e59-cc10-47da-a147-527187d55d1c&ranked_content=true returned response: <Response [200]>
2021-08-11 12:39:40,943 - instabot version: 0.117.0 (api) - DEBUG - GET to endpoint: feed/user/11903691706/?max_id=2340180248614939335_11903691706&min_timestamp=None&rank_token=49050629623_6b880e59-cc10-47da-a147-527187d55d1c&ranked_content=true returned response: <Response [200]>
2021-08-11 12:39:42,028 - instabot version: 0.117.0 (api) - DEBUG - GET to endpoint: feed/user/11903691706/?max_id=2337353135499429186_11903691706&min_timestamp=None&rank_token=49050629623_6b880e59-cc10-47da-a147-527187d55d1c&ranked_content=true returned response: <Response [200]>
2021-08-11 12:39:42,823 - instabot version: 0.117.0 (api) - DEBUG - GET to endpoint: feed/user/11903691706/?max_id=2333765418622414159_11903691706&min_timestamp=None&rank_token=49050629623_6b880e59-cc10-47da-a147-527187d55d1c&ranked_content=true returned response: <Response [200]>
2021-08-11 12:39:43,594 - instabot version: 0.117.0 (api) - DEBUG - GET to endpoint: feed/user/11903691706/?max_id=2329368830571640461_11903691706&min_timestamp=None&rank_token=49050629623_6b880e59-cc10-47da-a147-527187d55d1c&ranked_content=true returned response: <Response [200]>
2021-08-11 12:39:44,224 - instabot version: 0.117.0 (api) - DEBUG - GET to endpoint: feed/user/11903691706/?max_id=2317103032767590745_11903691706&min_timestamp=None&rank_token=49050629623_6b880e59-cc10-47da-a147-527187d55d1c&ranked_content=true returned response: <Response [200]>
2021-08-11 12:39:44,857 - instabot version: 0.117.0 (api) - DEBUG - GET to endpoint: feed/user/11903691706/?max_id=2310695489606473092_11903691706&min_timestamp=None&rank_token=49050629623_6b880e59-cc10-47da-a147-527187d55d1c&ranked_content=true returned response: <Response [200]>
2021-08-11 12:39:45,448 - instabot version: 0.117.0 (api) - DEBUG - GET to endpoint: feed/user/11903691706/?max_id=2305595880152441760_11903691706&min_timestamp=None&rank_token=49050629623_6b880e59-cc10-47da-a147-527187d55d1c&ranked_content=true returned response: <Response [200]>
2021-08-11 12:39:46,268 - instabot version: 0.117.0 (api) - DEBUG - GET to endpoint: feed/user/11903691706/?max_id=2301214794676919301_11903691706&min_timestamp=None&rank_token=49050629623_6b880e59-cc10-47da-a147-527187d55d1c&ranked_content=true returned response: <Response [200]>
2021-08-11 12:39:47,153 - instabot version: 0.117.0 (api) - DEBUG - GET to endpoint: feed/user/11903691706/?max_id=2296128691678526935_11903691706&min_timestamp=None&rank_token=49050629623_6b880e59-cc10-47da-a147-527187d55d1c&ranked_content=true returned response: <Response [200]>
2021-08-11 12:39:48,077 - instabot version: 0.117.0 (api) - DEBUG - GET to endpoint: feed/user/11903691706/?max_id=2288915337885212710_11903691706&min_timestamp=None&rank_token=49050629623_6b880e59-cc10-47da-a147-527187d55d1c&ranked_content=true returned response: <Response [200]>
2021-08-11 12:39:48,887 - instabot version: 0.117.0 (api) - DEBUG - GET to endpoint: feed/user/11903691706/?max_id=2283158334956919968_11903691706&min_timestamp=None&rank_token=49050629623_6b880e59-cc10-47da-a147-527187d55d1c&ranked_content=true returned response: <Response [200]>
2021-08-11 12:39:49,698 - instabot version: 0.117.0 (api) - DEBUG - GET to endpoint: feed/user/11903691706/?max_id=2259923806746785037_11903691706&min_timestamp=None&rank_token=49050629623_6b880e59-cc10-47da-a147-527187d55d1c&ranked_content=true returned response: <Response [200]>
2021-08-11 12:39:50,764 - instabot version: 0.117.0 (api) - DEBUG - GET to endpoint: feed/user/11903691706/?max_id=2254005344027422237_11903691706&min_timestamp=None&rank_token=49050629623_6b880e59-cc10-47da-a147-527187d55d1c&ranked_content=true returned response: <Response [200]>
2021-08-11 12:39:51,506 - instabot version: 0.117.0 (api) - DEBUG - GET to endpoint: feed/user/11903691706/?max_id=2188824952287244054_11903691706&min_timestamp=None&rank_token=49050629623_6b880e59-cc10-47da-a147-527187d55d1c&ranked_content=true returned response: <Response [200]>
2021-08-11 12:39:52,469 - instabot version: 0.117.0 (api) - DEBUG - GET to endpoint: feed/user/11903691706/?max_id=2179530985984972246_11903691706&min_timestamp=None&rank_token=49050629623_6b880e59-cc10-47da-a147-527187d55d1c&ranked_content=true returned response: <Response [200]>
2021-08-11 12:39:52,728 - instabot version: 0.117.0 (api) - DEBUG - GET to endpoint: feed/user/11903691706/?max_id=2167156039925270625_11903691706&min_timestamp=None&rank_token=49050629623_6b880e59-cc10-47da-a147-527187d55d1c&ranked_content=true returned response: <Response [200]>
2021-08-11 12:39:52,962 - instabot version: 0.117.0 (api) - DEBUG - GET to endpoint: users/vocabexpansion/usernameinfo/ returned response: <Response [200]>
2021-08-11 12:39:53,801 - instabot version: 0.117.0 (api) - DEBUG - GET to endpoint: media/2415629741174621595_11903691706/info/ returned response: <Response [200]>
2021-08-11 12:39:54,393 - instabot version: 0.117.0 (api) - DEBUG - POST to endpoint: direct_v2/threads/broadcast/media_share/ returned response: <Response [200]>
2021-08-11 12:39:54,839 - instabot version: 0.117.0 (api) - DEBUG - POST to endpoint: direct_v2/inbox/ returned response: <Response [200]>
2021-08-11 12:39:54,863 - instabot version: 0.117.0 (bot_checkpoint) - DEBUG - Saving Checkpoint file to: D:\Programming\2021\InstaBot/config/derbgang.checkpoint
2021-08-11 12:39:54,863 - instabot version: 0.117.0 (bot) - INFO - Total messages: 5/98
2021-08-11 12:39:54,863 - instabot version: 0.117.0 (bot) - INFO - Total requests: 1877
