2021-08-10 00:52:16,966 - instabot version: 0.117.0 (bot) - INFO - Instabot version: 0.117.0 Started
2021-08-10 00:52:16,967 - instabot version: 0.117.0 (bot) - DEBUG - Bot imported from C:\Users\skyem\AppData\Local\Programs\Python\Python39\lib\site-packages\instabot\bot\bot.py
2021-08-10 00:52:18,252 - instabot version: 0.117.0 (api_login) - INFO - Not yet logged in starting: PRE-LOGIN FLOW!
2021-08-10 00:52:18,488 - instabot version: 0.117.0 (api) - DEBUG - POST to endpoint: accounts/get_prefill_candidates/ returned response: <Response [200]>
2021-08-10 00:52:18,696 - instabot version: 0.117.0 (api) - DEBUG - POST to endpoint: qe/sync/ returned response: <Response [200]>
2021-08-10 00:52:18,906 - instabot version: 0.117.0 (api) - DEBUG - POST to endpoint: launcher/sync/ returned response: <Response [200]>
2021-08-10 00:52:19,057 - instabot version: 0.117.0 (api) - DEBUG - POST to endpoint: accounts/contact_point_prefill/ returned response: <Response [200]>
2021-08-10 00:52:20,672 - instabot version: 0.117.0 (api) - DEBUG - POST to endpoint: accounts/login/ returned response: <Response [200]>
2021-08-10 00:52:20,672 - instabot version: 0.117.0 (api) - INFO - Logged-in successfully as 'derbgang'!
2021-08-10 00:52:20,673 - instabot version: 0.117.0 (api_login) - INFO - LOGIN FLOW! Just logged-in: True
2021-08-10 00:52:20,907 - instabot version: 0.117.0 (api) - DEBUG - POST to endpoint: qe/sync/ returned response: <Response [200]>
2021-08-10 00:52:21,084 - instabot version: 0.117.0 (api) - DEBUG - POST to endpoint: launcher/sync/ returned response: <Response [200]>
2021-08-10 00:52:21,231 - instabot version: 0.117.0 (api) - DEBUG - GET to endpoint: zr/token/result/?device_id=android-482d8e988b586de3&token_hash=&custom_device_id=android-482d8e988b586de3&fetch_reason=token_expired returned response: <Response [200]>
2021-08-10 00:52:21,370 - instabot version: 0.117.0 (api) - DEBUG - GET to endpoint: multiple_accounts/get_account_family/ returned response: <Response [200]>
2021-08-10 00:52:21,542 - instabot version: 0.117.0 (api) - DEBUG - POST to endpoint: qe/sync/ returned response: <Response [200]>
2021-08-10 00:52:21,918 - instabot version: 0.117.0 (api) - DEBUG - GET to endpoint: igtv/browse_feed/?prefetch=1 returned response: <Response [200]>
2021-08-10 00:52:22,062 - instabot version: 0.117.0 (api) - DEBUG - POST to endpoint: creatives/ar_class/ returned response: <Response [200]>
2021-08-10 00:52:22,711 - instabot version: 0.117.0 (api) - DEBUG - POST to endpoint: feed/reels_tray/ returned response: <Response [200]>
2021-08-10 00:52:23,624 - instabot version: 0.117.0 (api) - DEBUG - POST to endpoint: feed/timeline/ returned response: <Response [200]>
2021-08-10 00:52:23,767 - instabot version: 0.117.0 (api) - DEBUG - GET to endpoint: media/blocked/ returned response: <Response [200]>
2021-08-10 00:52:24,282 - instabot version: 0.117.0 (api) - DEBUG - GET to endpoint: news/inbox/ returned response: <Response [200]>
2021-08-10 00:52:27,677 - instabot version: 0.117.0 (api) - DEBUG - GET to endpoint: loom/fetch_config/ returned response: <Response [200]>
2021-08-10 00:52:27,918 - instabot version: 0.117.0 (api) - DEBUG - GET to endpoint: scores/bootstrap/users/?surfaces=["autocomplete_user_list","coefficient_besties_list_ranking","coefficient_rank_recipient_user_suggestion","coefficient_ios_section_test_bootstrap_ranking","coefficient_direct_recipients_ranking_variant_2"] returned response: <Response [200]>
2021-08-10 00:52:28,194 - instabot version: 0.117.0 (api) - DEBUG - GET to endpoint: business/eligibility/get_monetization_products_eligibility_data/?product_types=branded_content returned response: <Response [200]>
2021-08-10 00:52:28,335 - instabot version: 0.117.0 (api) - DEBUG - GET to endpoint: business/branded_content/should_require_professional_account/ returned response: <Response [200]>
2021-08-10 00:52:28,504 - instabot version: 0.117.0 (api) - DEBUG - GET to endpoint: linked_accounts/get_linkage_status/ returned response: <Response [200]>
2021-08-10 00:52:28,692 - instabot version: 0.117.0 (api) - DEBUG - GET to endpoint: locations/request_country/ returned response: <Response [200]>
2021-08-10 00:52:28,838 - instabot version: 0.117.0 (api) - DEBUG - GET to endpoint: qp/get_cooldowns/?signed_body=signed_body=4b9c516a5410a3bc128e09c6104a7f042146b9c2023870560c63a43a7f66781c.4&ig_sig_key_version=4&ig_sig_key_version=4 returned response: <Response [200]>
2021-08-10 00:52:28,993 - instabot version: 0.117.0 (api) - DEBUG - GET to endpoint: users/arlink_download_info/?version_override=2.2.1 returned response: <Response [200]>
2021-08-10 00:52:29,380 - instabot version: 0.117.0 (api) - DEBUG - GET to endpoint: users/49050629623/info/ returned response: <Response [200]>
2021-08-10 00:52:33,128 - instabot version: 0.117.0 (api) - DEBUG - GET to endpoint: direct_v2/get_presence/ returned response: <Response [200]>
2021-08-10 00:52:33,835 - instabot version: 0.117.0 (api) - DEBUG - GET to endpoint: direct_v2/inbox/?visual_message_return_type=unseen&thread_message_limit=10&persistentBadging=true&limit=20 returned response: <Response [200]>
2021-08-10 00:52:34,020 - instabot version: 0.117.0 (api) - DEBUG - GET to endpoint: direct_v2/inbox/?visual_message_return_type=unseen&persistentBadging=true&limit=0 returned response: <Response [200]>
2021-08-10 00:52:34,226 - instabot version: 0.117.0 (api) - DEBUG - GET to endpoint: discover/topical_explore/?is_prefetch=true&omit_cover_media=true&use_sectional_payload=true&timezone_offset=0&session_id=6ff2520d-6d22-421a-ac8e-b327d081cb03&include_fixed_destinations=true returned response: <Response [200]>
2021-08-10 00:52:34,366 - instabot version: 0.117.0 (api) - DEBUG - POST to endpoint: notifications/badge/ returned response: <Response [200]>
2021-08-10 00:52:37,893 - instabot version: 0.117.0 (api) - DEBUG - POST to endpoint: qp/batch_fetch/ returned response: <Response [200]>
2021-08-10 00:52:37,894 - instabot version: 0.117.0 (bot_checkpoint) - DEBUG - Loading Checkpoint file from: D:\Programming\2021\InstaBot/config/derbgang.checkpoint
2021-08-10 00:52:58,822 - instabot version: 0.117.0 (api) - DEBUG - GET to endpoint: users/savagerealms.jemima/usernameinfo/ returned response: <Response [200]>
2021-08-10 00:52:59,995 - instabot version: 0.117.0 (api) - DEBUG - GET to endpoint: feed/user/11903691706/?max_id=&min_timestamp=None&rank_token=49050629623_6e16c27b-a929-4fb0-a7cc-9b7e09b25acc&ranked_content=true returned response: <Response [200]>
2021-08-10 00:53:00,854 - instabot version: 0.117.0 (api) - DEBUG - GET to endpoint: feed/user/11903691706/?max_id=2588875177397620242_11903691706&min_timestamp=None&rank_token=49050629623_6e16c27b-a929-4fb0-a7cc-9b7e09b25acc&ranked_content=true returned response: <Response [200]>
2021-08-10 00:53:01,677 - instabot version: 0.117.0 (api) - DEBUG - GET to endpoint: feed/user/11903691706/?max_id=2546776962661940047_11903691706&min_timestamp=None&rank_token=49050629623_6e16c27b-a929-4fb0-a7cc-9b7e09b25acc&ranked_content=true returned response: <Response [200]>
2021-08-10 00:53:02,346 - instabot version: 0.117.0 (api) - DEBUG - GET to endpoint: feed/user/11903691706/?max_id=2503402903060177446_11903691706&min_timestamp=None&rank_token=49050629623_6e16c27b-a929-4fb0-a7cc-9b7e09b25acc&ranked_content=true returned response: <Response [200]>
2021-08-10 00:53:03,289 - instabot version: 0.117.0 (api) - DEBUG - GET to endpoint: feed/user/11903691706/?max_id=2472268084901410134_11903691706&min_timestamp=None&rank_token=49050629623_6e16c27b-a929-4fb0-a7cc-9b7e09b25acc&ranked_content=true returned response: <Response [200]>
2021-08-10 00:53:04,081 - instabot version: 0.117.0 (api) - DEBUG - GET to endpoint: feed/user/11903691706/?max_id=2449035506388074955_11903691706&min_timestamp=None&rank_token=49050629623_6e16c27b-a929-4fb0-a7cc-9b7e09b25acc&ranked_content=true returned response: <Response [200]>
2021-08-10 00:53:04,626 - instabot version: 0.117.0 (api) - DEBUG - GET to endpoint: feed/user/11903691706/?max_id=2418540064407973255_11903691706&min_timestamp=None&rank_token=49050629623_6e16c27b-a929-4fb0-a7cc-9b7e09b25acc&ranked_content=true returned response: <Response [200]>
2021-08-10 00:53:05,483 - instabot version: 0.117.0 (api) - DEBUG - GET to endpoint: feed/user/11903691706/?max_id=2403349250329817992_11903691706&min_timestamp=None&rank_token=49050629623_6e16c27b-a929-4fb0-a7cc-9b7e09b25acc&ranked_content=true returned response: <Response [200]>
2021-08-10 00:53:06,455 - instabot version: 0.117.0 (api) - DEBUG - GET to endpoint: feed/user/11903691706/?max_id=2393290098794575044_11903691706&min_timestamp=None&rank_token=49050629623_6e16c27b-a929-4fb0-a7cc-9b7e09b25acc&ranked_content=true returned response: <Response [200]>
2021-08-10 00:53:07,041 - instabot version: 0.117.0 (api) - DEBUG - GET to endpoint: feed/user/11903691706/?max_id=2373692985508776176_11903691706&min_timestamp=None&rank_token=49050629623_6e16c27b-a929-4fb0-a7cc-9b7e09b25acc&ranked_content=true returned response: <Response [200]>
2021-08-10 00:53:07,602 - instabot version: 0.117.0 (api) - DEBUG - GET to endpoint: feed/user/11903691706/?max_id=2367141866221461039_11903691706&min_timestamp=None&rank_token=49050629623_6e16c27b-a929-4fb0-a7cc-9b7e09b25acc&ranked_content=true returned response: <Response [200]>
2021-08-10 00:53:08,251 - instabot version: 0.117.0 (api) - DEBUG - GET to endpoint: feed/user/11903691706/?max_id=2362698753549688596_11903691706&min_timestamp=None&rank_token=49050629623_6e16c27b-a929-4fb0-a7cc-9b7e09b25acc&ranked_content=true returned response: <Response [200]>
2021-08-10 00:53:08,855 - instabot version: 0.117.0 (api) - DEBUG - GET to endpoint: feed/user/11903691706/?max_id=2357736610093979793_11903691706&min_timestamp=None&rank_token=49050629623_6e16c27b-a929-4fb0-a7cc-9b7e09b25acc&ranked_content=true returned response: <Response [200]>
2021-08-10 00:53:09,397 - instabot version: 0.117.0 (api) - DEBUG - GET to endpoint: feed/user/11903691706/?max_id=2354736317588609636_11903691706&min_timestamp=None&rank_token=49050629623_6e16c27b-a929-4fb0-a7cc-9b7e09b25acc&ranked_content=true returned response: <Response [200]>
2021-08-10 00:53:09,944 - instabot version: 0.117.0 (api) - DEBUG - GET to endpoint: feed/user/11903691706/?max_id=2350429683265607682_11903691706&min_timestamp=None&rank_token=49050629623_6e16c27b-a929-4fb0-a7cc-9b7e09b25acc&ranked_content=true returned response: <Response [200]>
2021-08-10 00:53:10,574 - instabot version: 0.117.0 (api) - DEBUG - GET to endpoint: feed/user/11903691706/?max_id=2343264999085277922_11903691706&min_timestamp=None&rank_token=49050629623_6e16c27b-a929-4fb0-a7cc-9b7e09b25acc&ranked_content=true returned response: <Response [200]>
2021-08-10 00:53:11,347 - instabot version: 0.117.0 (api) - DEBUG - GET to endpoint: feed/user/11903691706/?max_id=2339674735410409812_11903691706&min_timestamp=None&rank_token=49050629623_6e16c27b-a929-4fb0-a7cc-9b7e09b25acc&ranked_content=true returned response: <Response [200]>
2021-08-10 00:53:12,007 - instabot version: 0.117.0 (api) - DEBUG - GET to endpoint: feed/user/11903691706/?max_id=2336787591251410706_11903691706&min_timestamp=None&rank_token=49050629623_6e16c27b-a929-4fb0-a7cc-9b7e09b25acc&ranked_content=true returned response: <Response [200]>
2021-08-10 00:53:12,556 - instabot version: 0.117.0 (api) - DEBUG - GET to endpoint: feed/user/11903691706/?max_id=2333734323898261254_11903691706&min_timestamp=None&rank_token=49050629623_6e16c27b-a929-4fb0-a7cc-9b7e09b25acc&ranked_content=true returned response: <Response [200]>
2021-08-10 00:53:13,086 - instabot version: 0.117.0 (api) - DEBUG - GET to endpoint: feed/user/11903691706/?max_id=2329311587096361557_11903691706&min_timestamp=None&rank_token=49050629623_6e16c27b-a929-4fb0-a7cc-9b7e09b25acc&ranked_content=true returned response: <Response [200]>
2021-08-10 00:53:13,542 - instabot version: 0.117.0 (api) - DEBUG - GET to endpoint: feed/user/11903691706/?max_id=2316457774882856904_11903691706&min_timestamp=None&rank_token=49050629623_6e16c27b-a929-4fb0-a7cc-9b7e09b25acc&ranked_content=true returned response: <Response [200]>
2021-08-10 00:53:14,099 - instabot version: 0.117.0 (api) - DEBUG - GET to endpoint: feed/user/11903691706/?max_id=2310591509144428379_11903691706&min_timestamp=None&rank_token=49050629623_6e16c27b-a929-4fb0-a7cc-9b7e09b25acc&ranked_content=true returned response: <Response [200]>
2021-08-10 00:53:14,545 - instabot version: 0.117.0 (api) - DEBUG - GET to endpoint: feed/user/11903691706/?max_id=2305493045456859231_11903691706&min_timestamp=None&rank_token=49050629623_6e16c27b-a929-4fb0-a7cc-9b7e09b25acc&ranked_content=true returned response: <Response [200]>
2021-08-10 00:53:15,261 - instabot version: 0.117.0 (api) - DEBUG - GET to endpoint: feed/user/11903691706/?max_id=2301201357519287470_11903691706&min_timestamp=None&rank_token=49050629623_6e16c27b-a929-4fb0-a7cc-9b7e09b25acc&ranked_content=true returned response: <Response [200]>
2021-08-10 00:53:15,736 - instabot version: 0.117.0 (api) - DEBUG - GET to endpoint: feed/user/11903691706/?max_id=2295951860820292176_11903691706&min_timestamp=None&rank_token=49050629623_6e16c27b-a929-4fb0-a7cc-9b7e09b25acc&ranked_content=true returned response: <Response [200]>
2021-08-10 00:53:16,391 - instabot version: 0.117.0 (api) - DEBUG - GET to endpoint: feed/user/11903691706/?max_id=2288257789045743978_11903691706&min_timestamp=None&rank_token=49050629623_6e16c27b-a929-4fb0-a7cc-9b7e09b25acc&ranked_content=true returned response: <Response [200]>
2021-08-10 00:53:16,975 - instabot version: 0.117.0 (api) - DEBUG - GET to endpoint: feed/user/11903691706/?max_id=2283079176411219802_11903691706&min_timestamp=None&rank_token=49050629623_6e16c27b-a929-4fb0-a7cc-9b7e09b25acc&ranked_content=true returned response: <Response [200]>
2021-08-10 00:53:17,516 - instabot version: 0.117.0 (api) - DEBUG - GET to endpoint: feed/user/11903691706/?max_id=2259915456877232158_11903691706&min_timestamp=None&rank_token=49050629623_6e16c27b-a929-4fb0-a7cc-9b7e09b25acc&ranked_content=true returned response: <Response [200]>
2021-08-10 00:53:18,043 - instabot version: 0.117.0 (api) - DEBUG - GET to endpoint: feed/user/11903691706/?max_id=2253577999311181494_11903691706&min_timestamp=None&rank_token=49050629623_6e16c27b-a929-4fb0-a7cc-9b7e09b25acc&ranked_content=true returned response: <Response [200]>
2021-08-10 00:53:18,553 - instabot version: 0.117.0 (api) - DEBUG - GET to endpoint: feed/user/11903691706/?max_id=2186720324544323755_11903691706&min_timestamp=None&rank_token=49050629623_6e16c27b-a929-4fb0-a7cc-9b7e09b25acc&ranked_content=true returned response: <Response [200]>
2021-08-10 00:53:19,103 - instabot version: 0.117.0 (api) - DEBUG - GET to endpoint: feed/user/11903691706/?max_id=2179432440292205572_11903691706&min_timestamp=None&rank_token=49050629623_6e16c27b-a929-4fb0-a7cc-9b7e09b25acc&ranked_content=true returned response: <Response [200]>
2021-08-10 00:53:19,333 - instabot version: 0.117.0 (api) - DEBUG - GET to endpoint: feed/user/11903691706/?max_id=2166398410227707356_11903691706&min_timestamp=None&rank_token=49050629623_6e16c27b-a929-4fb0-a7cc-9b7e09b25acc&ranked_content=true returned response: <Response [200]>
2021-08-10 00:53:19,542 - instabot version: 0.117.0 (api) - DEBUG - GET to endpoint: users/vocabexpansion/usernameinfo/ returned response: <Response [200]>
2021-08-10 00:53:19,958 - instabot version: 0.117.0 (api) - DEBUG - GET to endpoint: media/2445367463212656697_11903691706/info/ returned response: <Response [200]>
2021-08-10 00:53:20,416 - instabot version: 0.117.0 (api) - DEBUG - POST to endpoint: direct_v2/threads/broadcast/media_share/ returned response: <Response [200]>
2021-08-10 00:53:20,772 - instabot version: 0.117.0 (api) - DEBUG - POST to endpoint: direct_v2/inbox/ returned response: <Response [200]>
2021-08-10 00:53:20,773 - instabot version: 0.117.0 (bot_checkpoint) - DEBUG - Saving Checkpoint file to: D:\Programming\2021\InstaBot/config/derbgang.checkpoint
2021-08-10 00:53:20,773 - instabot version: 0.117.0 (bot) - INFO - Total messages: 5/58
2021-08-10 00:53:20,773 - instabot version: 0.117.0 (bot) - INFO - Total requests: 864
