2021-08-14 11:35:08,137 - instabot version: 0.117.0 (bot) - INFO - Instabot version: 0.117.0 Started
2021-08-14 11:35:08,137 - instabot version: 0.117.0 (bot) - DEBUG - Bot imported from C:\Users\skyem\AppData\Local\Programs\Python\Python39\lib\site-packages\instabot\bot\bot.py
2021-08-14 11:35:10,286 - instabot version: 0.117.0 (api_login) - INFO - Not yet logged in starting: PRE-LOGIN FLOW!
2021-08-14 11:35:10,554 - instabot version: 0.117.0 (api) - DEBUG - POST to endpoint: accounts/get_prefill_candidates/ returned response: <Response [200]>
2021-08-14 11:35:10,779 - instabot version: 0.117.0 (api) - DEBUG - POST to endpoint: qe/sync/ returned response: <Response [200]>
2021-08-14 11:35:10,945 - instabot version: 0.117.0 (api) - DEBUG - POST to endpoint: launcher/sync/ returned response: <Response [200]>
2021-08-14 11:35:11,115 - instabot version: 0.117.0 (api) - DEBUG - POST to endpoint: accounts/contact_point_prefill/ returned response: <Response [200]>
2021-08-14 11:35:12,760 - instabot version: 0.117.0 (api) - DEBUG - POST to endpoint: accounts/login/ returned response: <Response [200]>
2021-08-14 11:35:12,761 - instabot version: 0.117.0 (api) - INFO - Logged-in successfully as 'derbgang'!
2021-08-14 11:35:12,761 - instabot version: 0.117.0 (api_login) - INFO - LOGIN FLOW! Just logged-in: True
2021-08-14 11:35:13,045 - instabot version: 0.117.0 (api) - DEBUG - POST to endpoint: qe/sync/ returned response: <Response [200]>
2021-08-14 11:35:13,230 - instabot version: 0.117.0 (api) - DEBUG - POST to endpoint: launcher/sync/ returned response: <Response [200]>
2021-08-14 11:35:13,405 - instabot version: 0.117.0 (api) - DEBUG - GET to endpoint: zr/token/result/?device_id=android-482d8e988b586de3&token_hash=&custom_device_id=android-482d8e988b586de3&fetch_reason=token_expired returned response: <Response [200]>
2021-08-14 11:35:13,554 - instabot version: 0.117.0 (api) - DEBUG - GET to endpoint: multiple_accounts/get_account_family/ returned response: <Response [200]>
2021-08-14 11:35:13,761 - instabot version: 0.117.0 (api) - DEBUG - POST to endpoint: qe/sync/ returned response: <Response [200]>
2021-08-14 11:35:14,323 - instabot version: 0.117.0 (api) - DEBUG - GET to endpoint: igtv/browse_feed/?prefetch=1 returned response: <Response [200]>
2021-08-14 11:35:14,516 - instabot version: 0.117.0 (api) - DEBUG - POST to endpoint: creatives/ar_class/ returned response: <Response [200]>
2021-08-14 11:35:15,106 - instabot version: 0.117.0 (api) - DEBUG - POST to endpoint: feed/reels_tray/ returned response: <Response [200]>
2021-08-14 11:35:18,037 - instabot version: 0.117.0 (api) - DEBUG - POST to endpoint: feed/timeline/ returned response: <Response [200]>
2021-08-14 11:35:18,194 - instabot version: 0.117.0 (api) - DEBUG - GET to endpoint: media/blocked/ returned response: <Response [200]>
2021-08-14 11:35:18,989 - instabot version: 0.117.0 (api) - DEBUG - GET to endpoint: news/inbox/ returned response: <Response [200]>
2021-08-14 11:35:19,199 - instabot version: 0.117.0 (api) - DEBUG - GET to endpoint: loom/fetch_config/ returned response: <Response [200]>
2021-08-14 11:35:19,518 - instabot version: 0.117.0 (api) - DEBUG - GET to endpoint: scores/bootstrap/users/?surfaces=["autocomplete_user_list","coefficient_besties_list_ranking","coefficient_rank_recipient_user_suggestion","coefficient_ios_section_test_bootstrap_ranking","coefficient_direct_recipients_ranking_variant_2"] returned response: <Response [200]>
2021-08-14 11:35:19,682 - instabot version: 0.117.0 (api) - DEBUG - GET to endpoint: business/eligibility/get_monetization_products_eligibility_data/?product_types=branded_content returned response: <Response [200]>
2021-08-14 11:35:19,957 - instabot version: 0.117.0 (api) - DEBUG - GET to endpoint: business/branded_content/should_require_professional_account/ returned response: <Response [200]>
2021-08-14 11:35:20,144 - instabot version: 0.117.0 (api) - DEBUG - GET to endpoint: linked_accounts/get_linkage_status/ returned response: <Response [200]>
2021-08-14 11:35:20,329 - instabot version: 0.117.0 (api) - DEBUG - GET to endpoint: locations/request_country/ returned response: <Response [200]>
2021-08-14 11:35:20,510 - instabot version: 0.117.0 (api) - DEBUG - GET to endpoint: qp/get_cooldowns/?signed_body=signed_body=4b9c516a5410a3bc128e09c6104a7f042146b9c2023870560c63a43a7f66781c.4&ig_sig_key_version=4&ig_sig_key_version=4 returned response: <Response [200]>
2021-08-14 11:35:20,699 - instabot version: 0.117.0 (api) - DEBUG - GET to endpoint: users/arlink_download_info/?version_override=2.2.1 returned response: <Response [200]>
2021-08-14 11:35:21,026 - instabot version: 0.117.0 (api) - DEBUG - GET to endpoint: users/49050629623/info/ returned response: <Response [200]>
2021-08-14 11:35:21,781 - instabot version: 0.117.0 (api) - DEBUG - GET to endpoint: direct_v2/get_presence/ returned response: <Response [200]>
2021-08-14 11:35:22,625 - instabot version: 0.117.0 (api) - DEBUG - GET to endpoint: direct_v2/inbox/?visual_message_return_type=unseen&thread_message_limit=10&persistentBadging=true&limit=20 returned response: <Response [200]>
2021-08-14 11:35:22,882 - instabot version: 0.117.0 (api) - DEBUG - GET to endpoint: direct_v2/inbox/?visual_message_return_type=unseen&persistentBadging=true&limit=0 returned response: <Response [200]>
2021-08-14 11:35:24,850 - instabot version: 0.117.0 (api) - DEBUG - GET to endpoint: discover/topical_explore/?is_prefetch=true&omit_cover_media=true&use_sectional_payload=true&timezone_offset=0&session_id=49d3ce66-a945-4b3c-9c9d-fdc9cc9573b1&include_fixed_destinations=true returned response: <Response [200]>
2021-08-14 11:35:25,011 - instabot version: 0.117.0 (api) - DEBUG - POST to endpoint: notifications/badge/ returned response: <Response [200]>
2021-08-14 11:35:25,293 - instabot version: 0.117.0 (api) - DEBUG - POST to endpoint: qp/batch_fetch/ returned response: <Response [200]>
2021-08-14 11:35:25,293 - instabot version: 0.117.0 (bot_checkpoint) - DEBUG - Loading Checkpoint file from: D:\Programming\2021\InstaBot/config/derbgang.checkpoint
2021-08-14 11:36:32,447 - instabot version: 0.117.0 (api) - DEBUG - GET to endpoint: users/savagerealms.jemima/usernameinfo/ returned response: <Response [200]>
2021-08-14 11:36:33,799 - instabot version: 0.117.0 (api) - DEBUG - GET to endpoint: feed/user/11903691706/?max_id=&min_timestamp=None&rank_token=49050629623_1cdcf31b-d633-41c0-bc11-e2b7e52897c6&ranked_content=true returned response: <Response [200]>
2021-08-14 11:36:34,881 - instabot version: 0.117.0 (api) - DEBUG - GET to endpoint: feed/user/11903691706/?max_id=2590430069299981956_11903691706&min_timestamp=None&rank_token=49050629623_1cdcf31b-d633-41c0-bc11-e2b7e52897c6&ranked_content=true returned response: <Response [200]>
2021-08-14 11:36:36,059 - instabot version: 0.117.0 (api) - DEBUG - GET to endpoint: feed/user/11903691706/?max_id=2547514507724673514_11903691706&min_timestamp=None&rank_token=49050629623_1cdcf31b-d633-41c0-bc11-e2b7e52897c6&ranked_content=true returned response: <Response [200]>
2021-08-14 11:36:37,670 - instabot version: 0.117.0 (api) - DEBUG - GET to endpoint: feed/user/11903691706/?max_id=2506313154680338472_11903691706&min_timestamp=None&rank_token=49050629623_1cdcf31b-d633-41c0-bc11-e2b7e52897c6&ranked_content=true returned response: <Response [200]>
2021-08-14 11:36:38,608 - instabot version: 0.117.0 (api) - DEBUG - GET to endpoint: feed/user/11903691706/?max_id=2490301385043851683_11903691706&min_timestamp=None&rank_token=49050629623_1cdcf31b-d633-41c0-bc11-e2b7e52897c6&ranked_content=true returned response: <Response [200]>
2021-08-14 11:36:39,359 - instabot version: 0.117.0 (api) - DEBUG - GET to endpoint: feed/user/11903691706/?max_id=2459196589920907559_11903691706&min_timestamp=None&rank_token=49050629623_1cdcf31b-d633-41c0-bc11-e2b7e52897c6&ranked_content=true returned response: <Response [200]>
2021-08-14 11:36:39,936 - instabot version: 0.117.0 (api) - DEBUG - GET to endpoint: feed/user/11903691706/?max_id=2419335249484608943_11903691706&min_timestamp=None&rank_token=49050629623_1cdcf31b-d633-41c0-bc11-e2b7e52897c6&ranked_content=true returned response: <Response [200]>
2021-08-14 11:36:40,987 - instabot version: 0.117.0 (api) - DEBUG - GET to endpoint: feed/user/11903691706/?max_id=2412074817362962707_11903691706&min_timestamp=None&rank_token=49050629623_1cdcf31b-d633-41c0-bc11-e2b7e52897c6&ranked_content=true returned response: <Response [200]>
2021-08-14 11:36:42,204 - instabot version: 0.117.0 (api) - DEBUG - GET to endpoint: feed/user/11903691706/?max_id=2393922938871949334_11903691706&min_timestamp=None&rank_token=49050629623_1cdcf31b-d633-41c0-bc11-e2b7e52897c6&ranked_content=true returned response: <Response [200]>
2021-08-14 11:36:43,592 - instabot version: 0.117.0 (api) - DEBUG - GET to endpoint: feed/user/11903691706/?max_id=2374397283708380861_11903691706&min_timestamp=None&rank_token=49050629623_1cdcf31b-d633-41c0-bc11-e2b7e52897c6&ranked_content=true returned response: <Response [200]>
2021-08-14 11:36:44,394 - instabot version: 0.117.0 (api) - DEBUG - GET to endpoint: feed/user/11903691706/?max_id=2367899219506092027_11903691706&min_timestamp=None&rank_token=49050629623_1cdcf31b-d633-41c0-bc11-e2b7e52897c6&ranked_content=true returned response: <Response [200]>
2021-08-14 11:36:45,201 - instabot version: 0.117.0 (api) - DEBUG - GET to endpoint: feed/user/11903691706/?max_id=2363440650731860835_11903691706&min_timestamp=None&rank_token=49050629623_1cdcf31b-d633-41c0-bc11-e2b7e52897c6&ranked_content=true returned response: <Response [200]>
2021-08-14 11:36:45,954 - instabot version: 0.117.0 (api) - DEBUG - GET to endpoint: feed/user/11903691706/?max_id=2358481852803953492_11903691706&min_timestamp=None&rank_token=49050629623_1cdcf31b-d633-41c0-bc11-e2b7e52897c6&ranked_content=true returned response: <Response [200]>
2021-08-14 11:36:46,669 - instabot version: 0.117.0 (api) - DEBUG - GET to endpoint: feed/user/11903691706/?max_id=2354890109034472382_11903691706&min_timestamp=None&rank_token=49050629623_1cdcf31b-d633-41c0-bc11-e2b7e52897c6&ranked_content=true returned response: <Response [200]>
2021-08-14 11:36:47,543 - instabot version: 0.117.0 (api) - DEBUG - GET to endpoint: feed/user/11903691706/?max_id=2351228501716453145_11903691706&min_timestamp=None&rank_token=49050629623_1cdcf31b-d633-41c0-bc11-e2b7e52897c6&ranked_content=true returned response: <Response [200]>
2021-08-14 11:36:48,289 - instabot version: 0.117.0 (api) - DEBUG - GET to endpoint: feed/user/11903691706/?max_id=2344582132008257057_11903691706&min_timestamp=None&rank_token=49050629623_1cdcf31b-d633-41c0-bc11-e2b7e52897c6&ranked_content=true returned response: <Response [200]>
2021-08-14 11:36:49,278 - instabot version: 0.117.0 (api) - DEBUG - GET to endpoint: feed/user/11903691706/?max_id=2340939183613745307_11903691706&min_timestamp=None&rank_token=49050629623_1cdcf31b-d633-41c0-bc11-e2b7e52897c6&ranked_content=true returned response: <Response [200]>
2021-08-14 11:36:50,286 - instabot version: 0.117.0 (api) - DEBUG - GET to endpoint: feed/user/11903691706/?max_id=2337454764877765975_11903691706&min_timestamp=None&rank_token=49050629623_1cdcf31b-d633-41c0-bc11-e2b7e52897c6&ranked_content=true returned response: <Response [200]>
2021-08-14 11:36:51,045 - instabot version: 0.117.0 (api) - DEBUG - GET to endpoint: feed/user/11903691706/?max_id=2333857569217925072_11903691706&min_timestamp=None&rank_token=49050629623_1cdcf31b-d633-41c0-bc11-e2b7e52897c6&ranked_content=true returned response: <Response [200]>
2021-08-14 11:36:51,927 - instabot version: 0.117.0 (api) - DEBUG - GET to endpoint: feed/user/11903691706/?max_id=2329461311208184814_11903691706&min_timestamp=None&rank_token=49050629623_1cdcf31b-d633-41c0-bc11-e2b7e52897c6&ranked_content=true returned response: <Response [200]>
2021-08-14 11:36:52,488 - instabot version: 0.117.0 (api) - DEBUG - GET to endpoint: feed/user/11903691706/?max_id=2318511352543899153_11903691706&min_timestamp=None&rank_token=49050629623_1cdcf31b-d633-41c0-bc11-e2b7e52897c6&ranked_content=true returned response: <Response [200]>
2021-08-14 11:36:53,072 - instabot version: 0.117.0 (api) - DEBUG - GET to endpoint: feed/user/11903691706/?max_id=2311281601471236782_11903691706&min_timestamp=None&rank_token=49050629623_1cdcf31b-d633-41c0-bc11-e2b7e52897c6&ranked_content=true returned response: <Response [200]>
2021-08-14 11:36:53,633 - instabot version: 0.117.0 (api) - DEBUG - GET to endpoint: feed/user/11903691706/?max_id=2306243449098515805_11903691706&min_timestamp=None&rank_token=49050629623_1cdcf31b-d633-41c0-bc11-e2b7e52897c6&ranked_content=true returned response: <Response [200]>
2021-08-14 11:36:54,462 - instabot version: 0.117.0 (api) - DEBUG - GET to endpoint: feed/user/11903691706/?max_id=2301841018902152803_11903691706&min_timestamp=None&rank_token=49050629623_1cdcf31b-d633-41c0-bc11-e2b7e52897c6&ranked_content=true returned response: <Response [200]>
2021-08-14 11:36:55,139 - instabot version: 0.117.0 (api) - DEBUG - GET to endpoint: feed/user/11903691706/?max_id=2297398041211544765_11903691706&min_timestamp=None&rank_token=49050629623_1cdcf31b-d633-41c0-bc11-e2b7e52897c6&ranked_content=true returned response: <Response [200]>
2021-08-14 11:36:56,539 - instabot version: 0.117.0 (api) - DEBUG - GET to endpoint: feed/user/11903691706/?max_id=2289567442811706386_11903691706&min_timestamp=None&rank_token=49050629623_1cdcf31b-d633-41c0-bc11-e2b7e52897c6&ranked_content=true returned response: <Response [200]>
2021-08-14 11:36:57,292 - instabot version: 0.117.0 (api) - DEBUG - GET to endpoint: feed/user/11903691706/?max_id=2283827829325381888_11903691706&min_timestamp=None&rank_token=49050629623_1cdcf31b-d633-41c0-bc11-e2b7e52897c6&ranked_content=true returned response: <Response [200]>
2021-08-14 11:36:58,047 - instabot version: 0.117.0 (api) - DEBUG - GET to endpoint: feed/user/11903691706/?max_id=2260525732177715271_11903691706&min_timestamp=None&rank_token=49050629623_1cdcf31b-d633-41c0-bc11-e2b7e52897c6&ranked_content=true returned response: <Response [200]>
2021-08-14 11:36:59,131 - instabot version: 0.117.0 (api) - DEBUG - GET to endpoint: feed/user/11903691706/?max_id=2254087656228493910_11903691706&min_timestamp=None&rank_token=49050629623_1cdcf31b-d633-41c0-bc11-e2b7e52897c6&ranked_content=true returned response: <Response [200]>
2021-08-14 11:37:00,136 - instabot version: 0.117.0 (api) - DEBUG - GET to endpoint: feed/user/11903691706/?max_id=2190402471721407830_11903691706&min_timestamp=None&rank_token=49050629623_1cdcf31b-d633-41c0-bc11-e2b7e52897c6&ranked_content=true returned response: <Response [200]>
2021-08-14 11:37:01,038 - instabot version: 0.117.0 (api) - DEBUG - GET to endpoint: feed/user/11903691706/?max_id=2180244989350983193_11903691706&min_timestamp=None&rank_token=49050629623_1cdcf31b-d633-41c0-bc11-e2b7e52897c6&ranked_content=true returned response: <Response [200]>
2021-08-14 11:37:01,876 - instabot version: 0.117.0 (api) - DEBUG - GET to endpoint: feed/user/11903691706/?max_id=2167872104757989175_11903691706&min_timestamp=None&rank_token=49050629623_1cdcf31b-d633-41c0-bc11-e2b7e52897c6&ranked_content=true returned response: <Response [200]>
2021-08-14 11:37:02,233 - instabot version: 0.117.0 (api) - DEBUG - GET to endpoint: users/vocabexpansion/usernameinfo/ returned response: <Response [200]>
2021-08-14 11:37:03,143 - instabot version: 0.117.0 (api) - DEBUG - GET to endpoint: media/2291181415285874211_11903691706/info/ returned response: <Response [200]>
2021-08-14 11:37:03,736 - instabot version: 0.117.0 (api) - DEBUG - POST to endpoint: direct_v2/threads/broadcast/media_share/ returned response: <Response [200]>
2021-08-14 11:37:04,119 - instabot version: 0.117.0 (api) - DEBUG - POST to endpoint: direct_v2/inbox/ returned response: <Response [200]>
2021-08-14 11:37:06,619 - instabot version: 0.117.0 (api) - DEBUG - POST to endpoint: direct_v2/inbox/ returned response: <Response [200]>
2021-08-14 11:37:09,111 - instabot version: 0.117.0 (api) - DEBUG - POST to endpoint: direct_v2/inbox/ returned response: <Response [200]>
2021-08-14 11:37:11,549 - instabot version: 0.117.0 (api) - DEBUG - POST to endpoint: direct_v2/inbox/ returned response: <Response [200]>
2021-08-14 11:37:13,973 - instabot version: 0.117.0 (api) - DEBUG - POST to endpoint: direct_v2/inbox/ returned response: <Response [200]>
