2021-08-07 13:48:27,120 - instabot version: 0.117.0 (bot) - INFO - Instabot version: 0.117.0 Started
2021-08-07 13:48:27,120 - instabot version: 0.117.0 (bot) - DEBUG - Bot imported from C:\Users\skyem\AppData\Local\Programs\Python\Python39\lib\site-packages\instabot\bot\bot.py
2021-08-07 13:48:28,402 - instabot version: 0.117.0 (api_login) - INFO - Not yet logged in starting: PRE-LOGIN FLOW!
2021-08-07 13:48:28,578 - instabot version: 0.117.0 (api) - DEBUG - POST to endpoint: accounts/get_prefill_candidates/ returned response: <Response [200]>
2021-08-07 13:48:28,716 - instabot version: 0.117.0 (api) - DEBUG - POST to endpoint: qe/sync/ returned response: <Response [200]>
2021-08-07 13:48:28,884 - instabot version: 0.117.0 (api) - DEBUG - POST to endpoint: launcher/sync/ returned response: <Response [200]>
2021-08-07 13:48:29,035 - instabot version: 0.117.0 (api) - DEBUG - POST to endpoint: accounts/contact_point_prefill/ returned response: <Response [200]>
2021-08-07 13:48:30,640 - instabot version: 0.117.0 (api) - DEBUG - POST to endpoint: accounts/login/ returned response: <Response [200]>
2021-08-07 13:48:30,640 - instabot version: 0.117.0 (api) - INFO - Logged-in successfully as 'vocabexpansion'!
2021-08-07 13:48:30,640 - instabot version: 0.117.0 (api_login) - INFO - LOGIN FLOW! Just logged-in: True
2021-08-07 13:48:30,795 - instabot version: 0.117.0 (api) - DEBUG - POST to endpoint: qe/sync/ returned response: <Response [200]>
2021-08-07 13:48:30,977 - instabot version: 0.117.0 (api) - DEBUG - POST to endpoint: launcher/sync/ returned response: <Response [200]>
2021-08-07 13:48:31,154 - instabot version: 0.117.0 (api) - DEBUG - GET to endpoint: zr/token/result/?device_id=android-e377a40ffa4f9abc&token_hash=&custom_device_id=android-e377a40ffa4f9abc&fetch_reason=token_expired returned response: <Response [200]>
2021-08-07 13:48:31,297 - instabot version: 0.117.0 (api) - DEBUG - GET to endpoint: multiple_accounts/get_account_family/ returned response: <Response [200]>
2021-08-07 13:48:31,448 - instabot version: 0.117.0 (api) - DEBUG - POST to endpoint: qe/sync/ returned response: <Response [200]>
2021-08-07 13:48:31,907 - instabot version: 0.117.0 (api) - DEBUG - GET to endpoint: igtv/browse_feed/?prefetch=1 returned response: <Response [200]>
2021-08-07 13:48:32,054 - instabot version: 0.117.0 (api) - DEBUG - POST to endpoint: creatives/ar_class/ returned response: <Response [200]>
2021-08-07 13:48:32,595 - instabot version: 0.117.0 (api) - DEBUG - POST to endpoint: feed/reels_tray/ returned response: <Response [200]>
2021-08-07 13:48:33,686 - instabot version: 0.117.0 (api) - DEBUG - POST to endpoint: feed/timeline/ returned response: <Response [200]>
2021-08-07 13:48:33,846 - instabot version: 0.117.0 (api) - DEBUG - GET to endpoint: media/blocked/ returned response: <Response [200]>
2021-08-07 13:48:34,107 - instabot version: 0.117.0 (api) - DEBUG - GET to endpoint: news/inbox/ returned response: <Response [200]>
2021-08-07 13:48:34,265 - instabot version: 0.117.0 (api) - DEBUG - GET to endpoint: loom/fetch_config/ returned response: <Response [200]>
2021-08-07 13:48:34,586 - instabot version: 0.117.0 (api) - DEBUG - GET to endpoint: scores/bootstrap/users/?surfaces=["autocomplete_user_list","coefficient_besties_list_ranking","coefficient_rank_recipient_user_suggestion","coefficient_ios_section_test_bootstrap_ranking","coefficient_direct_recipients_ranking_variant_2"] returned response: <Response [200]>
2021-08-07 13:48:34,732 - instabot version: 0.117.0 (api) - DEBUG - GET to endpoint: business/eligibility/get_monetization_products_eligibility_data/?product_types=branded_content returned response: <Response [200]>
2021-08-07 13:48:34,936 - instabot version: 0.117.0 (api) - DEBUG - GET to endpoint: business/branded_content/should_require_professional_account/ returned response: <Response [200]>
2021-08-07 13:48:35,090 - instabot version: 0.117.0 (api) - DEBUG - GET to endpoint: linked_accounts/get_linkage_status/ returned response: <Response [200]>
2021-08-07 13:48:35,304 - instabot version: 0.117.0 (api) - DEBUG - GET to endpoint: locations/request_country/ returned response: <Response [200]>
2021-08-07 13:48:35,456 - instabot version: 0.117.0 (api) - DEBUG - GET to endpoint: qp/get_cooldowns/?signed_body=signed_body=4b9c516a5410a3bc128e09c6104a7f042146b9c2023870560c63a43a7f66781c.4&ig_sig_key_version=4&ig_sig_key_version=4 returned response: <Response [200]>
2021-08-07 13:48:35,602 - instabot version: 0.117.0 (api) - DEBUG - GET to endpoint: users/arlink_download_info/?version_override=2.2.1 returned response: <Response [200]>
2021-08-07 13:48:35,880 - instabot version: 0.117.0 (api) - DEBUG - GET to endpoint: users/49051026324/info/ returned response: <Response [200]>
2021-08-07 13:48:36,058 - instabot version: 0.117.0 (api) - DEBUG - GET to endpoint: direct_v2/get_presence/ returned response: <Response [200]>
2021-08-07 13:48:36,333 - instabot version: 0.117.0 (api) - DEBUG - GET to endpoint: direct_v2/inbox/?visual_message_return_type=unseen&thread_message_limit=10&persistentBadging=true&limit=20 returned response: <Response [200]>
2021-08-07 13:48:36,527 - instabot version: 0.117.0 (api) - DEBUG - GET to endpoint: direct_v2/inbox/?visual_message_return_type=unseen&persistentBadging=true&limit=0 returned response: <Response [200]>
2021-08-07 13:48:36,761 - instabot version: 0.117.0 (api) - DEBUG - GET to endpoint: discover/topical_explore/?is_prefetch=true&omit_cover_media=true&use_sectional_payload=true&timezone_offset=0&session_id=32f182d3-0e54-4578-9129-46fe2bb709e0&include_fixed_destinations=true returned response: <Response [200]>
2021-08-07 13:48:36,913 - instabot version: 0.117.0 (api) - DEBUG - POST to endpoint: notifications/badge/ returned response: <Response [200]>
2021-08-07 13:48:37,186 - instabot version: 0.117.0 (api) - DEBUG - POST to endpoint: qp/batch_fetch/ returned response: <Response [200]>
2021-08-07 13:48:37,186 - instabot version: 0.117.0 (bot_checkpoint) - DEBUG - Loading Checkpoint file from: D:\Programming\2021\InstaBot/config/vocabexpansion.checkpoint
2021-08-07 13:48:37,618 - instabot version: 0.117.0 (api) - DEBUG - GET to endpoint: users/cursed.image5/usernameinfo/ returned response: <Response [200]>
2021-08-07 13:48:38,669 - instabot version: 0.117.0 (api) - DEBUG - GET to endpoint: feed/user/13869174215/?max_id=&min_timestamp=None&rank_token=49051026324_af4737b6-180b-488e-882e-3373eea06578&ranked_content=true returned response: <Response [200]>
2021-08-07 13:48:38,922 - instabot version: 0.117.0 (api) - DEBUG - GET to endpoint: feed/user/13869174215/?max_id=2626282164009019831_13869174215&min_timestamp=None&rank_token=49051026324_af4737b6-180b-488e-882e-3373eea06578&ranked_content=true returned response: <Response [200]>
2021-08-07 13:48:39,186 - instabot version: 0.117.0 (api) - DEBUG - GET to endpoint: feed/user/13869174215/?max_id=2619320932840007255_13869174215&min_timestamp=None&rank_token=49051026324_af4737b6-180b-488e-882e-3373eea06578&ranked_content=true returned response: <Response [200]>
2021-08-07 13:48:39,459 - instabot version: 0.117.0 (api) - DEBUG - GET to endpoint: feed/user/13869174215/?max_id=2615694568026099705_13869174215&min_timestamp=None&rank_token=49051026324_af4737b6-180b-488e-882e-3373eea06578&ranked_content=true returned response: <Response [200]>
2021-08-07 13:48:39,748 - instabot version: 0.117.0 (api) - DEBUG - GET to endpoint: feed/user/13869174215/?max_id=2611690618580401403_13869174215&min_timestamp=None&rank_token=49051026324_af4737b6-180b-488e-882e-3373eea06578&ranked_content=true returned response: <Response [200]>
2021-08-07 13:48:40,023 - instabot version: 0.117.0 (api) - DEBUG - GET to endpoint: feed/user/13869174215/?max_id=2608061752276310042_13869174215&min_timestamp=None&rank_token=49051026324_af4737b6-180b-488e-882e-3373eea06578&ranked_content=true returned response: <Response [200]>
2021-08-07 13:48:40,390 - instabot version: 0.117.0 (api) - DEBUG - GET to endpoint: feed/user/13869174215/?max_id=2604100664946823042_13869174215&min_timestamp=None&rank_token=49051026324_af4737b6-180b-488e-882e-3373eea06578&ranked_content=true returned response: <Response [200]>
2021-08-07 13:48:40,663 - instabot version: 0.117.0 (api) - DEBUG - GET to endpoint: feed/user/13869174215/?max_id=2600494391490826446_13869174215&min_timestamp=None&rank_token=49051026324_af4737b6-180b-488e-882e-3373eea06578&ranked_content=true returned response: <Response [200]>
2021-08-07 13:48:40,930 - instabot version: 0.117.0 (api) - DEBUG - GET to endpoint: feed/user/13869174215/?max_id=2596457770244179366_13869174215&min_timestamp=None&rank_token=49051026324_af4737b6-180b-488e-882e-3373eea06578&ranked_content=true returned response: <Response [200]>
2021-08-07 13:48:41,253 - instabot version: 0.117.0 (api) - DEBUG - GET to endpoint: feed/user/13869174215/?max_id=2592519353094475095_13869174215&min_timestamp=None&rank_token=49051026324_af4737b6-180b-488e-882e-3373eea06578&ranked_content=true returned response: <Response [200]>
2021-08-07 13:48:41,575 - instabot version: 0.117.0 (api) - DEBUG - GET to endpoint: feed/user/13869174215/?max_id=2588502866338363342_13869174215&min_timestamp=None&rank_token=49051026324_af4737b6-180b-488e-882e-3373eea06578&ranked_content=true returned response: <Response [200]>
2021-08-07 13:48:41,849 - instabot version: 0.117.0 (api) - DEBUG - GET to endpoint: feed/user/13869174215/?max_id=2584501472361702861_13869174215&min_timestamp=None&rank_token=49051026324_af4737b6-180b-488e-882e-3373eea06578&ranked_content=true returned response: <Response [200]>
2021-08-07 13:48:42,165 - instabot version: 0.117.0 (api) - DEBUG - GET to endpoint: feed/user/13869174215/?max_id=2580915326536266213_13869174215&min_timestamp=None&rank_token=49051026324_af4737b6-180b-488e-882e-3373eea06578&ranked_content=true returned response: <Response [200]>
2021-08-07 13:48:42,479 - instabot version: 0.117.0 (api) - DEBUG - GET to endpoint: feed/user/13869174215/?max_id=2576901365169592772_13869174215&min_timestamp=None&rank_token=49051026324_af4737b6-180b-488e-882e-3373eea06578&ranked_content=true returned response: <Response [200]>
2021-08-07 13:48:42,728 - instabot version: 0.117.0 (api) - DEBUG - GET to endpoint: feed/user/13869174215/?max_id=2572950368222481861_13869174215&min_timestamp=None&rank_token=49051026324_af4737b6-180b-488e-882e-3373eea06578&ranked_content=true returned response: <Response [200]>
2021-08-07 13:48:42,986 - instabot version: 0.117.0 (api) - DEBUG - GET to endpoint: feed/user/13869174215/?max_id=2568933940185551628_13869174215&min_timestamp=None&rank_token=49051026324_af4737b6-180b-488e-882e-3373eea06578&ranked_content=true returned response: <Response [200]>
2021-08-07 13:48:43,323 - instabot version: 0.117.0 (api) - DEBUG - GET to endpoint: feed/user/13869174215/?max_id=2564952627503476652_13869174215&min_timestamp=None&rank_token=49051026324_af4737b6-180b-488e-882e-3373eea06578&ranked_content=true returned response: <Response [200]>
2021-08-07 13:48:43,613 - instabot version: 0.117.0 (api) - DEBUG - GET to endpoint: feed/user/13869174215/?max_id=2560943766360606050_13869174215&min_timestamp=None&rank_token=49051026324_af4737b6-180b-488e-882e-3373eea06578&ranked_content=true returned response: <Response [200]>
2021-08-07 13:48:43,869 - instabot version: 0.117.0 (api) - DEBUG - GET to endpoint: feed/user/13869174215/?max_id=2557005355631346400_13869174215&min_timestamp=None&rank_token=49051026324_af4737b6-180b-488e-882e-3373eea06578&ranked_content=true returned response: <Response [200]>
2021-08-07 13:48:44,200 - instabot version: 0.117.0 (api) - DEBUG - GET to endpoint: feed/user/13869174215/?max_id=2552988981780448384_13869174215&min_timestamp=None&rank_token=49051026324_af4737b6-180b-488e-882e-3373eea06578&ranked_content=true returned response: <Response [200]>
2021-08-07 13:48:44,572 - instabot version: 0.117.0 (api) - DEBUG - GET to endpoint: feed/user/13869174215/?max_id=2548987552614947851_13869174215&min_timestamp=None&rank_token=49051026324_af4737b6-180b-488e-882e-3373eea06578&ranked_content=true returned response: <Response [200]>
2021-08-07 13:48:44,897 - instabot version: 0.117.0 (api) - DEBUG - GET to endpoint: feed/user/13869174215/?max_id=2546037047749495563_13869174215&min_timestamp=None&rank_token=49051026324_af4737b6-180b-488e-882e-3373eea06578&ranked_content=true returned response: <Response [200]>
2021-08-07 13:48:45,160 - instabot version: 0.117.0 (api) - DEBUG - GET to endpoint: feed/user/13869174215/?max_id=2542114681509893820_13869174215&min_timestamp=None&rank_token=49051026324_af4737b6-180b-488e-882e-3373eea06578&ranked_content=true returned response: <Response [200]>
2021-08-07 13:48:45,527 - instabot version: 0.117.0 (api) - DEBUG - GET to endpoint: feed/user/13869174215/?max_id=2538173715005284388_13869174215&min_timestamp=None&rank_token=49051026324_af4737b6-180b-488e-882e-3373eea06578&ranked_content=true returned response: <Response [200]>
2021-08-07 13:48:45,769 - instabot version: 0.117.0 (api) - DEBUG - GET to endpoint: feed/user/13869174215/?max_id=2534544815264434387_13869174215&min_timestamp=None&rank_token=49051026324_af4737b6-180b-488e-882e-3373eea06578&ranked_content=true returned response: <Response [200]>
2021-08-07 13:48:46,023 - instabot version: 0.117.0 (api) - DEBUG - GET to endpoint: feed/user/13869174215/?max_id=2530535920269053773_13869174215&min_timestamp=None&rank_token=49051026324_af4737b6-180b-488e-882e-3373eea06578&ranked_content=true returned response: <Response [200]>
2021-08-07 13:48:46,321 - instabot version: 0.117.0 (api) - DEBUG - GET to endpoint: feed/user/13869174215/?max_id=2526896981011441823_13869174215&min_timestamp=None&rank_token=49051026324_af4737b6-180b-488e-882e-3373eea06578&ranked_content=true returned response: <Response [200]>
2021-08-07 13:48:46,646 - instabot version: 0.117.0 (api) - DEBUG - GET to endpoint: feed/user/13869174215/?max_id=2522963885033792954_13869174215&min_timestamp=None&rank_token=49051026324_af4737b6-180b-488e-882e-3373eea06578&ranked_content=true returned response: <Response [200]>
2021-08-07 13:48:46,991 - instabot version: 0.117.0 (api) - DEBUG - GET to endpoint: feed/user/13869174215/?max_id=2519327024235841370_13869174215&min_timestamp=None&rank_token=49051026324_af4737b6-180b-488e-882e-3373eea06578&ranked_content=true returned response: <Response [200]>
2021-08-07 13:48:47,316 - instabot version: 0.117.0 (api) - DEBUG - GET to endpoint: feed/user/13869174215/?max_id=2515673474754025240_13869174215&min_timestamp=None&rank_token=49051026324_af4737b6-180b-488e-882e-3373eea06578&ranked_content=true returned response: <Response [200]>
2021-08-07 13:48:47,588 - instabot version: 0.117.0 (api) - DEBUG - GET to endpoint: feed/user/13869174215/?max_id=2512431679012886615_13869174215&min_timestamp=None&rank_token=49051026324_af4737b6-180b-488e-882e-3373eea06578&ranked_content=true returned response: <Response [200]>
2021-08-07 13:48:47,843 - instabot version: 0.117.0 (api) - DEBUG - GET to endpoint: feed/user/13869174215/?max_id=2508795165326617826_13869174215&min_timestamp=None&rank_token=49051026324_af4737b6-180b-488e-882e-3373eea06578&ranked_content=true returned response: <Response [200]>
2021-08-07 13:48:48,137 - instabot version: 0.117.0 (api) - DEBUG - GET to endpoint: feed/user/13869174215/?max_id=2504834176534377920_13869174215&min_timestamp=None&rank_token=49051026324_af4737b6-180b-488e-882e-3373eea06578&ranked_content=true returned response: <Response [200]>
2021-08-07 13:48:48,429 - instabot version: 0.117.0 (api) - DEBUG - GET to endpoint: feed/user/13869174215/?max_id=2501952592915862130_13869174215&min_timestamp=None&rank_token=49051026324_af4737b6-180b-488e-882e-3373eea06578&ranked_content=true returned response: <Response [200]>
2021-08-07 13:48:48,696 - instabot version: 0.117.0 (api) - DEBUG - GET to endpoint: feed/user/13869174215/?max_id=2499750602877478920_13869174215&min_timestamp=None&rank_token=49051026324_af4737b6-180b-488e-882e-3373eea06578&ranked_content=true returned response: <Response [200]>
2021-08-07 13:48:48,980 - instabot version: 0.117.0 (api) - DEBUG - GET to endpoint: feed/user/13869174215/?max_id=2496879138318438467_13869174215&min_timestamp=None&rank_token=49051026324_af4737b6-180b-488e-882e-3373eea06578&ranked_content=true returned response: <Response [200]>
2021-08-07 13:48:49,264 - instabot version: 0.117.0 (api) - DEBUG - GET to endpoint: feed/user/13869174215/?max_id=2494297080575691358_13869174215&min_timestamp=None&rank_token=49051026324_af4737b6-180b-488e-882e-3373eea06578&ranked_content=true returned response: <Response [200]>
2021-08-07 13:48:49,674 - instabot version: 0.117.0 (api) - DEBUG - GET to endpoint: feed/user/13869174215/?max_id=2491508090337659323_13869174215&min_timestamp=None&rank_token=49051026324_af4737b6-180b-488e-882e-3373eea06578&ranked_content=true returned response: <Response [200]>
2021-08-07 13:48:50,016 - instabot version: 0.117.0 (api) - DEBUG - GET to endpoint: feed/user/13869174215/?max_id=2488767333201690606_13869174215&min_timestamp=None&rank_token=49051026324_af4737b6-180b-488e-882e-3373eea06578&ranked_content=true returned response: <Response [200]>
2021-08-07 13:48:50,347 - instabot version: 0.117.0 (api) - DEBUG - GET to endpoint: feed/user/13869174215/?max_id=2484542948476176785_13869174215&min_timestamp=None&rank_token=49051026324_af4737b6-180b-488e-882e-3373eea06578&ranked_content=true returned response: <Response [200]>
2021-08-07 13:48:50,648 - instabot version: 0.117.0 (api) - DEBUG - GET to endpoint: feed/user/13869174215/?max_id=2480543943331322882_13869174215&min_timestamp=None&rank_token=49051026324_af4737b6-180b-488e-882e-3373eea06578&ranked_content=true returned response: <Response [200]>
2021-08-07 13:48:50,913 - instabot version: 0.117.0 (api) - DEBUG - GET to endpoint: feed/user/13869174215/?max_id=2476655710194612550_13869174215&min_timestamp=None&rank_token=49051026324_af4737b6-180b-488e-882e-3373eea06578&ranked_content=true returned response: <Response [200]>
2021-08-07 13:48:51,179 - instabot version: 0.117.0 (api) - DEBUG - GET to endpoint: feed/user/13869174215/?max_id=2472546280048504730_13869174215&min_timestamp=None&rank_token=49051026324_af4737b6-180b-488e-882e-3373eea06578&ranked_content=true returned response: <Response [200]>
2021-08-07 13:48:51,443 - instabot version: 0.117.0 (api) - DEBUG - GET to endpoint: feed/user/13869174215/?max_id=2468922436582781045_13869174215&min_timestamp=None&rank_token=49051026324_af4737b6-180b-488e-882e-3373eea06578&ranked_content=true returned response: <Response [200]>
2021-08-07 13:48:51,688 - instabot version: 0.117.0 (api) - DEBUG - GET to endpoint: feed/user/13869174215/?max_id=2465009175103484602_13869174215&min_timestamp=None&rank_token=49051026324_af4737b6-180b-488e-882e-3373eea06578&ranked_content=true returned response: <Response [200]>
2021-08-07 13:48:51,995 - instabot version: 0.117.0 (api) - DEBUG - GET to endpoint: feed/user/13869174215/?max_id=2460640347263179662_13869174215&min_timestamp=None&rank_token=49051026324_af4737b6-180b-488e-882e-3373eea06578&ranked_content=true returned response: <Response [200]>
2021-08-07 13:48:52,254 - instabot version: 0.117.0 (api) - DEBUG - GET to endpoint: feed/user/13869174215/?max_id=2456628952261863877_13869174215&min_timestamp=None&rank_token=49051026324_af4737b6-180b-488e-882e-3373eea06578&ranked_content=true returned response: <Response [200]>
2021-08-07 13:48:52,529 - instabot version: 0.117.0 (api) - DEBUG - GET to endpoint: feed/user/13869174215/?max_id=2452690555870516861_13869174215&min_timestamp=None&rank_token=49051026324_af4737b6-180b-488e-882e-3373eea06578&ranked_content=true returned response: <Response [200]>
2021-08-07 13:48:52,805 - instabot version: 0.117.0 (api) - DEBUG - GET to endpoint: feed/user/13869174215/?max_id=2448694170446051359_13869174215&min_timestamp=None&rank_token=49051026324_af4737b6-180b-488e-882e-3373eea06578&ranked_content=true returned response: <Response [200]>
2021-08-07 13:48:53,181 - instabot version: 0.117.0 (api) - DEBUG - GET to endpoint: feed/user/13869174215/?max_id=2444687802296583042_13869174215&min_timestamp=None&rank_token=49051026324_af4737b6-180b-488e-882e-3373eea06578&ranked_content=true returned response: <Response [200]>
2021-08-07 13:48:53,454 - instabot version: 0.117.0 (api) - DEBUG - GET to endpoint: feed/user/13869174215/?max_id=2440706512804455084_13869174215&min_timestamp=None&rank_token=49051026324_af4737b6-180b-488e-882e-3373eea06578&ranked_content=true returned response: <Response [200]>
2021-08-07 13:48:53,749 - instabot version: 0.117.0 (api) - DEBUG - GET to endpoint: feed/user/13869174215/?max_id=2436735350699994709_13869174215&min_timestamp=None&rank_token=49051026324_af4737b6-180b-488e-882e-3373eea06578&ranked_content=true returned response: <Response [200]>
2021-08-07 13:48:54,017 - instabot version: 0.117.0 (api) - DEBUG - GET to endpoint: feed/user/13869174215/?max_id=2433129098571477149_13869174215&min_timestamp=None&rank_token=49051026324_af4737b6-180b-488e-882e-3373eea06578&ranked_content=true returned response: <Response [200]>
2021-08-07 13:48:54,280 - instabot version: 0.117.0 (api) - DEBUG - GET to endpoint: feed/user/13869174215/?max_id=2429505298969621108_13869174215&min_timestamp=None&rank_token=49051026324_af4737b6-180b-488e-882e-3373eea06578&ranked_content=true returned response: <Response [200]>
2021-08-07 13:48:54,622 - instabot version: 0.117.0 (api) - DEBUG - GET to endpoint: feed/user/13869174215/?max_id=2425435871171857365_13869174215&min_timestamp=None&rank_token=49051026324_af4737b6-180b-488e-882e-3373eea06578&ranked_content=true returned response: <Response [200]>
2021-08-07 13:48:55,099 - instabot version: 0.117.0 (api) - DEBUG - GET to endpoint: feed/user/13869174215/?max_id=2422921876622106329_13869174215&min_timestamp=None&rank_token=49051026324_af4737b6-180b-488e-882e-3373eea06578&ranked_content=true returned response: <Response [200]>
2021-08-07 13:48:55,411 - instabot version: 0.117.0 (api) - DEBUG - GET to endpoint: feed/user/13869174215/?max_id=2419599990277207744_13869174215&min_timestamp=None&rank_token=49051026324_af4737b6-180b-488e-882e-3373eea06578&ranked_content=true returned response: <Response [200]>
2021-08-07 13:48:55,717 - instabot version: 0.117.0 (api) - DEBUG - GET to endpoint: feed/user/13869174215/?max_id=2416421492374883814_13869174215&min_timestamp=None&rank_token=49051026324_af4737b6-180b-488e-882e-3373eea06578&ranked_content=true returned response: <Response [200]>
2021-08-07 13:48:55,976 - instabot version: 0.117.0 (api) - DEBUG - GET to endpoint: feed/user/13869174215/?max_id=2412322091271941178_13869174215&min_timestamp=None&rank_token=49051026324_af4737b6-180b-488e-882e-3373eea06578&ranked_content=true returned response: <Response [200]>
2021-08-07 13:48:56,250 - instabot version: 0.117.0 (api) - DEBUG - GET to endpoint: feed/user/13869174215/?max_id=2408655292738668661_13869174215&min_timestamp=None&rank_token=49051026324_af4737b6-180b-488e-882e-3373eea06578&ranked_content=true returned response: <Response [200]>
2021-08-07 13:48:56,508 - instabot version: 0.117.0 (api) - DEBUG - GET to endpoint: feed/user/13869174215/?max_id=2404777850169606759_13869174215&min_timestamp=None&rank_token=49051026324_af4737b6-180b-488e-882e-3373eea06578&ranked_content=true returned response: <Response [200]>
2021-08-07 13:48:56,905 - instabot version: 0.117.0 (api) - DEBUG - GET to endpoint: feed/user/13869174215/?max_id=2400478915984765526_13869174215&min_timestamp=None&rank_token=49051026324_af4737b6-180b-488e-882e-3373eea06578&ranked_content=true returned response: <Response [200]>
2021-08-07 13:48:57,250 - instabot version: 0.117.0 (api) - DEBUG - GET to endpoint: feed/user/13869174215/?max_id=2396832979551009673_13869174215&min_timestamp=None&rank_token=49051026324_af4737b6-180b-488e-882e-3373eea06578&ranked_content=true returned response: <Response [200]>
2021-08-07 13:48:57,569 - instabot version: 0.117.0 (api) - DEBUG - GET to endpoint: feed/user/13869174215/?max_id=2392484266083000422_13869174215&min_timestamp=None&rank_token=49051026324_af4737b6-180b-488e-882e-3373eea06578&ranked_content=true returned response: <Response [200]>
2021-08-07 13:48:57,851 - instabot version: 0.117.0 (api) - DEBUG - GET to endpoint: feed/user/13869174215/?max_id=2387753860330942816_13869174215&min_timestamp=None&rank_token=49051026324_af4737b6-180b-488e-882e-3373eea06578&ranked_content=true returned response: <Response [200]>
2021-08-07 13:48:58,201 - instabot version: 0.117.0 (api) - DEBUG - GET to endpoint: feed/user/13869174215/?max_id=2383407364441483015_13869174215&min_timestamp=None&rank_token=49051026324_af4737b6-180b-488e-882e-3373eea06578&ranked_content=true returned response: <Response [200]>
2021-08-07 13:48:58,512 - instabot version: 0.117.0 (api) - DEBUG - GET to endpoint: feed/user/13869174215/?max_id=2378963483146709426_13869174215&min_timestamp=None&rank_token=49051026324_af4737b6-180b-488e-882e-3373eea06578&ranked_content=true returned response: <Response [200]>
2021-08-07 13:48:58,832 - instabot version: 0.117.0 (api) - DEBUG - GET to endpoint: feed/user/13869174215/?max_id=2374728225182403018_13869174215&min_timestamp=None&rank_token=49051026324_af4737b6-180b-488e-882e-3373eea06578&ranked_content=true returned response: <Response [200]>
2021-08-07 13:48:59,098 - instabot version: 0.117.0 (api) - DEBUG - GET to endpoint: feed/user/13869174215/?max_id=2370750560775657182_13869174215&min_timestamp=None&rank_token=49051026324_af4737b6-180b-488e-882e-3373eea06578&ranked_content=true returned response: <Response [200]>
2021-08-07 13:48:59,388 - instabot version: 0.117.0 (api) - DEBUG - GET to endpoint: feed/user/13869174215/?max_id=2366430408168820005_13869174215&min_timestamp=None&rank_token=49051026324_af4737b6-180b-488e-882e-3373eea06578&ranked_content=true returned response: <Response [200]>
2021-08-07 13:48:59,665 - instabot version: 0.117.0 (api) - DEBUG - GET to endpoint: feed/user/13869174215/?max_id=2362769526674973791_13869174215&min_timestamp=None&rank_token=49051026324_af4737b6-180b-488e-882e-3373eea06578&ranked_content=true returned response: <Response [200]>
2021-08-07 13:48:59,977 - instabot version: 0.117.0 (api) - DEBUG - GET to endpoint: feed/user/13869174215/?max_id=2358435657251528577_13869174215&min_timestamp=None&rank_token=49051026324_af4737b6-180b-488e-882e-3373eea06578&ranked_content=true returned response: <Response [200]>
2021-08-07 13:49:00,299 - instabot version: 0.117.0 (api) - DEBUG - GET to endpoint: feed/user/13869174215/?max_id=2354810661467751114_13869174215&min_timestamp=None&rank_token=49051026324_af4737b6-180b-488e-882e-3373eea06578&ranked_content=true returned response: <Response [200]>
2021-08-07 13:49:00,557 - instabot version: 0.117.0 (api) - DEBUG - GET to endpoint: feed/user/13869174215/?max_id=2350465988741618775_13869174215&min_timestamp=None&rank_token=49051026324_af4737b6-180b-488e-882e-3373eea06578&ranked_content=true returned response: <Response [200]>
2021-08-07 13:49:00,868 - instabot version: 0.117.0 (api) - DEBUG - GET to endpoint: feed/user/13869174215/?max_id=2346165185566573541_13869174215&min_timestamp=None&rank_token=49051026324_af4737b6-180b-488e-882e-3373eea06578&ranked_content=true returned response: <Response [200]>
2021-08-07 13:49:01,155 - instabot version: 0.117.0 (api) - DEBUG - GET to endpoint: feed/user/13869174215/?max_id=2342503661086155982_13869174215&min_timestamp=None&rank_token=49051026324_af4737b6-180b-488e-882e-3373eea06578&ranked_content=true returned response: <Response [200]>
2021-08-07 13:49:01,549 - instabot version: 0.117.0 (api) - DEBUG - GET to endpoint: feed/user/13869174215/?max_id=2338127267509913555_13869174215&min_timestamp=None&rank_token=49051026324_af4737b6-180b-488e-882e-3373eea06578&ranked_content=true returned response: <Response [200]>
2021-08-07 13:49:01,798 - instabot version: 0.117.0 (api) - DEBUG - GET to endpoint: feed/user/13869174215/?max_id=2334122670831398861_13869174215&min_timestamp=None&rank_token=49051026324_af4737b6-180b-488e-882e-3373eea06578&ranked_content=true returned response: <Response [200]>
2021-08-07 13:49:02,099 - instabot version: 0.117.0 (api) - DEBUG - GET to endpoint: feed/user/13869174215/?max_id=2330552484224210594_13869174215&min_timestamp=None&rank_token=49051026324_af4737b6-180b-488e-882e-3373eea06578&ranked_content=true returned response: <Response [200]>
2021-08-07 13:49:02,348 - instabot version: 0.117.0 (api) - DEBUG - GET to endpoint: feed/user/13869174215/?max_id=2326553766432947481_13869174215&min_timestamp=None&rank_token=49051026324_af4737b6-180b-488e-882e-3373eea06578&ranked_content=true returned response: <Response [200]>
2021-08-07 13:49:02,775 - instabot version: 0.117.0 (api) - DEBUG - GET to endpoint: feed/user/13869174215/?max_id=2323265210302194844_13869174215&min_timestamp=None&rank_token=49051026324_af4737b6-180b-488e-882e-3373eea06578&ranked_content=true returned response: <Response [200]>
2021-08-07 13:49:03,129 - instabot version: 0.117.0 (api) - DEBUG - GET to endpoint: feed/user/13869174215/?max_id=2320359261535106609_13869174215&min_timestamp=None&rank_token=49051026324_af4737b6-180b-488e-882e-3373eea06578&ranked_content=true returned response: <Response [200]>
2021-08-07 13:49:03,604 - instabot version: 0.117.0 (api) - DEBUG - GET to endpoint: feed/user/13869174215/?max_id=2317824364622884173_13869174215&min_timestamp=None&rank_token=49051026324_af4737b6-180b-488e-882e-3373eea06578&ranked_content=true returned response: <Response [200]>
2021-08-07 13:49:03,920 - instabot version: 0.117.0 (api) - DEBUG - GET to endpoint: feed/user/13869174215/?max_id=2315679112898549809_13869174215&min_timestamp=None&rank_token=49051026324_af4737b6-180b-488e-882e-3373eea06578&ranked_content=true returned response: <Response [200]>
2021-08-07 13:49:04,278 - instabot version: 0.117.0 (api) - DEBUG - GET to endpoint: feed/user/13869174215/?max_id=2313486456126213303_13869174215&min_timestamp=None&rank_token=49051026324_af4737b6-180b-488e-882e-3373eea06578&ranked_content=true returned response: <Response [200]>
2021-08-07 13:49:04,534 - instabot version: 0.117.0 (api) - DEBUG - GET to endpoint: feed/user/13869174215/?max_id=2311304204860637488_13869174215&min_timestamp=None&rank_token=49051026324_af4737b6-180b-488e-882e-3373eea06578&ranked_content=true returned response: <Response [200]>
2021-08-07 13:49:04,842 - instabot version: 0.117.0 (api) - DEBUG - GET to endpoint: feed/user/13869174215/?max_id=2309130985206603098_13869174215&min_timestamp=None&rank_token=49051026324_af4737b6-180b-488e-882e-3373eea06578&ranked_content=true returned response: <Response [200]>
2021-08-07 13:49:05,219 - instabot version: 0.117.0 (api) - DEBUG - GET to endpoint: feed/user/13869174215/?max_id=2306946976628269968_13869174215&min_timestamp=None&rank_token=49051026324_af4737b6-180b-488e-882e-3373eea06578&ranked_content=true returned response: <Response [200]>
2021-08-07 13:49:05,571 - instabot version: 0.117.0 (api) - DEBUG - GET to endpoint: feed/user/13869174215/?max_id=2304793423469882682_13869174215&min_timestamp=None&rank_token=49051026324_af4737b6-180b-488e-882e-3373eea06578&ranked_content=true returned response: <Response [200]>
2021-08-07 13:49:05,869 - instabot version: 0.117.0 (api) - DEBUG - GET to endpoint: feed/user/13869174215/?max_id=2302612064550992807_13869174215&min_timestamp=None&rank_token=49051026324_af4737b6-180b-488e-882e-3373eea06578&ranked_content=true returned response: <Response [200]>
2021-08-07 13:49:06,815 - instabot version: 0.117.0 (api) - DEBUG - GET to endpoint: feed/user/13869174215/?max_id=2300416865099773608_13869174215&min_timestamp=None&rank_token=49051026324_af4737b6-180b-488e-882e-3373eea06578&ranked_content=true returned response: <Response [200]>
2021-08-07 13:49:07,191 - instabot version: 0.117.0 (api) - DEBUG - GET to endpoint: feed/user/13869174215/?max_id=2298261527172827762_13869174215&min_timestamp=None&rank_token=49051026324_af4737b6-180b-488e-882e-3373eea06578&ranked_content=true returned response: <Response [200]>
2021-08-07 13:49:07,525 - instabot version: 0.117.0 (api) - DEBUG - GET to endpoint: feed/user/13869174215/?max_id=2296089610160602205_13869174215&min_timestamp=None&rank_token=49051026324_af4737b6-180b-488e-882e-3373eea06578&ranked_content=true returned response: <Response [200]>
2021-08-07 13:49:07,818 - instabot version: 0.117.0 (api) - DEBUG - GET to endpoint: feed/user/13869174215/?max_id=2293904001312535944_13869174215&min_timestamp=None&rank_token=49051026324_af4737b6-180b-488e-882e-3373eea06578&ranked_content=true returned response: <Response [200]>
2021-08-07 13:49:08,194 - instabot version: 0.117.0 (api) - DEBUG - GET to endpoint: feed/user/13869174215/?max_id=2291388943315542728_13869174215&min_timestamp=None&rank_token=49051026324_af4737b6-180b-488e-882e-3373eea06578&ranked_content=true returned response: <Response [200]>
2021-08-07 13:49:08,581 - instabot version: 0.117.0 (api) - DEBUG - GET to endpoint: feed/user/13869174215/?max_id=2289187605089547898_13869174215&min_timestamp=None&rank_token=49051026324_af4737b6-180b-488e-882e-3373eea06578&ranked_content=true returned response: <Response [200]>
2021-08-07 13:49:08,830 - instabot version: 0.117.0 (api) - DEBUG - GET to endpoint: feed/user/13869174215/?max_id=2287381904537098515_13869174215&min_timestamp=None&rank_token=49051026324_af4737b6-180b-488e-882e-3373eea06578&ranked_content=true returned response: <Response [200]>
2021-08-07 13:49:09,167 - instabot version: 0.117.0 (api) - DEBUG - GET to endpoint: feed/user/13869174215/?max_id=2284840864277911251_13869174215&min_timestamp=None&rank_token=49051026324_af4737b6-180b-488e-882e-3373eea06578&ranked_content=true returned response: <Response [200]>
2021-08-07 13:49:09,425 - instabot version: 0.117.0 (api) - DEBUG - GET to endpoint: feed/user/13869174215/?max_id=2282310006027493789_13869174215&min_timestamp=None&rank_token=49051026324_af4737b6-180b-488e-882e-3373eea06578&ranked_content=true returned response: <Response [200]>
2021-08-07 13:49:09,724 - instabot version: 0.117.0 (api) - DEBUG - GET to endpoint: feed/user/13869174215/?max_id=2280129519708174684_13869174215&min_timestamp=None&rank_token=49051026324_af4737b6-180b-488e-882e-3373eea06578&ranked_content=true returned response: <Response [200]>
2021-08-07 13:49:10,032 - instabot version: 0.117.0 (api) - DEBUG - GET to endpoint: feed/user/13869174215/?max_id=2277983664356193149_13869174215&min_timestamp=None&rank_token=49051026324_af4737b6-180b-488e-882e-3373eea06578&ranked_content=true returned response: <Response [200]>
2021-08-07 13:49:10,300 - instabot version: 0.117.0 (api) - DEBUG - GET to endpoint: feed/user/13869174215/?max_id=2276160651344175491_13869174215&min_timestamp=None&rank_token=49051026324_af4737b6-180b-488e-882e-3373eea06578&ranked_content=true returned response: <Response [200]>
2021-08-07 13:49:10,608 - instabot version: 0.117.0 (api) - DEBUG - GET to endpoint: feed/user/13869174215/?max_id=2273985757273559312_13869174215&min_timestamp=None&rank_token=49051026324_af4737b6-180b-488e-882e-3373eea06578&ranked_content=true returned response: <Response [200]>
2021-08-07 13:49:10,917 - instabot version: 0.117.0 (api) - DEBUG - GET to endpoint: feed/user/13869174215/?max_id=2271844697336302944_13869174215&min_timestamp=None&rank_token=49051026324_af4737b6-180b-488e-882e-3373eea06578&ranked_content=true returned response: <Response [200]>
2021-08-07 13:49:11,187 - instabot version: 0.117.0 (api) - DEBUG - GET to endpoint: feed/user/13869174215/?max_id=2269322361701824604_13869174215&min_timestamp=None&rank_token=49051026324_af4737b6-180b-488e-882e-3373eea06578&ranked_content=true returned response: <Response [200]>
2021-08-07 13:49:11,457 - instabot version: 0.117.0 (api) - DEBUG - GET to endpoint: feed/user/13869174215/?max_id=2267122260149330706_13869174215&min_timestamp=None&rank_token=49051026324_af4737b6-180b-488e-882e-3373eea06578&ranked_content=true returned response: <Response [200]>
2021-08-07 13:49:11,819 - instabot version: 0.117.0 (api) - DEBUG - GET to endpoint: feed/user/13869174215/?max_id=2264964783077205373_13869174215&min_timestamp=None&rank_token=49051026324_af4737b6-180b-488e-882e-3373eea06578&ranked_content=true returned response: <Response [200]>
2021-08-07 13:49:12,092 - instabot version: 0.117.0 (api) - DEBUG - GET to endpoint: feed/user/13869174215/?max_id=2262780714797226909_13869174215&min_timestamp=None&rank_token=49051026324_af4737b6-180b-488e-882e-3373eea06578&ranked_content=true returned response: <Response [200]>
2021-08-07 13:49:12,349 - instabot version: 0.117.0 (api) - DEBUG - GET to endpoint: feed/user/13869174215/?max_id=2260581103978388929_13869174215&min_timestamp=None&rank_token=49051026324_af4737b6-180b-488e-882e-3373eea06578&ranked_content=true returned response: <Response [200]>
2021-08-07 13:49:12,673 - instabot version: 0.117.0 (api) - DEBUG - GET to endpoint: feed/user/13869174215/?max_id=2258428954670459867_13869174215&min_timestamp=None&rank_token=49051026324_af4737b6-180b-488e-882e-3373eea06578&ranked_content=true returned response: <Response [200]>
2021-08-07 13:49:12,963 - instabot version: 0.117.0 (api) - DEBUG - GET to endpoint: feed/user/13869174215/?max_id=2256205873549729303_13869174215&min_timestamp=None&rank_token=49051026324_af4737b6-180b-488e-882e-3373eea06578&ranked_content=true returned response: <Response [200]>
2021-08-07 13:49:13,279 - instabot version: 0.117.0 (api) - DEBUG - GET to endpoint: feed/user/13869174215/?max_id=2254447245964764045_13869174215&min_timestamp=None&rank_token=49051026324_af4737b6-180b-488e-882e-3373eea06578&ranked_content=true returned response: <Response [200]>
2021-08-07 13:49:13,602 - instabot version: 0.117.0 (api) - DEBUG - GET to endpoint: feed/user/13869174215/?max_id=2251904639124884728_13869174215&min_timestamp=None&rank_token=49051026324_af4737b6-180b-488e-882e-3373eea06578&ranked_content=true returned response: <Response [200]>
2021-08-07 13:49:13,855 - instabot version: 0.117.0 (api) - DEBUG - GET to endpoint: feed/user/13869174215/?max_id=2250104535879455748_13869174215&min_timestamp=None&rank_token=49051026324_af4737b6-180b-488e-882e-3373eea06578&ranked_content=true returned response: <Response [200]>
2021-08-07 13:49:14,262 - instabot version: 0.117.0 (api) - DEBUG - GET to endpoint: feed/user/13869174215/?max_id=2247525817222732961_13869174215&min_timestamp=None&rank_token=49051026324_af4737b6-180b-488e-882e-3373eea06578&ranked_content=true returned response: <Response [200]>
2021-08-07 13:49:14,585 - instabot version: 0.117.0 (api) - DEBUG - GET to endpoint: feed/user/13869174215/?max_id=2244686228846078615_13869174215&min_timestamp=None&rank_token=49051026324_af4737b6-180b-488e-882e-3373eea06578&ranked_content=true returned response: <Response [200]>
2021-08-07 13:49:15,031 - instabot version: 0.117.0 (api) - DEBUG - GET to endpoint: feed/user/13869174215/?max_id=2242508070986257926_13869174215&min_timestamp=None&rank_token=49051026324_af4737b6-180b-488e-882e-3373eea06578&ranked_content=true returned response: <Response [200]>
2021-08-07 13:49:15,336 - instabot version: 0.117.0 (api) - DEBUG - GET to endpoint: feed/user/13869174215/?max_id=2240362962841198535_13869174215&min_timestamp=None&rank_token=49051026324_af4737b6-180b-488e-882e-3373eea06578&ranked_content=true returned response: <Response [200]>
2021-08-07 13:49:15,658 - instabot version: 0.117.0 (api) - DEBUG - GET to endpoint: feed/user/13869174215/?max_id=2237706754409741583_13869174215&min_timestamp=None&rank_token=49051026324_af4737b6-180b-488e-882e-3373eea06578&ranked_content=true returned response: <Response [200]>
2021-08-07 13:49:15,942 - instabot version: 0.117.0 (api) - DEBUG - GET to endpoint: feed/user/13869174215/?max_id=2235239665459688368_13869174215&min_timestamp=None&rank_token=49051026324_af4737b6-180b-488e-882e-3373eea06578&ranked_content=true returned response: <Response [200]>
2021-08-07 13:49:16,256 - instabot version: 0.117.0 (api) - DEBUG - GET to endpoint: feed/user/13869174215/?max_id=2232998965905162716_13869174215&min_timestamp=None&rank_token=49051026324_af4737b6-180b-488e-882e-3373eea06578&ranked_content=true returned response: <Response [200]>
2021-08-07 13:49:16,548 - instabot version: 0.117.0 (api) - DEBUG - GET to endpoint: feed/user/13869174215/?max_id=2230505953002253773_13869174215&min_timestamp=None&rank_token=49051026324_af4737b6-180b-488e-882e-3373eea06578&ranked_content=true returned response: <Response [200]>
2021-08-07 13:49:16,871 - instabot version: 0.117.0 (api) - DEBUG - GET to endpoint: feed/user/13869174215/?max_id=2228286045107507395_13869174215&min_timestamp=None&rank_token=49051026324_af4737b6-180b-488e-882e-3373eea06578&ranked_content=true returned response: <Response [200]>
2021-08-07 13:49:17,213 - instabot version: 0.117.0 (api) - DEBUG - GET to endpoint: feed/user/13869174215/?max_id=2226118520529632115_13869174215&min_timestamp=None&rank_token=49051026324_af4737b6-180b-488e-882e-3373eea06578&ranked_content=true returned response: <Response [200]>
2021-08-07 13:49:17,552 - instabot version: 0.117.0 (api) - DEBUG - GET to endpoint: feed/user/13869174215/?max_id=2224350102314854501_13869174215&min_timestamp=None&rank_token=49051026324_af4737b6-180b-488e-882e-3373eea06578&ranked_content=true returned response: <Response [200]>
2021-08-07 13:49:17,870 - instabot version: 0.117.0 (api) - DEBUG - GET to endpoint: feed/user/13869174215/?max_id=2222572831073881528_13869174215&min_timestamp=None&rank_token=49051026324_af4737b6-180b-488e-882e-3373eea06578&ranked_content=true returned response: <Response [200]>
2021-08-07 13:49:18,209 - instabot version: 0.117.0 (api) - DEBUG - GET to endpoint: feed/user/13869174215/?max_id=2220729627361863024_13869174215&min_timestamp=None&rank_token=49051026324_af4737b6-180b-488e-882e-3373eea06578&ranked_content=true returned response: <Response [200]>
2021-08-07 13:49:18,656 - instabot version: 0.117.0 (api) - DEBUG - GET to endpoint: feed/user/13869174215/?max_id=2218924016751966356_13869174215&min_timestamp=None&rank_token=49051026324_af4737b6-180b-488e-882e-3373eea06578&ranked_content=true returned response: <Response [200]>
2021-08-07 13:49:18,973 - instabot version: 0.117.0 (api) - DEBUG - GET to endpoint: feed/user/13869174215/?max_id=2216356293639656650_13869174215&min_timestamp=None&rank_token=49051026324_af4737b6-180b-488e-882e-3373eea06578&ranked_content=true returned response: <Response [200]>
2021-08-07 13:49:19,262 - instabot version: 0.117.0 (api) - DEBUG - GET to endpoint: feed/user/13869174215/?max_id=2214295211404045517_13869174215&min_timestamp=None&rank_token=49051026324_af4737b6-180b-488e-882e-3373eea06578&ranked_content=true returned response: <Response [200]>
2021-08-07 13:49:19,570 - instabot version: 0.117.0 (api) - DEBUG - GET to endpoint: feed/user/13869174215/?max_id=2212757110424695168_13869174215&min_timestamp=None&rank_token=49051026324_af4737b6-180b-488e-882e-3373eea06578&ranked_content=true returned response: <Response [200]>
2021-08-07 13:49:19,940 - instabot version: 0.117.0 (api) - DEBUG - GET to endpoint: feed/user/13869174215/?max_id=2210373719087845526_13869174215&min_timestamp=None&rank_token=49051026324_af4737b6-180b-488e-882e-3373eea06578&ranked_content=true returned response: <Response [200]>
2021-08-07 13:49:20,192 - instabot version: 0.117.0 (api) - DEBUG - GET to endpoint: feed/user/13869174215/?max_id=2207656961356686914_13869174215&min_timestamp=None&rank_token=49051026324_af4737b6-180b-488e-882e-3373eea06578&ranked_content=true returned response: <Response [200]>
2021-08-07 13:49:20,435 - instabot version: 0.117.0 (api) - DEBUG - GET to endpoint: feed/user/13869174215/?max_id=2204434840256953316_13869174215&min_timestamp=None&rank_token=49051026324_af4737b6-180b-488e-882e-3373eea06578&ranked_content=true returned response: <Response [200]>
2021-08-07 13:49:20,702 - instabot version: 0.117.0 (api) - DEBUG - GET to endpoint: feed/user/13869174215/?max_id=2201072593544836725_13869174215&min_timestamp=None&rank_token=49051026324_af4737b6-180b-488e-882e-3373eea06578&ranked_content=true returned response: <Response [200]>
2021-08-07 13:49:20,958 - instabot version: 0.117.0 (api) - DEBUG - GET to endpoint: feed/user/13869174215/?max_id=2196080051626201817_13869174215&min_timestamp=None&rank_token=49051026324_af4737b6-180b-488e-882e-3373eea06578&ranked_content=true returned response: <Response [200]>
2021-08-07 13:49:21,254 - instabot version: 0.117.0 (api) - DEBUG - GET to endpoint: feed/user/13869174215/?max_id=2192058139821813633_13869174215&min_timestamp=None&rank_token=49051026324_af4737b6-180b-488e-882e-3373eea06578&ranked_content=true returned response: <Response [200]>
2021-08-07 13:49:21,515 - instabot version: 0.117.0 (api) - DEBUG - GET to endpoint: feed/user/13869174215/?max_id=2185540988701117376_13869174215&min_timestamp=None&rank_token=49051026324_af4737b6-180b-488e-882e-3373eea06578&ranked_content=true returned response: <Response [200]>
2021-08-07 13:49:21,759 - instabot version: 0.117.0 (api) - DEBUG - GET to endpoint: feed/user/13869174215/?max_id=2182028249503159542_13869174215&min_timestamp=None&rank_token=49051026324_af4737b6-180b-488e-882e-3373eea06578&ranked_content=true returned response: <Response [200]>
2021-08-07 13:49:21,773 - instabot version: 0.117.0 (bot_photo) - INFO - Going to download 1661 medias.
2021-08-07 13:49:24,500 - instabot version: 0.117.0 (api) - DEBUG - GET to endpoint: media/2634979100866231334_13869174215/info/ returned response: <Response [200]>
2021-08-07 13:49:36,497 - instabot version: 0.117.0 (api) - DEBUG - GET to endpoint: media/2634432637478962762_13869174215/info/ returned response: <Response [200]>
2021-08-07 13:49:48,378 - instabot version: 0.117.0 (api) - DEBUG - GET to endpoint: media/2632804829381078433_13869174215/info/ returned response: <Response [200]>
2021-08-07 13:50:02,271 - instabot version: 0.117.0 (api) - DEBUG - GET to endpoint: media/2632080038827221009_13869174215/info/ returned response: <Response [200]>
2021-08-07 13:50:16,072 - instabot version: 0.117.0 (api) - DEBUG - GET to endpoint: media/2631355333828978527_13869174215/info/ returned response: <Response [200]>
2021-08-07 13:50:29,332 - instabot version: 0.117.0 (api) - DEBUG - GET to endpoint: media/2630630508042916442_13869174215/info/ returned response: <Response [200]>
2021-08-07 13:50:42,807 - instabot version: 0.117.0 (api) - DEBUG - GET to endpoint: media/2629905778281129813_13869174215/info/ returned response: <Response [200]>
2021-08-07 13:50:56,760 - instabot version: 0.117.0 (api) - DEBUG - GET to endpoint: media/2629181072762666030_13869174215/info/ returned response: <Response [200]>
2021-08-07 13:51:10,209 - instabot version: 0.117.0 (api) - DEBUG - GET to endpoint: media/2628456266648049170_13869174215/info/ returned response: <Response [200]>
2021-08-07 13:51:22,539 - instabot version: 0.117.0 (api) - DEBUG - GET to endpoint: media/2627731595606747680_13869174215/info/ returned response: <Response [200]>
2021-08-07 13:51:34,620 - instabot version: 0.117.0 (api) - DEBUG - GET to endpoint: media/2627006821922145007_13869174215/info/ returned response: <Response [200]>
2021-08-07 13:51:47,066 - instabot version: 0.117.0 (api) - DEBUG - GET to endpoint: media/2626282164009019831_13869174215/info/ returned response: <Response [200]>
2021-08-07 13:52:00,451 - instabot version: 0.117.0 (api) - DEBUG - GET to endpoint: media/2626282164009019831_13869174215/info/ returned response: <Response [200]>
2021-08-07 13:52:12,006 - instabot version: 0.117.0 (api) - DEBUG - GET to endpoint: media/2625557182236958705_13869174215/info/ returned response: <Response [200]>
2021-08-07 13:52:25,000 - instabot version: 0.117.0 (api) - DEBUG - GET to endpoint: media/2624832410641237322_13869174215/info/ returned response: <Response [200]>
2021-08-07 13:52:36,599 - instabot version: 0.117.0 (api) - DEBUG - GET to endpoint: media/2624107759481016478_13869174215/info/ returned response: <Response [200]>
2021-08-07 13:52:50,239 - instabot version: 0.117.0 (api) - DEBUG - GET to endpoint: media/2623383112195869155_13869174215/info/ returned response: <Response [200]>
2021-08-07 13:53:03,600 - instabot version: 0.117.0 (api) - DEBUG - GET to endpoint: media/2622658304671787241_13869174215/info/ returned response: <Response [200]>
2021-08-07 13:53:17,259 - instabot version: 0.117.0 (api) - DEBUG - GET to endpoint: media/2621933498221800174_13869174215/info/ returned response: <Response [200]>
2021-08-07 13:53:32,543 - instabot version: 0.117.0 (api) - DEBUG - GET to endpoint: media/2621208872059607458_13869174215/info/ returned response: <Response [200]>
2021-08-07 13:53:44,539 - instabot version: 0.117.0 (api) - DEBUG - GET to endpoint: media/2620484090959518357_13869174215/info/ returned response: <Response [200]>
2021-08-07 13:53:56,241 - instabot version: 0.117.0 (api) - DEBUG - GET to endpoint: media/2620015488381609058_13869174215/info/ returned response: <Response [200]>
2021-08-07 13:54:10,158 - instabot version: 0.117.0 (api) - DEBUG - GET to endpoint: media/2619675716433076093_13869174215/info/ returned response: <Response [200]>
2021-08-07 13:54:23,772 - instabot version: 0.117.0 (api) - DEBUG - GET to endpoint: media/2619320932840007255_13869174215/info/ returned response: <Response [200]>
2021-08-07 13:54:37,769 - instabot version: 0.117.0 (api) - DEBUG - GET to endpoint: media/2619320932840007255_13869174215/info/ returned response: <Response [200]>
2021-08-07 13:54:49,320 - instabot version: 0.117.0 (api) - DEBUG - GET to endpoint: media/2618943638997504379_13869174215/info/ returned response: <Response [200]>
2021-08-07 13:55:01,177 - instabot version: 0.117.0 (api) - DEBUG - GET to endpoint: media/2618611318930025224_13869174215/info/ returned response: <Response [200]>
2021-08-07 13:55:14,046 - instabot version: 0.117.0 (api) - DEBUG - GET to endpoint: media/2618218809117887991_13869174215/info/ returned response: <Response [200]>
2021-08-07 13:55:26,894 - instabot version: 0.117.0 (api) - DEBUG - GET to endpoint: media/2617886580853797516_13869174215/info/ returned response: <Response [200]>
2021-08-07 13:55:40,964 - instabot version: 0.117.0 (api) - DEBUG - GET to endpoint: media/2617481295578835559_13869174215/info/ returned response: <Response [200]>
2021-08-07 13:55:53,390 - instabot version: 0.117.0 (api) - DEBUG - GET to endpoint: media/2617141559862394808_13869174215/info/ returned response: <Response [200]>
2021-08-07 13:56:06,772 - instabot version: 0.117.0 (api) - DEBUG - GET to endpoint: media/2616759043862522538_13869174215/info/ returned response: <Response [200]>
2021-08-07 13:56:19,597 - instabot version: 0.117.0 (api) - DEBUG - GET to endpoint: media/2616754046542145852_13869174215/info/ returned response: <Response [200]>
2021-08-07 13:56:32,719 - instabot version: 0.117.0 (api) - DEBUG - GET to endpoint: media/2616436913512164821_13869174215/info/ returned response: <Response [200]>
2021-08-07 13:56:46,044 - instabot version: 0.117.0 (api) - DEBUG - GET to endpoint: media/2616029302911977791_13869174215/info/ returned response: <Response [200]>
2021-08-07 13:56:59,378 - instabot version: 0.117.0 (api) - DEBUG - GET to endpoint: media/2615694568026099705_13869174215/info/ returned response: <Response [200]>
2021-08-07 13:57:13,641 - instabot version: 0.117.0 (api) - DEBUG - GET to endpoint: media/2615694568026099705_13869174215/info/ returned response: <Response [200]>
2021-08-07 13:57:27,818 - instabot version: 0.117.0 (api) - DEBUG - GET to endpoint: media/2615306950892401921_13869174215/info/ returned response: <Response [200]>
2021-08-07 13:57:41,572 - instabot version: 0.117.0 (api) - DEBUG - GET to endpoint: media/2614942047890011007_13869174215/info/ returned response: <Response [200]>
2021-08-07 13:57:54,784 - instabot version: 0.117.0 (api) - DEBUG - GET to endpoint: media/2614594743278357985_13869174215/info/ returned response: <Response [200]>
2021-08-07 13:58:06,978 - instabot version: 0.117.0 (api) - DEBUG - GET to endpoint: media/2614247453044804623_13869174215/info/ returned response: <Response [200]>
2021-08-07 13:58:20,946 - instabot version: 0.117.0 (api) - DEBUG - GET to endpoint: media/2613870008366180214_13869174215/info/ returned response: <Response [200]>
2021-08-07 13:58:33,800 - instabot version: 0.117.0 (api) - DEBUG - GET to endpoint: media/2613537834855071545_13869174215/info/ returned response: <Response [200]>
2021-08-07 13:58:47,235 - instabot version: 0.117.0 (api) - DEBUG - GET to endpoint: media/2613147709832808322_13869174215/info/ returned response: <Response [200]>
2021-08-07 13:59:01,371 - instabot version: 0.117.0 (api) - DEBUG - GET to endpoint: media/2612813096218350694_13869174215/info/ returned response: <Response [200]>
2021-08-07 13:59:15,295 - instabot version: 0.117.0 (api) - DEBUG - GET to endpoint: media/2612415388188041563_13869174215/info/ returned response: <Response [200]>
2021-08-07 13:59:28,074 - instabot version: 0.117.0 (api) - DEBUG - GET to endpoint: media/2612075644914190048_13869174215/info/ returned response: <Response [200]>
2021-08-07 13:59:39,852 - instabot version: 0.117.0 (api) - DEBUG - GET to endpoint: media/2611690618580401403_13869174215/info/ returned response: <Response [200]>
2021-08-07 13:59:54,153 - instabot version: 0.117.0 (api) - DEBUG - GET to endpoint: media/2611690618580401403_13869174215/info/ returned response: <Response [200]>
2021-08-07 14:00:05,542 - instabot version: 0.117.0 (api) - DEBUG - GET to endpoint: media/2611348347628796625_13869174215/info/ returned response: <Response [200]>
2021-08-07 14:00:19,532 - instabot version: 0.117.0 (api) - DEBUG - GET to endpoint: media/2610955781937265830_13869174215/info/ returned response: <Response [200]>
2021-08-07 14:00:30,869 - instabot version: 0.117.0 (api) - DEBUG - GET to endpoint: media/2610638704601441590_13869174215/info/ returned response: <Response [200]>
2021-08-07 14:00:43,693 - instabot version: 0.117.0 (api) - DEBUG - GET to endpoint: media/2610230994975262187_13869174215/info/ returned response: <Response [200]>
2021-08-07 14:00:57,702 - instabot version: 0.117.0 (api) - DEBUG - GET to endpoint: media/2609868604038269285_13869174215/info/ returned response: <Response [200]>
2021-08-07 14:01:09,025 - instabot version: 0.117.0 (api) - DEBUG - GET to endpoint: media/2609826538592718258_13869174215/info/ returned response: <Response [200]>
2021-08-07 14:01:21,708 - instabot version: 0.117.0 (api) - DEBUG - GET to endpoint: media/2609516289222600962_13869174215/info/ returned response: <Response [200]>
2021-08-07 14:01:35,087 - instabot version: 0.117.0 (api) - DEBUG - GET to endpoint: media/2609174034710477808_13869174215/info/ returned response: <Response [200]>
2021-08-07 14:01:48,095 - instabot version: 0.117.0 (api) - DEBUG - GET to endpoint: media/2608796647613037895_13869174215/info/ returned response: <Response [200]>
2021-08-07 14:02:01,522 - instabot version: 0.117.0 (api) - DEBUG - GET to endpoint: media/2608464449245337598_13869174215/info/ returned response: <Response [200]>
2021-08-07 14:02:13,448 - instabot version: 0.117.0 (api) - DEBUG - GET to endpoint: media/2608061752276310042_13869174215/info/ returned response: <Response [200]>
2021-08-07 14:02:26,927 - instabot version: 0.117.0 (api) - DEBUG - GET to endpoint: media/2608061752276310042_13869174215/info/ returned response: <Response [200]>
2021-08-07 14:02:40,241 - instabot version: 0.117.0 (api) - DEBUG - GET to endpoint: media/2607739660562886322_13869174215/info/ returned response: <Response [200]>
2021-08-07 14:02:53,683 - instabot version: 0.117.0 (api) - DEBUG - GET to endpoint: media/2607336970245234674_13869174215/info/ returned response: <Response [200]>
2021-08-07 14:03:06,652 - instabot version: 0.117.0 (api) - DEBUG - GET to endpoint: media/2606999697368212476_13869174215/info/ returned response: <Response [200]>
2021-08-07 14:03:18,790 - instabot version: 0.117.0 (api) - DEBUG - GET to endpoint: media/2606609676958689575_13869174215/info/ returned response: <Response [200]>
2021-08-07 14:03:32,677 - instabot version: 0.117.0 (api) - DEBUG - GET to endpoint: media/2606277465908032430_13869174215/info/ returned response: <Response [200]>
