2021-08-11 13:40:34,390 - instabot version: 0.117.0 (bot) - INFO - Instabot version: 0.117.0 Started
2021-08-11 13:40:34,391 - instabot version: 0.117.0 (bot) - DEBUG - Bot imported from C:\Users\skyem\AppData\Local\Programs\Python\Python39\lib\site-packages\instabot\bot\bot.py
2021-08-11 13:40:35,676 - instabot version: 0.117.0 (api_login) - INFO - Not yet logged in starting: PRE-LOGIN FLOW!
2021-08-11 13:40:35,849 - instabot version: 0.117.0 (api) - DEBUG - POST to endpoint: accounts/get_prefill_candidates/ returned response: <Response [200]>
2021-08-11 13:40:36,014 - instabot version: 0.117.0 (api) - DEBUG - POST to endpoint: qe/sync/ returned response: <Response [200]>
2021-08-11 13:40:36,172 - instabot version: 0.117.0 (api) - DEBUG - POST to endpoint: launcher/sync/ returned response: <Response [200]>
2021-08-11 13:40:36,331 - instabot version: 0.117.0 (api) - DEBUG - POST to endpoint: accounts/contact_point_prefill/ returned response: <Response [200]>
2021-08-11 13:40:37,818 - instabot version: 0.117.0 (api) - DEBUG - POST to endpoint: accounts/login/ returned response: <Response [200]>
2021-08-11 13:40:37,819 - instabot version: 0.117.0 (api) - INFO - Logged-in successfully as 'derbgang'!
2021-08-11 13:40:37,819 - instabot version: 0.117.0 (api_login) - INFO - LOGIN FLOW! Just logged-in: True
2021-08-11 13:40:37,989 - instabot version: 0.117.0 (api) - DEBUG - POST to endpoint: qe/sync/ returned response: <Response [200]>
2021-08-11 13:40:38,160 - instabot version: 0.117.0 (api) - DEBUG - POST to endpoint: launcher/sync/ returned response: <Response [200]>
2021-08-11 13:40:38,320 - instabot version: 0.117.0 (api) - DEBUG - GET to endpoint: zr/token/result/?device_id=android-482d8e988b586de3&token_hash=&custom_device_id=android-482d8e988b586de3&fetch_reason=token_expired returned response: <Response [200]>
2021-08-11 13:40:38,502 - instabot version: 0.117.0 (api) - DEBUG - GET to endpoint: multiple_accounts/get_account_family/ returned response: <Response [200]>
2021-08-11 13:40:38,664 - instabot version: 0.117.0 (api) - DEBUG - POST to endpoint: qe/sync/ returned response: <Response [200]>
2021-08-11 13:40:39,092 - instabot version: 0.117.0 (api) - DEBUG - GET to endpoint: igtv/browse_feed/?prefetch=1 returned response: <Response [200]>
2021-08-11 13:40:39,302 - instabot version: 0.117.0 (api) - DEBUG - POST to endpoint: creatives/ar_class/ returned response: <Response [200]>
2021-08-11 13:40:39,703 - instabot version: 0.117.0 (api) - DEBUG - POST to endpoint: feed/reels_tray/ returned response: <Response [200]>
2021-08-11 13:40:40,851 - instabot version: 0.117.0 (api) - DEBUG - POST to endpoint: feed/timeline/ returned response: <Response [200]>
2021-08-11 13:40:41,064 - instabot version: 0.117.0 (api) - DEBUG - GET to endpoint: media/blocked/ returned response: <Response [200]>
2021-08-11 13:40:41,882 - instabot version: 0.117.0 (api) - DEBUG - GET to endpoint: news/inbox/ returned response: <Response [200]>
2021-08-11 13:40:42,129 - instabot version: 0.117.0 (api) - DEBUG - GET to endpoint: loom/fetch_config/ returned response: <Response [200]>
2021-08-11 13:40:42,389 - instabot version: 0.117.0 (api) - DEBUG - GET to endpoint: scores/bootstrap/users/?surfaces=["autocomplete_user_list","coefficient_besties_list_ranking","coefficient_rank_recipient_user_suggestion","coefficient_ios_section_test_bootstrap_ranking","coefficient_direct_recipients_ranking_variant_2"] returned response: <Response [200]>
2021-08-11 13:40:42,554 - instabot version: 0.117.0 (api) - DEBUG - GET to endpoint: business/eligibility/get_monetization_products_eligibility_data/?product_types=branded_content returned response: <Response [200]>
2021-08-11 13:40:42,705 - instabot version: 0.117.0 (api) - DEBUG - GET to endpoint: business/branded_content/should_require_professional_account/ returned response: <Response [200]>
2021-08-11 13:40:42,894 - instabot version: 0.117.0 (api) - DEBUG - GET to endpoint: linked_accounts/get_linkage_status/ returned response: <Response [200]>
2021-08-11 13:40:43,057 - instabot version: 0.117.0 (api) - DEBUG - GET to endpoint: locations/request_country/ returned response: <Response [200]>
2021-08-11 13:40:43,217 - instabot version: 0.117.0 (api) - DEBUG - GET to endpoint: qp/get_cooldowns/?signed_body=signed_body=4b9c516a5410a3bc128e09c6104a7f042146b9c2023870560c63a43a7f66781c.4&ig_sig_key_version=4&ig_sig_key_version=4 returned response: <Response [200]>
2021-08-11 13:40:43,373 - instabot version: 0.117.0 (api) - DEBUG - GET to endpoint: users/arlink_download_info/?version_override=2.2.1 returned response: <Response [200]>
2021-08-11 13:40:43,729 - instabot version: 0.117.0 (api) - DEBUG - GET to endpoint: users/49050629623/info/ returned response: <Response [200]>
2021-08-11 13:40:44,210 - instabot version: 0.117.0 (api) - DEBUG - GET to endpoint: direct_v2/get_presence/ returned response: <Response [200]>
2021-08-11 13:40:44,892 - instabot version: 0.117.0 (api) - DEBUG - GET to endpoint: direct_v2/inbox/?visual_message_return_type=unseen&thread_message_limit=10&persistentBadging=true&limit=20 returned response: <Response [200]>
2021-08-11 13:40:45,788 - instabot version: 0.117.0 (api) - DEBUG - GET to endpoint: direct_v2/inbox/?visual_message_return_type=unseen&persistentBadging=true&limit=0 returned response: <Response [200]>
2021-08-11 13:40:46,048 - instabot version: 0.117.0 (api) - DEBUG - GET to endpoint: discover/topical_explore/?is_prefetch=true&omit_cover_media=true&use_sectional_payload=true&timezone_offset=0&session_id=da6de268-5d63-4838-a4ea-c9aa1579cd6a&include_fixed_destinations=true returned response: <Response [200]>
2021-08-11 13:40:46,217 - instabot version: 0.117.0 (api) - DEBUG - POST to endpoint: notifications/badge/ returned response: <Response [200]>
2021-08-11 13:40:46,498 - instabot version: 0.117.0 (api) - DEBUG - POST to endpoint: qp/batch_fetch/ returned response: <Response [200]>
2021-08-11 13:40:46,499 - instabot version: 0.117.0 (bot_checkpoint) - DEBUG - Loading Checkpoint file from: D:\Programming\2021\InstaBot/config/derbgang.checkpoint
2021-08-11 13:40:55,966 - instabot version: 0.117.0 (api) - DEBUG - GET to endpoint: users/cursed.image5/usernameinfo/ returned response: <Response [200]>
2021-08-11 13:40:57,018 - instabot version: 0.117.0 (api) - DEBUG - GET to endpoint: feed/user/13869174215/?max_id=&min_timestamp=None&rank_token=49050629623_383dc390-bdf3-495c-8af0-8ec728541886&ranked_content=true returned response: <Response [200]>
2021-08-11 13:40:57,303 - instabot version: 0.117.0 (api) - DEBUG - GET to endpoint: feed/user/13869174215/?max_id=2629181072762666030_13869174215&min_timestamp=None&rank_token=49050629623_383dc390-bdf3-495c-8af0-8ec728541886&ranked_content=true returned response: <Response [200]>
2021-08-11 13:40:57,599 - instabot version: 0.117.0 (api) - DEBUG - GET to endpoint: feed/user/13869174215/?max_id=2621208872059607458_13869174215&min_timestamp=None&rank_token=49050629623_383dc390-bdf3-495c-8af0-8ec728541886&ranked_content=true returned response: <Response [200]>
2021-08-11 13:40:57,900 - instabot version: 0.117.0 (api) - DEBUG - GET to endpoint: feed/user/13869174215/?max_id=2616759043862522538_13869174215&min_timestamp=None&rank_token=49050629623_383dc390-bdf3-495c-8af0-8ec728541886&ranked_content=true returned response: <Response [200]>
2021-08-11 13:40:58,164 - instabot version: 0.117.0 (api) - DEBUG - GET to endpoint: feed/user/13869174215/?max_id=2613147709832808322_13869174215&min_timestamp=None&rank_token=49050629623_383dc390-bdf3-495c-8af0-8ec728541886&ranked_content=true returned response: <Response [200]>
2021-08-11 13:40:58,432 - instabot version: 0.117.0 (api) - DEBUG - GET to endpoint: feed/user/13869174215/?max_id=2609516289222600962_13869174215&min_timestamp=None&rank_token=49050629623_383dc390-bdf3-495c-8af0-8ec728541886&ranked_content=true returned response: <Response [200]>
2021-08-11 13:40:58,817 - instabot version: 0.117.0 (api) - DEBUG - GET to endpoint: feed/user/13869174215/?max_id=2605552756672575729_13869174215&min_timestamp=None&rank_token=49050629623_383dc390-bdf3-495c-8af0-8ec728541886&ranked_content=true returned response: <Response [200]>
2021-08-11 13:40:59,105 - instabot version: 0.117.0 (api) - DEBUG - GET to endpoint: feed/user/13869174215/?max_id=2601926433702080708_13869174215&min_timestamp=None&rank_token=49050629623_383dc390-bdf3-495c-8af0-8ec728541886&ranked_content=true returned response: <Response [200]>
2021-08-11 13:40:59,405 - instabot version: 0.117.0 (api) - DEBUG - GET to endpoint: feed/user/13869174215/?max_id=2597925137977647050_13869174215&min_timestamp=None&rank_token=49050629623_383dc390-bdf3-495c-8af0-8ec728541886&ranked_content=true returned response: <Response [200]>
2021-08-11 13:40:59,738 - instabot version: 0.117.0 (api) - DEBUG - GET to endpoint: feed/user/13869174215/?max_id=2593953811169093453_13869174215&min_timestamp=None&rank_token=49050629623_383dc390-bdf3-495c-8af0-8ec728541886&ranked_content=true returned response: <Response [200]>
2021-08-11 13:41:00,071 - instabot version: 0.117.0 (api) - DEBUG - GET to endpoint: feed/user/13869174215/?max_id=2589939804252569428_13869174215&min_timestamp=None&rank_token=49050629623_383dc390-bdf3-495c-8af0-8ec728541886&ranked_content=true returned response: <Response [200]>
2021-08-11 13:41:00,358 - instabot version: 0.117.0 (api) - DEBUG - GET to endpoint: feed/user/13869174215/?max_id=2585983727851050783_13869174215&min_timestamp=None&rank_token=49050629623_383dc390-bdf3-495c-8af0-8ec728541886&ranked_content=true returned response: <Response [200]>
2021-08-11 13:41:00,690 - instabot version: 0.117.0 (api) - DEBUG - GET to endpoint: feed/user/13869174215/?max_id=2581977330643066357_13869174215&min_timestamp=None&rank_token=49050629623_383dc390-bdf3-495c-8af0-8ec728541886&ranked_content=true returned response: <Response [200]>
2021-08-11 13:41:01,051 - instabot version: 0.117.0 (api) - DEBUG - GET to endpoint: feed/user/13869174215/?max_id=2578356219848712575_13869174215&min_timestamp=None&rank_token=49050629623_383dc390-bdf3-495c-8af0-8ec728541886&ranked_content=true returned response: <Response [200]>
2021-08-11 13:41:01,393 - instabot version: 0.117.0 (api) - DEBUG - GET to endpoint: feed/user/13869174215/?max_id=2574354651593651332_13869174215&min_timestamp=None&rank_token=49050629623_383dc390-bdf3-495c-8af0-8ec728541886&ranked_content=true returned response: <Response [200]>
2021-08-11 13:41:01,726 - instabot version: 0.117.0 (api) - DEBUG - GET to endpoint: feed/user/13869174215/?max_id=2570368321685991344_13869174215&min_timestamp=None&rank_token=49050629623_383dc390-bdf3-495c-8af0-8ec728541886&ranked_content=true returned response: <Response [200]>
2021-08-11 13:41:02,209 - instabot version: 0.117.0 (api) - DEBUG - GET to endpoint: feed/user/13869174215/?max_id=2566412257793882806_13869174215&min_timestamp=None&rank_token=49050629623_383dc390-bdf3-495c-8af0-8ec728541886&ranked_content=true returned response: <Response [200]>
2021-08-11 13:41:02,543 - instabot version: 0.117.0 (api) - DEBUG - GET to endpoint: feed/user/13869174215/?max_id=2562413403647561569_13869174215&min_timestamp=None&rank_token=49050629623_383dc390-bdf3-495c-8af0-8ec728541886&ranked_content=true returned response: <Response [200]>
2021-08-11 13:41:02,869 - instabot version: 0.117.0 (api) - DEBUG - GET to endpoint: feed/user/13869174215/?max_id=2558439844894621752_13869174215&min_timestamp=None&rank_token=49050629623_383dc390-bdf3-495c-8af0-8ec728541886&ranked_content=true returned response: <Response [200]>
2021-08-11 13:41:03,236 - instabot version: 0.117.0 (api) - DEBUG - GET to endpoint: feed/user/13869174215/?max_id=2554425769581476115_13869174215&min_timestamp=None&rank_token=49050629623_383dc390-bdf3-495c-8af0-8ec728541886&ranked_content=true returned response: <Response [200]>
2021-08-11 13:41:03,558 - instabot version: 0.117.0 (api) - DEBUG - GET to endpoint: feed/user/13869174215/?max_id=2550465993228828833_13869174215&min_timestamp=None&rank_token=49050629623_383dc390-bdf3-495c-8af0-8ec728541886&ranked_content=true returned response: <Response [200]>
2021-08-11 13:41:03,966 - instabot version: 0.117.0 (api) - DEBUG - GET to endpoint: feed/user/13869174215/?max_id=2547195646658663574_13869174215&min_timestamp=None&rank_token=49050629623_383dc390-bdf3-495c-8af0-8ec728541886&ranked_content=true returned response: <Response [200]>
2021-08-11 13:41:04,735 - instabot version: 0.117.0 (api) - DEBUG - GET to endpoint: feed/user/13869174215/?max_id=2543911543202859673_13869174215&min_timestamp=None&rank_token=49050629623_383dc390-bdf3-495c-8af0-8ec728541886&ranked_content=true returned response: <Response [200]>
2021-08-11 13:41:05,185 - instabot version: 0.117.0 (api) - DEBUG - GET to endpoint: feed/user/13869174215/?max_id=2539927797112221670_13869174215&min_timestamp=None&rank_token=49050629623_383dc390-bdf3-495c-8af0-8ec728541886&ranked_content=true returned response: <Response [200]>
2021-08-11 13:41:05,523 - instabot version: 0.117.0 (api) - DEBUG - GET to endpoint: feed/user/13869174215/?max_id=2536346657829765845_13869174215&min_timestamp=None&rank_token=49050629623_383dc390-bdf3-495c-8af0-8ec728541886&ranked_content=true returned response: <Response [200]>
2021-08-11 13:41:05,835 - instabot version: 0.117.0 (api) - DEBUG - GET to endpoint: feed/user/13869174215/?max_id=2532388100305317353_13869174215&min_timestamp=None&rank_token=49050629623_383dc390-bdf3-495c-8af0-8ec728541886&ranked_content=true returned response: <Response [200]>
2021-08-11 13:41:06,174 - instabot version: 0.117.0 (api) - DEBUG - GET to endpoint: feed/user/13869174215/?max_id=2528723965214281856_13869174215&min_timestamp=None&rank_token=49050629623_383dc390-bdf3-495c-8af0-8ec728541886&ranked_content=true returned response: <Response [200]>
2021-08-11 13:41:06,784 - instabot version: 0.117.0 (api) - DEBUG - GET to endpoint: feed/user/13869174215/?max_id=2524737718122154542_13869174215&min_timestamp=None&rank_token=49050629623_383dc390-bdf3-495c-8af0-8ec728541886&ranked_content=true returned response: <Response [200]>
2021-08-11 13:41:07,162 - instabot version: 0.117.0 (api) - DEBUG - GET to endpoint: feed/user/13869174215/?max_id=2521121500224829390_13869174215&min_timestamp=None&rank_token=49050629623_383dc390-bdf3-495c-8af0-8ec728541886&ranked_content=true returned response: <Response [200]>
2021-08-11 13:41:07,504 - instabot version: 0.117.0 (api) - DEBUG - GET to endpoint: feed/user/13869174215/?max_id=2517505088604579432_13869174215&min_timestamp=None&rank_token=49050629623_383dc390-bdf3-495c-8af0-8ec728541886&ranked_content=true returned response: <Response [200]>
2021-08-11 13:41:07,940 - instabot version: 0.117.0 (api) - DEBUG - GET to endpoint: feed/user/13869174215/?max_id=2514258641577552052_13869174215&min_timestamp=None&rank_token=49050629623_383dc390-bdf3-495c-8af0-8ec728541886&ranked_content=true returned response: <Response [200]>
2021-08-11 13:41:08,415 - instabot version: 0.117.0 (api) - DEBUG - GET to endpoint: feed/user/13869174215/?max_id=2510964401171982872_13869174215&min_timestamp=None&rank_token=49050629623_383dc390-bdf3-495c-8af0-8ec728541886&ranked_content=true returned response: <Response [200]>
2021-08-11 13:41:08,730 - instabot version: 0.117.0 (api) - DEBUG - GET to endpoint: feed/user/13869174215/?max_id=2507445810260067328_13869174215&min_timestamp=None&rank_token=49050629623_383dc390-bdf3-495c-8af0-8ec728541886&ranked_content=true returned response: <Response [200]>
2021-08-11 13:41:09,059 - instabot version: 0.117.0 (api) - DEBUG - GET to endpoint: feed/user/13869174215/?max_id=2503356857562107324_13869174215&min_timestamp=None&rank_token=49050629623_383dc390-bdf3-495c-8af0-8ec728541886&ranked_content=true returned response: <Response [200]>
2021-08-11 13:41:09,329 - instabot version: 0.117.0 (api) - DEBUG - GET to endpoint: feed/user/13869174215/?max_id=2500943117584641281_13869174215&min_timestamp=None&rank_token=49050629623_383dc390-bdf3-495c-8af0-8ec728541886&ranked_content=true returned response: <Response [200]>
2021-08-11 13:41:09,696 - instabot version: 0.117.0 (api) - DEBUG - GET to endpoint: feed/user/13869174215/?max_id=2498283431010294463_13869174215&min_timestamp=None&rank_token=49050629623_383dc390-bdf3-495c-8af0-8ec728541886&ranked_content=true returned response: <Response [200]>
2021-08-11 13:41:10,019 - instabot version: 0.117.0 (api) - DEBUG - GET to endpoint: feed/user/13869174215/?max_id=2495761810779660771_13869174215&min_timestamp=None&rank_token=49050629623_383dc390-bdf3-495c-8af0-8ec728541886&ranked_content=true returned response: <Response [200]>
2021-08-11 13:41:10,329 - instabot version: 0.117.0 (api) - DEBUG - GET to endpoint: feed/user/13869174215/?max_id=2492896690635740047_13869174215&min_timestamp=None&rank_token=49050629623_383dc390-bdf3-495c-8af0-8ec728541886&ranked_content=true returned response: <Response [200]>
2021-08-11 13:41:10,631 - instabot version: 0.117.0 (api) - DEBUG - GET to endpoint: feed/user/13869174215/?max_id=2490035805613357200_13869174215&min_timestamp=None&rank_token=49050629623_383dc390-bdf3-495c-8af0-8ec728541886&ranked_content=true returned response: <Response [200]>
2021-08-11 13:41:11,004 - instabot version: 0.117.0 (api) - DEBUG - GET to endpoint: feed/user/13869174215/?max_id=2486732359787741412_13869174215&min_timestamp=None&rank_token=49050629623_383dc390-bdf3-495c-8af0-8ec728541886&ranked_content=true returned response: <Response [200]>
2021-08-11 13:41:11,319 - instabot version: 0.117.0 (api) - DEBUG - GET to endpoint: feed/user/13869174215/?max_id=2482720829293601208_13869174215&min_timestamp=None&rank_token=49050629623_383dc390-bdf3-495c-8af0-8ec728541886&ranked_content=true returned response: <Response [200]>
2021-08-11 13:41:11,579 - instabot version: 0.117.0 (api) - DEBUG - GET to endpoint: feed/user/13869174215/?max_id=2478752239038765168_13869174215&min_timestamp=None&rank_token=49050629623_383dc390-bdf3-495c-8af0-8ec728541886&ranked_content=true returned response: <Response [200]>
2021-08-11 13:41:12,030 - instabot version: 0.117.0 (api) - DEBUG - GET to endpoint: feed/user/13869174215/?max_id=2475118222951480584_13869174215&min_timestamp=None&rank_token=49050629623_383dc390-bdf3-495c-8af0-8ec728541886&ranked_content=true returned response: <Response [200]>
2021-08-11 13:41:12,467 - instabot version: 0.117.0 (api) - DEBUG - GET to endpoint: feed/user/13869174215/?max_id=2471101842343410664_13869174215&min_timestamp=None&rank_token=49050629623_383dc390-bdf3-495c-8af0-8ec728541886&ranked_content=true returned response: <Response [200]>
2021-08-11 13:41:12,825 - instabot version: 0.117.0 (api) - DEBUG - GET to endpoint: feed/user/13869174215/?max_id=2467518227559871289_13869174215&min_timestamp=None&rank_token=49050629623_383dc390-bdf3-495c-8af0-8ec728541886&ranked_content=true returned response: <Response [200]>
2021-08-11 13:41:13,138 - instabot version: 0.117.0 (api) - DEBUG - GET to endpoint: feed/user/13869174215/?max_id=2463549501526183565_13869174215&min_timestamp=None&rank_token=49050629623_383dc390-bdf3-495c-8af0-8ec728541886&ranked_content=true returned response: <Response [200]>
2021-08-11 13:41:13,463 - instabot version: 0.117.0 (api) - DEBUG - GET to endpoint: feed/user/13869174215/?max_id=2459530545717158185_13869174215&min_timestamp=None&rank_token=49050629623_383dc390-bdf3-495c-8af0-8ec728541886&ranked_content=true returned response: <Response [200]>
2021-08-11 13:41:13,756 - instabot version: 0.117.0 (api) - DEBUG - GET to endpoint: feed/user/13869174215/?max_id=2455579668374307892_13869174215&min_timestamp=None&rank_token=49050629623_383dc390-bdf3-495c-8af0-8ec728541886&ranked_content=true returned response: <Response [200]>
2021-08-11 13:41:14,023 - instabot version: 0.117.0 (api) - DEBUG - GET to endpoint: feed/user/13869174215/?max_id=2451618429724054352_13869174215&min_timestamp=None&rank_token=49050629623_383dc390-bdf3-495c-8af0-8ec728541886&ranked_content=true returned response: <Response [200]>
2021-08-11 13:41:14,340 - instabot version: 0.117.0 (api) - DEBUG - GET to endpoint: feed/user/13869174215/?max_id=2447614536338001877_13869174215&min_timestamp=None&rank_token=49050629623_383dc390-bdf3-495c-8af0-8ec728541886&ranked_content=true returned response: <Response [200]>
2021-08-11 13:41:14,750 - instabot version: 0.117.0 (api) - DEBUG - GET to endpoint: feed/user/13869174215/?max_id=2443464688237889437_13869174215&min_timestamp=None&rank_token=49050629623_383dc390-bdf3-495c-8af0-8ec728541886&ranked_content=true returned response: <Response [200]>
2021-08-11 13:41:15,056 - instabot version: 0.117.0 (api) - DEBUG - GET to endpoint: feed/user/13869174215/?max_id=2439617310992844088_13869174215&min_timestamp=None&rank_token=49050629623_383dc390-bdf3-495c-8af0-8ec728541886&ranked_content=true returned response: <Response [200]>
2021-08-11 13:41:15,347 - instabot version: 0.117.0 (api) - DEBUG - GET to endpoint: feed/user/13869174215/?max_id=2435815706958500677_13869174215&min_timestamp=None&rank_token=49050629623_383dc390-bdf3-495c-8af0-8ec728541886&ranked_content=true returned response: <Response [200]>
2021-08-11 13:41:15,696 - instabot version: 0.117.0 (api) - DEBUG - GET to endpoint: feed/user/13869174215/?max_id=2431996577125033474_13869174215&min_timestamp=None&rank_token=49050629623_383dc390-bdf3-495c-8af0-8ec728541886&ranked_content=true returned response: <Response [200]>
2021-08-11 13:41:16,033 - instabot version: 0.117.0 (api) - DEBUG - GET to endpoint: feed/user/13869174215/?max_id=2428043070745097829_13869174215&min_timestamp=None&rank_token=49050629623_383dc390-bdf3-495c-8af0-8ec728541886&ranked_content=true returned response: <Response [200]>
2021-08-11 13:41:16,371 - instabot version: 0.117.0 (api) - DEBUG - GET to endpoint: feed/user/13869174215/?max_id=2424716096599989952_13869174215&min_timestamp=None&rank_token=49050629623_383dc390-bdf3-495c-8af0-8ec728541886&ranked_content=true returned response: <Response [200]>
2021-08-11 13:41:16,721 - instabot version: 0.117.0 (api) - DEBUG - GET to endpoint: feed/user/13869174215/?max_id=2421771708858715939_13869174215&min_timestamp=None&rank_token=49050629623_383dc390-bdf3-495c-8af0-8ec728541886&ranked_content=true returned response: <Response [200]>
2021-08-11 13:41:17,016 - instabot version: 0.117.0 (api) - DEBUG - GET to endpoint: feed/user/13869174215/?max_id=2418408328667847128_13869174215&min_timestamp=None&rank_token=49050629623_383dc390-bdf3-495c-8af0-8ec728541886&ranked_content=true returned response: <Response [200]>
2021-08-11 13:41:17,292 - instabot version: 0.117.0 (api) - DEBUG - GET to endpoint: feed/user/13869174215/?max_id=2414531515888226561_13869174215&min_timestamp=None&rank_token=49050629623_383dc390-bdf3-495c-8af0-8ec728541886&ranked_content=true returned response: <Response [200]>
2021-08-11 13:41:17,583 - instabot version: 0.117.0 (api) - DEBUG - GET to endpoint: feed/user/13869174215/?max_id=2410927791542485197_13869174215&min_timestamp=None&rank_token=49050629623_383dc390-bdf3-495c-8af0-8ec728541886&ranked_content=true returned response: <Response [200]>
2021-08-11 13:41:17,902 - instabot version: 0.117.0 (api) - DEBUG - GET to endpoint: feed/user/13869174215/?max_id=2406991883320247136_13869174215&min_timestamp=None&rank_token=49050629623_383dc390-bdf3-495c-8af0-8ec728541886&ranked_content=true returned response: <Response [200]>
2021-08-11 13:41:18,226 - instabot version: 0.117.0 (api) - DEBUG - GET to endpoint: feed/user/13869174215/?max_id=2402644391570071297_13869174215&min_timestamp=None&rank_token=49050629623_383dc390-bdf3-495c-8af0-8ec728541886&ranked_content=true returned response: <Response [200]>
2021-08-11 13:41:18,571 - instabot version: 0.117.0 (api) - DEBUG - GET to endpoint: feed/user/13869174215/?max_id=2399011842297743033_13869174215&min_timestamp=None&rank_token=49050629623_383dc390-bdf3-495c-8af0-8ec728541886&ranked_content=true returned response: <Response [200]>
2021-08-11 13:41:18,881 - instabot version: 0.117.0 (api) - DEBUG - GET to endpoint: feed/user/13869174215/?max_id=2395352515246179262_13869174215&min_timestamp=None&rank_token=49050629623_383dc390-bdf3-495c-8af0-8ec728541886&ranked_content=true returned response: <Response [200]>
2021-08-11 13:41:19,197 - instabot version: 0.117.0 (api) - DEBUG - GET to endpoint: feed/user/13869174215/?max_id=2390568714913524230_13869174215&min_timestamp=None&rank_token=49050629623_383dc390-bdf3-495c-8af0-8ec728541886&ranked_content=true returned response: <Response [200]>
2021-08-11 13:41:19,488 - instabot version: 0.117.0 (api) - DEBUG - GET to endpoint: feed/user/13869174215/?max_id=2386328158687631352_13869174215&min_timestamp=None&rank_token=49050629623_383dc390-bdf3-495c-8af0-8ec728541886&ranked_content=true returned response: <Response [200]>
2021-08-11 13:41:19,811 - instabot version: 0.117.0 (api) - DEBUG - GET to endpoint: feed/user/13869174215/?max_id=2381992501190178084_13869174215&min_timestamp=None&rank_token=49050629623_383dc390-bdf3-495c-8af0-8ec728541886&ranked_content=true returned response: <Response [200]>
2021-08-11 13:41:20,087 - instabot version: 0.117.0 (api) - DEBUG - GET to endpoint: feed/user/13869174215/?max_id=2377632809181569845_13869174215&min_timestamp=None&rank_token=49050629623_383dc390-bdf3-495c-8af0-8ec728541886&ranked_content=true returned response: <Response [200]>
2021-08-11 13:41:20,358 - instabot version: 0.117.0 (api) - DEBUG - GET to endpoint: feed/user/13869174215/?max_id=2373267162100278856_13869174215&min_timestamp=None&rank_token=49050629623_383dc390-bdf3-495c-8af0-8ec728541886&ranked_content=true returned response: <Response [200]>
2021-08-11 13:41:20,668 - instabot version: 0.117.0 (api) - DEBUG - GET to endpoint: feed/user/13869174215/?max_id=2369306438336495024_13869174215&min_timestamp=None&rank_token=49050629623_383dc390-bdf3-495c-8af0-8ec728541886&ranked_content=true returned response: <Response [200]>
2021-08-11 13:41:20,988 - instabot version: 0.117.0 (api) - DEBUG - GET to endpoint: feed/user/13869174215/?max_id=2365274067178056758_13869174215&min_timestamp=None&rank_token=49050629623_383dc390-bdf3-495c-8af0-8ec728541886&ranked_content=true returned response: <Response [200]>
2021-08-11 13:41:21,323 - instabot version: 0.117.0 (api) - DEBUG - GET to endpoint: feed/user/13869174215/?max_id=2361279579132735792_13869174215&min_timestamp=None&rank_token=49050629623_383dc390-bdf3-495c-8af0-8ec728541886&ranked_content=true returned response: <Response [200]>
2021-08-11 13:41:21,678 - instabot version: 0.117.0 (api) - DEBUG - GET to endpoint: feed/user/13869174215/?max_id=2357345194314438858_13869174215&min_timestamp=None&rank_token=49050629623_383dc390-bdf3-495c-8af0-8ec728541886&ranked_content=true returned response: <Response [200]>
2021-08-11 13:41:22,077 - instabot version: 0.117.0 (api) - DEBUG - GET to endpoint: feed/user/13869174215/?max_id=2353350154726546381_13869174215&min_timestamp=None&rank_token=49050629623_383dc390-bdf3-495c-8af0-8ec728541886&ranked_content=true returned response: <Response [200]>
2021-08-11 13:41:22,556 - instabot version: 0.117.0 (api) - DEBUG - GET to endpoint: feed/user/13869174215/?max_id=2349007985303754832_13869174215&min_timestamp=None&rank_token=49050629623_383dc390-bdf3-495c-8af0-8ec728541886&ranked_content=true returned response: <Response [200]>
2021-08-11 13:41:22,840 - instabot version: 0.117.0 (api) - DEBUG - GET to endpoint: feed/user/13869174215/?max_id=2344654911630185485_13869174215&min_timestamp=None&rank_token=49050629623_383dc390-bdf3-495c-8af0-8ec728541886&ranked_content=true returned response: <Response [200]>
2021-08-11 13:41:23,203 - instabot version: 0.117.0 (api) - DEBUG - GET to endpoint: feed/user/13869174215/?max_id=2341037393241873080_13869174215&min_timestamp=None&rank_token=49050629623_383dc390-bdf3-495c-8af0-8ec728541886&ranked_content=true returned response: <Response [200]>
2021-08-11 13:41:23,580 - instabot version: 0.117.0 (api) - DEBUG - GET to endpoint: feed/user/13869174215/?max_id=2336690473795042052_13869174215&min_timestamp=None&rank_token=49050629623_383dc390-bdf3-495c-8af0-8ec728541886&ranked_content=true returned response: <Response [200]>
2021-08-11 13:41:23,882 - instabot version: 0.117.0 (api) - DEBUG - GET to endpoint: feed/user/13869174215/?max_id=2332717800911944273_13869174215&min_timestamp=None&rank_token=49050629623_383dc390-bdf3-495c-8af0-8ec728541886&ranked_content=true returned response: <Response [200]>
2021-08-11 13:41:24,184 - instabot version: 0.117.0 (api) - DEBUG - GET to endpoint: feed/user/13869174215/?max_id=2329431544174195027_13869174215&min_timestamp=None&rank_token=49050629623_383dc390-bdf3-495c-8af0-8ec728541886&ranked_content=true returned response: <Response [200]>
2021-08-11 13:41:24,542 - instabot version: 0.117.0 (api) - DEBUG - GET to endpoint: feed/user/13869174215/?max_id=2325800082635823428_13869174215&min_timestamp=None&rank_token=49050629623_383dc390-bdf3-495c-8af0-8ec728541886&ranked_content=true returned response: <Response [200]>
2021-08-11 13:41:24,853 - instabot version: 0.117.0 (api) - DEBUG - GET to endpoint: feed/user/13869174215/?max_id=2322179112956194724_13869174215&min_timestamp=None&rank_token=49050629623_383dc390-bdf3-495c-8af0-8ec728541886&ranked_content=true returned response: <Response [200]>
2021-08-11 13:41:25,362 - instabot version: 0.117.0 (api) - DEBUG - GET to endpoint: feed/user/13869174215/?max_id=2319636168684353441_13869174215&min_timestamp=None&rank_token=49050629623_383dc390-bdf3-495c-8af0-8ec728541886&ranked_content=true returned response: <Response [200]>
2021-08-11 13:41:25,656 - instabot version: 0.117.0 (api) - DEBUG - GET to endpoint: feed/user/13869174215/?max_id=2317100443405582429_13869174215&min_timestamp=None&rank_token=49050629623_383dc390-bdf3-495c-8af0-8ec728541886&ranked_content=true returned response: <Response [200]>
2021-08-11 13:41:26,025 - instabot version: 0.117.0 (api) - DEBUG - GET to endpoint: feed/user/13869174215/?max_id=2314920226930836881_13869174215&min_timestamp=None&rank_token=49050629623_383dc390-bdf3-495c-8af0-8ec728541886&ranked_content=true returned response: <Response [200]>
2021-08-11 13:41:26,320 - instabot version: 0.117.0 (api) - DEBUG - GET to endpoint: feed/user/13869174215/?max_id=2312752348211262920_13869174215&min_timestamp=None&rank_token=49050629623_383dc390-bdf3-495c-8af0-8ec728541886&ranked_content=true returned response: <Response [200]>
2021-08-11 13:41:26,584 - instabot version: 0.117.0 (api) - DEBUG - GET to endpoint: feed/user/13869174215/?max_id=2310584871557774312_13869174215&min_timestamp=None&rank_token=49050629623_383dc390-bdf3-495c-8af0-8ec728541886&ranked_content=true returned response: <Response [200]>
2021-08-11 13:41:26,859 - instabot version: 0.117.0 (api) - DEBUG - GET to endpoint: feed/user/13869174215/?max_id=2308398151144275774_13869174215&min_timestamp=None&rank_token=49050629623_383dc390-bdf3-495c-8af0-8ec728541886&ranked_content=true returned response: <Response [200]>
2021-08-11 13:41:27,235 - instabot version: 0.117.0 (api) - DEBUG - GET to endpoint: feed/user/13869174215/?max_id=2306214243035679865_13869174215&min_timestamp=None&rank_token=49050629623_383dc390-bdf3-495c-8af0-8ec728541886&ranked_content=true returned response: <Response [200]>
2021-08-11 13:41:27,545 - instabot version: 0.117.0 (api) - DEBUG - GET to endpoint: feed/user/13869174215/?max_id=2304077049810540101_13869174215&min_timestamp=None&rank_token=49050629623_383dc390-bdf3-495c-8af0-8ec728541886&ranked_content=true returned response: <Response [200]>
2021-08-11 13:41:27,839 - instabot version: 0.117.0 (api) - DEBUG - GET to endpoint: feed/user/13869174215/?max_id=2301874244593063835_13869174215&min_timestamp=None&rank_token=49050629623_383dc390-bdf3-495c-8af0-8ec728541886&ranked_content=true returned response: <Response [200]>
2021-08-11 13:41:28,268 - instabot version: 0.117.0 (api) - DEBUG - GET to endpoint: feed/user/13869174215/?max_id=2299689453617576586_13869174215&min_timestamp=None&rank_token=49050629623_383dc390-bdf3-495c-8af0-8ec728541886&ranked_content=true returned response: <Response [200]>
2021-08-11 13:41:28,567 - instabot version: 0.117.0 (api) - DEBUG - GET to endpoint: feed/user/13869174215/?max_id=2297526584993941762_13869174215&min_timestamp=None&rank_token=49050629623_383dc390-bdf3-495c-8af0-8ec728541886&ranked_content=true returned response: <Response [200]>
2021-08-11 13:41:28,898 - instabot version: 0.117.0 (api) - DEBUG - GET to endpoint: feed/user/13869174215/?max_id=2295342137951639984_13869174215&min_timestamp=None&rank_token=49050629623_383dc390-bdf3-495c-8af0-8ec728541886&ranked_content=true returned response: <Response [200]>
2021-08-11 13:41:29,182 - instabot version: 0.117.0 (api) - DEBUG - GET to endpoint: feed/user/13869174215/?max_id=2293164469550094550_13869174215&min_timestamp=None&rank_token=49050629623_383dc390-bdf3-495c-8af0-8ec728541886&ranked_content=true returned response: <Response [200]>
2021-08-11 13:41:29,526 - instabot version: 0.117.0 (api) - DEBUG - GET to endpoint: feed/user/13869174215/?max_id=2290653043946185771_13869174215&min_timestamp=None&rank_token=49050629623_383dc390-bdf3-495c-8af0-8ec728541886&ranked_content=true returned response: <Response [200]>
2021-08-11 13:41:29,860 - instabot version: 0.117.0 (api) - DEBUG - GET to endpoint: feed/user/13869174215/?max_id=2288480234285480501_13869174215&min_timestamp=None&rank_token=49050629623_383dc390-bdf3-495c-8af0-8ec728541886&ranked_content=true returned response: <Response [200]>
2021-08-11 13:41:30,176 - instabot version: 0.117.0 (api) - DEBUG - GET to endpoint: feed/user/13869174215/?max_id=2286670755873014289_13869174215&min_timestamp=None&rank_token=49050629623_383dc390-bdf3-495c-8af0-8ec728541886&ranked_content=true returned response: <Response [200]>
2021-08-11 13:41:30,479 - instabot version: 0.117.0 (api) - DEBUG - GET to endpoint: feed/user/13869174215/?max_id=2283761977997474681_13869174215&min_timestamp=None&rank_token=49050629623_383dc390-bdf3-495c-8af0-8ec728541886&ranked_content=true returned response: <Response [200]>
2021-08-11 13:41:31,185 - instabot version: 0.117.0 (api) - DEBUG - GET to endpoint: feed/user/13869174215/?max_id=2281596510239418928_13869174215&min_timestamp=None&rank_token=49050629623_383dc390-bdf3-495c-8af0-8ec728541886&ranked_content=true returned response: <Response [200]>
2021-08-11 13:41:31,576 - instabot version: 0.117.0 (api) - DEBUG - GET to endpoint: feed/user/13869174215/?max_id=2279401788905208642_13869174215&min_timestamp=None&rank_token=49050629623_383dc390-bdf3-495c-8af0-8ec728541886&ranked_content=true returned response: <Response [200]>
2021-08-11 13:41:31,910 - instabot version: 0.117.0 (api) - DEBUG - GET to endpoint: feed/user/13869174215/?max_id=2277252014538086703_13869174215&min_timestamp=None&rank_token=49050629623_383dc390-bdf3-495c-8af0-8ec728541886&ranked_content=true returned response: <Response [200]>
2021-08-11 13:41:32,228 - instabot version: 0.117.0 (api) - DEBUG - GET to endpoint: feed/user/13869174215/?max_id=2275442318952913632_13869174215&min_timestamp=None&rank_token=49050629623_383dc390-bdf3-495c-8af0-8ec728541886&ranked_content=true returned response: <Response [200]>
2021-08-11 13:41:32,564 - instabot version: 0.117.0 (api) - DEBUG - GET to endpoint: feed/user/13869174215/?max_id=2273259070306972476_13869174215&min_timestamp=None&rank_token=49050629623_383dc390-bdf3-495c-8af0-8ec728541886&ranked_content=true returned response: <Response [200]>
2021-08-11 13:41:32,926 - instabot version: 0.117.0 (api) - DEBUG - GET to endpoint: feed/user/13869174215/?max_id=2270762182848634484_13869174215&min_timestamp=None&rank_token=49050629623_383dc390-bdf3-495c-8af0-8ec728541886&ranked_content=true returned response: <Response [200]>
2021-08-11 13:41:33,270 - instabot version: 0.117.0 (api) - DEBUG - GET to endpoint: feed/user/13869174215/?max_id=2268565181423751509_13869174215&min_timestamp=None&rank_token=49050629623_383dc390-bdf3-495c-8af0-8ec728541886&ranked_content=true returned response: <Response [200]>
2021-08-11 13:41:33,600 - instabot version: 0.117.0 (api) - DEBUG - GET to endpoint: feed/user/13869174215/?max_id=2266434778416159990_13869174215&min_timestamp=None&rank_token=49050629623_383dc390-bdf3-495c-8af0-8ec728541886&ranked_content=true returned response: <Response [200]>
2021-08-11 13:41:33,984 - instabot version: 0.117.0 (api) - DEBUG - GET to endpoint: feed/user/13869174215/?max_id=2264251494429061918_13869174215&min_timestamp=None&rank_token=49050629623_383dc390-bdf3-495c-8af0-8ec728541886&ranked_content=true returned response: <Response [200]>
2021-08-11 13:41:34,339 - instabot version: 0.117.0 (api) - DEBUG - GET to endpoint: feed/user/13869174215/?max_id=2262026061956425975_13869174215&min_timestamp=None&rank_token=49050629623_383dc390-bdf3-495c-8af0-8ec728541886&ranked_content=true returned response: <Response [200]>
2021-08-11 13:41:34,661 - instabot version: 0.117.0 (api) - DEBUG - GET to endpoint: feed/user/13869174215/?max_id=2259894515824727358_13869174215&min_timestamp=None&rank_token=49050629623_383dc390-bdf3-495c-8af0-8ec728541886&ranked_content=true returned response: <Response [200]>
2021-08-11 13:41:35,003 - instabot version: 0.117.0 (api) - DEBUG - GET to endpoint: feed/user/13869174215/?max_id=2257716412021021713_13869174215&min_timestamp=None&rank_token=49050629623_383dc390-bdf3-495c-8af0-8ec728541886&ranked_content=true returned response: <Response [200]>
2021-08-11 13:41:35,319 - instabot version: 0.117.0 (api) - DEBUG - GET to endpoint: feed/user/13869174215/?max_id=2255900852085983121_13869174215&min_timestamp=None&rank_token=49050629623_383dc390-bdf3-495c-8af0-8ec728541886&ranked_content=true returned response: <Response [200]>
2021-08-11 13:41:35,688 - instabot version: 0.117.0 (api) - DEBUG - GET to endpoint: feed/user/13869174215/?max_id=2253351749888008663_13869174215&min_timestamp=None&rank_token=49050629623_383dc390-bdf3-495c-8af0-8ec728541886&ranked_content=true returned response: <Response [200]>
2021-08-11 13:41:36,149 - instabot version: 0.117.0 (api) - DEBUG - GET to endpoint: feed/user/13869174215/?max_id=2251165165629701613_13869174215&min_timestamp=None&rank_token=49050629623_383dc390-bdf3-495c-8af0-8ec728541886&ranked_content=true returned response: <Response [200]>
2021-08-11 13:41:36,489 - instabot version: 0.117.0 (api) - DEBUG - GET to endpoint: feed/user/13869174215/?max_id=2249023478694275335_13869174215&min_timestamp=None&rank_token=49050629623_383dc390-bdf3-495c-8af0-8ec728541886&ranked_content=true returned response: <Response [200]>
2021-08-11 13:41:36,873 - instabot version: 0.117.0 (api) - DEBUG - GET to endpoint: feed/user/13869174215/?max_id=2246468684859477525_13869174215&min_timestamp=None&rank_token=49050629623_383dc390-bdf3-495c-8af0-8ec728541886&ranked_content=true returned response: <Response [200]>
2021-08-11 13:41:37,316 - instabot version: 0.117.0 (api) - DEBUG - GET to endpoint: feed/user/13869174215/?max_id=2243982439130507746_13869174215&min_timestamp=None&rank_token=49050629623_383dc390-bdf3-495c-8af0-8ec728541886&ranked_content=true returned response: <Response [200]>
2021-08-11 13:41:37,661 - instabot version: 0.117.0 (api) - DEBUG - GET to endpoint: feed/user/13869174215/?max_id=2241751538342319498_13869174215&min_timestamp=None&rank_token=49050629623_383dc390-bdf3-495c-8af0-8ec728541886&ranked_content=true returned response: <Response [200]>
2021-08-11 13:41:39,097 - instabot version: 0.117.0 (api) - DEBUG - GET to endpoint: feed/user/13869174215/?max_id=2239644815922173042_13869174215&min_timestamp=None&rank_token=49050629623_383dc390-bdf3-495c-8af0-8ec728541886&ranked_content=true returned response: <Response [200]>
2021-08-11 13:41:39,603 - instabot version: 0.117.0 (api) - DEBUG - GET to endpoint: feed/user/13869174215/?max_id=2236964078899033269_13869174215&min_timestamp=None&rank_token=49050629623_383dc390-bdf3-495c-8af0-8ec728541886&ranked_content=true returned response: <Response [200]>
2021-08-11 13:41:39,980 - instabot version: 0.117.0 (api) - DEBUG - GET to endpoint: feed/user/13869174215/?max_id=2234470160705807877_13869174215&min_timestamp=None&rank_token=49050629623_383dc390-bdf3-495c-8af0-8ec728541886&ranked_content=true returned response: <Response [200]>
2021-08-11 13:41:40,345 - instabot version: 0.117.0 (api) - DEBUG - GET to endpoint: feed/user/13869174215/?max_id=2232182215051351891_13869174215&min_timestamp=None&rank_token=49050629623_383dc390-bdf3-495c-8af0-8ec728541886&ranked_content=true returned response: <Response [200]>
2021-08-11 13:41:40,681 - instabot version: 0.117.0 (api) - DEBUG - GET to endpoint: feed/user/13869174215/?max_id=2229945151513817942_13869174215&min_timestamp=None&rank_token=49050629623_383dc390-bdf3-495c-8af0-8ec728541886&ranked_content=true returned response: <Response [200]>
2021-08-11 13:41:41,120 - instabot version: 0.117.0 (api) - DEBUG - GET to endpoint: feed/user/13869174215/?max_id=2227590757573195809_13869174215&min_timestamp=None&rank_token=49050629623_383dc390-bdf3-495c-8af0-8ec728541886&ranked_content=true returned response: <Response [200]>
2021-08-11 13:41:41,504 - instabot version: 0.117.0 (api) - DEBUG - GET to endpoint: feed/user/13869174215/?max_id=2225692582499271179_13869174215&min_timestamp=None&rank_token=49050629623_383dc390-bdf3-495c-8af0-8ec728541886&ranked_content=true returned response: <Response [200]>
2021-08-11 13:41:41,850 - instabot version: 0.117.0 (api) - DEBUG - GET to endpoint: feed/user/13869174215/?max_id=2223662248396016060_13869174215&min_timestamp=None&rank_token=49050629623_383dc390-bdf3-495c-8af0-8ec728541886&ranked_content=true returned response: <Response [200]>
2021-08-11 13:41:42,228 - instabot version: 0.117.0 (api) - DEBUG - GET to endpoint: feed/user/13869174215/?max_id=2221952661829713857_13869174215&min_timestamp=None&rank_token=49050629623_383dc390-bdf3-495c-8af0-8ec728541886&ranked_content=true returned response: <Response [200]>
2021-08-11 13:41:42,604 - instabot version: 0.117.0 (api) - DEBUG - GET to endpoint: feed/user/13869174215/?max_id=2220317659450815027_13869174215&min_timestamp=None&rank_token=49050629623_383dc390-bdf3-495c-8af0-8ec728541886&ranked_content=true returned response: <Response [200]>
2021-08-11 13:41:43,425 - instabot version: 0.117.0 (api) - DEBUG - GET to endpoint: feed/user/13869174215/?max_id=2218150240418389695_13869174215&min_timestamp=None&rank_token=49050629623_383dc390-bdf3-495c-8af0-8ec728541886&ranked_content=true returned response: <Response [200]>
2021-08-11 13:41:43,750 - instabot version: 0.117.0 (api) - DEBUG - GET to endpoint: feed/user/13869174215/?max_id=2215941782218586226_13869174215&min_timestamp=None&rank_token=49050629623_383dc390-bdf3-495c-8af0-8ec728541886&ranked_content=true returned response: <Response [200]>
2021-08-11 13:41:44,077 - instabot version: 0.117.0 (api) - DEBUG - GET to endpoint: feed/user/13869174215/?max_id=2213904829235079207_13869174215&min_timestamp=None&rank_token=49050629623_383dc390-bdf3-495c-8af0-8ec728541886&ranked_content=true returned response: <Response [200]>
2021-08-11 13:41:44,449 - instabot version: 0.117.0 (api) - DEBUG - GET to endpoint: feed/user/13869174215/?max_id=2211904152468235651_13869174215&min_timestamp=None&rank_token=49050629623_383dc390-bdf3-495c-8af0-8ec728541886&ranked_content=true returned response: <Response [200]>
2021-08-11 13:41:44,721 - instabot version: 0.117.0 (api) - DEBUG - GET to endpoint: feed/user/13869174215/?max_id=2209723750043384702_13869174215&min_timestamp=None&rank_token=49050629623_383dc390-bdf3-495c-8af0-8ec728541886&ranked_content=true returned response: <Response [200]>
2021-08-11 13:41:45,144 - instabot version: 0.117.0 (api) - DEBUG - GET to endpoint: feed/user/13869174215/?max_id=2206212210577150626_13869174215&min_timestamp=None&rank_token=49050629623_383dc390-bdf3-495c-8af0-8ec728541886&ranked_content=true returned response: <Response [200]>
2021-08-11 13:41:45,460 - instabot version: 0.117.0 (api) - DEBUG - GET to endpoint: feed/user/13869174215/?max_id=2203250648626099001_13869174215&min_timestamp=None&rank_token=49050629623_383dc390-bdf3-495c-8af0-8ec728541886&ranked_content=true returned response: <Response [200]>
2021-08-11 13:41:45,872 - instabot version: 0.117.0 (api) - DEBUG - GET to endpoint: feed/user/13869174215/?max_id=2199728853014103197_13869174215&min_timestamp=None&rank_token=49050629623_383dc390-bdf3-495c-8af0-8ec728541886&ranked_content=true returned response: <Response [200]>
2021-08-11 13:41:46,139 - instabot version: 0.117.0 (api) - DEBUG - GET to endpoint: feed/user/13869174215/?max_id=2194658487303145830_13869174215&min_timestamp=None&rank_token=49050629623_383dc390-bdf3-495c-8af0-8ec728541886&ranked_content=true returned response: <Response [200]>
2021-08-11 13:41:46,509 - instabot version: 0.117.0 (api) - DEBUG - GET to endpoint: feed/user/13869174215/?max_id=2189948305261508331_13869174215&min_timestamp=None&rank_token=49050629623_383dc390-bdf3-495c-8af0-8ec728541886&ranked_content=true returned response: <Response [200]>
2021-08-11 13:41:46,770 - instabot version: 0.117.0 (api) - DEBUG - GET to endpoint: feed/user/13869174215/?max_id=2184534852849943496_13869174215&min_timestamp=None&rank_token=49050629623_383dc390-bdf3-495c-8af0-8ec728541886&ranked_content=true returned response: <Response [200]>
2021-08-11 13:41:47,355 - instabot version: 0.117.0 (api) - DEBUG - GET to endpoint: feed/user/13869174215/?max_id=2180139194498824761_13869174215&min_timestamp=None&rank_token=49050629623_383dc390-bdf3-495c-8af0-8ec728541886&ranked_content=true returned response: <Response [200]>
2021-08-11 13:41:47,642 - instabot version: 0.117.0 (api) - DEBUG - GET to endpoint: users/vocabexpansion/usernameinfo/ returned response: <Response [200]>
2021-08-11 13:41:48,423 - instabot version: 0.117.0 (api) - DEBUG - GET to endpoint: media/2623383112195869155_13869174215/info/ returned response: <Response [200]>
2021-08-11 13:41:48,786 - instabot version: 0.117.0 (api) - DEBUG - POST to endpoint: direct_v2/threads/broadcast/media_share/ returned response: <Response [200]>
2021-08-11 13:41:49,247 - instabot version: 0.117.0 (api) - DEBUG - POST to endpoint: direct_v2/inbox/ returned response: <Response [200]>
2021-08-11 13:41:51,808 - instabot version: 0.117.0 (api) - DEBUG - POST to endpoint: direct_v2/inbox/ returned response: <Response [200]>
2021-08-11 13:41:54,297 - instabot version: 0.117.0 (api) - DEBUG - POST to endpoint: direct_v2/inbox/ returned response: <Response [200]>
2021-08-11 13:41:56,752 - instabot version: 0.117.0 (api) - DEBUG - POST to endpoint: direct_v2/inbox/ returned response: <Response [200]>
2021-08-11 13:41:59,649 - instabot version: 0.117.0 (api) - DEBUG - POST to endpoint: direct_v2/inbox/ returned response: <Response [200]>
2021-08-11 13:42:01,653 - instabot version: 0.117.0 (bot_checkpoint) - DEBUG - Saving Checkpoint file to: D:\Programming\2021\InstaBot/config/derbgang.checkpoint
2021-08-11 13:42:01,654 - instabot version: 0.117.0 (bot) - INFO - Total messages: 11/83
2021-08-11 13:42:01,654 - instabot version: 0.117.0 (bot) - INFO - Total requests: 2427
