2021-08-11 13:51:04,457 - instabot version: 0.117.0 (bot) - INFO - Instabot version: 0.117.0 Started
2021-08-11 13:51:04,458 - instabot version: 0.117.0 (bot) - DEBUG - Bot imported from C:\Users\skyem\AppData\Local\Programs\Python\Python39\lib\site-packages\instabot\bot\bot.py
2021-08-11 13:51:05,757 - instabot version: 0.117.0 (api_login) - INFO - Not yet logged in starting: PRE-LOGIN FLOW!
2021-08-11 13:51:05,938 - instabot version: 0.117.0 (api) - DEBUG - POST to endpoint: accounts/get_prefill_candidates/ returned response: <Response [200]>
2021-08-11 13:51:06,493 - instabot version: 0.117.0 (api) - DEBUG - POST to endpoint: qe/sync/ returned response: <Response [200]>
2021-08-11 13:51:06,690 - instabot version: 0.117.0 (api) - DEBUG - POST to endpoint: launcher/sync/ returned response: <Response [200]>
2021-08-11 13:51:06,886 - instabot version: 0.117.0 (api) - DEBUG - POST to endpoint: accounts/contact_point_prefill/ returned response: <Response [200]>
2021-08-11 13:51:08,493 - instabot version: 0.117.0 (api) - DEBUG - POST to endpoint: accounts/login/ returned response: <Response [200]>
2021-08-11 13:51:08,493 - instabot version: 0.117.0 (api) - INFO - Logged-in successfully as 'derbgang'!
2021-08-11 13:51:08,493 - instabot version: 0.117.0 (api_login) - INFO - LOGIN FLOW! Just logged-in: True
2021-08-11 13:51:08,654 - instabot version: 0.117.0 (api) - DEBUG - POST to endpoint: qe/sync/ returned response: <Response [200]>
2021-08-11 13:51:08,822 - instabot version: 0.117.0 (api) - DEBUG - POST to endpoint: launcher/sync/ returned response: <Response [200]>
2021-08-11 13:51:08,967 - instabot version: 0.117.0 (api) - DEBUG - GET to endpoint: zr/token/result/?device_id=android-482d8e988b586de3&token_hash=&custom_device_id=android-482d8e988b586de3&fetch_reason=token_expired returned response: <Response [200]>
2021-08-11 13:51:09,123 - instabot version: 0.117.0 (api) - DEBUG - GET to endpoint: multiple_accounts/get_account_family/ returned response: <Response [200]>
2021-08-11 13:51:09,313 - instabot version: 0.117.0 (api) - DEBUG - POST to endpoint: qe/sync/ returned response: <Response [200]>
2021-08-11 13:51:09,700 - instabot version: 0.117.0 (api) - DEBUG - GET to endpoint: igtv/browse_feed/?prefetch=1 returned response: <Response [200]>
2021-08-11 13:51:09,873 - instabot version: 0.117.0 (api) - DEBUG - POST to endpoint: creatives/ar_class/ returned response: <Response [200]>
2021-08-11 13:51:10,249 - instabot version: 0.117.0 (api) - DEBUG - POST to endpoint: feed/reels_tray/ returned response: <Response [200]>
2021-08-11 13:51:11,364 - instabot version: 0.117.0 (api) - DEBUG - POST to endpoint: feed/timeline/ returned response: <Response [200]>
2021-08-11 13:51:11,526 - instabot version: 0.117.0 (api) - DEBUG - GET to endpoint: media/blocked/ returned response: <Response [200]>
2021-08-11 13:51:12,094 - instabot version: 0.117.0 (api) - DEBUG - GET to endpoint: news/inbox/ returned response: <Response [200]>
2021-08-11 13:51:12,284 - instabot version: 0.117.0 (api) - DEBUG - GET to endpoint: loom/fetch_config/ returned response: <Response [200]>
2021-08-11 13:51:12,539 - instabot version: 0.117.0 (api) - DEBUG - GET to endpoint: scores/bootstrap/users/?surfaces=["autocomplete_user_list","coefficient_besties_list_ranking","coefficient_rank_recipient_user_suggestion","coefficient_ios_section_test_bootstrap_ranking","coefficient_direct_recipients_ranking_variant_2"] returned response: <Response [200]>
2021-08-11 13:51:12,730 - instabot version: 0.117.0 (api) - DEBUG - GET to endpoint: business/eligibility/get_monetization_products_eligibility_data/?product_types=branded_content returned response: <Response [200]>
2021-08-11 13:51:12,886 - instabot version: 0.117.0 (api) - DEBUG - GET to endpoint: business/branded_content/should_require_professional_account/ returned response: <Response [200]>
2021-08-11 13:51:13,028 - instabot version: 0.117.0 (api) - DEBUG - GET to endpoint: linked_accounts/get_linkage_status/ returned response: <Response [200]>
2021-08-11 13:51:13,183 - instabot version: 0.117.0 (api) - DEBUG - GET to endpoint: locations/request_country/ returned response: <Response [200]>
2021-08-11 13:51:13,339 - instabot version: 0.117.0 (api) - DEBUG - GET to endpoint: qp/get_cooldowns/?signed_body=signed_body=4b9c516a5410a3bc128e09c6104a7f042146b9c2023870560c63a43a7f66781c.4&ig_sig_key_version=4&ig_sig_key_version=4 returned response: <Response [200]>
2021-08-11 13:51:13,498 - instabot version: 0.117.0 (api) - DEBUG - GET to endpoint: users/arlink_download_info/?version_override=2.2.1 returned response: <Response [200]>
2021-08-11 13:51:13,963 - instabot version: 0.117.0 (api) - DEBUG - GET to endpoint: users/49050629623/info/ returned response: <Response [200]>
2021-08-11 13:51:14,461 - instabot version: 0.117.0 (api) - DEBUG - GET to endpoint: direct_v2/get_presence/ returned response: <Response [200]>
2021-08-11 13:51:15,170 - instabot version: 0.117.0 (api) - DEBUG - GET to endpoint: direct_v2/inbox/?visual_message_return_type=unseen&thread_message_limit=10&persistentBadging=true&limit=20 returned response: <Response [200]>
2021-08-11 13:51:15,379 - instabot version: 0.117.0 (api) - DEBUG - GET to endpoint: direct_v2/inbox/?visual_message_return_type=unseen&persistentBadging=true&limit=0 returned response: <Response [200]>
2021-08-11 13:51:15,621 - instabot version: 0.117.0 (api) - DEBUG - GET to endpoint: discover/topical_explore/?is_prefetch=true&omit_cover_media=true&use_sectional_payload=true&timezone_offset=0&session_id=d0fd397e-8799-44b8-aeb1-1e13fb798be0&include_fixed_destinations=true returned response: <Response [200]>
2021-08-11 13:51:15,769 - instabot version: 0.117.0 (api) - DEBUG - POST to endpoint: notifications/badge/ returned response: <Response [200]>
2021-08-11 13:51:16,029 - instabot version: 0.117.0 (api) - DEBUG - POST to endpoint: qp/batch_fetch/ returned response: <Response [200]>
2021-08-11 13:51:16,030 - instabot version: 0.117.0 (bot_checkpoint) - DEBUG - Loading Checkpoint file from: D:\Programming\2021\InstaBot/config/derbgang.checkpoint
2021-08-11 13:51:22,739 - instabot version: 0.117.0 (api) - DEBUG - GET to endpoint: users/cursed.image5/usernameinfo/ returned response: <Response [200]>
2021-08-11 13:51:23,232 - instabot version: 0.117.0 (api) - DEBUG - GET to endpoint: feed/user/13869174215/?max_id=&min_timestamp=None&rank_token=49050629623_eb3edf54-eea1-4872-990e-077b874de559&ranked_content=true returned response: <Response [200]>
2021-08-11 13:51:23,542 - instabot version: 0.117.0 (api) - DEBUG - GET to endpoint: feed/user/13869174215/?max_id=2629181072762666030_13869174215&min_timestamp=None&rank_token=49050629623_eb3edf54-eea1-4872-990e-077b874de559&ranked_content=true returned response: <Response [200]>
2021-08-11 13:51:23,832 - instabot version: 0.117.0 (api) - DEBUG - GET to endpoint: feed/user/13869174215/?max_id=2621208872059607458_13869174215&min_timestamp=None&rank_token=49050629623_eb3edf54-eea1-4872-990e-077b874de559&ranked_content=true returned response: <Response [200]>
2021-08-11 13:51:24,124 - instabot version: 0.117.0 (api) - DEBUG - GET to endpoint: feed/user/13869174215/?max_id=2616759043862522538_13869174215&min_timestamp=None&rank_token=49050629623_eb3edf54-eea1-4872-990e-077b874de559&ranked_content=true returned response: <Response [200]>
2021-08-11 13:51:24,405 - instabot version: 0.117.0 (api) - DEBUG - GET to endpoint: feed/user/13869174215/?max_id=2613147709832808322_13869174215&min_timestamp=None&rank_token=49050629623_eb3edf54-eea1-4872-990e-077b874de559&ranked_content=true returned response: <Response [200]>
2021-08-11 13:51:24,691 - instabot version: 0.117.0 (api) - DEBUG - GET to endpoint: feed/user/13869174215/?max_id=2609516289222600962_13869174215&min_timestamp=None&rank_token=49050629623_eb3edf54-eea1-4872-990e-077b874de559&ranked_content=true returned response: <Response [200]>
2021-08-11 13:51:25,066 - instabot version: 0.117.0 (api) - DEBUG - GET to endpoint: feed/user/13869174215/?max_id=2605552756672575729_13869174215&min_timestamp=None&rank_token=49050629623_eb3edf54-eea1-4872-990e-077b874de559&ranked_content=true returned response: <Response [200]>
2021-08-11 13:51:25,381 - instabot version: 0.117.0 (api) - DEBUG - GET to endpoint: feed/user/13869174215/?max_id=2601926433702080708_13869174215&min_timestamp=None&rank_token=49050629623_eb3edf54-eea1-4872-990e-077b874de559&ranked_content=true returned response: <Response [200]>
2021-08-11 13:51:25,773 - instabot version: 0.117.0 (api) - DEBUG - GET to endpoint: feed/user/13869174215/?max_id=2597925137977647050_13869174215&min_timestamp=None&rank_token=49050629623_eb3edf54-eea1-4872-990e-077b874de559&ranked_content=true returned response: <Response [200]>
2021-08-11 13:51:26,064 - instabot version: 0.117.0 (api) - DEBUG - GET to endpoint: feed/user/13869174215/?max_id=2593953811169093453_13869174215&min_timestamp=None&rank_token=49050629623_eb3edf54-eea1-4872-990e-077b874de559&ranked_content=true returned response: <Response [200]>
2021-08-11 13:51:26,393 - instabot version: 0.117.0 (api) - DEBUG - GET to endpoint: feed/user/13869174215/?max_id=2589939804252569428_13869174215&min_timestamp=None&rank_token=49050629623_eb3edf54-eea1-4872-990e-077b874de559&ranked_content=true returned response: <Response [200]>
2021-08-11 13:51:26,678 - instabot version: 0.117.0 (api) - DEBUG - GET to endpoint: feed/user/13869174215/?max_id=2585983727851050783_13869174215&min_timestamp=None&rank_token=49050629623_eb3edf54-eea1-4872-990e-077b874de559&ranked_content=true returned response: <Response [200]>
2021-08-11 13:51:27,110 - instabot version: 0.117.0 (api) - DEBUG - GET to endpoint: feed/user/13869174215/?max_id=2581977330643066357_13869174215&min_timestamp=None&rank_token=49050629623_eb3edf54-eea1-4872-990e-077b874de559&ranked_content=true returned response: <Response [200]>
2021-08-11 13:51:27,448 - instabot version: 0.117.0 (api) - DEBUG - GET to endpoint: feed/user/13869174215/?max_id=2578356219848712575_13869174215&min_timestamp=None&rank_token=49050629623_eb3edf54-eea1-4872-990e-077b874de559&ranked_content=true returned response: <Response [200]>
2021-08-11 13:51:27,809 - instabot version: 0.117.0 (api) - DEBUG - GET to endpoint: feed/user/13869174215/?max_id=2574354651593651332_13869174215&min_timestamp=None&rank_token=49050629623_eb3edf54-eea1-4872-990e-077b874de559&ranked_content=true returned response: <Response [200]>
2021-08-11 13:51:28,118 - instabot version: 0.117.0 (api) - DEBUG - GET to endpoint: feed/user/13869174215/?max_id=2570368321685991344_13869174215&min_timestamp=None&rank_token=49050629623_eb3edf54-eea1-4872-990e-077b874de559&ranked_content=true returned response: <Response [200]>
2021-08-11 13:51:28,447 - instabot version: 0.117.0 (api) - DEBUG - GET to endpoint: feed/user/13869174215/?max_id=2566412257793882806_13869174215&min_timestamp=None&rank_token=49050629623_eb3edf54-eea1-4872-990e-077b874de559&ranked_content=true returned response: <Response [200]>
2021-08-11 13:51:28,813 - instabot version: 0.117.0 (api) - DEBUG - GET to endpoint: feed/user/13869174215/?max_id=2562413403647561569_13869174215&min_timestamp=None&rank_token=49050629623_eb3edf54-eea1-4872-990e-077b874de559&ranked_content=true returned response: <Response [200]>
2021-08-11 13:51:29,112 - instabot version: 0.117.0 (api) - DEBUG - GET to endpoint: feed/user/13869174215/?max_id=2558439844894621752_13869174215&min_timestamp=None&rank_token=49050629623_eb3edf54-eea1-4872-990e-077b874de559&ranked_content=true returned response: <Response [200]>
2021-08-11 13:51:29,481 - instabot version: 0.117.0 (api) - DEBUG - GET to endpoint: feed/user/13869174215/?max_id=2554425769581476115_13869174215&min_timestamp=None&rank_token=49050629623_eb3edf54-eea1-4872-990e-077b874de559&ranked_content=true returned response: <Response [200]>
2021-08-11 13:51:29,802 - instabot version: 0.117.0 (api) - DEBUG - GET to endpoint: feed/user/13869174215/?max_id=2550465993228828833_13869174215&min_timestamp=None&rank_token=49050629623_eb3edf54-eea1-4872-990e-077b874de559&ranked_content=true returned response: <Response [200]>
2021-08-11 13:51:30,192 - instabot version: 0.117.0 (api) - DEBUG - GET to endpoint: feed/user/13869174215/?max_id=2547195646658663574_13869174215&min_timestamp=None&rank_token=49050629623_eb3edf54-eea1-4872-990e-077b874de559&ranked_content=true returned response: <Response [200]>
2021-08-11 13:51:30,562 - instabot version: 0.117.0 (api) - DEBUG - GET to endpoint: feed/user/13869174215/?max_id=2543911543202859673_13869174215&min_timestamp=None&rank_token=49050629623_eb3edf54-eea1-4872-990e-077b874de559&ranked_content=true returned response: <Response [200]>
2021-08-11 13:51:30,949 - instabot version: 0.117.0 (api) - DEBUG - GET to endpoint: feed/user/13869174215/?max_id=2539927797112221670_13869174215&min_timestamp=None&rank_token=49050629623_eb3edf54-eea1-4872-990e-077b874de559&ranked_content=true returned response: <Response [200]>
2021-08-11 13:51:31,227 - instabot version: 0.117.0 (api) - DEBUG - GET to endpoint: feed/user/13869174215/?max_id=2536346657829765845_13869174215&min_timestamp=None&rank_token=49050629623_eb3edf54-eea1-4872-990e-077b874de559&ranked_content=true returned response: <Response [200]>
2021-08-11 13:51:31,540 - instabot version: 0.117.0 (api) - DEBUG - GET to endpoint: feed/user/13869174215/?max_id=2532388100305317353_13869174215&min_timestamp=None&rank_token=49050629623_eb3edf54-eea1-4872-990e-077b874de559&ranked_content=true returned response: <Response [200]>
2021-08-11 13:51:31,801 - instabot version: 0.117.0 (api) - DEBUG - GET to endpoint: feed/user/13869174215/?max_id=2528723965214281856_13869174215&min_timestamp=None&rank_token=49050629623_eb3edf54-eea1-4872-990e-077b874de559&ranked_content=true returned response: <Response [200]>
2021-08-11 13:51:32,112 - instabot version: 0.117.0 (api) - DEBUG - GET to endpoint: feed/user/13869174215/?max_id=2524737718122154542_13869174215&min_timestamp=None&rank_token=49050629623_eb3edf54-eea1-4872-990e-077b874de559&ranked_content=true returned response: <Response [200]>
2021-08-11 13:51:32,525 - instabot version: 0.117.0 (api) - DEBUG - GET to endpoint: feed/user/13869174215/?max_id=2521121500224829390_13869174215&min_timestamp=None&rank_token=49050629623_eb3edf54-eea1-4872-990e-077b874de559&ranked_content=true returned response: <Response [200]>
2021-08-11 13:51:32,868 - instabot version: 0.117.0 (api) - DEBUG - GET to endpoint: feed/user/13869174215/?max_id=2517505088604579432_13869174215&min_timestamp=None&rank_token=49050629623_eb3edf54-eea1-4872-990e-077b874de559&ranked_content=true returned response: <Response [200]>
2021-08-11 13:51:33,249 - instabot version: 0.117.0 (api) - DEBUG - GET to endpoint: feed/user/13869174215/?max_id=2514258641577552052_13869174215&min_timestamp=None&rank_token=49050629623_eb3edf54-eea1-4872-990e-077b874de559&ranked_content=true returned response: <Response [200]>
2021-08-11 13:51:33,510 - instabot version: 0.117.0 (api) - DEBUG - GET to endpoint: feed/user/13869174215/?max_id=2510964401171982872_13869174215&min_timestamp=None&rank_token=49050629623_eb3edf54-eea1-4872-990e-077b874de559&ranked_content=true returned response: <Response [200]>
2021-08-11 13:51:33,812 - instabot version: 0.117.0 (api) - DEBUG - GET to endpoint: feed/user/13869174215/?max_id=2507445810260067328_13869174215&min_timestamp=None&rank_token=49050629623_eb3edf54-eea1-4872-990e-077b874de559&ranked_content=true returned response: <Response [200]>
2021-08-11 13:51:34,135 - instabot version: 0.117.0 (api) - DEBUG - GET to endpoint: feed/user/13869174215/?max_id=2503356857562107324_13869174215&min_timestamp=None&rank_token=49050629623_eb3edf54-eea1-4872-990e-077b874de559&ranked_content=true returned response: <Response [200]>
2021-08-11 13:51:34,458 - instabot version: 0.117.0 (api) - DEBUG - GET to endpoint: feed/user/13869174215/?max_id=2500943117584641281_13869174215&min_timestamp=None&rank_token=49050629623_eb3edf54-eea1-4872-990e-077b874de559&ranked_content=true returned response: <Response [200]>
2021-08-11 13:51:34,756 - instabot version: 0.117.0 (api) - DEBUG - GET to endpoint: feed/user/13869174215/?max_id=2498283431010294463_13869174215&min_timestamp=None&rank_token=49050629623_eb3edf54-eea1-4872-990e-077b874de559&ranked_content=true returned response: <Response [200]>
2021-08-11 13:51:35,070 - instabot version: 0.117.0 (api) - DEBUG - GET to endpoint: feed/user/13869174215/?max_id=2495761810779660771_13869174215&min_timestamp=None&rank_token=49050629623_eb3edf54-eea1-4872-990e-077b874de559&ranked_content=true returned response: <Response [200]>
2021-08-11 13:51:35,344 - instabot version: 0.117.0 (api) - DEBUG - GET to endpoint: feed/user/13869174215/?max_id=2492896690635740047_13869174215&min_timestamp=None&rank_token=49050629623_eb3edf54-eea1-4872-990e-077b874de559&ranked_content=true returned response: <Response [200]>
2021-08-11 13:51:35,651 - instabot version: 0.117.0 (api) - DEBUG - GET to endpoint: feed/user/13869174215/?max_id=2490035805613357200_13869174215&min_timestamp=None&rank_token=49050629623_eb3edf54-eea1-4872-990e-077b874de559&ranked_content=true returned response: <Response [200]>
2021-08-11 13:51:35,936 - instabot version: 0.117.0 (api) - DEBUG - GET to endpoint: feed/user/13869174215/?max_id=2486732359787741412_13869174215&min_timestamp=None&rank_token=49050629623_eb3edf54-eea1-4872-990e-077b874de559&ranked_content=true returned response: <Response [200]>
2021-08-11 13:51:36,219 - instabot version: 0.117.0 (api) - DEBUG - GET to endpoint: feed/user/13869174215/?max_id=2482720829293601208_13869174215&min_timestamp=None&rank_token=49050629623_eb3edf54-eea1-4872-990e-077b874de559&ranked_content=true returned response: <Response [200]>
2021-08-11 13:51:36,477 - instabot version: 0.117.0 (api) - DEBUG - GET to endpoint: feed/user/13869174215/?max_id=2478752239038765168_13869174215&min_timestamp=None&rank_token=49050629623_eb3edf54-eea1-4872-990e-077b874de559&ranked_content=true returned response: <Response [200]>
2021-08-11 13:51:36,791 - instabot version: 0.117.0 (api) - DEBUG - GET to endpoint: feed/user/13869174215/?max_id=2475118222951480584_13869174215&min_timestamp=None&rank_token=49050629623_eb3edf54-eea1-4872-990e-077b874de559&ranked_content=true returned response: <Response [200]>
2021-08-11 13:51:37,043 - instabot version: 0.117.0 (api) - DEBUG - GET to endpoint: feed/user/13869174215/?max_id=2471101842343410664_13869174215&min_timestamp=None&rank_token=49050629623_eb3edf54-eea1-4872-990e-077b874de559&ranked_content=true returned response: <Response [200]>
2021-08-11 13:51:37,340 - instabot version: 0.117.0 (api) - DEBUG - GET to endpoint: feed/user/13869174215/?max_id=2467518227559871289_13869174215&min_timestamp=None&rank_token=49050629623_eb3edf54-eea1-4872-990e-077b874de559&ranked_content=true returned response: <Response [200]>
2021-08-11 13:51:37,604 - instabot version: 0.117.0 (api) - DEBUG - GET to endpoint: feed/user/13869174215/?max_id=2463549501526183565_13869174215&min_timestamp=None&rank_token=49050629623_eb3edf54-eea1-4872-990e-077b874de559&ranked_content=true returned response: <Response [200]>
2021-08-11 13:51:37,925 - instabot version: 0.117.0 (api) - DEBUG - GET to endpoint: feed/user/13869174215/?max_id=2459530545717158185_13869174215&min_timestamp=None&rank_token=49050629623_eb3edf54-eea1-4872-990e-077b874de559&ranked_content=true returned response: <Response [200]>
2021-08-11 13:51:38,216 - instabot version: 0.117.0 (api) - DEBUG - GET to endpoint: feed/user/13869174215/?max_id=2455579668374307892_13869174215&min_timestamp=None&rank_token=49050629623_eb3edf54-eea1-4872-990e-077b874de559&ranked_content=true returned response: <Response [200]>
2021-08-11 13:51:38,471 - instabot version: 0.117.0 (api) - DEBUG - GET to endpoint: feed/user/13869174215/?max_id=2451618429724054352_13869174215&min_timestamp=None&rank_token=49050629623_eb3edf54-eea1-4872-990e-077b874de559&ranked_content=true returned response: <Response [200]>
2021-08-11 13:51:38,739 - instabot version: 0.117.0 (api) - DEBUG - GET to endpoint: feed/user/13869174215/?max_id=2447614536338001877_13869174215&min_timestamp=None&rank_token=49050629623_eb3edf54-eea1-4872-990e-077b874de559&ranked_content=true returned response: <Response [200]>
2021-08-11 13:51:39,094 - instabot version: 0.117.0 (api) - DEBUG - GET to endpoint: feed/user/13869174215/?max_id=2443464688237889437_13869174215&min_timestamp=None&rank_token=49050629623_eb3edf54-eea1-4872-990e-077b874de559&ranked_content=true returned response: <Response [200]>
2021-08-11 13:51:39,344 - instabot version: 0.117.0 (api) - DEBUG - GET to endpoint: feed/user/13869174215/?max_id=2439617310992844088_13869174215&min_timestamp=None&rank_token=49050629623_eb3edf54-eea1-4872-990e-077b874de559&ranked_content=true returned response: <Response [200]>
2021-08-11 13:51:39,626 - instabot version: 0.117.0 (api) - DEBUG - GET to endpoint: feed/user/13869174215/?max_id=2435815706958500677_13869174215&min_timestamp=None&rank_token=49050629623_eb3edf54-eea1-4872-990e-077b874de559&ranked_content=true returned response: <Response [200]>
2021-08-11 13:51:39,957 - instabot version: 0.117.0 (api) - DEBUG - GET to endpoint: feed/user/13869174215/?max_id=2431996577125033474_13869174215&min_timestamp=None&rank_token=49050629623_eb3edf54-eea1-4872-990e-077b874de559&ranked_content=true returned response: <Response [200]>
2021-08-11 13:51:40,365 - instabot version: 0.117.0 (api) - DEBUG - GET to endpoint: feed/user/13869174215/?max_id=2428043070745097829_13869174215&min_timestamp=None&rank_token=49050629623_eb3edf54-eea1-4872-990e-077b874de559&ranked_content=true returned response: <Response [200]>
2021-08-11 13:51:40,695 - instabot version: 0.117.0 (api) - DEBUG - GET to endpoint: feed/user/13869174215/?max_id=2424716096599989952_13869174215&min_timestamp=None&rank_token=49050629623_eb3edf54-eea1-4872-990e-077b874de559&ranked_content=true returned response: <Response [200]>
2021-08-11 13:51:41,015 - instabot version: 0.117.0 (api) - DEBUG - GET to endpoint: feed/user/13869174215/?max_id=2421771708858715939_13869174215&min_timestamp=None&rank_token=49050629623_eb3edf54-eea1-4872-990e-077b874de559&ranked_content=true returned response: <Response [200]>
2021-08-11 13:51:41,268 - instabot version: 0.117.0 (api) - DEBUG - GET to endpoint: feed/user/13869174215/?max_id=2418408328667847128_13869174215&min_timestamp=None&rank_token=49050629623_eb3edf54-eea1-4872-990e-077b874de559&ranked_content=true returned response: <Response [200]>
2021-08-11 13:51:41,560 - instabot version: 0.117.0 (api) - DEBUG - GET to endpoint: feed/user/13869174215/?max_id=2414531515888226561_13869174215&min_timestamp=None&rank_token=49050629623_eb3edf54-eea1-4872-990e-077b874de559&ranked_content=true returned response: <Response [200]>
2021-08-11 13:51:41,825 - instabot version: 0.117.0 (api) - DEBUG - GET to endpoint: feed/user/13869174215/?max_id=2410927791542485197_13869174215&min_timestamp=None&rank_token=49050629623_eb3edf54-eea1-4872-990e-077b874de559&ranked_content=true returned response: <Response [200]>
2021-08-11 13:51:45,948 - instabot version: 0.117.0 (api) - DEBUG - GET to endpoint: feed/user/13869174215/?max_id=2406991883320247136_13869174215&min_timestamp=None&rank_token=49050629623_eb3edf54-eea1-4872-990e-077b874de559&ranked_content=true returned response: <Response [200]>
2021-08-11 13:51:46,225 - instabot version: 0.117.0 (api) - DEBUG - GET to endpoint: feed/user/13869174215/?max_id=2402644391570071297_13869174215&min_timestamp=None&rank_token=49050629623_eb3edf54-eea1-4872-990e-077b874de559&ranked_content=true returned response: <Response [200]>
2021-08-11 13:51:46,526 - instabot version: 0.117.0 (api) - DEBUG - GET to endpoint: feed/user/13869174215/?max_id=2399011842297743033_13869174215&min_timestamp=None&rank_token=49050629623_eb3edf54-eea1-4872-990e-077b874de559&ranked_content=true returned response: <Response [200]>
2021-08-11 13:51:46,967 - instabot version: 0.117.0 (api) - DEBUG - GET to endpoint: feed/user/13869174215/?max_id=2395352515246179262_13869174215&min_timestamp=None&rank_token=49050629623_eb3edf54-eea1-4872-990e-077b874de559&ranked_content=true returned response: <Response [200]>
2021-08-11 13:51:47,274 - instabot version: 0.117.0 (api) - DEBUG - GET to endpoint: feed/user/13869174215/?max_id=2390568714913524230_13869174215&min_timestamp=None&rank_token=49050629623_eb3edf54-eea1-4872-990e-077b874de559&ranked_content=true returned response: <Response [200]>
2021-08-11 13:51:47,579 - instabot version: 0.117.0 (api) - DEBUG - GET to endpoint: feed/user/13869174215/?max_id=2386328158687631352_13869174215&min_timestamp=None&rank_token=49050629623_eb3edf54-eea1-4872-990e-077b874de559&ranked_content=true returned response: <Response [200]>
2021-08-11 13:51:47,877 - instabot version: 0.117.0 (api) - DEBUG - GET to endpoint: feed/user/13869174215/?max_id=2381992501190178084_13869174215&min_timestamp=None&rank_token=49050629623_eb3edf54-eea1-4872-990e-077b874de559&ranked_content=true returned response: <Response [200]>
2021-08-11 13:51:48,173 - instabot version: 0.117.0 (api) - DEBUG - GET to endpoint: feed/user/13869174215/?max_id=2377632809181569845_13869174215&min_timestamp=None&rank_token=49050629623_eb3edf54-eea1-4872-990e-077b874de559&ranked_content=true returned response: <Response [200]>
2021-08-11 13:51:48,503 - instabot version: 0.117.0 (api) - DEBUG - GET to endpoint: feed/user/13869174215/?max_id=2373267162100278856_13869174215&min_timestamp=None&rank_token=49050629623_eb3edf54-eea1-4872-990e-077b874de559&ranked_content=true returned response: <Response [200]>
2021-08-11 13:51:48,779 - instabot version: 0.117.0 (api) - DEBUG - GET to endpoint: feed/user/13869174215/?max_id=2369306438336495024_13869174215&min_timestamp=None&rank_token=49050629623_eb3edf54-eea1-4872-990e-077b874de559&ranked_content=true returned response: <Response [200]>
2021-08-11 13:51:49,051 - instabot version: 0.117.0 (api) - DEBUG - GET to endpoint: feed/user/13869174215/?max_id=2365274067178056758_13869174215&min_timestamp=None&rank_token=49050629623_eb3edf54-eea1-4872-990e-077b874de559&ranked_content=true returned response: <Response [200]>
2021-08-11 13:51:49,307 - instabot version: 0.117.0 (api) - DEBUG - GET to endpoint: feed/user/13869174215/?max_id=2361279579132735792_13869174215&min_timestamp=None&rank_token=49050629623_eb3edf54-eea1-4872-990e-077b874de559&ranked_content=true returned response: <Response [200]>
2021-08-11 13:51:49,683 - instabot version: 0.117.0 (api) - DEBUG - GET to endpoint: feed/user/13869174215/?max_id=2357345194314438858_13869174215&min_timestamp=None&rank_token=49050629623_eb3edf54-eea1-4872-990e-077b874de559&ranked_content=true returned response: <Response [200]>
2021-08-11 13:51:50,631 - instabot version: 0.117.0 (api) - DEBUG - GET to endpoint: feed/user/13869174215/?max_id=2353350154726546381_13869174215&min_timestamp=None&rank_token=49050629623_eb3edf54-eea1-4872-990e-077b874de559&ranked_content=true returned response: <Response [200]>
2021-08-11 13:51:50,902 - instabot version: 0.117.0 (api) - DEBUG - GET to endpoint: feed/user/13869174215/?max_id=2349007985303754832_13869174215&min_timestamp=None&rank_token=49050629623_eb3edf54-eea1-4872-990e-077b874de559&ranked_content=true returned response: <Response [200]>
2021-08-11 13:51:51,173 - instabot version: 0.117.0 (api) - DEBUG - GET to endpoint: feed/user/13869174215/?max_id=2344654911630185485_13869174215&min_timestamp=None&rank_token=49050629623_eb3edf54-eea1-4872-990e-077b874de559&ranked_content=true returned response: <Response [200]>
2021-08-11 13:51:51,459 - instabot version: 0.117.0 (api) - DEBUG - GET to endpoint: feed/user/13869174215/?max_id=2341037393241873080_13869174215&min_timestamp=None&rank_token=49050629623_eb3edf54-eea1-4872-990e-077b874de559&ranked_content=true returned response: <Response [200]>
2021-08-11 13:51:51,794 - instabot version: 0.117.0 (api) - DEBUG - GET to endpoint: feed/user/13869174215/?max_id=2336690473795042052_13869174215&min_timestamp=None&rank_token=49050629623_eb3edf54-eea1-4872-990e-077b874de559&ranked_content=true returned response: <Response [200]>
2021-08-11 13:51:52,066 - instabot version: 0.117.0 (api) - DEBUG - GET to endpoint: feed/user/13869174215/?max_id=2332717800911944273_13869174215&min_timestamp=None&rank_token=49050629623_eb3edf54-eea1-4872-990e-077b874de559&ranked_content=true returned response: <Response [200]>
2021-08-11 13:51:52,391 - instabot version: 0.117.0 (api) - DEBUG - GET to endpoint: feed/user/13869174215/?max_id=2329431544174195027_13869174215&min_timestamp=None&rank_token=49050629623_eb3edf54-eea1-4872-990e-077b874de559&ranked_content=true returned response: <Response [200]>
2021-08-11 13:51:52,656 - instabot version: 0.117.0 (api) - DEBUG - GET to endpoint: feed/user/13869174215/?max_id=2325800082635823428_13869174215&min_timestamp=None&rank_token=49050629623_eb3edf54-eea1-4872-990e-077b874de559&ranked_content=true returned response: <Response [200]>
2021-08-11 13:51:52,953 - instabot version: 0.117.0 (api) - DEBUG - GET to endpoint: feed/user/13869174215/?max_id=2322179112956194724_13869174215&min_timestamp=None&rank_token=49050629623_eb3edf54-eea1-4872-990e-077b874de559&ranked_content=true returned response: <Response [200]>
2021-08-11 13:51:53,251 - instabot version: 0.117.0 (api) - DEBUG - GET to endpoint: feed/user/13869174215/?max_id=2319636168684353441_13869174215&min_timestamp=None&rank_token=49050629623_eb3edf54-eea1-4872-990e-077b874de559&ranked_content=true returned response: <Response [200]>
2021-08-11 13:51:53,515 - instabot version: 0.117.0 (api) - DEBUG - GET to endpoint: feed/user/13869174215/?max_id=2317100443405582429_13869174215&min_timestamp=None&rank_token=49050629623_eb3edf54-eea1-4872-990e-077b874de559&ranked_content=true returned response: <Response [200]>
2021-08-11 13:51:53,799 - instabot version: 0.117.0 (api) - DEBUG - GET to endpoint: feed/user/13869174215/?max_id=2314920226930836881_13869174215&min_timestamp=None&rank_token=49050629623_eb3edf54-eea1-4872-990e-077b874de559&ranked_content=true returned response: <Response [200]>
2021-08-11 13:51:54,086 - instabot version: 0.117.0 (api) - DEBUG - GET to endpoint: feed/user/13869174215/?max_id=2312752348211262920_13869174215&min_timestamp=None&rank_token=49050629623_eb3edf54-eea1-4872-990e-077b874de559&ranked_content=true returned response: <Response [200]>
2021-08-11 13:51:54,358 - instabot version: 0.117.0 (api) - DEBUG - GET to endpoint: feed/user/13869174215/?max_id=2310584871557774312_13869174215&min_timestamp=None&rank_token=49050629623_eb3edf54-eea1-4872-990e-077b874de559&ranked_content=true returned response: <Response [200]>
2021-08-11 13:51:54,656 - instabot version: 0.117.0 (api) - DEBUG - GET to endpoint: feed/user/13869174215/?max_id=2308398151144275774_13869174215&min_timestamp=None&rank_token=49050629623_eb3edf54-eea1-4872-990e-077b874de559&ranked_content=true returned response: <Response [200]>
2021-08-11 13:51:54,944 - instabot version: 0.117.0 (api) - DEBUG - GET to endpoint: feed/user/13869174215/?max_id=2306214243035679865_13869174215&min_timestamp=None&rank_token=49050629623_eb3edf54-eea1-4872-990e-077b874de559&ranked_content=true returned response: <Response [200]>
2021-08-11 13:51:55,237 - instabot version: 0.117.0 (api) - DEBUG - GET to endpoint: feed/user/13869174215/?max_id=2304077049810540101_13869174215&min_timestamp=None&rank_token=49050629623_eb3edf54-eea1-4872-990e-077b874de559&ranked_content=true returned response: <Response [200]>
2021-08-11 13:51:55,548 - instabot version: 0.117.0 (api) - DEBUG - GET to endpoint: feed/user/13869174215/?max_id=2301874244593063835_13869174215&min_timestamp=None&rank_token=49050629623_eb3edf54-eea1-4872-990e-077b874de559&ranked_content=true returned response: <Response [200]>
2021-08-11 13:51:55,837 - instabot version: 0.117.0 (api) - DEBUG - GET to endpoint: feed/user/13869174215/?max_id=2299689453617576586_13869174215&min_timestamp=None&rank_token=49050629623_eb3edf54-eea1-4872-990e-077b874de559&ranked_content=true returned response: <Response [200]>
2021-08-11 13:51:56,128 - instabot version: 0.117.0 (api) - DEBUG - GET to endpoint: feed/user/13869174215/?max_id=2297526584993941762_13869174215&min_timestamp=None&rank_token=49050629623_eb3edf54-eea1-4872-990e-077b874de559&ranked_content=true returned response: <Response [200]>
2021-08-11 13:51:56,436 - instabot version: 0.117.0 (api) - DEBUG - GET to endpoint: feed/user/13869174215/?max_id=2295342137951639984_13869174215&min_timestamp=None&rank_token=49050629623_eb3edf54-eea1-4872-990e-077b874de559&ranked_content=true returned response: <Response [200]>
2021-08-11 13:51:56,742 - instabot version: 0.117.0 (api) - DEBUG - GET to endpoint: feed/user/13869174215/?max_id=2293164469550094550_13869174215&min_timestamp=None&rank_token=49050629623_eb3edf54-eea1-4872-990e-077b874de559&ranked_content=true returned response: <Response [200]>
2021-08-11 13:51:57,030 - instabot version: 0.117.0 (api) - DEBUG - GET to endpoint: feed/user/13869174215/?max_id=2290653043946185771_13869174215&min_timestamp=None&rank_token=49050629623_eb3edf54-eea1-4872-990e-077b874de559&ranked_content=true returned response: <Response [200]>
2021-08-11 13:51:57,343 - instabot version: 0.117.0 (api) - DEBUG - GET to endpoint: feed/user/13869174215/?max_id=2288480234285480501_13869174215&min_timestamp=None&rank_token=49050629623_eb3edf54-eea1-4872-990e-077b874de559&ranked_content=true returned response: <Response [200]>
2021-08-11 13:51:57,658 - instabot version: 0.117.0 (api) - DEBUG - GET to endpoint: feed/user/13869174215/?max_id=2286670755873014289_13869174215&min_timestamp=None&rank_token=49050629623_eb3edf54-eea1-4872-990e-077b874de559&ranked_content=true returned response: <Response [200]>
2021-08-11 13:51:57,982 - instabot version: 0.117.0 (api) - DEBUG - GET to endpoint: feed/user/13869174215/?max_id=2283761977997474681_13869174215&min_timestamp=None&rank_token=49050629623_eb3edf54-eea1-4872-990e-077b874de559&ranked_content=true returned response: <Response [200]>
2021-08-11 13:51:58,313 - instabot version: 0.117.0 (api) - DEBUG - GET to endpoint: feed/user/13869174215/?max_id=2281596510239418928_13869174215&min_timestamp=None&rank_token=49050629623_eb3edf54-eea1-4872-990e-077b874de559&ranked_content=true returned response: <Response [200]>
2021-08-11 13:51:58,640 - instabot version: 0.117.0 (api) - DEBUG - GET to endpoint: feed/user/13869174215/?max_id=2279401788905208642_13869174215&min_timestamp=None&rank_token=49050629623_eb3edf54-eea1-4872-990e-077b874de559&ranked_content=true returned response: <Response [200]>
2021-08-11 13:51:58,956 - instabot version: 0.117.0 (api) - DEBUG - GET to endpoint: feed/user/13869174215/?max_id=2277252014538086703_13869174215&min_timestamp=None&rank_token=49050629623_eb3edf54-eea1-4872-990e-077b874de559&ranked_content=true returned response: <Response [200]>
2021-08-11 13:51:59,335 - instabot version: 0.117.0 (api) - DEBUG - GET to endpoint: feed/user/13869174215/?max_id=2275442318952913632_13869174215&min_timestamp=None&rank_token=49050629623_eb3edf54-eea1-4872-990e-077b874de559&ranked_content=true returned response: <Response [200]>
2021-08-11 13:51:59,630 - instabot version: 0.117.0 (api) - DEBUG - GET to endpoint: feed/user/13869174215/?max_id=2273259070306972476_13869174215&min_timestamp=None&rank_token=49050629623_eb3edf54-eea1-4872-990e-077b874de559&ranked_content=true returned response: <Response [200]>
2021-08-11 13:51:59,947 - instabot version: 0.117.0 (api) - DEBUG - GET to endpoint: feed/user/13869174215/?max_id=2270762182848634484_13869174215&min_timestamp=None&rank_token=49050629623_eb3edf54-eea1-4872-990e-077b874de559&ranked_content=true returned response: <Response [200]>
2021-08-11 13:52:00,278 - instabot version: 0.117.0 (api) - DEBUG - GET to endpoint: feed/user/13869174215/?max_id=2268565181423751509_13869174215&min_timestamp=None&rank_token=49050629623_eb3edf54-eea1-4872-990e-077b874de559&ranked_content=true returned response: <Response [200]>
2021-08-11 13:52:00,667 - instabot version: 0.117.0 (api) - DEBUG - GET to endpoint: feed/user/13869174215/?max_id=2266434778416159990_13869174215&min_timestamp=None&rank_token=49050629623_eb3edf54-eea1-4872-990e-077b874de559&ranked_content=true returned response: <Response [200]>
2021-08-11 13:52:01,014 - instabot version: 0.117.0 (api) - DEBUG - GET to endpoint: feed/user/13869174215/?max_id=2264251494429061918_13869174215&min_timestamp=None&rank_token=49050629623_eb3edf54-eea1-4872-990e-077b874de559&ranked_content=true returned response: <Response [200]>
2021-08-11 13:52:01,385 - instabot version: 0.117.0 (api) - DEBUG - GET to endpoint: feed/user/13869174215/?max_id=2262026061956425975_13869174215&min_timestamp=None&rank_token=49050629623_eb3edf54-eea1-4872-990e-077b874de559&ranked_content=true returned response: <Response [200]>
2021-08-11 13:52:02,372 - instabot version: 0.117.0 (api) - DEBUG - GET to endpoint: feed/user/13869174215/?max_id=2259894515824727358_13869174215&min_timestamp=None&rank_token=49050629623_eb3edf54-eea1-4872-990e-077b874de559&ranked_content=true returned response: <Response [200]>
2021-08-11 13:52:02,735 - instabot version: 0.117.0 (api) - DEBUG - GET to endpoint: feed/user/13869174215/?max_id=2257716412021021713_13869174215&min_timestamp=None&rank_token=49050629623_eb3edf54-eea1-4872-990e-077b874de559&ranked_content=true returned response: <Response [200]>
2021-08-11 13:52:03,037 - instabot version: 0.117.0 (api) - DEBUG - GET to endpoint: feed/user/13869174215/?max_id=2255900852085983121_13869174215&min_timestamp=None&rank_token=49050629623_eb3edf54-eea1-4872-990e-077b874de559&ranked_content=true returned response: <Response [200]>
2021-08-11 13:52:03,390 - instabot version: 0.117.0 (api) - DEBUG - GET to endpoint: feed/user/13869174215/?max_id=2253351749888008663_13869174215&min_timestamp=None&rank_token=49050629623_eb3edf54-eea1-4872-990e-077b874de559&ranked_content=true returned response: <Response [200]>
2021-08-11 13:52:03,714 - instabot version: 0.117.0 (api) - DEBUG - GET to endpoint: feed/user/13869174215/?max_id=2251165165629701613_13869174215&min_timestamp=None&rank_token=49050629623_eb3edf54-eea1-4872-990e-077b874de559&ranked_content=true returned response: <Response [200]>
2021-08-11 13:52:04,053 - instabot version: 0.117.0 (api) - DEBUG - GET to endpoint: feed/user/13869174215/?max_id=2249023478694275335_13869174215&min_timestamp=None&rank_token=49050629623_eb3edf54-eea1-4872-990e-077b874de559&ranked_content=true returned response: <Response [200]>
2021-08-11 13:52:04,415 - instabot version: 0.117.0 (api) - DEBUG - GET to endpoint: feed/user/13869174215/?max_id=2246468684859477525_13869174215&min_timestamp=None&rank_token=49050629623_eb3edf54-eea1-4872-990e-077b874de559&ranked_content=true returned response: <Response [200]>
2021-08-11 13:52:04,773 - instabot version: 0.117.0 (api) - DEBUG - GET to endpoint: feed/user/13869174215/?max_id=2243982439130507746_13869174215&min_timestamp=None&rank_token=49050629623_eb3edf54-eea1-4872-990e-077b874de559&ranked_content=true returned response: <Response [200]>
2021-08-11 13:52:05,069 - instabot version: 0.117.0 (api) - DEBUG - GET to endpoint: feed/user/13869174215/?max_id=2241751538342319498_13869174215&min_timestamp=None&rank_token=49050629623_eb3edf54-eea1-4872-990e-077b874de559&ranked_content=true returned response: <Response [200]>
2021-08-11 13:52:05,377 - instabot version: 0.117.0 (api) - DEBUG - GET to endpoint: feed/user/13869174215/?max_id=2239644815922173042_13869174215&min_timestamp=None&rank_token=49050629623_eb3edf54-eea1-4872-990e-077b874de559&ranked_content=true returned response: <Response [200]>
2021-08-11 13:52:05,704 - instabot version: 0.117.0 (api) - DEBUG - GET to endpoint: feed/user/13869174215/?max_id=2236964078899033269_13869174215&min_timestamp=None&rank_token=49050629623_eb3edf54-eea1-4872-990e-077b874de559&ranked_content=true returned response: <Response [200]>
2021-08-11 13:52:06,064 - instabot version: 0.117.0 (api) - DEBUG - GET to endpoint: feed/user/13869174215/?max_id=2234470160705807877_13869174215&min_timestamp=None&rank_token=49050629623_eb3edf54-eea1-4872-990e-077b874de559&ranked_content=true returned response: <Response [200]>
2021-08-11 13:52:06,497 - instabot version: 0.117.0 (api) - DEBUG - GET to endpoint: feed/user/13869174215/?max_id=2232182215051351891_13869174215&min_timestamp=None&rank_token=49050629623_eb3edf54-eea1-4872-990e-077b874de559&ranked_content=true returned response: <Response [200]>
2021-08-11 13:52:07,194 - instabot version: 0.117.0 (api) - DEBUG - GET to endpoint: feed/user/13869174215/?max_id=2229945151513817942_13869174215&min_timestamp=None&rank_token=49050629623_eb3edf54-eea1-4872-990e-077b874de559&ranked_content=true returned response: <Response [200]>
2021-08-11 13:52:07,536 - instabot version: 0.117.0 (api) - DEBUG - GET to endpoint: feed/user/13869174215/?max_id=2227590757573195809_13869174215&min_timestamp=None&rank_token=49050629623_eb3edf54-eea1-4872-990e-077b874de559&ranked_content=true returned response: <Response [200]>
2021-08-11 13:52:07,843 - instabot version: 0.117.0 (api) - DEBUG - GET to endpoint: feed/user/13869174215/?max_id=2225692582499271179_13869174215&min_timestamp=None&rank_token=49050629623_eb3edf54-eea1-4872-990e-077b874de559&ranked_content=true returned response: <Response [200]>
2021-08-11 13:52:08,159 - instabot version: 0.117.0 (api) - DEBUG - GET to endpoint: feed/user/13869174215/?max_id=2223662248396016060_13869174215&min_timestamp=None&rank_token=49050629623_eb3edf54-eea1-4872-990e-077b874de559&ranked_content=true returned response: <Response [200]>
2021-08-11 13:52:08,460 - instabot version: 0.117.0 (api) - DEBUG - GET to endpoint: feed/user/13869174215/?max_id=2221952661829713857_13869174215&min_timestamp=None&rank_token=49050629623_eb3edf54-eea1-4872-990e-077b874de559&ranked_content=true returned response: <Response [200]>
2021-08-11 13:52:08,795 - instabot version: 0.117.0 (api) - DEBUG - GET to endpoint: feed/user/13869174215/?max_id=2220317659450815027_13869174215&min_timestamp=None&rank_token=49050629623_eb3edf54-eea1-4872-990e-077b874de559&ranked_content=true returned response: <Response [200]>
2021-08-11 13:52:09,092 - instabot version: 0.117.0 (api) - DEBUG - GET to endpoint: feed/user/13869174215/?max_id=2218150240418389695_13869174215&min_timestamp=None&rank_token=49050629623_eb3edf54-eea1-4872-990e-077b874de559&ranked_content=true returned response: <Response [200]>
2021-08-11 13:52:09,350 - instabot version: 0.117.0 (api) - DEBUG - GET to endpoint: feed/user/13869174215/?max_id=2215941782218586226_13869174215&min_timestamp=None&rank_token=49050629623_eb3edf54-eea1-4872-990e-077b874de559&ranked_content=true returned response: <Response [200]>
2021-08-11 13:52:09,636 - instabot version: 0.117.0 (api) - DEBUG - GET to endpoint: feed/user/13869174215/?max_id=2213904829235079207_13869174215&min_timestamp=None&rank_token=49050629623_eb3edf54-eea1-4872-990e-077b874de559&ranked_content=true returned response: <Response [200]>
2021-08-11 13:52:09,923 - instabot version: 0.117.0 (api) - DEBUG - GET to endpoint: feed/user/13869174215/?max_id=2211904152468235651_13869174215&min_timestamp=None&rank_token=49050629623_eb3edf54-eea1-4872-990e-077b874de559&ranked_content=true returned response: <Response [200]>
2021-08-11 13:52:10,185 - instabot version: 0.117.0 (api) - DEBUG - GET to endpoint: feed/user/13869174215/?max_id=2209723750043384702_13869174215&min_timestamp=None&rank_token=49050629623_eb3edf54-eea1-4872-990e-077b874de559&ranked_content=true returned response: <Response [200]>
2021-08-11 13:52:10,473 - instabot version: 0.117.0 (api) - DEBUG - GET to endpoint: feed/user/13869174215/?max_id=2206212210577150626_13869174215&min_timestamp=None&rank_token=49050629623_eb3edf54-eea1-4872-990e-077b874de559&ranked_content=true returned response: <Response [200]>
2021-08-11 13:52:10,725 - instabot version: 0.117.0 (api) - DEBUG - GET to endpoint: feed/user/13869174215/?max_id=2203250648626099001_13869174215&min_timestamp=None&rank_token=49050629623_eb3edf54-eea1-4872-990e-077b874de559&ranked_content=true returned response: <Response [200]>
2021-08-11 13:52:10,975 - instabot version: 0.117.0 (api) - DEBUG - GET to endpoint: feed/user/13869174215/?max_id=2199728853014103197_13869174215&min_timestamp=None&rank_token=49050629623_eb3edf54-eea1-4872-990e-077b874de559&ranked_content=true returned response: <Response [200]>
2021-08-11 13:52:11,496 - instabot version: 0.117.0 (api) - DEBUG - GET to endpoint: feed/user/13869174215/?max_id=2194658487303145830_13869174215&min_timestamp=None&rank_token=49050629623_eb3edf54-eea1-4872-990e-077b874de559&ranked_content=true returned response: <Response [200]>
2021-08-11 13:52:11,879 - instabot version: 0.117.0 (api) - DEBUG - GET to endpoint: feed/user/13869174215/?max_id=2189948305261508331_13869174215&min_timestamp=None&rank_token=49050629623_eb3edf54-eea1-4872-990e-077b874de559&ranked_content=true returned response: <Response [200]>
2021-08-11 13:52:12,157 - instabot version: 0.117.0 (api) - DEBUG - GET to endpoint: feed/user/13869174215/?max_id=2184534852849943496_13869174215&min_timestamp=None&rank_token=49050629623_eb3edf54-eea1-4872-990e-077b874de559&ranked_content=true returned response: <Response [200]>
2021-08-11 13:52:12,442 - instabot version: 0.117.0 (api) - DEBUG - GET to endpoint: feed/user/13869174215/?max_id=2180139194498824761_13869174215&min_timestamp=None&rank_token=49050629623_eb3edf54-eea1-4872-990e-077b874de559&ranked_content=true returned response: <Response [200]>
2021-08-11 13:52:12,659 - instabot version: 0.117.0 (api) - DEBUG - GET to endpoint: users/vocabexpansion/usernameinfo/ returned response: <Response [200]>
2021-08-11 13:52:13,225 - instabot version: 0.117.0 (api) - DEBUG - GET to endpoint: media/2629905778281129813_13869174215/info/ returned response: <Response [200]>
2021-08-11 13:52:13,520 - instabot version: 0.117.0 (api) - DEBUG - POST to endpoint: direct_v2/threads/broadcast/media_share/ returned response: <Response [200]>
2021-08-11 13:52:14,057 - instabot version: 0.117.0 (api) - DEBUG - POST to endpoint: direct_v2/inbox/ returned response: <Response [200]>
2021-08-11 13:52:16,487 - instabot version: 0.117.0 (api) - DEBUG - POST to endpoint: direct_v2/inbox/ returned response: <Response [200]>
2021-08-11 13:52:19,266 - instabot version: 0.117.0 (api) - DEBUG - POST to endpoint: direct_v2/inbox/ returned response: <Response [200]>
2021-08-11 13:52:21,752 - instabot version: 0.117.0 (api) - DEBUG - POST to endpoint: direct_v2/inbox/ returned response: <Response [200]>
2021-08-11 13:52:24,117 - instabot version: 0.117.0 (api) - DEBUG - POST to endpoint: direct_v2/inbox/ returned response: <Response [200]>
2021-08-11 13:52:26,566 - instabot version: 0.117.0 (api) - DEBUG - POST to endpoint: direct_v2/inbox/ returned response: <Response [200]>
2021-08-11 13:52:29,041 - instabot version: 0.117.0 (api) - DEBUG - POST to endpoint: direct_v2/inbox/ returned response: <Response [200]>
2021-08-11 13:52:51,700 - instabot version: 0.117.0 (api) - DEBUG - POST to endpoint: media/configure/? returned response: <Response [200]>
2021-08-11 13:52:51,852 - instabot version: 0.117.0 (api) - DEBUG - POST to endpoint: qe/expose/ returned response: <Response [200]>
2021-08-11 13:52:51,853 - instabot version: 0.117.0 (bot_photo) - INFO - Photo 'D:\Programming\2021\InstaBot\user_posts\cursed.image5/21/2021-07-31_11-01-09_UTC.jpg' is uploaded.
2021-08-11 13:52:53,868 - instabot version: 0.117.0 (bot_checkpoint) - DEBUG - Saving Checkpoint file to: D:\Programming\2021\InstaBot/config/derbgang.checkpoint
2021-08-11 13:52:53,869 - instabot version: 0.117.0 (bot) - INFO - Total messages: 12/60
2021-08-11 13:52:53,869 - instabot version: 0.117.0 (bot) - INFO - Total requests: 2580
