2021-08-10 00:58:33,378 - instabot version: 0.117.0 (bot) - INFO - Instabot version: 0.117.0 Started
2021-08-10 00:58:33,379 - instabot version: 0.117.0 (bot) - DEBUG - Bot imported from C:\Users\skyem\AppData\Local\Programs\Python\Python39\lib\site-packages\instabot\bot\bot.py
2021-08-10 00:58:34,656 - instabot version: 0.117.0 (api_login) - INFO - Not yet logged in starting: PRE-LOGIN FLOW!
2021-08-10 00:58:34,832 - instabot version: 0.117.0 (api) - DEBUG - POST to endpoint: accounts/get_prefill_candidates/ returned response: <Response [200]>
2021-08-10 00:58:35,034 - instabot version: 0.117.0 (api) - DEBUG - POST to endpoint: qe/sync/ returned response: <Response [200]>
2021-08-10 00:58:35,229 - instabot version: 0.117.0 (api) - DEBUG - POST to endpoint: launcher/sync/ returned response: <Response [200]>
2021-08-10 00:58:35,383 - instabot version: 0.117.0 (api) - DEBUG - POST to endpoint: accounts/contact_point_prefill/ returned response: <Response [200]>
2021-08-10 00:58:37,004 - instabot version: 0.117.0 (api) - DEBUG - POST to endpoint: accounts/login/ returned response: <Response [200]>
2021-08-10 00:58:37,004 - instabot version: 0.117.0 (api) - INFO - Logged-in successfully as 'derbgang'!
2021-08-10 00:58:37,004 - instabot version: 0.117.0 (api_login) - INFO - LOGIN FLOW! Just logged-in: True
2021-08-10 00:58:37,177 - instabot version: 0.117.0 (api) - DEBUG - POST to endpoint: qe/sync/ returned response: <Response [200]>
2021-08-10 00:58:37,359 - instabot version: 0.117.0 (api) - DEBUG - POST to endpoint: launcher/sync/ returned response: <Response [200]>
2021-08-10 00:58:37,509 - instabot version: 0.117.0 (api) - DEBUG - GET to endpoint: zr/token/result/?device_id=android-482d8e988b586de3&token_hash=&custom_device_id=android-482d8e988b586de3&fetch_reason=token_expired returned response: <Response [200]>
2021-08-10 00:58:37,650 - instabot version: 0.117.0 (api) - DEBUG - GET to endpoint: multiple_accounts/get_account_family/ returned response: <Response [200]>
2021-08-10 00:58:37,823 - instabot version: 0.117.0 (api) - DEBUG - POST to endpoint: qe/sync/ returned response: <Response [200]>
2021-08-10 00:58:38,292 - instabot version: 0.117.0 (api) - DEBUG - GET to endpoint: igtv/browse_feed/?prefetch=1 returned response: <Response [200]>
2021-08-10 00:58:38,536 - instabot version: 0.117.0 (api) - DEBUG - POST to endpoint: creatives/ar_class/ returned response: <Response [200]>
2021-08-10 00:58:39,202 - instabot version: 0.117.0 (api) - DEBUG - POST to endpoint: feed/reels_tray/ returned response: <Response [200]>
2021-08-10 00:58:40,542 - instabot version: 0.117.0 (api) - DEBUG - POST to endpoint: feed/timeline/ returned response: <Response [200]>
2021-08-10 00:58:40,713 - instabot version: 0.117.0 (api) - DEBUG - GET to endpoint: media/blocked/ returned response: <Response [200]>
2021-08-10 00:58:41,197 - instabot version: 0.117.0 (api) - DEBUG - GET to endpoint: news/inbox/ returned response: <Response [200]>
2021-08-10 00:58:41,352 - instabot version: 0.117.0 (api) - DEBUG - GET to endpoint: loom/fetch_config/ returned response: <Response [200]>
2021-08-10 00:58:41,596 - instabot version: 0.117.0 (api) - DEBUG - GET to endpoint: scores/bootstrap/users/?surfaces=["autocomplete_user_list","coefficient_besties_list_ranking","coefficient_rank_recipient_user_suggestion","coefficient_ios_section_test_bootstrap_ranking","coefficient_direct_recipients_ranking_variant_2"] returned response: <Response [200]>
2021-08-10 00:58:41,767 - instabot version: 0.117.0 (api) - DEBUG - GET to endpoint: business/eligibility/get_monetization_products_eligibility_data/?product_types=branded_content returned response: <Response [200]>
2021-08-10 00:58:41,937 - instabot version: 0.117.0 (api) - DEBUG - GET to endpoint: business/branded_content/should_require_professional_account/ returned response: <Response [200]>
2021-08-10 00:58:42,076 - instabot version: 0.117.0 (api) - DEBUG - GET to endpoint: linked_accounts/get_linkage_status/ returned response: <Response [200]>
2021-08-10 00:58:42,223 - instabot version: 0.117.0 (api) - DEBUG - GET to endpoint: locations/request_country/ returned response: <Response [200]>
2021-08-10 00:58:42,371 - instabot version: 0.117.0 (api) - DEBUG - GET to endpoint: qp/get_cooldowns/?signed_body=signed_body=4b9c516a5410a3bc128e09c6104a7f042146b9c2023870560c63a43a7f66781c.4&ig_sig_key_version=4&ig_sig_key_version=4 returned response: <Response [200]>
2021-08-10 00:58:42,536 - instabot version: 0.117.0 (api) - DEBUG - GET to endpoint: users/arlink_download_info/?version_override=2.2.1 returned response: <Response [200]>
2021-08-10 00:58:42,807 - instabot version: 0.117.0 (api) - DEBUG - GET to endpoint: users/49050629623/info/ returned response: <Response [200]>
2021-08-10 00:58:43,238 - instabot version: 0.117.0 (api) - DEBUG - GET to endpoint: direct_v2/get_presence/ returned response: <Response [200]>
2021-08-10 00:58:43,889 - instabot version: 0.117.0 (api) - DEBUG - GET to endpoint: direct_v2/inbox/?visual_message_return_type=unseen&thread_message_limit=10&persistentBadging=true&limit=20 returned response: <Response [200]>
2021-08-10 00:58:44,069 - instabot version: 0.117.0 (api) - DEBUG - GET to endpoint: direct_v2/inbox/?visual_message_return_type=unseen&persistentBadging=true&limit=0 returned response: <Response [200]>
2021-08-10 00:58:44,313 - instabot version: 0.117.0 (api) - DEBUG - GET to endpoint: discover/topical_explore/?is_prefetch=true&omit_cover_media=true&use_sectional_payload=true&timezone_offset=0&session_id=64b2e5df-96d6-4251-ac17-3cee41e8b28e&include_fixed_destinations=true returned response: <Response [200]>
2021-08-10 00:58:44,456 - instabot version: 0.117.0 (api) - DEBUG - POST to endpoint: notifications/badge/ returned response: <Response [200]>
2021-08-10 00:58:44,901 - instabot version: 0.117.0 (api) - DEBUG - POST to endpoint: qp/batch_fetch/ returned response: <Response [200]>
2021-08-10 00:58:44,902 - instabot version: 0.117.0 (bot_checkpoint) - DEBUG - Loading Checkpoint file from: D:\Programming\2021\InstaBot/config/derbgang.checkpoint
2021-08-10 00:59:03,716 - instabot version: 0.117.0 (api) - DEBUG - GET to endpoint: users/cursed.image5/usernameinfo/ returned response: <Response [200]>
2021-08-10 00:59:04,236 - instabot version: 0.117.0 (api) - DEBUG - GET to endpoint: feed/user/13869174215/?max_id=&min_timestamp=None&rank_token=49050629623_b0dfc1ac-04a8-4d50-9453-c893a0e0856a&ranked_content=true returned response: <Response [200]>
2021-08-10 00:59:04,492 - instabot version: 0.117.0 (api) - DEBUG - GET to endpoint: feed/user/13869174215/?max_id=2627731595606747680_13869174215&min_timestamp=None&rank_token=49050629623_b0dfc1ac-04a8-4d50-9453-c893a0e0856a&ranked_content=true returned response: <Response [200]>
2021-08-10 00:59:04,760 - instabot version: 0.117.0 (api) - DEBUG - GET to endpoint: feed/user/13869174215/?max_id=2620015488381609058_13869174215&min_timestamp=None&rank_token=49050629623_b0dfc1ac-04a8-4d50-9453-c893a0e0856a&ranked_content=true returned response: <Response [200]>
2021-08-10 00:59:05,038 - instabot version: 0.117.0 (api) - DEBUG - GET to endpoint: feed/user/13869174215/?max_id=2616436913512164821_13869174215&min_timestamp=None&rank_token=49050629623_b0dfc1ac-04a8-4d50-9453-c893a0e0856a&ranked_content=true returned response: <Response [200]>
2021-08-10 00:59:05,285 - instabot version: 0.117.0 (api) - DEBUG - GET to endpoint: feed/user/13869174215/?max_id=2612415388188041563_13869174215&min_timestamp=None&rank_token=49050629623_b0dfc1ac-04a8-4d50-9453-c893a0e0856a&ranked_content=true returned response: <Response [200]>
2021-08-10 00:59:05,531 - instabot version: 0.117.0 (api) - DEBUG - GET to endpoint: feed/user/13869174215/?max_id=2608796647613037895_13869174215&min_timestamp=None&rank_token=49050629623_b0dfc1ac-04a8-4d50-9453-c893a0e0856a&ranked_content=true returned response: <Response [200]>
2021-08-10 00:59:05,818 - instabot version: 0.117.0 (api) - DEBUG - GET to endpoint: feed/user/13869174215/?max_id=2604795172092355392_13869174215&min_timestamp=None&rank_token=49050629623_b0dfc1ac-04a8-4d50-9453-c893a0e0856a&ranked_content=true returned response: <Response [200]>
2021-08-10 00:59:06,077 - instabot version: 0.117.0 (api) - DEBUG - GET to endpoint: feed/user/13869174215/?max_id=2601214118996329385_13869174215&min_timestamp=None&rank_token=49050629623_b0dfc1ac-04a8-4d50-9453-c893a0e0856a&ranked_content=true returned response: <Response [200]>
2021-08-10 00:59:06,322 - instabot version: 0.117.0 (api) - DEBUG - GET to endpoint: feed/user/13869174215/?max_id=2597182532864099283_13869174215&min_timestamp=None&rank_token=49050629623_b0dfc1ac-04a8-4d50-9453-c893a0e0856a&ranked_content=true returned response: <Response [200]>
2021-08-10 00:59:06,622 - instabot version: 0.117.0 (api) - DEBUG - GET to endpoint: feed/user/13869174215/?max_id=2593244070080045174_13869174215&min_timestamp=None&rank_token=49050629623_b0dfc1ac-04a8-4d50-9453-c893a0e0856a&ranked_content=true returned response: <Response [200]>
2021-08-10 00:59:06,903 - instabot version: 0.117.0 (api) - DEBUG - GET to endpoint: feed/user/13869174215/?max_id=2589227616951951425_13869174215&min_timestamp=None&rank_token=49050629623_b0dfc1ac-04a8-4d50-9453-c893a0e0856a&ranked_content=true returned response: <Response [200]>
2021-08-10 00:59:07,203 - instabot version: 0.117.0 (api) - DEBUG - GET to endpoint: feed/user/13869174215/?max_id=2585258947985213387_13869174215&min_timestamp=None&rank_token=49050629623_b0dfc1ac-04a8-4d50-9453-c893a0e0856a&ranked_content=true returned response: <Response [200]>
2021-08-10 00:59:07,478 - instabot version: 0.117.0 (api) - DEBUG - GET to endpoint: feed/user/13869174215/?max_id=2581637575332734746_13869174215&min_timestamp=None&rank_token=49050629623_b0dfc1ac-04a8-4d50-9453-c893a0e0856a&ranked_content=true returned response: <Response [200]>
2021-08-10 00:59:07,762 - instabot version: 0.117.0 (api) - DEBUG - GET to endpoint: feed/user/13869174215/?max_id=2577628668209818581_13869174215&min_timestamp=None&rank_token=49050629623_b0dfc1ac-04a8-4d50-9453-c893a0e0856a&ranked_content=true returned response: <Response [200]>
2021-08-10 00:59:08,016 - instabot version: 0.117.0 (api) - DEBUG - GET to endpoint: feed/user/13869174215/?max_id=2573660118119257191_13869174215&min_timestamp=None&rank_token=49050629623_b0dfc1ac-04a8-4d50-9453-c893a0e0856a&ranked_content=true returned response: <Response [200]>
2021-08-10 00:59:08,317 - instabot version: 0.117.0 (api) - DEBUG - GET to endpoint: feed/user/13869174215/?max_id=2569648595581358534_13869174215&min_timestamp=None&rank_token=49050629623_b0dfc1ac-04a8-4d50-9453-c893a0e0856a&ranked_content=true returned response: <Response [200]>
2021-08-10 00:59:08,567 - instabot version: 0.117.0 (api) - DEBUG - GET to endpoint: feed/user/13869174215/?max_id=2565684973678156159_13869174215&min_timestamp=None&rank_token=49050629623_b0dfc1ac-04a8-4d50-9453-c893a0e0856a&ranked_content=true returned response: <Response [200]>
2021-08-10 00:59:08,819 - instabot version: 0.117.0 (api) - DEBUG - GET to endpoint: feed/user/13869174215/?max_id=2561676120609053628_13869174215&min_timestamp=None&rank_token=49050629623_b0dfc1ac-04a8-4d50-9453-c893a0e0856a&ranked_content=true returned response: <Response [200]>
2021-08-10 00:59:09,091 - instabot version: 0.117.0 (api) - DEBUG - GET to endpoint: feed/user/13869174215/?max_id=2557730168412519658_13869174215&min_timestamp=None&rank_token=49050629623_b0dfc1ac-04a8-4d50-9453-c893a0e0856a&ranked_content=true returned response: <Response [200]>
2021-08-10 00:59:09,370 - instabot version: 0.117.0 (api) - DEBUG - GET to endpoint: feed/user/13869174215/?max_id=2553718618751776410_13869174215&min_timestamp=None&rank_token=49050629623_b0dfc1ac-04a8-4d50-9453-c893a0e0856a&ranked_content=true returned response: <Response [200]>
2021-08-10 00:59:09,665 - instabot version: 0.117.0 (api) - DEBUG - GET to endpoint: feed/user/13869174215/?max_id=2549729833695157544_13869174215&min_timestamp=None&rank_token=49050629623_b0dfc1ac-04a8-4d50-9453-c893a0e0856a&ranked_content=true returned response: <Response [200]>
2021-08-10 00:59:09,976 - instabot version: 0.117.0 (api) - DEBUG - GET to endpoint: feed/user/13869174215/?max_id=2546438152498949331_13869174215&min_timestamp=None&rank_token=49050629623_b0dfc1ac-04a8-4d50-9453-c893a0e0856a&ranked_content=true returned response: <Response [200]>
2021-08-10 00:59:10,285 - instabot version: 0.117.0 (api) - DEBUG - GET to endpoint: feed/user/13869174215/?max_id=2543221588289855602_13869174215&min_timestamp=None&rank_token=49050629623_b0dfc1ac-04a8-4d50-9453-c893a0e0856a&ranked_content=true returned response: <Response [200]>
2021-08-10 00:59:10,716 - instabot version: 0.117.0 (api) - DEBUG - GET to endpoint: feed/user/13869174215/?max_id=2539205504467617817_13869174215&min_timestamp=None&rank_token=49050629623_b0dfc1ac-04a8-4d50-9453-c893a0e0856a&ranked_content=true returned response: <Response [200]>
2021-08-10 00:59:11,022 - instabot version: 0.117.0 (api) - DEBUG - GET to endpoint: feed/user/13869174215/?max_id=2535616855456958754_13869174215&min_timestamp=None&rank_token=49050629623_b0dfc1ac-04a8-4d50-9453-c893a0e0856a&ranked_content=true returned response: <Response [200]>
2021-08-10 00:59:11,314 - instabot version: 0.117.0 (api) - DEBUG - GET to endpoint: feed/user/13869174215/?max_id=2531665839117921613_13869174215&min_timestamp=None&rank_token=49050629623_b0dfc1ac-04a8-4d50-9453-c893a0e0856a&ranked_content=true returned response: <Response [200]>
2021-08-10 00:59:11,650 - instabot version: 0.117.0 (api) - DEBUG - GET to endpoint: feed/user/13869174215/?max_id=2528029453154875516_13869174215&min_timestamp=None&rank_token=49050629623_b0dfc1ac-04a8-4d50-9453-c893a0e0856a&ranked_content=true returned response: <Response [200]>
2021-08-10 00:59:12,009 - instabot version: 0.117.0 (api) - DEBUG - GET to endpoint: feed/user/13869174215/?max_id=2524015415626065465_13869174215&min_timestamp=None&rank_token=49050629623_b0dfc1ac-04a8-4d50-9453-c893a0e0856a&ranked_content=true returned response: <Response [200]>
2021-08-10 00:59:12,270 - instabot version: 0.117.0 (api) - DEBUG - GET to endpoint: feed/user/13869174215/?max_id=2520781751610248399_13869174215&min_timestamp=None&rank_token=49050629623_b0dfc1ac-04a8-4d50-9453-c893a0e0856a&ranked_content=true returned response: <Response [200]>
2021-08-10 00:59:12,540 - instabot version: 0.117.0 (api) - DEBUG - GET to endpoint: feed/user/13869174215/?max_id=2516780324625626449_13869174215&min_timestamp=None&rank_token=49050629623_b0dfc1ac-04a8-4d50-9453-c893a0e0856a&ranked_content=true returned response: <Response [200]>
2021-08-10 00:59:12,820 - instabot version: 0.117.0 (api) - DEBUG - GET to endpoint: feed/user/13869174215/?max_id=2513866065977693359_13869174215&min_timestamp=None&rank_token=49050629623_b0dfc1ac-04a8-4d50-9453-c893a0e0856a&ranked_content=true returned response: <Response [200]>
2021-08-10 00:59:13,084 - instabot version: 0.117.0 (api) - DEBUG - GET to endpoint: feed/user/13869174215/?max_id=2510247220218149424_13869174215&min_timestamp=None&rank_token=49050629623_b0dfc1ac-04a8-4d50-9453-c893a0e0856a&ranked_content=true returned response: <Response [200]>
2021-08-10 00:59:13,342 - instabot version: 0.117.0 (api) - DEBUG - GET to endpoint: feed/user/13869174215/?max_id=2506301272946946485_13869174215&min_timestamp=None&rank_token=49050629623_b0dfc1ac-04a8-4d50-9453-c893a0e0856a&ranked_content=true returned response: <Response [200]>
2021-08-10 00:59:13,628 - instabot version: 0.117.0 (api) - DEBUG - GET to endpoint: feed/user/13869174215/?max_id=2503343441721159427_13869174215&min_timestamp=None&rank_token=49050629623_b0dfc1ac-04a8-4d50-9453-c893a0e0856a&ranked_content=true returned response: <Response [200]>
2021-08-10 00:59:13,967 - instabot version: 0.117.0 (api) - DEBUG - GET to endpoint: feed/user/13869174215/?max_id=2500487979237927734_13869174215&min_timestamp=None&rank_token=49050629623_b0dfc1ac-04a8-4d50-9453-c893a0e0856a&ranked_content=true returned response: <Response [200]>
2021-08-10 00:59:14,294 - instabot version: 0.117.0 (api) - DEBUG - GET to endpoint: feed/user/13869174215/?max_id=2498191784678850381_13869174215&min_timestamp=None&rank_token=49050629623_b0dfc1ac-04a8-4d50-9453-c893a0e0856a&ranked_content=true returned response: <Response [200]>
2021-08-10 00:59:14,566 - instabot version: 0.117.0 (api) - DEBUG - GET to endpoint: feed/user/13869174215/?max_id=2495159097970006057_13869174215&min_timestamp=None&rank_token=49050629623_b0dfc1ac-04a8-4d50-9453-c893a0e0856a&ranked_content=true returned response: <Response [200]>
2021-08-10 00:59:14,870 - instabot version: 0.117.0 (api) - DEBUG - GET to endpoint: feed/user/13869174215/?max_id=2492287936005346842_13869174215&min_timestamp=None&rank_token=49050629623_b0dfc1ac-04a8-4d50-9453-c893a0e0856a&ranked_content=true returned response: <Response [200]>
2021-08-10 00:59:15,118 - instabot version: 0.117.0 (api) - DEBUG - GET to endpoint: feed/user/13869174215/?max_id=2489379386836694351_13869174215&min_timestamp=None&rank_token=49050629623_b0dfc1ac-04a8-4d50-9453-c893a0e0856a&ranked_content=true returned response: <Response [200]>
2021-08-10 00:59:15,357 - instabot version: 0.117.0 (api) - DEBUG - GET to endpoint: feed/user/13869174215/?max_id=2485604885354158165_13869174215&min_timestamp=None&rank_token=49050629623_b0dfc1ac-04a8-4d50-9453-c893a0e0856a&ranked_content=true returned response: <Response [200]>
2021-08-10 00:59:15,650 - instabot version: 0.117.0 (api) - DEBUG - GET to endpoint: feed/user/13869174215/?max_id=2481658809552785190_13869174215&min_timestamp=None&rank_token=49050629623_b0dfc1ac-04a8-4d50-9453-c893a0e0856a&ranked_content=true returned response: <Response [200]>
2021-08-10 00:59:15,905 - instabot version: 0.117.0 (api) - DEBUG - GET to endpoint: feed/user/13869174215/?max_id=2477637392916375526_13869174215&min_timestamp=None&rank_token=49050629623_b0dfc1ac-04a8-4d50-9453-c893a0e0856a&ranked_content=true returned response: <Response [200]>
2021-08-10 00:59:16,162 - instabot version: 0.117.0 (api) - DEBUG - GET to endpoint: feed/user/13869174215/?max_id=2473998403021973285_13869174215&min_timestamp=None&rank_token=49050629623_b0dfc1ac-04a8-4d50-9453-c893a0e0856a&ranked_content=true returned response: <Response [200]>
2021-08-10 00:59:16,458 - instabot version: 0.117.0 (api) - DEBUG - GET to endpoint: feed/user/13869174215/?max_id=2470384560697944046_13869174215&min_timestamp=None&rank_token=49050629623_b0dfc1ac-04a8-4d50-9453-c893a0e0856a&ranked_content=true returned response: <Response [200]>
2021-08-10 00:59:16,707 - instabot version: 0.117.0 (api) - DEBUG - GET to endpoint: feed/user/13869174215/?max_id=2466461316447974388_13869174215&min_timestamp=None&rank_token=49050629623_b0dfc1ac-04a8-4d50-9453-c893a0e0856a&ranked_content=true returned response: <Response [200]>
2021-08-10 00:59:17,009 - instabot version: 0.117.0 (api) - DEBUG - GET to endpoint: feed/user/13869174215/?max_id=2462444695553551389_13869174215&min_timestamp=None&rank_token=49050629623_b0dfc1ac-04a8-4d50-9453-c893a0e0856a&ranked_content=true returned response: <Response [200]>
2021-08-10 00:59:17,264 - instabot version: 0.117.0 (api) - DEBUG - GET to endpoint: feed/user/13869174215/?max_id=2458481184902369844_13869174215&min_timestamp=None&rank_token=49050629623_b0dfc1ac-04a8-4d50-9453-c893a0e0856a&ranked_content=true returned response: <Response [200]>
2021-08-10 00:59:17,518 - instabot version: 0.117.0 (api) - DEBUG - GET to endpoint: feed/user/13869174215/?max_id=2454447083499958172_13869174215&min_timestamp=None&rank_token=49050629623_b0dfc1ac-04a8-4d50-9453-c893a0e0856a&ranked_content=true returned response: <Response [200]>
2021-08-10 00:59:17,775 - instabot version: 0.117.0 (api) - DEBUG - GET to endpoint: feed/user/13869174215/?max_id=2450513641242678994_13869174215&min_timestamp=None&rank_token=49050629623_b0dfc1ac-04a8-4d50-9453-c893a0e0856a&ranked_content=true returned response: <Response [200]>
2021-08-10 00:59:18,100 - instabot version: 0.117.0 (api) - DEBUG - GET to endpoint: feed/user/13869174215/?max_id=2446436818937342283_13869174215&min_timestamp=None&rank_token=49050629623_b0dfc1ac-04a8-4d50-9453-c893a0e0856a&ranked_content=true returned response: <Response [200]>
2021-08-10 00:59:18,409 - instabot version: 0.117.0 (api) - DEBUG - GET to endpoint: feed/user/13869174215/?max_id=2442762723070537056_13869174215&min_timestamp=None&rank_token=49050629623_b0dfc1ac-04a8-4d50-9453-c893a0e0856a&ranked_content=true returned response: <Response [200]>
2021-08-10 00:59:18,665 - instabot version: 0.117.0 (api) - DEBUG - GET to endpoint: feed/user/13869174215/?max_id=2438517033692923929_13869174215&min_timestamp=None&rank_token=49050629623_b0dfc1ac-04a8-4d50-9453-c893a0e0856a&ranked_content=true returned response: <Response [200]>
2021-08-10 00:59:18,923 - instabot version: 0.117.0 (api) - DEBUG - GET to endpoint: feed/user/13869174215/?max_id=2434920832857859185_13869174215&min_timestamp=None&rank_token=49050629623_b0dfc1ac-04a8-4d50-9453-c893a0e0856a&ranked_content=true returned response: <Response [200]>
2021-08-10 00:59:19,222 - instabot version: 0.117.0 (api) - DEBUG - GET to endpoint: feed/user/13869174215/?max_id=2431261865070884804_13869174215&min_timestamp=None&rank_token=49050629623_b0dfc1ac-04a8-4d50-9453-c893a0e0856a&ranked_content=true returned response: <Response [200]>
2021-08-10 00:59:19,548 - instabot version: 0.117.0 (api) - DEBUG - GET to endpoint: feed/user/13869174215/?max_id=2427280537099055722_13869174215&min_timestamp=None&rank_token=49050629623_b0dfc1ac-04a8-4d50-9453-c893a0e0856a&ranked_content=true returned response: <Response [200]>
2021-08-10 00:59:19,933 - instabot version: 0.117.0 (api) - DEBUG - GET to endpoint: feed/user/13869174215/?max_id=2424005391845586081_13869174215&min_timestamp=None&rank_token=49050629623_b0dfc1ac-04a8-4d50-9453-c893a0e0856a&ranked_content=true returned response: <Response [200]>
2021-08-10 00:59:20,224 - instabot version: 0.117.0 (api) - DEBUG - GET to endpoint: feed/user/13869174215/?max_id=2420767666307556158_13869174215&min_timestamp=None&rank_token=49050629623_b0dfc1ac-04a8-4d50-9453-c893a0e0856a&ranked_content=true returned response: <Response [200]>
2021-08-10 00:59:20,487 - instabot version: 0.117.0 (api) - DEBUG - GET to endpoint: feed/user/13869174215/?max_id=2417557224753032127_13869174215&min_timestamp=None&rank_token=49050629623_b0dfc1ac-04a8-4d50-9453-c893a0e0856a&ranked_content=true returned response: <Response [200]>
2021-08-10 00:59:20,761 - instabot version: 0.117.0 (api) - DEBUG - GET to endpoint: feed/user/13869174215/?max_id=2413524897803202468_13869174215&min_timestamp=None&rank_token=49050629623_b0dfc1ac-04a8-4d50-9453-c893a0e0856a&ranked_content=true returned response: <Response [200]>
2021-08-10 00:59:21,038 - instabot version: 0.117.0 (api) - DEBUG - GET to endpoint: feed/user/13869174215/?max_id=2409906390624474488_13869174215&min_timestamp=None&rank_token=49050629623_b0dfc1ac-04a8-4d50-9453-c893a0e0856a&ranked_content=true returned response: <Response [200]>
2021-08-10 00:59:21,355 - instabot version: 0.117.0 (api) - DEBUG - GET to endpoint: feed/user/13869174215/?max_id=2405847057270144376_13869174215&min_timestamp=None&rank_token=49050629623_b0dfc1ac-04a8-4d50-9453-c893a0e0856a&ranked_content=true returned response: <Response [200]>
2021-08-10 00:59:21,639 - instabot version: 0.117.0 (api) - DEBUG - GET to endpoint: feed/user/13869174215/?max_id=2401505681258824564_13869174215&min_timestamp=None&rank_token=49050629623_b0dfc1ac-04a8-4d50-9453-c893a0e0856a&ranked_content=true returned response: <Response [200]>
2021-08-10 00:59:21,943 - instabot version: 0.117.0 (api) - DEBUG - GET to endpoint: feed/user/13869174215/?max_id=2397861648174948548_13869174215&min_timestamp=None&rank_token=49050629623_b0dfc1ac-04a8-4d50-9453-c893a0e0856a&ranked_content=true returned response: <Response [200]>
2021-08-10 00:59:22,275 - instabot version: 0.117.0 (api) - DEBUG - GET to endpoint: feed/user/13869174215/?max_id=2394253763768774295_13869174215&min_timestamp=None&rank_token=49050629623_b0dfc1ac-04a8-4d50-9453-c893a0e0856a&ranked_content=true returned response: <Response [200]>
2021-08-10 00:59:22,545 - instabot version: 0.117.0 (api) - DEBUG - GET to endpoint: feed/user/13869174215/?max_id=2389568840218721122_13869174215&min_timestamp=None&rank_token=49050629623_b0dfc1ac-04a8-4d50-9453-c893a0e0856a&ranked_content=true returned response: <Response [200]>
2021-08-10 00:59:22,785 - instabot version: 0.117.0 (api) - DEBUG - GET to endpoint: feed/user/13869174215/?max_id=2385241224074730879_13869174215&min_timestamp=None&rank_token=49050629623_b0dfc1ac-04a8-4d50-9453-c893a0e0856a&ranked_content=true returned response: <Response [200]>
2021-08-10 00:59:23,041 - instabot version: 0.117.0 (api) - DEBUG - GET to endpoint: feed/user/13869174215/?max_id=2380896500597416876_13869174215&min_timestamp=None&rank_token=49050629623_b0dfc1ac-04a8-4d50-9453-c893a0e0856a&ranked_content=true returned response: <Response [200]>
2021-08-10 00:59:23,296 - instabot version: 0.117.0 (api) - DEBUG - GET to endpoint: feed/user/13869174215/?max_id=2376610224578887712_13869174215&min_timestamp=None&rank_token=49050629623_b0dfc1ac-04a8-4d50-9453-c893a0e0856a&ranked_content=true returned response: <Response [200]>
2021-08-10 00:59:23,607 - instabot version: 0.117.0 (api) - DEBUG - GET to endpoint: feed/user/13869174215/?max_id=2372194847807708285_13869174215&min_timestamp=None&rank_token=49050629623_b0dfc1ac-04a8-4d50-9453-c893a0e0856a&ranked_content=true returned response: <Response [200]>
2021-08-10 00:59:23,960 - instabot version: 0.117.0 (api) - DEBUG - GET to endpoint: feed/user/13869174215/?max_id=2368203814308597466_13869174215&min_timestamp=None&rank_token=49050629623_b0dfc1ac-04a8-4d50-9453-c893a0e0856a&ranked_content=true returned response: <Response [200]>
2021-08-10 00:59:24,275 - instabot version: 0.117.0 (api) - DEBUG - GET to endpoint: feed/user/13869174215/?max_id=2364221685417402943_13869174215&min_timestamp=None&rank_token=49050629623_b0dfc1ac-04a8-4d50-9453-c893a0e0856a&ranked_content=true returned response: <Response [200]>
2021-08-10 00:59:24,571 - instabot version: 0.117.0 (api) - DEBUG - GET to endpoint: feed/user/13869174215/?max_id=2360227530920065512_13869174215&min_timestamp=None&rank_token=49050629623_b0dfc1ac-04a8-4d50-9453-c893a0e0856a&ranked_content=true returned response: <Response [200]>
2021-08-10 00:59:24,869 - instabot version: 0.117.0 (api) - DEBUG - GET to endpoint: feed/user/13869174215/?max_id=2356258094605220585_13869174215&min_timestamp=None&rank_token=49050629623_b0dfc1ac-04a8-4d50-9453-c893a0e0856a&ranked_content=true returned response: <Response [200]>
2021-08-10 00:59:25,142 - instabot version: 0.117.0 (api) - DEBUG - GET to endpoint: feed/user/13869174215/?max_id=2352239842162056726_13869174215&min_timestamp=None&rank_token=49050629623_b0dfc1ac-04a8-4d50-9453-c893a0e0856a&ranked_content=true returned response: <Response [200]>
2021-08-10 00:59:25,413 - instabot version: 0.117.0 (api) - DEBUG - GET to endpoint: feed/user/13869174215/?max_id=2347932369305272038_13869174215&min_timestamp=None&rank_token=49050629623_b0dfc1ac-04a8-4d50-9453-c893a0e0856a&ranked_content=true returned response: <Response [200]>
2021-08-10 00:59:25,733 - instabot version: 0.117.0 (api) - DEBUG - GET to endpoint: feed/user/13869174215/?max_id=2343914126366376146_13869174215&min_timestamp=None&rank_token=49050629623_b0dfc1ac-04a8-4d50-9453-c893a0e0856a&ranked_content=true returned response: <Response [200]>
2021-08-10 00:59:26,043 - instabot version: 0.117.0 (api) - DEBUG - GET to endpoint: feed/user/13869174215/?max_id=2339924012896143170_13869174215&min_timestamp=None&rank_token=49050629623_b0dfc1ac-04a8-4d50-9453-c893a0e0856a&ranked_content=true returned response: <Response [200]>
2021-08-10 00:59:26,566 - instabot version: 0.117.0 (api) - DEBUG - GET to endpoint: feed/user/13869174215/?max_id=2335958209729438476_13869174215&min_timestamp=None&rank_token=49050629623_b0dfc1ac-04a8-4d50-9453-c893a0e0856a&ranked_content=true returned response: <Response [200]>
2021-08-10 00:59:26,959 - instabot version: 0.117.0 (api) - DEBUG - GET to endpoint: feed/user/13869174215/?max_id=2331607868460461757_13869174215&min_timestamp=None&rank_token=49050629623_b0dfc1ac-04a8-4d50-9453-c893a0e0856a&ranked_content=true returned response: <Response [200]>
2021-08-10 00:59:27,246 - instabot version: 0.117.0 (api) - DEBUG - GET to endpoint: feed/user/13869174215/?max_id=2328379235595971805_13869174215&min_timestamp=None&rank_token=49050629623_b0dfc1ac-04a8-4d50-9453-c893a0e0856a&ranked_content=true returned response: <Response [200]>
2021-08-10 00:59:27,504 - instabot version: 0.117.0 (api) - DEBUG - GET to endpoint: feed/user/13869174215/?max_id=2324730966164587660_13869174215&min_timestamp=None&rank_token=49050629623_b0dfc1ac-04a8-4d50-9453-c893a0e0856a&ranked_content=true returned response: <Response [200]>
2021-08-10 00:59:27,786 - instabot version: 0.117.0 (api) - DEBUG - GET to endpoint: feed/user/13869174215/?max_id=2321476199749453672_13869174215&min_timestamp=None&rank_token=49050629623_b0dfc1ac-04a8-4d50-9453-c893a0e0856a&ranked_content=true returned response: <Response [200]>
2021-08-10 00:59:28,103 - instabot version: 0.117.0 (api) - DEBUG - GET to endpoint: feed/user/13869174215/?max_id=2319285556990117401_13869174215&min_timestamp=None&rank_token=49050629623_b0dfc1ac-04a8-4d50-9453-c893a0e0856a&ranked_content=true returned response: <Response [200]>
2021-08-10 00:59:28,379 - instabot version: 0.117.0 (api) - DEBUG - GET to endpoint: feed/user/13869174215/?max_id=2316386269113203931_13869174215&min_timestamp=None&rank_token=49050629623_b0dfc1ac-04a8-4d50-9453-c893a0e0856a&ranked_content=true returned response: <Response [200]>
2021-08-10 00:59:28,714 - instabot version: 0.117.0 (api) - DEBUG - GET to endpoint: feed/user/13869174215/?max_id=2314193600110706263_13869174215&min_timestamp=None&rank_token=49050629623_b0dfc1ac-04a8-4d50-9453-c893a0e0856a&ranked_content=true returned response: <Response [200]>
2021-08-10 00:59:28,970 - instabot version: 0.117.0 (api) - DEBUG - GET to endpoint: feed/user/13869174215/?max_id=2312028881824274846_13869174215&min_timestamp=None&rank_token=49050629623_b0dfc1ac-04a8-4d50-9453-c893a0e0856a&ranked_content=true returned response: <Response [200]>
2021-08-10 00:59:29,256 - instabot version: 0.117.0 (api) - DEBUG - GET to endpoint: feed/user/13869174215/?max_id=2309881106688960121_13869174215&min_timestamp=None&rank_token=49050629623_b0dfc1ac-04a8-4d50-9453-c893a0e0856a&ranked_content=true returned response: <Response [200]>
2021-08-10 00:59:29,526 - instabot version: 0.117.0 (api) - DEBUG - GET to endpoint: feed/user/13869174215/?max_id=2307678900057530000_13869174215&min_timestamp=None&rank_token=49050629623_b0dfc1ac-04a8-4d50-9453-c893a0e0856a&ranked_content=true returned response: <Response [200]>
2021-08-10 00:59:29,945 - instabot version: 0.117.0 (api) - DEBUG - GET to endpoint: feed/user/13869174215/?max_id=2305509300993546291_13869174215&min_timestamp=None&rank_token=49050629623_b0dfc1ac-04a8-4d50-9453-c893a0e0856a&ranked_content=true returned response: <Response [200]>
2021-08-10 00:59:30,338 - instabot version: 0.117.0 (api) - DEBUG - GET to endpoint: feed/user/13869174215/?max_id=2303698722130083595_13869174215&min_timestamp=None&rank_token=49050629623_b0dfc1ac-04a8-4d50-9453-c893a0e0856a&ranked_content=true returned response: <Response [200]>
2021-08-10 00:59:30,743 - instabot version: 0.117.0 (api) - DEBUG - GET to endpoint: feed/user/13869174215/?max_id=2301141406520273147_13869174215&min_timestamp=None&rank_token=49050629623_b0dfc1ac-04a8-4d50-9453-c893a0e0856a&ranked_content=true returned response: <Response [200]>
2021-08-10 00:59:31,127 - instabot version: 0.117.0 (api) - DEBUG - GET to endpoint: feed/user/13869174215/?max_id=2298993503525843005_13869174215&min_timestamp=None&rank_token=49050629623_b0dfc1ac-04a8-4d50-9453-c893a0e0856a&ranked_content=true returned response: <Response [200]>
2021-08-10 00:59:31,405 - instabot version: 0.117.0 (api) - DEBUG - GET to endpoint: feed/user/13869174215/?max_id=2296813637426740298_13869174215&min_timestamp=None&rank_token=49050629623_b0dfc1ac-04a8-4d50-9453-c893a0e0856a&ranked_content=true returned response: <Response [200]>
2021-08-10 00:59:31,689 - instabot version: 0.117.0 (api) - DEBUG - GET to endpoint: feed/user/13869174215/?max_id=2294647399090917642_13869174215&min_timestamp=None&rank_token=49050629623_b0dfc1ac-04a8-4d50-9453-c893a0e0856a&ranked_content=true returned response: <Response [200]>
2021-08-10 00:59:31,975 - instabot version: 0.117.0 (api) - DEBUG - GET to endpoint: feed/user/13869174215/?max_id=2292479275767947776_13869174215&min_timestamp=None&rank_token=49050629623_b0dfc1ac-04a8-4d50-9453-c893a0e0856a&ranked_content=true returned response: <Response [200]>
2021-08-10 00:59:32,243 - instabot version: 0.117.0 (api) - DEBUG - GET to endpoint: feed/user/13869174215/?max_id=2290284605604301049_13869174215&min_timestamp=None&rank_token=49050629623_b0dfc1ac-04a8-4d50-9453-c893a0e0856a&ranked_content=true returned response: <Response [200]>
2021-08-10 00:59:32,585 - instabot version: 0.117.0 (api) - DEBUG - GET to endpoint: feed/user/13869174215/?max_id=2288117468345290666_13869174215&min_timestamp=None&rank_token=49050629623_b0dfc1ac-04a8-4d50-9453-c893a0e0856a&ranked_content=true returned response: <Response [200]>
2021-08-10 00:59:32,912 - instabot version: 0.117.0 (api) - DEBUG - GET to endpoint: feed/user/13869174215/?max_id=2285955834810109798_13869174215&min_timestamp=None&rank_token=49050629623_b0dfc1ac-04a8-4d50-9453-c893a0e0856a&ranked_content=true returned response: <Response [200]>
2021-08-10 00:59:33,153 - instabot version: 0.117.0 (api) - DEBUG - GET to endpoint: feed/user/13869174215/?max_id=2283415223997395841_13869174215&min_timestamp=None&rank_token=49050629623_b0dfc1ac-04a8-4d50-9453-c893a0e0856a&ranked_content=true returned response: <Response [200]>
2021-08-10 00:59:33,436 - instabot version: 0.117.0 (api) - DEBUG - GET to endpoint: feed/user/13869174215/?max_id=2281200995609818532_13869174215&min_timestamp=None&rank_token=49050629623_b0dfc1ac-04a8-4d50-9453-c893a0e0856a&ranked_content=true returned response: <Response [200]>
2021-08-10 00:59:33,794 - instabot version: 0.117.0 (api) - DEBUG - GET to endpoint: feed/user/13869174215/?max_id=2279044064098963779_13869174215&min_timestamp=None&rank_token=49050629623_b0dfc1ac-04a8-4d50-9453-c893a0e0856a&ranked_content=true returned response: <Response [200]>
2021-08-10 00:59:34,090 - instabot version: 0.117.0 (api) - DEBUG - GET to endpoint: feed/user/13869174215/?max_id=2276848883413051982_13869174215&min_timestamp=None&rank_token=49050629623_b0dfc1ac-04a8-4d50-9453-c893a0e0856a&ranked_content=true returned response: <Response [200]>
2021-08-10 00:59:34,338 - instabot version: 0.117.0 (api) - DEBUG - GET to endpoint: feed/user/13869174215/?max_id=2275105717928542365_13869174215&min_timestamp=None&rank_token=49050629623_b0dfc1ac-04a8-4d50-9453-c893a0e0856a&ranked_content=true returned response: <Response [200]>
2021-08-10 00:59:34,689 - instabot version: 0.117.0 (api) - DEBUG - GET to endpoint: feed/user/13869174215/?max_id=2272913518126101069_13869174215&min_timestamp=None&rank_token=49050629623_b0dfc1ac-04a8-4d50-9453-c893a0e0856a&ranked_content=true returned response: <Response [200]>
2021-08-10 00:59:35,089 - instabot version: 0.117.0 (api) - DEBUG - GET to endpoint: feed/user/13869174215/?max_id=2270380244401011081_13869174215&min_timestamp=None&rank_token=49050629623_b0dfc1ac-04a8-4d50-9453-c893a0e0856a&ranked_content=true returned response: <Response [200]>
2021-08-10 00:59:35,388 - instabot version: 0.117.0 (api) - DEBUG - GET to endpoint: feed/user/13869174215/?max_id=2267864754692595415_13869174215&min_timestamp=None&rank_token=49050629623_b0dfc1ac-04a8-4d50-9453-c893a0e0856a&ranked_content=true returned response: <Response [200]>
2021-08-10 00:59:35,787 - instabot version: 0.117.0 (api) - DEBUG - GET to endpoint: feed/user/13869174215/?max_id=2265569927863173338_13869174215&min_timestamp=None&rank_token=49050629623_b0dfc1ac-04a8-4d50-9453-c893a0e0856a&ranked_content=true returned response: <Response [200]>
2021-08-10 00:59:36,256 - instabot version: 0.117.0 (api) - DEBUG - GET to endpoint: feed/user/13869174215/?max_id=2263422735895422787_13869174215&min_timestamp=None&rank_token=49050629623_b0dfc1ac-04a8-4d50-9453-c893a0e0856a&ranked_content=true returned response: <Response [200]>
2021-08-10 00:59:36,700 - instabot version: 0.117.0 (api) - DEBUG - GET to endpoint: feed/user/13869174215/?max_id=2261642293601037769_13869174215&min_timestamp=None&rank_token=49050629623_b0dfc1ac-04a8-4d50-9453-c893a0e0856a&ranked_content=true returned response: <Response [200]>
2021-08-10 00:59:37,014 - instabot version: 0.117.0 (api) - DEBUG - GET to endpoint: feed/user/13869174215/?max_id=2259516959720006649_13869174215&min_timestamp=None&rank_token=49050629623_b0dfc1ac-04a8-4d50-9453-c893a0e0856a&ranked_content=true returned response: <Response [200]>
2021-08-10 00:59:37,324 - instabot version: 0.117.0 (api) - DEBUG - GET to endpoint: feed/user/13869174215/?max_id=2257282122435214448_13869174215&min_timestamp=None&rank_token=49050629623_b0dfc1ac-04a8-4d50-9453-c893a0e0856a&ranked_content=true returned response: <Response [200]>
2021-08-10 00:59:37,590 - instabot version: 0.117.0 (api) - DEBUG - GET to endpoint: feed/user/13869174215/?max_id=2255544951315479537_13869174215&min_timestamp=None&rank_token=49050629623_b0dfc1ac-04a8-4d50-9453-c893a0e0856a&ranked_content=true returned response: <Response [200]>
2021-08-10 00:59:37,998 - instabot version: 0.117.0 (api) - DEBUG - GET to endpoint: feed/user/13869174215/?max_id=2252999937985230814_13869174215&min_timestamp=None&rank_token=49050629623_b0dfc1ac-04a8-4d50-9453-c893a0e0856a&ranked_content=true returned response: <Response [200]>
2021-08-10 00:59:38,348 - instabot version: 0.117.0 (api) - DEBUG - GET to endpoint: feed/user/13869174215/?max_id=2250840962925613198_13869174215&min_timestamp=None&rank_token=49050629623_b0dfc1ac-04a8-4d50-9453-c893a0e0856a&ranked_content=true returned response: <Response [200]>
2021-08-10 00:59:38,624 - instabot version: 0.117.0 (api) - DEBUG - GET to endpoint: feed/user/13869174215/?max_id=2248652537275604318_13869174215&min_timestamp=None&rank_token=49050629623_b0dfc1ac-04a8-4d50-9453-c893a0e0856a&ranked_content=true returned response: <Response [200]>
2021-08-10 00:59:38,921 - instabot version: 0.117.0 (api) - DEBUG - GET to endpoint: feed/user/13869174215/?max_id=2245744852569688800_13869174215&min_timestamp=None&rank_token=49050629623_b0dfc1ac-04a8-4d50-9453-c893a0e0856a&ranked_content=true returned response: <Response [200]>
2021-08-10 00:59:39,351 - instabot version: 0.117.0 (api) - DEBUG - GET to endpoint: feed/user/13869174215/?max_id=2243508331120950980_13869174215&min_timestamp=None&rank_token=49050629623_b0dfc1ac-04a8-4d50-9453-c893a0e0856a&ranked_content=true returned response: <Response [200]>
2021-08-10 00:59:39,896 - instabot version: 0.117.0 (api) - DEBUG - GET to endpoint: feed/user/13869174215/?max_id=2241037100647821231_13869174215&min_timestamp=None&rank_token=49050629623_b0dfc1ac-04a8-4d50-9453-c893a0e0856a&ranked_content=true returned response: <Response [200]>
2021-08-10 00:59:40,186 - instabot version: 0.117.0 (api) - DEBUG - GET to endpoint: feed/user/13869174215/?max_id=2238872139167200337_13869174215&min_timestamp=None&rank_token=49050629623_b0dfc1ac-04a8-4d50-9453-c893a0e0856a&ranked_content=true returned response: <Response [200]>
2021-08-10 00:59:40,437 - instabot version: 0.117.0 (api) - DEBUG - GET to endpoint: feed/user/13869174215/?max_id=2235944676942533284_13869174215&min_timestamp=None&rank_token=49050629623_b0dfc1ac-04a8-4d50-9453-c893a0e0856a&ranked_content=true returned response: <Response [200]>
2021-08-10 00:59:40,751 - instabot version: 0.117.0 (api) - DEBUG - GET to endpoint: feed/user/13869174215/?max_id=2233816588645504128_13869174215&min_timestamp=None&rank_token=49050629623_b0dfc1ac-04a8-4d50-9453-c893a0e0856a&ranked_content=true returned response: <Response [200]>
2021-08-10 00:59:41,118 - instabot version: 0.117.0 (api) - DEBUG - GET to endpoint: feed/user/13869174215/?max_id=2231580339624961569_13869174215&min_timestamp=None&rank_token=49050629623_b0dfc1ac-04a8-4d50-9453-c893a0e0856a&ranked_content=true returned response: <Response [200]>
2021-08-10 00:59:41,493 - instabot version: 0.117.0 (api) - DEBUG - GET to endpoint: feed/user/13869174215/?max_id=2229277999211403835_13869174215&min_timestamp=None&rank_token=49050629623_b0dfc1ac-04a8-4d50-9453-c893a0e0856a&ranked_content=true returned response: <Response [200]>
2021-08-10 00:59:41,771 - instabot version: 0.117.0 (api) - DEBUG - GET to endpoint: feed/user/13869174215/?max_id=2226832641361247307_13869174215&min_timestamp=None&rank_token=49050629623_b0dfc1ac-04a8-4d50-9453-c893a0e0856a&ranked_content=true returned response: <Response [200]>
2021-08-10 00:59:42,198 - instabot version: 0.117.0 (api) - DEBUG - GET to endpoint: feed/user/13869174215/?max_id=2225107040698903571_13869174215&min_timestamp=None&rank_token=49050629623_b0dfc1ac-04a8-4d50-9453-c893a0e0856a&ranked_content=true returned response: <Response [200]>
2021-08-10 00:59:42,626 - instabot version: 0.117.0 (api) - DEBUG - GET to endpoint: feed/user/13869174215/?max_id=2223487028225646761_13869174215&min_timestamp=None&rank_token=49050629623_b0dfc1ac-04a8-4d50-9453-c893a0e0856a&ranked_content=true returned response: <Response [200]>
2021-08-10 00:59:42,930 - instabot version: 0.117.0 (api) - DEBUG - GET to endpoint: feed/user/13869174215/?max_id=2221400329203107780_13869174215&min_timestamp=None&rank_token=49050629623_b0dfc1ac-04a8-4d50-9453-c893a0e0856a&ranked_content=true returned response: <Response [200]>
2021-08-10 00:59:43,287 - instabot version: 0.117.0 (api) - DEBUG - GET to endpoint: feed/user/13869174215/?max_id=2219852942957491541_13869174215&min_timestamp=None&rank_token=49050629623_b0dfc1ac-04a8-4d50-9453-c893a0e0856a&ranked_content=true returned response: <Response [200]>
2021-08-10 00:59:43,685 - instabot version: 0.117.0 (api) - DEBUG - GET to endpoint: feed/user/13869174215/?max_id=2217605560870067102_13869174215&min_timestamp=None&rank_token=49050629623_b0dfc1ac-04a8-4d50-9453-c893a0e0856a&ranked_content=true returned response: <Response [200]>
2021-08-10 00:59:44,005 - instabot version: 0.117.0 (api) - DEBUG - GET to endpoint: feed/user/13869174215/?max_id=2215372736716788647_13869174215&min_timestamp=None&rank_token=49050629623_b0dfc1ac-04a8-4d50-9453-c893a0e0856a&ranked_content=true returned response: <Response [200]>
2021-08-10 00:59:44,357 - instabot version: 0.117.0 (api) - DEBUG - GET to endpoint: feed/user/13869174215/?max_id=2213487086606244743_13869174215&min_timestamp=None&rank_token=49050629623_b0dfc1ac-04a8-4d50-9453-c893a0e0856a&ranked_content=true returned response: <Response [200]>
2021-08-10 00:59:44,689 - instabot version: 0.117.0 (api) - DEBUG - GET to endpoint: feed/user/13869174215/?max_id=2211382866172234344_13869174215&min_timestamp=None&rank_token=49050629623_b0dfc1ac-04a8-4d50-9453-c893a0e0856a&ranked_content=true returned response: <Response [200]>
2021-08-10 00:59:45,011 - instabot version: 0.117.0 (api) - DEBUG - GET to endpoint: feed/user/13869174215/?max_id=2208821813630591191_13869174215&min_timestamp=None&rank_token=49050629623_b0dfc1ac-04a8-4d50-9453-c893a0e0856a&ranked_content=true returned response: <Response [200]>
2021-08-10 00:59:45,372 - instabot version: 0.117.0 (api) - DEBUG - GET to endpoint: feed/user/13869174215/?max_id=2205533247701853222_13869174215&min_timestamp=None&rank_token=49050629623_b0dfc1ac-04a8-4d50-9453-c893a0e0856a&ranked_content=true returned response: <Response [200]>
2021-08-10 00:59:45,758 - instabot version: 0.117.0 (api) - DEBUG - GET to endpoint: feed/user/13869174215/?max_id=2202244510988212128_13869174215&min_timestamp=None&rank_token=49050629623_b0dfc1ac-04a8-4d50-9453-c893a0e0856a&ranked_content=true returned response: <Response [200]>
2021-08-10 00:59:46,066 - instabot version: 0.117.0 (api) - DEBUG - GET to endpoint: feed/user/13869174215/?max_id=2198671066364553986_13869174215&min_timestamp=None&rank_token=49050629623_b0dfc1ac-04a8-4d50-9453-c893a0e0856a&ranked_content=true returned response: <Response [200]>
2021-08-10 00:59:46,396 - instabot version: 0.117.0 (api) - DEBUG - GET to endpoint: feed/user/13869174215/?max_id=2193569676452251516_13869174215&min_timestamp=None&rank_token=49050629623_b0dfc1ac-04a8-4d50-9453-c893a0e0856a&ranked_content=true returned response: <Response [200]>
2021-08-10 00:59:46,758 - instabot version: 0.117.0 (api) - DEBUG - GET to endpoint: feed/user/13869174215/?max_id=2188643408935258485_13869174215&min_timestamp=None&rank_token=49050629623_b0dfc1ac-04a8-4d50-9453-c893a0e0856a&ranked_content=true returned response: <Response [200]>
2021-08-10 00:59:47,095 - instabot version: 0.117.0 (api) - DEBUG - GET to endpoint: feed/user/13869174215/?max_id=2183817753131431701_13869174215&min_timestamp=None&rank_token=49050629623_b0dfc1ac-04a8-4d50-9453-c893a0e0856a&ranked_content=true returned response: <Response [200]>
2021-08-10 00:59:47,368 - instabot version: 0.117.0 (api) - DEBUG - GET to endpoint: users/vocabexpansion/usernameinfo/ returned response: <Response [200]>
2021-08-10 00:59:48,029 - instabot version: 0.117.0 (api) - DEBUG - GET to endpoint: media/2597592993356540075_13869174215/info/ returned response: <Response [200]>
2021-08-10 00:59:48,503 - instabot version: 0.117.0 (api) - DEBUG - POST to endpoint: direct_v2/threads/broadcast/media_share/ returned response: <Response [200]>
2021-08-10 00:59:49,006 - instabot version: 0.117.0 (api) - DEBUG - POST to endpoint: direct_v2/inbox/ returned response: <Response [200]>
2021-08-10 00:59:49,008 - instabot version: 0.117.0 (bot_checkpoint) - DEBUG - Saving Checkpoint file to: D:\Programming\2021\InstaBot/config/derbgang.checkpoint
2021-08-10 00:59:49,008 - instabot version: 0.117.0 (bot) - INFO - Total messages: 7/69
2021-08-10 00:59:49,008 - instabot version: 0.117.0 (bot) - INFO - Total requests: 1152
