2021-08-10 00:55:13,794 - instabot version: 0.117.0 (bot) - INFO - Instabot version: 0.117.0 Started
2021-08-10 00:55:13,795 - instabot version: 0.117.0 (bot) - DEBUG - Bot imported from C:\Users\skyem\AppData\Local\Programs\Python\Python39\lib\site-packages\instabot\bot\bot.py
2021-08-10 00:55:15,101 - instabot version: 0.117.0 (api_login) - INFO - Not yet logged in starting: PRE-LOGIN FLOW!
2021-08-10 00:55:15,313 - instabot version: 0.117.0 (api) - DEBUG - POST to endpoint: accounts/get_prefill_candidates/ returned response: <Response [200]>
2021-08-10 00:55:15,594 - instabot version: 0.117.0 (api) - DEBUG - POST to endpoint: qe/sync/ returned response: <Response [200]>
2021-08-10 00:55:15,788 - instabot version: 0.117.0 (api) - DEBUG - POST to endpoint: launcher/sync/ returned response: <Response [200]>
2021-08-10 00:55:15,960 - instabot version: 0.117.0 (api) - DEBUG - POST to endpoint: accounts/contact_point_prefill/ returned response: <Response [200]>
2021-08-10 00:55:17,713 - instabot version: 0.117.0 (api) - DEBUG - POST to endpoint: accounts/login/ returned response: <Response [200]>
2021-08-10 00:55:17,713 - instabot version: 0.117.0 (api) - INFO - Logged-in successfully as 'derbgang'!
2021-08-10 00:55:17,713 - instabot version: 0.117.0 (api_login) - INFO - LOGIN FLOW! Just logged-in: True
2021-08-10 00:55:17,892 - instabot version: 0.117.0 (api) - DEBUG - POST to endpoint: qe/sync/ returned response: <Response [200]>
2021-08-10 00:55:18,076 - instabot version: 0.117.0 (api) - DEBUG - POST to endpoint: launcher/sync/ returned response: <Response [200]>
2021-08-10 00:55:18,215 - instabot version: 0.117.0 (api) - DEBUG - GET to endpoint: zr/token/result/?device_id=android-482d8e988b586de3&token_hash=&custom_device_id=android-482d8e988b586de3&fetch_reason=token_expired returned response: <Response [200]>
2021-08-10 00:55:18,360 - instabot version: 0.117.0 (api) - DEBUG - GET to endpoint: multiple_accounts/get_account_family/ returned response: <Response [200]>
2021-08-10 00:55:18,549 - instabot version: 0.117.0 (api) - DEBUG - POST to endpoint: qe/sync/ returned response: <Response [200]>
2021-08-10 00:55:18,935 - instabot version: 0.117.0 (api) - DEBUG - GET to endpoint: igtv/browse_feed/?prefetch=1 returned response: <Response [200]>
2021-08-10 00:55:19,086 - instabot version: 0.117.0 (api) - DEBUG - POST to endpoint: creatives/ar_class/ returned response: <Response [200]>
2021-08-10 00:55:19,796 - instabot version: 0.117.0 (api) - DEBUG - POST to endpoint: feed/reels_tray/ returned response: <Response [200]>
2021-08-10 00:55:21,001 - instabot version: 0.117.0 (api) - DEBUG - POST to endpoint: feed/timeline/ returned response: <Response [200]>
2021-08-10 00:55:21,146 - instabot version: 0.117.0 (api) - DEBUG - GET to endpoint: media/blocked/ returned response: <Response [200]>
2021-08-10 00:55:21,654 - instabot version: 0.117.0 (api) - DEBUG - GET to endpoint: news/inbox/ returned response: <Response [200]>
2021-08-10 00:55:21,814 - instabot version: 0.117.0 (api) - DEBUG - GET to endpoint: loom/fetch_config/ returned response: <Response [200]>
2021-08-10 00:55:22,043 - instabot version: 0.117.0 (api) - DEBUG - GET to endpoint: scores/bootstrap/users/?surfaces=["autocomplete_user_list","coefficient_besties_list_ranking","coefficient_rank_recipient_user_suggestion","coefficient_ios_section_test_bootstrap_ranking","coefficient_direct_recipients_ranking_variant_2"] returned response: <Response [200]>
2021-08-10 00:55:22,212 - instabot version: 0.117.0 (api) - DEBUG - GET to endpoint: business/eligibility/get_monetization_products_eligibility_data/?product_types=branded_content returned response: <Response [200]>
2021-08-10 00:55:22,383 - instabot version: 0.117.0 (api) - DEBUG - GET to endpoint: business/branded_content/should_require_professional_account/ returned response: <Response [200]>
2021-08-10 00:55:22,526 - instabot version: 0.117.0 (api) - DEBUG - GET to endpoint: linked_accounts/get_linkage_status/ returned response: <Response [200]>
2021-08-10 00:55:22,678 - instabot version: 0.117.0 (api) - DEBUG - GET to endpoint: locations/request_country/ returned response: <Response [200]>
2021-08-10 00:55:22,814 - instabot version: 0.117.0 (api) - DEBUG - GET to endpoint: qp/get_cooldowns/?signed_body=signed_body=4b9c516a5410a3bc128e09c6104a7f042146b9c2023870560c63a43a7f66781c.4&ig_sig_key_version=4&ig_sig_key_version=4 returned response: <Response [200]>
2021-08-10 00:55:22,968 - instabot version: 0.117.0 (api) - DEBUG - GET to endpoint: users/arlink_download_info/?version_override=2.2.1 returned response: <Response [200]>
2021-08-10 00:55:23,279 - instabot version: 0.117.0 (api) - DEBUG - GET to endpoint: users/49050629623/info/ returned response: <Response [200]>
2021-08-10 00:55:23,695 - instabot version: 0.117.0 (api) - DEBUG - GET to endpoint: direct_v2/get_presence/ returned response: <Response [200]>
2021-08-10 00:55:24,611 - instabot version: 0.117.0 (api) - DEBUG - GET to endpoint: direct_v2/inbox/?visual_message_return_type=unseen&thread_message_limit=10&persistentBadging=true&limit=20 returned response: <Response [200]>
2021-08-10 00:55:24,786 - instabot version: 0.117.0 (api) - DEBUG - GET to endpoint: direct_v2/inbox/?visual_message_return_type=unseen&persistentBadging=true&limit=0 returned response: <Response [200]>
2021-08-10 00:55:24,966 - instabot version: 0.117.0 (api) - DEBUG - GET to endpoint: discover/topical_explore/?is_prefetch=true&omit_cover_media=true&use_sectional_payload=true&timezone_offset=0&session_id=75cd4a99-7aa6-4d67-83fd-dade2f24f986&include_fixed_destinations=true returned response: <Response [200]>
2021-08-10 00:55:25,129 - instabot version: 0.117.0 (api) - DEBUG - POST to endpoint: notifications/badge/ returned response: <Response [200]>
2021-08-10 00:55:25,380 - instabot version: 0.117.0 (api) - DEBUG - POST to endpoint: qp/batch_fetch/ returned response: <Response [200]>
2021-08-10 00:55:25,381 - instabot version: 0.117.0 (bot_checkpoint) - DEBUG - Loading Checkpoint file from: D:\Programming\2021\InstaBot/config/derbgang.checkpoint
2021-08-10 00:55:43,581 - instabot version: 0.117.0 (api) - DEBUG - GET to endpoint: users/cursed.image5/usernameinfo/ returned response: <Response [200]>
2021-08-10 00:55:44,242 - instabot version: 0.117.0 (api) - DEBUG - GET to endpoint: feed/user/13869174215/?max_id=&min_timestamp=None&rank_token=49050629623_63875b49-98cf-42cd-9722-a65c02ff0b18&ranked_content=true returned response: <Response [200]>
2021-08-10 00:55:44,519 - instabot version: 0.117.0 (api) - DEBUG - GET to endpoint: feed/user/13869174215/?max_id=2627731595606747680_13869174215&min_timestamp=None&rank_token=49050629623_63875b49-98cf-42cd-9722-a65c02ff0b18&ranked_content=true returned response: <Response [200]>
2021-08-10 00:55:45,017 - instabot version: 0.117.0 (api) - DEBUG - GET to endpoint: feed/user/13869174215/?max_id=2620015488381609058_13869174215&min_timestamp=None&rank_token=49050629623_63875b49-98cf-42cd-9722-a65c02ff0b18&ranked_content=true returned response: <Response [200]>
2021-08-10 00:55:45,282 - instabot version: 0.117.0 (api) - DEBUG - GET to endpoint: feed/user/13869174215/?max_id=2616436913512164821_13869174215&min_timestamp=None&rank_token=49050629623_63875b49-98cf-42cd-9722-a65c02ff0b18&ranked_content=true returned response: <Response [200]>
2021-08-10 00:55:45,538 - instabot version: 0.117.0 (api) - DEBUG - GET to endpoint: feed/user/13869174215/?max_id=2612415388188041563_13869174215&min_timestamp=None&rank_token=49050629623_63875b49-98cf-42cd-9722-a65c02ff0b18&ranked_content=true returned response: <Response [200]>
2021-08-10 00:55:45,830 - instabot version: 0.117.0 (api) - DEBUG - GET to endpoint: feed/user/13869174215/?max_id=2608796647613037895_13869174215&min_timestamp=None&rank_token=49050629623_63875b49-98cf-42cd-9722-a65c02ff0b18&ranked_content=true returned response: <Response [200]>
2021-08-10 00:55:46,114 - instabot version: 0.117.0 (api) - DEBUG - GET to endpoint: feed/user/13869174215/?max_id=2604795172092355392_13869174215&min_timestamp=None&rank_token=49050629623_63875b49-98cf-42cd-9722-a65c02ff0b18&ranked_content=true returned response: <Response [200]>
2021-08-10 00:55:46,365 - instabot version: 0.117.0 (api) - DEBUG - GET to endpoint: feed/user/13869174215/?max_id=2601214118996329385_13869174215&min_timestamp=None&rank_token=49050629623_63875b49-98cf-42cd-9722-a65c02ff0b18&ranked_content=true returned response: <Response [200]>
2021-08-10 00:55:46,664 - instabot version: 0.117.0 (api) - DEBUG - GET to endpoint: feed/user/13869174215/?max_id=2597182532864099283_13869174215&min_timestamp=None&rank_token=49050629623_63875b49-98cf-42cd-9722-a65c02ff0b18&ranked_content=true returned response: <Response [200]>
2021-08-10 00:55:46,953 - instabot version: 0.117.0 (api) - DEBUG - GET to endpoint: feed/user/13869174215/?max_id=2593244070080045174_13869174215&min_timestamp=None&rank_token=49050629623_63875b49-98cf-42cd-9722-a65c02ff0b18&ranked_content=true returned response: <Response [200]>
2021-08-10 00:55:47,258 - instabot version: 0.117.0 (api) - DEBUG - GET to endpoint: feed/user/13869174215/?max_id=2589227616951951425_13869174215&min_timestamp=None&rank_token=49050629623_63875b49-98cf-42cd-9722-a65c02ff0b18&ranked_content=true returned response: <Response [200]>
2021-08-10 00:55:47,526 - instabot version: 0.117.0 (api) - DEBUG - GET to endpoint: feed/user/13869174215/?max_id=2585258947985213387_13869174215&min_timestamp=None&rank_token=49050629623_63875b49-98cf-42cd-9722-a65c02ff0b18&ranked_content=true returned response: <Response [200]>
2021-08-10 00:55:47,813 - instabot version: 0.117.0 (api) - DEBUG - GET to endpoint: feed/user/13869174215/?max_id=2581637575332734746_13869174215&min_timestamp=None&rank_token=49050629623_63875b49-98cf-42cd-9722-a65c02ff0b18&ranked_content=true returned response: <Response [200]>
2021-08-10 00:55:48,115 - instabot version: 0.117.0 (api) - DEBUG - GET to endpoint: feed/user/13869174215/?max_id=2577628668209818581_13869174215&min_timestamp=None&rank_token=49050629623_63875b49-98cf-42cd-9722-a65c02ff0b18&ranked_content=true returned response: <Response [200]>
2021-08-10 00:55:48,415 - instabot version: 0.117.0 (api) - DEBUG - GET to endpoint: feed/user/13869174215/?max_id=2573660118119257191_13869174215&min_timestamp=None&rank_token=49050629623_63875b49-98cf-42cd-9722-a65c02ff0b18&ranked_content=true returned response: <Response [200]>
2021-08-10 00:55:48,710 - instabot version: 0.117.0 (api) - DEBUG - GET to endpoint: feed/user/13869174215/?max_id=2569648595581358534_13869174215&min_timestamp=None&rank_token=49050629623_63875b49-98cf-42cd-9722-a65c02ff0b18&ranked_content=true returned response: <Response [200]>
2021-08-10 00:55:49,001 - instabot version: 0.117.0 (api) - DEBUG - GET to endpoint: feed/user/13869174215/?max_id=2565684973678156159_13869174215&min_timestamp=None&rank_token=49050629623_63875b49-98cf-42cd-9722-a65c02ff0b18&ranked_content=true returned response: <Response [200]>
2021-08-10 00:55:49,278 - instabot version: 0.117.0 (api) - DEBUG - GET to endpoint: feed/user/13869174215/?max_id=2561676120609053628_13869174215&min_timestamp=None&rank_token=49050629623_63875b49-98cf-42cd-9722-a65c02ff0b18&ranked_content=true returned response: <Response [200]>
2021-08-10 00:55:49,611 - instabot version: 0.117.0 (api) - DEBUG - GET to endpoint: feed/user/13869174215/?max_id=2557730168412519658_13869174215&min_timestamp=None&rank_token=49050629623_63875b49-98cf-42cd-9722-a65c02ff0b18&ranked_content=true returned response: <Response [200]>
2021-08-10 00:55:49,907 - instabot version: 0.117.0 (api) - DEBUG - GET to endpoint: feed/user/13869174215/?max_id=2553718618751776410_13869174215&min_timestamp=None&rank_token=49050629623_63875b49-98cf-42cd-9722-a65c02ff0b18&ranked_content=true returned response: <Response [200]>
2021-08-10 00:55:50,330 - instabot version: 0.117.0 (api) - DEBUG - GET to endpoint: feed/user/13869174215/?max_id=2549729833695157544_13869174215&min_timestamp=None&rank_token=49050629623_63875b49-98cf-42cd-9722-a65c02ff0b18&ranked_content=true returned response: <Response [200]>
2021-08-10 00:55:50,661 - instabot version: 0.117.0 (api) - DEBUG - GET to endpoint: feed/user/13869174215/?max_id=2546438152498949331_13869174215&min_timestamp=None&rank_token=49050629623_63875b49-98cf-42cd-9722-a65c02ff0b18&ranked_content=true returned response: <Response [200]>
2021-08-10 00:55:51,021 - instabot version: 0.117.0 (api) - DEBUG - GET to endpoint: feed/user/13869174215/?max_id=2543221588289855602_13869174215&min_timestamp=None&rank_token=49050629623_63875b49-98cf-42cd-9722-a65c02ff0b18&ranked_content=true returned response: <Response [200]>
2021-08-10 00:55:51,354 - instabot version: 0.117.0 (api) - DEBUG - GET to endpoint: feed/user/13869174215/?max_id=2539205504467617817_13869174215&min_timestamp=None&rank_token=49050629623_63875b49-98cf-42cd-9722-a65c02ff0b18&ranked_content=true returned response: <Response [200]>
2021-08-10 00:55:51,643 - instabot version: 0.117.0 (api) - DEBUG - GET to endpoint: feed/user/13869174215/?max_id=2535616855456958754_13869174215&min_timestamp=None&rank_token=49050629623_63875b49-98cf-42cd-9722-a65c02ff0b18&ranked_content=true returned response: <Response [200]>
2021-08-10 00:55:51,925 - instabot version: 0.117.0 (api) - DEBUG - GET to endpoint: feed/user/13869174215/?max_id=2531665839117921613_13869174215&min_timestamp=None&rank_token=49050629623_63875b49-98cf-42cd-9722-a65c02ff0b18&ranked_content=true returned response: <Response [200]>
2021-08-10 00:55:52,238 - instabot version: 0.117.0 (api) - DEBUG - GET to endpoint: feed/user/13869174215/?max_id=2528029453154875516_13869174215&min_timestamp=None&rank_token=49050629623_63875b49-98cf-42cd-9722-a65c02ff0b18&ranked_content=true returned response: <Response [200]>
2021-08-10 00:55:52,589 - instabot version: 0.117.0 (api) - DEBUG - GET to endpoint: feed/user/13869174215/?max_id=2524015415626065465_13869174215&min_timestamp=None&rank_token=49050629623_63875b49-98cf-42cd-9722-a65c02ff0b18&ranked_content=true returned response: <Response [200]>
2021-08-10 00:55:52,894 - instabot version: 0.117.0 (api) - DEBUG - GET to endpoint: feed/user/13869174215/?max_id=2520781751610248399_13869174215&min_timestamp=None&rank_token=49050629623_63875b49-98cf-42cd-9722-a65c02ff0b18&ranked_content=true returned response: <Response [200]>
2021-08-10 00:55:53,168 - instabot version: 0.117.0 (api) - DEBUG - GET to endpoint: feed/user/13869174215/?max_id=2516780324625626449_13869174215&min_timestamp=None&rank_token=49050629623_63875b49-98cf-42cd-9722-a65c02ff0b18&ranked_content=true returned response: <Response [200]>
2021-08-10 00:55:53,459 - instabot version: 0.117.0 (api) - DEBUG - GET to endpoint: feed/user/13869174215/?max_id=2513866065977693359_13869174215&min_timestamp=None&rank_token=49050629623_63875b49-98cf-42cd-9722-a65c02ff0b18&ranked_content=true returned response: <Response [200]>
2021-08-10 00:55:53,743 - instabot version: 0.117.0 (api) - DEBUG - GET to endpoint: feed/user/13869174215/?max_id=2510247220218149424_13869174215&min_timestamp=None&rank_token=49050629623_63875b49-98cf-42cd-9722-a65c02ff0b18&ranked_content=true returned response: <Response [200]>
2021-08-10 00:55:54,005 - instabot version: 0.117.0 (api) - DEBUG - GET to endpoint: feed/user/13869174215/?max_id=2506301272946946485_13869174215&min_timestamp=None&rank_token=49050629623_63875b49-98cf-42cd-9722-a65c02ff0b18&ranked_content=true returned response: <Response [200]>
2021-08-10 00:55:54,296 - instabot version: 0.117.0 (api) - DEBUG - GET to endpoint: feed/user/13869174215/?max_id=2503343441721159427_13869174215&min_timestamp=None&rank_token=49050629623_63875b49-98cf-42cd-9722-a65c02ff0b18&ranked_content=true returned response: <Response [200]>
2021-08-10 00:55:54,745 - instabot version: 0.117.0 (api) - DEBUG - GET to endpoint: feed/user/13869174215/?max_id=2500487979237927734_13869174215&min_timestamp=None&rank_token=49050629623_63875b49-98cf-42cd-9722-a65c02ff0b18&ranked_content=true returned response: <Response [200]>
2021-08-10 00:55:55,113 - instabot version: 0.117.0 (api) - DEBUG - GET to endpoint: feed/user/13869174215/?max_id=2498191784678850381_13869174215&min_timestamp=None&rank_token=49050629623_63875b49-98cf-42cd-9722-a65c02ff0b18&ranked_content=true returned response: <Response [200]>
2021-08-10 00:55:55,422 - instabot version: 0.117.0 (api) - DEBUG - GET to endpoint: feed/user/13869174215/?max_id=2495159097970006057_13869174215&min_timestamp=None&rank_token=49050629623_63875b49-98cf-42cd-9722-a65c02ff0b18&ranked_content=true returned response: <Response [200]>
2021-08-10 00:55:55,712 - instabot version: 0.117.0 (api) - DEBUG - GET to endpoint: feed/user/13869174215/?max_id=2492287936005346842_13869174215&min_timestamp=None&rank_token=49050629623_63875b49-98cf-42cd-9722-a65c02ff0b18&ranked_content=true returned response: <Response [200]>
2021-08-10 00:55:56,010 - instabot version: 0.117.0 (api) - DEBUG - GET to endpoint: feed/user/13869174215/?max_id=2489379386836694351_13869174215&min_timestamp=None&rank_token=49050629623_63875b49-98cf-42cd-9722-a65c02ff0b18&ranked_content=true returned response: <Response [200]>
2021-08-10 00:55:56,258 - instabot version: 0.117.0 (api) - DEBUG - GET to endpoint: feed/user/13869174215/?max_id=2485604885354158165_13869174215&min_timestamp=None&rank_token=49050629623_63875b49-98cf-42cd-9722-a65c02ff0b18&ranked_content=true returned response: <Response [200]>
2021-08-10 00:55:56,592 - instabot version: 0.117.0 (api) - DEBUG - GET to endpoint: feed/user/13869174215/?max_id=2481658809552785190_13869174215&min_timestamp=None&rank_token=49050629623_63875b49-98cf-42cd-9722-a65c02ff0b18&ranked_content=true returned response: <Response [200]>
2021-08-10 00:55:56,907 - instabot version: 0.117.0 (api) - DEBUG - GET to endpoint: feed/user/13869174215/?max_id=2477637392916375526_13869174215&min_timestamp=None&rank_token=49050629623_63875b49-98cf-42cd-9722-a65c02ff0b18&ranked_content=true returned response: <Response [200]>
2021-08-10 00:55:57,155 - instabot version: 0.117.0 (api) - DEBUG - GET to endpoint: feed/user/13869174215/?max_id=2473998403021973285_13869174215&min_timestamp=None&rank_token=49050629623_63875b49-98cf-42cd-9722-a65c02ff0b18&ranked_content=true returned response: <Response [200]>
2021-08-10 00:55:57,444 - instabot version: 0.117.0 (api) - DEBUG - GET to endpoint: feed/user/13869174215/?max_id=2470384560697944046_13869174215&min_timestamp=None&rank_token=49050629623_63875b49-98cf-42cd-9722-a65c02ff0b18&ranked_content=true returned response: <Response [200]>
2021-08-10 00:55:57,692 - instabot version: 0.117.0 (api) - DEBUG - GET to endpoint: feed/user/13869174215/?max_id=2466461316447974388_13869174215&min_timestamp=None&rank_token=49050629623_63875b49-98cf-42cd-9722-a65c02ff0b18&ranked_content=true returned response: <Response [200]>
2021-08-10 00:55:57,990 - instabot version: 0.117.0 (api) - DEBUG - GET to endpoint: feed/user/13869174215/?max_id=2462444695553551389_13869174215&min_timestamp=None&rank_token=49050629623_63875b49-98cf-42cd-9722-a65c02ff0b18&ranked_content=true returned response: <Response [200]>
2021-08-10 00:55:58,277 - instabot version: 0.117.0 (api) - DEBUG - GET to endpoint: feed/user/13869174215/?max_id=2458481184902369844_13869174215&min_timestamp=None&rank_token=49050629623_63875b49-98cf-42cd-9722-a65c02ff0b18&ranked_content=true returned response: <Response [200]>
2021-08-10 00:55:58,546 - instabot version: 0.117.0 (api) - DEBUG - GET to endpoint: feed/user/13869174215/?max_id=2454447083499958172_13869174215&min_timestamp=None&rank_token=49050629623_63875b49-98cf-42cd-9722-a65c02ff0b18&ranked_content=true returned response: <Response [200]>
2021-08-10 00:55:58,846 - instabot version: 0.117.0 (api) - DEBUG - GET to endpoint: feed/user/13869174215/?max_id=2450513641242678994_13869174215&min_timestamp=None&rank_token=49050629623_63875b49-98cf-42cd-9722-a65c02ff0b18&ranked_content=true returned response: <Response [200]>
2021-08-10 00:55:59,174 - instabot version: 0.117.0 (api) - DEBUG - GET to endpoint: feed/user/13869174215/?max_id=2446436818937342283_13869174215&min_timestamp=None&rank_token=49050629623_63875b49-98cf-42cd-9722-a65c02ff0b18&ranked_content=true returned response: <Response [200]>
2021-08-10 00:55:59,435 - instabot version: 0.117.0 (api) - DEBUG - GET to endpoint: feed/user/13869174215/?max_id=2442762723070537056_13869174215&min_timestamp=None&rank_token=49050629623_63875b49-98cf-42cd-9722-a65c02ff0b18&ranked_content=true returned response: <Response [200]>
2021-08-10 00:55:59,700 - instabot version: 0.117.0 (api) - DEBUG - GET to endpoint: feed/user/13869174215/?max_id=2438517033692923929_13869174215&min_timestamp=None&rank_token=49050629623_63875b49-98cf-42cd-9722-a65c02ff0b18&ranked_content=true returned response: <Response [200]>
2021-08-10 00:55:59,994 - instabot version: 0.117.0 (api) - DEBUG - GET to endpoint: feed/user/13869174215/?max_id=2434920832857859185_13869174215&min_timestamp=None&rank_token=49050629623_63875b49-98cf-42cd-9722-a65c02ff0b18&ranked_content=true returned response: <Response [200]>
2021-08-10 00:56:00,345 - instabot version: 0.117.0 (api) - DEBUG - GET to endpoint: feed/user/13869174215/?max_id=2431261865070884804_13869174215&min_timestamp=None&rank_token=49050629623_63875b49-98cf-42cd-9722-a65c02ff0b18&ranked_content=true returned response: <Response [200]>
2021-08-10 00:56:00,659 - instabot version: 0.117.0 (api) - DEBUG - GET to endpoint: feed/user/13869174215/?max_id=2427280537099055722_13869174215&min_timestamp=None&rank_token=49050629623_63875b49-98cf-42cd-9722-a65c02ff0b18&ranked_content=true returned response: <Response [200]>
2021-08-10 00:56:00,975 - instabot version: 0.117.0 (api) - DEBUG - GET to endpoint: feed/user/13869174215/?max_id=2424005391845586081_13869174215&min_timestamp=None&rank_token=49050629623_63875b49-98cf-42cd-9722-a65c02ff0b18&ranked_content=true returned response: <Response [200]>
2021-08-10 00:56:01,257 - instabot version: 0.117.0 (api) - DEBUG - GET to endpoint: feed/user/13869174215/?max_id=2420767666307556158_13869174215&min_timestamp=None&rank_token=49050629623_63875b49-98cf-42cd-9722-a65c02ff0b18&ranked_content=true returned response: <Response [200]>
2021-08-10 00:56:01,526 - instabot version: 0.117.0 (api) - DEBUG - GET to endpoint: feed/user/13869174215/?max_id=2417557224753032127_13869174215&min_timestamp=None&rank_token=49050629623_63875b49-98cf-42cd-9722-a65c02ff0b18&ranked_content=true returned response: <Response [200]>
2021-08-10 00:56:01,778 - instabot version: 0.117.0 (api) - DEBUG - GET to endpoint: feed/user/13869174215/?max_id=2413524897803202468_13869174215&min_timestamp=None&rank_token=49050629623_63875b49-98cf-42cd-9722-a65c02ff0b18&ranked_content=true returned response: <Response [200]>
2021-08-10 00:56:02,035 - instabot version: 0.117.0 (api) - DEBUG - GET to endpoint: feed/user/13869174215/?max_id=2409906390624474488_13869174215&min_timestamp=None&rank_token=49050629623_63875b49-98cf-42cd-9722-a65c02ff0b18&ranked_content=true returned response: <Response [200]>
2021-08-10 00:56:02,303 - instabot version: 0.117.0 (api) - DEBUG - GET to endpoint: feed/user/13869174215/?max_id=2405847057270144376_13869174215&min_timestamp=None&rank_token=49050629623_63875b49-98cf-42cd-9722-a65c02ff0b18&ranked_content=true returned response: <Response [200]>
2021-08-10 00:56:02,621 - instabot version: 0.117.0 (api) - DEBUG - GET to endpoint: feed/user/13869174215/?max_id=2401505681258824564_13869174215&min_timestamp=None&rank_token=49050629623_63875b49-98cf-42cd-9722-a65c02ff0b18&ranked_content=true returned response: <Response [200]>
2021-08-10 00:56:02,915 - instabot version: 0.117.0 (api) - DEBUG - GET to endpoint: feed/user/13869174215/?max_id=2397861648174948548_13869174215&min_timestamp=None&rank_token=49050629623_63875b49-98cf-42cd-9722-a65c02ff0b18&ranked_content=true returned response: <Response [200]>
2021-08-10 00:56:03,267 - instabot version: 0.117.0 (api) - DEBUG - GET to endpoint: feed/user/13869174215/?max_id=2394253763768774295_13869174215&min_timestamp=None&rank_token=49050629623_63875b49-98cf-42cd-9722-a65c02ff0b18&ranked_content=true returned response: <Response [200]>
2021-08-10 00:56:03,531 - instabot version: 0.117.0 (api) - DEBUG - GET to endpoint: feed/user/13869174215/?max_id=2389568840218721122_13869174215&min_timestamp=None&rank_token=49050629623_63875b49-98cf-42cd-9722-a65c02ff0b18&ranked_content=true returned response: <Response [200]>
2021-08-10 00:56:03,869 - instabot version: 0.117.0 (api) - DEBUG - GET to endpoint: feed/user/13869174215/?max_id=2385241224074730879_13869174215&min_timestamp=None&rank_token=49050629623_63875b49-98cf-42cd-9722-a65c02ff0b18&ranked_content=true returned response: <Response [200]>
2021-08-10 00:56:04,134 - instabot version: 0.117.0 (api) - DEBUG - GET to endpoint: feed/user/13869174215/?max_id=2380896500597416876_13869174215&min_timestamp=None&rank_token=49050629623_63875b49-98cf-42cd-9722-a65c02ff0b18&ranked_content=true returned response: <Response [200]>
2021-08-10 00:56:04,408 - instabot version: 0.117.0 (api) - DEBUG - GET to endpoint: feed/user/13869174215/?max_id=2376610224578887712_13869174215&min_timestamp=None&rank_token=49050629623_63875b49-98cf-42cd-9722-a65c02ff0b18&ranked_content=true returned response: <Response [200]>
2021-08-10 00:56:04,698 - instabot version: 0.117.0 (api) - DEBUG - GET to endpoint: feed/user/13869174215/?max_id=2372194847807708285_13869174215&min_timestamp=None&rank_token=49050629623_63875b49-98cf-42cd-9722-a65c02ff0b18&ranked_content=true returned response: <Response [200]>
2021-08-10 00:56:04,994 - instabot version: 0.117.0 (api) - DEBUG - GET to endpoint: feed/user/13869174215/?max_id=2368203814308597466_13869174215&min_timestamp=None&rank_token=49050629623_63875b49-98cf-42cd-9722-a65c02ff0b18&ranked_content=true returned response: <Response [200]>
2021-08-10 00:56:05,330 - instabot version: 0.117.0 (api) - DEBUG - GET to endpoint: feed/user/13869174215/?max_id=2364221685417402943_13869174215&min_timestamp=None&rank_token=49050629623_63875b49-98cf-42cd-9722-a65c02ff0b18&ranked_content=true returned response: <Response [200]>
2021-08-10 00:56:05,614 - instabot version: 0.117.0 (api) - DEBUG - GET to endpoint: feed/user/13869174215/?max_id=2360227530920065512_13869174215&min_timestamp=None&rank_token=49050629623_63875b49-98cf-42cd-9722-a65c02ff0b18&ranked_content=true returned response: <Response [200]>
2021-08-10 00:56:05,890 - instabot version: 0.117.0 (api) - DEBUG - GET to endpoint: feed/user/13869174215/?max_id=2356258094605220585_13869174215&min_timestamp=None&rank_token=49050629623_63875b49-98cf-42cd-9722-a65c02ff0b18&ranked_content=true returned response: <Response [200]>
2021-08-10 00:56:06,187 - instabot version: 0.117.0 (api) - DEBUG - GET to endpoint: feed/user/13869174215/?max_id=2352239842162056726_13869174215&min_timestamp=None&rank_token=49050629623_63875b49-98cf-42cd-9722-a65c02ff0b18&ranked_content=true returned response: <Response [200]>
2021-08-10 00:56:06,468 - instabot version: 0.117.0 (api) - DEBUG - GET to endpoint: feed/user/13869174215/?max_id=2347932369305272038_13869174215&min_timestamp=None&rank_token=49050629623_63875b49-98cf-42cd-9722-a65c02ff0b18&ranked_content=true returned response: <Response [200]>
2021-08-10 00:56:06,739 - instabot version: 0.117.0 (api) - DEBUG - GET to endpoint: feed/user/13869174215/?max_id=2343914126366376146_13869174215&min_timestamp=None&rank_token=49050629623_63875b49-98cf-42cd-9722-a65c02ff0b18&ranked_content=true returned response: <Response [200]>
2021-08-10 00:56:07,045 - instabot version: 0.117.0 (api) - DEBUG - GET to endpoint: feed/user/13869174215/?max_id=2339924012896143170_13869174215&min_timestamp=None&rank_token=49050629623_63875b49-98cf-42cd-9722-a65c02ff0b18&ranked_content=true returned response: <Response [200]>
2021-08-10 00:56:07,316 - instabot version: 0.117.0 (api) - DEBUG - GET to endpoint: feed/user/13869174215/?max_id=2335958209729438476_13869174215&min_timestamp=None&rank_token=49050629623_63875b49-98cf-42cd-9722-a65c02ff0b18&ranked_content=true returned response: <Response [200]>
2021-08-10 00:56:07,613 - instabot version: 0.117.0 (api) - DEBUG - GET to endpoint: feed/user/13869174215/?max_id=2331607868460461757_13869174215&min_timestamp=None&rank_token=49050629623_63875b49-98cf-42cd-9722-a65c02ff0b18&ranked_content=true returned response: <Response [200]>
2021-08-10 00:56:07,925 - instabot version: 0.117.0 (api) - DEBUG - GET to endpoint: feed/user/13869174215/?max_id=2328379235595971805_13869174215&min_timestamp=None&rank_token=49050629623_63875b49-98cf-42cd-9722-a65c02ff0b18&ranked_content=true returned response: <Response [200]>
2021-08-10 00:56:08,236 - instabot version: 0.117.0 (api) - DEBUG - GET to endpoint: feed/user/13869174215/?max_id=2324730966164587660_13869174215&min_timestamp=None&rank_token=49050629623_63875b49-98cf-42cd-9722-a65c02ff0b18&ranked_content=true returned response: <Response [200]>
2021-08-10 00:56:08,517 - instabot version: 0.117.0 (api) - DEBUG - GET to endpoint: feed/user/13869174215/?max_id=2321476199749453672_13869174215&min_timestamp=None&rank_token=49050629623_63875b49-98cf-42cd-9722-a65c02ff0b18&ranked_content=true returned response: <Response [200]>
2021-08-10 00:56:08,869 - instabot version: 0.117.0 (api) - DEBUG - GET to endpoint: feed/user/13869174215/?max_id=2319285556990117401_13869174215&min_timestamp=None&rank_token=49050629623_63875b49-98cf-42cd-9722-a65c02ff0b18&ranked_content=true returned response: <Response [200]>
2021-08-10 00:56:09,137 - instabot version: 0.117.0 (api) - DEBUG - GET to endpoint: feed/user/13869174215/?max_id=2316386269113203931_13869174215&min_timestamp=None&rank_token=49050629623_63875b49-98cf-42cd-9722-a65c02ff0b18&ranked_content=true returned response: <Response [200]>
2021-08-10 00:56:09,421 - instabot version: 0.117.0 (api) - DEBUG - GET to endpoint: feed/user/13869174215/?max_id=2314193600110706263_13869174215&min_timestamp=None&rank_token=49050629623_63875b49-98cf-42cd-9722-a65c02ff0b18&ranked_content=true returned response: <Response [200]>
2021-08-10 00:56:09,688 - instabot version: 0.117.0 (api) - DEBUG - GET to endpoint: feed/user/13869174215/?max_id=2312028881824274846_13869174215&min_timestamp=None&rank_token=49050629623_63875b49-98cf-42cd-9722-a65c02ff0b18&ranked_content=true returned response: <Response [200]>
2021-08-10 00:56:09,964 - instabot version: 0.117.0 (api) - DEBUG - GET to endpoint: feed/user/13869174215/?max_id=2309881106688960121_13869174215&min_timestamp=None&rank_token=49050629623_63875b49-98cf-42cd-9722-a65c02ff0b18&ranked_content=true returned response: <Response [200]>
2021-08-10 00:56:10,273 - instabot version: 0.117.0 (api) - DEBUG - GET to endpoint: feed/user/13869174215/?max_id=2307678900057530000_13869174215&min_timestamp=None&rank_token=49050629623_63875b49-98cf-42cd-9722-a65c02ff0b18&ranked_content=true returned response: <Response [200]>
2021-08-10 00:56:10,665 - instabot version: 0.117.0 (api) - DEBUG - GET to endpoint: feed/user/13869174215/?max_id=2305509300993546291_13869174215&min_timestamp=None&rank_token=49050629623_63875b49-98cf-42cd-9722-a65c02ff0b18&ranked_content=true returned response: <Response [200]>
2021-08-10 00:56:10,949 - instabot version: 0.117.0 (api) - DEBUG - GET to endpoint: feed/user/13869174215/?max_id=2303698722130083595_13869174215&min_timestamp=None&rank_token=49050629623_63875b49-98cf-42cd-9722-a65c02ff0b18&ranked_content=true returned response: <Response [200]>
2021-08-10 00:56:11,228 - instabot version: 0.117.0 (api) - DEBUG - GET to endpoint: feed/user/13869174215/?max_id=2301141406520273147_13869174215&min_timestamp=None&rank_token=49050629623_63875b49-98cf-42cd-9722-a65c02ff0b18&ranked_content=true returned response: <Response [200]>
2021-08-10 00:56:11,494 - instabot version: 0.117.0 (api) - DEBUG - GET to endpoint: feed/user/13869174215/?max_id=2298993503525843005_13869174215&min_timestamp=None&rank_token=49050629623_63875b49-98cf-42cd-9722-a65c02ff0b18&ranked_content=true returned response: <Response [200]>
2021-08-10 00:56:11,813 - instabot version: 0.117.0 (api) - DEBUG - GET to endpoint: feed/user/13869174215/?max_id=2296813637426740298_13869174215&min_timestamp=None&rank_token=49050629623_63875b49-98cf-42cd-9722-a65c02ff0b18&ranked_content=true returned response: <Response [200]>
2021-08-10 00:56:12,090 - instabot version: 0.117.0 (api) - DEBUG - GET to endpoint: feed/user/13869174215/?max_id=2294647399090917642_13869174215&min_timestamp=None&rank_token=49050629623_63875b49-98cf-42cd-9722-a65c02ff0b18&ranked_content=true returned response: <Response [200]>
2021-08-10 00:56:12,437 - instabot version: 0.117.0 (api) - DEBUG - GET to endpoint: feed/user/13869174215/?max_id=2292479275767947776_13869174215&min_timestamp=None&rank_token=49050629623_63875b49-98cf-42cd-9722-a65c02ff0b18&ranked_content=true returned response: <Response [200]>
2021-08-10 00:56:12,721 - instabot version: 0.117.0 (api) - DEBUG - GET to endpoint: feed/user/13869174215/?max_id=2290284605604301049_13869174215&min_timestamp=None&rank_token=49050629623_63875b49-98cf-42cd-9722-a65c02ff0b18&ranked_content=true returned response: <Response [200]>
2021-08-10 00:56:13,090 - instabot version: 0.117.0 (api) - DEBUG - GET to endpoint: feed/user/13869174215/?max_id=2288117468345290666_13869174215&min_timestamp=None&rank_token=49050629623_63875b49-98cf-42cd-9722-a65c02ff0b18&ranked_content=true returned response: <Response [200]>
2021-08-10 00:56:13,403 - instabot version: 0.117.0 (api) - DEBUG - GET to endpoint: feed/user/13869174215/?max_id=2285955834810109798_13869174215&min_timestamp=None&rank_token=49050629623_63875b49-98cf-42cd-9722-a65c02ff0b18&ranked_content=true returned response: <Response [200]>
2021-08-10 00:56:13,738 - instabot version: 0.117.0 (api) - DEBUG - GET to endpoint: feed/user/13869174215/?max_id=2283415223997395841_13869174215&min_timestamp=None&rank_token=49050629623_63875b49-98cf-42cd-9722-a65c02ff0b18&ranked_content=true returned response: <Response [200]>
2021-08-10 00:56:14,019 - instabot version: 0.117.0 (api) - DEBUG - GET to endpoint: feed/user/13869174215/?max_id=2281200995609818532_13869174215&min_timestamp=None&rank_token=49050629623_63875b49-98cf-42cd-9722-a65c02ff0b18&ranked_content=true returned response: <Response [200]>
2021-08-10 00:56:14,311 - instabot version: 0.117.0 (api) - DEBUG - GET to endpoint: feed/user/13869174215/?max_id=2279044064098963779_13869174215&min_timestamp=None&rank_token=49050629623_63875b49-98cf-42cd-9722-a65c02ff0b18&ranked_content=true returned response: <Response [200]>
2021-08-10 00:56:14,584 - instabot version: 0.117.0 (api) - DEBUG - GET to endpoint: feed/user/13869174215/?max_id=2276848883413051982_13869174215&min_timestamp=None&rank_token=49050629623_63875b49-98cf-42cd-9722-a65c02ff0b18&ranked_content=true returned response: <Response [200]>
2021-08-10 00:56:14,863 - instabot version: 0.117.0 (api) - DEBUG - GET to endpoint: feed/user/13869174215/?max_id=2275105717928542365_13869174215&min_timestamp=None&rank_token=49050629623_63875b49-98cf-42cd-9722-a65c02ff0b18&ranked_content=true returned response: <Response [200]>
2021-08-10 00:56:15,207 - instabot version: 0.117.0 (api) - DEBUG - GET to endpoint: feed/user/13869174215/?max_id=2272913518126101069_13869174215&min_timestamp=None&rank_token=49050629623_63875b49-98cf-42cd-9722-a65c02ff0b18&ranked_content=true returned response: <Response [200]>
2021-08-10 00:56:15,662 - instabot version: 0.117.0 (api) - DEBUG - GET to endpoint: feed/user/13869174215/?max_id=2270380244401011081_13869174215&min_timestamp=None&rank_token=49050629623_63875b49-98cf-42cd-9722-a65c02ff0b18&ranked_content=true returned response: <Response [200]>
2021-08-10 00:56:15,946 - instabot version: 0.117.0 (api) - DEBUG - GET to endpoint: feed/user/13869174215/?max_id=2267864754692595415_13869174215&min_timestamp=None&rank_token=49050629623_63875b49-98cf-42cd-9722-a65c02ff0b18&ranked_content=true returned response: <Response [200]>
2021-08-10 00:56:16,281 - instabot version: 0.117.0 (api) - DEBUG - GET to endpoint: feed/user/13869174215/?max_id=2265569927863173338_13869174215&min_timestamp=None&rank_token=49050629623_63875b49-98cf-42cd-9722-a65c02ff0b18&ranked_content=true returned response: <Response [200]>
2021-08-10 00:56:16,581 - instabot version: 0.117.0 (api) - DEBUG - GET to endpoint: feed/user/13869174215/?max_id=2263422735895422787_13869174215&min_timestamp=None&rank_token=49050629623_63875b49-98cf-42cd-9722-a65c02ff0b18&ranked_content=true returned response: <Response [200]>
2021-08-10 00:56:16,867 - instabot version: 0.117.0 (api) - DEBUG - GET to endpoint: feed/user/13869174215/?max_id=2261642293601037769_13869174215&min_timestamp=None&rank_token=49050629623_63875b49-98cf-42cd-9722-a65c02ff0b18&ranked_content=true returned response: <Response [200]>
2021-08-10 00:56:17,282 - instabot version: 0.117.0 (api) - DEBUG - GET to endpoint: feed/user/13869174215/?max_id=2259516959720006649_13869174215&min_timestamp=None&rank_token=49050629623_63875b49-98cf-42cd-9722-a65c02ff0b18&ranked_content=true returned response: <Response [200]>
2021-08-10 00:56:17,573 - instabot version: 0.117.0 (api) - DEBUG - GET to endpoint: feed/user/13869174215/?max_id=2257282122435214448_13869174215&min_timestamp=None&rank_token=49050629623_63875b49-98cf-42cd-9722-a65c02ff0b18&ranked_content=true returned response: <Response [200]>
2021-08-10 00:56:17,854 - instabot version: 0.117.0 (api) - DEBUG - GET to endpoint: feed/user/13869174215/?max_id=2255544951315479537_13869174215&min_timestamp=None&rank_token=49050629623_63875b49-98cf-42cd-9722-a65c02ff0b18&ranked_content=true returned response: <Response [200]>
2021-08-10 00:56:18,177 - instabot version: 0.117.0 (api) - DEBUG - GET to endpoint: feed/user/13869174215/?max_id=2252999937985230814_13869174215&min_timestamp=None&rank_token=49050629623_63875b49-98cf-42cd-9722-a65c02ff0b18&ranked_content=true returned response: <Response [200]>
2021-08-10 00:56:18,466 - instabot version: 0.117.0 (api) - DEBUG - GET to endpoint: feed/user/13869174215/?max_id=2250840962925613198_13869174215&min_timestamp=None&rank_token=49050629623_63875b49-98cf-42cd-9722-a65c02ff0b18&ranked_content=true returned response: <Response [200]>
2021-08-10 00:56:18,769 - instabot version: 0.117.0 (api) - DEBUG - GET to endpoint: feed/user/13869174215/?max_id=2248652537275604318_13869174215&min_timestamp=None&rank_token=49050629623_63875b49-98cf-42cd-9722-a65c02ff0b18&ranked_content=true returned response: <Response [200]>
2021-08-10 00:56:19,059 - instabot version: 0.117.0 (api) - DEBUG - GET to endpoint: feed/user/13869174215/?max_id=2245744852569688800_13869174215&min_timestamp=None&rank_token=49050629623_63875b49-98cf-42cd-9722-a65c02ff0b18&ranked_content=true returned response: <Response [200]>
2021-08-10 00:56:19,355 - instabot version: 0.117.0 (api) - DEBUG - GET to endpoint: feed/user/13869174215/?max_id=2243508331120950980_13869174215&min_timestamp=None&rank_token=49050629623_63875b49-98cf-42cd-9722-a65c02ff0b18&ranked_content=true returned response: <Response [200]>
2021-08-10 00:56:19,721 - instabot version: 0.117.0 (api) - DEBUG - GET to endpoint: feed/user/13869174215/?max_id=2241037100647821231_13869174215&min_timestamp=None&rank_token=49050629623_63875b49-98cf-42cd-9722-a65c02ff0b18&ranked_content=true returned response: <Response [200]>
2021-08-10 00:56:20,035 - instabot version: 0.117.0 (api) - DEBUG - GET to endpoint: feed/user/13869174215/?max_id=2238872139167200337_13869174215&min_timestamp=None&rank_token=49050629623_63875b49-98cf-42cd-9722-a65c02ff0b18&ranked_content=true returned response: <Response [200]>
2021-08-10 00:56:20,315 - instabot version: 0.117.0 (api) - DEBUG - GET to endpoint: feed/user/13869174215/?max_id=2235944676942533284_13869174215&min_timestamp=None&rank_token=49050629623_63875b49-98cf-42cd-9722-a65c02ff0b18&ranked_content=true returned response: <Response [200]>
2021-08-10 00:56:20,611 - instabot version: 0.117.0 (api) - DEBUG - GET to endpoint: feed/user/13869174215/?max_id=2233816588645504128_13869174215&min_timestamp=None&rank_token=49050629623_63875b49-98cf-42cd-9722-a65c02ff0b18&ranked_content=true returned response: <Response [200]>
2021-08-10 00:56:20,928 - instabot version: 0.117.0 (api) - DEBUG - GET to endpoint: feed/user/13869174215/?max_id=2231580339624961569_13869174215&min_timestamp=None&rank_token=49050629623_63875b49-98cf-42cd-9722-a65c02ff0b18&ranked_content=true returned response: <Response [200]>
2021-08-10 00:56:21,219 - instabot version: 0.117.0 (api) - DEBUG - GET to endpoint: feed/user/13869174215/?max_id=2229277999211403835_13869174215&min_timestamp=None&rank_token=49050629623_63875b49-98cf-42cd-9722-a65c02ff0b18&ranked_content=true returned response: <Response [200]>
2021-08-10 00:56:21,499 - instabot version: 0.117.0 (api) - DEBUG - GET to endpoint: feed/user/13869174215/?max_id=2226832641361247307_13869174215&min_timestamp=None&rank_token=49050629623_63875b49-98cf-42cd-9722-a65c02ff0b18&ranked_content=true returned response: <Response [200]>
2021-08-10 00:56:21,784 - instabot version: 0.117.0 (api) - DEBUG - GET to endpoint: feed/user/13869174215/?max_id=2225107040698903571_13869174215&min_timestamp=None&rank_token=49050629623_63875b49-98cf-42cd-9722-a65c02ff0b18&ranked_content=true returned response: <Response [200]>
2021-08-10 00:56:22,057 - instabot version: 0.117.0 (api) - DEBUG - GET to endpoint: feed/user/13869174215/?max_id=2223487028225646761_13869174215&min_timestamp=None&rank_token=49050629623_63875b49-98cf-42cd-9722-a65c02ff0b18&ranked_content=true returned response: <Response [200]>
2021-08-10 00:56:22,330 - instabot version: 0.117.0 (api) - DEBUG - GET to endpoint: feed/user/13869174215/?max_id=2221400329203107780_13869174215&min_timestamp=None&rank_token=49050629623_63875b49-98cf-42cd-9722-a65c02ff0b18&ranked_content=true returned response: <Response [200]>
2021-08-10 00:56:22,614 - instabot version: 0.117.0 (api) - DEBUG - GET to endpoint: feed/user/13869174215/?max_id=2219852942957491541_13869174215&min_timestamp=None&rank_token=49050629623_63875b49-98cf-42cd-9722-a65c02ff0b18&ranked_content=true returned response: <Response [200]>
2021-08-10 00:56:22,883 - instabot version: 0.117.0 (api) - DEBUG - GET to endpoint: feed/user/13869174215/?max_id=2217605560870067102_13869174215&min_timestamp=None&rank_token=49050629623_63875b49-98cf-42cd-9722-a65c02ff0b18&ranked_content=true returned response: <Response [200]>
2021-08-10 00:56:23,169 - instabot version: 0.117.0 (api) - DEBUG - GET to endpoint: feed/user/13869174215/?max_id=2215372736716788647_13869174215&min_timestamp=None&rank_token=49050629623_63875b49-98cf-42cd-9722-a65c02ff0b18&ranked_content=true returned response: <Response [200]>
2021-08-10 00:56:23,434 - instabot version: 0.117.0 (api) - DEBUG - GET to endpoint: feed/user/13869174215/?max_id=2213487086606244743_13869174215&min_timestamp=None&rank_token=49050629623_63875b49-98cf-42cd-9722-a65c02ff0b18&ranked_content=true returned response: <Response [200]>
2021-08-10 00:56:23,696 - instabot version: 0.117.0 (api) - DEBUG - GET to endpoint: feed/user/13869174215/?max_id=2211382866172234344_13869174215&min_timestamp=None&rank_token=49050629623_63875b49-98cf-42cd-9722-a65c02ff0b18&ranked_content=true returned response: <Response [200]>
2021-08-10 00:56:23,981 - instabot version: 0.117.0 (api) - DEBUG - GET to endpoint: feed/user/13869174215/?max_id=2208821813630591191_13869174215&min_timestamp=None&rank_token=49050629623_63875b49-98cf-42cd-9722-a65c02ff0b18&ranked_content=true returned response: <Response [200]>
2021-08-10 00:56:24,228 - instabot version: 0.117.0 (api) - DEBUG - GET to endpoint: feed/user/13869174215/?max_id=2205533247701853222_13869174215&min_timestamp=None&rank_token=49050629623_63875b49-98cf-42cd-9722-a65c02ff0b18&ranked_content=true returned response: <Response [200]>
2021-08-10 00:56:25,262 - instabot version: 0.117.0 (api) - DEBUG - GET to endpoint: feed/user/13869174215/?max_id=2202244510988212128_13869174215&min_timestamp=None&rank_token=49050629623_63875b49-98cf-42cd-9722-a65c02ff0b18&ranked_content=true returned response: <Response [200]>
2021-08-10 00:56:25,560 - instabot version: 0.117.0 (api) - DEBUG - GET to endpoint: feed/user/13869174215/?max_id=2198671066364553986_13869174215&min_timestamp=None&rank_token=49050629623_63875b49-98cf-42cd-9722-a65c02ff0b18&ranked_content=true returned response: <Response [200]>
2021-08-10 00:56:25,823 - instabot version: 0.117.0 (api) - DEBUG - GET to endpoint: feed/user/13869174215/?max_id=2193569676452251516_13869174215&min_timestamp=None&rank_token=49050629623_63875b49-98cf-42cd-9722-a65c02ff0b18&ranked_content=true returned response: <Response [200]>
2021-08-10 00:56:26,096 - instabot version: 0.117.0 (api) - DEBUG - GET to endpoint: feed/user/13869174215/?max_id=2188643408935258485_13869174215&min_timestamp=None&rank_token=49050629623_63875b49-98cf-42cd-9722-a65c02ff0b18&ranked_content=true returned response: <Response [200]>
2021-08-10 00:56:26,382 - instabot version: 0.117.0 (api) - DEBUG - GET to endpoint: feed/user/13869174215/?max_id=2183817753131431701_13869174215&min_timestamp=None&rank_token=49050629623_63875b49-98cf-42cd-9722-a65c02ff0b18&ranked_content=true returned response: <Response [200]>
2021-08-10 00:56:26,588 - instabot version: 0.117.0 (api) - DEBUG - GET to endpoint: users/vocabexpansion/usernameinfo/ returned response: <Response [200]>
2021-08-10 00:56:27,136 - instabot version: 0.117.0 (api) - DEBUG - GET to endpoint: media/2613870008366180214_13869174215/info/ returned response: <Response [200]>
2021-08-10 00:56:27,433 - instabot version: 0.117.0 (api) - DEBUG - POST to endpoint: direct_v2/threads/broadcast/media_share/ returned response: <Response [200]>
2021-08-10 00:56:27,793 - instabot version: 0.117.0 (api) - DEBUG - POST to endpoint: direct_v2/inbox/ returned response: <Response [200]>
2021-08-10 00:56:27,828 - instabot version: 0.117.0 (bot_checkpoint) - DEBUG - Saving Checkpoint file to: D:\Programming\2021\InstaBot/config/derbgang.checkpoint
2021-08-10 00:56:27,829 - instabot version: 0.117.0 (bot) - INFO - Total messages: 6/80
2021-08-10 00:56:27,829 - instabot version: 0.117.0 (bot) - INFO - Total requests: 1008
