2021-08-11 13:35:22,240 - instabot version: 0.117.0 (bot) - INFO - Instabot version: 0.117.0 Started
2021-08-11 13:35:22,240 - instabot version: 0.117.0 (bot) - DEBUG - Bot imported from C:\Users\skyem\AppData\Local\Programs\Python\Python39\lib\site-packages\instabot\bot\bot.py
2021-08-11 13:35:23,538 - instabot version: 0.117.0 (api_login) - INFO - Not yet logged in starting: PRE-LOGIN FLOW!
2021-08-11 13:35:23,834 - instabot version: 0.117.0 (api) - DEBUG - POST to endpoint: accounts/get_prefill_candidates/ returned response: <Response [200]>
2021-08-11 13:35:23,991 - instabot version: 0.117.0 (api) - DEBUG - POST to endpoint: qe/sync/ returned response: <Response [200]>
2021-08-11 13:35:24,148 - instabot version: 0.117.0 (api) - DEBUG - POST to endpoint: launcher/sync/ returned response: <Response [200]>
2021-08-11 13:35:24,295 - instabot version: 0.117.0 (api) - DEBUG - POST to endpoint: accounts/contact_point_prefill/ returned response: <Response [200]>
2021-08-11 13:35:25,917 - instabot version: 0.117.0 (api) - DEBUG - POST to endpoint: accounts/login/ returned response: <Response [200]>
2021-08-11 13:35:25,917 - instabot version: 0.117.0 (api) - INFO - Logged-in successfully as 'derbgang'!
2021-08-11 13:35:25,917 - instabot version: 0.117.0 (api_login) - INFO - LOGIN FLOW! Just logged-in: True
2021-08-11 13:35:26,068 - instabot version: 0.117.0 (api) - DEBUG - POST to endpoint: qe/sync/ returned response: <Response [200]>
2021-08-11 13:35:26,241 - instabot version: 0.117.0 (api) - DEBUG - POST to endpoint: launcher/sync/ returned response: <Response [200]>
2021-08-11 13:35:26,394 - instabot version: 0.117.0 (api) - DEBUG - GET to endpoint: zr/token/result/?device_id=android-482d8e988b586de3&token_hash=&custom_device_id=android-482d8e988b586de3&fetch_reason=token_expired returned response: <Response [200]>
2021-08-11 13:35:26,540 - instabot version: 0.117.0 (api) - DEBUG - GET to endpoint: multiple_accounts/get_account_family/ returned response: <Response [200]>
2021-08-11 13:35:26,733 - instabot version: 0.117.0 (api) - DEBUG - POST to endpoint: qe/sync/ returned response: <Response [200]>
2021-08-11 13:35:27,133 - instabot version: 0.117.0 (api) - DEBUG - GET to endpoint: igtv/browse_feed/?prefetch=1 returned response: <Response [200]>
2021-08-11 13:35:27,292 - instabot version: 0.117.0 (api) - DEBUG - POST to endpoint: creatives/ar_class/ returned response: <Response [200]>
2021-08-11 13:35:27,619 - instabot version: 0.117.0 (api) - DEBUG - POST to endpoint: feed/reels_tray/ returned response: <Response [200]>
2021-08-11 13:35:28,568 - instabot version: 0.117.0 (api) - DEBUG - POST to endpoint: feed/timeline/ returned response: <Response [200]>
2021-08-11 13:35:28,710 - instabot version: 0.117.0 (api) - DEBUG - GET to endpoint: media/blocked/ returned response: <Response [200]>
2021-08-11 13:35:29,417 - instabot version: 0.117.0 (api) - DEBUG - GET to endpoint: news/inbox/ returned response: <Response [200]>
2021-08-11 13:35:29,590 - instabot version: 0.117.0 (api) - DEBUG - GET to endpoint: loom/fetch_config/ returned response: <Response [200]>
2021-08-11 13:35:29,868 - instabot version: 0.117.0 (api) - DEBUG - GET to endpoint: scores/bootstrap/users/?surfaces=["autocomplete_user_list","coefficient_besties_list_ranking","coefficient_rank_recipient_user_suggestion","coefficient_ios_section_test_bootstrap_ranking","coefficient_direct_recipients_ranking_variant_2"] returned response: <Response [200]>
2021-08-11 13:35:30,030 - instabot version: 0.117.0 (api) - DEBUG - GET to endpoint: business/eligibility/get_monetization_products_eligibility_data/?product_types=branded_content returned response: <Response [200]>
2021-08-11 13:35:30,174 - instabot version: 0.117.0 (api) - DEBUG - GET to endpoint: business/branded_content/should_require_professional_account/ returned response: <Response [200]>
2021-08-11 13:35:30,319 - instabot version: 0.117.0 (api) - DEBUG - GET to endpoint: linked_accounts/get_linkage_status/ returned response: <Response [200]>
2021-08-11 13:35:30,468 - instabot version: 0.117.0 (api) - DEBUG - GET to endpoint: locations/request_country/ returned response: <Response [200]>
2021-08-11 13:35:30,611 - instabot version: 0.117.0 (api) - DEBUG - GET to endpoint: qp/get_cooldowns/?signed_body=signed_body=4b9c516a5410a3bc128e09c6104a7f042146b9c2023870560c63a43a7f66781c.4&ig_sig_key_version=4&ig_sig_key_version=4 returned response: <Response [200]>
2021-08-11 13:35:30,785 - instabot version: 0.117.0 (api) - DEBUG - GET to endpoint: users/arlink_download_info/?version_override=2.2.1 returned response: <Response [200]>
2021-08-11 13:35:31,073 - instabot version: 0.117.0 (api) - DEBUG - GET to endpoint: users/49050629623/info/ returned response: <Response [200]>
2021-08-11 13:35:31,560 - instabot version: 0.117.0 (api) - DEBUG - GET to endpoint: direct_v2/get_presence/ returned response: <Response [200]>
2021-08-11 13:35:32,090 - instabot version: 0.117.0 (api) - DEBUG - GET to endpoint: direct_v2/inbox/?visual_message_return_type=unseen&thread_message_limit=10&persistentBadging=true&limit=20 returned response: <Response [200]>
2021-08-11 13:35:32,286 - instabot version: 0.117.0 (api) - DEBUG - GET to endpoint: direct_v2/inbox/?visual_message_return_type=unseen&persistentBadging=true&limit=0 returned response: <Response [200]>
2021-08-11 13:35:32,508 - instabot version: 0.117.0 (api) - DEBUG - GET to endpoint: discover/topical_explore/?is_prefetch=true&omit_cover_media=true&use_sectional_payload=true&timezone_offset=0&session_id=f2c06865-9da3-4ea1-83c3-5dccf78ffed7&include_fixed_destinations=true returned response: <Response [200]>
2021-08-11 13:35:32,659 - instabot version: 0.117.0 (api) - DEBUG - POST to endpoint: notifications/badge/ returned response: <Response [200]>
2021-08-11 13:35:33,063 - instabot version: 0.117.0 (api) - DEBUG - POST to endpoint: qp/batch_fetch/ returned response: <Response [200]>
2021-08-11 13:35:33,064 - instabot version: 0.117.0 (bot_checkpoint) - DEBUG - Loading Checkpoint file from: D:\Programming\2021\InstaBot/config/derbgang.checkpoint
2021-08-11 13:35:43,392 - instabot version: 0.117.0 (api) - DEBUG - GET to endpoint: users/cursed.image5/usernameinfo/ returned response: <Response [200]>
2021-08-11 13:35:44,240 - instabot version: 0.117.0 (api) - DEBUG - GET to endpoint: feed/user/13869174215/?max_id=&min_timestamp=None&rank_token=49050629623_650472df-a84f-4a1d-8342-5a355b45138b&ranked_content=true returned response: <Response [200]>
2021-08-11 13:35:44,571 - instabot version: 0.117.0 (api) - DEBUG - GET to endpoint: feed/user/13869174215/?max_id=2629181072762666030_13869174215&min_timestamp=None&rank_token=49050629623_650472df-a84f-4a1d-8342-5a355b45138b&ranked_content=true returned response: <Response [200]>
2021-08-11 13:35:44,831 - instabot version: 0.117.0 (api) - DEBUG - GET to endpoint: feed/user/13869174215/?max_id=2621208872059607458_13869174215&min_timestamp=None&rank_token=49050629623_650472df-a84f-4a1d-8342-5a355b45138b&ranked_content=true returned response: <Response [200]>
2021-08-11 13:35:45,146 - instabot version: 0.117.0 (api) - DEBUG - GET to endpoint: feed/user/13869174215/?max_id=2616759043862522538_13869174215&min_timestamp=None&rank_token=49050629623_650472df-a84f-4a1d-8342-5a355b45138b&ranked_content=true returned response: <Response [200]>
2021-08-11 13:35:45,437 - instabot version: 0.117.0 (api) - DEBUG - GET to endpoint: feed/user/13869174215/?max_id=2613147709832808322_13869174215&min_timestamp=None&rank_token=49050629623_650472df-a84f-4a1d-8342-5a355b45138b&ranked_content=true returned response: <Response [200]>
2021-08-11 13:35:45,743 - instabot version: 0.117.0 (api) - DEBUG - GET to endpoint: feed/user/13869174215/?max_id=2609516289222600962_13869174215&min_timestamp=None&rank_token=49050629623_650472df-a84f-4a1d-8342-5a355b45138b&ranked_content=true returned response: <Response [200]>
2021-08-11 13:35:46,040 - instabot version: 0.117.0 (api) - DEBUG - GET to endpoint: feed/user/13869174215/?max_id=2605552756672575729_13869174215&min_timestamp=None&rank_token=49050629623_650472df-a84f-4a1d-8342-5a355b45138b&ranked_content=true returned response: <Response [200]>
2021-08-11 13:35:46,322 - instabot version: 0.117.0 (api) - DEBUG - GET to endpoint: feed/user/13869174215/?max_id=2601926433702080708_13869174215&min_timestamp=None&rank_token=49050629623_650472df-a84f-4a1d-8342-5a355b45138b&ranked_content=true returned response: <Response [200]>
2021-08-11 13:35:46,645 - instabot version: 0.117.0 (api) - DEBUG - GET to endpoint: feed/user/13869174215/?max_id=2597925137977647050_13869174215&min_timestamp=None&rank_token=49050629623_650472df-a84f-4a1d-8342-5a355b45138b&ranked_content=true returned response: <Response [200]>
2021-08-11 13:35:46,941 - instabot version: 0.117.0 (api) - DEBUG - GET to endpoint: feed/user/13869174215/?max_id=2593953811169093453_13869174215&min_timestamp=None&rank_token=49050629623_650472df-a84f-4a1d-8342-5a355b45138b&ranked_content=true returned response: <Response [200]>
2021-08-11 13:35:47,239 - instabot version: 0.117.0 (api) - DEBUG - GET to endpoint: feed/user/13869174215/?max_id=2589939804252569428_13869174215&min_timestamp=None&rank_token=49050629623_650472df-a84f-4a1d-8342-5a355b45138b&ranked_content=true returned response: <Response [200]>
2021-08-11 13:35:47,532 - instabot version: 0.117.0 (api) - DEBUG - GET to endpoint: feed/user/13869174215/?max_id=2585983727851050783_13869174215&min_timestamp=None&rank_token=49050629623_650472df-a84f-4a1d-8342-5a355b45138b&ranked_content=true returned response: <Response [200]>
2021-08-11 13:35:47,813 - instabot version: 0.117.0 (api) - DEBUG - GET to endpoint: feed/user/13869174215/?max_id=2581977330643066357_13869174215&min_timestamp=None&rank_token=49050629623_650472df-a84f-4a1d-8342-5a355b45138b&ranked_content=true returned response: <Response [200]>
2021-08-11 13:35:48,121 - instabot version: 0.117.0 (api) - DEBUG - GET to endpoint: feed/user/13869174215/?max_id=2578356219848712575_13869174215&min_timestamp=None&rank_token=49050629623_650472df-a84f-4a1d-8342-5a355b45138b&ranked_content=true returned response: <Response [200]>
2021-08-11 13:35:48,488 - instabot version: 0.117.0 (api) - DEBUG - GET to endpoint: feed/user/13869174215/?max_id=2574354651593651332_13869174215&min_timestamp=None&rank_token=49050629623_650472df-a84f-4a1d-8342-5a355b45138b&ranked_content=true returned response: <Response [200]>
2021-08-11 13:35:48,799 - instabot version: 0.117.0 (api) - DEBUG - GET to endpoint: feed/user/13869174215/?max_id=2570368321685991344_13869174215&min_timestamp=None&rank_token=49050629623_650472df-a84f-4a1d-8342-5a355b45138b&ranked_content=true returned response: <Response [200]>
2021-08-11 13:35:49,138 - instabot version: 0.117.0 (api) - DEBUG - GET to endpoint: feed/user/13869174215/?max_id=2566412257793882806_13869174215&min_timestamp=None&rank_token=49050629623_650472df-a84f-4a1d-8342-5a355b45138b&ranked_content=true returned response: <Response [200]>
2021-08-11 13:35:49,498 - instabot version: 0.117.0 (api) - DEBUG - GET to endpoint: feed/user/13869174215/?max_id=2562413403647561569_13869174215&min_timestamp=None&rank_token=49050629623_650472df-a84f-4a1d-8342-5a355b45138b&ranked_content=true returned response: <Response [200]>
2021-08-11 13:35:49,829 - instabot version: 0.117.0 (api) - DEBUG - GET to endpoint: feed/user/13869174215/?max_id=2558439844894621752_13869174215&min_timestamp=None&rank_token=49050629623_650472df-a84f-4a1d-8342-5a355b45138b&ranked_content=true returned response: <Response [200]>
2021-08-11 13:35:50,175 - instabot version: 0.117.0 (api) - DEBUG - GET to endpoint: feed/user/13869174215/?max_id=2554425769581476115_13869174215&min_timestamp=None&rank_token=49050629623_650472df-a84f-4a1d-8342-5a355b45138b&ranked_content=true returned response: <Response [200]>
2021-08-11 13:35:50,619 - instabot version: 0.117.0 (api) - DEBUG - GET to endpoint: feed/user/13869174215/?max_id=2550465993228828833_13869174215&min_timestamp=None&rank_token=49050629623_650472df-a84f-4a1d-8342-5a355b45138b&ranked_content=true returned response: <Response [200]>
2021-08-11 13:35:51,072 - instabot version: 0.117.0 (api) - DEBUG - GET to endpoint: feed/user/13869174215/?max_id=2547195646658663574_13869174215&min_timestamp=None&rank_token=49050629623_650472df-a84f-4a1d-8342-5a355b45138b&ranked_content=true returned response: <Response [200]>
2021-08-11 13:35:51,367 - instabot version: 0.117.0 (api) - DEBUG - GET to endpoint: feed/user/13869174215/?max_id=2543911543202859673_13869174215&min_timestamp=None&rank_token=49050629623_650472df-a84f-4a1d-8342-5a355b45138b&ranked_content=true returned response: <Response [200]>
2021-08-11 13:35:51,774 - instabot version: 0.117.0 (api) - DEBUG - GET to endpoint: feed/user/13869174215/?max_id=2539927797112221670_13869174215&min_timestamp=None&rank_token=49050629623_650472df-a84f-4a1d-8342-5a355b45138b&ranked_content=true returned response: <Response [200]>
2021-08-11 13:35:52,089 - instabot version: 0.117.0 (api) - DEBUG - GET to endpoint: feed/user/13869174215/?max_id=2536346657829765845_13869174215&min_timestamp=None&rank_token=49050629623_650472df-a84f-4a1d-8342-5a355b45138b&ranked_content=true returned response: <Response [200]>
2021-08-11 13:35:52,442 - instabot version: 0.117.0 (api) - DEBUG - GET to endpoint: feed/user/13869174215/?max_id=2532388100305317353_13869174215&min_timestamp=None&rank_token=49050629623_650472df-a84f-4a1d-8342-5a355b45138b&ranked_content=true returned response: <Response [200]>
2021-08-11 13:35:52,730 - instabot version: 0.117.0 (api) - DEBUG - GET to endpoint: feed/user/13869174215/?max_id=2528723965214281856_13869174215&min_timestamp=None&rank_token=49050629623_650472df-a84f-4a1d-8342-5a355b45138b&ranked_content=true returned response: <Response [200]>
2021-08-11 13:35:53,040 - instabot version: 0.117.0 (api) - DEBUG - GET to endpoint: feed/user/13869174215/?max_id=2524737718122154542_13869174215&min_timestamp=None&rank_token=49050629623_650472df-a84f-4a1d-8342-5a355b45138b&ranked_content=true returned response: <Response [200]>
2021-08-11 13:35:53,432 - instabot version: 0.117.0 (api) - DEBUG - GET to endpoint: feed/user/13869174215/?max_id=2521121500224829390_13869174215&min_timestamp=None&rank_token=49050629623_650472df-a84f-4a1d-8342-5a355b45138b&ranked_content=true returned response: <Response [200]>
2021-08-11 13:35:53,842 - instabot version: 0.117.0 (api) - DEBUG - GET to endpoint: feed/user/13869174215/?max_id=2517505088604579432_13869174215&min_timestamp=None&rank_token=49050629623_650472df-a84f-4a1d-8342-5a355b45138b&ranked_content=true returned response: <Response [200]>
2021-08-11 13:35:54,142 - instabot version: 0.117.0 (api) - DEBUG - GET to endpoint: feed/user/13869174215/?max_id=2514258641577552052_13869174215&min_timestamp=None&rank_token=49050629623_650472df-a84f-4a1d-8342-5a355b45138b&ranked_content=true returned response: <Response [200]>
2021-08-11 13:35:54,563 - instabot version: 0.117.0 (api) - DEBUG - GET to endpoint: feed/user/13869174215/?max_id=2510964401171982872_13869174215&min_timestamp=None&rank_token=49050629623_650472df-a84f-4a1d-8342-5a355b45138b&ranked_content=true returned response: <Response [200]>
2021-08-11 13:35:54,873 - instabot version: 0.117.0 (api) - DEBUG - GET to endpoint: feed/user/13869174215/?max_id=2507445810260067328_13869174215&min_timestamp=None&rank_token=49050629623_650472df-a84f-4a1d-8342-5a355b45138b&ranked_content=true returned response: <Response [200]>
2021-08-11 13:35:55,176 - instabot version: 0.117.0 (api) - DEBUG - GET to endpoint: feed/user/13869174215/?max_id=2503356857562107324_13869174215&min_timestamp=None&rank_token=49050629623_650472df-a84f-4a1d-8342-5a355b45138b&ranked_content=true returned response: <Response [200]>
2021-08-11 13:35:55,493 - instabot version: 0.117.0 (api) - DEBUG - GET to endpoint: feed/user/13869174215/?max_id=2500943117584641281_13869174215&min_timestamp=None&rank_token=49050629623_650472df-a84f-4a1d-8342-5a355b45138b&ranked_content=true returned response: <Response [200]>
2021-08-11 13:35:56,113 - instabot version: 0.117.0 (api) - DEBUG - GET to endpoint: feed/user/13869174215/?max_id=2498283431010294463_13869174215&min_timestamp=None&rank_token=49050629623_650472df-a84f-4a1d-8342-5a355b45138b&ranked_content=true returned response: <Response [200]>
2021-08-11 13:35:56,434 - instabot version: 0.117.0 (api) - DEBUG - GET to endpoint: feed/user/13869174215/?max_id=2495761810779660771_13869174215&min_timestamp=None&rank_token=49050629623_650472df-a84f-4a1d-8342-5a355b45138b&ranked_content=true returned response: <Response [200]>
2021-08-11 13:35:56,732 - instabot version: 0.117.0 (api) - DEBUG - GET to endpoint: feed/user/13869174215/?max_id=2492896690635740047_13869174215&min_timestamp=None&rank_token=49050629623_650472df-a84f-4a1d-8342-5a355b45138b&ranked_content=true returned response: <Response [200]>
2021-08-11 13:35:57,016 - instabot version: 0.117.0 (api) - DEBUG - GET to endpoint: feed/user/13869174215/?max_id=2490035805613357200_13869174215&min_timestamp=None&rank_token=49050629623_650472df-a84f-4a1d-8342-5a355b45138b&ranked_content=true returned response: <Response [200]>
2021-08-11 13:35:57,288 - instabot version: 0.117.0 (api) - DEBUG - GET to endpoint: feed/user/13869174215/?max_id=2486732359787741412_13869174215&min_timestamp=None&rank_token=49050629623_650472df-a84f-4a1d-8342-5a355b45138b&ranked_content=true returned response: <Response [200]>
2021-08-11 13:35:57,597 - instabot version: 0.117.0 (api) - DEBUG - GET to endpoint: feed/user/13869174215/?max_id=2482720829293601208_13869174215&min_timestamp=None&rank_token=49050629623_650472df-a84f-4a1d-8342-5a355b45138b&ranked_content=true returned response: <Response [200]>
2021-08-11 13:35:57,962 - instabot version: 0.117.0 (api) - DEBUG - GET to endpoint: feed/user/13869174215/?max_id=2478752239038765168_13869174215&min_timestamp=None&rank_token=49050629623_650472df-a84f-4a1d-8342-5a355b45138b&ranked_content=true returned response: <Response [200]>
2021-08-11 13:35:58,322 - instabot version: 0.117.0 (api) - DEBUG - GET to endpoint: feed/user/13869174215/?max_id=2475118222951480584_13869174215&min_timestamp=None&rank_token=49050629623_650472df-a84f-4a1d-8342-5a355b45138b&ranked_content=true returned response: <Response [200]>
2021-08-11 13:35:58,633 - instabot version: 0.117.0 (api) - DEBUG - GET to endpoint: feed/user/13869174215/?max_id=2471101842343410664_13869174215&min_timestamp=None&rank_token=49050629623_650472df-a84f-4a1d-8342-5a355b45138b&ranked_content=true returned response: <Response [200]>
2021-08-11 13:35:59,047 - instabot version: 0.117.0 (api) - DEBUG - GET to endpoint: feed/user/13869174215/?max_id=2467518227559871289_13869174215&min_timestamp=None&rank_token=49050629623_650472df-a84f-4a1d-8342-5a355b45138b&ranked_content=true returned response: <Response [200]>
2021-08-11 13:35:59,475 - instabot version: 0.117.0 (api) - DEBUG - GET to endpoint: feed/user/13869174215/?max_id=2463549501526183565_13869174215&min_timestamp=None&rank_token=49050629623_650472df-a84f-4a1d-8342-5a355b45138b&ranked_content=true returned response: <Response [200]>
2021-08-11 13:35:59,790 - instabot version: 0.117.0 (api) - DEBUG - GET to endpoint: feed/user/13869174215/?max_id=2459530545717158185_13869174215&min_timestamp=None&rank_token=49050629623_650472df-a84f-4a1d-8342-5a355b45138b&ranked_content=true returned response: <Response [200]>
2021-08-11 13:36:00,110 - instabot version: 0.117.0 (api) - DEBUG - GET to endpoint: feed/user/13869174215/?max_id=2455579668374307892_13869174215&min_timestamp=None&rank_token=49050629623_650472df-a84f-4a1d-8342-5a355b45138b&ranked_content=true returned response: <Response [200]>
2021-08-11 13:36:00,440 - instabot version: 0.117.0 (api) - DEBUG - GET to endpoint: feed/user/13869174215/?max_id=2451618429724054352_13869174215&min_timestamp=None&rank_token=49050629623_650472df-a84f-4a1d-8342-5a355b45138b&ranked_content=true returned response: <Response [200]>
2021-08-11 13:36:00,733 - instabot version: 0.117.0 (api) - DEBUG - GET to endpoint: feed/user/13869174215/?max_id=2447614536338001877_13869174215&min_timestamp=None&rank_token=49050629623_650472df-a84f-4a1d-8342-5a355b45138b&ranked_content=true returned response: <Response [200]>
2021-08-11 13:36:01,124 - instabot version: 0.117.0 (api) - DEBUG - GET to endpoint: feed/user/13869174215/?max_id=2443464688237889437_13869174215&min_timestamp=None&rank_token=49050629623_650472df-a84f-4a1d-8342-5a355b45138b&ranked_content=true returned response: <Response [200]>
2021-08-11 13:36:01,443 - instabot version: 0.117.0 (api) - DEBUG - GET to endpoint: feed/user/13869174215/?max_id=2439617310992844088_13869174215&min_timestamp=None&rank_token=49050629623_650472df-a84f-4a1d-8342-5a355b45138b&ranked_content=true returned response: <Response [200]>
2021-08-11 13:36:01,747 - instabot version: 0.117.0 (api) - DEBUG - GET to endpoint: feed/user/13869174215/?max_id=2435815706958500677_13869174215&min_timestamp=None&rank_token=49050629623_650472df-a84f-4a1d-8342-5a355b45138b&ranked_content=true returned response: <Response [200]>
2021-08-11 13:36:02,143 - instabot version: 0.117.0 (api) - DEBUG - GET to endpoint: feed/user/13869174215/?max_id=2431996577125033474_13869174215&min_timestamp=None&rank_token=49050629623_650472df-a84f-4a1d-8342-5a355b45138b&ranked_content=true returned response: <Response [200]>
2021-08-11 13:36:02,509 - instabot version: 0.117.0 (api) - DEBUG - GET to endpoint: feed/user/13869174215/?max_id=2428043070745097829_13869174215&min_timestamp=None&rank_token=49050629623_650472df-a84f-4a1d-8342-5a355b45138b&ranked_content=true returned response: <Response [200]>
2021-08-11 13:36:02,868 - instabot version: 0.117.0 (api) - DEBUG - GET to endpoint: feed/user/13869174215/?max_id=2424716096599989952_13869174215&min_timestamp=None&rank_token=49050629623_650472df-a84f-4a1d-8342-5a355b45138b&ranked_content=true returned response: <Response [200]>
2021-08-11 13:36:03,171 - instabot version: 0.117.0 (api) - DEBUG - GET to endpoint: feed/user/13869174215/?max_id=2421771708858715939_13869174215&min_timestamp=None&rank_token=49050629623_650472df-a84f-4a1d-8342-5a355b45138b&ranked_content=true returned response: <Response [200]>
2021-08-11 13:36:03,559 - instabot version: 0.117.0 (api) - DEBUG - GET to endpoint: feed/user/13869174215/?max_id=2418408328667847128_13869174215&min_timestamp=None&rank_token=49050629623_650472df-a84f-4a1d-8342-5a355b45138b&ranked_content=true returned response: <Response [200]>
2021-08-11 13:36:03,871 - instabot version: 0.117.0 (api) - DEBUG - GET to endpoint: feed/user/13869174215/?max_id=2414531515888226561_13869174215&min_timestamp=None&rank_token=49050629623_650472df-a84f-4a1d-8342-5a355b45138b&ranked_content=true returned response: <Response [200]>
2021-08-11 13:36:04,154 - instabot version: 0.117.0 (api) - DEBUG - GET to endpoint: feed/user/13869174215/?max_id=2410927791542485197_13869174215&min_timestamp=None&rank_token=49050629623_650472df-a84f-4a1d-8342-5a355b45138b&ranked_content=true returned response: <Response [200]>
2021-08-11 13:36:04,511 - instabot version: 0.117.0 (api) - DEBUG - GET to endpoint: feed/user/13869174215/?max_id=2406991883320247136_13869174215&min_timestamp=None&rank_token=49050629623_650472df-a84f-4a1d-8342-5a355b45138b&ranked_content=true returned response: <Response [200]>
2021-08-11 13:36:05,422 - instabot version: 0.117.0 (api) - DEBUG - GET to endpoint: feed/user/13869174215/?max_id=2402644391570071297_13869174215&min_timestamp=None&rank_token=49050629623_650472df-a84f-4a1d-8342-5a355b45138b&ranked_content=true returned response: <Response [200]>
2021-08-11 13:36:05,733 - instabot version: 0.117.0 (api) - DEBUG - GET to endpoint: feed/user/13869174215/?max_id=2399011842297743033_13869174215&min_timestamp=None&rank_token=49050629623_650472df-a84f-4a1d-8342-5a355b45138b&ranked_content=true returned response: <Response [200]>
2021-08-11 13:36:06,039 - instabot version: 0.117.0 (api) - DEBUG - GET to endpoint: feed/user/13869174215/?max_id=2395352515246179262_13869174215&min_timestamp=None&rank_token=49050629623_650472df-a84f-4a1d-8342-5a355b45138b&ranked_content=true returned response: <Response [200]>
2021-08-11 13:36:06,456 - instabot version: 0.117.0 (api) - DEBUG - GET to endpoint: feed/user/13869174215/?max_id=2390568714913524230_13869174215&min_timestamp=None&rank_token=49050629623_650472df-a84f-4a1d-8342-5a355b45138b&ranked_content=true returned response: <Response [200]>
2021-08-11 13:36:06,892 - instabot version: 0.117.0 (api) - DEBUG - GET to endpoint: feed/user/13869174215/?max_id=2386328158687631352_13869174215&min_timestamp=None&rank_token=49050629623_650472df-a84f-4a1d-8342-5a355b45138b&ranked_content=true returned response: <Response [200]>
2021-08-11 13:36:07,193 - instabot version: 0.117.0 (api) - DEBUG - GET to endpoint: feed/user/13869174215/?max_id=2381992501190178084_13869174215&min_timestamp=None&rank_token=49050629623_650472df-a84f-4a1d-8342-5a355b45138b&ranked_content=true returned response: <Response [200]>
2021-08-11 13:36:07,584 - instabot version: 0.117.0 (api) - DEBUG - GET to endpoint: feed/user/13869174215/?max_id=2377632809181569845_13869174215&min_timestamp=None&rank_token=49050629623_650472df-a84f-4a1d-8342-5a355b45138b&ranked_content=true returned response: <Response [200]>
2021-08-11 13:36:07,894 - instabot version: 0.117.0 (api) - DEBUG - GET to endpoint: feed/user/13869174215/?max_id=2373267162100278856_13869174215&min_timestamp=None&rank_token=49050629623_650472df-a84f-4a1d-8342-5a355b45138b&ranked_content=true returned response: <Response [200]>
2021-08-11 13:36:08,205 - instabot version: 0.117.0 (api) - DEBUG - GET to endpoint: feed/user/13869174215/?max_id=2369306438336495024_13869174215&min_timestamp=None&rank_token=49050629623_650472df-a84f-4a1d-8342-5a355b45138b&ranked_content=true returned response: <Response [200]>
2021-08-11 13:36:08,555 - instabot version: 0.117.0 (api) - DEBUG - GET to endpoint: feed/user/13869174215/?max_id=2365274067178056758_13869174215&min_timestamp=None&rank_token=49050629623_650472df-a84f-4a1d-8342-5a355b45138b&ranked_content=true returned response: <Response [200]>
2021-08-11 13:36:08,850 - instabot version: 0.117.0 (api) - DEBUG - GET to endpoint: feed/user/13869174215/?max_id=2361279579132735792_13869174215&min_timestamp=None&rank_token=49050629623_650472df-a84f-4a1d-8342-5a355b45138b&ranked_content=true returned response: <Response [200]>
2021-08-11 13:36:09,183 - instabot version: 0.117.0 (api) - DEBUG - GET to endpoint: feed/user/13869174215/?max_id=2357345194314438858_13869174215&min_timestamp=None&rank_token=49050629623_650472df-a84f-4a1d-8342-5a355b45138b&ranked_content=true returned response: <Response [200]>
2021-08-11 13:36:09,544 - instabot version: 0.117.0 (api) - DEBUG - GET to endpoint: feed/user/13869174215/?max_id=2353350154726546381_13869174215&min_timestamp=None&rank_token=49050629623_650472df-a84f-4a1d-8342-5a355b45138b&ranked_content=true returned response: <Response [200]>
2021-08-11 13:36:09,838 - instabot version: 0.117.0 (api) - DEBUG - GET to endpoint: feed/user/13869174215/?max_id=2349007985303754832_13869174215&min_timestamp=None&rank_token=49050629623_650472df-a84f-4a1d-8342-5a355b45138b&ranked_content=true returned response: <Response [200]>
2021-08-11 13:36:10,172 - instabot version: 0.117.0 (api) - DEBUG - GET to endpoint: feed/user/13869174215/?max_id=2344654911630185485_13869174215&min_timestamp=None&rank_token=49050629623_650472df-a84f-4a1d-8342-5a355b45138b&ranked_content=true returned response: <Response [200]>
2021-08-11 13:36:10,534 - instabot version: 0.117.0 (api) - DEBUG - GET to endpoint: feed/user/13869174215/?max_id=2341037393241873080_13869174215&min_timestamp=None&rank_token=49050629623_650472df-a84f-4a1d-8342-5a355b45138b&ranked_content=true returned response: <Response [200]>
2021-08-11 13:36:10,846 - instabot version: 0.117.0 (api) - DEBUG - GET to endpoint: feed/user/13869174215/?max_id=2336690473795042052_13869174215&min_timestamp=None&rank_token=49050629623_650472df-a84f-4a1d-8342-5a355b45138b&ranked_content=true returned response: <Response [200]>
2021-08-11 13:36:11,138 - instabot version: 0.117.0 (api) - DEBUG - GET to endpoint: feed/user/13869174215/?max_id=2332717800911944273_13869174215&min_timestamp=None&rank_token=49050629623_650472df-a84f-4a1d-8342-5a355b45138b&ranked_content=true returned response: <Response [200]>
2021-08-11 13:36:12,580 - instabot version: 0.117.0 (api) - DEBUG - GET to endpoint: feed/user/13869174215/?max_id=2329431544174195027_13869174215&min_timestamp=None&rank_token=49050629623_650472df-a84f-4a1d-8342-5a355b45138b&ranked_content=true returned response: <Response [200]>
2021-08-11 13:36:12,853 - instabot version: 0.117.0 (api) - DEBUG - GET to endpoint: feed/user/13869174215/?max_id=2325800082635823428_13869174215&min_timestamp=None&rank_token=49050629623_650472df-a84f-4a1d-8342-5a355b45138b&ranked_content=true returned response: <Response [200]>
2021-08-11 13:36:13,172 - instabot version: 0.117.0 (api) - DEBUG - GET to endpoint: feed/user/13869174215/?max_id=2322179112956194724_13869174215&min_timestamp=None&rank_token=49050629623_650472df-a84f-4a1d-8342-5a355b45138b&ranked_content=true returned response: <Response [200]>
2021-08-11 13:36:13,457 - instabot version: 0.117.0 (api) - DEBUG - GET to endpoint: feed/user/13869174215/?max_id=2319636168684353441_13869174215&min_timestamp=None&rank_token=49050629623_650472df-a84f-4a1d-8342-5a355b45138b&ranked_content=true returned response: <Response [200]>
2021-08-11 13:36:13,750 - instabot version: 0.117.0 (api) - DEBUG - GET to endpoint: feed/user/13869174215/?max_id=2317100443405582429_13869174215&min_timestamp=None&rank_token=49050629623_650472df-a84f-4a1d-8342-5a355b45138b&ranked_content=true returned response: <Response [200]>
2021-08-11 13:36:14,051 - instabot version: 0.117.0 (api) - DEBUG - GET to endpoint: feed/user/13869174215/?max_id=2314920226930836881_13869174215&min_timestamp=None&rank_token=49050629623_650472df-a84f-4a1d-8342-5a355b45138b&ranked_content=true returned response: <Response [200]>
2021-08-11 13:36:14,410 - instabot version: 0.117.0 (api) - DEBUG - GET to endpoint: feed/user/13869174215/?max_id=2312752348211262920_13869174215&min_timestamp=None&rank_token=49050629623_650472df-a84f-4a1d-8342-5a355b45138b&ranked_content=true returned response: <Response [200]>
2021-08-11 13:36:14,769 - instabot version: 0.117.0 (api) - DEBUG - GET to endpoint: feed/user/13869174215/?max_id=2310584871557774312_13869174215&min_timestamp=None&rank_token=49050629623_650472df-a84f-4a1d-8342-5a355b45138b&ranked_content=true returned response: <Response [200]>
2021-08-11 13:36:15,119 - instabot version: 0.117.0 (api) - DEBUG - GET to endpoint: feed/user/13869174215/?max_id=2308398151144275774_13869174215&min_timestamp=None&rank_token=49050629623_650472df-a84f-4a1d-8342-5a355b45138b&ranked_content=true returned response: <Response [200]>
2021-08-11 13:36:15,628 - instabot version: 0.117.0 (api) - DEBUG - GET to endpoint: feed/user/13869174215/?max_id=2306214243035679865_13869174215&min_timestamp=None&rank_token=49050629623_650472df-a84f-4a1d-8342-5a355b45138b&ranked_content=true returned response: <Response [200]>
2021-08-11 13:36:15,925 - instabot version: 0.117.0 (api) - DEBUG - GET to endpoint: feed/user/13869174215/?max_id=2304077049810540101_13869174215&min_timestamp=None&rank_token=49050629623_650472df-a84f-4a1d-8342-5a355b45138b&ranked_content=true returned response: <Response [200]>
2021-08-11 13:36:16,740 - instabot version: 0.117.0 (api) - DEBUG - GET to endpoint: feed/user/13869174215/?max_id=2301874244593063835_13869174215&min_timestamp=None&rank_token=49050629623_650472df-a84f-4a1d-8342-5a355b45138b&ranked_content=true returned response: <Response [200]>
2021-08-11 13:36:17,059 - instabot version: 0.117.0 (api) - DEBUG - GET to endpoint: feed/user/13869174215/?max_id=2299689453617576586_13869174215&min_timestamp=None&rank_token=49050629623_650472df-a84f-4a1d-8342-5a355b45138b&ranked_content=true returned response: <Response [200]>
2021-08-11 13:36:17,405 - instabot version: 0.117.0 (api) - DEBUG - GET to endpoint: feed/user/13869174215/?max_id=2297526584993941762_13869174215&min_timestamp=None&rank_token=49050629623_650472df-a84f-4a1d-8342-5a355b45138b&ranked_content=true returned response: <Response [200]>
2021-08-11 13:36:17,738 - instabot version: 0.117.0 (api) - DEBUG - GET to endpoint: feed/user/13869174215/?max_id=2295342137951639984_13869174215&min_timestamp=None&rank_token=49050629623_650472df-a84f-4a1d-8342-5a355b45138b&ranked_content=true returned response: <Response [200]>
2021-08-11 13:36:18,091 - instabot version: 0.117.0 (api) - DEBUG - GET to endpoint: feed/user/13869174215/?max_id=2293164469550094550_13869174215&min_timestamp=None&rank_token=49050629623_650472df-a84f-4a1d-8342-5a355b45138b&ranked_content=true returned response: <Response [200]>
2021-08-11 13:36:18,532 - instabot version: 0.117.0 (api) - DEBUG - GET to endpoint: feed/user/13869174215/?max_id=2290653043946185771_13869174215&min_timestamp=None&rank_token=49050629623_650472df-a84f-4a1d-8342-5a355b45138b&ranked_content=true returned response: <Response [200]>
2021-08-11 13:36:18,865 - instabot version: 0.117.0 (api) - DEBUG - GET to endpoint: feed/user/13869174215/?max_id=2288480234285480501_13869174215&min_timestamp=None&rank_token=49050629623_650472df-a84f-4a1d-8342-5a355b45138b&ranked_content=true returned response: <Response [200]>
2021-08-11 13:36:19,176 - instabot version: 0.117.0 (api) - DEBUG - GET to endpoint: feed/user/13869174215/?max_id=2286670755873014289_13869174215&min_timestamp=None&rank_token=49050629623_650472df-a84f-4a1d-8342-5a355b45138b&ranked_content=true returned response: <Response [200]>
2021-08-11 13:36:19,556 - instabot version: 0.117.0 (api) - DEBUG - GET to endpoint: feed/user/13869174215/?max_id=2283761977997474681_13869174215&min_timestamp=None&rank_token=49050629623_650472df-a84f-4a1d-8342-5a355b45138b&ranked_content=true returned response: <Response [200]>
2021-08-11 13:36:19,922 - instabot version: 0.117.0 (api) - DEBUG - GET to endpoint: feed/user/13869174215/?max_id=2281596510239418928_13869174215&min_timestamp=None&rank_token=49050629623_650472df-a84f-4a1d-8342-5a355b45138b&ranked_content=true returned response: <Response [200]>
2021-08-11 13:36:20,277 - instabot version: 0.117.0 (api) - DEBUG - GET to endpoint: feed/user/13869174215/?max_id=2279401788905208642_13869174215&min_timestamp=None&rank_token=49050629623_650472df-a84f-4a1d-8342-5a355b45138b&ranked_content=true returned response: <Response [200]>
2021-08-11 13:36:20,637 - instabot version: 0.117.0 (api) - DEBUG - GET to endpoint: feed/user/13869174215/?max_id=2277252014538086703_13869174215&min_timestamp=None&rank_token=49050629623_650472df-a84f-4a1d-8342-5a355b45138b&ranked_content=true returned response: <Response [200]>
2021-08-11 13:36:20,987 - instabot version: 0.117.0 (api) - DEBUG - GET to endpoint: feed/user/13869174215/?max_id=2275442318952913632_13869174215&min_timestamp=None&rank_token=49050629623_650472df-a84f-4a1d-8342-5a355b45138b&ranked_content=true returned response: <Response [200]>
2021-08-11 13:36:21,300 - instabot version: 0.117.0 (api) - DEBUG - GET to endpoint: feed/user/13869174215/?max_id=2273259070306972476_13869174215&min_timestamp=None&rank_token=49050629623_650472df-a84f-4a1d-8342-5a355b45138b&ranked_content=true returned response: <Response [200]>
2021-08-11 13:36:21,613 - instabot version: 0.117.0 (api) - DEBUG - GET to endpoint: feed/user/13869174215/?max_id=2270762182848634484_13869174215&min_timestamp=None&rank_token=49050629623_650472df-a84f-4a1d-8342-5a355b45138b&ranked_content=true returned response: <Response [200]>
2021-08-11 13:36:21,934 - instabot version: 0.117.0 (api) - DEBUG - GET to endpoint: feed/user/13869174215/?max_id=2268565181423751509_13869174215&min_timestamp=None&rank_token=49050629623_650472df-a84f-4a1d-8342-5a355b45138b&ranked_content=true returned response: <Response [200]>
2021-08-11 13:36:22,261 - instabot version: 0.117.0 (api) - DEBUG - GET to endpoint: feed/user/13869174215/?max_id=2266434778416159990_13869174215&min_timestamp=None&rank_token=49050629623_650472df-a84f-4a1d-8342-5a355b45138b&ranked_content=true returned response: <Response [200]>
2021-08-11 13:36:22,613 - instabot version: 0.117.0 (api) - DEBUG - GET to endpoint: feed/user/13869174215/?max_id=2264251494429061918_13869174215&min_timestamp=None&rank_token=49050629623_650472df-a84f-4a1d-8342-5a355b45138b&ranked_content=true returned response: <Response [200]>
2021-08-11 13:36:22,990 - instabot version: 0.117.0 (api) - DEBUG - GET to endpoint: feed/user/13869174215/?max_id=2262026061956425975_13869174215&min_timestamp=None&rank_token=49050629623_650472df-a84f-4a1d-8342-5a355b45138b&ranked_content=true returned response: <Response [200]>
2021-08-11 13:36:23,330 - instabot version: 0.117.0 (api) - DEBUG - GET to endpoint: feed/user/13869174215/?max_id=2259894515824727358_13869174215&min_timestamp=None&rank_token=49050629623_650472df-a84f-4a1d-8342-5a355b45138b&ranked_content=true returned response: <Response [200]>
2021-08-11 13:36:23,664 - instabot version: 0.117.0 (api) - DEBUG - GET to endpoint: feed/user/13869174215/?max_id=2257716412021021713_13869174215&min_timestamp=None&rank_token=49050629623_650472df-a84f-4a1d-8342-5a355b45138b&ranked_content=true returned response: <Response [200]>
2021-08-11 13:36:23,985 - instabot version: 0.117.0 (api) - DEBUG - GET to endpoint: feed/user/13869174215/?max_id=2255900852085983121_13869174215&min_timestamp=None&rank_token=49050629623_650472df-a84f-4a1d-8342-5a355b45138b&ranked_content=true returned response: <Response [200]>
2021-08-11 13:36:24,358 - instabot version: 0.117.0 (api) - DEBUG - GET to endpoint: feed/user/13869174215/?max_id=2253351749888008663_13869174215&min_timestamp=None&rank_token=49050629623_650472df-a84f-4a1d-8342-5a355b45138b&ranked_content=true returned response: <Response [200]>
2021-08-11 13:36:24,701 - instabot version: 0.117.0 (api) - DEBUG - GET to endpoint: feed/user/13869174215/?max_id=2251165165629701613_13869174215&min_timestamp=None&rank_token=49050629623_650472df-a84f-4a1d-8342-5a355b45138b&ranked_content=true returned response: <Response [200]>
2021-08-11 13:36:25,051 - instabot version: 0.117.0 (api) - DEBUG - GET to endpoint: feed/user/13869174215/?max_id=2249023478694275335_13869174215&min_timestamp=None&rank_token=49050629623_650472df-a84f-4a1d-8342-5a355b45138b&ranked_content=true returned response: <Response [200]>
2021-08-11 13:36:25,413 - instabot version: 0.117.0 (api) - DEBUG - GET to endpoint: feed/user/13869174215/?max_id=2246468684859477525_13869174215&min_timestamp=None&rank_token=49050629623_650472df-a84f-4a1d-8342-5a355b45138b&ranked_content=true returned response: <Response [200]>
2021-08-11 13:36:25,761 - instabot version: 0.117.0 (api) - DEBUG - GET to endpoint: feed/user/13869174215/?max_id=2243982439130507746_13869174215&min_timestamp=None&rank_token=49050629623_650472df-a84f-4a1d-8342-5a355b45138b&ranked_content=true returned response: <Response [200]>
2021-08-11 13:36:26,141 - instabot version: 0.117.0 (api) - DEBUG - GET to endpoint: feed/user/13869174215/?max_id=2241751538342319498_13869174215&min_timestamp=None&rank_token=49050629623_650472df-a84f-4a1d-8342-5a355b45138b&ranked_content=true returned response: <Response [200]>
2021-08-11 13:36:26,499 - instabot version: 0.117.0 (api) - DEBUG - GET to endpoint: feed/user/13869174215/?max_id=2239644815922173042_13869174215&min_timestamp=None&rank_token=49050629623_650472df-a84f-4a1d-8342-5a355b45138b&ranked_content=true returned response: <Response [200]>
2021-08-11 13:36:26,862 - instabot version: 0.117.0 (api) - DEBUG - GET to endpoint: feed/user/13869174215/?max_id=2236964078899033269_13869174215&min_timestamp=None&rank_token=49050629623_650472df-a84f-4a1d-8342-5a355b45138b&ranked_content=true returned response: <Response [200]>
2021-08-11 13:36:27,195 - instabot version: 0.117.0 (api) - DEBUG - GET to endpoint: feed/user/13869174215/?max_id=2234470160705807877_13869174215&min_timestamp=None&rank_token=49050629623_650472df-a84f-4a1d-8342-5a355b45138b&ranked_content=true returned response: <Response [200]>
2021-08-11 13:36:27,509 - instabot version: 0.117.0 (api) - DEBUG - GET to endpoint: feed/user/13869174215/?max_id=2232182215051351891_13869174215&min_timestamp=None&rank_token=49050629623_650472df-a84f-4a1d-8342-5a355b45138b&ranked_content=true returned response: <Response [200]>
2021-08-11 13:36:27,886 - instabot version: 0.117.0 (api) - DEBUG - GET to endpoint: feed/user/13869174215/?max_id=2229945151513817942_13869174215&min_timestamp=None&rank_token=49050629623_650472df-a84f-4a1d-8342-5a355b45138b&ranked_content=true returned response: <Response [200]>
2021-08-11 13:36:28,298 - instabot version: 0.117.0 (api) - DEBUG - GET to endpoint: feed/user/13869174215/?max_id=2227590757573195809_13869174215&min_timestamp=None&rank_token=49050629623_650472df-a84f-4a1d-8342-5a355b45138b&ranked_content=true returned response: <Response [200]>
2021-08-11 13:36:28,626 - instabot version: 0.117.0 (api) - DEBUG - GET to endpoint: feed/user/13869174215/?max_id=2225692582499271179_13869174215&min_timestamp=None&rank_token=49050629623_650472df-a84f-4a1d-8342-5a355b45138b&ranked_content=true returned response: <Response [200]>
2021-08-11 13:36:29,004 - instabot version: 0.117.0 (api) - DEBUG - GET to endpoint: feed/user/13869174215/?max_id=2223662248396016060_13869174215&min_timestamp=None&rank_token=49050629623_650472df-a84f-4a1d-8342-5a355b45138b&ranked_content=true returned response: <Response [200]>
2021-08-11 13:36:29,439 - instabot version: 0.117.0 (api) - DEBUG - GET to endpoint: feed/user/13869174215/?max_id=2221952661829713857_13869174215&min_timestamp=None&rank_token=49050629623_650472df-a84f-4a1d-8342-5a355b45138b&ranked_content=true returned response: <Response [200]>
2021-08-11 13:36:29,829 - instabot version: 0.117.0 (api) - DEBUG - GET to endpoint: feed/user/13869174215/?max_id=2220317659450815027_13869174215&min_timestamp=None&rank_token=49050629623_650472df-a84f-4a1d-8342-5a355b45138b&ranked_content=true returned response: <Response [200]>
2021-08-11 13:36:30,178 - instabot version: 0.117.0 (api) - DEBUG - GET to endpoint: feed/user/13869174215/?max_id=2218150240418389695_13869174215&min_timestamp=None&rank_token=49050629623_650472df-a84f-4a1d-8342-5a355b45138b&ranked_content=true returned response: <Response [200]>
2021-08-11 13:36:30,493 - instabot version: 0.117.0 (api) - DEBUG - GET to endpoint: feed/user/13869174215/?max_id=2215941782218586226_13869174215&min_timestamp=None&rank_token=49050629623_650472df-a84f-4a1d-8342-5a355b45138b&ranked_content=true returned response: <Response [200]>
2021-08-11 13:36:30,801 - instabot version: 0.117.0 (api) - DEBUG - GET to endpoint: feed/user/13869174215/?max_id=2213904829235079207_13869174215&min_timestamp=None&rank_token=49050629623_650472df-a84f-4a1d-8342-5a355b45138b&ranked_content=true returned response: <Response [200]>
2021-08-11 13:36:31,108 - instabot version: 0.117.0 (api) - DEBUG - GET to endpoint: feed/user/13869174215/?max_id=2211904152468235651_13869174215&min_timestamp=None&rank_token=49050629623_650472df-a84f-4a1d-8342-5a355b45138b&ranked_content=true returned response: <Response [200]>
2021-08-11 13:36:31,416 - instabot version: 0.117.0 (api) - DEBUG - GET to endpoint: feed/user/13869174215/?max_id=2209723750043384702_13869174215&min_timestamp=None&rank_token=49050629623_650472df-a84f-4a1d-8342-5a355b45138b&ranked_content=true returned response: <Response [200]>
2021-08-11 13:36:31,750 - instabot version: 0.117.0 (api) - DEBUG - GET to endpoint: feed/user/13869174215/?max_id=2206212210577150626_13869174215&min_timestamp=None&rank_token=49050629623_650472df-a84f-4a1d-8342-5a355b45138b&ranked_content=true returned response: <Response [200]>
2021-08-11 13:36:32,057 - instabot version: 0.117.0 (api) - DEBUG - GET to endpoint: feed/user/13869174215/?max_id=2203250648626099001_13869174215&min_timestamp=None&rank_token=49050629623_650472df-a84f-4a1d-8342-5a355b45138b&ranked_content=true returned response: <Response [200]>
2021-08-11 13:36:32,350 - instabot version: 0.117.0 (api) - DEBUG - GET to endpoint: feed/user/13869174215/?max_id=2199728853014103197_13869174215&min_timestamp=None&rank_token=49050629623_650472df-a84f-4a1d-8342-5a355b45138b&ranked_content=true returned response: <Response [200]>
2021-08-11 13:36:32,688 - instabot version: 0.117.0 (api) - DEBUG - GET to endpoint: feed/user/13869174215/?max_id=2194658487303145830_13869174215&min_timestamp=None&rank_token=49050629623_650472df-a84f-4a1d-8342-5a355b45138b&ranked_content=true returned response: <Response [200]>
2021-08-11 13:36:33,004 - instabot version: 0.117.0 (api) - DEBUG - GET to endpoint: feed/user/13869174215/?max_id=2189948305261508331_13869174215&min_timestamp=None&rank_token=49050629623_650472df-a84f-4a1d-8342-5a355b45138b&ranked_content=true returned response: <Response [200]>
2021-08-11 13:36:33,318 - instabot version: 0.117.0 (api) - DEBUG - GET to endpoint: feed/user/13869174215/?max_id=2184534852849943496_13869174215&min_timestamp=None&rank_token=49050629623_650472df-a84f-4a1d-8342-5a355b45138b&ranked_content=true returned response: <Response [200]>
2021-08-11 13:36:33,584 - instabot version: 0.117.0 (api) - DEBUG - GET to endpoint: feed/user/13869174215/?max_id=2180139194498824761_13869174215&min_timestamp=None&rank_token=49050629623_650472df-a84f-4a1d-8342-5a355b45138b&ranked_content=true returned response: <Response [200]>
2021-08-11 13:36:33,821 - instabot version: 0.117.0 (api) - DEBUG - GET to endpoint: users/vocabexpansion/usernameinfo/ returned response: <Response [200]>
2021-08-11 13:36:34,591 - instabot version: 0.117.0 (api) - DEBUG - GET to endpoint: media/2629181072762666030_13869174215/info/ returned response: <Response [200]>
2021-08-11 13:36:34,974 - instabot version: 0.117.0 (api) - DEBUG - POST to endpoint: direct_v2/threads/broadcast/media_share/ returned response: <Response [200]>
2021-08-11 13:36:35,405 - instabot version: 0.117.0 (api) - DEBUG - POST to endpoint: direct_v2/inbox/ returned response: <Response [200]>
2021-08-11 13:36:35,407 - instabot version: 0.117.0 (bot_checkpoint) - DEBUG - Saving Checkpoint file to: D:\Programming\2021\InstaBot/config/derbgang.checkpoint
2021-08-11 13:36:35,407 - instabot version: 0.117.0 (bot) - INFO - Total messages: 9/52
2021-08-11 13:36:35,407 - instabot version: 0.117.0 (bot) - INFO - Total requests: 2241
