2021-08-04 00:45:13,580 - instabot version: 0.117.0 (bot) - INFO - Instabot version: 0.117.0 Started
2021-08-04 00:45:13,581 - instabot version: 0.117.0 (bot) - DEBUG - Bot imported from C:\Users\skyem\AppData\Local\Programs\Python\Python39\lib\site-packages\instabot\bot\bot.py
2021-08-04 00:45:14,914 - instabot version: 0.117.0 (api_login) - INFO - Not yet logged in starting: PRE-LOGIN FLOW!
2021-08-04 00:45:15,089 - instabot version: 0.117.0 (api) - DEBUG - POST to endpoint: accounts/get_prefill_candidates/ returned response: <Response [200]>
2021-08-04 00:45:15,265 - instabot version: 0.117.0 (api) - DEBUG - POST to endpoint: qe/sync/ returned response: <Response [200]>
2021-08-04 00:45:15,485 - instabot version: 0.117.0 (api) - DEBUG - POST to endpoint: launcher/sync/ returned response: <Response [200]>
2021-08-04 00:45:15,646 - instabot version: 0.117.0 (api) - DEBUG - POST to endpoint: accounts/contact_point_prefill/ returned response: <Response [200]>
2021-08-04 00:45:17,325 - instabot version: 0.117.0 (api) - DEBUG - POST to endpoint: accounts/login/ returned response: <Response [200]>
2021-08-04 00:45:17,325 - instabot version: 0.117.0 (api) - INFO - Logged-in successfully as 'vocabexpansion'!
2021-08-04 00:45:17,325 - instabot version: 0.117.0 (api_login) - INFO - LOGIN FLOW! Just logged-in: True
2021-08-04 00:45:17,487 - instabot version: 0.117.0 (api) - DEBUG - POST to endpoint: qe/sync/ returned response: <Response [200]>
2021-08-04 00:45:17,650 - instabot version: 0.117.0 (api) - DEBUG - POST to endpoint: launcher/sync/ returned response: <Response [200]>
2021-08-04 00:45:17,795 - instabot version: 0.117.0 (api) - DEBUG - GET to endpoint: zr/token/result/?device_id=android-e377a40ffa4f9abc&token_hash=&custom_device_id=android-e377a40ffa4f9abc&fetch_reason=token_expired returned response: <Response [200]>
2021-08-04 00:45:17,937 - instabot version: 0.117.0 (api) - DEBUG - GET to endpoint: multiple_accounts/get_account_family/ returned response: <Response [200]>
2021-08-04 00:45:18,099 - instabot version: 0.117.0 (api) - DEBUG - POST to endpoint: qe/sync/ returned response: <Response [200]>
2021-08-04 00:45:18,498 - instabot version: 0.117.0 (api) - DEBUG - GET to endpoint: igtv/browse_feed/?prefetch=1 returned response: <Response [200]>
2021-08-04 00:45:18,639 - instabot version: 0.117.0 (api) - DEBUG - POST to endpoint: creatives/ar_class/ returned response: <Response [200]>
2021-08-04 00:45:18,975 - instabot version: 0.117.0 (api) - DEBUG - POST to endpoint: feed/reels_tray/ returned response: <Response [200]>
2021-08-04 00:45:20,058 - instabot version: 0.117.0 (api) - DEBUG - POST to endpoint: feed/timeline/ returned response: <Response [200]>
2021-08-04 00:45:20,201 - instabot version: 0.117.0 (api) - DEBUG - GET to endpoint: media/blocked/ returned response: <Response [200]>
2021-08-04 00:45:20,434 - instabot version: 0.117.0 (api) - DEBUG - GET to endpoint: news/inbox/ returned response: <Response [200]>
2021-08-04 00:45:20,596 - instabot version: 0.117.0 (api) - DEBUG - GET to endpoint: loom/fetch_config/ returned response: <Response [200]>
2021-08-04 00:45:20,904 - instabot version: 0.117.0 (api) - DEBUG - GET to endpoint: scores/bootstrap/users/?surfaces=["autocomplete_user_list","coefficient_besties_list_ranking","coefficient_rank_recipient_user_suggestion","coefficient_ios_section_test_bootstrap_ranking","coefficient_direct_recipients_ranking_variant_2"] returned response: <Response [200]>
2021-08-04 00:45:21,048 - instabot version: 0.117.0 (api) - DEBUG - GET to endpoint: business/eligibility/get_monetization_products_eligibility_data/?product_types=branded_content returned response: <Response [200]>
2021-08-04 00:45:21,188 - instabot version: 0.117.0 (api) - DEBUG - GET to endpoint: business/branded_content/should_require_professional_account/ returned response: <Response [200]>
2021-08-04 00:45:21,330 - instabot version: 0.117.0 (api) - DEBUG - GET to endpoint: linked_accounts/get_linkage_status/ returned response: <Response [200]>
2021-08-04 00:45:21,484 - instabot version: 0.117.0 (api) - DEBUG - GET to endpoint: locations/request_country/ returned response: <Response [200]>
2021-08-04 00:45:21,621 - instabot version: 0.117.0 (api) - DEBUG - GET to endpoint: qp/get_cooldowns/?signed_body=signed_body=4b9c516a5410a3bc128e09c6104a7f042146b9c2023870560c63a43a7f66781c.4&ig_sig_key_version=4&ig_sig_key_version=4 returned response: <Response [200]>
2021-08-04 00:45:21,774 - instabot version: 0.117.0 (api) - DEBUG - GET to endpoint: users/arlink_download_info/?version_override=2.2.1 returned response: <Response [200]>
2021-08-04 00:45:22,031 - instabot version: 0.117.0 (api) - DEBUG - GET to endpoint: users/49051026324/info/ returned response: <Response [200]>
2021-08-04 00:45:22,204 - instabot version: 0.117.0 (api) - DEBUG - GET to endpoint: direct_v2/get_presence/ returned response: <Response [200]>
2021-08-04 00:45:22,506 - instabot version: 0.117.0 (api) - DEBUG - GET to endpoint: direct_v2/inbox/?visual_message_return_type=unseen&thread_message_limit=10&persistentBadging=true&limit=20 returned response: <Response [200]>
2021-08-04 00:45:22,700 - instabot version: 0.117.0 (api) - DEBUG - GET to endpoint: direct_v2/inbox/?visual_message_return_type=unseen&persistentBadging=true&limit=0 returned response: <Response [200]>
2021-08-04 00:45:22,956 - instabot version: 0.117.0 (api) - DEBUG - GET to endpoint: discover/topical_explore/?is_prefetch=true&omit_cover_media=true&use_sectional_payload=true&timezone_offset=0&session_id=59a1f099-e958-4cde-84be-dc4670948666&include_fixed_destinations=true returned response: <Response [200]>
2021-08-04 00:45:23,153 - instabot version: 0.117.0 (api) - DEBUG - POST to endpoint: notifications/badge/ returned response: <Response [200]>
2021-08-04 00:45:23,386 - instabot version: 0.117.0 (api) - DEBUG - POST to endpoint: qp/batch_fetch/ returned response: <Response [200]>
2021-08-04 00:45:23,387 - instabot version: 0.117.0 (bot_checkpoint) - DEBUG - Loading Checkpoint file from: D:\Programming\2021\InstaBot/config/vocabexpansion.checkpoint
2021-08-04 00:45:28,046 - instabot version: 0.117.0 (bot_checkpoint) - DEBUG - Saving Checkpoint file to: D:\Programming\2021\InstaBot/config/vocabexpansion.checkpoint
2021-08-04 00:45:28,047 - instabot version: 0.117.0 (bot) - INFO - Total requests: 61
