2021-08-14 11:37:17,284 - instabot version: 0.117.0 (bot) - INFO - Instabot version: 0.117.0 Started
2021-08-14 11:37:17,285 - instabot version: 0.117.0 (bot) - DEBUG - Bot imported from C:\Users\skyem\AppData\Local\Programs\Python\Python39\lib\site-packages\instabot\bot\bot.py
2021-08-14 11:37:18,563 - instabot version: 0.117.0 (api_login) - INFO - Not yet logged in starting: PRE-LOGIN FLOW!
2021-08-14 11:37:18,728 - instabot version: 0.117.0 (api) - DEBUG - POST to endpoint: accounts/get_prefill_candidates/ returned response: <Response [200]>
2021-08-14 11:37:18,977 - instabot version: 0.117.0 (api) - DEBUG - POST to endpoint: qe/sync/ returned response: <Response [200]>
2021-08-14 11:37:19,143 - instabot version: 0.117.0 (api) - DEBUG - POST to endpoint: launcher/sync/ returned response: <Response [200]>
2021-08-14 11:37:19,316 - instabot version: 0.117.0 (api) - DEBUG - POST to endpoint: accounts/contact_point_prefill/ returned response: <Response [200]>
2021-08-14 11:37:21,863 - instabot version: 0.117.0 (api) - DEBUG - POST to endpoint: accounts/login/ returned response: <Response [200]>
2021-08-14 11:37:21,863 - instabot version: 0.117.0 (api) - INFO - Logged-in successfully as 'derbgang'!
2021-08-14 11:37:21,863 - instabot version: 0.117.0 (api_login) - INFO - LOGIN FLOW! Just logged-in: True
2021-08-14 11:37:22,121 - instabot version: 0.117.0 (api) - DEBUG - POST to endpoint: qe/sync/ returned response: <Response [200]>
2021-08-14 11:37:22,298 - instabot version: 0.117.0 (api) - DEBUG - POST to endpoint: launcher/sync/ returned response: <Response [200]>
2021-08-14 11:37:22,465 - instabot version: 0.117.0 (api) - DEBUG - GET to endpoint: zr/token/result/?device_id=android-482d8e988b586de3&token_hash=&custom_device_id=android-482d8e988b586de3&fetch_reason=token_expired returned response: <Response [200]>
2021-08-14 11:37:22,616 - instabot version: 0.117.0 (api) - DEBUG - GET to endpoint: multiple_accounts/get_account_family/ returned response: <Response [200]>
2021-08-14 11:37:22,857 - instabot version: 0.117.0 (api) - DEBUG - POST to endpoint: qe/sync/ returned response: <Response [200]>
2021-08-14 11:37:23,247 - instabot version: 0.117.0 (api) - DEBUG - GET to endpoint: igtv/browse_feed/?prefetch=1 returned response: <Response [200]>
2021-08-14 11:37:23,390 - instabot version: 0.117.0 (api) - DEBUG - POST to endpoint: creatives/ar_class/ returned response: <Response [200]>
2021-08-14 11:37:23,772 - instabot version: 0.117.0 (api) - DEBUG - POST to endpoint: feed/reels_tray/ returned response: <Response [200]>
2021-08-14 11:37:24,949 - instabot version: 0.117.0 (api) - DEBUG - POST to endpoint: feed/timeline/ returned response: <Response [200]>
2021-08-14 11:37:25,102 - instabot version: 0.117.0 (api) - DEBUG - GET to endpoint: media/blocked/ returned response: <Response [200]>
2021-08-14 11:37:26,017 - instabot version: 0.117.0 (api) - DEBUG - GET to endpoint: news/inbox/ returned response: <Response [200]>
2021-08-14 11:37:26,190 - instabot version: 0.117.0 (api) - DEBUG - GET to endpoint: loom/fetch_config/ returned response: <Response [200]>
2021-08-14 11:37:26,452 - instabot version: 0.117.0 (api) - DEBUG - GET to endpoint: scores/bootstrap/users/?surfaces=["autocomplete_user_list","coefficient_besties_list_ranking","coefficient_rank_recipient_user_suggestion","coefficient_ios_section_test_bootstrap_ranking","coefficient_direct_recipients_ranking_variant_2"] returned response: <Response [200]>
2021-08-14 11:37:26,632 - instabot version: 0.117.0 (api) - DEBUG - GET to endpoint: business/eligibility/get_monetization_products_eligibility_data/?product_types=branded_content returned response: <Response [200]>
2021-08-14 11:37:26,787 - instabot version: 0.117.0 (api) - DEBUG - GET to endpoint: business/branded_content/should_require_professional_account/ returned response: <Response [200]>
2021-08-14 11:37:26,966 - instabot version: 0.117.0 (api) - DEBUG - GET to endpoint: linked_accounts/get_linkage_status/ returned response: <Response [200]>
2021-08-14 11:37:27,126 - instabot version: 0.117.0 (api) - DEBUG - GET to endpoint: locations/request_country/ returned response: <Response [200]>
2021-08-14 11:37:27,263 - instabot version: 0.117.0 (api) - DEBUG - GET to endpoint: qp/get_cooldowns/?signed_body=signed_body=4b9c516a5410a3bc128e09c6104a7f042146b9c2023870560c63a43a7f66781c.4&ig_sig_key_version=4&ig_sig_key_version=4 returned response: <Response [200]>
2021-08-14 11:37:27,411 - instabot version: 0.117.0 (api) - DEBUG - GET to endpoint: users/arlink_download_info/?version_override=2.2.1 returned response: <Response [200]>
2021-08-14 11:37:27,715 - instabot version: 0.117.0 (api) - DEBUG - GET to endpoint: users/49050629623/info/ returned response: <Response [200]>
2021-08-14 11:37:28,151 - instabot version: 0.117.0 (api) - DEBUG - GET to endpoint: direct_v2/get_presence/ returned response: <Response [200]>
2021-08-14 11:37:28,714 - instabot version: 0.117.0 (api) - DEBUG - GET to endpoint: direct_v2/inbox/?visual_message_return_type=unseen&thread_message_limit=10&persistentBadging=true&limit=20 returned response: <Response [200]>
2021-08-14 11:37:29,076 - instabot version: 0.117.0 (api) - DEBUG - GET to endpoint: direct_v2/inbox/?visual_message_return_type=unseen&persistentBadging=true&limit=0 returned response: <Response [200]>
2021-08-14 11:37:29,326 - instabot version: 0.117.0 (api) - DEBUG - GET to endpoint: discover/topical_explore/?is_prefetch=true&omit_cover_media=true&use_sectional_payload=true&timezone_offset=0&session_id=642107d3-b1d6-46fa-98b6-b4327ffd2568&include_fixed_destinations=true returned response: <Response [200]>
2021-08-14 11:37:29,515 - instabot version: 0.117.0 (api) - DEBUG - POST to endpoint: notifications/badge/ returned response: <Response [200]>
2021-08-14 11:37:29,807 - instabot version: 0.117.0 (api) - DEBUG - POST to endpoint: qp/batch_fetch/ returned response: <Response [200]>
2021-08-14 11:37:29,808 - instabot version: 0.117.0 (bot_checkpoint) - DEBUG - Loading Checkpoint file from: D:\Programming\2021\InstaBot/config/derbgang.checkpoint
2021-08-14 11:37:42,811 - instabot version: 0.117.0 (api) - DEBUG - GET to endpoint: users/cursed.image5/usernameinfo/ returned response: <Response [200]>
2021-08-14 11:37:43,352 - instabot version: 0.117.0 (api) - DEBUG - GET to endpoint: feed/user/13869174215/?max_id=&min_timestamp=None&rank_token=49050629623_9e329a71-b9ca-49d7-8d65-85bd83e157da&ranked_content=true returned response: <Response [200]>
2021-08-14 11:37:43,628 - instabot version: 0.117.0 (api) - DEBUG - GET to endpoint: feed/user/13869174215/?max_id=2631355333828978527_13869174215&min_timestamp=None&rank_token=49050629623_9e329a71-b9ca-49d7-8d65-85bd83e157da&ranked_content=true returned response: <Response [200]>
2021-08-14 11:37:43,919 - instabot version: 0.117.0 (api) - DEBUG - GET to endpoint: feed/user/13869174215/?max_id=2623383112195869155_13869174215&min_timestamp=None&rank_token=49050629623_9e329a71-b9ca-49d7-8d65-85bd83e157da&ranked_content=true returned response: <Response [200]>
2021-08-14 11:37:44,236 - instabot version: 0.117.0 (api) - DEBUG - GET to endpoint: feed/user/13869174215/?max_id=2617886580853797516_13869174215&min_timestamp=None&rank_token=49050629623_9e329a71-b9ca-49d7-8d65-85bd83e157da&ranked_content=true returned response: <Response [200]>
2021-08-14 11:37:44,510 - instabot version: 0.117.0 (api) - DEBUG - GET to endpoint: feed/user/13869174215/?max_id=2614247453044804623_13869174215&min_timestamp=None&rank_token=49050629623_9e329a71-b9ca-49d7-8d65-85bd83e157da&ranked_content=true returned response: <Response [200]>
2021-08-14 11:37:44,861 - instabot version: 0.117.0 (api) - DEBUG - GET to endpoint: feed/user/13869174215/?max_id=2610230994975262187_13869174215&min_timestamp=None&rank_token=49050629623_9e329a71-b9ca-49d7-8d65-85bd83e157da&ranked_content=true returned response: <Response [200]>
2021-08-14 11:37:45,253 - instabot version: 0.117.0 (api) - DEBUG - GET to endpoint: feed/user/13869174215/?max_id=2606609676958689575_13869174215&min_timestamp=None&rank_token=49050629623_9e329a71-b9ca-49d7-8d65-85bd83e157da&ranked_content=true returned response: <Response [200]>
2021-08-14 11:37:45,610 - instabot version: 0.117.0 (api) - DEBUG - GET to endpoint: feed/user/13869174215/?max_id=2602998475527776159_13869174215&min_timestamp=None&rank_token=49050629623_9e329a71-b9ca-49d7-8d65-85bd83e157da&ranked_content=true returned response: <Response [200]>
2021-08-14 11:37:45,971 - instabot version: 0.117.0 (api) - DEBUG - GET to endpoint: feed/user/13869174215/?max_id=2599027254233488512_13869174215&min_timestamp=None&rank_token=49050629623_9e329a71-b9ca-49d7-8d65-85bd83e157da&ranked_content=true returned response: <Response [200]>
2021-08-14 11:37:46,285 - instabot version: 0.117.0 (api) - DEBUG - GET to endpoint: feed/user/13869174215/?max_id=2595010774581024958_13869174215&min_timestamp=None&rank_token=49050629623_9e329a71-b9ca-49d7-8d65-85bd83e157da&ranked_content=true returned response: <Response [200]>
2021-08-14 11:37:46,581 - instabot version: 0.117.0 (api) - DEBUG - GET to endpoint: feed/user/13869174215/?max_id=2591052233758425968_13869174215&min_timestamp=None&rank_token=49050629623_9e329a71-b9ca-49d7-8d65-85bd83e157da&ranked_content=true returned response: <Response [200]>
2021-08-14 11:37:46,938 - instabot version: 0.117.0 (api) - DEBUG - GET to endpoint: feed/user/13869174215/?max_id=2587043249466189175_13869174215&min_timestamp=None&rank_token=49050629623_9e329a71-b9ca-49d7-8d65-85bd83e157da&ranked_content=true returned response: <Response [200]>
2021-08-14 11:37:47,247 - instabot version: 0.117.0 (api) - DEBUG - GET to endpoint: feed/user/13869174215/?max_id=2583097348719582551_13869174215&min_timestamp=None&rank_token=49050629623_9e329a71-b9ca-49d7-8d65-85bd83e157da&ranked_content=true returned response: <Response [200]>
2021-08-14 11:37:47,728 - instabot version: 0.117.0 (api) - DEBUG - GET to endpoint: feed/user/13869174215/?max_id=2579428041229216000_13869174215&min_timestamp=None&rank_token=49050629623_9e329a71-b9ca-49d7-8d65-85bd83e157da&ranked_content=true returned response: <Response [200]>
2021-08-14 11:37:48,051 - instabot version: 0.117.0 (api) - DEBUG - GET to endpoint: feed/user/13869174215/?max_id=2575439258433281274_13869174215&min_timestamp=None&rank_token=49050629623_9e329a71-b9ca-49d7-8d65-85bd83e157da&ranked_content=true returned response: <Response [200]>
2021-08-14 11:37:48,425 - instabot version: 0.117.0 (api) - DEBUG - GET to endpoint: feed/user/13869174215/?max_id=2571485699583826182_13869174215&min_timestamp=None&rank_token=49050629623_9e329a71-b9ca-49d7-8d65-85bd83e157da&ranked_content=true returned response: <Response [200]>
2021-08-14 11:37:48,807 - instabot version: 0.117.0 (api) - DEBUG - GET to endpoint: feed/user/13869174215/?max_id=2567486853346647498_13869174215&min_timestamp=None&rank_token=49050629623_9e329a71-b9ca-49d7-8d65-85bd83e157da&ranked_content=true returned response: <Response [200]>
2021-08-14 11:37:49,139 - instabot version: 0.117.0 (api) - DEBUG - GET to endpoint: feed/user/13869174215/?max_id=2563513187274533147_13869174215&min_timestamp=None&rank_token=49050629623_9e329a71-b9ca-49d7-8d65-85bd83e157da&ranked_content=true returned response: <Response [200]>
2021-08-14 11:37:49,567 - instabot version: 0.117.0 (api) - DEBUG - GET to endpoint: feed/user/13869174215/?max_id=2559501743201304185_13869174215&min_timestamp=None&rank_token=49050629623_9e329a71-b9ca-49d7-8d65-85bd83e157da&ranked_content=true returned response: <Response [200]>
2021-08-14 11:37:50,082 - instabot version: 0.117.0 (api) - DEBUG - GET to endpoint: feed/user/13869174215/?max_id=2555548192488160390_13869174215&min_timestamp=None&rank_token=49050629623_9e329a71-b9ca-49d7-8d65-85bd83e157da&ranked_content=true returned response: <Response [200]>
2021-08-14 11:37:50,416 - instabot version: 0.117.0 (api) - DEBUG - GET to endpoint: feed/user/13869174215/?max_id=2551534341595517529_13869174215&min_timestamp=None&rank_token=49050629623_9e329a71-b9ca-49d7-8d65-85bd83e157da&ranked_content=true returned response: <Response [200]>
2021-08-14 11:37:51,373 - instabot version: 0.117.0 (api) - DEBUG - GET to endpoint: feed/user/13869174215/?max_id=2547915494161215945_13869174215&min_timestamp=None&rank_token=49050629623_9e329a71-b9ca-49d7-8d65-85bd83e157da&ranked_content=true returned response: <Response [200]>
2021-08-14 11:37:51,831 - instabot version: 0.117.0 (api) - DEBUG - GET to endpoint: feed/user/13869174215/?max_id=2544651389001152271_13869174215&min_timestamp=None&rank_token=49050629623_9e329a71-b9ca-49d7-8d65-85bd83e157da&ranked_content=true returned response: <Response [200]>
2021-08-14 11:37:52,758 - instabot version: 0.117.0 (api) - DEBUG - GET to endpoint: feed/user/13869174215/?max_id=2541045300401772973_13869174215&min_timestamp=None&rank_token=49050629623_9e329a71-b9ca-49d7-8d65-85bd83e157da&ranked_content=true returned response: <Response [200]>
2021-08-14 11:37:53,096 - instabot version: 0.117.0 (api) - DEBUG - GET to endpoint: feed/user/13869174215/?max_id=2537117007096488847_13869174215&min_timestamp=None&rank_token=49050629623_9e329a71-b9ca-49d7-8d65-85bd83e157da&ranked_content=true returned response: <Response [200]>
2021-08-14 11:37:53,494 - instabot version: 0.117.0 (api) - DEBUG - GET to endpoint: feed/user/13869174215/?max_id=2533102804111458969_13869174215&min_timestamp=None&rank_token=49050629623_9e329a71-b9ca-49d7-8d65-85bd83e157da&ranked_content=true returned response: <Response [200]>
2021-08-14 11:37:53,793 - instabot version: 0.117.0 (api) - DEBUG - GET to endpoint: feed/user/13869174215/?max_id=2529356869245800609_13869174215&min_timestamp=None&rank_token=49050629623_9e329a71-b9ca-49d7-8d65-85bd83e157da&ranked_content=true returned response: <Response [200]>
2021-08-14 11:37:54,226 - instabot version: 0.117.0 (api) - DEBUG - GET to endpoint: feed/user/13869174215/?max_id=2525130450491799871_13869174215&min_timestamp=None&rank_token=49050629623_9e329a71-b9ca-49d7-8d65-85bd83e157da&ranked_content=true returned response: <Response [200]>
2021-08-14 11:37:54,604 - instabot version: 0.117.0 (api) - DEBUG - GET to endpoint: feed/user/13869174215/?max_id=2521518987217744072_13869174215&min_timestamp=None&rank_token=49050629623_9e329a71-b9ca-49d7-8d65-85bd83e157da&ranked_content=true returned response: <Response [200]>
2021-08-14 11:37:55,032 - instabot version: 0.117.0 (api) - DEBUG - GET to endpoint: feed/user/13869174215/?max_id=2517882574774041631_13869174215&min_timestamp=None&rank_token=49050629623_9e329a71-b9ca-49d7-8d65-85bd83e157da&ranked_content=true returned response: <Response [200]>
2021-08-14 11:37:55,573 - instabot version: 0.117.0 (api) - DEBUG - GET to endpoint: feed/user/13869174215/?max_id=2514590832791904553_13869174215&min_timestamp=None&rank_token=49050629623_9e329a71-b9ca-49d7-8d65-85bd83e157da&ranked_content=true returned response: <Response [200]>
2021-08-14 11:37:55,969 - instabot version: 0.117.0 (api) - DEBUG - GET to endpoint: feed/user/13869174215/?max_id=2511374815966088694_13869174215&min_timestamp=None&rank_token=49050629623_9e329a71-b9ca-49d7-8d65-85bd83e157da&ranked_content=true returned response: <Response [200]>
2021-08-14 11:37:56,366 - instabot version: 0.117.0 (api) - DEBUG - GET to endpoint: feed/user/13869174215/?max_id=2507738160941737367_13869174215&min_timestamp=None&rank_token=49050629623_9e329a71-b9ca-49d7-8d65-85bd83e157da&ranked_content=true returned response: <Response [200]>
2021-08-14 11:37:56,707 - instabot version: 0.117.0 (api) - DEBUG - GET to endpoint: feed/user/13869174215/?max_id=2504104270255362358_13869174215&min_timestamp=None&rank_token=49050629623_9e329a71-b9ca-49d7-8d65-85bd83e157da&ranked_content=true returned response: <Response [200]>
2021-08-14 11:37:57,089 - instabot version: 0.117.0 (api) - DEBUG - GET to endpoint: feed/user/13869174215/?max_id=2501227815557738404_13869174215&min_timestamp=None&rank_token=49050629623_9e329a71-b9ca-49d7-8d65-85bd83e157da&ranked_content=true returned response: <Response [200]>
2021-08-14 11:37:57,534 - instabot version: 0.117.0 (api) - DEBUG - GET to endpoint: feed/user/13869174215/?max_id=2499038344166485482_13869174215&min_timestamp=None&rank_token=49050629623_9e329a71-b9ca-49d7-8d65-85bd83e157da&ranked_content=true returned response: <Response [200]>
2021-08-14 11:37:58,008 - instabot version: 0.117.0 (api) - DEBUG - GET to endpoint: feed/user/13869174215/?max_id=2496486578113884349_13869174215&min_timestamp=None&rank_token=49050629623_9e329a71-b9ca-49d7-8d65-85bd83e157da&ranked_content=true returned response: <Response [200]>
2021-08-14 11:37:58,335 - instabot version: 0.117.0 (api) - DEBUG - GET to endpoint: feed/user/13869174215/?max_id=2493928371182332636_13869174215&min_timestamp=None&rank_token=49050629623_9e329a71-b9ca-49d7-8d65-85bd83e157da&ranked_content=true returned response: <Response [200]>
2021-08-14 11:37:58,706 - instabot version: 0.117.0 (api) - DEBUG - GET to endpoint: feed/user/13869174215/?max_id=2490809702692639861_13869174215&min_timestamp=None&rank_token=49050629623_9e329a71-b9ca-49d7-8d65-85bd83e157da&ranked_content=true returned response: <Response [200]>
2021-08-14 11:37:59,093 - instabot version: 0.117.0 (api) - DEBUG - GET to endpoint: feed/user/13869174215/?max_id=2487791727872748479_13869174215&min_timestamp=None&rank_token=49050629623_9e329a71-b9ca-49d7-8d65-85bd83e157da&ranked_content=true returned response: <Response [200]>
2021-08-14 11:37:59,494 - instabot version: 0.117.0 (api) - DEBUG - GET to endpoint: feed/user/13869174215/?max_id=2483840706500482789_13869174215&min_timestamp=None&rank_token=49050629623_9e329a71-b9ca-49d7-8d65-85bd83e157da&ranked_content=true returned response: <Response [200]>
2021-08-14 11:37:59,846 - instabot version: 0.117.0 (api) - DEBUG - GET to endpoint: feed/user/13869174215/?max_id=2479809177011279805_13869174215&min_timestamp=None&rank_token=49050629623_9e329a71-b9ca-49d7-8d65-85bd83e157da&ranked_content=true returned response: <Response [200]>
2021-08-14 11:38:00,241 - instabot version: 0.117.0 (api) - DEBUG - GET to endpoint: feed/user/13869174215/?max_id=2476182777947489455_13869174215&min_timestamp=None&rank_token=49050629623_9e329a71-b9ca-49d7-8d65-85bd83e157da&ranked_content=true returned response: <Response [200]>
2021-08-14 11:38:00,610 - instabot version: 0.117.0 (api) - DEBUG - GET to endpoint: feed/user/13869174215/?max_id=2472259398867559862_13869174215&min_timestamp=None&rank_token=49050629623_9e329a71-b9ca-49d7-8d65-85bd83e157da&ranked_content=true returned response: <Response [200]>
2021-08-14 11:38:01,157 - instabot version: 0.117.0 (api) - DEBUG - GET to endpoint: feed/user/13869174215/?max_id=2468643160697677376_13869174215&min_timestamp=None&rank_token=49050629623_9e329a71-b9ca-49d7-8d65-85bd83e157da&ranked_content=true returned response: <Response [200]>
2021-08-14 11:38:01,763 - instabot version: 0.117.0 (api) - DEBUG - GET to endpoint: feed/user/13869174215/?max_id=2464548611782993478_13869174215&min_timestamp=None&rank_token=49050629623_9e329a71-b9ca-49d7-8d65-85bd83e157da&ranked_content=true returned response: <Response [200]>
2021-08-14 11:38:02,193 - instabot version: 0.117.0 (api) - DEBUG - GET to endpoint: feed/user/13869174215/?max_id=2460640347263179662_13869174215&min_timestamp=None&rank_token=49050629623_9e329a71-b9ca-49d7-8d65-85bd83e157da&ranked_content=true returned response: <Response [200]>
2021-08-14 11:38:02,566 - instabot version: 0.117.0 (api) - DEBUG - GET to endpoint: feed/user/13869174215/?max_id=2456628952261863877_13869174215&min_timestamp=None&rank_token=49050629623_9e329a71-b9ca-49d7-8d65-85bd83e157da&ranked_content=true returned response: <Response [200]>
2021-08-14 11:38:03,020 - instabot version: 0.117.0 (api) - DEBUG - GET to endpoint: feed/user/13869174215/?max_id=2452690555870516861_13869174215&min_timestamp=None&rank_token=49050629623_9e329a71-b9ca-49d7-8d65-85bd83e157da&ranked_content=true returned response: <Response [200]>
2021-08-14 11:38:03,497 - instabot version: 0.117.0 (api) - DEBUG - GET to endpoint: feed/user/13869174215/?max_id=2448694170446051359_13869174215&min_timestamp=None&rank_token=49050629623_9e329a71-b9ca-49d7-8d65-85bd83e157da&ranked_content=true returned response: <Response [200]>
2021-08-14 11:38:03,932 - instabot version: 0.117.0 (api) - DEBUG - GET to endpoint: feed/user/13869174215/?max_id=2444687802296583042_13869174215&min_timestamp=None&rank_token=49050629623_9e329a71-b9ca-49d7-8d65-85bd83e157da&ranked_content=true returned response: <Response [200]>
2021-08-14 11:38:04,291 - instabot version: 0.117.0 (api) - DEBUG - GET to endpoint: feed/user/13869174215/?max_id=2440706512804455084_13869174215&min_timestamp=None&rank_token=49050629623_9e329a71-b9ca-49d7-8d65-85bd83e157da&ranked_content=true returned response: <Response [200]>
2021-08-14 11:38:04,793 - instabot version: 0.117.0 (api) - DEBUG - GET to endpoint: feed/user/13869174215/?max_id=2436735350699994709_13869174215&min_timestamp=None&rank_token=49050629623_9e329a71-b9ca-49d7-8d65-85bd83e157da&ranked_content=true returned response: <Response [200]>
2021-08-14 11:38:05,190 - instabot version: 0.117.0 (api) - DEBUG - GET to endpoint: feed/user/13869174215/?max_id=2433129098571477149_13869174215&min_timestamp=None&rank_token=49050629623_9e329a71-b9ca-49d7-8d65-85bd83e157da&ranked_content=true returned response: <Response [200]>
2021-08-14 11:38:05,681 - instabot version: 0.117.0 (api) - DEBUG - GET to endpoint: feed/user/13869174215/?max_id=2429505298969621108_13869174215&min_timestamp=None&rank_token=49050629623_9e329a71-b9ca-49d7-8d65-85bd83e157da&ranked_content=true returned response: <Response [200]>
2021-08-14 11:38:06,115 - instabot version: 0.117.0 (api) - DEBUG - GET to endpoint: feed/user/13869174215/?max_id=2425435871171857365_13869174215&min_timestamp=None&rank_token=49050629623_9e329a71-b9ca-49d7-8d65-85bd83e157da&ranked_content=true returned response: <Response [200]>
2021-08-14 11:38:06,498 - instabot version: 0.117.0 (api) - DEBUG - GET to endpoint: feed/user/13869174215/?max_id=2422921876622106329_13869174215&min_timestamp=None&rank_token=49050629623_9e329a71-b9ca-49d7-8d65-85bd83e157da&ranked_content=true returned response: <Response [200]>
2021-08-14 11:38:07,076 - instabot version: 0.117.0 (api) - DEBUG - GET to endpoint: feed/user/13869174215/?max_id=2419599990277207744_13869174215&min_timestamp=None&rank_token=49050629623_9e329a71-b9ca-49d7-8d65-85bd83e157da&ranked_content=true returned response: <Response [200]>
2021-08-14 11:38:07,758 - instabot version: 0.117.0 (api) - DEBUG - GET to endpoint: feed/user/13869174215/?max_id=2416421492374883814_13869174215&min_timestamp=None&rank_token=49050629623_9e329a71-b9ca-49d7-8d65-85bd83e157da&ranked_content=true returned response: <Response [200]>
2021-08-14 11:38:08,077 - instabot version: 0.117.0 (api) - DEBUG - GET to endpoint: feed/user/13869174215/?max_id=2412322091271941178_13869174215&min_timestamp=None&rank_token=49050629623_9e329a71-b9ca-49d7-8d65-85bd83e157da&ranked_content=true returned response: <Response [200]>
2021-08-14 11:38:08,579 - instabot version: 0.117.0 (api) - DEBUG - GET to endpoint: feed/user/13869174215/?max_id=2408655292738668661_13869174215&min_timestamp=None&rank_token=49050629623_9e329a71-b9ca-49d7-8d65-85bd83e157da&ranked_content=true returned response: <Response [200]>
2021-08-14 11:38:09,035 - instabot version: 0.117.0 (api) - DEBUG - GET to endpoint: feed/user/13869174215/?max_id=2404777850169606759_13869174215&min_timestamp=None&rank_token=49050629623_9e329a71-b9ca-49d7-8d65-85bd83e157da&ranked_content=true returned response: <Response [200]>
2021-08-14 11:38:10,000 - instabot version: 0.117.0 (api) - DEBUG - GET to endpoint: feed/user/13869174215/?max_id=2400478915984765526_13869174215&min_timestamp=None&rank_token=49050629623_9e329a71-b9ca-49d7-8d65-85bd83e157da&ranked_content=true returned response: <Response [200]>
2021-08-14 11:38:10,372 - instabot version: 0.117.0 (api) - DEBUG - GET to endpoint: feed/user/13869174215/?max_id=2396832979551009673_13869174215&min_timestamp=None&rank_token=49050629623_9e329a71-b9ca-49d7-8d65-85bd83e157da&ranked_content=true returned response: <Response [200]>
2021-08-14 11:38:10,881 - instabot version: 0.117.0 (api) - DEBUG - GET to endpoint: feed/user/13869174215/?max_id=2392484266083000422_13869174215&min_timestamp=None&rank_token=49050629623_9e329a71-b9ca-49d7-8d65-85bd83e157da&ranked_content=true returned response: <Response [200]>
2021-08-14 11:38:11,366 - instabot version: 0.117.0 (api) - DEBUG - GET to endpoint: feed/user/13869174215/?max_id=2387753860330942816_13869174215&min_timestamp=None&rank_token=49050629623_9e329a71-b9ca-49d7-8d65-85bd83e157da&ranked_content=true returned response: <Response [200]>
2021-08-14 11:38:11,897 - instabot version: 0.117.0 (api) - DEBUG - GET to endpoint: feed/user/13869174215/?max_id=2383407364441483015_13869174215&min_timestamp=None&rank_token=49050629623_9e329a71-b9ca-49d7-8d65-85bd83e157da&ranked_content=true returned response: <Response [200]>
2021-08-14 11:38:12,352 - instabot version: 0.117.0 (api) - DEBUG - GET to endpoint: feed/user/13869174215/?max_id=2378963483146709426_13869174215&min_timestamp=None&rank_token=49050629623_9e329a71-b9ca-49d7-8d65-85bd83e157da&ranked_content=true returned response: <Response [200]>
2021-08-14 11:38:12,691 - instabot version: 0.117.0 (api) - DEBUG - GET to endpoint: feed/user/13869174215/?max_id=2374728225182403018_13869174215&min_timestamp=None&rank_token=49050629623_9e329a71-b9ca-49d7-8d65-85bd83e157da&ranked_content=true returned response: <Response [200]>
2021-08-14 11:38:13,053 - instabot version: 0.117.0 (api) - DEBUG - GET to endpoint: feed/user/13869174215/?max_id=2370750560775657182_13869174215&min_timestamp=None&rank_token=49050629623_9e329a71-b9ca-49d7-8d65-85bd83e157da&ranked_content=true returned response: <Response [200]>
2021-08-14 11:38:13,541 - instabot version: 0.117.0 (api) - DEBUG - GET to endpoint: feed/user/13869174215/?max_id=2366430408168820005_13869174215&min_timestamp=None&rank_token=49050629623_9e329a71-b9ca-49d7-8d65-85bd83e157da&ranked_content=true returned response: <Response [200]>
2021-08-14 11:38:14,049 - instabot version: 0.117.0 (api) - DEBUG - GET to endpoint: feed/user/13869174215/?max_id=2362769526674973791_13869174215&min_timestamp=None&rank_token=49050629623_9e329a71-b9ca-49d7-8d65-85bd83e157da&ranked_content=true returned response: <Response [200]>
2021-08-14 11:38:14,553 - instabot version: 0.117.0 (api) - DEBUG - GET to endpoint: feed/user/13869174215/?max_id=2358435657251528577_13869174215&min_timestamp=None&rank_token=49050629623_9e329a71-b9ca-49d7-8d65-85bd83e157da&ranked_content=true returned response: <Response [200]>
2021-08-14 11:38:14,880 - instabot version: 0.117.0 (api) - DEBUG - GET to endpoint: feed/user/13869174215/?max_id=2354810661467751114_13869174215&min_timestamp=None&rank_token=49050629623_9e329a71-b9ca-49d7-8d65-85bd83e157da&ranked_content=true returned response: <Response [200]>
2021-08-14 11:38:15,308 - instabot version: 0.117.0 (api) - DEBUG - GET to endpoint: feed/user/13869174215/?max_id=2350465988741618775_13869174215&min_timestamp=None&rank_token=49050629623_9e329a71-b9ca-49d7-8d65-85bd83e157da&ranked_content=true returned response: <Response [200]>
2021-08-14 11:38:15,740 - instabot version: 0.117.0 (api) - DEBUG - GET to endpoint: feed/user/13869174215/?max_id=2346165185566573541_13869174215&min_timestamp=None&rank_token=49050629623_9e329a71-b9ca-49d7-8d65-85bd83e157da&ranked_content=true returned response: <Response [200]>
2021-08-14 11:38:16,210 - instabot version: 0.117.0 (api) - DEBUG - GET to endpoint: feed/user/13869174215/?max_id=2342503661086155982_13869174215&min_timestamp=None&rank_token=49050629623_9e329a71-b9ca-49d7-8d65-85bd83e157da&ranked_content=true returned response: <Response [200]>
2021-08-14 11:38:16,717 - instabot version: 0.117.0 (api) - DEBUG - GET to endpoint: feed/user/13869174215/?max_id=2338127267509913555_13869174215&min_timestamp=None&rank_token=49050629623_9e329a71-b9ca-49d7-8d65-85bd83e157da&ranked_content=true returned response: <Response [200]>
2021-08-14 11:38:17,168 - instabot version: 0.117.0 (api) - DEBUG - GET to endpoint: feed/user/13869174215/?max_id=2334122670831398861_13869174215&min_timestamp=None&rank_token=49050629623_9e329a71-b9ca-49d7-8d65-85bd83e157da&ranked_content=true returned response: <Response [200]>
2021-08-14 11:38:17,560 - instabot version: 0.117.0 (api) - DEBUG - GET to endpoint: feed/user/13869174215/?max_id=2330552484224210594_13869174215&min_timestamp=None&rank_token=49050629623_9e329a71-b9ca-49d7-8d65-85bd83e157da&ranked_content=true returned response: <Response [200]>
2021-08-14 11:38:17,947 - instabot version: 0.117.0 (api) - DEBUG - GET to endpoint: feed/user/13869174215/?max_id=2326553766432947481_13869174215&min_timestamp=None&rank_token=49050629623_9e329a71-b9ca-49d7-8d65-85bd83e157da&ranked_content=true returned response: <Response [200]>
2021-08-14 11:38:18,341 - instabot version: 0.117.0 (api) - DEBUG - GET to endpoint: feed/user/13869174215/?max_id=2323265210302194844_13869174215&min_timestamp=None&rank_token=49050629623_9e329a71-b9ca-49d7-8d65-85bd83e157da&ranked_content=true returned response: <Response [200]>
2021-08-14 11:38:18,841 - instabot version: 0.117.0 (api) - DEBUG - GET to endpoint: feed/user/13869174215/?max_id=2320359261535106609_13869174215&min_timestamp=None&rank_token=49050629623_9e329a71-b9ca-49d7-8d65-85bd83e157da&ranked_content=true returned response: <Response [200]>
2021-08-14 11:38:19,258 - instabot version: 0.117.0 (api) - DEBUG - GET to endpoint: feed/user/13869174215/?max_id=2317824364622884173_13869174215&min_timestamp=None&rank_token=49050629623_9e329a71-b9ca-49d7-8d65-85bd83e157da&ranked_content=true returned response: <Response [200]>
2021-08-14 11:38:19,616 - instabot version: 0.117.0 (api) - DEBUG - GET to endpoint: feed/user/13869174215/?max_id=2315679112898549809_13869174215&min_timestamp=None&rank_token=49050629623_9e329a71-b9ca-49d7-8d65-85bd83e157da&ranked_content=true returned response: <Response [200]>
2021-08-14 11:38:19,990 - instabot version: 0.117.0 (api) - DEBUG - GET to endpoint: feed/user/13869174215/?max_id=2313486456126213303_13869174215&min_timestamp=None&rank_token=49050629623_9e329a71-b9ca-49d7-8d65-85bd83e157da&ranked_content=true returned response: <Response [200]>
2021-08-14 11:38:20,405 - instabot version: 0.117.0 (api) - DEBUG - GET to endpoint: feed/user/13869174215/?max_id=2311304204860637488_13869174215&min_timestamp=None&rank_token=49050629623_9e329a71-b9ca-49d7-8d65-85bd83e157da&ranked_content=true returned response: <Response [200]>
2021-08-14 11:38:20,747 - instabot version: 0.117.0 (api) - DEBUG - GET to endpoint: feed/user/13869174215/?max_id=2309130985206603098_13869174215&min_timestamp=None&rank_token=49050629623_9e329a71-b9ca-49d7-8d65-85bd83e157da&ranked_content=true returned response: <Response [200]>
2021-08-14 11:38:21,139 - instabot version: 0.117.0 (api) - DEBUG - GET to endpoint: feed/user/13869174215/?max_id=2306946976628269968_13869174215&min_timestamp=None&rank_token=49050629623_9e329a71-b9ca-49d7-8d65-85bd83e157da&ranked_content=true returned response: <Response [200]>
2021-08-14 11:38:21,596 - instabot version: 0.117.0 (api) - DEBUG - GET to endpoint: feed/user/13869174215/?max_id=2304793423469882682_13869174215&min_timestamp=None&rank_token=49050629623_9e329a71-b9ca-49d7-8d65-85bd83e157da&ranked_content=true returned response: <Response [200]>
2021-08-14 11:38:22,139 - instabot version: 0.117.0 (api) - DEBUG - GET to endpoint: feed/user/13869174215/?max_id=2302612064550992807_13869174215&min_timestamp=None&rank_token=49050629623_9e329a71-b9ca-49d7-8d65-85bd83e157da&ranked_content=true returned response: <Response [200]>
2021-08-14 11:38:22,632 - instabot version: 0.117.0 (api) - DEBUG - GET to endpoint: feed/user/13869174215/?max_id=2300416865099773608_13869174215&min_timestamp=None&rank_token=49050629623_9e329a71-b9ca-49d7-8d65-85bd83e157da&ranked_content=true returned response: <Response [200]>
2021-08-14 11:38:23,125 - instabot version: 0.117.0 (api) - DEBUG - GET to endpoint: feed/user/13869174215/?max_id=2298261527172827762_13869174215&min_timestamp=None&rank_token=49050629623_9e329a71-b9ca-49d7-8d65-85bd83e157da&ranked_content=true returned response: <Response [200]>
2021-08-14 11:38:23,527 - instabot version: 0.117.0 (api) - DEBUG - GET to endpoint: feed/user/13869174215/?max_id=2296089610160602205_13869174215&min_timestamp=None&rank_token=49050629623_9e329a71-b9ca-49d7-8d65-85bd83e157da&ranked_content=true returned response: <Response [200]>
2021-08-14 11:38:24,421 - instabot version: 0.117.0 (api) - DEBUG - GET to endpoint: feed/user/13869174215/?max_id=2293904001312535944_13869174215&min_timestamp=None&rank_token=49050629623_9e329a71-b9ca-49d7-8d65-85bd83e157da&ranked_content=true returned response: <Response [200]>
2021-08-14 11:38:24,876 - instabot version: 0.117.0 (api) - DEBUG - GET to endpoint: feed/user/13869174215/?max_id=2291388943315542728_13869174215&min_timestamp=None&rank_token=49050629623_9e329a71-b9ca-49d7-8d65-85bd83e157da&ranked_content=true returned response: <Response [200]>
2021-08-14 11:38:25,481 - instabot version: 0.117.0 (api) - DEBUG - GET to endpoint: feed/user/13869174215/?max_id=2289187605089547898_13869174215&min_timestamp=None&rank_token=49050629623_9e329a71-b9ca-49d7-8d65-85bd83e157da&ranked_content=true returned response: <Response [200]>
2021-08-14 11:38:26,024 - instabot version: 0.117.0 (api) - DEBUG - GET to endpoint: feed/user/13869174215/?max_id=2287381904537098515_13869174215&min_timestamp=None&rank_token=49050629623_9e329a71-b9ca-49d7-8d65-85bd83e157da&ranked_content=true returned response: <Response [200]>
2021-08-14 11:38:26,486 - instabot version: 0.117.0 (api) - DEBUG - GET to endpoint: feed/user/13869174215/?max_id=2284840864277911251_13869174215&min_timestamp=None&rank_token=49050629623_9e329a71-b9ca-49d7-8d65-85bd83e157da&ranked_content=true returned response: <Response [200]>
2021-08-14 11:38:26,946 - instabot version: 0.117.0 (api) - DEBUG - GET to endpoint: feed/user/13869174215/?max_id=2282310006027493789_13869174215&min_timestamp=None&rank_token=49050629623_9e329a71-b9ca-49d7-8d65-85bd83e157da&ranked_content=true returned response: <Response [200]>
2021-08-14 11:38:27,406 - instabot version: 0.117.0 (api) - DEBUG - GET to endpoint: feed/user/13869174215/?max_id=2280129519708174684_13869174215&min_timestamp=None&rank_token=49050629623_9e329a71-b9ca-49d7-8d65-85bd83e157da&ranked_content=true returned response: <Response [200]>
2021-08-14 11:38:27,925 - instabot version: 0.117.0 (api) - DEBUG - GET to endpoint: feed/user/13869174215/?max_id=2277983664356193149_13869174215&min_timestamp=None&rank_token=49050629623_9e329a71-b9ca-49d7-8d65-85bd83e157da&ranked_content=true returned response: <Response [200]>
2021-08-14 11:38:29,114 - instabot version: 0.117.0 (api) - DEBUG - GET to endpoint: feed/user/13869174215/?max_id=2276160651344175491_13869174215&min_timestamp=None&rank_token=49050629623_9e329a71-b9ca-49d7-8d65-85bd83e157da&ranked_content=true returned response: <Response [200]>
2021-08-14 11:38:29,533 - instabot version: 0.117.0 (api) - DEBUG - GET to endpoint: feed/user/13869174215/?max_id=2273985757273559312_13869174215&min_timestamp=None&rank_token=49050629623_9e329a71-b9ca-49d7-8d65-85bd83e157da&ranked_content=true returned response: <Response [200]>
2021-08-14 11:38:29,971 - instabot version: 0.117.0 (api) - DEBUG - GET to endpoint: feed/user/13869174215/?max_id=2271844697336302944_13869174215&min_timestamp=None&rank_token=49050629623_9e329a71-b9ca-49d7-8d65-85bd83e157da&ranked_content=true returned response: <Response [200]>
2021-08-14 11:38:30,479 - instabot version: 0.117.0 (api) - DEBUG - GET to endpoint: feed/user/13869174215/?max_id=2269322361701824604_13869174215&min_timestamp=None&rank_token=49050629623_9e329a71-b9ca-49d7-8d65-85bd83e157da&ranked_content=true returned response: <Response [200]>
2021-08-14 11:38:30,875 - instabot version: 0.117.0 (api) - DEBUG - GET to endpoint: feed/user/13869174215/?max_id=2267122260149330706_13869174215&min_timestamp=None&rank_token=49050629623_9e329a71-b9ca-49d7-8d65-85bd83e157da&ranked_content=true returned response: <Response [200]>
2021-08-14 11:38:31,512 - instabot version: 0.117.0 (api) - DEBUG - GET to endpoint: feed/user/13869174215/?max_id=2264964783077205373_13869174215&min_timestamp=None&rank_token=49050629623_9e329a71-b9ca-49d7-8d65-85bd83e157da&ranked_content=true returned response: <Response [200]>
2021-08-14 11:38:32,054 - instabot version: 0.117.0 (api) - DEBUG - GET to endpoint: feed/user/13869174215/?max_id=2262780714797226909_13869174215&min_timestamp=None&rank_token=49050629623_9e329a71-b9ca-49d7-8d65-85bd83e157da&ranked_content=true returned response: <Response [200]>
2021-08-14 11:38:32,472 - instabot version: 0.117.0 (api) - DEBUG - GET to endpoint: feed/user/13869174215/?max_id=2260581103978388929_13869174215&min_timestamp=None&rank_token=49050629623_9e329a71-b9ca-49d7-8d65-85bd83e157da&ranked_content=true returned response: <Response [200]>
2021-08-14 11:38:33,114 - instabot version: 0.117.0 (api) - DEBUG - GET to endpoint: feed/user/13869174215/?max_id=2258428954670459867_13869174215&min_timestamp=None&rank_token=49050629623_9e329a71-b9ca-49d7-8d65-85bd83e157da&ranked_content=true returned response: <Response [200]>
2021-08-14 11:38:34,816 - instabot version: 0.117.0 (api) - DEBUG - GET to endpoint: feed/user/13869174215/?max_id=2256205873549729303_13869174215&min_timestamp=None&rank_token=49050629623_9e329a71-b9ca-49d7-8d65-85bd83e157da&ranked_content=true returned response: <Response [200]>
2021-08-14 11:38:35,719 - instabot version: 0.117.0 (api) - DEBUG - GET to endpoint: feed/user/13869174215/?max_id=2254447245964764045_13869174215&min_timestamp=None&rank_token=49050629623_9e329a71-b9ca-49d7-8d65-85bd83e157da&ranked_content=true returned response: <Response [200]>
2021-08-14 11:38:36,354 - instabot version: 0.117.0 (api) - DEBUG - GET to endpoint: feed/user/13869174215/?max_id=2251904639124884728_13869174215&min_timestamp=None&rank_token=49050629623_9e329a71-b9ca-49d7-8d65-85bd83e157da&ranked_content=true returned response: <Response [200]>
2021-08-14 11:38:37,191 - instabot version: 0.117.0 (api) - DEBUG - GET to endpoint: feed/user/13869174215/?max_id=2250104535879455748_13869174215&min_timestamp=None&rank_token=49050629623_9e329a71-b9ca-49d7-8d65-85bd83e157da&ranked_content=true returned response: <Response [200]>
2021-08-14 11:38:37,775 - instabot version: 0.117.0 (api) - DEBUG - GET to endpoint: feed/user/13869174215/?max_id=2247525817222732961_13869174215&min_timestamp=None&rank_token=49050629623_9e329a71-b9ca-49d7-8d65-85bd83e157da&ranked_content=true returned response: <Response [200]>
2021-08-14 11:38:38,483 - instabot version: 0.117.0 (api) - DEBUG - GET to endpoint: feed/user/13869174215/?max_id=2244686228846078615_13869174215&min_timestamp=None&rank_token=49050629623_9e329a71-b9ca-49d7-8d65-85bd83e157da&ranked_content=true returned response: <Response [200]>
2021-08-14 11:38:38,981 - instabot version: 0.117.0 (api) - DEBUG - GET to endpoint: feed/user/13869174215/?max_id=2242508070986257926_13869174215&min_timestamp=None&rank_token=49050629623_9e329a71-b9ca-49d7-8d65-85bd83e157da&ranked_content=true returned response: <Response [200]>
2021-08-14 11:38:39,547 - instabot version: 0.117.0 (api) - DEBUG - GET to endpoint: feed/user/13869174215/?max_id=2240362962841198535_13869174215&min_timestamp=None&rank_token=49050629623_9e329a71-b9ca-49d7-8d65-85bd83e157da&ranked_content=true returned response: <Response [200]>
2021-08-14 11:38:40,231 - instabot version: 0.117.0 (api) - DEBUG - GET to endpoint: feed/user/13869174215/?max_id=2237706754409741583_13869174215&min_timestamp=None&rank_token=49050629623_9e329a71-b9ca-49d7-8d65-85bd83e157da&ranked_content=true returned response: <Response [200]>
2021-08-14 11:38:40,752 - instabot version: 0.117.0 (api) - DEBUG - GET to endpoint: feed/user/13869174215/?max_id=2235239665459688368_13869174215&min_timestamp=None&rank_token=49050629623_9e329a71-b9ca-49d7-8d65-85bd83e157da&ranked_content=true returned response: <Response [200]>
2021-08-14 11:38:41,338 - instabot version: 0.117.0 (api) - DEBUG - GET to endpoint: feed/user/13869174215/?max_id=2232998965905162716_13869174215&min_timestamp=None&rank_token=49050629623_9e329a71-b9ca-49d7-8d65-85bd83e157da&ranked_content=true returned response: <Response [200]>
2021-08-14 11:38:41,908 - instabot version: 0.117.0 (api) - DEBUG - GET to endpoint: feed/user/13869174215/?max_id=2230505953002253773_13869174215&min_timestamp=None&rank_token=49050629623_9e329a71-b9ca-49d7-8d65-85bd83e157da&ranked_content=true returned response: <Response [200]>
2021-08-14 11:38:42,465 - instabot version: 0.117.0 (api) - DEBUG - GET to endpoint: feed/user/13869174215/?max_id=2228286045107507395_13869174215&min_timestamp=None&rank_token=49050629623_9e329a71-b9ca-49d7-8d65-85bd83e157da&ranked_content=true returned response: <Response [200]>
2021-08-14 11:38:43,113 - instabot version: 0.117.0 (api) - DEBUG - GET to endpoint: feed/user/13869174215/?max_id=2226118520529632115_13869174215&min_timestamp=None&rank_token=49050629623_9e329a71-b9ca-49d7-8d65-85bd83e157da&ranked_content=true returned response: <Response [200]>
2021-08-14 11:38:43,727 - instabot version: 0.117.0 (api) - DEBUG - GET to endpoint: feed/user/13869174215/?max_id=2224350102314854501_13869174215&min_timestamp=None&rank_token=49050629623_9e329a71-b9ca-49d7-8d65-85bd83e157da&ranked_content=true returned response: <Response [200]>
2021-08-14 11:38:44,432 - instabot version: 0.117.0 (api) - DEBUG - GET to endpoint: feed/user/13869174215/?max_id=2222572831073881528_13869174215&min_timestamp=None&rank_token=49050629623_9e329a71-b9ca-49d7-8d65-85bd83e157da&ranked_content=true returned response: <Response [200]>
2021-08-14 11:38:45,103 - instabot version: 0.117.0 (api) - DEBUG - GET to endpoint: feed/user/13869174215/?max_id=2220729627361863024_13869174215&min_timestamp=None&rank_token=49050629623_9e329a71-b9ca-49d7-8d65-85bd83e157da&ranked_content=true returned response: <Response [200]>
2021-08-14 11:38:45,617 - instabot version: 0.117.0 (api) - DEBUG - GET to endpoint: feed/user/13869174215/?max_id=2218924016751966356_13869174215&min_timestamp=None&rank_token=49050629623_9e329a71-b9ca-49d7-8d65-85bd83e157da&ranked_content=true returned response: <Response [200]>
2021-08-14 11:38:46,224 - instabot version: 0.117.0 (api) - DEBUG - GET to endpoint: feed/user/13869174215/?max_id=2216356293639656650_13869174215&min_timestamp=None&rank_token=49050629623_9e329a71-b9ca-49d7-8d65-85bd83e157da&ranked_content=true returned response: <Response [200]>
2021-08-14 11:38:46,934 - instabot version: 0.117.0 (api) - DEBUG - GET to endpoint: feed/user/13869174215/?max_id=2214295211404045517_13869174215&min_timestamp=None&rank_token=49050629623_9e329a71-b9ca-49d7-8d65-85bd83e157da&ranked_content=true returned response: <Response [200]>
2021-08-14 11:38:47,537 - instabot version: 0.117.0 (api) - DEBUG - GET to endpoint: feed/user/13869174215/?max_id=2212757110424695168_13869174215&min_timestamp=None&rank_token=49050629623_9e329a71-b9ca-49d7-8d65-85bd83e157da&ranked_content=true returned response: <Response [200]>
2021-08-14 11:38:48,102 - instabot version: 0.117.0 (api) - DEBUG - GET to endpoint: feed/user/13869174215/?max_id=2210373719087845526_13869174215&min_timestamp=None&rank_token=49050629623_9e329a71-b9ca-49d7-8d65-85bd83e157da&ranked_content=true returned response: <Response [200]>
2021-08-14 11:38:48,628 - instabot version: 0.117.0 (api) - DEBUG - GET to endpoint: feed/user/13869174215/?max_id=2207656961356686914_13869174215&min_timestamp=None&rank_token=49050629623_9e329a71-b9ca-49d7-8d65-85bd83e157da&ranked_content=true returned response: <Response [200]>
2021-08-14 11:38:49,234 - instabot version: 0.117.0 (api) - DEBUG - GET to endpoint: feed/user/13869174215/?max_id=2204434840256953316_13869174215&min_timestamp=None&rank_token=49050629623_9e329a71-b9ca-49d7-8d65-85bd83e157da&ranked_content=true returned response: <Response [200]>
2021-08-14 11:38:49,748 - instabot version: 0.117.0 (api) - DEBUG - GET to endpoint: feed/user/13869174215/?max_id=2201072593544836725_13869174215&min_timestamp=None&rank_token=49050629623_9e329a71-b9ca-49d7-8d65-85bd83e157da&ranked_content=true returned response: <Response [200]>
2021-08-14 11:38:50,296 - instabot version: 0.117.0 (api) - DEBUG - GET to endpoint: feed/user/13869174215/?max_id=2196080051626201817_13869174215&min_timestamp=None&rank_token=49050629623_9e329a71-b9ca-49d7-8d65-85bd83e157da&ranked_content=true returned response: <Response [200]>
2021-08-14 11:38:50,847 - instabot version: 0.117.0 (api) - DEBUG - GET to endpoint: feed/user/13869174215/?max_id=2192058139821813633_13869174215&min_timestamp=None&rank_token=49050629623_9e329a71-b9ca-49d7-8d65-85bd83e157da&ranked_content=true returned response: <Response [200]>
2021-08-14 11:38:51,363 - instabot version: 0.117.0 (api) - DEBUG - GET to endpoint: feed/user/13869174215/?max_id=2185540988701117376_13869174215&min_timestamp=None&rank_token=49050629623_9e329a71-b9ca-49d7-8d65-85bd83e157da&ranked_content=true returned response: <Response [200]>
2021-08-14 11:38:54,993 - instabot version: 0.117.0 (api) - DEBUG - GET to endpoint: feed/user/13869174215/?max_id=2182028249503159542_13869174215&min_timestamp=None&rank_token=49050629623_9e329a71-b9ca-49d7-8d65-85bd83e157da&ranked_content=true returned response: <Response [200]>
2021-08-14 11:38:55,222 - instabot version: 0.117.0 (api) - DEBUG - GET to endpoint: users/vocabexpansion/usernameinfo/ returned response: <Response [200]>
2021-08-14 11:38:56,371 - instabot version: 0.117.0 (api) - DEBUG - GET to endpoint: media/2624832410641237322_13869174215/info/ returned response: <Response [200]>
2021-08-14 11:38:56,704 - instabot version: 0.117.0 (api) - DEBUG - POST to endpoint: direct_v2/threads/broadcast/media_share/ returned response: <Response [200]>
2021-08-14 11:38:57,147 - instabot version: 0.117.0 (api) - DEBUG - POST to endpoint: direct_v2/inbox/ returned response: <Response [200]>
2021-08-14 11:38:59,567 - instabot version: 0.117.0 (api) - DEBUG - POST to endpoint: direct_v2/inbox/ returned response: <Response [200]>
2021-08-14 11:39:02,075 - instabot version: 0.117.0 (api) - DEBUG - POST to endpoint: direct_v2/inbox/ returned response: <Response [200]>
2021-08-14 11:39:04,482 - instabot version: 0.117.0 (api) - DEBUG - POST to endpoint: direct_v2/inbox/ returned response: <Response [200]>
2021-08-14 11:39:06,892 - instabot version: 0.117.0 (api) - DEBUG - POST to endpoint: direct_v2/inbox/ returned response: <Response [200]>
2021-08-14 11:39:09,415 - instabot version: 0.117.0 (api) - DEBUG - POST to endpoint: direct_v2/inbox/ returned response: <Response [200]>
2021-08-14 11:39:11,779 - instabot version: 0.117.0 (api) - DEBUG - POST to endpoint: direct_v2/inbox/ returned response: <Response [200]>
2021-08-14 11:39:14,361 - instabot version: 0.117.0 (api) - DEBUG - POST to endpoint: direct_v2/inbox/ returned response: <Response [200]>
2021-08-14 11:39:16,750 - instabot version: 0.117.0 (api) - DEBUG - POST to endpoint: direct_v2/inbox/ returned response: <Response [200]>
2021-08-14 11:39:19,122 - instabot version: 0.117.0 (api) - DEBUG - POST to endpoint: direct_v2/inbox/ returned response: <Response [200]>
2021-08-14 11:39:21,575 - instabot version: 0.117.0 (api) - DEBUG - POST to endpoint: direct_v2/inbox/ returned response: <Response [200]>
2021-08-14 11:39:24,071 - instabot version: 0.117.0 (api) - DEBUG - POST to endpoint: direct_v2/inbox/ returned response: <Response [200]>
2021-08-14 11:39:26,548 - instabot version: 0.117.0 (api) - DEBUG - POST to endpoint: direct_v2/inbox/ returned response: <Response [200]>
2021-08-14 11:39:28,952 - instabot version: 0.117.0 (api) - DEBUG - POST to endpoint: direct_v2/inbox/ returned response: <Response [200]>
2021-08-14 11:39:31,351 - instabot version: 0.117.0 (api) - DEBUG - POST to endpoint: direct_v2/inbox/ returned response: <Response [200]>
2021-08-14 11:39:33,737 - instabot version: 0.117.0 (api) - DEBUG - POST to endpoint: direct_v2/inbox/ returned response: <Response [200]>
2021-08-14 11:39:36,163 - instabot version: 0.117.0 (api) - DEBUG - POST to endpoint: direct_v2/inbox/ returned response: <Response [200]>
2021-08-14 11:39:38,511 - instabot version: 0.117.0 (api) - DEBUG - POST to endpoint: direct_v2/inbox/ returned response: <Response [200]>
2021-08-14 11:39:40,986 - instabot version: 0.117.0 (api) - DEBUG - POST to endpoint: direct_v2/inbox/ returned response: <Response [200]>
2021-08-14 11:40:04,482 - instabot version: 0.117.0 (api) - DEBUG - POST to endpoint: media/configure/? returned response: <Response [200]>
2021-08-14 11:40:04,629 - instabot version: 0.117.0 (api) - DEBUG - POST to endpoint: qe/expose/ returned response: <Response [200]>
2021-08-14 11:40:04,630 - instabot version: 0.117.0 (bot_photo) - INFO - Photo 'D:\Programming\2021\InstaBot\user_posts\cursed.image5/22/2021-07-24_11-01-17_UTC.jpg' is uploaded.
2021-08-14 11:40:06,635 - instabot version: 0.117.0 (bot_checkpoint) - DEBUG - Saving Checkpoint file to: D:\Programming\2021\InstaBot/config/derbgang.checkpoint
2021-08-14 11:40:06,636 - instabot version: 0.117.0 (bot) - INFO - Total messages: 1/65
2021-08-14 11:40:06,636 - instabot version: 0.117.0 (bot) - INFO - Total requests: 2745
