2021-08-11 12:46:49,230 - instabot version: 0.117.0 (bot) - INFO - Instabot version: 0.117.0 Started
2021-08-11 12:46:49,230 - instabot version: 0.117.0 (bot) - DEBUG - Bot imported from C:\Users\skyem\AppData\Local\Programs\Python\Python39\lib\site-packages\instabot\bot\bot.py
2021-08-11 12:46:50,523 - instabot version: 0.117.0 (api_login) - INFO - Not yet logged in starting: PRE-LOGIN FLOW!
2021-08-11 12:46:50,768 - instabot version: 0.117.0 (api) - DEBUG - POST to endpoint: accounts/get_prefill_candidates/ returned response: <Response [200]>
2021-08-11 12:46:50,920 - instabot version: 0.117.0 (api) - DEBUG - POST to endpoint: qe/sync/ returned response: <Response [200]>
2021-08-11 12:46:51,271 - instabot version: 0.117.0 (api) - DEBUG - POST to endpoint: launcher/sync/ returned response: <Response [200]>
2021-08-11 12:46:51,446 - instabot version: 0.117.0 (api) - DEBUG - POST to endpoint: accounts/contact_point_prefill/ returned response: <Response [200]>
2021-08-11 12:46:52,992 - instabot version: 0.117.0 (api) - DEBUG - POST to endpoint: accounts/login/ returned response: <Response [200]>
2021-08-11 12:46:52,992 - instabot version: 0.117.0 (api) - INFO - Logged-in successfully as 'derbgang'!
2021-08-11 12:46:52,992 - instabot version: 0.117.0 (api_login) - INFO - LOGIN FLOW! Just logged-in: True
2021-08-11 12:46:53,276 - instabot version: 0.117.0 (api) - DEBUG - POST to endpoint: qe/sync/ returned response: <Response [200]>
2021-08-11 12:46:53,571 - instabot version: 0.117.0 (api) - DEBUG - POST to endpoint: launcher/sync/ returned response: <Response [200]>
2021-08-11 12:46:53,720 - instabot version: 0.117.0 (api) - DEBUG - GET to endpoint: zr/token/result/?device_id=android-482d8e988b586de3&token_hash=&custom_device_id=android-482d8e988b586de3&fetch_reason=token_expired returned response: <Response [200]>
2021-08-11 12:46:53,884 - instabot version: 0.117.0 (api) - DEBUG - GET to endpoint: multiple_accounts/get_account_family/ returned response: <Response [200]>
2021-08-11 12:46:54,075 - instabot version: 0.117.0 (api) - DEBUG - POST to endpoint: qe/sync/ returned response: <Response [200]>
2021-08-11 12:46:54,683 - instabot version: 0.117.0 (api) - DEBUG - GET to endpoint: igtv/browse_feed/?prefetch=1 returned response: <Response [200]>
2021-08-11 12:46:54,842 - instabot version: 0.117.0 (api) - DEBUG - POST to endpoint: creatives/ar_class/ returned response: <Response [200]>
2021-08-11 12:46:55,259 - instabot version: 0.117.0 (api) - DEBUG - POST to endpoint: feed/reels_tray/ returned response: <Response [200]>
2021-08-11 12:46:57,106 - instabot version: 0.117.0 (api) - DEBUG - POST to endpoint: feed/timeline/ returned response: <Response [200]>
2021-08-11 12:46:57,260 - instabot version: 0.117.0 (api) - DEBUG - GET to endpoint: media/blocked/ returned response: <Response [200]>
2021-08-11 12:46:58,032 - instabot version: 0.117.0 (api) - DEBUG - GET to endpoint: news/inbox/ returned response: <Response [200]>
2021-08-11 12:46:58,197 - instabot version: 0.117.0 (api) - DEBUG - GET to endpoint: loom/fetch_config/ returned response: <Response [200]>
2021-08-11 12:46:58,526 - instabot version: 0.117.0 (api) - DEBUG - GET to endpoint: scores/bootstrap/users/?surfaces=["autocomplete_user_list","coefficient_besties_list_ranking","coefficient_rank_recipient_user_suggestion","coefficient_ios_section_test_bootstrap_ranking","coefficient_direct_recipients_ranking_variant_2"] returned response: <Response [200]>
2021-08-11 12:46:58,717 - instabot version: 0.117.0 (api) - DEBUG - GET to endpoint: business/eligibility/get_monetization_products_eligibility_data/?product_types=branded_content returned response: <Response [200]>
2021-08-11 12:46:58,874 - instabot version: 0.117.0 (api) - DEBUG - GET to endpoint: business/branded_content/should_require_professional_account/ returned response: <Response [200]>
2021-08-11 12:46:59,055 - instabot version: 0.117.0 (api) - DEBUG - GET to endpoint: linked_accounts/get_linkage_status/ returned response: <Response [200]>
2021-08-11 12:46:59,534 - instabot version: 0.117.0 (api) - DEBUG - GET to endpoint: locations/request_country/ returned response: <Response [200]>
2021-08-11 12:46:59,685 - instabot version: 0.117.0 (api) - DEBUG - GET to endpoint: qp/get_cooldowns/?signed_body=signed_body=4b9c516a5410a3bc128e09c6104a7f042146b9c2023870560c63a43a7f66781c.4&ig_sig_key_version=4&ig_sig_key_version=4 returned response: <Response [200]>
2021-08-11 12:46:59,848 - instabot version: 0.117.0 (api) - DEBUG - GET to endpoint: users/arlink_download_info/?version_override=2.2.1 returned response: <Response [200]>
2021-08-11 12:47:00,178 - instabot version: 0.117.0 (api) - DEBUG - GET to endpoint: users/49050629623/info/ returned response: <Response [200]>
2021-08-11 12:47:00,575 - instabot version: 0.117.0 (api) - DEBUG - GET to endpoint: direct_v2/get_presence/ returned response: <Response [200]>
2021-08-11 12:47:01,271 - instabot version: 0.117.0 (api) - DEBUG - GET to endpoint: direct_v2/inbox/?visual_message_return_type=unseen&thread_message_limit=10&persistentBadging=true&limit=20 returned response: <Response [200]>
2021-08-11 12:47:01,497 - instabot version: 0.117.0 (api) - DEBUG - GET to endpoint: direct_v2/inbox/?visual_message_return_type=unseen&persistentBadging=true&limit=0 returned response: <Response [200]>
2021-08-11 12:47:01,766 - instabot version: 0.117.0 (api) - DEBUG - GET to endpoint: discover/topical_explore/?is_prefetch=true&omit_cover_media=true&use_sectional_payload=true&timezone_offset=0&session_id=165ab23d-c358-4814-802b-262763ac9dfc&include_fixed_destinations=true returned response: <Response [200]>
2021-08-11 12:47:01,938 - instabot version: 0.117.0 (api) - DEBUG - POST to endpoint: notifications/badge/ returned response: <Response [200]>
2021-08-11 12:47:02,213 - instabot version: 0.117.0 (api) - DEBUG - POST to endpoint: qp/batch_fetch/ returned response: <Response [200]>
2021-08-11 12:47:02,214 - instabot version: 0.117.0 (bot_checkpoint) - DEBUG - Loading Checkpoint file from: D:\Programming\2021\InstaBot/config/derbgang.checkpoint
2021-08-11 12:47:42,366 - instabot version: 0.117.0 (api) - DEBUG - GET to endpoint: users/savagerealms.jemima/usernameinfo/ returned response: <Response [200]>
2021-08-11 12:47:44,029 - instabot version: 0.117.0 (api) - DEBUG - GET to endpoint: feed/user/11903691706/?max_id=&min_timestamp=None&rank_token=49050629623_8c81d7d5-2f49-4cb0-9353-eedbc85c497d&ranked_content=true returned response: <Response [200]>
2021-08-11 12:47:44,849 - instabot version: 0.117.0 (api) - DEBUG - GET to endpoint: feed/user/11903691706/?max_id=2589614095055212282_11903691706&min_timestamp=None&rank_token=49050629623_8c81d7d5-2f49-4cb0-9353-eedbc85c497d&ranked_content=true returned response: <Response [200]>
2021-08-11 12:47:45,527 - instabot version: 0.117.0 (api) - DEBUG - GET to endpoint: feed/user/11903691706/?max_id=2546844263205701543_11903691706&min_timestamp=None&rank_token=49050629623_8c81d7d5-2f49-4cb0-9353-eedbc85c497d&ranked_content=true returned response: <Response [200]>
2021-08-11 12:47:46,178 - instabot version: 0.117.0 (api) - DEBUG - GET to endpoint: feed/user/11903691706/?max_id=2504089968475767028_11903691706&min_timestamp=None&rank_token=49050629623_8c81d7d5-2f49-4cb0-9353-eedbc85c497d&ranked_content=true returned response: <Response [200]>
2021-08-11 12:47:47,008 - instabot version: 0.117.0 (api) - DEBUG - GET to endpoint: feed/user/11903691706/?max_id=2481636672636564778_11903691706&min_timestamp=None&rank_token=49050629623_8c81d7d5-2f49-4cb0-9353-eedbc85c497d&ranked_content=true returned response: <Response [200]>
2021-08-11 12:47:47,991 - instabot version: 0.117.0 (api) - DEBUG - GET to endpoint: feed/user/11903691706/?max_id=2449790645995116267_11903691706&min_timestamp=None&rank_token=49050629623_8c81d7d5-2f49-4cb0-9353-eedbc85c497d&ranked_content=true returned response: <Response [200]>
2021-08-11 12:47:48,560 - instabot version: 0.117.0 (api) - DEBUG - GET to endpoint: feed/user/11903691706/?max_id=2418622022374716602_11903691706&min_timestamp=None&rank_token=49050629623_8c81d7d5-2f49-4cb0-9353-eedbc85c497d&ranked_content=true returned response: <Response [200]>
2021-08-11 12:47:49,249 - instabot version: 0.117.0 (api) - DEBUG - GET to endpoint: feed/user/11903691706/?max_id=2404833163803378008_11903691706&min_timestamp=None&rank_token=49050629623_8c81d7d5-2f49-4cb0-9353-eedbc85c497d&ranked_content=true returned response: <Response [200]>
2021-08-11 12:47:50,215 - instabot version: 0.117.0 (api) - DEBUG - GET to endpoint: feed/user/11903691706/?max_id=2393836932940241052_11903691706&min_timestamp=None&rank_token=49050629623_8c81d7d5-2f49-4cb0-9353-eedbc85c497d&ranked_content=true returned response: <Response [200]>
2021-08-11 12:47:50,778 - instabot version: 0.117.0 (api) - DEBUG - GET to endpoint: feed/user/11903691706/?max_id=2374251292317278856_11903691706&min_timestamp=None&rank_token=49050629623_8c81d7d5-2f49-4cb0-9353-eedbc85c497d&ranked_content=true returned response: <Response [200]>
2021-08-11 12:47:51,356 - instabot version: 0.117.0 (api) - DEBUG - GET to endpoint: feed/user/11903691706/?max_id=2367216812385838864_11903691706&min_timestamp=None&rank_token=49050629623_8c81d7d5-2f49-4cb0-9353-eedbc85c497d&ranked_content=true returned response: <Response [200]>
2021-08-11 12:47:51,978 - instabot version: 0.117.0 (api) - DEBUG - GET to endpoint: feed/user/11903691706/?max_id=2362777918613246077_11903691706&min_timestamp=None&rank_token=49050629623_8c81d7d5-2f49-4cb0-9353-eedbc85c497d&ranked_content=true returned response: <Response [200]>
2021-08-11 12:47:52,625 - instabot version: 0.117.0 (api) - DEBUG - GET to endpoint: feed/user/11903691706/?max_id=2358374579603762635_11903691706&min_timestamp=None&rank_token=49050629623_8c81d7d5-2f49-4cb0-9353-eedbc85c497d&ranked_content=true returned response: <Response [200]>
2021-08-11 12:47:53,173 - instabot version: 0.117.0 (api) - DEBUG - GET to endpoint: feed/user/11903691706/?max_id=2354793115234564372_11903691706&min_timestamp=None&rank_token=49050629623_8c81d7d5-2f49-4cb0-9353-eedbc85c497d&ranked_content=true returned response: <Response [200]>
2021-08-11 12:47:53,763 - instabot version: 0.117.0 (api) - DEBUG - GET to endpoint: feed/user/11903691706/?max_id=2350470910883181649_11903691706&min_timestamp=None&rank_token=49050629623_8c81d7d5-2f49-4cb0-9353-eedbc85c497d&ranked_content=true returned response: <Response [200]>
2021-08-11 12:47:54,528 - instabot version: 0.117.0 (api) - DEBUG - GET to endpoint: feed/user/11903691706/?max_id=2343953624554994548_11903691706&min_timestamp=None&rank_token=49050629623_8c81d7d5-2f49-4cb0-9353-eedbc85c497d&ranked_content=true returned response: <Response [200]>
2021-08-11 12:47:55,257 - instabot version: 0.117.0 (api) - DEBUG - GET to endpoint: feed/user/11903691706/?max_id=2340180248614939335_11903691706&min_timestamp=None&rank_token=49050629623_8c81d7d5-2f49-4cb0-9353-eedbc85c497d&ranked_content=true returned response: <Response [200]>
2021-08-11 12:47:55,923 - instabot version: 0.117.0 (api) - DEBUG - GET to endpoint: feed/user/11903691706/?max_id=2337353135499429186_11903691706&min_timestamp=None&rank_token=49050629623_8c81d7d5-2f49-4cb0-9353-eedbc85c497d&ranked_content=true returned response: <Response [200]>
2021-08-11 12:47:56,444 - instabot version: 0.117.0 (api) - DEBUG - GET to endpoint: feed/user/11903691706/?max_id=2333765418622414159_11903691706&min_timestamp=None&rank_token=49050629623_8c81d7d5-2f49-4cb0-9353-eedbc85c497d&ranked_content=true returned response: <Response [200]>
2021-08-11 12:47:57,056 - instabot version: 0.117.0 (api) - DEBUG - GET to endpoint: feed/user/11903691706/?max_id=2329368830571640461_11903691706&min_timestamp=None&rank_token=49050629623_8c81d7d5-2f49-4cb0-9353-eedbc85c497d&ranked_content=true returned response: <Response [200]>
2021-08-11 12:47:57,743 - instabot version: 0.117.0 (api) - DEBUG - GET to endpoint: feed/user/11903691706/?max_id=2317103032767590745_11903691706&min_timestamp=None&rank_token=49050629623_8c81d7d5-2f49-4cb0-9353-eedbc85c497d&ranked_content=true returned response: <Response [200]>
2021-08-11 12:47:58,424 - instabot version: 0.117.0 (api) - DEBUG - GET to endpoint: feed/user/11903691706/?max_id=2310695489606473092_11903691706&min_timestamp=None&rank_token=49050629623_8c81d7d5-2f49-4cb0-9353-eedbc85c497d&ranked_content=true returned response: <Response [200]>
2021-08-11 12:47:58,945 - instabot version: 0.117.0 (api) - DEBUG - GET to endpoint: feed/user/11903691706/?max_id=2305595880152441760_11903691706&min_timestamp=None&rank_token=49050629623_8c81d7d5-2f49-4cb0-9353-eedbc85c497d&ranked_content=true returned response: <Response [200]>
2021-08-11 12:47:59,673 - instabot version: 0.117.0 (api) - DEBUG - GET to endpoint: feed/user/11903691706/?max_id=2301214794676919301_11903691706&min_timestamp=None&rank_token=49050629623_8c81d7d5-2f49-4cb0-9353-eedbc85c497d&ranked_content=true returned response: <Response [200]>
2021-08-11 12:48:00,247 - instabot version: 0.117.0 (api) - DEBUG - GET to endpoint: feed/user/11903691706/?max_id=2296128691678526935_11903691706&min_timestamp=None&rank_token=49050629623_8c81d7d5-2f49-4cb0-9353-eedbc85c497d&ranked_content=true returned response: <Response [200]>
2021-08-11 12:48:00,948 - instabot version: 0.117.0 (api) - DEBUG - GET to endpoint: feed/user/11903691706/?max_id=2288915337885212710_11903691706&min_timestamp=None&rank_token=49050629623_8c81d7d5-2f49-4cb0-9353-eedbc85c497d&ranked_content=true returned response: <Response [200]>
2021-08-11 12:48:01,506 - instabot version: 0.117.0 (api) - DEBUG - GET to endpoint: feed/user/11903691706/?max_id=2283158334956919968_11903691706&min_timestamp=None&rank_token=49050629623_8c81d7d5-2f49-4cb0-9353-eedbc85c497d&ranked_content=true returned response: <Response [200]>
2021-08-11 12:48:02,187 - instabot version: 0.117.0 (api) - DEBUG - GET to endpoint: feed/user/11903691706/?max_id=2259923806746785037_11903691706&min_timestamp=None&rank_token=49050629623_8c81d7d5-2f49-4cb0-9353-eedbc85c497d&ranked_content=true returned response: <Response [200]>
2021-08-11 12:48:02,731 - instabot version: 0.117.0 (api) - DEBUG - GET to endpoint: feed/user/11903691706/?max_id=2254005344027422237_11903691706&min_timestamp=None&rank_token=49050629623_8c81d7d5-2f49-4cb0-9353-eedbc85c497d&ranked_content=true returned response: <Response [200]>
2021-08-11 12:48:03,335 - instabot version: 0.117.0 (api) - DEBUG - GET to endpoint: feed/user/11903691706/?max_id=2188824952287244054_11903691706&min_timestamp=None&rank_token=49050629623_8c81d7d5-2f49-4cb0-9353-eedbc85c497d&ranked_content=true returned response: <Response [200]>
2021-08-11 12:48:03,932 - instabot version: 0.117.0 (api) - DEBUG - GET to endpoint: feed/user/11903691706/?max_id=2179530985984972246_11903691706&min_timestamp=None&rank_token=49050629623_8c81d7d5-2f49-4cb0-9353-eedbc85c497d&ranked_content=true returned response: <Response [200]>
2021-08-11 12:48:04,199 - instabot version: 0.117.0 (api) - DEBUG - GET to endpoint: feed/user/11903691706/?max_id=2167156039925270625_11903691706&min_timestamp=None&rank_token=49050629623_8c81d7d5-2f49-4cb0-9353-eedbc85c497d&ranked_content=true returned response: <Response [200]>
2021-08-11 12:48:04,424 - instabot version: 0.117.0 (api) - DEBUG - GET to endpoint: users/vocabexpansion/usernameinfo/ returned response: <Response [200]>
2021-08-11 12:48:05,217 - instabot version: 0.117.0 (api) - DEBUG - GET to endpoint: media/2359105695822205771_11903691706/info/ returned response: <Response [200]>
2021-08-11 12:48:05,719 - instabot version: 0.117.0 (api) - DEBUG - POST to endpoint: direct_v2/threads/broadcast/media_share/ returned response: <Response [200]>
2021-08-11 12:48:06,148 - instabot version: 0.117.0 (api) - DEBUG - POST to endpoint: direct_v2/inbox/ returned response: <Response [200]>
2021-08-11 12:48:06,164 - instabot version: 0.117.0 (bot_checkpoint) - DEBUG - Saving Checkpoint file to: D:\Programming\2021\InstaBot/config/derbgang.checkpoint
2021-08-11 12:48:06,165 - instabot version: 0.117.0 (bot) - INFO - Total messages: 6/99
2021-08-11 12:48:06,165 - instabot version: 0.117.0 (bot) - INFO - Total requests: 1914
