2021-08-11 01:42:58,920 - instabot version: 0.117.0 (bot) - INFO - Instabot version: 0.117.0 Started
2021-08-11 01:42:58,921 - instabot version: 0.117.0 (bot) - DEBUG - Bot imported from C:\Users\skyem\AppData\Local\Programs\Python\Python39\lib\site-packages\instabot\bot\bot.py
2021-08-11 01:43:00,254 - instabot version: 0.117.0 (api_login) - INFO - Not yet logged in starting: PRE-LOGIN FLOW!
2021-08-11 01:43:00,512 - instabot version: 0.117.0 (api) - DEBUG - POST to endpoint: accounts/get_prefill_candidates/ returned response: <Response [200]>
2021-08-11 01:43:00,739 - instabot version: 0.117.0 (api) - DEBUG - POST to endpoint: qe/sync/ returned response: <Response [200]>
2021-08-11 01:43:00,979 - instabot version: 0.117.0 (api) - DEBUG - POST to endpoint: launcher/sync/ returned response: <Response [200]>
2021-08-11 01:43:01,205 - instabot version: 0.117.0 (api) - DEBUG - POST to endpoint: accounts/contact_point_prefill/ returned response: <Response [200]>
2021-08-11 01:43:03,003 - instabot version: 0.117.0 (api) - DEBUG - POST to endpoint: accounts/login/ returned response: <Response [200]>
2021-08-11 01:43:03,003 - instabot version: 0.117.0 (api) - INFO - Logged-in successfully as 'derbgang'!
2021-08-11 01:43:03,003 - instabot version: 0.117.0 (api_login) - INFO - LOGIN FLOW! Just logged-in: True
2021-08-11 01:43:03,248 - instabot version: 0.117.0 (api) - DEBUG - POST to endpoint: qe/sync/ returned response: <Response [200]>
2021-08-11 01:43:03,506 - instabot version: 0.117.0 (api) - DEBUG - POST to endpoint: launcher/sync/ returned response: <Response [200]>
2021-08-11 01:43:03,741 - instabot version: 0.117.0 (api) - DEBUG - GET to endpoint: zr/token/result/?device_id=android-482d8e988b586de3&token_hash=&custom_device_id=android-482d8e988b586de3&fetch_reason=token_expired returned response: <Response [200]>
2021-08-11 01:43:03,960 - instabot version: 0.117.0 (api) - DEBUG - GET to endpoint: multiple_accounts/get_account_family/ returned response: <Response [200]>
2021-08-11 01:43:04,214 - instabot version: 0.117.0 (api) - DEBUG - POST to endpoint: qe/sync/ returned response: <Response [200]>
2021-08-11 01:43:04,647 - instabot version: 0.117.0 (api) - DEBUG - GET to endpoint: igtv/browse_feed/?prefetch=1 returned response: <Response [200]>
2021-08-11 01:43:04,872 - instabot version: 0.117.0 (api) - DEBUG - POST to endpoint: creatives/ar_class/ returned response: <Response [200]>
2021-08-11 01:43:05,548 - instabot version: 0.117.0 (api) - DEBUG - POST to endpoint: feed/reels_tray/ returned response: <Response [200]>
2021-08-11 01:43:06,523 - instabot version: 0.117.0 (api) - DEBUG - POST to endpoint: feed/timeline/ returned response: <Response [200]>
2021-08-11 01:43:06,745 - instabot version: 0.117.0 (api) - DEBUG - GET to endpoint: media/blocked/ returned response: <Response [200]>
2021-08-11 01:43:07,464 - instabot version: 0.117.0 (api) - DEBUG - GET to endpoint: news/inbox/ returned response: <Response [200]>
2021-08-11 01:43:07,688 - instabot version: 0.117.0 (api) - DEBUG - GET to endpoint: loom/fetch_config/ returned response: <Response [200]>
2021-08-11 01:43:08,154 - instabot version: 0.117.0 (api) - DEBUG - GET to endpoint: scores/bootstrap/users/?surfaces=["autocomplete_user_list","coefficient_besties_list_ranking","coefficient_rank_recipient_user_suggestion","coefficient_ios_section_test_bootstrap_ranking","coefficient_direct_recipients_ranking_variant_2"] returned response: <Response [200]>
2021-08-11 01:43:08,427 - instabot version: 0.117.0 (api) - DEBUG - GET to endpoint: business/eligibility/get_monetization_products_eligibility_data/?product_types=branded_content returned response: <Response [200]>
2021-08-11 01:43:08,648 - instabot version: 0.117.0 (api) - DEBUG - GET to endpoint: business/branded_content/should_require_professional_account/ returned response: <Response [200]>
2021-08-11 01:43:08,881 - instabot version: 0.117.0 (api) - DEBUG - GET to endpoint: linked_accounts/get_linkage_status/ returned response: <Response [200]>
2021-08-11 01:43:09,105 - instabot version: 0.117.0 (api) - DEBUG - GET to endpoint: locations/request_country/ returned response: <Response [200]>
2021-08-11 01:43:09,323 - instabot version: 0.117.0 (api) - DEBUG - GET to endpoint: qp/get_cooldowns/?signed_body=signed_body=4b9c516a5410a3bc128e09c6104a7f042146b9c2023870560c63a43a7f66781c.4&ig_sig_key_version=4&ig_sig_key_version=4 returned response: <Response [200]>
2021-08-11 01:43:09,541 - instabot version: 0.117.0 (api) - DEBUG - GET to endpoint: users/arlink_download_info/?version_override=2.2.1 returned response: <Response [200]>
2021-08-11 01:43:09,911 - instabot version: 0.117.0 (api) - DEBUG - GET to endpoint: users/49050629623/info/ returned response: <Response [200]>
2021-08-11 01:43:10,367 - instabot version: 0.117.0 (api) - DEBUG - GET to endpoint: direct_v2/get_presence/ returned response: <Response [200]>
2021-08-11 01:43:11,264 - instabot version: 0.117.0 (api) - DEBUG - GET to endpoint: direct_v2/inbox/?visual_message_return_type=unseen&thread_message_limit=10&persistentBadging=true&limit=20 returned response: <Response [200]>
2021-08-11 01:43:11,532 - instabot version: 0.117.0 (api) - DEBUG - GET to endpoint: direct_v2/inbox/?visual_message_return_type=unseen&persistentBadging=true&limit=0 returned response: <Response [200]>
2021-08-11 01:43:11,964 - instabot version: 0.117.0 (api) - DEBUG - GET to endpoint: discover/topical_explore/?is_prefetch=true&omit_cover_media=true&use_sectional_payload=true&timezone_offset=0&session_id=9b52fc9d-6e3a-4d21-bfe4-156fda3c976b&include_fixed_destinations=true returned response: <Response [200]>
2021-08-11 01:43:12,187 - instabot version: 0.117.0 (api) - DEBUG - POST to endpoint: notifications/badge/ returned response: <Response [200]>
2021-08-11 01:43:12,517 - instabot version: 0.117.0 (api) - DEBUG - POST to endpoint: qp/batch_fetch/ returned response: <Response [200]>
2021-08-11 01:43:12,518 - instabot version: 0.117.0 (bot_checkpoint) - DEBUG - Loading Checkpoint file from: D:\Programming\2021\InstaBot/config/derbgang.checkpoint
2021-08-11 01:43:31,465 - instabot version: 0.117.0 (api) - DEBUG - GET to endpoint: users/savagerealms.jemima/usernameinfo/ returned response: <Response [200]>
2021-08-11 01:43:32,834 - instabot version: 0.117.0 (api) - DEBUG - GET to endpoint: feed/user/11903691706/?max_id=&min_timestamp=None&rank_token=49050629623_8486b752-9143-463c-8d3a-19c6845abf84&ranked_content=true returned response: <Response [200]>
2021-08-11 01:43:33,548 - instabot version: 0.117.0 (api) - DEBUG - GET to endpoint: feed/user/11903691706/?max_id=2589614095055212282_11903691706&min_timestamp=None&rank_token=49050629623_8486b752-9143-463c-8d3a-19c6845abf84&ranked_content=true returned response: <Response [200]>
2021-08-11 01:43:34,250 - instabot version: 0.117.0 (api) - DEBUG - GET to endpoint: feed/user/11903691706/?max_id=2546844263205701543_11903691706&min_timestamp=None&rank_token=49050629623_8486b752-9143-463c-8d3a-19c6845abf84&ranked_content=true returned response: <Response [200]>
2021-08-11 01:43:34,891 - instabot version: 0.117.0 (api) - DEBUG - GET to endpoint: feed/user/11903691706/?max_id=2504089968475767028_11903691706&min_timestamp=None&rank_token=49050629623_8486b752-9143-463c-8d3a-19c6845abf84&ranked_content=true returned response: <Response [200]>
2021-08-11 01:43:35,578 - instabot version: 0.117.0 (api) - DEBUG - GET to endpoint: feed/user/11903691706/?max_id=2481636672636564778_11903691706&min_timestamp=None&rank_token=49050629623_8486b752-9143-463c-8d3a-19c6845abf84&ranked_content=true returned response: <Response [200]>
2021-08-11 01:43:36,293 - instabot version: 0.117.0 (api) - DEBUG - GET to endpoint: feed/user/11903691706/?max_id=2449790645995116267_11903691706&min_timestamp=None&rank_token=49050629623_8486b752-9143-463c-8d3a-19c6845abf84&ranked_content=true returned response: <Response [200]>
2021-08-11 01:43:36,861 - instabot version: 0.117.0 (api) - DEBUG - GET to endpoint: feed/user/11903691706/?max_id=2418622022374716602_11903691706&min_timestamp=None&rank_token=49050629623_8486b752-9143-463c-8d3a-19c6845abf84&ranked_content=true returned response: <Response [200]>
2021-08-11 01:43:37,514 - instabot version: 0.117.0 (api) - DEBUG - GET to endpoint: feed/user/11903691706/?max_id=2404833163803378008_11903691706&min_timestamp=None&rank_token=49050629623_8486b752-9143-463c-8d3a-19c6845abf84&ranked_content=true returned response: <Response [200]>
2021-08-11 01:43:38,459 - instabot version: 0.117.0 (api) - DEBUG - GET to endpoint: feed/user/11903691706/?max_id=2393836932940241052_11903691706&min_timestamp=None&rank_token=49050629623_8486b752-9143-463c-8d3a-19c6845abf84&ranked_content=true returned response: <Response [200]>
2021-08-11 01:43:39,136 - instabot version: 0.117.0 (api) - DEBUG - GET to endpoint: feed/user/11903691706/?max_id=2374251292317278856_11903691706&min_timestamp=None&rank_token=49050629623_8486b752-9143-463c-8d3a-19c6845abf84&ranked_content=true returned response: <Response [200]>
2021-08-11 01:43:39,722 - instabot version: 0.117.0 (api) - DEBUG - GET to endpoint: feed/user/11903691706/?max_id=2367216812385838864_11903691706&min_timestamp=None&rank_token=49050629623_8486b752-9143-463c-8d3a-19c6845abf84&ranked_content=true returned response: <Response [200]>
2021-08-11 01:43:40,500 - instabot version: 0.117.0 (api) - DEBUG - GET to endpoint: feed/user/11903691706/?max_id=2362777918613246077_11903691706&min_timestamp=None&rank_token=49050629623_8486b752-9143-463c-8d3a-19c6845abf84&ranked_content=true returned response: <Response [200]>
2021-08-11 01:43:41,105 - instabot version: 0.117.0 (api) - DEBUG - GET to endpoint: feed/user/11903691706/?max_id=2358374579603762635_11903691706&min_timestamp=None&rank_token=49050629623_8486b752-9143-463c-8d3a-19c6845abf84&ranked_content=true returned response: <Response [200]>
2021-08-11 01:43:41,691 - instabot version: 0.117.0 (api) - DEBUG - GET to endpoint: feed/user/11903691706/?max_id=2354793115234564372_11903691706&min_timestamp=None&rank_token=49050629623_8486b752-9143-463c-8d3a-19c6845abf84&ranked_content=true returned response: <Response [200]>
2021-08-11 01:43:42,265 - instabot version: 0.117.0 (api) - DEBUG - GET to endpoint: feed/user/11903691706/?max_id=2350470910883181649_11903691706&min_timestamp=None&rank_token=49050629623_8486b752-9143-463c-8d3a-19c6845abf84&ranked_content=true returned response: <Response [200]>
2021-08-11 01:43:42,943 - instabot version: 0.117.0 (api) - DEBUG - GET to endpoint: feed/user/11903691706/?max_id=2343953624554994548_11903691706&min_timestamp=None&rank_token=49050629623_8486b752-9143-463c-8d3a-19c6845abf84&ranked_content=true returned response: <Response [200]>
2021-08-11 01:43:43,716 - instabot version: 0.117.0 (api) - DEBUG - GET to endpoint: feed/user/11903691706/?max_id=2340180248614939335_11903691706&min_timestamp=None&rank_token=49050629623_8486b752-9143-463c-8d3a-19c6845abf84&ranked_content=true returned response: <Response [200]>
2021-08-11 01:43:44,383 - instabot version: 0.117.0 (api) - DEBUG - GET to endpoint: feed/user/11903691706/?max_id=2337353135499429186_11903691706&min_timestamp=None&rank_token=49050629623_8486b752-9143-463c-8d3a-19c6845abf84&ranked_content=true returned response: <Response [200]>
2021-08-11 01:43:45,009 - instabot version: 0.117.0 (api) - DEBUG - GET to endpoint: feed/user/11903691706/?max_id=2333765418622414159_11903691706&min_timestamp=None&rank_token=49050629623_8486b752-9143-463c-8d3a-19c6845abf84&ranked_content=true returned response: <Response [200]>
2021-08-11 01:43:45,669 - instabot version: 0.117.0 (api) - DEBUG - GET to endpoint: feed/user/11903691706/?max_id=2329368830571640461_11903691706&min_timestamp=None&rank_token=49050629623_8486b752-9143-463c-8d3a-19c6845abf84&ranked_content=true returned response: <Response [200]>
2021-08-11 01:43:46,186 - instabot version: 0.117.0 (api) - DEBUG - GET to endpoint: feed/user/11903691706/?max_id=2317103032767590745_11903691706&min_timestamp=None&rank_token=49050629623_8486b752-9143-463c-8d3a-19c6845abf84&ranked_content=true returned response: <Response [200]>
2021-08-11 01:43:46,848 - instabot version: 0.117.0 (api) - DEBUG - GET to endpoint: feed/user/11903691706/?max_id=2310695489606473092_11903691706&min_timestamp=None&rank_token=49050629623_8486b752-9143-463c-8d3a-19c6845abf84&ranked_content=true returned response: <Response [200]>
2021-08-11 01:43:47,395 - instabot version: 0.117.0 (api) - DEBUG - GET to endpoint: feed/user/11903691706/?max_id=2305595880152441760_11903691706&min_timestamp=None&rank_token=49050629623_8486b752-9143-463c-8d3a-19c6845abf84&ranked_content=true returned response: <Response [200]>
2021-08-11 01:43:48,119 - instabot version: 0.117.0 (api) - DEBUG - GET to endpoint: feed/user/11903691706/?max_id=2301214794676919301_11903691706&min_timestamp=None&rank_token=49050629623_8486b752-9143-463c-8d3a-19c6845abf84&ranked_content=true returned response: <Response [200]>
2021-08-11 01:43:48,747 - instabot version: 0.117.0 (api) - DEBUG - GET to endpoint: feed/user/11903691706/?max_id=2296128691678526935_11903691706&min_timestamp=None&rank_token=49050629623_8486b752-9143-463c-8d3a-19c6845abf84&ranked_content=true returned response: <Response [200]>
2021-08-11 01:43:49,492 - instabot version: 0.117.0 (api) - DEBUG - GET to endpoint: feed/user/11903691706/?max_id=2288915337885212710_11903691706&min_timestamp=None&rank_token=49050629623_8486b752-9143-463c-8d3a-19c6845abf84&ranked_content=true returned response: <Response [200]>
2021-08-11 01:43:50,219 - instabot version: 0.117.0 (api) - DEBUG - GET to endpoint: feed/user/11903691706/?max_id=2283158334956919968_11903691706&min_timestamp=None&rank_token=49050629623_8486b752-9143-463c-8d3a-19c6845abf84&ranked_content=true returned response: <Response [200]>
2021-08-11 01:43:50,827 - instabot version: 0.117.0 (api) - DEBUG - GET to endpoint: feed/user/11903691706/?max_id=2259923806746785037_11903691706&min_timestamp=None&rank_token=49050629623_8486b752-9143-463c-8d3a-19c6845abf84&ranked_content=true returned response: <Response [200]>
2021-08-11 01:43:51,513 - instabot version: 0.117.0 (api) - DEBUG - GET to endpoint: feed/user/11903691706/?max_id=2254005344027422237_11903691706&min_timestamp=None&rank_token=49050629623_8486b752-9143-463c-8d3a-19c6845abf84&ranked_content=true returned response: <Response [200]>
2021-08-11 01:43:52,120 - instabot version: 0.117.0 (api) - DEBUG - GET to endpoint: feed/user/11903691706/?max_id=2188824952287244054_11903691706&min_timestamp=None&rank_token=49050629623_8486b752-9143-463c-8d3a-19c6845abf84&ranked_content=true returned response: <Response [200]>
2021-08-11 01:43:52,690 - instabot version: 0.117.0 (api) - DEBUG - GET to endpoint: feed/user/11903691706/?max_id=2179530985984972246_11903691706&min_timestamp=None&rank_token=49050629623_8486b752-9143-463c-8d3a-19c6845abf84&ranked_content=true returned response: <Response [200]>
2021-08-11 01:43:53,018 - instabot version: 0.117.0 (api) - DEBUG - GET to endpoint: feed/user/11903691706/?max_id=2167156039925270625_11903691706&min_timestamp=None&rank_token=49050629623_8486b752-9143-463c-8d3a-19c6845abf84&ranked_content=true returned response: <Response [200]>
2021-08-11 01:43:53,363 - instabot version: 0.117.0 (api) - DEBUG - GET to endpoint: users/vocabexpansion/usernameinfo/ returned response: <Response [200]>
2021-08-11 01:43:54,179 - instabot version: 0.117.0 (api) - DEBUG - GET to endpoint: media/2364998080489916118_11903691706/info/ returned response: <Response [200]>
2021-08-11 01:43:54,748 - instabot version: 0.117.0 (api) - DEBUG - POST to endpoint: direct_v2/threads/broadcast/media_share/ returned response: <Response [200]>
2021-08-11 01:43:55,209 - instabot version: 0.117.0 (api) - DEBUG - POST to endpoint: direct_v2/inbox/ returned response: <Response [200]>
2021-08-11 01:43:55,224 - instabot version: 0.117.0 (bot_checkpoint) - DEBUG - Saving Checkpoint file to: D:\Programming\2021\InstaBot/config/derbgang.checkpoint
2021-08-11 01:43:55,225 - instabot version: 0.117.0 (bot) - INFO - Total messages: 2/90
2021-08-11 01:43:55,225 - instabot version: 0.117.0 (bot) - INFO - Total requests: 1552
