2021-08-07 14:29:42,413 - instabot version: 0.117.0 (bot) - INFO - Instabot version: 0.117.0 Started
2021-08-07 14:29:42,413 - instabot version: 0.117.0 (bot) - DEBUG - Bot imported from C:\Users\skyem\AppData\Local\Programs\Python\Python39\lib\site-packages\instabot\bot\bot.py
2021-08-07 14:29:43,714 - instabot version: 0.117.0 (api_login) - INFO - Not yet logged in starting: PRE-LOGIN FLOW!
2021-08-07 14:29:43,883 - instabot version: 0.117.0 (api) - DEBUG - POST to endpoint: accounts/get_prefill_candidates/ returned response: <Response [200]>
2021-08-07 14:29:44,076 - instabot version: 0.117.0 (api) - DEBUG - POST to endpoint: qe/sync/ returned response: <Response [200]>
2021-08-07 14:29:44,263 - instabot version: 0.117.0 (api) - DEBUG - POST to endpoint: launcher/sync/ returned response: <Response [200]>
2021-08-07 14:29:44,435 - instabot version: 0.117.0 (api) - DEBUG - POST to endpoint: accounts/contact_point_prefill/ returned response: <Response [200]>
2021-08-07 14:29:46,059 - instabot version: 0.117.0 (api) - DEBUG - POST to endpoint: accounts/login/ returned response: <Response [200]>
2021-08-07 14:29:46,059 - instabot version: 0.117.0 (api) - INFO - Logged-in successfully as 'vocabexpansion'!
2021-08-07 14:29:46,060 - instabot version: 0.117.0 (api_login) - INFO - LOGIN FLOW! Just logged-in: True
2021-08-07 14:29:46,228 - instabot version: 0.117.0 (api) - DEBUG - POST to endpoint: qe/sync/ returned response: <Response [200]>
2021-08-07 14:29:46,418 - instabot version: 0.117.0 (api) - DEBUG - POST to endpoint: launcher/sync/ returned response: <Response [200]>
2021-08-07 14:29:46,598 - instabot version: 0.117.0 (api) - DEBUG - GET to endpoint: zr/token/result/?device_id=android-e377a40ffa4f9abc&token_hash=&custom_device_id=android-e377a40ffa4f9abc&fetch_reason=token_expired returned response: <Response [200]>
2021-08-07 14:29:46,741 - instabot version: 0.117.0 (api) - DEBUG - GET to endpoint: multiple_accounts/get_account_family/ returned response: <Response [200]>
2021-08-07 14:29:46,893 - instabot version: 0.117.0 (api) - DEBUG - POST to endpoint: qe/sync/ returned response: <Response [200]>
2021-08-07 14:29:47,356 - instabot version: 0.117.0 (api) - DEBUG - GET to endpoint: igtv/browse_feed/?prefetch=1 returned response: <Response [200]>
2021-08-07 14:29:47,505 - instabot version: 0.117.0 (api) - DEBUG - POST to endpoint: creatives/ar_class/ returned response: <Response [200]>
2021-08-07 14:29:48,019 - instabot version: 0.117.0 (api) - DEBUG - POST to endpoint: feed/reels_tray/ returned response: <Response [200]>
2021-08-07 14:29:49,227 - instabot version: 0.117.0 (api) - DEBUG - POST to endpoint: feed/timeline/ returned response: <Response [200]>
2021-08-07 14:29:49,373 - instabot version: 0.117.0 (api) - DEBUG - GET to endpoint: media/blocked/ returned response: <Response [200]>
2021-08-07 14:29:49,652 - instabot version: 0.117.0 (api) - DEBUG - GET to endpoint: news/inbox/ returned response: <Response [200]>
2021-08-07 14:29:49,806 - instabot version: 0.117.0 (api) - DEBUG - GET to endpoint: loom/fetch_config/ returned response: <Response [200]>
2021-08-07 14:29:50,197 - instabot version: 0.117.0 (api) - DEBUG - GET to endpoint: scores/bootstrap/users/?surfaces=["autocomplete_user_list","coefficient_besties_list_ranking","coefficient_rank_recipient_user_suggestion","coefficient_ios_section_test_bootstrap_ranking","coefficient_direct_recipients_ranking_variant_2"] returned response: <Response [200]>
2021-08-07 14:29:50,359 - instabot version: 0.117.0 (api) - DEBUG - GET to endpoint: business/eligibility/get_monetization_products_eligibility_data/?product_types=branded_content returned response: <Response [200]>
2021-08-07 14:29:50,508 - instabot version: 0.117.0 (api) - DEBUG - GET to endpoint: business/branded_content/should_require_professional_account/ returned response: <Response [200]>
2021-08-07 14:29:50,657 - instabot version: 0.117.0 (api) - DEBUG - GET to endpoint: linked_accounts/get_linkage_status/ returned response: <Response [200]>
2021-08-07 14:29:50,815 - instabot version: 0.117.0 (api) - DEBUG - GET to endpoint: locations/request_country/ returned response: <Response [200]>
2021-08-07 14:29:50,962 - instabot version: 0.117.0 (api) - DEBUG - GET to endpoint: qp/get_cooldowns/?signed_body=signed_body=4b9c516a5410a3bc128e09c6104a7f042146b9c2023870560c63a43a7f66781c.4&ig_sig_key_version=4&ig_sig_key_version=4 returned response: <Response [200]>
2021-08-07 14:29:51,114 - instabot version: 0.117.0 (api) - DEBUG - GET to endpoint: users/arlink_download_info/?version_override=2.2.1 returned response: <Response [200]>
2021-08-07 14:29:51,429 - instabot version: 0.117.0 (api) - DEBUG - GET to endpoint: users/49051026324/info/ returned response: <Response [200]>
2021-08-07 14:29:51,629 - instabot version: 0.117.0 (api) - DEBUG - GET to endpoint: direct_v2/get_presence/ returned response: <Response [200]>
2021-08-07 14:29:51,887 - instabot version: 0.117.0 (api) - DEBUG - GET to endpoint: direct_v2/inbox/?visual_message_return_type=unseen&thread_message_limit=10&persistentBadging=true&limit=20 returned response: <Response [200]>
2021-08-07 14:29:52,082 - instabot version: 0.117.0 (api) - DEBUG - GET to endpoint: direct_v2/inbox/?visual_message_return_type=unseen&persistentBadging=true&limit=0 returned response: <Response [200]>
2021-08-07 14:29:52,325 - instabot version: 0.117.0 (api) - DEBUG - GET to endpoint: discover/topical_explore/?is_prefetch=true&omit_cover_media=true&use_sectional_payload=true&timezone_offset=0&session_id=7a1939d8-81b8-40f0-8190-bbe63f644162&include_fixed_destinations=true returned response: <Response [200]>
2021-08-07 14:29:52,496 - instabot version: 0.117.0 (api) - DEBUG - POST to endpoint: notifications/badge/ returned response: <Response [200]>
2021-08-07 14:29:52,742 - instabot version: 0.117.0 (api) - DEBUG - POST to endpoint: qp/batch_fetch/ returned response: <Response [200]>
2021-08-07 14:29:52,743 - instabot version: 0.117.0 (bot_checkpoint) - DEBUG - Loading Checkpoint file from: D:\Programming\2021\InstaBot/config/vocabexpansion.checkpoint
2021-08-07 14:29:53,037 - instabot version: 0.117.0 (api) - DEBUG - GET to endpoint: users/cursed.image5/usernameinfo/ returned response: <Response [200]>
2021-08-07 14:29:53,819 - instabot version: 0.117.0 (api) - DEBUG - GET to endpoint: feed/user/13869174215/?max_id=&min_timestamp=None&rank_token=49051026324_f1cacad6-be32-4b03-ad9b-5852289e3fbd&ranked_content=true returned response: <Response [200]>
2021-08-07 14:29:54,120 - instabot version: 0.117.0 (api) - DEBUG - GET to endpoint: feed/user/13869174215/?max_id=2626282164009019831_13869174215&min_timestamp=None&rank_token=49051026324_f1cacad6-be32-4b03-ad9b-5852289e3fbd&ranked_content=true returned response: <Response [200]>
2021-08-07 14:29:54,520 - instabot version: 0.117.0 (api) - DEBUG - GET to endpoint: feed/user/13869174215/?max_id=2619320932840007255_13869174215&min_timestamp=None&rank_token=49051026324_f1cacad6-be32-4b03-ad9b-5852289e3fbd&ranked_content=true returned response: <Response [200]>
2021-08-07 14:29:54,764 - instabot version: 0.117.0 (api) - DEBUG - GET to endpoint: feed/user/13869174215/?max_id=2615694568026099705_13869174215&min_timestamp=None&rank_token=49051026324_f1cacad6-be32-4b03-ad9b-5852289e3fbd&ranked_content=true returned response: <Response [200]>
2021-08-07 14:29:55,015 - instabot version: 0.117.0 (api) - DEBUG - GET to endpoint: feed/user/13869174215/?max_id=2611690618580401403_13869174215&min_timestamp=None&rank_token=49051026324_f1cacad6-be32-4b03-ad9b-5852289e3fbd&ranked_content=true returned response: <Response [200]>
2021-08-07 14:29:55,265 - instabot version: 0.117.0 (api) - DEBUG - GET to endpoint: feed/user/13869174215/?max_id=2608061752276310042_13869174215&min_timestamp=None&rank_token=49051026324_f1cacad6-be32-4b03-ad9b-5852289e3fbd&ranked_content=true returned response: <Response [200]>
2021-08-07 14:29:55,548 - instabot version: 0.117.0 (api) - DEBUG - GET to endpoint: feed/user/13869174215/?max_id=2604100664946823042_13869174215&min_timestamp=None&rank_token=49051026324_f1cacad6-be32-4b03-ad9b-5852289e3fbd&ranked_content=true returned response: <Response [200]>
2021-08-07 14:29:55,788 - instabot version: 0.117.0 (api) - DEBUG - GET to endpoint: feed/user/13869174215/?max_id=2600494391490826446_13869174215&min_timestamp=None&rank_token=49051026324_f1cacad6-be32-4b03-ad9b-5852289e3fbd&ranked_content=true returned response: <Response [200]>
2021-08-07 14:29:56,056 - instabot version: 0.117.0 (api) - DEBUG - GET to endpoint: feed/user/13869174215/?max_id=2596457770244179366_13869174215&min_timestamp=None&rank_token=49051026324_f1cacad6-be32-4b03-ad9b-5852289e3fbd&ranked_content=true returned response: <Response [200]>
2021-08-07 14:29:56,327 - instabot version: 0.117.0 (api) - DEBUG - GET to endpoint: feed/user/13869174215/?max_id=2592519353094475095_13869174215&min_timestamp=None&rank_token=49051026324_f1cacad6-be32-4b03-ad9b-5852289e3fbd&ranked_content=true returned response: <Response [200]>
2021-08-07 14:29:56,596 - instabot version: 0.117.0 (api) - DEBUG - GET to endpoint: feed/user/13869174215/?max_id=2588502866338363342_13869174215&min_timestamp=None&rank_token=49051026324_f1cacad6-be32-4b03-ad9b-5852289e3fbd&ranked_content=true returned response: <Response [200]>
2021-08-07 14:29:56,866 - instabot version: 0.117.0 (api) - DEBUG - GET to endpoint: feed/user/13869174215/?max_id=2584501472361702861_13869174215&min_timestamp=None&rank_token=49051026324_f1cacad6-be32-4b03-ad9b-5852289e3fbd&ranked_content=true returned response: <Response [200]>
2021-08-07 14:29:57,175 - instabot version: 0.117.0 (api) - DEBUG - GET to endpoint: feed/user/13869174215/?max_id=2580915326536266213_13869174215&min_timestamp=None&rank_token=49051026324_f1cacad6-be32-4b03-ad9b-5852289e3fbd&ranked_content=true returned response: <Response [200]>
2021-08-07 14:29:57,463 - instabot version: 0.117.0 (api) - DEBUG - GET to endpoint: feed/user/13869174215/?max_id=2576901365169592772_13869174215&min_timestamp=None&rank_token=49051026324_f1cacad6-be32-4b03-ad9b-5852289e3fbd&ranked_content=true returned response: <Response [200]>
2021-08-07 14:29:57,716 - instabot version: 0.117.0 (api) - DEBUG - GET to endpoint: feed/user/13869174215/?max_id=2572950368222481861_13869174215&min_timestamp=None&rank_token=49051026324_f1cacad6-be32-4b03-ad9b-5852289e3fbd&ranked_content=true returned response: <Response [200]>
2021-08-07 14:29:57,998 - instabot version: 0.117.0 (api) - DEBUG - GET to endpoint: feed/user/13869174215/?max_id=2568933940185551628_13869174215&min_timestamp=None&rank_token=49051026324_f1cacad6-be32-4b03-ad9b-5852289e3fbd&ranked_content=true returned response: <Response [200]>
2021-08-07 14:29:58,274 - instabot version: 0.117.0 (api) - DEBUG - GET to endpoint: feed/user/13869174215/?max_id=2564952627503476652_13869174215&min_timestamp=None&rank_token=49051026324_f1cacad6-be32-4b03-ad9b-5852289e3fbd&ranked_content=true returned response: <Response [200]>
2021-08-07 14:29:58,545 - instabot version: 0.117.0 (api) - DEBUG - GET to endpoint: feed/user/13869174215/?max_id=2560943766360606050_13869174215&min_timestamp=None&rank_token=49051026324_f1cacad6-be32-4b03-ad9b-5852289e3fbd&ranked_content=true returned response: <Response [200]>
2021-08-07 14:29:58,814 - instabot version: 0.117.0 (api) - DEBUG - GET to endpoint: feed/user/13869174215/?max_id=2557005355631346400_13869174215&min_timestamp=None&rank_token=49051026324_f1cacad6-be32-4b03-ad9b-5852289e3fbd&ranked_content=true returned response: <Response [200]>
2021-08-07 14:29:59,104 - instabot version: 0.117.0 (api) - DEBUG - GET to endpoint: feed/user/13869174215/?max_id=2552988981780448384_13869174215&min_timestamp=None&rank_token=49051026324_f1cacad6-be32-4b03-ad9b-5852289e3fbd&ranked_content=true returned response: <Response [200]>
2021-08-07 14:29:59,396 - instabot version: 0.117.0 (api) - DEBUG - GET to endpoint: feed/user/13869174215/?max_id=2548987552614947851_13869174215&min_timestamp=None&rank_token=49051026324_f1cacad6-be32-4b03-ad9b-5852289e3fbd&ranked_content=true returned response: <Response [200]>
2021-08-07 14:29:59,753 - instabot version: 0.117.0 (api) - DEBUG - GET to endpoint: feed/user/13869174215/?max_id=2546037047749495563_13869174215&min_timestamp=None&rank_token=49051026324_f1cacad6-be32-4b03-ad9b-5852289e3fbd&ranked_content=true returned response: <Response [200]>
2021-08-07 14:30:00,021 - instabot version: 0.117.0 (api) - DEBUG - GET to endpoint: feed/user/13869174215/?max_id=2542114681509893820_13869174215&min_timestamp=None&rank_token=49051026324_f1cacad6-be32-4b03-ad9b-5852289e3fbd&ranked_content=true returned response: <Response [200]>
2021-08-07 14:30:00,330 - instabot version: 0.117.0 (api) - DEBUG - GET to endpoint: feed/user/13869174215/?max_id=2538173715005284388_13869174215&min_timestamp=None&rank_token=49051026324_f1cacad6-be32-4b03-ad9b-5852289e3fbd&ranked_content=true returned response: <Response [200]>
2021-08-07 14:30:00,595 - instabot version: 0.117.0 (api) - DEBUG - GET to endpoint: feed/user/13869174215/?max_id=2534544815264434387_13869174215&min_timestamp=None&rank_token=49051026324_f1cacad6-be32-4b03-ad9b-5852289e3fbd&ranked_content=true returned response: <Response [200]>
2021-08-07 14:30:00,962 - instabot version: 0.117.0 (api) - DEBUG - GET to endpoint: feed/user/13869174215/?max_id=2530535920269053773_13869174215&min_timestamp=None&rank_token=49051026324_f1cacad6-be32-4b03-ad9b-5852289e3fbd&ranked_content=true returned response: <Response [200]>
2021-08-07 14:30:01,226 - instabot version: 0.117.0 (api) - DEBUG - GET to endpoint: feed/user/13869174215/?max_id=2526896981011441823_13869174215&min_timestamp=None&rank_token=49051026324_f1cacad6-be32-4b03-ad9b-5852289e3fbd&ranked_content=true returned response: <Response [200]>
2021-08-07 14:30:01,554 - instabot version: 0.117.0 (api) - DEBUG - GET to endpoint: feed/user/13869174215/?max_id=2522963885033792954_13869174215&min_timestamp=None&rank_token=49051026324_f1cacad6-be32-4b03-ad9b-5852289e3fbd&ranked_content=true returned response: <Response [200]>
2021-08-07 14:30:01,803 - instabot version: 0.117.0 (api) - DEBUG - GET to endpoint: feed/user/13869174215/?max_id=2519327024235841370_13869174215&min_timestamp=None&rank_token=49051026324_f1cacad6-be32-4b03-ad9b-5852289e3fbd&ranked_content=true returned response: <Response [200]>
2021-08-07 14:30:02,113 - instabot version: 0.117.0 (api) - DEBUG - GET to endpoint: feed/user/13869174215/?max_id=2515673474754025240_13869174215&min_timestamp=None&rank_token=49051026324_f1cacad6-be32-4b03-ad9b-5852289e3fbd&ranked_content=true returned response: <Response [200]>
2021-08-07 14:30:02,394 - instabot version: 0.117.0 (api) - DEBUG - GET to endpoint: feed/user/13869174215/?max_id=2512431679012886615_13869174215&min_timestamp=None&rank_token=49051026324_f1cacad6-be32-4b03-ad9b-5852289e3fbd&ranked_content=true returned response: <Response [200]>
2021-08-07 14:30:02,660 - instabot version: 0.117.0 (api) - DEBUG - GET to endpoint: feed/user/13869174215/?max_id=2508795165326617826_13869174215&min_timestamp=None&rank_token=49051026324_f1cacad6-be32-4b03-ad9b-5852289e3fbd&ranked_content=true returned response: <Response [200]>
2021-08-07 14:30:02,925 - instabot version: 0.117.0 (api) - DEBUG - GET to endpoint: feed/user/13869174215/?max_id=2504834176534377920_13869174215&min_timestamp=None&rank_token=49051026324_f1cacad6-be32-4b03-ad9b-5852289e3fbd&ranked_content=true returned response: <Response [200]>
2021-08-07 14:30:03,202 - instabot version: 0.117.0 (api) - DEBUG - GET to endpoint: feed/user/13869174215/?max_id=2501952592915862130_13869174215&min_timestamp=None&rank_token=49051026324_f1cacad6-be32-4b03-ad9b-5852289e3fbd&ranked_content=true returned response: <Response [200]>
2021-08-07 14:30:03,482 - instabot version: 0.117.0 (api) - DEBUG - GET to endpoint: feed/user/13869174215/?max_id=2499750602877478920_13869174215&min_timestamp=None&rank_token=49051026324_f1cacad6-be32-4b03-ad9b-5852289e3fbd&ranked_content=true returned response: <Response [200]>
2021-08-07 14:30:03,757 - instabot version: 0.117.0 (api) - DEBUG - GET to endpoint: feed/user/13869174215/?max_id=2496879138318438467_13869174215&min_timestamp=None&rank_token=49051026324_f1cacad6-be32-4b03-ad9b-5852289e3fbd&ranked_content=true returned response: <Response [200]>
2021-08-07 14:30:04,042 - instabot version: 0.117.0 (api) - DEBUG - GET to endpoint: feed/user/13869174215/?max_id=2494297080575691358_13869174215&min_timestamp=None&rank_token=49051026324_f1cacad6-be32-4b03-ad9b-5852289e3fbd&ranked_content=true returned response: <Response [200]>
2021-08-07 14:30:04,326 - instabot version: 0.117.0 (api) - DEBUG - GET to endpoint: feed/user/13869174215/?max_id=2491508090337659323_13869174215&min_timestamp=None&rank_token=49051026324_f1cacad6-be32-4b03-ad9b-5852289e3fbd&ranked_content=true returned response: <Response [200]>
2021-08-07 14:30:04,576 - instabot version: 0.117.0 (api) - DEBUG - GET to endpoint: feed/user/13869174215/?max_id=2488767333201690606_13869174215&min_timestamp=None&rank_token=49051026324_f1cacad6-be32-4b03-ad9b-5852289e3fbd&ranked_content=true returned response: <Response [200]>
2021-08-07 14:30:04,820 - instabot version: 0.117.0 (api) - DEBUG - GET to endpoint: feed/user/13869174215/?max_id=2484542948476176785_13869174215&min_timestamp=None&rank_token=49051026324_f1cacad6-be32-4b03-ad9b-5852289e3fbd&ranked_content=true returned response: <Response [200]>
2021-08-07 14:30:05,092 - instabot version: 0.117.0 (api) - DEBUG - GET to endpoint: feed/user/13869174215/?max_id=2480543943331322882_13869174215&min_timestamp=None&rank_token=49051026324_f1cacad6-be32-4b03-ad9b-5852289e3fbd&ranked_content=true returned response: <Response [200]>
2021-08-07 14:30:05,355 - instabot version: 0.117.0 (api) - DEBUG - GET to endpoint: feed/user/13869174215/?max_id=2476655710194612550_13869174215&min_timestamp=None&rank_token=49051026324_f1cacad6-be32-4b03-ad9b-5852289e3fbd&ranked_content=true returned response: <Response [200]>
2021-08-07 14:30:05,601 - instabot version: 0.117.0 (api) - DEBUG - GET to endpoint: feed/user/13869174215/?max_id=2472546280048504730_13869174215&min_timestamp=None&rank_token=49051026324_f1cacad6-be32-4b03-ad9b-5852289e3fbd&ranked_content=true returned response: <Response [200]>
2021-08-07 14:30:05,889 - instabot version: 0.117.0 (api) - DEBUG - GET to endpoint: feed/user/13869174215/?max_id=2468922436582781045_13869174215&min_timestamp=None&rank_token=49051026324_f1cacad6-be32-4b03-ad9b-5852289e3fbd&ranked_content=true returned response: <Response [200]>
2021-08-07 14:30:06,146 - instabot version: 0.117.0 (api) - DEBUG - GET to endpoint: feed/user/13869174215/?max_id=2465009175103484602_13869174215&min_timestamp=None&rank_token=49051026324_f1cacad6-be32-4b03-ad9b-5852289e3fbd&ranked_content=true returned response: <Response [200]>
2021-08-07 14:30:06,429 - instabot version: 0.117.0 (api) - DEBUG - GET to endpoint: feed/user/13869174215/?max_id=2460640347263179662_13869174215&min_timestamp=None&rank_token=49051026324_f1cacad6-be32-4b03-ad9b-5852289e3fbd&ranked_content=true returned response: <Response [200]>
2021-08-07 14:30:06,670 - instabot version: 0.117.0 (api) - DEBUG - GET to endpoint: feed/user/13869174215/?max_id=2456628952261863877_13869174215&min_timestamp=None&rank_token=49051026324_f1cacad6-be32-4b03-ad9b-5852289e3fbd&ranked_content=true returned response: <Response [200]>
2021-08-07 14:30:06,914 - instabot version: 0.117.0 (api) - DEBUG - GET to endpoint: feed/user/13869174215/?max_id=2452690555870516861_13869174215&min_timestamp=None&rank_token=49051026324_f1cacad6-be32-4b03-ad9b-5852289e3fbd&ranked_content=true returned response: <Response [200]>
2021-08-07 14:30:07,191 - instabot version: 0.117.0 (api) - DEBUG - GET to endpoint: feed/user/13869174215/?max_id=2448694170446051359_13869174215&min_timestamp=None&rank_token=49051026324_f1cacad6-be32-4b03-ad9b-5852289e3fbd&ranked_content=true returned response: <Response [200]>
2021-08-07 14:30:07,711 - instabot version: 0.117.0 (api) - DEBUG - GET to endpoint: feed/user/13869174215/?max_id=2444687802296583042_13869174215&min_timestamp=None&rank_token=49051026324_f1cacad6-be32-4b03-ad9b-5852289e3fbd&ranked_content=true returned response: <Response [200]>
2021-08-07 14:30:07,962 - instabot version: 0.117.0 (api) - DEBUG - GET to endpoint: feed/user/13869174215/?max_id=2440706512804455084_13869174215&min_timestamp=None&rank_token=49051026324_f1cacad6-be32-4b03-ad9b-5852289e3fbd&ranked_content=true returned response: <Response [200]>
2021-08-07 14:30:08,214 - instabot version: 0.117.0 (api) - DEBUG - GET to endpoint: feed/user/13869174215/?max_id=2436735350699994709_13869174215&min_timestamp=None&rank_token=49051026324_f1cacad6-be32-4b03-ad9b-5852289e3fbd&ranked_content=true returned response: <Response [200]>
2021-08-07 14:30:08,478 - instabot version: 0.117.0 (api) - DEBUG - GET to endpoint: feed/user/13869174215/?max_id=2433129098571477149_13869174215&min_timestamp=None&rank_token=49051026324_f1cacad6-be32-4b03-ad9b-5852289e3fbd&ranked_content=true returned response: <Response [200]>
2021-08-07 14:30:08,729 - instabot version: 0.117.0 (api) - DEBUG - GET to endpoint: feed/user/13869174215/?max_id=2429505298969621108_13869174215&min_timestamp=None&rank_token=49051026324_f1cacad6-be32-4b03-ad9b-5852289e3fbd&ranked_content=true returned response: <Response [200]>
2021-08-07 14:30:09,053 - instabot version: 0.117.0 (api) - DEBUG - GET to endpoint: feed/user/13869174215/?max_id=2425435871171857365_13869174215&min_timestamp=None&rank_token=49051026324_f1cacad6-be32-4b03-ad9b-5852289e3fbd&ranked_content=true returned response: <Response [200]>
2021-08-07 14:30:09,401 - instabot version: 0.117.0 (api) - DEBUG - GET to endpoint: feed/user/13869174215/?max_id=2422921876622106329_13869174215&min_timestamp=None&rank_token=49051026324_f1cacad6-be32-4b03-ad9b-5852289e3fbd&ranked_content=true returned response: <Response [200]>
2021-08-07 14:30:09,645 - instabot version: 0.117.0 (api) - DEBUG - GET to endpoint: feed/user/13869174215/?max_id=2419599990277207744_13869174215&min_timestamp=None&rank_token=49051026324_f1cacad6-be32-4b03-ad9b-5852289e3fbd&ranked_content=true returned response: <Response [200]>
2021-08-07 14:30:09,907 - instabot version: 0.117.0 (api) - DEBUG - GET to endpoint: feed/user/13869174215/?max_id=2416421492374883814_13869174215&min_timestamp=None&rank_token=49051026324_f1cacad6-be32-4b03-ad9b-5852289e3fbd&ranked_content=true returned response: <Response [200]>
2021-08-07 14:30:10,174 - instabot version: 0.117.0 (api) - DEBUG - GET to endpoint: feed/user/13869174215/?max_id=2412322091271941178_13869174215&min_timestamp=None&rank_token=49051026324_f1cacad6-be32-4b03-ad9b-5852289e3fbd&ranked_content=true returned response: <Response [200]>
2021-08-07 14:30:10,439 - instabot version: 0.117.0 (api) - DEBUG - GET to endpoint: feed/user/13869174215/?max_id=2408655292738668661_13869174215&min_timestamp=None&rank_token=49051026324_f1cacad6-be32-4b03-ad9b-5852289e3fbd&ranked_content=true returned response: <Response [200]>
2021-08-07 14:30:10,698 - instabot version: 0.117.0 (api) - DEBUG - GET to endpoint: feed/user/13869174215/?max_id=2404777850169606759_13869174215&min_timestamp=None&rank_token=49051026324_f1cacad6-be32-4b03-ad9b-5852289e3fbd&ranked_content=true returned response: <Response [200]>
2021-08-07 14:30:10,968 - instabot version: 0.117.0 (api) - DEBUG - GET to endpoint: feed/user/13869174215/?max_id=2400478915984765526_13869174215&min_timestamp=None&rank_token=49051026324_f1cacad6-be32-4b03-ad9b-5852289e3fbd&ranked_content=true returned response: <Response [200]>
2021-08-07 14:30:11,256 - instabot version: 0.117.0 (api) - DEBUG - GET to endpoint: feed/user/13869174215/?max_id=2396832979551009673_13869174215&min_timestamp=None&rank_token=49051026324_f1cacad6-be32-4b03-ad9b-5852289e3fbd&ranked_content=true returned response: <Response [200]>
2021-08-07 14:30:11,535 - instabot version: 0.117.0 (api) - DEBUG - GET to endpoint: feed/user/13869174215/?max_id=2392484266083000422_13869174215&min_timestamp=None&rank_token=49051026324_f1cacad6-be32-4b03-ad9b-5852289e3fbd&ranked_content=true returned response: <Response [200]>
2021-08-07 14:30:11,805 - instabot version: 0.117.0 (api) - DEBUG - GET to endpoint: feed/user/13869174215/?max_id=2387753860330942816_13869174215&min_timestamp=None&rank_token=49051026324_f1cacad6-be32-4b03-ad9b-5852289e3fbd&ranked_content=true returned response: <Response [200]>
2021-08-07 14:30:12,142 - instabot version: 0.117.0 (api) - DEBUG - GET to endpoint: feed/user/13869174215/?max_id=2383407364441483015_13869174215&min_timestamp=None&rank_token=49051026324_f1cacad6-be32-4b03-ad9b-5852289e3fbd&ranked_content=true returned response: <Response [200]>
2021-08-07 14:30:12,407 - instabot version: 0.117.0 (api) - DEBUG - GET to endpoint: feed/user/13869174215/?max_id=2378963483146709426_13869174215&min_timestamp=None&rank_token=49051026324_f1cacad6-be32-4b03-ad9b-5852289e3fbd&ranked_content=true returned response: <Response [200]>
2021-08-07 14:30:12,656 - instabot version: 0.117.0 (api) - DEBUG - GET to endpoint: feed/user/13869174215/?max_id=2374728225182403018_13869174215&min_timestamp=None&rank_token=49051026324_f1cacad6-be32-4b03-ad9b-5852289e3fbd&ranked_content=true returned response: <Response [200]>
2021-08-07 14:30:12,895 - instabot version: 0.117.0 (api) - DEBUG - GET to endpoint: feed/user/13869174215/?max_id=2370750560775657182_13869174215&min_timestamp=None&rank_token=49051026324_f1cacad6-be32-4b03-ad9b-5852289e3fbd&ranked_content=true returned response: <Response [200]>
2021-08-07 14:30:13,163 - instabot version: 0.117.0 (api) - DEBUG - GET to endpoint: feed/user/13869174215/?max_id=2366430408168820005_13869174215&min_timestamp=None&rank_token=49051026324_f1cacad6-be32-4b03-ad9b-5852289e3fbd&ranked_content=true returned response: <Response [200]>
2021-08-07 14:30:13,429 - instabot version: 0.117.0 (api) - DEBUG - GET to endpoint: feed/user/13869174215/?max_id=2362769526674973791_13869174215&min_timestamp=None&rank_token=49051026324_f1cacad6-be32-4b03-ad9b-5852289e3fbd&ranked_content=true returned response: <Response [200]>
2021-08-07 14:30:13,698 - instabot version: 0.117.0 (api) - DEBUG - GET to endpoint: feed/user/13869174215/?max_id=2358435657251528577_13869174215&min_timestamp=None&rank_token=49051026324_f1cacad6-be32-4b03-ad9b-5852289e3fbd&ranked_content=true returned response: <Response [200]>
2021-08-07 14:30:13,949 - instabot version: 0.117.0 (api) - DEBUG - GET to endpoint: feed/user/13869174215/?max_id=2354810661467751114_13869174215&min_timestamp=None&rank_token=49051026324_f1cacad6-be32-4b03-ad9b-5852289e3fbd&ranked_content=true returned response: <Response [200]>
2021-08-07 14:30:14,208 - instabot version: 0.117.0 (api) - DEBUG - GET to endpoint: feed/user/13869174215/?max_id=2350465988741618775_13869174215&min_timestamp=None&rank_token=49051026324_f1cacad6-be32-4b03-ad9b-5852289e3fbd&ranked_content=true returned response: <Response [200]>
2021-08-07 14:30:14,469 - instabot version: 0.117.0 (api) - DEBUG - GET to endpoint: feed/user/13869174215/?max_id=2346165185566573541_13869174215&min_timestamp=None&rank_token=49051026324_f1cacad6-be32-4b03-ad9b-5852289e3fbd&ranked_content=true returned response: <Response [200]>
2021-08-07 14:30:14,735 - instabot version: 0.117.0 (api) - DEBUG - GET to endpoint: feed/user/13869174215/?max_id=2342503661086155982_13869174215&min_timestamp=None&rank_token=49051026324_f1cacad6-be32-4b03-ad9b-5852289e3fbd&ranked_content=true returned response: <Response [200]>
2021-08-07 14:30:15,118 - instabot version: 0.117.0 (api) - DEBUG - GET to endpoint: feed/user/13869174215/?max_id=2338127267509913555_13869174215&min_timestamp=None&rank_token=49051026324_f1cacad6-be32-4b03-ad9b-5852289e3fbd&ranked_content=true returned response: <Response [200]>
2021-08-07 14:30:15,390 - instabot version: 0.117.0 (api) - DEBUG - GET to endpoint: feed/user/13869174215/?max_id=2334122670831398861_13869174215&min_timestamp=None&rank_token=49051026324_f1cacad6-be32-4b03-ad9b-5852289e3fbd&ranked_content=true returned response: <Response [200]>
2021-08-07 14:30:15,706 - instabot version: 0.117.0 (api) - DEBUG - GET to endpoint: feed/user/13869174215/?max_id=2330552484224210594_13869174215&min_timestamp=None&rank_token=49051026324_f1cacad6-be32-4b03-ad9b-5852289e3fbd&ranked_content=true returned response: <Response [200]>
2021-08-07 14:30:15,997 - instabot version: 0.117.0 (api) - DEBUG - GET to endpoint: feed/user/13869174215/?max_id=2326553766432947481_13869174215&min_timestamp=None&rank_token=49051026324_f1cacad6-be32-4b03-ad9b-5852289e3fbd&ranked_content=true returned response: <Response [200]>
2021-08-07 14:30:16,261 - instabot version: 0.117.0 (api) - DEBUG - GET to endpoint: feed/user/13869174215/?max_id=2323265210302194844_13869174215&min_timestamp=None&rank_token=49051026324_f1cacad6-be32-4b03-ad9b-5852289e3fbd&ranked_content=true returned response: <Response [200]>
2021-08-07 14:30:16,507 - instabot version: 0.117.0 (api) - DEBUG - GET to endpoint: feed/user/13869174215/?max_id=2320359261535106609_13869174215&min_timestamp=None&rank_token=49051026324_f1cacad6-be32-4b03-ad9b-5852289e3fbd&ranked_content=true returned response: <Response [200]>
2021-08-07 14:30:16,769 - instabot version: 0.117.0 (api) - DEBUG - GET to endpoint: feed/user/13869174215/?max_id=2317824364622884173_13869174215&min_timestamp=None&rank_token=49051026324_f1cacad6-be32-4b03-ad9b-5852289e3fbd&ranked_content=true returned response: <Response [200]>
2021-08-07 14:30:17,019 - instabot version: 0.117.0 (api) - DEBUG - GET to endpoint: feed/user/13869174215/?max_id=2315679112898549809_13869174215&min_timestamp=None&rank_token=49051026324_f1cacad6-be32-4b03-ad9b-5852289e3fbd&ranked_content=true returned response: <Response [200]>
2021-08-07 14:30:17,378 - instabot version: 0.117.0 (api) - DEBUG - GET to endpoint: feed/user/13869174215/?max_id=2313486456126213303_13869174215&min_timestamp=None&rank_token=49051026324_f1cacad6-be32-4b03-ad9b-5852289e3fbd&ranked_content=true returned response: <Response [200]>
2021-08-07 14:30:17,630 - instabot version: 0.117.0 (api) - DEBUG - GET to endpoint: feed/user/13869174215/?max_id=2311304204860637488_13869174215&min_timestamp=None&rank_token=49051026324_f1cacad6-be32-4b03-ad9b-5852289e3fbd&ranked_content=true returned response: <Response [200]>
2021-08-07 14:30:17,933 - instabot version: 0.117.0 (api) - DEBUG - GET to endpoint: feed/user/13869174215/?max_id=2309130985206603098_13869174215&min_timestamp=None&rank_token=49051026324_f1cacad6-be32-4b03-ad9b-5852289e3fbd&ranked_content=true returned response: <Response [200]>
2021-08-07 14:30:18,210 - instabot version: 0.117.0 (api) - DEBUG - GET to endpoint: feed/user/13869174215/?max_id=2306946976628269968_13869174215&min_timestamp=None&rank_token=49051026324_f1cacad6-be32-4b03-ad9b-5852289e3fbd&ranked_content=true returned response: <Response [200]>
2021-08-07 14:30:18,519 - instabot version: 0.117.0 (api) - DEBUG - GET to endpoint: feed/user/13869174215/?max_id=2304793423469882682_13869174215&min_timestamp=None&rank_token=49051026324_f1cacad6-be32-4b03-ad9b-5852289e3fbd&ranked_content=true returned response: <Response [200]>
2021-08-07 14:30:18,795 - instabot version: 0.117.0 (api) - DEBUG - GET to endpoint: feed/user/13869174215/?max_id=2302612064550992807_13869174215&min_timestamp=None&rank_token=49051026324_f1cacad6-be32-4b03-ad9b-5852289e3fbd&ranked_content=true returned response: <Response [200]>
2021-08-07 14:30:19,051 - instabot version: 0.117.0 (api) - DEBUG - GET to endpoint: feed/user/13869174215/?max_id=2300416865099773608_13869174215&min_timestamp=None&rank_token=49051026324_f1cacad6-be32-4b03-ad9b-5852289e3fbd&ranked_content=true returned response: <Response [200]>
2021-08-07 14:30:19,325 - instabot version: 0.117.0 (api) - DEBUG - GET to endpoint: feed/user/13869174215/?max_id=2298261527172827762_13869174215&min_timestamp=None&rank_token=49051026324_f1cacad6-be32-4b03-ad9b-5852289e3fbd&ranked_content=true returned response: <Response [200]>
2021-08-07 14:30:19,590 - instabot version: 0.117.0 (api) - DEBUG - GET to endpoint: feed/user/13869174215/?max_id=2296089610160602205_13869174215&min_timestamp=None&rank_token=49051026324_f1cacad6-be32-4b03-ad9b-5852289e3fbd&ranked_content=true returned response: <Response [200]>
2021-08-07 14:30:19,852 - instabot version: 0.117.0 (api) - DEBUG - GET to endpoint: feed/user/13869174215/?max_id=2293904001312535944_13869174215&min_timestamp=None&rank_token=49051026324_f1cacad6-be32-4b03-ad9b-5852289e3fbd&ranked_content=true returned response: <Response [200]>
2021-08-07 14:30:20,141 - instabot version: 0.117.0 (api) - DEBUG - GET to endpoint: feed/user/13869174215/?max_id=2291388943315542728_13869174215&min_timestamp=None&rank_token=49051026324_f1cacad6-be32-4b03-ad9b-5852289e3fbd&ranked_content=true returned response: <Response [200]>
2021-08-07 14:30:20,436 - instabot version: 0.117.0 (api) - DEBUG - GET to endpoint: feed/user/13869174215/?max_id=2289187605089547898_13869174215&min_timestamp=None&rank_token=49051026324_f1cacad6-be32-4b03-ad9b-5852289e3fbd&ranked_content=true returned response: <Response [200]>
2021-08-07 14:30:20,706 - instabot version: 0.117.0 (api) - DEBUG - GET to endpoint: feed/user/13869174215/?max_id=2287381904537098515_13869174215&min_timestamp=None&rank_token=49051026324_f1cacad6-be32-4b03-ad9b-5852289e3fbd&ranked_content=true returned response: <Response [200]>
2021-08-07 14:30:20,972 - instabot version: 0.117.0 (api) - DEBUG - GET to endpoint: feed/user/13869174215/?max_id=2284840864277911251_13869174215&min_timestamp=None&rank_token=49051026324_f1cacad6-be32-4b03-ad9b-5852289e3fbd&ranked_content=true returned response: <Response [200]>
2021-08-07 14:30:21,251 - instabot version: 0.117.0 (api) - DEBUG - GET to endpoint: feed/user/13869174215/?max_id=2282310006027493789_13869174215&min_timestamp=None&rank_token=49051026324_f1cacad6-be32-4b03-ad9b-5852289e3fbd&ranked_content=true returned response: <Response [200]>
2021-08-07 14:30:21,497 - instabot version: 0.117.0 (api) - DEBUG - GET to endpoint: feed/user/13869174215/?max_id=2280129519708174684_13869174215&min_timestamp=None&rank_token=49051026324_f1cacad6-be32-4b03-ad9b-5852289e3fbd&ranked_content=true returned response: <Response [200]>
2021-08-07 14:30:21,779 - instabot version: 0.117.0 (api) - DEBUG - GET to endpoint: feed/user/13869174215/?max_id=2277983664356193149_13869174215&min_timestamp=None&rank_token=49051026324_f1cacad6-be32-4b03-ad9b-5852289e3fbd&ranked_content=true returned response: <Response [200]>
2021-08-07 14:30:22,031 - instabot version: 0.117.0 (api) - DEBUG - GET to endpoint: feed/user/13869174215/?max_id=2276160651344175491_13869174215&min_timestamp=None&rank_token=49051026324_f1cacad6-be32-4b03-ad9b-5852289e3fbd&ranked_content=true returned response: <Response [200]>
2021-08-07 14:30:22,294 - instabot version: 0.117.0 (api) - DEBUG - GET to endpoint: feed/user/13869174215/?max_id=2273985757273559312_13869174215&min_timestamp=None&rank_token=49051026324_f1cacad6-be32-4b03-ad9b-5852289e3fbd&ranked_content=true returned response: <Response [200]>
2021-08-07 14:30:22,583 - instabot version: 0.117.0 (api) - DEBUG - GET to endpoint: feed/user/13869174215/?max_id=2271844697336302944_13869174215&min_timestamp=None&rank_token=49051026324_f1cacad6-be32-4b03-ad9b-5852289e3fbd&ranked_content=true returned response: <Response [200]>
2021-08-07 14:30:22,922 - instabot version: 0.117.0 (api) - DEBUG - GET to endpoint: feed/user/13869174215/?max_id=2269322361701824604_13869174215&min_timestamp=None&rank_token=49051026324_f1cacad6-be32-4b03-ad9b-5852289e3fbd&ranked_content=true returned response: <Response [200]>
2021-08-07 14:30:23,222 - instabot version: 0.117.0 (api) - DEBUG - GET to endpoint: feed/user/13869174215/?max_id=2267122260149330706_13869174215&min_timestamp=None&rank_token=49051026324_f1cacad6-be32-4b03-ad9b-5852289e3fbd&ranked_content=true returned response: <Response [200]>
2021-08-07 14:30:23,491 - instabot version: 0.117.0 (api) - DEBUG - GET to endpoint: feed/user/13869174215/?max_id=2264964783077205373_13869174215&min_timestamp=None&rank_token=49051026324_f1cacad6-be32-4b03-ad9b-5852289e3fbd&ranked_content=true returned response: <Response [200]>
2021-08-07 14:30:23,735 - instabot version: 0.117.0 (api) - DEBUG - GET to endpoint: feed/user/13869174215/?max_id=2262780714797226909_13869174215&min_timestamp=None&rank_token=49051026324_f1cacad6-be32-4b03-ad9b-5852289e3fbd&ranked_content=true returned response: <Response [200]>
2021-08-07 14:30:23,987 - instabot version: 0.117.0 (api) - DEBUG - GET to endpoint: feed/user/13869174215/?max_id=2260581103978388929_13869174215&min_timestamp=None&rank_token=49051026324_f1cacad6-be32-4b03-ad9b-5852289e3fbd&ranked_content=true returned response: <Response [200]>
2021-08-07 14:30:24,270 - instabot version: 0.117.0 (api) - DEBUG - GET to endpoint: feed/user/13869174215/?max_id=2258428954670459867_13869174215&min_timestamp=None&rank_token=49051026324_f1cacad6-be32-4b03-ad9b-5852289e3fbd&ranked_content=true returned response: <Response [200]>
2021-08-07 14:30:24,531 - instabot version: 0.117.0 (api) - DEBUG - GET to endpoint: feed/user/13869174215/?max_id=2256205873549729303_13869174215&min_timestamp=None&rank_token=49051026324_f1cacad6-be32-4b03-ad9b-5852289e3fbd&ranked_content=true returned response: <Response [200]>
2021-08-07 14:30:24,789 - instabot version: 0.117.0 (api) - DEBUG - GET to endpoint: feed/user/13869174215/?max_id=2254447245964764045_13869174215&min_timestamp=None&rank_token=49051026324_f1cacad6-be32-4b03-ad9b-5852289e3fbd&ranked_content=true returned response: <Response [200]>
2021-08-07 14:30:25,148 - instabot version: 0.117.0 (api) - DEBUG - GET to endpoint: feed/user/13869174215/?max_id=2251904639124884728_13869174215&min_timestamp=None&rank_token=49051026324_f1cacad6-be32-4b03-ad9b-5852289e3fbd&ranked_content=true returned response: <Response [200]>
2021-08-07 14:30:25,453 - instabot version: 0.117.0 (api) - DEBUG - GET to endpoint: feed/user/13869174215/?max_id=2250104535879455748_13869174215&min_timestamp=None&rank_token=49051026324_f1cacad6-be32-4b03-ad9b-5852289e3fbd&ranked_content=true returned response: <Response [200]>
2021-08-07 14:30:25,784 - instabot version: 0.117.0 (api) - DEBUG - GET to endpoint: feed/user/13869174215/?max_id=2247525817222732961_13869174215&min_timestamp=None&rank_token=49051026324_f1cacad6-be32-4b03-ad9b-5852289e3fbd&ranked_content=true returned response: <Response [200]>
2021-08-07 14:30:26,061 - instabot version: 0.117.0 (api) - DEBUG - GET to endpoint: feed/user/13869174215/?max_id=2244686228846078615_13869174215&min_timestamp=None&rank_token=49051026324_f1cacad6-be32-4b03-ad9b-5852289e3fbd&ranked_content=true returned response: <Response [200]>
2021-08-07 14:30:26,327 - instabot version: 0.117.0 (api) - DEBUG - GET to endpoint: feed/user/13869174215/?max_id=2242508070986257926_13869174215&min_timestamp=None&rank_token=49051026324_f1cacad6-be32-4b03-ad9b-5852289e3fbd&ranked_content=true returned response: <Response [200]>
2021-08-07 14:30:26,581 - instabot version: 0.117.0 (api) - DEBUG - GET to endpoint: feed/user/13869174215/?max_id=2240362962841198535_13869174215&min_timestamp=None&rank_token=49051026324_f1cacad6-be32-4b03-ad9b-5852289e3fbd&ranked_content=true returned response: <Response [200]>
2021-08-07 14:30:26,909 - instabot version: 0.117.0 (api) - DEBUG - GET to endpoint: feed/user/13869174215/?max_id=2237706754409741583_13869174215&min_timestamp=None&rank_token=49051026324_f1cacad6-be32-4b03-ad9b-5852289e3fbd&ranked_content=true returned response: <Response [200]>
2021-08-07 14:30:27,181 - instabot version: 0.117.0 (api) - DEBUG - GET to endpoint: feed/user/13869174215/?max_id=2235239665459688368_13869174215&min_timestamp=None&rank_token=49051026324_f1cacad6-be32-4b03-ad9b-5852289e3fbd&ranked_content=true returned response: <Response [200]>
2021-08-07 14:30:27,474 - instabot version: 0.117.0 (api) - DEBUG - GET to endpoint: feed/user/13869174215/?max_id=2232998965905162716_13869174215&min_timestamp=None&rank_token=49051026324_f1cacad6-be32-4b03-ad9b-5852289e3fbd&ranked_content=true returned response: <Response [200]>
2021-08-07 14:30:27,783 - instabot version: 0.117.0 (api) - DEBUG - GET to endpoint: feed/user/13869174215/?max_id=2230505953002253773_13869174215&min_timestamp=None&rank_token=49051026324_f1cacad6-be32-4b03-ad9b-5852289e3fbd&ranked_content=true returned response: <Response [200]>
2021-08-07 14:30:28,071 - instabot version: 0.117.0 (api) - DEBUG - GET to endpoint: feed/user/13869174215/?max_id=2228286045107507395_13869174215&min_timestamp=None&rank_token=49051026324_f1cacad6-be32-4b03-ad9b-5852289e3fbd&ranked_content=true returned response: <Response [200]>
2021-08-07 14:30:28,337 - instabot version: 0.117.0 (api) - DEBUG - GET to endpoint: feed/user/13869174215/?max_id=2226118520529632115_13869174215&min_timestamp=None&rank_token=49051026324_f1cacad6-be32-4b03-ad9b-5852289e3fbd&ranked_content=true returned response: <Response [200]>
2021-08-07 14:30:28,618 - instabot version: 0.117.0 (api) - DEBUG - GET to endpoint: feed/user/13869174215/?max_id=2224350102314854501_13869174215&min_timestamp=None&rank_token=49051026324_f1cacad6-be32-4b03-ad9b-5852289e3fbd&ranked_content=true returned response: <Response [200]>
2021-08-07 14:30:28,890 - instabot version: 0.117.0 (api) - DEBUG - GET to endpoint: feed/user/13869174215/?max_id=2222572831073881528_13869174215&min_timestamp=None&rank_token=49051026324_f1cacad6-be32-4b03-ad9b-5852289e3fbd&ranked_content=true returned response: <Response [200]>
2021-08-07 14:30:29,220 - instabot version: 0.117.0 (api) - DEBUG - GET to endpoint: feed/user/13869174215/?max_id=2220729627361863024_13869174215&min_timestamp=None&rank_token=49051026324_f1cacad6-be32-4b03-ad9b-5852289e3fbd&ranked_content=true returned response: <Response [200]>
2021-08-07 14:30:29,488 - instabot version: 0.117.0 (api) - DEBUG - GET to endpoint: feed/user/13869174215/?max_id=2218924016751966356_13869174215&min_timestamp=None&rank_token=49051026324_f1cacad6-be32-4b03-ad9b-5852289e3fbd&ranked_content=true returned response: <Response [200]>
2021-08-07 14:30:29,731 - instabot version: 0.117.0 (api) - DEBUG - GET to endpoint: feed/user/13869174215/?max_id=2216356293639656650_13869174215&min_timestamp=None&rank_token=49051026324_f1cacad6-be32-4b03-ad9b-5852289e3fbd&ranked_content=true returned response: <Response [200]>
2021-08-07 14:30:30,026 - instabot version: 0.117.0 (api) - DEBUG - GET to endpoint: feed/user/13869174215/?max_id=2214295211404045517_13869174215&min_timestamp=None&rank_token=49051026324_f1cacad6-be32-4b03-ad9b-5852289e3fbd&ranked_content=true returned response: <Response [200]>
2021-08-07 14:30:30,308 - instabot version: 0.117.0 (api) - DEBUG - GET to endpoint: feed/user/13869174215/?max_id=2212757110424695168_13869174215&min_timestamp=None&rank_token=49051026324_f1cacad6-be32-4b03-ad9b-5852289e3fbd&ranked_content=true returned response: <Response [200]>
2021-08-07 14:30:30,563 - instabot version: 0.117.0 (api) - DEBUG - GET to endpoint: feed/user/13869174215/?max_id=2210373719087845526_13869174215&min_timestamp=None&rank_token=49051026324_f1cacad6-be32-4b03-ad9b-5852289e3fbd&ranked_content=true returned response: <Response [200]>
2021-08-07 14:30:30,891 - instabot version: 0.117.0 (api) - DEBUG - GET to endpoint: feed/user/13869174215/?max_id=2207656961356686914_13869174215&min_timestamp=None&rank_token=49051026324_f1cacad6-be32-4b03-ad9b-5852289e3fbd&ranked_content=true returned response: <Response [200]>
2021-08-07 14:30:31,176 - instabot version: 0.117.0 (api) - DEBUG - GET to endpoint: feed/user/13869174215/?max_id=2204434840256953316_13869174215&min_timestamp=None&rank_token=49051026324_f1cacad6-be32-4b03-ad9b-5852289e3fbd&ranked_content=true returned response: <Response [200]>
2021-08-07 14:30:31,443 - instabot version: 0.117.0 (api) - DEBUG - GET to endpoint: feed/user/13869174215/?max_id=2201072593544836725_13869174215&min_timestamp=None&rank_token=49051026324_f1cacad6-be32-4b03-ad9b-5852289e3fbd&ranked_content=true returned response: <Response [200]>
2021-08-07 14:30:31,688 - instabot version: 0.117.0 (api) - DEBUG - GET to endpoint: feed/user/13869174215/?max_id=2196080051626201817_13869174215&min_timestamp=None&rank_token=49051026324_f1cacad6-be32-4b03-ad9b-5852289e3fbd&ranked_content=true returned response: <Response [200]>
2021-08-07 14:30:32,242 - instabot version: 0.117.0 (api) - DEBUG - GET to endpoint: feed/user/13869174215/?max_id=2192058139821813633_13869174215&min_timestamp=None&rank_token=49051026324_f1cacad6-be32-4b03-ad9b-5852289e3fbd&ranked_content=true returned response: <Response [200]>
2021-08-07 14:30:32,493 - instabot version: 0.117.0 (api) - DEBUG - GET to endpoint: feed/user/13869174215/?max_id=2185540988701117376_13869174215&min_timestamp=None&rank_token=49051026324_f1cacad6-be32-4b03-ad9b-5852289e3fbd&ranked_content=true returned response: <Response [200]>
2021-08-07 14:30:32,828 - instabot version: 0.117.0 (api) - DEBUG - GET to endpoint: feed/user/13869174215/?max_id=2182028249503159542_13869174215&min_timestamp=None&rank_token=49051026324_f1cacad6-be32-4b03-ad9b-5852289e3fbd&ranked_content=true returned response: <Response [200]>
2021-08-07 14:30:34,016 - instabot version: 0.117.0 (api) - DEBUG - GET to endpoint: media/2634979100866231334_13869174215/info/ returned response: <Response [200]>
2021-08-07 14:30:34,310 - instabot version: 0.117.0 (bot_checkpoint) - DEBUG - Saving Checkpoint file to: D:\Programming\2021\InstaBot/config/vocabexpansion.checkpoint
2021-08-07 14:30:34,311 - instabot version: 0.117.0 (bot) - INFO - Total requests: 926
