2021-08-10 20:48:59,009 - instabot version: 0.117.0 (bot) - INFO - Instabot version: 0.117.0 Started
2021-08-10 20:48:59,009 - instabot version: 0.117.0 (bot) - DEBUG - Bot imported from C:\Users\skyem\AppData\Local\Programs\Python\Python39\lib\site-packages\instabot\bot\bot.py
2021-08-10 20:49:00,312 - instabot version: 0.117.0 (api_login) - INFO - Not yet logged in starting: PRE-LOGIN FLOW!
2021-08-10 20:49:00,488 - instabot version: 0.117.0 (api) - DEBUG - POST to endpoint: accounts/get_prefill_candidates/ returned response: <Response [200]>
2021-08-10 20:49:00,649 - instabot version: 0.117.0 (api) - DEBUG - POST to endpoint: qe/sync/ returned response: <Response [200]>
2021-08-10 20:49:00,809 - instabot version: 0.117.0 (api) - DEBUG - POST to endpoint: launcher/sync/ returned response: <Response [200]>
2021-08-10 20:49:00,958 - instabot version: 0.117.0 (api) - DEBUG - POST to endpoint: accounts/contact_point_prefill/ returned response: <Response [200]>
2021-08-10 20:49:02,563 - instabot version: 0.117.0 (api) - DEBUG - POST to endpoint: accounts/login/ returned response: <Response [200]>
2021-08-10 20:49:02,563 - instabot version: 0.117.0 (api) - INFO - Logged-in successfully as 'derbgang'!
2021-08-10 20:49:02,563 - instabot version: 0.117.0 (api_login) - INFO - LOGIN FLOW! Just logged-in: True
2021-08-10 20:49:02,755 - instabot version: 0.117.0 (api) - DEBUG - POST to endpoint: qe/sync/ returned response: <Response [200]>
2021-08-10 20:49:02,928 - instabot version: 0.117.0 (api) - DEBUG - POST to endpoint: launcher/sync/ returned response: <Response [200]>
2021-08-10 20:49:03,075 - instabot version: 0.117.0 (api) - DEBUG - GET to endpoint: zr/token/result/?device_id=android-482d8e988b586de3&token_hash=&custom_device_id=android-482d8e988b586de3&fetch_reason=token_expired returned response: <Response [200]>
2021-08-10 20:49:03,229 - instabot version: 0.117.0 (api) - DEBUG - GET to endpoint: multiple_accounts/get_account_family/ returned response: <Response [200]>
2021-08-10 20:49:03,405 - instabot version: 0.117.0 (api) - DEBUG - POST to endpoint: qe/sync/ returned response: <Response [200]>
2021-08-10 20:49:03,854 - instabot version: 0.117.0 (api) - DEBUG - GET to endpoint: igtv/browse_feed/?prefetch=1 returned response: <Response [200]>
2021-08-10 20:49:04,035 - instabot version: 0.117.0 (api) - DEBUG - POST to endpoint: creatives/ar_class/ returned response: <Response [200]>
2021-08-10 20:49:05,212 - instabot version: 0.117.0 (api) - DEBUG - POST to endpoint: feed/reels_tray/ returned response: <Response [200]>
2021-08-10 20:49:06,386 - instabot version: 0.117.0 (api) - DEBUG - POST to endpoint: feed/timeline/ returned response: <Response [200]>
2021-08-10 20:49:06,534 - instabot version: 0.117.0 (api) - DEBUG - GET to endpoint: media/blocked/ returned response: <Response [200]>
2021-08-10 20:49:07,357 - instabot version: 0.117.0 (api) - DEBUG - GET to endpoint: news/inbox/ returned response: <Response [200]>
2021-08-10 20:49:07,539 - instabot version: 0.117.0 (api) - DEBUG - GET to endpoint: loom/fetch_config/ returned response: <Response [200]>
2021-08-10 20:49:07,951 - instabot version: 0.117.0 (api) - DEBUG - GET to endpoint: scores/bootstrap/users/?surfaces=["autocomplete_user_list","coefficient_besties_list_ranking","coefficient_rank_recipient_user_suggestion","coefficient_ios_section_test_bootstrap_ranking","coefficient_direct_recipients_ranking_variant_2"] returned response: <Response [200]>
2021-08-10 20:49:08,138 - instabot version: 0.117.0 (api) - DEBUG - GET to endpoint: business/eligibility/get_monetization_products_eligibility_data/?product_types=branded_content returned response: <Response [200]>
2021-08-10 20:49:08,301 - instabot version: 0.117.0 (api) - DEBUG - GET to endpoint: business/branded_content/should_require_professional_account/ returned response: <Response [200]>
2021-08-10 20:49:08,445 - instabot version: 0.117.0 (api) - DEBUG - GET to endpoint: linked_accounts/get_linkage_status/ returned response: <Response [200]>
2021-08-10 20:49:08,599 - instabot version: 0.117.0 (api) - DEBUG - GET to endpoint: locations/request_country/ returned response: <Response [200]>
2021-08-10 20:49:08,784 - instabot version: 0.117.0 (api) - DEBUG - GET to endpoint: qp/get_cooldowns/?signed_body=signed_body=4b9c516a5410a3bc128e09c6104a7f042146b9c2023870560c63a43a7f66781c.4&ig_sig_key_version=4&ig_sig_key_version=4 returned response: <Response [200]>
2021-08-10 20:49:08,933 - instabot version: 0.117.0 (api) - DEBUG - GET to endpoint: users/arlink_download_info/?version_override=2.2.1 returned response: <Response [200]>
2021-08-10 20:49:09,188 - instabot version: 0.117.0 (api) - DEBUG - GET to endpoint: users/49050629623/info/ returned response: <Response [200]>
2021-08-10 20:49:09,567 - instabot version: 0.117.0 (api) - DEBUG - GET to endpoint: direct_v2/get_presence/ returned response: <Response [200]>
2021-08-10 20:49:10,245 - instabot version: 0.117.0 (api) - DEBUG - GET to endpoint: direct_v2/inbox/?visual_message_return_type=unseen&thread_message_limit=10&persistentBadging=true&limit=20 returned response: <Response [200]>
2021-08-10 20:49:10,440 - instabot version: 0.117.0 (api) - DEBUG - GET to endpoint: direct_v2/inbox/?visual_message_return_type=unseen&persistentBadging=true&limit=0 returned response: <Response [200]>
2021-08-10 20:49:10,674 - instabot version: 0.117.0 (api) - DEBUG - GET to endpoint: discover/topical_explore/?is_prefetch=true&omit_cover_media=true&use_sectional_payload=true&timezone_offset=0&session_id=9c45d53b-b3ff-4331-9967-7422712274ef&include_fixed_destinations=true returned response: <Response [200]>
2021-08-10 20:49:10,828 - instabot version: 0.117.0 (api) - DEBUG - POST to endpoint: notifications/badge/ returned response: <Response [200]>
2021-08-10 20:49:11,126 - instabot version: 0.117.0 (api) - DEBUG - POST to endpoint: qp/batch_fetch/ returned response: <Response [200]>
2021-08-10 20:49:11,127 - instabot version: 0.117.0 (bot_checkpoint) - DEBUG - Loading Checkpoint file from: D:\Programming\2021\InstaBot/config/derbgang.checkpoint
2021-08-10 20:49:39,499 - instabot version: 0.117.0 (api) - DEBUG - GET to endpoint: users/savagerealms.jemima/usernameinfo/ returned response: <Response [200]>
2021-08-10 20:49:40,994 - instabot version: 0.117.0 (api) - DEBUG - GET to endpoint: feed/user/11903691706/?max_id=&min_timestamp=None&rank_token=49050629623_dcb9f15b-5eb1-49b6-99b0-9ece864cf1ad&ranked_content=true returned response: <Response [200]>
2021-08-10 20:49:41,817 - instabot version: 0.117.0 (api) - DEBUG - GET to endpoint: feed/user/11903691706/?max_id=2589614095055212282_11903691706&min_timestamp=None&rank_token=49050629623_dcb9f15b-5eb1-49b6-99b0-9ece864cf1ad&ranked_content=true returned response: <Response [200]>
2021-08-10 20:49:42,564 - instabot version: 0.117.0 (api) - DEBUG - GET to endpoint: feed/user/11903691706/?max_id=2546844263205701543_11903691706&min_timestamp=None&rank_token=49050629623_dcb9f15b-5eb1-49b6-99b0-9ece864cf1ad&ranked_content=true returned response: <Response [200]>
2021-08-10 20:49:43,244 - instabot version: 0.117.0 (api) - DEBUG - GET to endpoint: feed/user/11903691706/?max_id=2504089968475767028_11903691706&min_timestamp=None&rank_token=49050629623_dcb9f15b-5eb1-49b6-99b0-9ece864cf1ad&ranked_content=true returned response: <Response [200]>
2021-08-10 20:49:44,388 - instabot version: 0.117.0 (api) - DEBUG - GET to endpoint: feed/user/11903691706/?max_id=2481636672636564778_11903691706&min_timestamp=None&rank_token=49050629623_dcb9f15b-5eb1-49b6-99b0-9ece864cf1ad&ranked_content=true returned response: <Response [200]>
2021-08-10 20:49:45,099 - instabot version: 0.117.0 (api) - DEBUG - GET to endpoint: feed/user/11903691706/?max_id=2449790645995116267_11903691706&min_timestamp=None&rank_token=49050629623_dcb9f15b-5eb1-49b6-99b0-9ece864cf1ad&ranked_content=true returned response: <Response [200]>
2021-08-10 20:49:45,609 - instabot version: 0.117.0 (api) - DEBUG - GET to endpoint: feed/user/11903691706/?max_id=2418622022374716602_11903691706&min_timestamp=None&rank_token=49050629623_dcb9f15b-5eb1-49b6-99b0-9ece864cf1ad&ranked_content=true returned response: <Response [200]>
2021-08-10 20:49:46,281 - instabot version: 0.117.0 (api) - DEBUG - GET to endpoint: feed/user/11903691706/?max_id=2404833163803378008_11903691706&min_timestamp=None&rank_token=49050629623_dcb9f15b-5eb1-49b6-99b0-9ece864cf1ad&ranked_content=true returned response: <Response [200]>
2021-08-10 20:49:47,266 - instabot version: 0.117.0 (api) - DEBUG - GET to endpoint: feed/user/11903691706/?max_id=2393836932940241052_11903691706&min_timestamp=None&rank_token=49050629623_dcb9f15b-5eb1-49b6-99b0-9ece864cf1ad&ranked_content=true returned response: <Response [200]>
2021-08-10 20:49:47,785 - instabot version: 0.117.0 (api) - DEBUG - GET to endpoint: feed/user/11903691706/?max_id=2374251292317278856_11903691706&min_timestamp=None&rank_token=49050629623_dcb9f15b-5eb1-49b6-99b0-9ece864cf1ad&ranked_content=true returned response: <Response [200]>
2021-08-10 20:49:48,294 - instabot version: 0.117.0 (api) - DEBUG - GET to endpoint: feed/user/11903691706/?max_id=2367216812385838864_11903691706&min_timestamp=None&rank_token=49050629623_dcb9f15b-5eb1-49b6-99b0-9ece864cf1ad&ranked_content=true returned response: <Response [200]>
2021-08-10 20:49:48,850 - instabot version: 0.117.0 (api) - DEBUG - GET to endpoint: feed/user/11903691706/?max_id=2362777918613246077_11903691706&min_timestamp=None&rank_token=49050629623_dcb9f15b-5eb1-49b6-99b0-9ece864cf1ad&ranked_content=true returned response: <Response [200]>
2021-08-10 20:49:49,412 - instabot version: 0.117.0 (api) - DEBUG - GET to endpoint: feed/user/11903691706/?max_id=2358374579603762635_11903691706&min_timestamp=None&rank_token=49050629623_dcb9f15b-5eb1-49b6-99b0-9ece864cf1ad&ranked_content=true returned response: <Response [200]>
2021-08-10 20:49:50,050 - instabot version: 0.117.0 (api) - DEBUG - GET to endpoint: feed/user/11903691706/?max_id=2354793115234564372_11903691706&min_timestamp=None&rank_token=49050629623_dcb9f15b-5eb1-49b6-99b0-9ece864cf1ad&ranked_content=true returned response: <Response [200]>
2021-08-10 20:49:50,634 - instabot version: 0.117.0 (api) - DEBUG - GET to endpoint: feed/user/11903691706/?max_id=2350470910883181649_11903691706&min_timestamp=None&rank_token=49050629623_dcb9f15b-5eb1-49b6-99b0-9ece864cf1ad&ranked_content=true returned response: <Response [200]>
2021-08-10 20:49:51,333 - instabot version: 0.117.0 (api) - DEBUG - GET to endpoint: feed/user/11903691706/?max_id=2343953624554994548_11903691706&min_timestamp=None&rank_token=49050629623_dcb9f15b-5eb1-49b6-99b0-9ece864cf1ad&ranked_content=true returned response: <Response [200]>
2021-08-10 20:49:52,036 - instabot version: 0.117.0 (api) - DEBUG - GET to endpoint: feed/user/11903691706/?max_id=2340180248614939335_11903691706&min_timestamp=None&rank_token=49050629623_dcb9f15b-5eb1-49b6-99b0-9ece864cf1ad&ranked_content=true returned response: <Response [200]>
2021-08-10 20:49:52,763 - instabot version: 0.117.0 (api) - DEBUG - GET to endpoint: feed/user/11903691706/?max_id=2337353135499429186_11903691706&min_timestamp=None&rank_token=49050629623_dcb9f15b-5eb1-49b6-99b0-9ece864cf1ad&ranked_content=true returned response: <Response [200]>
2021-08-10 20:49:53,331 - instabot version: 0.117.0 (api) - DEBUG - GET to endpoint: feed/user/11903691706/?max_id=2333765418622414159_11903691706&min_timestamp=None&rank_token=49050629623_dcb9f15b-5eb1-49b6-99b0-9ece864cf1ad&ranked_content=true returned response: <Response [200]>
2021-08-10 20:49:53,891 - instabot version: 0.117.0 (api) - DEBUG - GET to endpoint: feed/user/11903691706/?max_id=2329368830571640461_11903691706&min_timestamp=None&rank_token=49050629623_dcb9f15b-5eb1-49b6-99b0-9ece864cf1ad&ranked_content=true returned response: <Response [200]>
2021-08-10 20:49:54,373 - instabot version: 0.117.0 (api) - DEBUG - GET to endpoint: feed/user/11903691706/?max_id=2317103032767590745_11903691706&min_timestamp=None&rank_token=49050629623_dcb9f15b-5eb1-49b6-99b0-9ece864cf1ad&ranked_content=true returned response: <Response [200]>
2021-08-10 20:49:55,014 - instabot version: 0.117.0 (api) - DEBUG - GET to endpoint: feed/user/11903691706/?max_id=2310695489606473092_11903691706&min_timestamp=None&rank_token=49050629623_dcb9f15b-5eb1-49b6-99b0-9ece864cf1ad&ranked_content=true returned response: <Response [200]>
2021-08-10 20:49:55,438 - instabot version: 0.117.0 (api) - DEBUG - GET to endpoint: feed/user/11903691706/?max_id=2305595880152441760_11903691706&min_timestamp=None&rank_token=49050629623_dcb9f15b-5eb1-49b6-99b0-9ece864cf1ad&ranked_content=true returned response: <Response [200]>
2021-08-10 20:49:56,101 - instabot version: 0.117.0 (api) - DEBUG - GET to endpoint: feed/user/11903691706/?max_id=2301214794676919301_11903691706&min_timestamp=None&rank_token=49050629623_dcb9f15b-5eb1-49b6-99b0-9ece864cf1ad&ranked_content=true returned response: <Response [200]>
2021-08-10 20:49:56,594 - instabot version: 0.117.0 (api) - DEBUG - GET to endpoint: feed/user/11903691706/?max_id=2296128691678526935_11903691706&min_timestamp=None&rank_token=49050629623_dcb9f15b-5eb1-49b6-99b0-9ece864cf1ad&ranked_content=true returned response: <Response [200]>
2021-08-10 20:49:57,230 - instabot version: 0.117.0 (api) - DEBUG - GET to endpoint: feed/user/11903691706/?max_id=2288915337885212710_11903691706&min_timestamp=None&rank_token=49050629623_dcb9f15b-5eb1-49b6-99b0-9ece864cf1ad&ranked_content=true returned response: <Response [200]>
2021-08-10 20:49:57,863 - instabot version: 0.117.0 (api) - DEBUG - GET to endpoint: feed/user/11903691706/?max_id=2283158334956919968_11903691706&min_timestamp=None&rank_token=49050629623_dcb9f15b-5eb1-49b6-99b0-9ece864cf1ad&ranked_content=true returned response: <Response [200]>
2021-08-10 20:49:58,403 - instabot version: 0.117.0 (api) - DEBUG - GET to endpoint: feed/user/11903691706/?max_id=2259923806746785037_11903691706&min_timestamp=None&rank_token=49050629623_dcb9f15b-5eb1-49b6-99b0-9ece864cf1ad&ranked_content=true returned response: <Response [200]>
2021-08-10 20:49:59,559 - instabot version: 0.117.0 (api) - DEBUG - GET to endpoint: feed/user/11903691706/?max_id=2254005344027422237_11903691706&min_timestamp=None&rank_token=49050629623_dcb9f15b-5eb1-49b6-99b0-9ece864cf1ad&ranked_content=true returned response: <Response [200]>
2021-08-10 20:50:00,096 - instabot version: 0.117.0 (api) - DEBUG - GET to endpoint: feed/user/11903691706/?max_id=2188824952287244054_11903691706&min_timestamp=None&rank_token=49050629623_dcb9f15b-5eb1-49b6-99b0-9ece864cf1ad&ranked_content=true returned response: <Response [200]>
2021-08-10 20:50:00,629 - instabot version: 0.117.0 (api) - DEBUG - GET to endpoint: feed/user/11903691706/?max_id=2179530985984972246_11903691706&min_timestamp=None&rank_token=49050629623_dcb9f15b-5eb1-49b6-99b0-9ece864cf1ad&ranked_content=true returned response: <Response [200]>
2021-08-10 20:50:00,864 - instabot version: 0.117.0 (api) - DEBUG - GET to endpoint: feed/user/11903691706/?max_id=2167156039925270625_11903691706&min_timestamp=None&rank_token=49050629623_dcb9f15b-5eb1-49b6-99b0-9ece864cf1ad&ranked_content=true returned response: <Response [200]>
2021-08-10 20:50:01,063 - instabot version: 0.117.0 (api) - DEBUG - GET to endpoint: users/phrankier/usernameinfo/ returned response: <Response [200]>
2021-08-10 20:50:01,880 - instabot version: 0.117.0 (api) - DEBUG - GET to endpoint: media/2369313006583015455_11903691706/info/ returned response: <Response [200]>
2021-08-10 20:50:02,226 - instabot version: 0.117.0 (api) - DEBUG - POST to endpoint: direct_v2/threads/broadcast/media_share/ returned response: <Response [200]>
2021-08-10 20:56:56,006 - instabot version: 0.117.0 (api) - DEBUG - POST to endpoint: direct_v2/threads/broadcast/text/ returned response: <Response [200]>
2021-08-10 20:56:56,604 - instabot version: 0.117.0 (api) - DEBUG - POST to endpoint: direct_v2/inbox/ returned response: <Response [200]>
2021-08-10 20:56:56,627 - instabot version: 0.117.0 (bot_checkpoint) - DEBUG - Saving Checkpoint file to: D:\Programming\2021\InstaBot/config/derbgang.checkpoint
2021-08-10 20:56:56,627 - instabot version: 0.117.0 (bot) - INFO - Total messages: 11/72
2021-08-10 20:56:56,627 - instabot version: 0.117.0 (bot) - INFO - Total requests: 1478
