2021-08-07 13:38:14,050 - instabot version: 0.117.0 (bot) - INFO - Instabot version: 0.117.0 Started
2021-08-07 13:38:14,050 - instabot version: 0.117.0 (bot) - DEBUG - Bot imported from C:\Users\skyem\AppData\Local\Programs\Python\Python39\lib\site-packages\instabot\bot\bot.py
2021-08-07 13:38:15,347 - instabot version: 0.117.0 (api_login) - INFO - Not yet logged in starting: PRE-LOGIN FLOW!
2021-08-07 13:38:15,529 - instabot version: 0.117.0 (api) - DEBUG - POST to endpoint: accounts/get_prefill_candidates/ returned response: <Response [200]>
2021-08-07 13:38:15,673 - instabot version: 0.117.0 (api) - DEBUG - POST to endpoint: qe/sync/ returned response: <Response [200]>
2021-08-07 13:38:15,836 - instabot version: 0.117.0 (api) - DEBUG - POST to endpoint: launcher/sync/ returned response: <Response [200]>
2021-08-07 13:38:15,989 - instabot version: 0.117.0 (api) - DEBUG - POST to endpoint: accounts/contact_point_prefill/ returned response: <Response [200]>
2021-08-07 13:38:18,444 - instabot version: 0.117.0 (api) - DEBUG - POST to endpoint: accounts/login/ returned response: <Response [200]>
2021-08-07 13:38:18,444 - instabot version: 0.117.0 (api) - INFO - Logged-in successfully as 'vocabexpansion'!
2021-08-07 13:38:18,444 - instabot version: 0.117.0 (api_login) - INFO - LOGIN FLOW! Just logged-in: True
2021-08-07 13:38:18,598 - instabot version: 0.117.0 (api) - DEBUG - POST to endpoint: qe/sync/ returned response: <Response [200]>
2021-08-07 13:38:18,775 - instabot version: 0.117.0 (api) - DEBUG - POST to endpoint: launcher/sync/ returned response: <Response [200]>
2021-08-07 13:38:18,916 - instabot version: 0.117.0 (api) - DEBUG - GET to endpoint: zr/token/result/?device_id=android-e377a40ffa4f9abc&token_hash=&custom_device_id=android-e377a40ffa4f9abc&fetch_reason=token_expired returned response: <Response [200]>
2021-08-07 13:38:19,062 - instabot version: 0.117.0 (api) - DEBUG - GET to endpoint: multiple_accounts/get_account_family/ returned response: <Response [200]>
2021-08-07 13:38:19,284 - instabot version: 0.117.0 (api) - DEBUG - POST to endpoint: qe/sync/ returned response: <Response [200]>
2021-08-07 13:38:19,747 - instabot version: 0.117.0 (api) - DEBUG - GET to endpoint: igtv/browse_feed/?prefetch=1 returned response: <Response [200]>
2021-08-07 13:38:19,895 - instabot version: 0.117.0 (api) - DEBUG - POST to endpoint: creatives/ar_class/ returned response: <Response [200]>
2021-08-07 13:38:20,496 - instabot version: 0.117.0 (api) - DEBUG - POST to endpoint: feed/reels_tray/ returned response: <Response [200]>
2021-08-07 13:38:21,652 - instabot version: 0.117.0 (api) - DEBUG - POST to endpoint: feed/timeline/ returned response: <Response [200]>
2021-08-07 13:38:21,800 - instabot version: 0.117.0 (api) - DEBUG - GET to endpoint: media/blocked/ returned response: <Response [200]>
2021-08-07 13:38:22,073 - instabot version: 0.117.0 (api) - DEBUG - GET to endpoint: news/inbox/ returned response: <Response [200]>
2021-08-07 13:38:22,283 - instabot version: 0.117.0 (api) - DEBUG - GET to endpoint: loom/fetch_config/ returned response: <Response [200]>
2021-08-07 13:38:22,597 - instabot version: 0.117.0 (api) - DEBUG - GET to endpoint: scores/bootstrap/users/?surfaces=["autocomplete_user_list","coefficient_besties_list_ranking","coefficient_rank_recipient_user_suggestion","coefficient_ios_section_test_bootstrap_ranking","coefficient_direct_recipients_ranking_variant_2"] returned response: <Response [200]>
2021-08-07 13:38:22,751 - instabot version: 0.117.0 (api) - DEBUG - GET to endpoint: business/eligibility/get_monetization_products_eligibility_data/?product_types=branded_content returned response: <Response [200]>
2021-08-07 13:38:22,888 - instabot version: 0.117.0 (api) - DEBUG - GET to endpoint: business/branded_content/should_require_professional_account/ returned response: <Response [200]>
2021-08-07 13:38:23,053 - instabot version: 0.117.0 (api) - DEBUG - GET to endpoint: linked_accounts/get_linkage_status/ returned response: <Response [200]>
2021-08-07 13:38:23,208 - instabot version: 0.117.0 (api) - DEBUG - GET to endpoint: locations/request_country/ returned response: <Response [200]>
2021-08-07 13:38:23,362 - instabot version: 0.117.0 (api) - DEBUG - GET to endpoint: qp/get_cooldowns/?signed_body=signed_body=4b9c516a5410a3bc128e09c6104a7f042146b9c2023870560c63a43a7f66781c.4&ig_sig_key_version=4&ig_sig_key_version=4 returned response: <Response [200]>
2021-08-07 13:38:23,513 - instabot version: 0.117.0 (api) - DEBUG - GET to endpoint: users/arlink_download_info/?version_override=2.2.1 returned response: <Response [200]>
2021-08-07 13:38:23,771 - instabot version: 0.117.0 (api) - DEBUG - GET to endpoint: users/49051026324/info/ returned response: <Response [200]>
2021-08-07 13:38:23,953 - instabot version: 0.117.0 (api) - DEBUG - GET to endpoint: direct_v2/get_presence/ returned response: <Response [200]>
2021-08-07 13:38:24,215 - instabot version: 0.117.0 (api) - DEBUG - GET to endpoint: direct_v2/inbox/?visual_message_return_type=unseen&thread_message_limit=10&persistentBadging=true&limit=20 returned response: <Response [200]>
2021-08-07 13:38:24,419 - instabot version: 0.117.0 (api) - DEBUG - GET to endpoint: direct_v2/inbox/?visual_message_return_type=unseen&persistentBadging=true&limit=0 returned response: <Response [200]>
2021-08-07 13:38:24,651 - instabot version: 0.117.0 (api) - DEBUG - GET to endpoint: discover/topical_explore/?is_prefetch=true&omit_cover_media=true&use_sectional_payload=true&timezone_offset=0&session_id=e2c95a9f-9737-4dd4-bd80-9e8f6b745370&include_fixed_destinations=true returned response: <Response [200]>
2021-08-07 13:38:24,809 - instabot version: 0.117.0 (api) - DEBUG - POST to endpoint: notifications/badge/ returned response: <Response [200]>
2021-08-07 13:38:25,182 - instabot version: 0.117.0 (api) - DEBUG - POST to endpoint: qp/batch_fetch/ returned response: <Response [200]>
2021-08-07 13:38:25,183 - instabot version: 0.117.0 (bot_checkpoint) - DEBUG - Loading Checkpoint file from: D:\Programming\2021\InstaBot/config/vocabexpansion.checkpoint
2021-08-07 13:38:25,602 - instabot version: 0.117.0 (api) - DEBUG - GET to endpoint: users/cursed.image5/usernameinfo/ returned response: <Response [200]>
2021-08-07 13:38:26,586 - instabot version: 0.117.0 (api) - DEBUG - GET to endpoint: feed/user/13869174215/?max_id=&min_timestamp=None&rank_token=49051026324_f1e630bc-0ae5-4dfb-ae0f-347d350b165d&ranked_content=true returned response: <Response [200]>
2021-08-07 13:38:26,848 - instabot version: 0.117.0 (api) - DEBUG - GET to endpoint: feed/user/13869174215/?max_id=2626282164009019831_13869174215&min_timestamp=None&rank_token=49051026324_f1e630bc-0ae5-4dfb-ae0f-347d350b165d&ranked_content=true returned response: <Response [200]>
2021-08-07 13:38:27,136 - instabot version: 0.117.0 (api) - DEBUG - GET to endpoint: feed/user/13869174215/?max_id=2619320932840007255_13869174215&min_timestamp=None&rank_token=49051026324_f1e630bc-0ae5-4dfb-ae0f-347d350b165d&ranked_content=true returned response: <Response [200]>
2021-08-07 13:38:27,395 - instabot version: 0.117.0 (api) - DEBUG - GET to endpoint: feed/user/13869174215/?max_id=2615694568026099705_13869174215&min_timestamp=None&rank_token=49051026324_f1e630bc-0ae5-4dfb-ae0f-347d350b165d&ranked_content=true returned response: <Response [200]>
2021-08-07 13:38:27,664 - instabot version: 0.117.0 (api) - DEBUG - GET to endpoint: feed/user/13869174215/?max_id=2611690618580401403_13869174215&min_timestamp=None&rank_token=49051026324_f1e630bc-0ae5-4dfb-ae0f-347d350b165d&ranked_content=true returned response: <Response [200]>
2021-08-07 13:38:27,917 - instabot version: 0.117.0 (api) - DEBUG - GET to endpoint: feed/user/13869174215/?max_id=2608061752276310042_13869174215&min_timestamp=None&rank_token=49051026324_f1e630bc-0ae5-4dfb-ae0f-347d350b165d&ranked_content=true returned response: <Response [200]>
2021-08-07 13:38:28,227 - instabot version: 0.117.0 (api) - DEBUG - GET to endpoint: feed/user/13869174215/?max_id=2604100664946823042_13869174215&min_timestamp=None&rank_token=49051026324_f1e630bc-0ae5-4dfb-ae0f-347d350b165d&ranked_content=true returned response: <Response [200]>
2021-08-07 13:38:28,507 - instabot version: 0.117.0 (api) - DEBUG - GET to endpoint: feed/user/13869174215/?max_id=2600494391490826446_13869174215&min_timestamp=None&rank_token=49051026324_f1e630bc-0ae5-4dfb-ae0f-347d350b165d&ranked_content=true returned response: <Response [200]>
2021-08-07 13:38:28,796 - instabot version: 0.117.0 (api) - DEBUG - GET to endpoint: feed/user/13869174215/?max_id=2596457770244179366_13869174215&min_timestamp=None&rank_token=49051026324_f1e630bc-0ae5-4dfb-ae0f-347d350b165d&ranked_content=true returned response: <Response [200]>
2021-08-07 13:38:29,105 - instabot version: 0.117.0 (api) - DEBUG - GET to endpoint: feed/user/13869174215/?max_id=2592519353094475095_13869174215&min_timestamp=None&rank_token=49051026324_f1e630bc-0ae5-4dfb-ae0f-347d350b165d&ranked_content=true returned response: <Response [200]>
2021-08-07 13:38:29,460 - instabot version: 0.117.0 (api) - DEBUG - GET to endpoint: feed/user/13869174215/?max_id=2588502866338363342_13869174215&min_timestamp=None&rank_token=49051026324_f1e630bc-0ae5-4dfb-ae0f-347d350b165d&ranked_content=true returned response: <Response [200]>
2021-08-07 13:38:29,752 - instabot version: 0.117.0 (api) - DEBUG - GET to endpoint: feed/user/13869174215/?max_id=2584501472361702861_13869174215&min_timestamp=None&rank_token=49051026324_f1e630bc-0ae5-4dfb-ae0f-347d350b165d&ranked_content=true returned response: <Response [200]>
2021-08-07 13:38:30,081 - instabot version: 0.117.0 (api) - DEBUG - GET to endpoint: feed/user/13869174215/?max_id=2580915326536266213_13869174215&min_timestamp=None&rank_token=49051026324_f1e630bc-0ae5-4dfb-ae0f-347d350b165d&ranked_content=true returned response: <Response [200]>
2021-08-07 13:38:30,425 - instabot version: 0.117.0 (api) - DEBUG - GET to endpoint: feed/user/13869174215/?max_id=2576901365169592772_13869174215&min_timestamp=None&rank_token=49051026324_f1e630bc-0ae5-4dfb-ae0f-347d350b165d&ranked_content=true returned response: <Response [200]>
2021-08-07 13:38:30,711 - instabot version: 0.117.0 (api) - DEBUG - GET to endpoint: feed/user/13869174215/?max_id=2572950368222481861_13869174215&min_timestamp=None&rank_token=49051026324_f1e630bc-0ae5-4dfb-ae0f-347d350b165d&ranked_content=true returned response: <Response [200]>
2021-08-07 13:38:31,026 - instabot version: 0.117.0 (api) - DEBUG - GET to endpoint: feed/user/13869174215/?max_id=2568933940185551628_13869174215&min_timestamp=None&rank_token=49051026324_f1e630bc-0ae5-4dfb-ae0f-347d350b165d&ranked_content=true returned response: <Response [200]>
2021-08-07 13:38:31,443 - instabot version: 0.117.0 (api) - DEBUG - GET to endpoint: feed/user/13869174215/?max_id=2564952627503476652_13869174215&min_timestamp=None&rank_token=49051026324_f1e630bc-0ae5-4dfb-ae0f-347d350b165d&ranked_content=true returned response: <Response [200]>
2021-08-07 13:38:31,783 - instabot version: 0.117.0 (api) - DEBUG - GET to endpoint: feed/user/13869174215/?max_id=2560943766360606050_13869174215&min_timestamp=None&rank_token=49051026324_f1e630bc-0ae5-4dfb-ae0f-347d350b165d&ranked_content=true returned response: <Response [200]>
2021-08-07 13:38:32,057 - instabot version: 0.117.0 (api) - DEBUG - GET to endpoint: feed/user/13869174215/?max_id=2557005355631346400_13869174215&min_timestamp=None&rank_token=49051026324_f1e630bc-0ae5-4dfb-ae0f-347d350b165d&ranked_content=true returned response: <Response [200]>
2021-08-07 13:38:32,397 - instabot version: 0.117.0 (api) - DEBUG - GET to endpoint: feed/user/13869174215/?max_id=2552988981780448384_13869174215&min_timestamp=None&rank_token=49051026324_f1e630bc-0ae5-4dfb-ae0f-347d350b165d&ranked_content=true returned response: <Response [200]>
2021-08-07 13:38:32,753 - instabot version: 0.117.0 (api) - DEBUG - GET to endpoint: feed/user/13869174215/?max_id=2548987552614947851_13869174215&min_timestamp=None&rank_token=49051026324_f1e630bc-0ae5-4dfb-ae0f-347d350b165d&ranked_content=true returned response: <Response [200]>
2021-08-07 13:38:33,118 - instabot version: 0.117.0 (api) - DEBUG - GET to endpoint: feed/user/13869174215/?max_id=2546037047749495563_13869174215&min_timestamp=None&rank_token=49051026324_f1e630bc-0ae5-4dfb-ae0f-347d350b165d&ranked_content=true returned response: <Response [200]>
2021-08-07 13:38:33,444 - instabot version: 0.117.0 (api) - DEBUG - GET to endpoint: feed/user/13869174215/?max_id=2542114681509893820_13869174215&min_timestamp=None&rank_token=49051026324_f1e630bc-0ae5-4dfb-ae0f-347d350b165d&ranked_content=true returned response: <Response [200]>
2021-08-07 13:38:33,788 - instabot version: 0.117.0 (api) - DEBUG - GET to endpoint: feed/user/13869174215/?max_id=2538173715005284388_13869174215&min_timestamp=None&rank_token=49051026324_f1e630bc-0ae5-4dfb-ae0f-347d350b165d&ranked_content=true returned response: <Response [200]>
2021-08-07 13:38:34,089 - instabot version: 0.117.0 (api) - DEBUG - GET to endpoint: feed/user/13869174215/?max_id=2534544815264434387_13869174215&min_timestamp=None&rank_token=49051026324_f1e630bc-0ae5-4dfb-ae0f-347d350b165d&ranked_content=true returned response: <Response [200]>
2021-08-07 13:38:34,409 - instabot version: 0.117.0 (api) - DEBUG - GET to endpoint: feed/user/13869174215/?max_id=2530535920269053773_13869174215&min_timestamp=None&rank_token=49051026324_f1e630bc-0ae5-4dfb-ae0f-347d350b165d&ranked_content=true returned response: <Response [200]>
2021-08-07 13:38:34,718 - instabot version: 0.117.0 (api) - DEBUG - GET to endpoint: feed/user/13869174215/?max_id=2526896981011441823_13869174215&min_timestamp=None&rank_token=49051026324_f1e630bc-0ae5-4dfb-ae0f-347d350b165d&ranked_content=true returned response: <Response [200]>
2021-08-07 13:38:35,107 - instabot version: 0.117.0 (api) - DEBUG - GET to endpoint: feed/user/13869174215/?max_id=2522963885033792954_13869174215&min_timestamp=None&rank_token=49051026324_f1e630bc-0ae5-4dfb-ae0f-347d350b165d&ranked_content=true returned response: <Response [200]>
2021-08-07 13:38:35,411 - instabot version: 0.117.0 (api) - DEBUG - GET to endpoint: feed/user/13869174215/?max_id=2519327024235841370_13869174215&min_timestamp=None&rank_token=49051026324_f1e630bc-0ae5-4dfb-ae0f-347d350b165d&ranked_content=true returned response: <Response [200]>
2021-08-07 13:38:35,758 - instabot version: 0.117.0 (api) - DEBUG - GET to endpoint: feed/user/13869174215/?max_id=2515673474754025240_13869174215&min_timestamp=None&rank_token=49051026324_f1e630bc-0ae5-4dfb-ae0f-347d350b165d&ranked_content=true returned response: <Response [200]>
2021-08-07 13:38:36,106 - instabot version: 0.117.0 (api) - DEBUG - GET to endpoint: feed/user/13869174215/?max_id=2512431679012886615_13869174215&min_timestamp=None&rank_token=49051026324_f1e630bc-0ae5-4dfb-ae0f-347d350b165d&ranked_content=true returned response: <Response [200]>
2021-08-07 13:38:36,486 - instabot version: 0.117.0 (api) - DEBUG - GET to endpoint: feed/user/13869174215/?max_id=2508795165326617826_13869174215&min_timestamp=None&rank_token=49051026324_f1e630bc-0ae5-4dfb-ae0f-347d350b165d&ranked_content=true returned response: <Response [200]>
2021-08-07 13:38:36,791 - instabot version: 0.117.0 (api) - DEBUG - GET to endpoint: feed/user/13869174215/?max_id=2504834176534377920_13869174215&min_timestamp=None&rank_token=49051026324_f1e630bc-0ae5-4dfb-ae0f-347d350b165d&ranked_content=true returned response: <Response [200]>
2021-08-07 13:38:37,211 - instabot version: 0.117.0 (api) - DEBUG - GET to endpoint: feed/user/13869174215/?max_id=2501952592915862130_13869174215&min_timestamp=None&rank_token=49051026324_f1e630bc-0ae5-4dfb-ae0f-347d350b165d&ranked_content=true returned response: <Response [200]>
2021-08-07 13:38:37,557 - instabot version: 0.117.0 (api) - DEBUG - GET to endpoint: feed/user/13869174215/?max_id=2499750602877478920_13869174215&min_timestamp=None&rank_token=49051026324_f1e630bc-0ae5-4dfb-ae0f-347d350b165d&ranked_content=true returned response: <Response [200]>
2021-08-07 13:38:38,995 - instabot version: 0.117.0 (api) - DEBUG - GET to endpoint: feed/user/13869174215/?max_id=2496879138318438467_13869174215&min_timestamp=None&rank_token=49051026324_f1e630bc-0ae5-4dfb-ae0f-347d350b165d&ranked_content=true returned response: <Response [500]>
2021-08-07 13:38:38,996 - instabot version: 0.117.0 (api) - DEBUG - Responsecode indicates error; response content: b'Oops, an error occurred.\n'
2021-08-07 13:38:38,996 - instabot version: 0.117.0 (api) - ERROR - Request returns 500 error!
2021-08-07 13:38:38,996 - instabot version: 0.117.0 (api) - ERROR - Error checking for `feedback_required`, response text is not JSON
2021-08-07 13:38:38,996 - instabot version: 0.117.0 (api) - INFO - Full Response: <Response [500]>
2021-08-07 13:38:38,996 - instabot version: 0.117.0 (api) - INFO - Response Text: Oops, an error occurred.

2021-08-07 13:38:38,996 - instabot version: 0.117.0 (api) - ERROR - Error unknown send request
2021-08-07 13:38:39,250 - instabot version: 0.117.0 (api) - DEBUG - GET to endpoint: feed/user/13869174215/?max_id=2496879138318438467_13869174215&min_timestamp=None&rank_token=49051026324_f1e630bc-0ae5-4dfb-ae0f-347d350b165d&ranked_content=true returned response: <Response [200]>
2021-08-07 13:38:39,596 - instabot version: 0.117.0 (api) - DEBUG - GET to endpoint: feed/user/13869174215/?max_id=2494297080575691358_13869174215&min_timestamp=None&rank_token=49051026324_f1e630bc-0ae5-4dfb-ae0f-347d350b165d&ranked_content=true returned response: <Response [200]>
2021-08-07 13:38:39,912 - instabot version: 0.117.0 (api) - DEBUG - GET to endpoint: feed/user/13869174215/?max_id=2491508090337659323_13869174215&min_timestamp=None&rank_token=49051026324_f1e630bc-0ae5-4dfb-ae0f-347d350b165d&ranked_content=true returned response: <Response [200]>
2021-08-07 13:38:40,283 - instabot version: 0.117.0 (api) - DEBUG - GET to endpoint: feed/user/13869174215/?max_id=2488767333201690606_13869174215&min_timestamp=None&rank_token=49051026324_f1e630bc-0ae5-4dfb-ae0f-347d350b165d&ranked_content=true returned response: <Response [200]>
2021-08-07 13:38:40,607 - instabot version: 0.117.0 (api) - DEBUG - GET to endpoint: feed/user/13869174215/?max_id=2484542948476176785_13869174215&min_timestamp=None&rank_token=49051026324_f1e630bc-0ae5-4dfb-ae0f-347d350b165d&ranked_content=true returned response: <Response [200]>
2021-08-07 13:38:40,960 - instabot version: 0.117.0 (api) - DEBUG - GET to endpoint: feed/user/13869174215/?max_id=2480543943331322882_13869174215&min_timestamp=None&rank_token=49051026324_f1e630bc-0ae5-4dfb-ae0f-347d350b165d&ranked_content=true returned response: <Response [200]>
2021-08-07 13:38:41,232 - instabot version: 0.117.0 (api) - DEBUG - GET to endpoint: feed/user/13869174215/?max_id=2476655710194612550_13869174215&min_timestamp=None&rank_token=49051026324_f1e630bc-0ae5-4dfb-ae0f-347d350b165d&ranked_content=true returned response: <Response [200]>
2021-08-07 13:38:41,548 - instabot version: 0.117.0 (api) - DEBUG - GET to endpoint: feed/user/13869174215/?max_id=2472546280048504730_13869174215&min_timestamp=None&rank_token=49051026324_f1e630bc-0ae5-4dfb-ae0f-347d350b165d&ranked_content=true returned response: <Response [200]>
2021-08-07 13:38:41,860 - instabot version: 0.117.0 (api) - DEBUG - GET to endpoint: feed/user/13869174215/?max_id=2468922436582781045_13869174215&min_timestamp=None&rank_token=49051026324_f1e630bc-0ae5-4dfb-ae0f-347d350b165d&ranked_content=true returned response: <Response [200]>
2021-08-07 13:38:42,156 - instabot version: 0.117.0 (api) - DEBUG - GET to endpoint: feed/user/13869174215/?max_id=2465009175103484602_13869174215&min_timestamp=None&rank_token=49051026324_f1e630bc-0ae5-4dfb-ae0f-347d350b165d&ranked_content=true returned response: <Response [200]>
2021-08-07 13:38:42,623 - instabot version: 0.117.0 (api) - DEBUG - GET to endpoint: feed/user/13869174215/?max_id=2460640347263179662_13869174215&min_timestamp=None&rank_token=49051026324_f1e630bc-0ae5-4dfb-ae0f-347d350b165d&ranked_content=true returned response: <Response [200]>
2021-08-07 13:38:42,906 - instabot version: 0.117.0 (api) - DEBUG - GET to endpoint: feed/user/13869174215/?max_id=2456628952261863877_13869174215&min_timestamp=None&rank_token=49051026324_f1e630bc-0ae5-4dfb-ae0f-347d350b165d&ranked_content=true returned response: <Response [200]>
2021-08-07 13:38:43,237 - instabot version: 0.117.0 (api) - DEBUG - GET to endpoint: feed/user/13869174215/?max_id=2452690555870516861_13869174215&min_timestamp=None&rank_token=49051026324_f1e630bc-0ae5-4dfb-ae0f-347d350b165d&ranked_content=true returned response: <Response [200]>
2021-08-07 13:38:43,527 - instabot version: 0.117.0 (api) - DEBUG - GET to endpoint: feed/user/13869174215/?max_id=2448694170446051359_13869174215&min_timestamp=None&rank_token=49051026324_f1e630bc-0ae5-4dfb-ae0f-347d350b165d&ranked_content=true returned response: <Response [200]>
2021-08-07 13:38:43,902 - instabot version: 0.117.0 (api) - DEBUG - GET to endpoint: feed/user/13869174215/?max_id=2444687802296583042_13869174215&min_timestamp=None&rank_token=49051026324_f1e630bc-0ae5-4dfb-ae0f-347d350b165d&ranked_content=true returned response: <Response [200]>
2021-08-07 13:38:44,226 - instabot version: 0.117.0 (api) - DEBUG - GET to endpoint: feed/user/13869174215/?max_id=2440706512804455084_13869174215&min_timestamp=None&rank_token=49051026324_f1e630bc-0ae5-4dfb-ae0f-347d350b165d&ranked_content=true returned response: <Response [200]>
2021-08-07 13:38:44,647 - instabot version: 0.117.0 (api) - DEBUG - GET to endpoint: feed/user/13869174215/?max_id=2436735350699994709_13869174215&min_timestamp=None&rank_token=49051026324_f1e630bc-0ae5-4dfb-ae0f-347d350b165d&ranked_content=true returned response: <Response [200]>
2021-08-07 13:38:44,979 - instabot version: 0.117.0 (api) - DEBUG - GET to endpoint: feed/user/13869174215/?max_id=2433129098571477149_13869174215&min_timestamp=None&rank_token=49051026324_f1e630bc-0ae5-4dfb-ae0f-347d350b165d&ranked_content=true returned response: <Response [200]>
2021-08-07 13:38:45,371 - instabot version: 0.117.0 (api) - DEBUG - GET to endpoint: feed/user/13869174215/?max_id=2429505298969621108_13869174215&min_timestamp=None&rank_token=49051026324_f1e630bc-0ae5-4dfb-ae0f-347d350b165d&ranked_content=true returned response: <Response [200]>
2021-08-07 13:38:45,775 - instabot version: 0.117.0 (api) - DEBUG - GET to endpoint: feed/user/13869174215/?max_id=2425435871171857365_13869174215&min_timestamp=None&rank_token=49051026324_f1e630bc-0ae5-4dfb-ae0f-347d350b165d&ranked_content=true returned response: <Response [200]>
2021-08-07 13:38:46,135 - instabot version: 0.117.0 (api) - DEBUG - GET to endpoint: feed/user/13869174215/?max_id=2422921876622106329_13869174215&min_timestamp=None&rank_token=49051026324_f1e630bc-0ae5-4dfb-ae0f-347d350b165d&ranked_content=true returned response: <Response [200]>
2021-08-07 13:38:46,509 - instabot version: 0.117.0 (api) - DEBUG - GET to endpoint: feed/user/13869174215/?max_id=2419599990277207744_13869174215&min_timestamp=None&rank_token=49051026324_f1e630bc-0ae5-4dfb-ae0f-347d350b165d&ranked_content=true returned response: <Response [200]>
2021-08-07 13:38:46,839 - instabot version: 0.117.0 (api) - DEBUG - GET to endpoint: feed/user/13869174215/?max_id=2416421492374883814_13869174215&min_timestamp=None&rank_token=49051026324_f1e630bc-0ae5-4dfb-ae0f-347d350b165d&ranked_content=true returned response: <Response [200]>
2021-08-07 13:38:47,189 - instabot version: 0.117.0 (api) - DEBUG - GET to endpoint: feed/user/13869174215/?max_id=2412322091271941178_13869174215&min_timestamp=None&rank_token=49051026324_f1e630bc-0ae5-4dfb-ae0f-347d350b165d&ranked_content=true returned response: <Response [200]>
2021-08-07 13:38:47,531 - instabot version: 0.117.0 (api) - DEBUG - GET to endpoint: feed/user/13869174215/?max_id=2408655292738668661_13869174215&min_timestamp=None&rank_token=49051026324_f1e630bc-0ae5-4dfb-ae0f-347d350b165d&ranked_content=true returned response: <Response [200]>
2021-08-07 13:38:48,089 - instabot version: 0.117.0 (api) - DEBUG - GET to endpoint: feed/user/13869174215/?max_id=2404777850169606759_13869174215&min_timestamp=None&rank_token=49051026324_f1e630bc-0ae5-4dfb-ae0f-347d350b165d&ranked_content=true returned response: <Response [200]>
2021-08-07 13:38:48,479 - instabot version: 0.117.0 (api) - DEBUG - GET to endpoint: feed/user/13869174215/?max_id=2400478915984765526_13869174215&min_timestamp=None&rank_token=49051026324_f1e630bc-0ae5-4dfb-ae0f-347d350b165d&ranked_content=true returned response: <Response [200]>
2021-08-07 13:38:48,827 - instabot version: 0.117.0 (api) - DEBUG - GET to endpoint: feed/user/13869174215/?max_id=2396832979551009673_13869174215&min_timestamp=None&rank_token=49051026324_f1e630bc-0ae5-4dfb-ae0f-347d350b165d&ranked_content=true returned response: <Response [200]>
2021-08-07 13:38:49,281 - instabot version: 0.117.0 (api) - DEBUG - GET to endpoint: feed/user/13869174215/?max_id=2392484266083000422_13869174215&min_timestamp=None&rank_token=49051026324_f1e630bc-0ae5-4dfb-ae0f-347d350b165d&ranked_content=true returned response: <Response [200]>
2021-08-07 13:38:49,663 - instabot version: 0.117.0 (api) - DEBUG - GET to endpoint: feed/user/13869174215/?max_id=2387753860330942816_13869174215&min_timestamp=None&rank_token=49051026324_f1e630bc-0ae5-4dfb-ae0f-347d350b165d&ranked_content=true returned response: <Response [200]>
2021-08-07 13:38:50,038 - instabot version: 0.117.0 (api) - DEBUG - GET to endpoint: feed/user/13869174215/?max_id=2383407364441483015_13869174215&min_timestamp=None&rank_token=49051026324_f1e630bc-0ae5-4dfb-ae0f-347d350b165d&ranked_content=true returned response: <Response [200]>
2021-08-07 13:38:50,416 - instabot version: 0.117.0 (api) - DEBUG - GET to endpoint: feed/user/13869174215/?max_id=2378963483146709426_13869174215&min_timestamp=None&rank_token=49051026324_f1e630bc-0ae5-4dfb-ae0f-347d350b165d&ranked_content=true returned response: <Response [200]>
2021-08-07 13:38:50,820 - instabot version: 0.117.0 (api) - DEBUG - GET to endpoint: feed/user/13869174215/?max_id=2374728225182403018_13869174215&min_timestamp=None&rank_token=49051026324_f1e630bc-0ae5-4dfb-ae0f-347d350b165d&ranked_content=true returned response: <Response [200]>
2021-08-07 13:38:51,227 - instabot version: 0.117.0 (api) - DEBUG - GET to endpoint: feed/user/13869174215/?max_id=2370750560775657182_13869174215&min_timestamp=None&rank_token=49051026324_f1e630bc-0ae5-4dfb-ae0f-347d350b165d&ranked_content=true returned response: <Response [200]>
2021-08-07 13:38:51,589 - instabot version: 0.117.0 (api) - DEBUG - GET to endpoint: feed/user/13869174215/?max_id=2366430408168820005_13869174215&min_timestamp=None&rank_token=49051026324_f1e630bc-0ae5-4dfb-ae0f-347d350b165d&ranked_content=true returned response: <Response [200]>
2021-08-07 13:38:52,000 - instabot version: 0.117.0 (api) - DEBUG - GET to endpoint: feed/user/13869174215/?max_id=2362769526674973791_13869174215&min_timestamp=None&rank_token=49051026324_f1e630bc-0ae5-4dfb-ae0f-347d350b165d&ranked_content=true returned response: <Response [200]>
2021-08-07 13:38:52,358 - instabot version: 0.117.0 (api) - DEBUG - GET to endpoint: feed/user/13869174215/?max_id=2358435657251528577_13869174215&min_timestamp=None&rank_token=49051026324_f1e630bc-0ae5-4dfb-ae0f-347d350b165d&ranked_content=true returned response: <Response [200]>
2021-08-07 13:38:52,711 - instabot version: 0.117.0 (api) - DEBUG - GET to endpoint: feed/user/13869174215/?max_id=2354810661467751114_13869174215&min_timestamp=None&rank_token=49051026324_f1e630bc-0ae5-4dfb-ae0f-347d350b165d&ranked_content=true returned response: <Response [200]>
2021-08-07 13:38:53,081 - instabot version: 0.117.0 (api) - DEBUG - GET to endpoint: feed/user/13869174215/?max_id=2350465988741618775_13869174215&min_timestamp=None&rank_token=49051026324_f1e630bc-0ae5-4dfb-ae0f-347d350b165d&ranked_content=true returned response: <Response [200]>
2021-08-07 13:38:53,401 - instabot version: 0.117.0 (api) - DEBUG - GET to endpoint: feed/user/13869174215/?max_id=2346165185566573541_13869174215&min_timestamp=None&rank_token=49051026324_f1e630bc-0ae5-4dfb-ae0f-347d350b165d&ranked_content=true returned response: <Response [200]>
2021-08-07 13:38:53,927 - instabot version: 0.117.0 (api) - DEBUG - GET to endpoint: feed/user/13869174215/?max_id=2342503661086155982_13869174215&min_timestamp=None&rank_token=49051026324_f1e630bc-0ae5-4dfb-ae0f-347d350b165d&ranked_content=true returned response: <Response [200]>
2021-08-07 13:38:54,365 - instabot version: 0.117.0 (api) - DEBUG - GET to endpoint: feed/user/13869174215/?max_id=2338127267509913555_13869174215&min_timestamp=None&rank_token=49051026324_f1e630bc-0ae5-4dfb-ae0f-347d350b165d&ranked_content=true returned response: <Response [200]>
2021-08-07 13:38:54,760 - instabot version: 0.117.0 (api) - DEBUG - GET to endpoint: feed/user/13869174215/?max_id=2334122670831398861_13869174215&min_timestamp=None&rank_token=49051026324_f1e630bc-0ae5-4dfb-ae0f-347d350b165d&ranked_content=true returned response: <Response [200]>
2021-08-07 13:38:55,091 - instabot version: 0.117.0 (api) - DEBUG - GET to endpoint: feed/user/13869174215/?max_id=2330552484224210594_13869174215&min_timestamp=None&rank_token=49051026324_f1e630bc-0ae5-4dfb-ae0f-347d350b165d&ranked_content=true returned response: <Response [200]>
