2021-08-11 01:44:54,082 - instabot version: 0.117.0 (bot) - INFO - Instabot version: 0.117.0 Started
2021-08-11 01:44:54,082 - instabot version: 0.117.0 (bot) - DEBUG - Bot imported from C:\Users\skyem\AppData\Local\Programs\Python\Python39\lib\site-packages\instabot\bot\bot.py
2021-08-11 01:44:55,378 - instabot version: 0.117.0 (api_login) - INFO - Not yet logged in starting: PRE-LOGIN FLOW!
2021-08-11 01:44:55,616 - instabot version: 0.117.0 (api) - DEBUG - POST to endpoint: accounts/get_prefill_candidates/ returned response: <Response [200]>
2021-08-11 01:44:55,838 - instabot version: 0.117.0 (api) - DEBUG - POST to endpoint: qe/sync/ returned response: <Response [200]>
2021-08-11 01:44:56,092 - instabot version: 0.117.0 (api) - DEBUG - POST to endpoint: launcher/sync/ returned response: <Response [200]>
2021-08-11 01:44:56,336 - instabot version: 0.117.0 (api) - DEBUG - POST to endpoint: accounts/contact_point_prefill/ returned response: <Response [200]>
2021-08-11 01:44:57,806 - instabot version: 0.117.0 (api) - DEBUG - POST to endpoint: accounts/login/ returned response: <Response [200]>
2021-08-11 01:44:57,806 - instabot version: 0.117.0 (api) - INFO - Logged-in successfully as 'derbgang'!
2021-08-11 01:44:57,806 - instabot version: 0.117.0 (api_login) - INFO - LOGIN FLOW! Just logged-in: True
2021-08-11 01:44:58,038 - instabot version: 0.117.0 (api) - DEBUG - POST to endpoint: qe/sync/ returned response: <Response [200]>
2021-08-11 01:44:58,278 - instabot version: 0.117.0 (api) - DEBUG - POST to endpoint: launcher/sync/ returned response: <Response [200]>
2021-08-11 01:44:58,491 - instabot version: 0.117.0 (api) - DEBUG - GET to endpoint: zr/token/result/?device_id=android-482d8e988b586de3&token_hash=&custom_device_id=android-482d8e988b586de3&fetch_reason=token_expired returned response: <Response [200]>
2021-08-11 01:44:58,702 - instabot version: 0.117.0 (api) - DEBUG - GET to endpoint: multiple_accounts/get_account_family/ returned response: <Response [200]>
2021-08-11 01:44:58,926 - instabot version: 0.117.0 (api) - DEBUG - POST to endpoint: qe/sync/ returned response: <Response [200]>
2021-08-11 01:44:59,398 - instabot version: 0.117.0 (api) - DEBUG - GET to endpoint: igtv/browse_feed/?prefetch=1 returned response: <Response [200]>
2021-08-11 01:44:59,626 - instabot version: 0.117.0 (api) - DEBUG - POST to endpoint: creatives/ar_class/ returned response: <Response [200]>
2021-08-11 01:45:00,330 - instabot version: 0.117.0 (api) - DEBUG - POST to endpoint: feed/reels_tray/ returned response: <Response [200]>
2021-08-11 01:45:01,230 - instabot version: 0.117.0 (api) - DEBUG - POST to endpoint: feed/timeline/ returned response: <Response [200]>
2021-08-11 01:45:01,457 - instabot version: 0.117.0 (api) - DEBUG - GET to endpoint: media/blocked/ returned response: <Response [200]>
2021-08-11 01:45:02,059 - instabot version: 0.117.0 (api) - DEBUG - GET to endpoint: news/inbox/ returned response: <Response [200]>
2021-08-11 01:45:02,280 - instabot version: 0.117.0 (api) - DEBUG - GET to endpoint: loom/fetch_config/ returned response: <Response [200]>
2021-08-11 01:45:02,710 - instabot version: 0.117.0 (api) - DEBUG - GET to endpoint: scores/bootstrap/users/?surfaces=["autocomplete_user_list","coefficient_besties_list_ranking","coefficient_rank_recipient_user_suggestion","coefficient_ios_section_test_bootstrap_ranking","coefficient_direct_recipients_ranking_variant_2"] returned response: <Response [200]>
2021-08-11 01:45:02,933 - instabot version: 0.117.0 (api) - DEBUG - GET to endpoint: business/eligibility/get_monetization_products_eligibility_data/?product_types=branded_content returned response: <Response [200]>
2021-08-11 01:45:03,148 - instabot version: 0.117.0 (api) - DEBUG - GET to endpoint: business/branded_content/should_require_professional_account/ returned response: <Response [200]>
2021-08-11 01:45:03,371 - instabot version: 0.117.0 (api) - DEBUG - GET to endpoint: linked_accounts/get_linkage_status/ returned response: <Response [200]>
2021-08-11 01:45:03,592 - instabot version: 0.117.0 (api) - DEBUG - GET to endpoint: locations/request_country/ returned response: <Response [200]>
2021-08-11 01:45:03,821 - instabot version: 0.117.0 (api) - DEBUG - GET to endpoint: qp/get_cooldowns/?signed_body=signed_body=4b9c516a5410a3bc128e09c6104a7f042146b9c2023870560c63a43a7f66781c.4&ig_sig_key_version=4&ig_sig_key_version=4 returned response: <Response [200]>
2021-08-11 01:45:04,058 - instabot version: 0.117.0 (api) - DEBUG - GET to endpoint: users/arlink_download_info/?version_override=2.2.1 returned response: <Response [200]>
2021-08-11 01:45:04,407 - instabot version: 0.117.0 (api) - DEBUG - GET to endpoint: users/49050629623/info/ returned response: <Response [200]>
2021-08-11 01:45:04,818 - instabot version: 0.117.0 (api) - DEBUG - GET to endpoint: direct_v2/get_presence/ returned response: <Response [200]>
2021-08-11 01:45:05,404 - instabot version: 0.117.0 (api) - DEBUG - GET to endpoint: direct_v2/inbox/?visual_message_return_type=unseen&thread_message_limit=10&persistentBadging=true&limit=20 returned response: <Response [200]>
2021-08-11 01:45:05,661 - instabot version: 0.117.0 (api) - DEBUG - GET to endpoint: direct_v2/inbox/?visual_message_return_type=unseen&persistentBadging=true&limit=0 returned response: <Response [200]>
2021-08-11 01:45:05,980 - instabot version: 0.117.0 (api) - DEBUG - GET to endpoint: discover/topical_explore/?is_prefetch=true&omit_cover_media=true&use_sectional_payload=true&timezone_offset=0&session_id=dd895c4c-6254-4d79-998f-c679c849e33f&include_fixed_destinations=true returned response: <Response [200]>
2021-08-11 01:45:06,209 - instabot version: 0.117.0 (api) - DEBUG - POST to endpoint: notifications/badge/ returned response: <Response [200]>
2021-08-11 01:45:06,530 - instabot version: 0.117.0 (api) - DEBUG - POST to endpoint: qp/batch_fetch/ returned response: <Response [200]>
2021-08-11 01:45:06,531 - instabot version: 0.117.0 (bot_checkpoint) - DEBUG - Loading Checkpoint file from: D:\Programming\2021\InstaBot/config/derbgang.checkpoint
2021-08-11 01:45:17,913 - instabot version: 0.117.0 (api) - DEBUG - GET to endpoint: users/cursed.image5/usernameinfo/ returned response: <Response [200]>
2021-08-11 01:45:18,844 - instabot version: 0.117.0 (api) - DEBUG - GET to endpoint: feed/user/13869174215/?max_id=&min_timestamp=None&rank_token=49050629623_e0cd53d8-eeb3-483d-9b9e-15ec5f34c98d&ranked_content=true returned response: <Response [200]>
2021-08-11 01:45:19,227 - instabot version: 0.117.0 (api) - DEBUG - GET to endpoint: feed/user/13869174215/?max_id=2628456266648049170_13869174215&min_timestamp=None&rank_token=49050629623_e0cd53d8-eeb3-483d-9b9e-15ec5f34c98d&ranked_content=true returned response: <Response [200]>
2021-08-11 01:45:19,572 - instabot version: 0.117.0 (api) - DEBUG - GET to endpoint: feed/user/13869174215/?max_id=2620484090959518357_13869174215&min_timestamp=None&rank_token=49050629623_e0cd53d8-eeb3-483d-9b9e-15ec5f34c98d&ranked_content=true returned response: <Response [200]>
2021-08-11 01:45:19,900 - instabot version: 0.117.0 (api) - DEBUG - GET to endpoint: feed/user/13869174215/?max_id=2616754046542145852_13869174215&min_timestamp=None&rank_token=49050629623_e0cd53d8-eeb3-483d-9b9e-15ec5f34c98d&ranked_content=true returned response: <Response [200]>
2021-08-11 01:45:20,220 - instabot version: 0.117.0 (api) - DEBUG - GET to endpoint: feed/user/13869174215/?max_id=2612813096218350694_13869174215&min_timestamp=None&rank_token=49050629623_e0cd53d8-eeb3-483d-9b9e-15ec5f34c98d&ranked_content=true returned response: <Response [200]>
2021-08-11 01:45:20,577 - instabot version: 0.117.0 (api) - DEBUG - GET to endpoint: feed/user/13869174215/?max_id=2609174034710477808_13869174215&min_timestamp=None&rank_token=49050629623_e0cd53d8-eeb3-483d-9b9e-15ec5f34c98d&ranked_content=true returned response: <Response [200]>
2021-08-11 01:45:20,954 - instabot version: 0.117.0 (api) - DEBUG - GET to endpoint: feed/user/13869174215/?max_id=2605157567885051881_13869174215&min_timestamp=None&rank_token=49050629623_e0cd53d8-eeb3-483d-9b9e-15ec5f34c98d&ranked_content=true returned response: <Response [200]>
2021-08-11 01:45:21,332 - instabot version: 0.117.0 (api) - DEBUG - GET to endpoint: feed/user/13869174215/?max_id=2601533772475120573_13869174215&min_timestamp=None&rank_token=49050629623_e0cd53d8-eeb3-483d-9b9e-15ec5f34c98d&ranked_content=true returned response: <Response [200]>
2021-08-11 01:45:21,700 - instabot version: 0.117.0 (api) - DEBUG - GET to endpoint: feed/user/13869174215/?max_id=2597592993356540075_13869174215&min_timestamp=None&rank_token=49050629623_e0cd53d8-eeb3-483d-9b9e-15ec5f34c98d&ranked_content=true returned response: <Response [200]>
2021-08-11 01:45:22,041 - instabot version: 0.117.0 (api) - DEBUG - GET to endpoint: feed/user/13869174215/?max_id=2593576281382804758_13869174215&min_timestamp=None&rank_token=49050629623_e0cd53d8-eeb3-483d-9b9e-15ec5f34c98d&ranked_content=true returned response: <Response [200]>
2021-08-11 01:45:22,391 - instabot version: 0.117.0 (api) - DEBUG - GET to endpoint: feed/user/13869174215/?max_id=2589574928828186150_13869174215&min_timestamp=None&rank_token=49050629623_e0cd53d8-eeb3-483d-9b9e-15ec5f34c98d&ranked_content=true returned response: <Response [200]>
2021-08-11 01:45:22,712 - instabot version: 0.117.0 (api) - DEBUG - GET to endpoint: feed/user/13869174215/?max_id=2585588607905457615_13869174215&min_timestamp=None&rank_token=49050629623_e0cd53d8-eeb3-483d-9b9e-15ec5f34c98d&ranked_content=true returned response: <Response [200]>
2021-08-11 01:45:23,074 - instabot version: 0.117.0 (api) - DEBUG - GET to endpoint: feed/user/13869174215/?max_id=2581969775987043847_13869174215&min_timestamp=None&rank_token=49050629623_e0cd53d8-eeb3-483d-9b9e-15ec5f34c98d&ranked_content=true returned response: <Response [200]>
2021-08-11 01:45:23,449 - instabot version: 0.117.0 (api) - DEBUG - GET to endpoint: feed/user/13869174215/?max_id=2578024003341681819_13869174215&min_timestamp=None&rank_token=49050629623_e0cd53d8-eeb3-483d-9b9e-15ec5f34c98d&ranked_content=true returned response: <Response [200]>
2021-08-11 01:45:23,873 - instabot version: 0.117.0 (api) - DEBUG - GET to endpoint: feed/user/13869174215/?max_id=2574009835762906024_13869174215&min_timestamp=None&rank_token=49050629623_e0cd53d8-eeb3-483d-9b9e-15ec5f34c98d&ranked_content=true returned response: <Response [200]>
2021-08-11 01:45:24,429 - instabot version: 0.117.0 (api) - DEBUG - GET to endpoint: feed/user/13869174215/?max_id=2570038670228744767_13869174215&min_timestamp=None&rank_token=49050629623_e0cd53d8-eeb3-483d-9b9e-15ec5f34c98d&ranked_content=true returned response: <Response [200]>
2021-08-11 01:45:24,812 - instabot version: 0.117.0 (api) - DEBUG - GET to endpoint: feed/user/13869174215/?max_id=2566027258578693062_13869174215&min_timestamp=None&rank_token=49050629623_e0cd53d8-eeb3-483d-9b9e-15ec5f34c98d&ranked_content=true returned response: <Response [200]>
2021-08-11 01:45:25,366 - instabot version: 0.117.0 (api) - DEBUG - GET to endpoint: feed/user/13869174215/?max_id=2562078836743543755_13869174215&min_timestamp=None&rank_token=49050629623_e0cd53d8-eeb3-483d-9b9e-15ec5f34c98d&ranked_content=true returned response: <Response [200]>
2021-08-11 01:45:25,761 - instabot version: 0.117.0 (api) - DEBUG - GET to endpoint: feed/user/13869174215/?max_id=2558062352994054560_13869174215&min_timestamp=None&rank_token=49050629623_e0cd53d8-eeb3-483d-9b9e-15ec5f34c98d&ranked_content=true returned response: <Response [200]>
2021-08-11 01:45:26,126 - instabot version: 0.117.0 (api) - DEBUG - GET to endpoint: feed/user/13869174215/?max_id=2554060940723567663_13869174215&min_timestamp=None&rank_token=49050629623_e0cd53d8-eeb3-483d-9b9e-15ec5f34c98d&ranked_content=true returned response: <Response [200]>
2021-08-11 01:45:26,735 - instabot version: 0.117.0 (api) - DEBUG - GET to endpoint: feed/user/13869174215/?max_id=2550074667373179651_13869174215&min_timestamp=None&rank_token=49050629623_e0cd53d8-eeb3-483d-9b9e-15ec5f34c98d&ranked_content=true returned response: <Response [200]>
2021-08-11 01:45:27,250 - instabot version: 0.117.0 (api) - DEBUG - GET to endpoint: feed/user/13869174215/?max_id=2546859677373509226_13869174215&min_timestamp=None&rank_token=49050629623_e0cd53d8-eeb3-483d-9b9e-15ec5f34c98d&ranked_content=true returned response: <Response [200]>
2021-08-11 01:45:27,619 - instabot version: 0.117.0 (api) - DEBUG - GET to endpoint: feed/user/13869174215/?max_id=2543566828806927470_13869174215&min_timestamp=None&rank_token=49050629623_e0cd53d8-eeb3-483d-9b9e-15ec5f34c98d&ranked_content=true returned response: <Response [200]>
2021-08-11 01:45:28,083 - instabot version: 0.117.0 (api) - DEBUG - GET to endpoint: feed/user/13869174215/?max_id=2539577964008181830_13869174215&min_timestamp=None&rank_token=49050629623_e0cd53d8-eeb3-483d-9b9e-15ec5f34c98d&ranked_content=true returned response: <Response [200]>
2021-08-11 01:45:28,563 - instabot version: 0.117.0 (api) - DEBUG - GET to endpoint: feed/user/13869174215/?max_id=2535999389077318408_13869174215&min_timestamp=None&rank_token=49050629623_e0cd53d8-eeb3-483d-9b9e-15ec5f34c98d&ranked_content=true returned response: <Response [200]>
2021-08-11 01:45:29,241 - instabot version: 0.117.0 (api) - DEBUG - GET to endpoint: feed/user/13869174215/?max_id=2531998023936108484_13869174215&min_timestamp=None&rank_token=49050629623_e0cd53d8-eeb3-483d-9b9e-15ec5f34c98d&ranked_content=true returned response: <Response [200]>
2021-08-11 01:45:29,610 - instabot version: 0.117.0 (api) - DEBUG - GET to endpoint: feed/user/13869174215/?max_id=2528374186926388364_13869174215&min_timestamp=None&rank_token=49050629623_e0cd53d8-eeb3-483d-9b9e-15ec5f34c98d&ranked_content=true returned response: <Response [200]>
2021-08-11 01:45:30,066 - instabot version: 0.117.0 (api) - DEBUG - GET to endpoint: feed/user/13869174215/?max_id=2524392921828900709_13869174215&min_timestamp=None&rank_token=49050629623_e0cd53d8-eeb3-483d-9b9e-15ec5f34c98d&ranked_content=true returned response: <Response [200]>
2021-08-11 01:45:30,512 - instabot version: 0.117.0 (api) - DEBUG - GET to endpoint: feed/user/13869174215/?max_id=2520812093953234420_13869174215&min_timestamp=None&rank_token=49050629623_e0cd53d8-eeb3-483d-9b9e-15ec5f34c98d&ranked_content=true returned response: <Response [200]>
2021-08-11 01:45:30,912 - instabot version: 0.117.0 (api) - DEBUG - GET to endpoint: feed/user/13869174215/?max_id=2516780324625626449_13869174215&min_timestamp=None&rank_token=49050629623_e0cd53d8-eeb3-483d-9b9e-15ec5f34c98d&ranked_content=true returned response: <Response [200]>
2021-08-11 01:45:31,313 - instabot version: 0.117.0 (api) - DEBUG - GET to endpoint: feed/user/13869174215/?max_id=2513866065977693359_13869174215&min_timestamp=None&rank_token=49050629623_e0cd53d8-eeb3-483d-9b9e-15ec5f34c98d&ranked_content=true returned response: <Response [200]>
2021-08-11 01:45:31,775 - instabot version: 0.117.0 (api) - DEBUG - GET to endpoint: feed/user/13869174215/?max_id=2510247220218149424_13869174215&min_timestamp=None&rank_token=49050629623_e0cd53d8-eeb3-483d-9b9e-15ec5f34c98d&ranked_content=true returned response: <Response [200]>
2021-08-11 01:45:32,216 - instabot version: 0.117.0 (api) - DEBUG - GET to endpoint: feed/user/13869174215/?max_id=2506301272946946485_13869174215&min_timestamp=None&rank_token=49050629623_e0cd53d8-eeb3-483d-9b9e-15ec5f34c98d&ranked_content=true returned response: <Response [200]>
2021-08-11 01:45:32,621 - instabot version: 0.117.0 (api) - DEBUG - GET to endpoint: feed/user/13869174215/?max_id=2503343441721159427_13869174215&min_timestamp=None&rank_token=49050629623_e0cd53d8-eeb3-483d-9b9e-15ec5f34c98d&ranked_content=true returned response: <Response [200]>
2021-08-11 01:45:33,014 - instabot version: 0.117.0 (api) - DEBUG - GET to endpoint: feed/user/13869174215/?max_id=2500487979237927734_13869174215&min_timestamp=None&rank_token=49050629623_e0cd53d8-eeb3-483d-9b9e-15ec5f34c98d&ranked_content=true returned response: <Response [200]>
2021-08-11 01:45:33,408 - instabot version: 0.117.0 (api) - DEBUG - GET to endpoint: feed/user/13869174215/?max_id=2498191784678850381_13869174215&min_timestamp=None&rank_token=49050629623_e0cd53d8-eeb3-483d-9b9e-15ec5f34c98d&ranked_content=true returned response: <Response [200]>
2021-08-11 01:45:33,844 - instabot version: 0.117.0 (api) - DEBUG - GET to endpoint: feed/user/13869174215/?max_id=2495159097970006057_13869174215&min_timestamp=None&rank_token=49050629623_e0cd53d8-eeb3-483d-9b9e-15ec5f34c98d&ranked_content=true returned response: <Response [200]>
2021-08-11 01:45:34,326 - instabot version: 0.117.0 (api) - DEBUG - GET to endpoint: feed/user/13869174215/?max_id=2492287936005346842_13869174215&min_timestamp=None&rank_token=49050629623_e0cd53d8-eeb3-483d-9b9e-15ec5f34c98d&ranked_content=true returned response: <Response [200]>
2021-08-11 01:45:34,691 - instabot version: 0.117.0 (api) - DEBUG - GET to endpoint: feed/user/13869174215/?max_id=2489379386836694351_13869174215&min_timestamp=None&rank_token=49050629623_e0cd53d8-eeb3-483d-9b9e-15ec5f34c98d&ranked_content=true returned response: <Response [200]>
2021-08-11 01:45:35,176 - instabot version: 0.117.0 (api) - DEBUG - GET to endpoint: feed/user/13869174215/?max_id=2485604885354158165_13869174215&min_timestamp=None&rank_token=49050629623_e0cd53d8-eeb3-483d-9b9e-15ec5f34c98d&ranked_content=true returned response: <Response [200]>
2021-08-11 01:45:35,625 - instabot version: 0.117.0 (api) - DEBUG - GET to endpoint: feed/user/13869174215/?max_id=2481658809552785190_13869174215&min_timestamp=None&rank_token=49050629623_e0cd53d8-eeb3-483d-9b9e-15ec5f34c98d&ranked_content=true returned response: <Response [200]>
2021-08-11 01:45:36,050 - instabot version: 0.117.0 (api) - DEBUG - GET to endpoint: feed/user/13869174215/?max_id=2477637392916375526_13869174215&min_timestamp=None&rank_token=49050629623_e0cd53d8-eeb3-483d-9b9e-15ec5f34c98d&ranked_content=true returned response: <Response [200]>
2021-08-11 01:45:36,442 - instabot version: 0.117.0 (api) - DEBUG - GET to endpoint: feed/user/13869174215/?max_id=2473998403021973285_13869174215&min_timestamp=None&rank_token=49050629623_e0cd53d8-eeb3-483d-9b9e-15ec5f34c98d&ranked_content=true returned response: <Response [200]>
2021-08-11 01:45:36,876 - instabot version: 0.117.0 (api) - DEBUG - GET to endpoint: feed/user/13869174215/?max_id=2470384560697944046_13869174215&min_timestamp=None&rank_token=49050629623_e0cd53d8-eeb3-483d-9b9e-15ec5f34c98d&ranked_content=true returned response: <Response [200]>
2021-08-11 01:45:37,265 - instabot version: 0.117.0 (api) - DEBUG - GET to endpoint: feed/user/13869174215/?max_id=2466461316447974388_13869174215&min_timestamp=None&rank_token=49050629623_e0cd53d8-eeb3-483d-9b9e-15ec5f34c98d&ranked_content=true returned response: <Response [200]>
2021-08-11 01:45:37,656 - instabot version: 0.117.0 (api) - DEBUG - GET to endpoint: feed/user/13869174215/?max_id=2462444695553551389_13869174215&min_timestamp=None&rank_token=49050629623_e0cd53d8-eeb3-483d-9b9e-15ec5f34c98d&ranked_content=true returned response: <Response [200]>
2021-08-11 01:45:38,041 - instabot version: 0.117.0 (api) - DEBUG - GET to endpoint: feed/user/13869174215/?max_id=2458481184902369844_13869174215&min_timestamp=None&rank_token=49050629623_e0cd53d8-eeb3-483d-9b9e-15ec5f34c98d&ranked_content=true returned response: <Response [200]>
2021-08-11 01:45:38,431 - instabot version: 0.117.0 (api) - DEBUG - GET to endpoint: feed/user/13869174215/?max_id=2454447083499958172_13869174215&min_timestamp=None&rank_token=49050629623_e0cd53d8-eeb3-483d-9b9e-15ec5f34c98d&ranked_content=true returned response: <Response [200]>
2021-08-11 01:45:38,905 - instabot version: 0.117.0 (api) - DEBUG - GET to endpoint: feed/user/13869174215/?max_id=2450513641242678994_13869174215&min_timestamp=None&rank_token=49050629623_e0cd53d8-eeb3-483d-9b9e-15ec5f34c98d&ranked_content=true returned response: <Response [200]>
2021-08-11 01:45:39,397 - instabot version: 0.117.0 (api) - DEBUG - GET to endpoint: feed/user/13869174215/?max_id=2446436818937342283_13869174215&min_timestamp=None&rank_token=49050629623_e0cd53d8-eeb3-483d-9b9e-15ec5f34c98d&ranked_content=true returned response: <Response [200]>
2021-08-11 01:45:39,934 - instabot version: 0.117.0 (api) - DEBUG - GET to endpoint: feed/user/13869174215/?max_id=2442762723070537056_13869174215&min_timestamp=None&rank_token=49050629623_e0cd53d8-eeb3-483d-9b9e-15ec5f34c98d&ranked_content=true returned response: <Response [200]>
2021-08-11 01:45:40,404 - instabot version: 0.117.0 (api) - DEBUG - GET to endpoint: feed/user/13869174215/?max_id=2438517033692923929_13869174215&min_timestamp=None&rank_token=49050629623_e0cd53d8-eeb3-483d-9b9e-15ec5f34c98d&ranked_content=true returned response: <Response [200]>
2021-08-11 01:45:40,801 - instabot version: 0.117.0 (api) - DEBUG - GET to endpoint: feed/user/13869174215/?max_id=2434920832857859185_13869174215&min_timestamp=None&rank_token=49050629623_e0cd53d8-eeb3-483d-9b9e-15ec5f34c98d&ranked_content=true returned response: <Response [200]>
2021-08-11 01:45:41,297 - instabot version: 0.117.0 (api) - DEBUG - GET to endpoint: feed/user/13869174215/?max_id=2431261865070884804_13869174215&min_timestamp=None&rank_token=49050629623_e0cd53d8-eeb3-483d-9b9e-15ec5f34c98d&ranked_content=true returned response: <Response [200]>
2021-08-11 01:45:41,796 - instabot version: 0.117.0 (api) - DEBUG - GET to endpoint: feed/user/13869174215/?max_id=2427280537099055722_13869174215&min_timestamp=None&rank_token=49050629623_e0cd53d8-eeb3-483d-9b9e-15ec5f34c98d&ranked_content=true returned response: <Response [200]>
2021-08-11 01:45:42,541 - instabot version: 0.117.0 (api) - DEBUG - GET to endpoint: feed/user/13869174215/?max_id=2424005391845586081_13869174215&min_timestamp=None&rank_token=49050629623_e0cd53d8-eeb3-483d-9b9e-15ec5f34c98d&ranked_content=true returned response: <Response [200]>
2021-08-11 01:45:43,056 - instabot version: 0.117.0 (api) - DEBUG - GET to endpoint: feed/user/13869174215/?max_id=2420767666307556158_13869174215&min_timestamp=None&rank_token=49050629623_e0cd53d8-eeb3-483d-9b9e-15ec5f34c98d&ranked_content=true returned response: <Response [200]>
2021-08-11 01:45:43,499 - instabot version: 0.117.0 (api) - DEBUG - GET to endpoint: feed/user/13869174215/?max_id=2417557224753032127_13869174215&min_timestamp=None&rank_token=49050629623_e0cd53d8-eeb3-483d-9b9e-15ec5f34c98d&ranked_content=true returned response: <Response [200]>
2021-08-11 01:45:43,904 - instabot version: 0.117.0 (api) - DEBUG - GET to endpoint: feed/user/13869174215/?max_id=2413524897803202468_13869174215&min_timestamp=None&rank_token=49050629623_e0cd53d8-eeb3-483d-9b9e-15ec5f34c98d&ranked_content=true returned response: <Response [200]>
2021-08-11 01:45:44,427 - instabot version: 0.117.0 (api) - DEBUG - GET to endpoint: feed/user/13869174215/?max_id=2409906390624474488_13869174215&min_timestamp=None&rank_token=49050629623_e0cd53d8-eeb3-483d-9b9e-15ec5f34c98d&ranked_content=true returned response: <Response [200]>
2021-08-11 01:45:44,829 - instabot version: 0.117.0 (api) - DEBUG - GET to endpoint: feed/user/13869174215/?max_id=2405847057270144376_13869174215&min_timestamp=None&rank_token=49050629623_e0cd53d8-eeb3-483d-9b9e-15ec5f34c98d&ranked_content=true returned response: <Response [200]>
2021-08-11 01:45:45,281 - instabot version: 0.117.0 (api) - DEBUG - GET to endpoint: feed/user/13869174215/?max_id=2401505681258824564_13869174215&min_timestamp=None&rank_token=49050629623_e0cd53d8-eeb3-483d-9b9e-15ec5f34c98d&ranked_content=true returned response: <Response [200]>
2021-08-11 01:45:45,712 - instabot version: 0.117.0 (api) - DEBUG - GET to endpoint: feed/user/13869174215/?max_id=2397861648174948548_13869174215&min_timestamp=None&rank_token=49050629623_e0cd53d8-eeb3-483d-9b9e-15ec5f34c98d&ranked_content=true returned response: <Response [200]>
2021-08-11 01:45:46,182 - instabot version: 0.117.0 (api) - DEBUG - GET to endpoint: feed/user/13869174215/?max_id=2394253763768774295_13869174215&min_timestamp=None&rank_token=49050629623_e0cd53d8-eeb3-483d-9b9e-15ec5f34c98d&ranked_content=true returned response: <Response [200]>
2021-08-11 01:45:46,791 - instabot version: 0.117.0 (api) - DEBUG - GET to endpoint: feed/user/13869174215/?max_id=2389568840218721122_13869174215&min_timestamp=None&rank_token=49050629623_e0cd53d8-eeb3-483d-9b9e-15ec5f34c98d&ranked_content=true returned response: <Response [200]>
2021-08-11 01:45:47,267 - instabot version: 0.117.0 (api) - DEBUG - GET to endpoint: feed/user/13869174215/?max_id=2385241224074730879_13869174215&min_timestamp=None&rank_token=49050629623_e0cd53d8-eeb3-483d-9b9e-15ec5f34c98d&ranked_content=true returned response: <Response [200]>
2021-08-11 01:45:47,706 - instabot version: 0.117.0 (api) - DEBUG - GET to endpoint: feed/user/13869174215/?max_id=2380896500597416876_13869174215&min_timestamp=None&rank_token=49050629623_e0cd53d8-eeb3-483d-9b9e-15ec5f34c98d&ranked_content=true returned response: <Response [200]>
2021-08-11 01:45:48,289 - instabot version: 0.117.0 (api) - DEBUG - GET to endpoint: feed/user/13869174215/?max_id=2376610224578887712_13869174215&min_timestamp=None&rank_token=49050629623_e0cd53d8-eeb3-483d-9b9e-15ec5f34c98d&ranked_content=true returned response: <Response [200]>
2021-08-11 01:45:48,715 - instabot version: 0.117.0 (api) - DEBUG - GET to endpoint: feed/user/13869174215/?max_id=2372194847807708285_13869174215&min_timestamp=None&rank_token=49050629623_e0cd53d8-eeb3-483d-9b9e-15ec5f34c98d&ranked_content=true returned response: <Response [200]>
2021-08-11 01:45:49,210 - instabot version: 0.117.0 (api) - DEBUG - GET to endpoint: feed/user/13869174215/?max_id=2368203814308597466_13869174215&min_timestamp=None&rank_token=49050629623_e0cd53d8-eeb3-483d-9b9e-15ec5f34c98d&ranked_content=true returned response: <Response [200]>
2021-08-11 01:45:49,905 - instabot version: 0.117.0 (api) - DEBUG - GET to endpoint: feed/user/13869174215/?max_id=2364221685417402943_13869174215&min_timestamp=None&rank_token=49050629623_e0cd53d8-eeb3-483d-9b9e-15ec5f34c98d&ranked_content=true returned response: <Response [200]>
2021-08-11 01:45:50,367 - instabot version: 0.117.0 (api) - DEBUG - GET to endpoint: feed/user/13869174215/?max_id=2360227530920065512_13869174215&min_timestamp=None&rank_token=49050629623_e0cd53d8-eeb3-483d-9b9e-15ec5f34c98d&ranked_content=true returned response: <Response [200]>
2021-08-11 01:45:50,892 - instabot version: 0.117.0 (api) - DEBUG - GET to endpoint: feed/user/13869174215/?max_id=2356258094605220585_13869174215&min_timestamp=None&rank_token=49050629623_e0cd53d8-eeb3-483d-9b9e-15ec5f34c98d&ranked_content=true returned response: <Response [200]>
2021-08-11 01:45:51,334 - instabot version: 0.117.0 (api) - DEBUG - GET to endpoint: feed/user/13869174215/?max_id=2352239842162056726_13869174215&min_timestamp=None&rank_token=49050629623_e0cd53d8-eeb3-483d-9b9e-15ec5f34c98d&ranked_content=true returned response: <Response [200]>
2021-08-11 01:45:51,769 - instabot version: 0.117.0 (api) - DEBUG - GET to endpoint: feed/user/13869174215/?max_id=2347932369305272038_13869174215&min_timestamp=None&rank_token=49050629623_e0cd53d8-eeb3-483d-9b9e-15ec5f34c98d&ranked_content=true returned response: <Response [200]>
2021-08-11 01:45:52,269 - instabot version: 0.117.0 (api) - DEBUG - GET to endpoint: feed/user/13869174215/?max_id=2343914126366376146_13869174215&min_timestamp=None&rank_token=49050629623_e0cd53d8-eeb3-483d-9b9e-15ec5f34c98d&ranked_content=true returned response: <Response [200]>
2021-08-11 01:45:52,745 - instabot version: 0.117.0 (api) - DEBUG - GET to endpoint: feed/user/13869174215/?max_id=2339924012896143170_13869174215&min_timestamp=None&rank_token=49050629623_e0cd53d8-eeb3-483d-9b9e-15ec5f34c98d&ranked_content=true returned response: <Response [200]>
2021-08-11 01:45:53,334 - instabot version: 0.117.0 (api) - DEBUG - GET to endpoint: feed/user/13869174215/?max_id=2335958209729438476_13869174215&min_timestamp=None&rank_token=49050629623_e0cd53d8-eeb3-483d-9b9e-15ec5f34c98d&ranked_content=true returned response: <Response [200]>
2021-08-11 01:45:53,971 - instabot version: 0.117.0 (api) - DEBUG - GET to endpoint: feed/user/13869174215/?max_id=2331607868460461757_13869174215&min_timestamp=None&rank_token=49050629623_e0cd53d8-eeb3-483d-9b9e-15ec5f34c98d&ranked_content=true returned response: <Response [200]>
2021-08-11 01:45:54,651 - instabot version: 0.117.0 (api) - DEBUG - GET to endpoint: feed/user/13869174215/?max_id=2328379235595971805_13869174215&min_timestamp=None&rank_token=49050629623_e0cd53d8-eeb3-483d-9b9e-15ec5f34c98d&ranked_content=true returned response: <Response [200]>
2021-08-11 01:45:55,212 - instabot version: 0.117.0 (api) - DEBUG - GET to endpoint: feed/user/13869174215/?max_id=2324730966164587660_13869174215&min_timestamp=None&rank_token=49050629623_e0cd53d8-eeb3-483d-9b9e-15ec5f34c98d&ranked_content=true returned response: <Response [200]>
2021-08-11 01:45:56,164 - instabot version: 0.117.0 (api) - DEBUG - GET to endpoint: feed/user/13869174215/?max_id=2321476199749453672_13869174215&min_timestamp=None&rank_token=49050629623_e0cd53d8-eeb3-483d-9b9e-15ec5f34c98d&ranked_content=true returned response: <Response [200]>
2021-08-11 01:45:57,040 - instabot version: 0.117.0 (api) - DEBUG - GET to endpoint: feed/user/13869174215/?max_id=2319285556990117401_13869174215&min_timestamp=None&rank_token=49050629623_e0cd53d8-eeb3-483d-9b9e-15ec5f34c98d&ranked_content=true returned response: <Response [200]>
2021-08-11 01:45:57,566 - instabot version: 0.117.0 (api) - DEBUG - GET to endpoint: feed/user/13869174215/?max_id=2316386269113203931_13869174215&min_timestamp=None&rank_token=49050629623_e0cd53d8-eeb3-483d-9b9e-15ec5f34c98d&ranked_content=true returned response: <Response [200]>
2021-08-11 01:45:58,081 - instabot version: 0.117.0 (api) - DEBUG - GET to endpoint: feed/user/13869174215/?max_id=2314193600110706263_13869174215&min_timestamp=None&rank_token=49050629623_e0cd53d8-eeb3-483d-9b9e-15ec5f34c98d&ranked_content=true returned response: <Response [200]>
2021-08-11 01:45:58,642 - instabot version: 0.117.0 (api) - DEBUG - GET to endpoint: feed/user/13869174215/?max_id=2312028881824274846_13869174215&min_timestamp=None&rank_token=49050629623_e0cd53d8-eeb3-483d-9b9e-15ec5f34c98d&ranked_content=true returned response: <Response [200]>
2021-08-11 01:45:59,276 - instabot version: 0.117.0 (api) - DEBUG - GET to endpoint: feed/user/13869174215/?max_id=2309881106688960121_13869174215&min_timestamp=None&rank_token=49050629623_e0cd53d8-eeb3-483d-9b9e-15ec5f34c98d&ranked_content=true returned response: <Response [200]>
2021-08-11 01:45:59,752 - instabot version: 0.117.0 (api) - DEBUG - GET to endpoint: feed/user/13869174215/?max_id=2307678900057530000_13869174215&min_timestamp=None&rank_token=49050629623_e0cd53d8-eeb3-483d-9b9e-15ec5f34c98d&ranked_content=true returned response: <Response [200]>
2021-08-11 01:46:00,251 - instabot version: 0.117.0 (api) - DEBUG - GET to endpoint: feed/user/13869174215/?max_id=2305509300993546291_13869174215&min_timestamp=None&rank_token=49050629623_e0cd53d8-eeb3-483d-9b9e-15ec5f34c98d&ranked_content=true returned response: <Response [200]>
2021-08-11 01:46:00,827 - instabot version: 0.117.0 (api) - DEBUG - GET to endpoint: feed/user/13869174215/?max_id=2303698722130083595_13869174215&min_timestamp=None&rank_token=49050629623_e0cd53d8-eeb3-483d-9b9e-15ec5f34c98d&ranked_content=true returned response: <Response [200]>
2021-08-11 01:46:01,377 - instabot version: 0.117.0 (api) - DEBUG - GET to endpoint: feed/user/13869174215/?max_id=2301141406520273147_13869174215&min_timestamp=None&rank_token=49050629623_e0cd53d8-eeb3-483d-9b9e-15ec5f34c98d&ranked_content=true returned response: <Response [200]>
2021-08-11 01:46:01,961 - instabot version: 0.117.0 (api) - DEBUG - GET to endpoint: feed/user/13869174215/?max_id=2298993503525843005_13869174215&min_timestamp=None&rank_token=49050629623_e0cd53d8-eeb3-483d-9b9e-15ec5f34c98d&ranked_content=true returned response: <Response [200]>
2021-08-11 01:46:02,621 - instabot version: 0.117.0 (api) - DEBUG - GET to endpoint: feed/user/13869174215/?max_id=2296813637426740298_13869174215&min_timestamp=None&rank_token=49050629623_e0cd53d8-eeb3-483d-9b9e-15ec5f34c98d&ranked_content=true returned response: <Response [200]>
2021-08-11 01:46:03,267 - instabot version: 0.117.0 (api) - DEBUG - GET to endpoint: feed/user/13869174215/?max_id=2294647399090917642_13869174215&min_timestamp=None&rank_token=49050629623_e0cd53d8-eeb3-483d-9b9e-15ec5f34c98d&ranked_content=true returned response: <Response [200]>
2021-08-11 01:46:03,976 - instabot version: 0.117.0 (api) - DEBUG - GET to endpoint: feed/user/13869174215/?max_id=2292479275767947776_13869174215&min_timestamp=None&rank_token=49050629623_e0cd53d8-eeb3-483d-9b9e-15ec5f34c98d&ranked_content=true returned response: <Response [200]>
2021-08-11 01:46:04,955 - instabot version: 0.117.0 (api) - DEBUG - GET to endpoint: feed/user/13869174215/?max_id=2290284605604301049_13869174215&min_timestamp=None&rank_token=49050629623_e0cd53d8-eeb3-483d-9b9e-15ec5f34c98d&ranked_content=true returned response: <Response [200]>
2021-08-11 01:46:06,404 - instabot version: 0.117.0 (api) - DEBUG - GET to endpoint: feed/user/13869174215/?max_id=2288117468345290666_13869174215&min_timestamp=None&rank_token=49050629623_e0cd53d8-eeb3-483d-9b9e-15ec5f34c98d&ranked_content=true returned response: <Response [200]>
2021-08-11 01:46:07,006 - instabot version: 0.117.0 (api) - DEBUG - GET to endpoint: feed/user/13869174215/?max_id=2285955834810109798_13869174215&min_timestamp=None&rank_token=49050629623_e0cd53d8-eeb3-483d-9b9e-15ec5f34c98d&ranked_content=true returned response: <Response [200]>
2021-08-11 01:46:09,030 - instabot version: 0.117.0 (api) - DEBUG - GET to endpoint: feed/user/13869174215/?max_id=2283415223997395841_13869174215&min_timestamp=None&rank_token=49050629623_e0cd53d8-eeb3-483d-9b9e-15ec5f34c98d&ranked_content=true returned response: <Response [200]>
2021-08-11 01:46:09,519 - instabot version: 0.117.0 (api) - DEBUG - GET to endpoint: feed/user/13869174215/?max_id=2281200995609818532_13869174215&min_timestamp=None&rank_token=49050629623_e0cd53d8-eeb3-483d-9b9e-15ec5f34c98d&ranked_content=true returned response: <Response [200]>
2021-08-11 01:46:10,093 - instabot version: 0.117.0 (api) - DEBUG - GET to endpoint: feed/user/13869174215/?max_id=2279044064098963779_13869174215&min_timestamp=None&rank_token=49050629623_e0cd53d8-eeb3-483d-9b9e-15ec5f34c98d&ranked_content=true returned response: <Response [200]>
2021-08-11 01:46:10,628 - instabot version: 0.117.0 (api) - DEBUG - GET to endpoint: feed/user/13869174215/?max_id=2276848883413051982_13869174215&min_timestamp=None&rank_token=49050629623_e0cd53d8-eeb3-483d-9b9e-15ec5f34c98d&ranked_content=true returned response: <Response [200]>
2021-08-11 01:46:11,135 - instabot version: 0.117.0 (api) - DEBUG - GET to endpoint: feed/user/13869174215/?max_id=2275105717928542365_13869174215&min_timestamp=None&rank_token=49050629623_e0cd53d8-eeb3-483d-9b9e-15ec5f34c98d&ranked_content=true returned response: <Response [200]>
2021-08-11 01:46:11,787 - instabot version: 0.117.0 (api) - DEBUG - GET to endpoint: feed/user/13869174215/?max_id=2272913518126101069_13869174215&min_timestamp=None&rank_token=49050629623_e0cd53d8-eeb3-483d-9b9e-15ec5f34c98d&ranked_content=true returned response: <Response [200]>
2021-08-11 01:46:12,247 - instabot version: 0.117.0 (api) - DEBUG - GET to endpoint: feed/user/13869174215/?max_id=2270380244401011081_13869174215&min_timestamp=None&rank_token=49050629623_e0cd53d8-eeb3-483d-9b9e-15ec5f34c98d&ranked_content=true returned response: <Response [200]>
2021-08-11 01:46:12,828 - instabot version: 0.117.0 (api) - DEBUG - GET to endpoint: feed/user/13869174215/?max_id=2267864754692595415_13869174215&min_timestamp=None&rank_token=49050629623_e0cd53d8-eeb3-483d-9b9e-15ec5f34c98d&ranked_content=true returned response: <Response [200]>
2021-08-11 01:46:13,285 - instabot version: 0.117.0 (api) - DEBUG - GET to endpoint: feed/user/13869174215/?max_id=2265569927863173338_13869174215&min_timestamp=None&rank_token=49050629623_e0cd53d8-eeb3-483d-9b9e-15ec5f34c98d&ranked_content=true returned response: <Response [200]>
2021-08-11 01:46:13,866 - instabot version: 0.117.0 (api) - DEBUG - GET to endpoint: feed/user/13869174215/?max_id=2263422735895422787_13869174215&min_timestamp=None&rank_token=49050629623_e0cd53d8-eeb3-483d-9b9e-15ec5f34c98d&ranked_content=true returned response: <Response [200]>
2021-08-11 01:46:14,366 - instabot version: 0.117.0 (api) - DEBUG - GET to endpoint: feed/user/13869174215/?max_id=2261642293601037769_13869174215&min_timestamp=None&rank_token=49050629623_e0cd53d8-eeb3-483d-9b9e-15ec5f34c98d&ranked_content=true returned response: <Response [200]>
2021-08-11 01:46:14,950 - instabot version: 0.117.0 (api) - DEBUG - GET to endpoint: feed/user/13869174215/?max_id=2259516959720006649_13869174215&min_timestamp=None&rank_token=49050629623_e0cd53d8-eeb3-483d-9b9e-15ec5f34c98d&ranked_content=true returned response: <Response [200]>
2021-08-11 01:46:15,434 - instabot version: 0.117.0 (api) - DEBUG - GET to endpoint: feed/user/13869174215/?max_id=2257282122435214448_13869174215&min_timestamp=None&rank_token=49050629623_e0cd53d8-eeb3-483d-9b9e-15ec5f34c98d&ranked_content=true returned response: <Response [200]>
2021-08-11 01:46:16,021 - instabot version: 0.117.0 (api) - DEBUG - GET to endpoint: feed/user/13869174215/?max_id=2255544951315479537_13869174215&min_timestamp=None&rank_token=49050629623_e0cd53d8-eeb3-483d-9b9e-15ec5f34c98d&ranked_content=true returned response: <Response [200]>
2021-08-11 01:46:16,695 - instabot version: 0.117.0 (api) - DEBUG - GET to endpoint: feed/user/13869174215/?max_id=2252999937985230814_13869174215&min_timestamp=None&rank_token=49050629623_e0cd53d8-eeb3-483d-9b9e-15ec5f34c98d&ranked_content=true returned response: <Response [200]>
2021-08-11 01:46:17,251 - instabot version: 0.117.0 (api) - DEBUG - GET to endpoint: feed/user/13869174215/?max_id=2250840962925613198_13869174215&min_timestamp=None&rank_token=49050629623_e0cd53d8-eeb3-483d-9b9e-15ec5f34c98d&ranked_content=true returned response: <Response [200]>
2021-08-11 01:46:17,737 - instabot version: 0.117.0 (api) - DEBUG - GET to endpoint: feed/user/13869174215/?max_id=2248652537275604318_13869174215&min_timestamp=None&rank_token=49050629623_e0cd53d8-eeb3-483d-9b9e-15ec5f34c98d&ranked_content=true returned response: <Response [200]>
2021-08-11 01:46:18,371 - instabot version: 0.117.0 (api) - DEBUG - GET to endpoint: feed/user/13869174215/?max_id=2245744852569688800_13869174215&min_timestamp=None&rank_token=49050629623_e0cd53d8-eeb3-483d-9b9e-15ec5f34c98d&ranked_content=true returned response: <Response [200]>
2021-08-11 01:46:18,811 - instabot version: 0.117.0 (api) - DEBUG - GET to endpoint: feed/user/13869174215/?max_id=2243508331120950980_13869174215&min_timestamp=None&rank_token=49050629623_e0cd53d8-eeb3-483d-9b9e-15ec5f34c98d&ranked_content=true returned response: <Response [200]>
2021-08-11 01:46:19,410 - instabot version: 0.117.0 (api) - DEBUG - GET to endpoint: feed/user/13869174215/?max_id=2241037100647821231_13869174215&min_timestamp=None&rank_token=49050629623_e0cd53d8-eeb3-483d-9b9e-15ec5f34c98d&ranked_content=true returned response: <Response [200]>
2021-08-11 01:46:19,946 - instabot version: 0.117.0 (api) - DEBUG - GET to endpoint: feed/user/13869174215/?max_id=2238872139167200337_13869174215&min_timestamp=None&rank_token=49050629623_e0cd53d8-eeb3-483d-9b9e-15ec5f34c98d&ranked_content=true returned response: <Response [200]>
2021-08-11 01:46:20,434 - instabot version: 0.117.0 (api) - DEBUG - GET to endpoint: feed/user/13869174215/?max_id=2235944676942533284_13869174215&min_timestamp=None&rank_token=49050629623_e0cd53d8-eeb3-483d-9b9e-15ec5f34c98d&ranked_content=true returned response: <Response [200]>
2021-08-11 01:46:21,012 - instabot version: 0.117.0 (api) - DEBUG - GET to endpoint: feed/user/13869174215/?max_id=2233816588645504128_13869174215&min_timestamp=None&rank_token=49050629623_e0cd53d8-eeb3-483d-9b9e-15ec5f34c98d&ranked_content=true returned response: <Response [200]>
2021-08-11 01:46:21,491 - instabot version: 0.117.0 (api) - DEBUG - GET to endpoint: feed/user/13869174215/?max_id=2231580339624961569_13869174215&min_timestamp=None&rank_token=49050629623_e0cd53d8-eeb3-483d-9b9e-15ec5f34c98d&ranked_content=true returned response: <Response [200]>
2021-08-11 01:46:21,933 - instabot version: 0.117.0 (api) - DEBUG - GET to endpoint: feed/user/13869174215/?max_id=2229277999211403835_13869174215&min_timestamp=None&rank_token=49050629623_e0cd53d8-eeb3-483d-9b9e-15ec5f34c98d&ranked_content=true returned response: <Response [200]>
2021-08-11 01:46:22,459 - instabot version: 0.117.0 (api) - DEBUG - GET to endpoint: feed/user/13869174215/?max_id=2226832641361247307_13869174215&min_timestamp=None&rank_token=49050629623_e0cd53d8-eeb3-483d-9b9e-15ec5f34c98d&ranked_content=true returned response: <Response [200]>
2021-08-11 01:46:22,999 - instabot version: 0.117.0 (api) - DEBUG - GET to endpoint: feed/user/13869174215/?max_id=2225107040698903571_13869174215&min_timestamp=None&rank_token=49050629623_e0cd53d8-eeb3-483d-9b9e-15ec5f34c98d&ranked_content=true returned response: <Response [200]>
2021-08-11 01:46:24,318 - instabot version: 0.117.0 (api) - DEBUG - GET to endpoint: feed/user/13869174215/?max_id=2223487028225646761_13869174215&min_timestamp=None&rank_token=49050629623_e0cd53d8-eeb3-483d-9b9e-15ec5f34c98d&ranked_content=true returned response: <Response [200]>
2021-08-11 01:46:24,770 - instabot version: 0.117.0 (api) - DEBUG - GET to endpoint: feed/user/13869174215/?max_id=2221400329203107780_13869174215&min_timestamp=None&rank_token=49050629623_e0cd53d8-eeb3-483d-9b9e-15ec5f34c98d&ranked_content=true returned response: <Response [200]>
2021-08-11 01:46:25,345 - instabot version: 0.117.0 (api) - DEBUG - GET to endpoint: feed/user/13869174215/?max_id=2219852942957491541_13869174215&min_timestamp=None&rank_token=49050629623_e0cd53d8-eeb3-483d-9b9e-15ec5f34c98d&ranked_content=true returned response: <Response [200]>
2021-08-11 01:46:25,806 - instabot version: 0.117.0 (api) - DEBUG - GET to endpoint: feed/user/13869174215/?max_id=2217605560870067102_13869174215&min_timestamp=None&rank_token=49050629623_e0cd53d8-eeb3-483d-9b9e-15ec5f34c98d&ranked_content=true returned response: <Response [200]>
2021-08-11 01:46:26,225 - instabot version: 0.117.0 (api) - DEBUG - GET to endpoint: feed/user/13869174215/?max_id=2215372736716788647_13869174215&min_timestamp=None&rank_token=49050629623_e0cd53d8-eeb3-483d-9b9e-15ec5f34c98d&ranked_content=true returned response: <Response [200]>
2021-08-11 01:46:26,722 - instabot version: 0.117.0 (api) - DEBUG - GET to endpoint: feed/user/13869174215/?max_id=2213487086606244743_13869174215&min_timestamp=None&rank_token=49050629623_e0cd53d8-eeb3-483d-9b9e-15ec5f34c98d&ranked_content=true returned response: <Response [200]>
2021-08-11 01:46:27,146 - instabot version: 0.117.0 (api) - DEBUG - GET to endpoint: feed/user/13869174215/?max_id=2211382866172234344_13869174215&min_timestamp=None&rank_token=49050629623_e0cd53d8-eeb3-483d-9b9e-15ec5f34c98d&ranked_content=true returned response: <Response [200]>
2021-08-11 01:46:27,677 - instabot version: 0.117.0 (api) - DEBUG - GET to endpoint: feed/user/13869174215/?max_id=2208821813630591191_13869174215&min_timestamp=None&rank_token=49050629623_e0cd53d8-eeb3-483d-9b9e-15ec5f34c98d&ranked_content=true returned response: <Response [200]>
2021-08-11 01:46:28,149 - instabot version: 0.117.0 (api) - DEBUG - GET to endpoint: feed/user/13869174215/?max_id=2205533247701853222_13869174215&min_timestamp=None&rank_token=49050629623_e0cd53d8-eeb3-483d-9b9e-15ec5f34c98d&ranked_content=true returned response: <Response [200]>
2021-08-11 01:46:28,657 - instabot version: 0.117.0 (api) - DEBUG - GET to endpoint: feed/user/13869174215/?max_id=2202244510988212128_13869174215&min_timestamp=None&rank_token=49050629623_e0cd53d8-eeb3-483d-9b9e-15ec5f34c98d&ranked_content=true returned response: <Response [200]>
2021-08-11 01:46:29,075 - instabot version: 0.117.0 (api) - DEBUG - GET to endpoint: feed/user/13869174215/?max_id=2198671066364553986_13869174215&min_timestamp=None&rank_token=49050629623_e0cd53d8-eeb3-483d-9b9e-15ec5f34c98d&ranked_content=true returned response: <Response [200]>
2021-08-11 01:46:29,514 - instabot version: 0.117.0 (api) - DEBUG - GET to endpoint: feed/user/13869174215/?max_id=2193569676452251516_13869174215&min_timestamp=None&rank_token=49050629623_e0cd53d8-eeb3-483d-9b9e-15ec5f34c98d&ranked_content=true returned response: <Response [200]>
2021-08-11 01:46:30,109 - instabot version: 0.117.0 (api) - DEBUG - GET to endpoint: feed/user/13869174215/?max_id=2188643408935258485_13869174215&min_timestamp=None&rank_token=49050629623_e0cd53d8-eeb3-483d-9b9e-15ec5f34c98d&ranked_content=true returned response: <Response [200]>
2021-08-11 01:46:30,567 - instabot version: 0.117.0 (api) - DEBUG - GET to endpoint: feed/user/13869174215/?max_id=2183817753131431701_13869174215&min_timestamp=None&rank_token=49050629623_e0cd53d8-eeb3-483d-9b9e-15ec5f34c98d&ranked_content=true returned response: <Response [200]>
2021-08-11 01:46:30,854 - instabot version: 0.117.0 (api) - DEBUG - GET to endpoint: users/vocabexpansion/usernameinfo/ returned response: <Response [200]>
2021-08-11 01:46:31,440 - instabot version: 0.117.0 (api) - DEBUG - GET to endpoint: media/2613537834855071545_13869174215/info/ returned response: <Response [200]>
2021-08-11 01:46:31,841 - instabot version: 0.117.0 (api) - DEBUG - POST to endpoint: direct_v2/threads/broadcast/media_share/ returned response: <Response [200]>
2021-08-11 01:46:32,313 - instabot version: 0.117.0 (api) - DEBUG - POST to endpoint: direct_v2/inbox/ returned response: <Response [200]>
2021-08-11 01:46:32,338 - instabot version: 0.117.0 (bot_checkpoint) - DEBUG - Saving Checkpoint file to: D:\Programming\2021\InstaBot/config/derbgang.checkpoint
2021-08-11 01:46:32,339 - instabot version: 0.117.0 (bot) - INFO - Total messages: 3/77
2021-08-11 01:46:32,339 - instabot version: 0.117.0 (bot) - INFO - Total requests: 1696
