2021-08-11 13:49:41,389 - instabot version: 0.117.0 (bot) - INFO - Instabot version: 0.117.0 Started
2021-08-11 13:49:41,389 - instabot version: 0.117.0 (bot) - DEBUG - Bot imported from C:\Users\skyem\AppData\Local\Programs\Python\Python39\lib\site-packages\instabot\bot\bot.py
2021-08-11 13:49:42,701 - instabot version: 0.117.0 (api_login) - INFO - Not yet logged in starting: PRE-LOGIN FLOW!
2021-08-11 13:49:42,951 - instabot version: 0.117.0 (api) - DEBUG - POST to endpoint: accounts/get_prefill_candidates/ returned response: <Response [200]>
2021-08-11 13:49:43,167 - instabot version: 0.117.0 (api) - DEBUG - POST to endpoint: qe/sync/ returned response: <Response [200]>
2021-08-11 13:49:43,388 - instabot version: 0.117.0 (api) - DEBUG - POST to endpoint: launcher/sync/ returned response: <Response [200]>
2021-08-11 13:49:43,974 - instabot version: 0.117.0 (api) - DEBUG - POST to endpoint: accounts/contact_point_prefill/ returned response: <Response [200]>
2021-08-11 13:49:45,632 - instabot version: 0.117.0 (api) - DEBUG - POST to endpoint: accounts/login/ returned response: <Response [200]>
2021-08-11 13:49:45,633 - instabot version: 0.117.0 (api) - INFO - Logged-in successfully as 'derbgang'!
2021-08-11 13:49:45,633 - instabot version: 0.117.0 (api_login) - INFO - LOGIN FLOW! Just logged-in: True
2021-08-11 13:49:45,813 - instabot version: 0.117.0 (api) - DEBUG - POST to endpoint: qe/sync/ returned response: <Response [200]>
2021-08-11 13:49:46,020 - instabot version: 0.117.0 (api) - DEBUG - POST to endpoint: launcher/sync/ returned response: <Response [200]>
2021-08-11 13:49:46,191 - instabot version: 0.117.0 (api) - DEBUG - GET to endpoint: zr/token/result/?device_id=android-482d8e988b586de3&token_hash=&custom_device_id=android-482d8e988b586de3&fetch_reason=token_expired returned response: <Response [200]>
2021-08-11 13:49:46,392 - instabot version: 0.117.0 (api) - DEBUG - GET to endpoint: multiple_accounts/get_account_family/ returned response: <Response [200]>
2021-08-11 13:49:46,572 - instabot version: 0.117.0 (api) - DEBUG - POST to endpoint: qe/sync/ returned response: <Response [200]>
2021-08-11 13:49:46,938 - instabot version: 0.117.0 (api) - DEBUG - GET to endpoint: igtv/browse_feed/?prefetch=1 returned response: <Response [200]>
2021-08-11 13:49:47,122 - instabot version: 0.117.0 (api) - DEBUG - POST to endpoint: creatives/ar_class/ returned response: <Response [200]>
2021-08-11 13:49:47,483 - instabot version: 0.117.0 (api) - DEBUG - POST to endpoint: feed/reels_tray/ returned response: <Response [200]>
2021-08-11 13:49:48,475 - instabot version: 0.117.0 (api) - DEBUG - POST to endpoint: feed/timeline/ returned response: <Response [200]>
2021-08-11 13:49:48,619 - instabot version: 0.117.0 (api) - DEBUG - GET to endpoint: media/blocked/ returned response: <Response [200]>
2021-08-11 13:49:49,268 - instabot version: 0.117.0 (api) - DEBUG - GET to endpoint: news/inbox/ returned response: <Response [200]>
2021-08-11 13:49:49,545 - instabot version: 0.117.0 (api) - DEBUG - GET to endpoint: loom/fetch_config/ returned response: <Response [200]>
2021-08-11 13:49:49,853 - instabot version: 0.117.0 (api) - DEBUG - GET to endpoint: scores/bootstrap/users/?surfaces=["autocomplete_user_list","coefficient_besties_list_ranking","coefficient_rank_recipient_user_suggestion","coefficient_ios_section_test_bootstrap_ranking","coefficient_direct_recipients_ranking_variant_2"] returned response: <Response [200]>
2021-08-11 13:49:50,015 - instabot version: 0.117.0 (api) - DEBUG - GET to endpoint: business/eligibility/get_monetization_products_eligibility_data/?product_types=branded_content returned response: <Response [200]>
2021-08-11 13:49:50,191 - instabot version: 0.117.0 (api) - DEBUG - GET to endpoint: business/branded_content/should_require_professional_account/ returned response: <Response [200]>
2021-08-11 13:49:50,370 - instabot version: 0.117.0 (api) - DEBUG - GET to endpoint: linked_accounts/get_linkage_status/ returned response: <Response [200]>
2021-08-11 13:49:50,625 - instabot version: 0.117.0 (api) - DEBUG - GET to endpoint: locations/request_country/ returned response: <Response [200]>
2021-08-11 13:49:50,783 - instabot version: 0.117.0 (api) - DEBUG - GET to endpoint: qp/get_cooldowns/?signed_body=signed_body=4b9c516a5410a3bc128e09c6104a7f042146b9c2023870560c63a43a7f66781c.4&ig_sig_key_version=4&ig_sig_key_version=4 returned response: <Response [200]>
2021-08-11 13:49:50,962 - instabot version: 0.117.0 (api) - DEBUG - GET to endpoint: users/arlink_download_info/?version_override=2.2.1 returned response: <Response [200]>
2021-08-11 13:49:51,301 - instabot version: 0.117.0 (api) - DEBUG - GET to endpoint: users/49050629623/info/ returned response: <Response [200]>
2021-08-11 13:49:51,705 - instabot version: 0.117.0 (api) - DEBUG - GET to endpoint: direct_v2/get_presence/ returned response: <Response [200]>
2021-08-11 13:49:52,440 - instabot version: 0.117.0 (api) - DEBUG - GET to endpoint: direct_v2/inbox/?visual_message_return_type=unseen&thread_message_limit=10&persistentBadging=true&limit=20 returned response: <Response [200]>
2021-08-11 13:49:52,629 - instabot version: 0.117.0 (api) - DEBUG - GET to endpoint: direct_v2/inbox/?visual_message_return_type=unseen&persistentBadging=true&limit=0 returned response: <Response [200]>
2021-08-11 13:49:52,845 - instabot version: 0.117.0 (api) - DEBUG - GET to endpoint: discover/topical_explore/?is_prefetch=true&omit_cover_media=true&use_sectional_payload=true&timezone_offset=0&session_id=7fb98441-a9de-4eaa-98e0-d2d22ed57100&include_fixed_destinations=true returned response: <Response [200]>
2021-08-11 13:49:53,063 - instabot version: 0.117.0 (api) - DEBUG - POST to endpoint: notifications/badge/ returned response: <Response [200]>
2021-08-11 13:49:53,305 - instabot version: 0.117.0 (api) - DEBUG - POST to endpoint: qp/batch_fetch/ returned response: <Response [200]>
2021-08-11 13:49:53,306 - instabot version: 0.117.0 (bot_checkpoint) - DEBUG - Loading Checkpoint file from: D:\Programming\2021\InstaBot/config/derbgang.checkpoint
2021-08-11 13:50:03,620 - instabot version: 0.117.0 (api) - DEBUG - GET to endpoint: users/cursed.image5/usernameinfo/ returned response: <Response [200]>
2021-08-11 13:50:04,306 - instabot version: 0.117.0 (api) - DEBUG - GET to endpoint: feed/user/13869174215/?max_id=&min_timestamp=None&rank_token=49050629623_224da5b7-1000-4706-a73b-688aedc21219&ranked_content=true returned response: <Response [200]>
2021-08-11 13:50:04,647 - instabot version: 0.117.0 (api) - DEBUG - GET to endpoint: feed/user/13869174215/?max_id=2629181072762666030_13869174215&min_timestamp=None&rank_token=49050629623_224da5b7-1000-4706-a73b-688aedc21219&ranked_content=true returned response: <Response [200]>
2021-08-11 13:50:04,934 - instabot version: 0.117.0 (api) - DEBUG - GET to endpoint: feed/user/13869174215/?max_id=2621208872059607458_13869174215&min_timestamp=None&rank_token=49050629623_224da5b7-1000-4706-a73b-688aedc21219&ranked_content=true returned response: <Response [200]>
2021-08-11 13:50:05,215 - instabot version: 0.117.0 (api) - DEBUG - GET to endpoint: feed/user/13869174215/?max_id=2616759043862522538_13869174215&min_timestamp=None&rank_token=49050629623_224da5b7-1000-4706-a73b-688aedc21219&ranked_content=true returned response: <Response [200]>
2021-08-11 13:50:05,455 - instabot version: 0.117.0 (api) - DEBUG - GET to endpoint: feed/user/13869174215/?max_id=2613147709832808322_13869174215&min_timestamp=None&rank_token=49050629623_224da5b7-1000-4706-a73b-688aedc21219&ranked_content=true returned response: <Response [200]>
2021-08-11 13:50:05,798 - instabot version: 0.117.0 (api) - DEBUG - GET to endpoint: feed/user/13869174215/?max_id=2609516289222600962_13869174215&min_timestamp=None&rank_token=49050629623_224da5b7-1000-4706-a73b-688aedc21219&ranked_content=true returned response: <Response [200]>
2021-08-11 13:50:06,142 - instabot version: 0.117.0 (api) - DEBUG - GET to endpoint: feed/user/13869174215/?max_id=2605552756672575729_13869174215&min_timestamp=None&rank_token=49050629623_224da5b7-1000-4706-a73b-688aedc21219&ranked_content=true returned response: <Response [200]>
2021-08-11 13:50:06,472 - instabot version: 0.117.0 (api) - DEBUG - GET to endpoint: feed/user/13869174215/?max_id=2601926433702080708_13869174215&min_timestamp=None&rank_token=49050629623_224da5b7-1000-4706-a73b-688aedc21219&ranked_content=true returned response: <Response [200]>
2021-08-11 13:50:06,831 - instabot version: 0.117.0 (api) - DEBUG - GET to endpoint: feed/user/13869174215/?max_id=2597925137977647050_13869174215&min_timestamp=None&rank_token=49050629623_224da5b7-1000-4706-a73b-688aedc21219&ranked_content=true returned response: <Response [200]>
2021-08-11 13:50:07,205 - instabot version: 0.117.0 (api) - DEBUG - GET to endpoint: feed/user/13869174215/?max_id=2593953811169093453_13869174215&min_timestamp=None&rank_token=49050629623_224da5b7-1000-4706-a73b-688aedc21219&ranked_content=true returned response: <Response [200]>
2021-08-11 13:50:07,473 - instabot version: 0.117.0 (api) - DEBUG - GET to endpoint: feed/user/13869174215/?max_id=2589939804252569428_13869174215&min_timestamp=None&rank_token=49050629623_224da5b7-1000-4706-a73b-688aedc21219&ranked_content=true returned response: <Response [200]>
2021-08-11 13:50:07,763 - instabot version: 0.117.0 (api) - DEBUG - GET to endpoint: feed/user/13869174215/?max_id=2585983727851050783_13869174215&min_timestamp=None&rank_token=49050629623_224da5b7-1000-4706-a73b-688aedc21219&ranked_content=true returned response: <Response [200]>
2021-08-11 13:50:08,052 - instabot version: 0.117.0 (api) - DEBUG - GET to endpoint: feed/user/13869174215/?max_id=2581977330643066357_13869174215&min_timestamp=None&rank_token=49050629623_224da5b7-1000-4706-a73b-688aedc21219&ranked_content=true returned response: <Response [200]>
2021-08-11 13:50:08,399 - instabot version: 0.117.0 (api) - DEBUG - GET to endpoint: feed/user/13869174215/?max_id=2578356219848712575_13869174215&min_timestamp=None&rank_token=49050629623_224da5b7-1000-4706-a73b-688aedc21219&ranked_content=true returned response: <Response [200]>
2021-08-11 13:50:08,727 - instabot version: 0.117.0 (api) - DEBUG - GET to endpoint: feed/user/13869174215/?max_id=2574354651593651332_13869174215&min_timestamp=None&rank_token=49050629623_224da5b7-1000-4706-a73b-688aedc21219&ranked_content=true returned response: <Response [200]>
2021-08-11 13:50:08,999 - instabot version: 0.117.0 (api) - DEBUG - GET to endpoint: feed/user/13869174215/?max_id=2570368321685991344_13869174215&min_timestamp=None&rank_token=49050629623_224da5b7-1000-4706-a73b-688aedc21219&ranked_content=true returned response: <Response [200]>
2021-08-11 13:50:09,280 - instabot version: 0.117.0 (api) - DEBUG - GET to endpoint: feed/user/13869174215/?max_id=2566412257793882806_13869174215&min_timestamp=None&rank_token=49050629623_224da5b7-1000-4706-a73b-688aedc21219&ranked_content=true returned response: <Response [200]>
2021-08-11 13:50:09,683 - instabot version: 0.117.0 (api) - DEBUG - GET to endpoint: feed/user/13869174215/?max_id=2562413403647561569_13869174215&min_timestamp=None&rank_token=49050629623_224da5b7-1000-4706-a73b-688aedc21219&ranked_content=true returned response: <Response [200]>
2021-08-11 13:50:09,972 - instabot version: 0.117.0 (api) - DEBUG - GET to endpoint: feed/user/13869174215/?max_id=2558439844894621752_13869174215&min_timestamp=None&rank_token=49050629623_224da5b7-1000-4706-a73b-688aedc21219&ranked_content=true returned response: <Response [200]>
2021-08-11 13:50:10,420 - instabot version: 0.117.0 (api) - DEBUG - GET to endpoint: feed/user/13869174215/?max_id=2554425769581476115_13869174215&min_timestamp=None&rank_token=49050629623_224da5b7-1000-4706-a73b-688aedc21219&ranked_content=true returned response: <Response [200]>
2021-08-11 13:50:10,782 - instabot version: 0.117.0 (api) - DEBUG - GET to endpoint: feed/user/13869174215/?max_id=2550465993228828833_13869174215&min_timestamp=None&rank_token=49050629623_224da5b7-1000-4706-a73b-688aedc21219&ranked_content=true returned response: <Response [200]>
2021-08-11 13:50:11,204 - instabot version: 0.117.0 (api) - DEBUG - GET to endpoint: feed/user/13869174215/?max_id=2547195646658663574_13869174215&min_timestamp=None&rank_token=49050629623_224da5b7-1000-4706-a73b-688aedc21219&ranked_content=true returned response: <Response [200]>
2021-08-11 13:50:11,479 - instabot version: 0.117.0 (api) - DEBUG - GET to endpoint: feed/user/13869174215/?max_id=2543911543202859673_13869174215&min_timestamp=None&rank_token=49050629623_224da5b7-1000-4706-a73b-688aedc21219&ranked_content=true returned response: <Response [200]>
2021-08-11 13:50:11,831 - instabot version: 0.117.0 (api) - DEBUG - GET to endpoint: feed/user/13869174215/?max_id=2539927797112221670_13869174215&min_timestamp=None&rank_token=49050629623_224da5b7-1000-4706-a73b-688aedc21219&ranked_content=true returned response: <Response [200]>
2021-08-11 13:50:12,130 - instabot version: 0.117.0 (api) - DEBUG - GET to endpoint: feed/user/13869174215/?max_id=2536346657829765845_13869174215&min_timestamp=None&rank_token=49050629623_224da5b7-1000-4706-a73b-688aedc21219&ranked_content=true returned response: <Response [200]>
2021-08-11 13:50:15,053 - instabot version: 0.117.0 (api) - DEBUG - GET to endpoint: feed/user/13869174215/?max_id=2532388100305317353_13869174215&min_timestamp=None&rank_token=49050629623_224da5b7-1000-4706-a73b-688aedc21219&ranked_content=true returned response: <Response [200]>
2021-08-11 13:50:15,407 - instabot version: 0.117.0 (api) - DEBUG - GET to endpoint: feed/user/13869174215/?max_id=2528723965214281856_13869174215&min_timestamp=None&rank_token=49050629623_224da5b7-1000-4706-a73b-688aedc21219&ranked_content=true returned response: <Response [200]>
2021-08-11 13:50:15,806 - instabot version: 0.117.0 (api) - DEBUG - GET to endpoint: feed/user/13869174215/?max_id=2524737718122154542_13869174215&min_timestamp=None&rank_token=49050629623_224da5b7-1000-4706-a73b-688aedc21219&ranked_content=true returned response: <Response [200]>
2021-08-11 13:50:16,171 - instabot version: 0.117.0 (api) - DEBUG - GET to endpoint: feed/user/13869174215/?max_id=2521121500224829390_13869174215&min_timestamp=None&rank_token=49050629623_224da5b7-1000-4706-a73b-688aedc21219&ranked_content=true returned response: <Response [200]>
2021-08-11 13:50:16,553 - instabot version: 0.117.0 (api) - DEBUG - GET to endpoint: feed/user/13869174215/?max_id=2517505088604579432_13869174215&min_timestamp=None&rank_token=49050629623_224da5b7-1000-4706-a73b-688aedc21219&ranked_content=true returned response: <Response [200]>
2021-08-11 13:50:16,820 - instabot version: 0.117.0 (api) - DEBUG - GET to endpoint: feed/user/13869174215/?max_id=2514258641577552052_13869174215&min_timestamp=None&rank_token=49050629623_224da5b7-1000-4706-a73b-688aedc21219&ranked_content=true returned response: <Response [200]>
2021-08-11 13:50:17,222 - instabot version: 0.117.0 (api) - DEBUG - GET to endpoint: feed/user/13869174215/?max_id=2510964401171982872_13869174215&min_timestamp=None&rank_token=49050629623_224da5b7-1000-4706-a73b-688aedc21219&ranked_content=true returned response: <Response [200]>
2021-08-11 13:50:17,474 - instabot version: 0.117.0 (api) - DEBUG - GET to endpoint: feed/user/13869174215/?max_id=2507445810260067328_13869174215&min_timestamp=None&rank_token=49050629623_224da5b7-1000-4706-a73b-688aedc21219&ranked_content=true returned response: <Response [200]>
2021-08-11 13:50:17,820 - instabot version: 0.117.0 (api) - DEBUG - GET to endpoint: feed/user/13869174215/?max_id=2503356857562107324_13869174215&min_timestamp=None&rank_token=49050629623_224da5b7-1000-4706-a73b-688aedc21219&ranked_content=true returned response: <Response [200]>
2021-08-11 13:50:18,140 - instabot version: 0.117.0 (api) - DEBUG - GET to endpoint: feed/user/13869174215/?max_id=2500943117584641281_13869174215&min_timestamp=None&rank_token=49050629623_224da5b7-1000-4706-a73b-688aedc21219&ranked_content=true returned response: <Response [200]>
2021-08-11 13:50:18,470 - instabot version: 0.117.0 (api) - DEBUG - GET to endpoint: feed/user/13869174215/?max_id=2498283431010294463_13869174215&min_timestamp=None&rank_token=49050629623_224da5b7-1000-4706-a73b-688aedc21219&ranked_content=true returned response: <Response [200]>
2021-08-11 13:50:18,790 - instabot version: 0.117.0 (api) - DEBUG - GET to endpoint: feed/user/13869174215/?max_id=2495761810779660771_13869174215&min_timestamp=None&rank_token=49050629623_224da5b7-1000-4706-a73b-688aedc21219&ranked_content=true returned response: <Response [200]>
2021-08-11 13:50:19,188 - instabot version: 0.117.0 (api) - DEBUG - GET to endpoint: feed/user/13869174215/?max_id=2492896690635740047_13869174215&min_timestamp=None&rank_token=49050629623_224da5b7-1000-4706-a73b-688aedc21219&ranked_content=true returned response: <Response [200]>
2021-08-11 13:50:19,469 - instabot version: 0.117.0 (api) - DEBUG - GET to endpoint: feed/user/13869174215/?max_id=2490035805613357200_13869174215&min_timestamp=None&rank_token=49050629623_224da5b7-1000-4706-a73b-688aedc21219&ranked_content=true returned response: <Response [200]>
2021-08-11 13:50:19,778 - instabot version: 0.117.0 (api) - DEBUG - GET to endpoint: feed/user/13869174215/?max_id=2486732359787741412_13869174215&min_timestamp=None&rank_token=49050629623_224da5b7-1000-4706-a73b-688aedc21219&ranked_content=true returned response: <Response [200]>
2021-08-11 13:50:20,022 - instabot version: 0.117.0 (api) - DEBUG - GET to endpoint: feed/user/13869174215/?max_id=2482720829293601208_13869174215&min_timestamp=None&rank_token=49050629623_224da5b7-1000-4706-a73b-688aedc21219&ranked_content=true returned response: <Response [200]>
2021-08-11 13:50:20,287 - instabot version: 0.117.0 (api) - DEBUG - GET to endpoint: feed/user/13869174215/?max_id=2478752239038765168_13869174215&min_timestamp=None&rank_token=49050629623_224da5b7-1000-4706-a73b-688aedc21219&ranked_content=true returned response: <Response [200]>
2021-08-11 13:50:20,549 - instabot version: 0.117.0 (api) - DEBUG - GET to endpoint: feed/user/13869174215/?max_id=2475118222951480584_13869174215&min_timestamp=None&rank_token=49050629623_224da5b7-1000-4706-a73b-688aedc21219&ranked_content=true returned response: <Response [200]>
2021-08-11 13:50:20,824 - instabot version: 0.117.0 (api) - DEBUG - GET to endpoint: feed/user/13869174215/?max_id=2471101842343410664_13869174215&min_timestamp=None&rank_token=49050629623_224da5b7-1000-4706-a73b-688aedc21219&ranked_content=true returned response: <Response [200]>
2021-08-11 13:50:21,084 - instabot version: 0.117.0 (api) - DEBUG - GET to endpoint: feed/user/13869174215/?max_id=2467518227559871289_13869174215&min_timestamp=None&rank_token=49050629623_224da5b7-1000-4706-a73b-688aedc21219&ranked_content=true returned response: <Response [200]>
2021-08-11 13:50:21,372 - instabot version: 0.117.0 (api) - DEBUG - GET to endpoint: feed/user/13869174215/?max_id=2463549501526183565_13869174215&min_timestamp=None&rank_token=49050629623_224da5b7-1000-4706-a73b-688aedc21219&ranked_content=true returned response: <Response [200]>
2021-08-11 13:50:21,788 - instabot version: 0.117.0 (api) - DEBUG - GET to endpoint: feed/user/13869174215/?max_id=2459530545717158185_13869174215&min_timestamp=None&rank_token=49050629623_224da5b7-1000-4706-a73b-688aedc21219&ranked_content=true returned response: <Response [200]>
2021-08-11 13:50:22,072 - instabot version: 0.117.0 (api) - DEBUG - GET to endpoint: feed/user/13869174215/?max_id=2455579668374307892_13869174215&min_timestamp=None&rank_token=49050629623_224da5b7-1000-4706-a73b-688aedc21219&ranked_content=true returned response: <Response [200]>
2021-08-11 13:50:22,549 - instabot version: 0.117.0 (api) - DEBUG - GET to endpoint: feed/user/13869174215/?max_id=2451618429724054352_13869174215&min_timestamp=None&rank_token=49050629623_224da5b7-1000-4706-a73b-688aedc21219&ranked_content=true returned response: <Response [200]>
2021-08-11 13:50:22,823 - instabot version: 0.117.0 (api) - DEBUG - GET to endpoint: feed/user/13869174215/?max_id=2447614536338001877_13869174215&min_timestamp=None&rank_token=49050629623_224da5b7-1000-4706-a73b-688aedc21219&ranked_content=true returned response: <Response [200]>
2021-08-11 13:50:23,134 - instabot version: 0.117.0 (api) - DEBUG - GET to endpoint: feed/user/13869174215/?max_id=2443464688237889437_13869174215&min_timestamp=None&rank_token=49050629623_224da5b7-1000-4706-a73b-688aedc21219&ranked_content=true returned response: <Response [200]>
2021-08-11 13:50:23,394 - instabot version: 0.117.0 (api) - DEBUG - GET to endpoint: feed/user/13869174215/?max_id=2439617310992844088_13869174215&min_timestamp=None&rank_token=49050629623_224da5b7-1000-4706-a73b-688aedc21219&ranked_content=true returned response: <Response [200]>
2021-08-11 13:50:23,676 - instabot version: 0.117.0 (api) - DEBUG - GET to endpoint: feed/user/13869174215/?max_id=2435815706958500677_13869174215&min_timestamp=None&rank_token=49050629623_224da5b7-1000-4706-a73b-688aedc21219&ranked_content=true returned response: <Response [200]>
2021-08-11 13:50:23,957 - instabot version: 0.117.0 (api) - DEBUG - GET to endpoint: feed/user/13869174215/?max_id=2431996577125033474_13869174215&min_timestamp=None&rank_token=49050629623_224da5b7-1000-4706-a73b-688aedc21219&ranked_content=true returned response: <Response [200]>
2021-08-11 13:50:24,233 - instabot version: 0.117.0 (api) - DEBUG - GET to endpoint: feed/user/13869174215/?max_id=2428043070745097829_13869174215&min_timestamp=None&rank_token=49050629623_224da5b7-1000-4706-a73b-688aedc21219&ranked_content=true returned response: <Response [200]>
2021-08-11 13:50:24,535 - instabot version: 0.117.0 (api) - DEBUG - GET to endpoint: feed/user/13869174215/?max_id=2424716096599989952_13869174215&min_timestamp=None&rank_token=49050629623_224da5b7-1000-4706-a73b-688aedc21219&ranked_content=true returned response: <Response [200]>
2021-08-11 13:50:24,832 - instabot version: 0.117.0 (api) - DEBUG - GET to endpoint: feed/user/13869174215/?max_id=2421771708858715939_13869174215&min_timestamp=None&rank_token=49050629623_224da5b7-1000-4706-a73b-688aedc21219&ranked_content=true returned response: <Response [200]>
2021-08-11 13:50:25,167 - instabot version: 0.117.0 (api) - DEBUG - GET to endpoint: feed/user/13869174215/?max_id=2418408328667847128_13869174215&min_timestamp=None&rank_token=49050629623_224da5b7-1000-4706-a73b-688aedc21219&ranked_content=true returned response: <Response [200]>
2021-08-11 13:50:25,457 - instabot version: 0.117.0 (api) - DEBUG - GET to endpoint: feed/user/13869174215/?max_id=2414531515888226561_13869174215&min_timestamp=None&rank_token=49050629623_224da5b7-1000-4706-a73b-688aedc21219&ranked_content=true returned response: <Response [200]>
2021-08-11 13:50:25,705 - instabot version: 0.117.0 (api) - DEBUG - GET to endpoint: feed/user/13869174215/?max_id=2410927791542485197_13869174215&min_timestamp=None&rank_token=49050629623_224da5b7-1000-4706-a73b-688aedc21219&ranked_content=true returned response: <Response [200]>
2021-08-11 13:50:46,765 - instabot version: 0.117.0 (api) - WARNING - HTTPSConnectionPool(host='i.instagram.com', port=443): Max retries exceeded with url: /api/v1/feed/user/13869174215/?max_id=2406991883320247136_13869174215&min_timestamp=None&rank_token=49050629623_224da5b7-1000-4706-a73b-688aedc21219&ranked_content=true (Caused by NewConnectionError('<urllib3.connection.HTTPSConnection object at 0x000002B70C5F5220>: Failed to establish a new connection: [WinError 10060] A connection attempt failed because the connected party did not properly respond after a period of time, or established connection failed because connected host has failed to respond'))
2021-08-11 13:50:47,053 - instabot version: 0.117.0 (api) - DEBUG - GET to endpoint: feed/user/13869174215/?max_id=2406991883320247136_13869174215&min_timestamp=None&rank_token=49050629623_224da5b7-1000-4706-a73b-688aedc21219&ranked_content=true returned response: <Response [200]>
2021-08-11 13:50:47,326 - instabot version: 0.117.0 (api) - DEBUG - GET to endpoint: feed/user/13869174215/?max_id=2402644391570071297_13869174215&min_timestamp=None&rank_token=49050629623_224da5b7-1000-4706-a73b-688aedc21219&ranked_content=true returned response: <Response [200]>
2021-08-11 13:50:47,982 - instabot version: 0.117.0 (api) - DEBUG - GET to endpoint: feed/user/13869174215/?max_id=2399011842297743033_13869174215&min_timestamp=None&rank_token=49050629623_224da5b7-1000-4706-a73b-688aedc21219&ranked_content=true returned response: <Response [200]>
2021-08-11 13:50:48,280 - instabot version: 0.117.0 (api) - DEBUG - GET to endpoint: feed/user/13869174215/?max_id=2395352515246179262_13869174215&min_timestamp=None&rank_token=49050629623_224da5b7-1000-4706-a73b-688aedc21219&ranked_content=true returned response: <Response [200]>
2021-08-11 13:50:48,694 - instabot version: 0.117.0 (api) - DEBUG - GET to endpoint: feed/user/13869174215/?max_id=2390568714913524230_13869174215&min_timestamp=None&rank_token=49050629623_224da5b7-1000-4706-a73b-688aedc21219&ranked_content=true returned response: <Response [200]>
2021-08-11 13:50:49,006 - instabot version: 0.117.0 (api) - DEBUG - GET to endpoint: feed/user/13869174215/?max_id=2386328158687631352_13869174215&min_timestamp=None&rank_token=49050629623_224da5b7-1000-4706-a73b-688aedc21219&ranked_content=true returned response: <Response [200]>
2021-08-11 13:50:49,280 - instabot version: 0.117.0 (api) - DEBUG - GET to endpoint: feed/user/13869174215/?max_id=2381992501190178084_13869174215&min_timestamp=None&rank_token=49050629623_224da5b7-1000-4706-a73b-688aedc21219&ranked_content=true returned response: <Response [200]>
2021-08-11 13:50:49,576 - instabot version: 0.117.0 (api) - DEBUG - GET to endpoint: feed/user/13869174215/?max_id=2377632809181569845_13869174215&min_timestamp=None&rank_token=49050629623_224da5b7-1000-4706-a73b-688aedc21219&ranked_content=true returned response: <Response [200]>
2021-08-11 13:50:49,849 - instabot version: 0.117.0 (api) - DEBUG - GET to endpoint: feed/user/13869174215/?max_id=2373267162100278856_13869174215&min_timestamp=None&rank_token=49050629623_224da5b7-1000-4706-a73b-688aedc21219&ranked_content=true returned response: <Response [200]>
2021-08-11 13:50:50,135 - instabot version: 0.117.0 (api) - DEBUG - GET to endpoint: feed/user/13869174215/?max_id=2369306438336495024_13869174215&min_timestamp=None&rank_token=49050629623_224da5b7-1000-4706-a73b-688aedc21219&ranked_content=true returned response: <Response [200]>
2021-08-11 13:50:50,662 - instabot version: 0.117.0 (api) - DEBUG - GET to endpoint: feed/user/13869174215/?max_id=2365274067178056758_13869174215&min_timestamp=None&rank_token=49050629623_224da5b7-1000-4706-a73b-688aedc21219&ranked_content=true returned response: <Response [200]>
2021-08-11 13:50:51,158 - instabot version: 0.117.0 (api) - DEBUG - GET to endpoint: feed/user/13869174215/?max_id=2361279579132735792_13869174215&min_timestamp=None&rank_token=49050629623_224da5b7-1000-4706-a73b-688aedc21219&ranked_content=true returned response: <Response [200]>
2021-08-11 13:50:51,481 - instabot version: 0.117.0 (api) - DEBUG - GET to endpoint: feed/user/13869174215/?max_id=2357345194314438858_13869174215&min_timestamp=None&rank_token=49050629623_224da5b7-1000-4706-a73b-688aedc21219&ranked_content=true returned response: <Response [200]>
2021-08-11 13:50:52,010 - instabot version: 0.117.0 (api) - DEBUG - GET to endpoint: feed/user/13869174215/?max_id=2353350154726546381_13869174215&min_timestamp=None&rank_token=49050629623_224da5b7-1000-4706-a73b-688aedc21219&ranked_content=true returned response: <Response [200]>
2021-08-11 13:50:52,293 - instabot version: 0.117.0 (api) - DEBUG - GET to endpoint: feed/user/13869174215/?max_id=2349007985303754832_13869174215&min_timestamp=None&rank_token=49050629623_224da5b7-1000-4706-a73b-688aedc21219&ranked_content=true returned response: <Response [200]>
2021-08-11 13:50:52,609 - instabot version: 0.117.0 (api) - DEBUG - GET to endpoint: feed/user/13869174215/?max_id=2344654911630185485_13869174215&min_timestamp=None&rank_token=49050629623_224da5b7-1000-4706-a73b-688aedc21219&ranked_content=true returned response: <Response [200]>
2021-08-11 13:50:52,898 - instabot version: 0.117.0 (api) - DEBUG - GET to endpoint: feed/user/13869174215/?max_id=2341037393241873080_13869174215&min_timestamp=None&rank_token=49050629623_224da5b7-1000-4706-a73b-688aedc21219&ranked_content=true returned response: <Response [200]>
2021-08-11 13:50:53,197 - instabot version: 0.117.0 (api) - DEBUG - GET to endpoint: feed/user/13869174215/?max_id=2336690473795042052_13869174215&min_timestamp=None&rank_token=49050629623_224da5b7-1000-4706-a73b-688aedc21219&ranked_content=true returned response: <Response [200]>
2021-08-11 13:50:53,484 - instabot version: 0.117.0 (api) - DEBUG - GET to endpoint: feed/user/13869174215/?max_id=2332717800911944273_13869174215&min_timestamp=None&rank_token=49050629623_224da5b7-1000-4706-a73b-688aedc21219&ranked_content=true returned response: <Response [200]>
2021-08-11 13:50:53,826 - instabot version: 0.117.0 (api) - DEBUG - GET to endpoint: feed/user/13869174215/?max_id=2329431544174195027_13869174215&min_timestamp=None&rank_token=49050629623_224da5b7-1000-4706-a73b-688aedc21219&ranked_content=true returned response: <Response [200]>
2021-08-11 13:50:54,102 - instabot version: 0.117.0 (api) - DEBUG - GET to endpoint: feed/user/13869174215/?max_id=2325800082635823428_13869174215&min_timestamp=None&rank_token=49050629623_224da5b7-1000-4706-a73b-688aedc21219&ranked_content=true returned response: <Response [200]>
2021-08-11 13:50:54,404 - instabot version: 0.117.0 (api) - DEBUG - GET to endpoint: feed/user/13869174215/?max_id=2322179112956194724_13869174215&min_timestamp=None&rank_token=49050629623_224da5b7-1000-4706-a73b-688aedc21219&ranked_content=true returned response: <Response [200]>
2021-08-11 13:50:54,730 - instabot version: 0.117.0 (api) - DEBUG - GET to endpoint: feed/user/13869174215/?max_id=2319636168684353441_13869174215&min_timestamp=None&rank_token=49050629623_224da5b7-1000-4706-a73b-688aedc21219&ranked_content=true returned response: <Response [200]>
2021-08-11 13:50:55,040 - instabot version: 0.117.0 (api) - DEBUG - GET to endpoint: feed/user/13869174215/?max_id=2317100443405582429_13869174215&min_timestamp=None&rank_token=49050629623_224da5b7-1000-4706-a73b-688aedc21219&ranked_content=true returned response: <Response [200]>
2021-08-11 13:50:55,376 - instabot version: 0.117.0 (api) - DEBUG - GET to endpoint: feed/user/13869174215/?max_id=2314920226930836881_13869174215&min_timestamp=None&rank_token=49050629623_224da5b7-1000-4706-a73b-688aedc21219&ranked_content=true returned response: <Response [200]>
2021-08-11 13:50:55,692 - instabot version: 0.117.0 (api) - DEBUG - GET to endpoint: feed/user/13869174215/?max_id=2312752348211262920_13869174215&min_timestamp=None&rank_token=49050629623_224da5b7-1000-4706-a73b-688aedc21219&ranked_content=true returned response: <Response [200]>
2021-08-11 13:50:55,961 - instabot version: 0.117.0 (api) - DEBUG - GET to endpoint: feed/user/13869174215/?max_id=2310584871557774312_13869174215&min_timestamp=None&rank_token=49050629623_224da5b7-1000-4706-a73b-688aedc21219&ranked_content=true returned response: <Response [200]>
2021-08-11 13:50:56,264 - instabot version: 0.117.0 (api) - DEBUG - GET to endpoint: feed/user/13869174215/?max_id=2308398151144275774_13869174215&min_timestamp=None&rank_token=49050629623_224da5b7-1000-4706-a73b-688aedc21219&ranked_content=true returned response: <Response [200]>
2021-08-11 13:50:56,621 - instabot version: 0.117.0 (api) - DEBUG - GET to endpoint: feed/user/13869174215/?max_id=2306214243035679865_13869174215&min_timestamp=None&rank_token=49050629623_224da5b7-1000-4706-a73b-688aedc21219&ranked_content=true returned response: <Response [200]>
2021-08-11 13:50:56,904 - instabot version: 0.117.0 (api) - DEBUG - GET to endpoint: feed/user/13869174215/?max_id=2304077049810540101_13869174215&min_timestamp=None&rank_token=49050629623_224da5b7-1000-4706-a73b-688aedc21219&ranked_content=true returned response: <Response [200]>
2021-08-11 13:50:57,510 - instabot version: 0.117.0 (api) - DEBUG - GET to endpoint: feed/user/13869174215/?max_id=2301874244593063835_13869174215&min_timestamp=None&rank_token=49050629623_224da5b7-1000-4706-a73b-688aedc21219&ranked_content=true returned response: <Response [200]>
2021-08-11 13:50:57,814 - instabot version: 0.117.0 (api) - DEBUG - GET to endpoint: feed/user/13869174215/?max_id=2299689453617576586_13869174215&min_timestamp=None&rank_token=49050629623_224da5b7-1000-4706-a73b-688aedc21219&ranked_content=true returned response: <Response [200]>
2021-08-11 13:50:58,125 - instabot version: 0.117.0 (api) - DEBUG - GET to endpoint: feed/user/13869174215/?max_id=2297526584993941762_13869174215&min_timestamp=None&rank_token=49050629623_224da5b7-1000-4706-a73b-688aedc21219&ranked_content=true returned response: <Response [200]>
2021-08-11 13:50:58,394 - instabot version: 0.117.0 (api) - DEBUG - GET to endpoint: feed/user/13869174215/?max_id=2295342137951639984_13869174215&min_timestamp=None&rank_token=49050629623_224da5b7-1000-4706-a73b-688aedc21219&ranked_content=true returned response: <Response [200]>
2021-08-11 13:50:58,670 - instabot version: 0.117.0 (api) - DEBUG - GET to endpoint: feed/user/13869174215/?max_id=2293164469550094550_13869174215&min_timestamp=None&rank_token=49050629623_224da5b7-1000-4706-a73b-688aedc21219&ranked_content=true returned response: <Response [200]>
2021-08-11 13:50:58,980 - instabot version: 0.117.0 (api) - DEBUG - GET to endpoint: feed/user/13869174215/?max_id=2290653043946185771_13869174215&min_timestamp=None&rank_token=49050629623_224da5b7-1000-4706-a73b-688aedc21219&ranked_content=true returned response: <Response [200]>
2021-08-11 13:50:59,341 - instabot version: 0.117.0 (api) - DEBUG - GET to endpoint: feed/user/13869174215/?max_id=2288480234285480501_13869174215&min_timestamp=None&rank_token=49050629623_224da5b7-1000-4706-a73b-688aedc21219&ranked_content=true returned response: <Response [200]>
2021-08-11 13:50:59,647 - instabot version: 0.117.0 (api) - DEBUG - GET to endpoint: feed/user/13869174215/?max_id=2286670755873014289_13869174215&min_timestamp=None&rank_token=49050629623_224da5b7-1000-4706-a73b-688aedc21219&ranked_content=true returned response: <Response [200]>
2021-08-11 13:50:59,966 - instabot version: 0.117.0 (api) - DEBUG - GET to endpoint: feed/user/13869174215/?max_id=2283761977997474681_13869174215&min_timestamp=None&rank_token=49050629623_224da5b7-1000-4706-a73b-688aedc21219&ranked_content=true returned response: <Response [200]>
2021-08-11 13:51:00,260 - instabot version: 0.117.0 (api) - DEBUG - GET to endpoint: feed/user/13869174215/?max_id=2281596510239418928_13869174215&min_timestamp=None&rank_token=49050629623_224da5b7-1000-4706-a73b-688aedc21219&ranked_content=true returned response: <Response [200]>
2021-08-11 13:51:00,643 - instabot version: 0.117.0 (api) - DEBUG - GET to endpoint: feed/user/13869174215/?max_id=2279401788905208642_13869174215&min_timestamp=None&rank_token=49050629623_224da5b7-1000-4706-a73b-688aedc21219&ranked_content=true returned response: <Response [200]>
2021-08-11 13:51:00,978 - instabot version: 0.117.0 (api) - DEBUG - GET to endpoint: feed/user/13869174215/?max_id=2277252014538086703_13869174215&min_timestamp=None&rank_token=49050629623_224da5b7-1000-4706-a73b-688aedc21219&ranked_content=true returned response: <Response [200]>
2021-08-11 13:51:01,254 - instabot version: 0.117.0 (api) - DEBUG - GET to endpoint: feed/user/13869174215/?max_id=2275442318952913632_13869174215&min_timestamp=None&rank_token=49050629623_224da5b7-1000-4706-a73b-688aedc21219&ranked_content=true returned response: <Response [200]>
2021-08-11 13:51:01,580 - instabot version: 0.117.0 (api) - DEBUG - GET to endpoint: feed/user/13869174215/?max_id=2273259070306972476_13869174215&min_timestamp=None&rank_token=49050629623_224da5b7-1000-4706-a73b-688aedc21219&ranked_content=true returned response: <Response [200]>
