2021-08-08 20:23:48,267 - instabot version: 0.117.0 (bot) - INFO - Instabot version: 0.117.0 Started
2021-08-08 20:23:48,267 - instabot version: 0.117.0 (bot) - DEBUG - Bot imported from C:\Users\skyem\AppData\Local\Programs\Python\Python39\lib\site-packages\instabot\bot\bot.py
2021-08-08 20:23:49,610 - instabot version: 0.117.0 (api_login) - INFO - Not yet logged in starting: PRE-LOGIN FLOW!
2021-08-08 20:23:49,765 - instabot version: 0.117.0 (api) - DEBUG - POST to endpoint: accounts/get_prefill_candidates/ returned response: <Response [200]>
2021-08-08 20:23:49,909 - instabot version: 0.117.0 (api) - DEBUG - POST to endpoint: qe/sync/ returned response: <Response [200]>
2021-08-08 20:23:50,055 - instabot version: 0.117.0 (api) - DEBUG - POST to endpoint: launcher/sync/ returned response: <Response [200]>
2021-08-08 20:23:50,193 - instabot version: 0.117.0 (api) - DEBUG - POST to endpoint: accounts/contact_point_prefill/ returned response: <Response [200]>
2021-08-08 20:23:51,858 - instabot version: 0.117.0 (api) - DEBUG - POST to endpoint: accounts/login/ returned response: <Response [200]>
2021-08-08 20:23:51,858 - instabot version: 0.117.0 (api) - INFO - Logged-in successfully as 'vocabexpansion'!
2021-08-08 20:23:51,858 - instabot version: 0.117.0 (api_login) - INFO - LOGIN FLOW! Just logged-in: True
2021-08-08 20:23:52,069 - instabot version: 0.117.0 (api) - DEBUG - POST to endpoint: qe/sync/ returned response: <Response [200]>
2021-08-08 20:23:52,249 - instabot version: 0.117.0 (api) - DEBUG - POST to endpoint: launcher/sync/ returned response: <Response [200]>
2021-08-08 20:23:52,387 - instabot version: 0.117.0 (api) - DEBUG - GET to endpoint: zr/token/result/?device_id=android-e377a40ffa4f9abc&token_hash=&custom_device_id=android-e377a40ffa4f9abc&fetch_reason=token_expired returned response: <Response [200]>
2021-08-08 20:23:52,527 - instabot version: 0.117.0 (api) - DEBUG - GET to endpoint: multiple_accounts/get_account_family/ returned response: <Response [200]>
2021-08-08 20:23:52,680 - instabot version: 0.117.0 (api) - DEBUG - POST to endpoint: qe/sync/ returned response: <Response [200]>
2021-08-08 20:23:53,315 - instabot version: 0.117.0 (api) - DEBUG - GET to endpoint: igtv/browse_feed/?prefetch=1 returned response: <Response [200]>
2021-08-08 20:23:53,494 - instabot version: 0.117.0 (api) - DEBUG - POST to endpoint: creatives/ar_class/ returned response: <Response [200]>
2021-08-08 20:23:54,430 - instabot version: 0.117.0 (api) - DEBUG - POST to endpoint: feed/reels_tray/ returned response: <Response [200]>
2021-08-08 20:23:55,742 - instabot version: 0.117.0 (api) - DEBUG - POST to endpoint: feed/timeline/ returned response: <Response [200]>
2021-08-08 20:23:55,918 - instabot version: 0.117.0 (api) - DEBUG - GET to endpoint: media/blocked/ returned response: <Response [200]>
2021-08-08 20:23:56,280 - instabot version: 0.117.0 (api) - DEBUG - GET to endpoint: news/inbox/ returned response: <Response [200]>
2021-08-08 20:23:56,478 - instabot version: 0.117.0 (api) - DEBUG - GET to endpoint: loom/fetch_config/ returned response: <Response [200]>
2021-08-08 20:23:56,808 - instabot version: 0.117.0 (api) - DEBUG - GET to endpoint: scores/bootstrap/users/?surfaces=["autocomplete_user_list","coefficient_besties_list_ranking","coefficient_rank_recipient_user_suggestion","coefficient_ios_section_test_bootstrap_ranking","coefficient_direct_recipients_ranking_variant_2"] returned response: <Response [200]>
2021-08-08 20:23:56,976 - instabot version: 0.117.0 (api) - DEBUG - GET to endpoint: business/eligibility/get_monetization_products_eligibility_data/?product_types=branded_content returned response: <Response [200]>
2021-08-08 20:23:57,158 - instabot version: 0.117.0 (api) - DEBUG - GET to endpoint: business/branded_content/should_require_professional_account/ returned response: <Response [200]>
2021-08-08 20:23:57,317 - instabot version: 0.117.0 (api) - DEBUG - GET to endpoint: linked_accounts/get_linkage_status/ returned response: <Response [200]>
2021-08-08 20:23:57,476 - instabot version: 0.117.0 (api) - DEBUG - GET to endpoint: locations/request_country/ returned response: <Response [200]>
2021-08-08 20:23:57,626 - instabot version: 0.117.0 (api) - DEBUG - GET to endpoint: qp/get_cooldowns/?signed_body=signed_body=4b9c516a5410a3bc128e09c6104a7f042146b9c2023870560c63a43a7f66781c.4&ig_sig_key_version=4&ig_sig_key_version=4 returned response: <Response [200]>
2021-08-08 20:23:57,796 - instabot version: 0.117.0 (api) - DEBUG - GET to endpoint: users/arlink_download_info/?version_override=2.2.1 returned response: <Response [200]>
2021-08-08 20:23:58,112 - instabot version: 0.117.0 (api) - DEBUG - GET to endpoint: users/49051026324/info/ returned response: <Response [200]>
2021-08-08 20:23:58,313 - instabot version: 0.117.0 (api) - DEBUG - GET to endpoint: direct_v2/get_presence/ returned response: <Response [200]>
2021-08-08 20:23:58,562 - instabot version: 0.117.0 (api) - DEBUG - GET to endpoint: direct_v2/inbox/?visual_message_return_type=unseen&thread_message_limit=10&persistentBadging=true&limit=20 returned response: <Response [200]>
2021-08-08 20:23:58,744 - instabot version: 0.117.0 (api) - DEBUG - GET to endpoint: direct_v2/inbox/?visual_message_return_type=unseen&persistentBadging=true&limit=0 returned response: <Response [200]>
2021-08-08 20:23:58,967 - instabot version: 0.117.0 (api) - DEBUG - GET to endpoint: discover/topical_explore/?is_prefetch=true&omit_cover_media=true&use_sectional_payload=true&timezone_offset=0&session_id=8579f34b-4d69-4b34-b82c-e65ecba23f8c&include_fixed_destinations=true returned response: <Response [200]>
2021-08-08 20:23:59,110 - instabot version: 0.117.0 (api) - DEBUG - POST to endpoint: notifications/badge/ returned response: <Response [200]>
2021-08-08 20:23:59,333 - instabot version: 0.117.0 (api) - DEBUG - POST to endpoint: qp/batch_fetch/ returned response: <Response [200]>
2021-08-08 20:23:59,334 - instabot version: 0.117.0 (bot_checkpoint) - DEBUG - Loading Checkpoint file from: D:\Programming\2021\InstaBot/config/vocabexpansion.checkpoint
2021-08-08 20:23:59,685 - instabot version: 0.117.0 (api) - DEBUG - GET to endpoint: users/cursed.image5/usernameinfo/ returned response: <Response [200]>
2021-08-08 20:24:00,542 - instabot version: 0.117.0 (api) - DEBUG - GET to endpoint: feed/user/13869174215/?max_id=&min_timestamp=None&rank_token=49051026324_fde23bdf-394d-4f8d-8230-b11a4cf48160&ranked_content=true returned response: <Response [200]>
2021-08-08 20:24:00,797 - instabot version: 0.117.0 (api) - DEBUG - GET to endpoint: feed/user/13869174215/?max_id=2627006821922145007_13869174215&min_timestamp=None&rank_token=49051026324_fde23bdf-394d-4f8d-8230-b11a4cf48160&ranked_content=true returned response: <Response [200]>
2021-08-08 20:24:01,077 - instabot version: 0.117.0 (api) - DEBUG - GET to endpoint: feed/user/13869174215/?max_id=2619675716433076093_13869174215&min_timestamp=None&rank_token=49051026324_fde23bdf-394d-4f8d-8230-b11a4cf48160&ranked_content=true returned response: <Response [200]>
2021-08-08 20:24:01,362 - instabot version: 0.117.0 (api) - DEBUG - GET to endpoint: feed/user/13869174215/?max_id=2616029302911977791_13869174215&min_timestamp=None&rank_token=49051026324_fde23bdf-394d-4f8d-8230-b11a4cf48160&ranked_content=true returned response: <Response [200]>
2021-08-08 20:24:01,660 - instabot version: 0.117.0 (api) - DEBUG - GET to endpoint: feed/user/13869174215/?max_id=2612075644914190048_13869174215&min_timestamp=None&rank_token=49051026324_fde23bdf-394d-4f8d-8230-b11a4cf48160&ranked_content=true returned response: <Response [200]>
2021-08-08 20:24:02,079 - instabot version: 0.117.0 (api) - DEBUG - GET to endpoint: feed/user/13869174215/?max_id=2608464449245337598_13869174215&min_timestamp=None&rank_token=49051026324_fde23bdf-394d-4f8d-8230-b11a4cf48160&ranked_content=true returned response: <Response [200]>
2021-08-08 20:24:02,467 - instabot version: 0.117.0 (api) - DEBUG - GET to endpoint: feed/user/13869174215/?max_id=2604448057121969715_13869174215&min_timestamp=None&rank_token=49051026324_fde23bdf-394d-4f8d-8230-b11a4cf48160&ranked_content=true returned response: <Response [200]>
2021-08-08 20:24:02,929 - instabot version: 0.117.0 (api) - DEBUG - GET to endpoint: feed/user/13869174215/?max_id=2600808990010362967_13869174215&min_timestamp=None&rank_token=49051026324_fde23bdf-394d-4f8d-8230-b11a4cf48160&ranked_content=true returned response: <Response [200]>
2021-08-08 20:24:03,249 - instabot version: 0.117.0 (api) - DEBUG - GET to endpoint: feed/user/13869174215/?max_id=2596852946091185555_13869174215&min_timestamp=None&rank_token=49051026324_fde23bdf-394d-4f8d-8230-b11a4cf48160&ranked_content=true returned response: <Response [200]>
2021-08-08 20:24:03,592 - instabot version: 0.117.0 (api) - DEBUG - GET to endpoint: feed/user/13869174215/?max_id=2592851483765825911_13869174215&min_timestamp=None&rank_token=49051026324_fde23bdf-394d-4f8d-8230-b11a4cf48160&ranked_content=true returned response: <Response [200]>
2021-08-08 20:24:03,875 - instabot version: 0.117.0 (api) - DEBUG - GET to endpoint: feed/user/13869174215/?max_id=2588880307601335599_13869174215&min_timestamp=None&rank_token=49051026324_fde23bdf-394d-4f8d-8230-b11a4cf48160&ranked_content=true returned response: <Response [200]>
2021-08-08 20:24:04,150 - instabot version: 0.117.0 (api) - DEBUG - GET to endpoint: feed/user/13869174215/?max_id=2584866364463556674_13869174215&min_timestamp=None&rank_token=49051026324_fde23bdf-394d-4f8d-8230-b11a4cf48160&ranked_content=true returned response: <Response [200]>
2021-08-08 20:24:04,446 - instabot version: 0.117.0 (api) - DEBUG - GET to endpoint: feed/user/13869174215/?max_id=2581247525034690917_13869174215&min_timestamp=None&rank_token=49051026324_fde23bdf-394d-4f8d-8230-b11a4cf48160&ranked_content=true returned response: <Response [200]>
2021-08-08 20:24:04,724 - instabot version: 0.117.0 (api) - DEBUG - GET to endpoint: feed/user/13869174215/?max_id=2577299267916879224_13869174215&min_timestamp=None&rank_token=49051026324_fde23bdf-394d-4f8d-8230-b11a4cf48160&ranked_content=true returned response: <Response [200]>
2021-08-08 20:24:04,985 - instabot version: 0.117.0 (api) - DEBUG - GET to endpoint: feed/user/13869174215/?max_id=2573282960908303641_13869174215&min_timestamp=None&rank_token=49051026324_fde23bdf-394d-4f8d-8230-b11a4cf48160&ranked_content=true returned response: <Response [200]>
2021-08-08 20:24:05,297 - instabot version: 0.117.0 (api) - DEBUG - GET to endpoint: feed/user/13869174215/?max_id=2569281158050065140_13869174215&min_timestamp=None&rank_token=49051026324_fde23bdf-394d-4f8d-8230-b11a4cf48160&ranked_content=true returned response: <Response [200]>
2021-08-08 20:24:05,583 - instabot version: 0.117.0 (api) - DEBUG - GET to endpoint: feed/user/13869174215/?max_id=2565294912423872793_13869174215&min_timestamp=None&rank_token=49051026324_fde23bdf-394d-4f8d-8230-b11a4cf48160&ranked_content=true returned response: <Response [200]>
2021-08-08 20:24:05,874 - instabot version: 0.117.0 (api) - DEBUG - GET to endpoint: feed/user/13869174215/?max_id=2561338878552648250_13869174215&min_timestamp=None&rank_token=49051026324_fde23bdf-394d-4f8d-8230-b11a4cf48160&ranked_content=true returned response: <Response [200]>
2021-08-08 20:24:06,108 - instabot version: 0.117.0 (api) - DEBUG - GET to endpoint: feed/user/13869174215/?max_id=2557337612083800759_13869174215&min_timestamp=None&rank_token=49051026324_fde23bdf-394d-4f8d-8230-b11a4cf48160&ranked_content=true returned response: <Response [200]>
2021-08-08 20:24:06,429 - instabot version: 0.117.0 (api) - DEBUG - GET to endpoint: feed/user/13869174215/?max_id=2553366340754532347_13869174215&min_timestamp=None&rank_token=49051026324_fde23bdf-394d-4f8d-8230-b11a4cf48160&ranked_content=true returned response: <Response [200]>
2021-08-08 20:24:06,749 - instabot version: 0.117.0 (api) - DEBUG - GET to endpoint: feed/user/13869174215/?max_id=2549334806483806278_13869174215&min_timestamp=None&rank_token=49051026324_fde23bdf-394d-4f8d-8230-b11a4cf48160&ranked_content=true returned response: <Response [200]>
2021-08-08 20:24:07,137 - instabot version: 0.117.0 (api) - DEBUG - GET to endpoint: feed/user/13869174215/?max_id=2546121865225531881_13869174215&min_timestamp=None&rank_token=49051026324_fde23bdf-394d-4f8d-8230-b11a4cf48160&ranked_content=true returned response: <Response [200]>
2021-08-08 20:24:07,467 - instabot version: 0.117.0 (api) - DEBUG - GET to endpoint: feed/user/13869174215/?max_id=2542844458453524969_13869174215&min_timestamp=None&rank_token=49051026324_fde23bdf-394d-4f8d-8230-b11a4cf48160&ranked_content=true returned response: <Response [200]>
2021-08-08 20:24:07,803 - instabot version: 0.117.0 (api) - DEBUG - GET to endpoint: feed/user/13869174215/?max_id=2538870819034279157_13869174215&min_timestamp=None&rank_token=49051026324_fde23bdf-394d-4f8d-8230-b11a4cf48160&ranked_content=true returned response: <Response [200]>
2021-08-08 20:24:08,087 - instabot version: 0.117.0 (api) - DEBUG - GET to endpoint: feed/user/13869174215/?max_id=2535274632598968565_13869174215&min_timestamp=None&rank_token=49051026324_fde23bdf-394d-4f8d-8230-b11a4cf48160&ranked_content=true returned response: <Response [200]>
2021-08-08 20:24:08,373 - instabot version: 0.117.0 (api) - DEBUG - GET to endpoint: feed/user/13869174215/?max_id=2531260658377323489_13869174215&min_timestamp=None&rank_token=49051026324_fde23bdf-394d-4f8d-8230-b11a4cf48160&ranked_content=true returned response: <Response [200]>
2021-08-08 20:24:08,657 - instabot version: 0.117.0 (api) - DEBUG - GET to endpoint: feed/user/13869174215/?max_id=2527651867818732962_13869174215&min_timestamp=None&rank_token=49051026324_fde23bdf-394d-4f8d-8230-b11a4cf48160&ranked_content=true returned response: <Response [200]>
2021-08-08 20:24:09,038 - instabot version: 0.117.0 (api) - DEBUG - GET to endpoint: feed/user/13869174215/?max_id=2523650558758324966_13869174215&min_timestamp=None&rank_token=49051026324_fde23bdf-394d-4f8d-8230-b11a4cf48160&ranked_content=true returned response: <Response [200]>
2021-08-08 20:24:09,355 - instabot version: 0.117.0 (api) - DEBUG - GET to endpoint: feed/user/13869174215/?max_id=2520389119348269536_13869174215&min_timestamp=None&rank_token=49051026324_fde23bdf-394d-4f8d-8230-b11a4cf48160&ranked_content=true returned response: <Response [200]>
2021-08-08 20:24:09,676 - instabot version: 0.117.0 (api) - DEBUG - GET to endpoint: feed/user/13869174215/?max_id=2516448172644863607_13869174215&min_timestamp=None&rank_token=49051026324_fde23bdf-394d-4f8d-8230-b11a4cf48160&ranked_content=true returned response: <Response [200]>
2021-08-08 20:24:10,065 - instabot version: 0.117.0 (api) - DEBUG - GET to endpoint: feed/user/13869174215/?max_id=2513503680948820670_13869174215&min_timestamp=None&rank_token=49051026324_fde23bdf-394d-4f8d-8230-b11a4cf48160&ranked_content=true returned response: <Response [200]>
2021-08-08 20:24:10,320 - instabot version: 0.117.0 (api) - DEBUG - GET to endpoint: feed/user/13869174215/?max_id=2509907452856539156_13869174215&min_timestamp=None&rank_token=49051026324_fde23bdf-394d-4f8d-8230-b11a4cf48160&ranked_content=true returned response: <Response [200]>
2021-08-08 20:24:10,606 - instabot version: 0.117.0 (api) - DEBUG - GET to endpoint: feed/user/13869174215/?max_id=2505896147260937226_13869174215&min_timestamp=None&rank_token=49051026324_fde23bdf-394d-4f8d-8230-b11a4cf48160&ranked_content=true returned response: <Response [200]>
2021-08-08 20:24:10,899 - instabot version: 0.117.0 (api) - DEBUG - GET to endpoint: feed/user/13869174215/?max_id=2503009582017478721_13869174215&min_timestamp=None&rank_token=49051026324_fde23bdf-394d-4f8d-8230-b11a4cf48160&ranked_content=true returned response: <Response [200]>
2021-08-08 20:24:11,182 - instabot version: 0.117.0 (api) - DEBUG - GET to endpoint: feed/user/13869174215/?max_id=2500487979237927734_13869174215&min_timestamp=None&rank_token=49051026324_fde23bdf-394d-4f8d-8230-b11a4cf48160&ranked_content=true returned response: <Response [200]>
2021-08-08 20:24:11,477 - instabot version: 0.117.0 (api) - DEBUG - GET to endpoint: feed/user/13869174215/?max_id=2498191784678850381_13869174215&min_timestamp=None&rank_token=49051026324_fde23bdf-394d-4f8d-8230-b11a4cf48160&ranked_content=true returned response: <Response [200]>
2021-08-08 20:24:11,780 - instabot version: 0.117.0 (api) - DEBUG - GET to endpoint: feed/user/13869174215/?max_id=2495159097970006057_13869174215&min_timestamp=None&rank_token=49051026324_fde23bdf-394d-4f8d-8230-b11a4cf48160&ranked_content=true returned response: <Response [200]>
2021-08-08 20:24:12,100 - instabot version: 0.117.0 (api) - DEBUG - GET to endpoint: feed/user/13869174215/?max_id=2492287936005346842_13869174215&min_timestamp=None&rank_token=49051026324_fde23bdf-394d-4f8d-8230-b11a4cf48160&ranked_content=true returned response: <Response [200]>
2021-08-08 20:24:12,357 - instabot version: 0.117.0 (api) - DEBUG - GET to endpoint: feed/user/13869174215/?max_id=2489379386836694351_13869174215&min_timestamp=None&rank_token=49051026324_fde23bdf-394d-4f8d-8230-b11a4cf48160&ranked_content=true returned response: <Response [200]>
2021-08-08 20:24:12,640 - instabot version: 0.117.0 (api) - DEBUG - GET to endpoint: feed/user/13869174215/?max_id=2485604885354158165_13869174215&min_timestamp=None&rank_token=49051026324_fde23bdf-394d-4f8d-8230-b11a4cf48160&ranked_content=true returned response: <Response [200]>
2021-08-08 20:24:12,960 - instabot version: 0.117.0 (api) - DEBUG - GET to endpoint: feed/user/13869174215/?max_id=2481658809552785190_13869174215&min_timestamp=None&rank_token=49051026324_fde23bdf-394d-4f8d-8230-b11a4cf48160&ranked_content=true returned response: <Response [200]>
2021-08-08 20:24:13,289 - instabot version: 0.117.0 (api) - DEBUG - GET to endpoint: feed/user/13869174215/?max_id=2477637392916375526_13869174215&min_timestamp=None&rank_token=49051026324_fde23bdf-394d-4f8d-8230-b11a4cf48160&ranked_content=true returned response: <Response [200]>
2021-08-08 20:24:13,591 - instabot version: 0.117.0 (api) - DEBUG - GET to endpoint: feed/user/13869174215/?max_id=2473998403021973285_13869174215&min_timestamp=None&rank_token=49051026324_fde23bdf-394d-4f8d-8230-b11a4cf48160&ranked_content=true returned response: <Response [200]>
2021-08-08 20:24:13,900 - instabot version: 0.117.0 (api) - DEBUG - GET to endpoint: feed/user/13869174215/?max_id=2470384560697944046_13869174215&min_timestamp=None&rank_token=49051026324_fde23bdf-394d-4f8d-8230-b11a4cf48160&ranked_content=true returned response: <Response [200]>
2021-08-08 20:24:14,212 - instabot version: 0.117.0 (api) - DEBUG - GET to endpoint: feed/user/13869174215/?max_id=2466461316447974388_13869174215&min_timestamp=None&rank_token=49051026324_fde23bdf-394d-4f8d-8230-b11a4cf48160&ranked_content=true returned response: <Response [200]>
2021-08-08 20:24:14,505 - instabot version: 0.117.0 (api) - DEBUG - GET to endpoint: feed/user/13869174215/?max_id=2462444695553551389_13869174215&min_timestamp=None&rank_token=49051026324_fde23bdf-394d-4f8d-8230-b11a4cf48160&ranked_content=true returned response: <Response [200]>
2021-08-08 20:24:14,821 - instabot version: 0.117.0 (api) - DEBUG - GET to endpoint: feed/user/13869174215/?max_id=2458481184902369844_13869174215&min_timestamp=None&rank_token=49051026324_fde23bdf-394d-4f8d-8230-b11a4cf48160&ranked_content=true returned response: <Response [200]>
2021-08-08 20:24:15,219 - instabot version: 0.117.0 (api) - DEBUG - GET to endpoint: feed/user/13869174215/?max_id=2454447083499958172_13869174215&min_timestamp=None&rank_token=49051026324_fde23bdf-394d-4f8d-8230-b11a4cf48160&ranked_content=true returned response: <Response [200]>
2021-08-08 20:24:15,496 - instabot version: 0.117.0 (api) - DEBUG - GET to endpoint: feed/user/13869174215/?max_id=2450513641242678994_13869174215&min_timestamp=None&rank_token=49051026324_fde23bdf-394d-4f8d-8230-b11a4cf48160&ranked_content=true returned response: <Response [200]>
2021-08-08 20:24:15,867 - instabot version: 0.117.0 (api) - DEBUG - GET to endpoint: feed/user/13869174215/?max_id=2446436818937342283_13869174215&min_timestamp=None&rank_token=49051026324_fde23bdf-394d-4f8d-8230-b11a4cf48160&ranked_content=true returned response: <Response [200]>
2021-08-08 20:24:16,117 - instabot version: 0.117.0 (api) - DEBUG - GET to endpoint: feed/user/13869174215/?max_id=2442762723070537056_13869174215&min_timestamp=None&rank_token=49051026324_fde23bdf-394d-4f8d-8230-b11a4cf48160&ranked_content=true returned response: <Response [200]>
2021-08-08 20:24:16,409 - instabot version: 0.117.0 (api) - DEBUG - GET to endpoint: feed/user/13869174215/?max_id=2438517033692923929_13869174215&min_timestamp=None&rank_token=49051026324_fde23bdf-394d-4f8d-8230-b11a4cf48160&ranked_content=true returned response: <Response [200]>
2021-08-08 20:24:16,719 - instabot version: 0.117.0 (api) - DEBUG - GET to endpoint: feed/user/13869174215/?max_id=2434920832857859185_13869174215&min_timestamp=None&rank_token=49051026324_fde23bdf-394d-4f8d-8230-b11a4cf48160&ranked_content=true returned response: <Response [200]>
2021-08-08 20:24:17,115 - instabot version: 0.117.0 (api) - DEBUG - GET to endpoint: feed/user/13869174215/?max_id=2431261865070884804_13869174215&min_timestamp=None&rank_token=49051026324_fde23bdf-394d-4f8d-8230-b11a4cf48160&ranked_content=true returned response: <Response [200]>
2021-08-08 20:24:17,469 - instabot version: 0.117.0 (api) - DEBUG - GET to endpoint: feed/user/13869174215/?max_id=2427280537099055722_13869174215&min_timestamp=None&rank_token=49051026324_fde23bdf-394d-4f8d-8230-b11a4cf48160&ranked_content=true returned response: <Response [200]>
2021-08-08 20:24:17,775 - instabot version: 0.117.0 (api) - DEBUG - GET to endpoint: feed/user/13869174215/?max_id=2424005391845586081_13869174215&min_timestamp=None&rank_token=49051026324_fde23bdf-394d-4f8d-8230-b11a4cf48160&ranked_content=true returned response: <Response [200]>
2021-08-08 20:24:18,091 - instabot version: 0.117.0 (api) - DEBUG - GET to endpoint: feed/user/13869174215/?max_id=2420767666307556158_13869174215&min_timestamp=None&rank_token=49051026324_fde23bdf-394d-4f8d-8230-b11a4cf48160&ranked_content=true returned response: <Response [200]>
2021-08-08 20:24:18,509 - instabot version: 0.117.0 (api) - DEBUG - GET to endpoint: feed/user/13869174215/?max_id=2417557224753032127_13869174215&min_timestamp=None&rank_token=49051026324_fde23bdf-394d-4f8d-8230-b11a4cf48160&ranked_content=true returned response: <Response [200]>
2021-08-08 20:24:18,814 - instabot version: 0.117.0 (api) - DEBUG - GET to endpoint: feed/user/13869174215/?max_id=2413524897803202468_13869174215&min_timestamp=None&rank_token=49051026324_fde23bdf-394d-4f8d-8230-b11a4cf48160&ranked_content=true returned response: <Response [200]>
2021-08-08 20:24:19,100 - instabot version: 0.117.0 (api) - DEBUG - GET to endpoint: feed/user/13869174215/?max_id=2409906390624474488_13869174215&min_timestamp=None&rank_token=49051026324_fde23bdf-394d-4f8d-8230-b11a4cf48160&ranked_content=true returned response: <Response [200]>
2021-08-08 20:24:19,360 - instabot version: 0.117.0 (api) - DEBUG - GET to endpoint: feed/user/13869174215/?max_id=2405847057270144376_13869174215&min_timestamp=None&rank_token=49051026324_fde23bdf-394d-4f8d-8230-b11a4cf48160&ranked_content=true returned response: <Response [200]>
2021-08-08 20:24:19,624 - instabot version: 0.117.0 (api) - DEBUG - GET to endpoint: feed/user/13869174215/?max_id=2401505681258824564_13869174215&min_timestamp=None&rank_token=49051026324_fde23bdf-394d-4f8d-8230-b11a4cf48160&ranked_content=true returned response: <Response [200]>
2021-08-08 20:24:19,956 - instabot version: 0.117.0 (api) - DEBUG - GET to endpoint: feed/user/13869174215/?max_id=2397861648174948548_13869174215&min_timestamp=None&rank_token=49051026324_fde23bdf-394d-4f8d-8230-b11a4cf48160&ranked_content=true returned response: <Response [200]>
2021-08-08 20:24:20,308 - instabot version: 0.117.0 (api) - DEBUG - GET to endpoint: feed/user/13869174215/?max_id=2394253763768774295_13869174215&min_timestamp=None&rank_token=49051026324_fde23bdf-394d-4f8d-8230-b11a4cf48160&ranked_content=true returned response: <Response [200]>
2021-08-08 20:24:20,654 - instabot version: 0.117.0 (api) - DEBUG - GET to endpoint: feed/user/13869174215/?max_id=2389568840218721122_13869174215&min_timestamp=None&rank_token=49051026324_fde23bdf-394d-4f8d-8230-b11a4cf48160&ranked_content=true returned response: <Response [200]>
2021-08-08 20:24:21,016 - instabot version: 0.117.0 (api) - DEBUG - GET to endpoint: feed/user/13869174215/?max_id=2385241224074730879_13869174215&min_timestamp=None&rank_token=49051026324_fde23bdf-394d-4f8d-8230-b11a4cf48160&ranked_content=true returned response: <Response [200]>
2021-08-08 20:24:21,352 - instabot version: 0.117.0 (api) - DEBUG - GET to endpoint: feed/user/13869174215/?max_id=2380896500597416876_13869174215&min_timestamp=None&rank_token=49051026324_fde23bdf-394d-4f8d-8230-b11a4cf48160&ranked_content=true returned response: <Response [200]>
2021-08-08 20:24:21,696 - instabot version: 0.117.0 (api) - DEBUG - GET to endpoint: feed/user/13869174215/?max_id=2376610224578887712_13869174215&min_timestamp=None&rank_token=49051026324_fde23bdf-394d-4f8d-8230-b11a4cf48160&ranked_content=true returned response: <Response [200]>
2021-08-08 20:24:21,988 - instabot version: 0.117.0 (api) - DEBUG - GET to endpoint: feed/user/13869174215/?max_id=2372194847807708285_13869174215&min_timestamp=None&rank_token=49051026324_fde23bdf-394d-4f8d-8230-b11a4cf48160&ranked_content=true returned response: <Response [200]>
2021-08-08 20:24:22,296 - instabot version: 0.117.0 (api) - DEBUG - GET to endpoint: feed/user/13869174215/?max_id=2368203814308597466_13869174215&min_timestamp=None&rank_token=49051026324_fde23bdf-394d-4f8d-8230-b11a4cf48160&ranked_content=true returned response: <Response [200]>
2021-08-08 20:24:22,596 - instabot version: 0.117.0 (api) - DEBUG - GET to endpoint: feed/user/13869174215/?max_id=2364221685417402943_13869174215&min_timestamp=None&rank_token=49051026324_fde23bdf-394d-4f8d-8230-b11a4cf48160&ranked_content=true returned response: <Response [200]>
2021-08-08 20:24:22,844 - instabot version: 0.117.0 (api) - DEBUG - GET to endpoint: feed/user/13869174215/?max_id=2360227530920065512_13869174215&min_timestamp=None&rank_token=49051026324_fde23bdf-394d-4f8d-8230-b11a4cf48160&ranked_content=true returned response: <Response [200]>
2021-08-08 20:24:23,142 - instabot version: 0.117.0 (api) - DEBUG - GET to endpoint: feed/user/13869174215/?max_id=2356258094605220585_13869174215&min_timestamp=None&rank_token=49051026324_fde23bdf-394d-4f8d-8230-b11a4cf48160&ranked_content=true returned response: <Response [200]>
2021-08-08 20:24:23,558 - instabot version: 0.117.0 (api) - DEBUG - GET to endpoint: feed/user/13869174215/?max_id=2352239842162056726_13869174215&min_timestamp=None&rank_token=49051026324_fde23bdf-394d-4f8d-8230-b11a4cf48160&ranked_content=true returned response: <Response [200]>
2021-08-08 20:24:23,930 - instabot version: 0.117.0 (api) - DEBUG - GET to endpoint: feed/user/13869174215/?max_id=2347932369305272038_13869174215&min_timestamp=None&rank_token=49051026324_fde23bdf-394d-4f8d-8230-b11a4cf48160&ranked_content=true returned response: <Response [200]>
2021-08-08 20:24:24,282 - instabot version: 0.117.0 (api) - DEBUG - GET to endpoint: feed/user/13869174215/?max_id=2343914126366376146_13869174215&min_timestamp=None&rank_token=49051026324_fde23bdf-394d-4f8d-8230-b11a4cf48160&ranked_content=true returned response: <Response [200]>
2021-08-08 20:24:24,616 - instabot version: 0.117.0 (api) - DEBUG - GET to endpoint: feed/user/13869174215/?max_id=2339924012896143170_13869174215&min_timestamp=None&rank_token=49051026324_fde23bdf-394d-4f8d-8230-b11a4cf48160&ranked_content=true returned response: <Response [200]>
2021-08-08 20:24:24,943 - instabot version: 0.117.0 (api) - DEBUG - GET to endpoint: feed/user/13869174215/?max_id=2335958209729438476_13869174215&min_timestamp=None&rank_token=49051026324_fde23bdf-394d-4f8d-8230-b11a4cf48160&ranked_content=true returned response: <Response [200]>
2021-08-08 20:24:25,252 - instabot version: 0.117.0 (api) - DEBUG - GET to endpoint: feed/user/13869174215/?max_id=2331607868460461757_13869174215&min_timestamp=None&rank_token=49051026324_fde23bdf-394d-4f8d-8230-b11a4cf48160&ranked_content=true returned response: <Response [200]>
2021-08-08 20:24:25,544 - instabot version: 0.117.0 (api) - DEBUG - GET to endpoint: feed/user/13869174215/?max_id=2328379235595971805_13869174215&min_timestamp=None&rank_token=49051026324_fde23bdf-394d-4f8d-8230-b11a4cf48160&ranked_content=true returned response: <Response [200]>
2021-08-08 20:24:25,883 - instabot version: 0.117.0 (api) - DEBUG - GET to endpoint: feed/user/13869174215/?max_id=2324730966164587660_13869174215&min_timestamp=None&rank_token=49051026324_fde23bdf-394d-4f8d-8230-b11a4cf48160&ranked_content=true returned response: <Response [200]>
2021-08-08 20:24:26,224 - instabot version: 0.117.0 (api) - DEBUG - GET to endpoint: feed/user/13869174215/?max_id=2321476199749453672_13869174215&min_timestamp=None&rank_token=49051026324_fde23bdf-394d-4f8d-8230-b11a4cf48160&ranked_content=true returned response: <Response [200]>
2021-08-08 20:24:26,499 - instabot version: 0.117.0 (api) - DEBUG - GET to endpoint: feed/user/13869174215/?max_id=2319285556990117401_13869174215&min_timestamp=None&rank_token=49051026324_fde23bdf-394d-4f8d-8230-b11a4cf48160&ranked_content=true returned response: <Response [200]>
2021-08-08 20:24:26,831 - instabot version: 0.117.0 (api) - DEBUG - GET to endpoint: feed/user/13869174215/?max_id=2316386269113203931_13869174215&min_timestamp=None&rank_token=49051026324_fde23bdf-394d-4f8d-8230-b11a4cf48160&ranked_content=true returned response: <Response [200]>
2021-08-08 20:24:27,113 - instabot version: 0.117.0 (api) - DEBUG - GET to endpoint: feed/user/13869174215/?max_id=2314193600110706263_13869174215&min_timestamp=None&rank_token=49051026324_fde23bdf-394d-4f8d-8230-b11a4cf48160&ranked_content=true returned response: <Response [200]>
2021-08-08 20:24:27,355 - instabot version: 0.117.0 (api) - DEBUG - GET to endpoint: feed/user/13869174215/?max_id=2312028881824274846_13869174215&min_timestamp=None&rank_token=49051026324_fde23bdf-394d-4f8d-8230-b11a4cf48160&ranked_content=true returned response: <Response [200]>
2021-08-08 20:24:27,628 - instabot version: 0.117.0 (api) - DEBUG - GET to endpoint: feed/user/13869174215/?max_id=2309881106688960121_13869174215&min_timestamp=None&rank_token=49051026324_fde23bdf-394d-4f8d-8230-b11a4cf48160&ranked_content=true returned response: <Response [200]>
2021-08-08 20:24:27,872 - instabot version: 0.117.0 (api) - DEBUG - GET to endpoint: feed/user/13869174215/?max_id=2307678900057530000_13869174215&min_timestamp=None&rank_token=49051026324_fde23bdf-394d-4f8d-8230-b11a4cf48160&ranked_content=true returned response: <Response [200]>
2021-08-08 20:24:28,228 - instabot version: 0.117.0 (api) - DEBUG - GET to endpoint: feed/user/13869174215/?max_id=2305509300993546291_13869174215&min_timestamp=None&rank_token=49051026324_fde23bdf-394d-4f8d-8230-b11a4cf48160&ranked_content=true returned response: <Response [200]>
2021-08-08 20:24:28,503 - instabot version: 0.117.0 (api) - DEBUG - GET to endpoint: feed/user/13869174215/?max_id=2303698722130083595_13869174215&min_timestamp=None&rank_token=49051026324_fde23bdf-394d-4f8d-8230-b11a4cf48160&ranked_content=true returned response: <Response [200]>
2021-08-08 20:24:28,754 - instabot version: 0.117.0 (api) - DEBUG - GET to endpoint: feed/user/13869174215/?max_id=2301141406520273147_13869174215&min_timestamp=None&rank_token=49051026324_fde23bdf-394d-4f8d-8230-b11a4cf48160&ranked_content=true returned response: <Response [200]>
2021-08-08 20:24:29,044 - instabot version: 0.117.0 (api) - DEBUG - GET to endpoint: feed/user/13869174215/?max_id=2298993503525843005_13869174215&min_timestamp=None&rank_token=49051026324_fde23bdf-394d-4f8d-8230-b11a4cf48160&ranked_content=true returned response: <Response [200]>
2021-08-08 20:24:29,317 - instabot version: 0.117.0 (api) - DEBUG - GET to endpoint: feed/user/13869174215/?max_id=2296813637426740298_13869174215&min_timestamp=None&rank_token=49051026324_fde23bdf-394d-4f8d-8230-b11a4cf48160&ranked_content=true returned response: <Response [200]>
2021-08-08 20:24:29,565 - instabot version: 0.117.0 (api) - DEBUG - GET to endpoint: feed/user/13869174215/?max_id=2294647399090917642_13869174215&min_timestamp=None&rank_token=49051026324_fde23bdf-394d-4f8d-8230-b11a4cf48160&ranked_content=true returned response: <Response [200]>
2021-08-08 20:24:29,822 - instabot version: 0.117.0 (api) - DEBUG - GET to endpoint: feed/user/13869174215/?max_id=2292479275767947776_13869174215&min_timestamp=None&rank_token=49051026324_fde23bdf-394d-4f8d-8230-b11a4cf48160&ranked_content=true returned response: <Response [200]>
2021-08-08 20:24:30,095 - instabot version: 0.117.0 (api) - DEBUG - GET to endpoint: feed/user/13869174215/?max_id=2290284605604301049_13869174215&min_timestamp=None&rank_token=49051026324_fde23bdf-394d-4f8d-8230-b11a4cf48160&ranked_content=true returned response: <Response [200]>
2021-08-08 20:24:30,420 - instabot version: 0.117.0 (api) - DEBUG - GET to endpoint: feed/user/13869174215/?max_id=2288117468345290666_13869174215&min_timestamp=None&rank_token=49051026324_fde23bdf-394d-4f8d-8230-b11a4cf48160&ranked_content=true returned response: <Response [200]>
2021-08-08 20:24:30,712 - instabot version: 0.117.0 (api) - DEBUG - GET to endpoint: feed/user/13869174215/?max_id=2285955834810109798_13869174215&min_timestamp=None&rank_token=49051026324_fde23bdf-394d-4f8d-8230-b11a4cf48160&ranked_content=true returned response: <Response [200]>
2021-08-08 20:24:31,041 - instabot version: 0.117.0 (api) - DEBUG - GET to endpoint: feed/user/13869174215/?max_id=2283415223997395841_13869174215&min_timestamp=None&rank_token=49051026324_fde23bdf-394d-4f8d-8230-b11a4cf48160&ranked_content=true returned response: <Response [200]>
2021-08-08 20:24:31,358 - instabot version: 0.117.0 (api) - DEBUG - GET to endpoint: feed/user/13869174215/?max_id=2281200995609818532_13869174215&min_timestamp=None&rank_token=49051026324_fde23bdf-394d-4f8d-8230-b11a4cf48160&ranked_content=true returned response: <Response [200]>
2021-08-08 20:24:31,686 - instabot version: 0.117.0 (api) - DEBUG - GET to endpoint: feed/user/13869174215/?max_id=2279044064098963779_13869174215&min_timestamp=None&rank_token=49051026324_fde23bdf-394d-4f8d-8230-b11a4cf48160&ranked_content=true returned response: <Response [200]>
2021-08-08 20:24:31,968 - instabot version: 0.117.0 (api) - DEBUG - GET to endpoint: feed/user/13869174215/?max_id=2276848883413051982_13869174215&min_timestamp=None&rank_token=49051026324_fde23bdf-394d-4f8d-8230-b11a4cf48160&ranked_content=true returned response: <Response [200]>
2021-08-08 20:24:32,323 - instabot version: 0.117.0 (api) - DEBUG - GET to endpoint: feed/user/13869174215/?max_id=2275105717928542365_13869174215&min_timestamp=None&rank_token=49051026324_fde23bdf-394d-4f8d-8230-b11a4cf48160&ranked_content=true returned response: <Response [200]>
2021-08-08 20:24:32,655 - instabot version: 0.117.0 (api) - DEBUG - GET to endpoint: feed/user/13869174215/?max_id=2272913518126101069_13869174215&min_timestamp=None&rank_token=49051026324_fde23bdf-394d-4f8d-8230-b11a4cf48160&ranked_content=true returned response: <Response [200]>
2021-08-08 20:24:32,946 - instabot version: 0.117.0 (api) - DEBUG - GET to endpoint: feed/user/13869174215/?max_id=2270380244401011081_13869174215&min_timestamp=None&rank_token=49051026324_fde23bdf-394d-4f8d-8230-b11a4cf48160&ranked_content=true returned response: <Response [200]>
2021-08-08 20:24:33,246 - instabot version: 0.117.0 (api) - DEBUG - GET to endpoint: feed/user/13869174215/?max_id=2267864754692595415_13869174215&min_timestamp=None&rank_token=49051026324_fde23bdf-394d-4f8d-8230-b11a4cf48160&ranked_content=true returned response: <Response [200]>
2021-08-08 20:24:33,547 - instabot version: 0.117.0 (api) - DEBUG - GET to endpoint: feed/user/13869174215/?max_id=2265569927863173338_13869174215&min_timestamp=None&rank_token=49051026324_fde23bdf-394d-4f8d-8230-b11a4cf48160&ranked_content=true returned response: <Response [200]>
2021-08-08 20:24:33,874 - instabot version: 0.117.0 (api) - DEBUG - GET to endpoint: feed/user/13869174215/?max_id=2263422735895422787_13869174215&min_timestamp=None&rank_token=49051026324_fde23bdf-394d-4f8d-8230-b11a4cf48160&ranked_content=true returned response: <Response [200]>
2021-08-08 20:24:34,151 - instabot version: 0.117.0 (api) - DEBUG - GET to endpoint: feed/user/13869174215/?max_id=2261642293601037769_13869174215&min_timestamp=None&rank_token=49051026324_fde23bdf-394d-4f8d-8230-b11a4cf48160&ranked_content=true returned response: <Response [200]>
2021-08-08 20:24:34,419 - instabot version: 0.117.0 (api) - DEBUG - GET to endpoint: feed/user/13869174215/?max_id=2259516959720006649_13869174215&min_timestamp=None&rank_token=49051026324_fde23bdf-394d-4f8d-8230-b11a4cf48160&ranked_content=true returned response: <Response [200]>
2021-08-08 20:24:34,699 - instabot version: 0.117.0 (api) - DEBUG - GET to endpoint: feed/user/13869174215/?max_id=2257282122435214448_13869174215&min_timestamp=None&rank_token=49051026324_fde23bdf-394d-4f8d-8230-b11a4cf48160&ranked_content=true returned response: <Response [200]>
2021-08-08 20:24:34,988 - instabot version: 0.117.0 (api) - DEBUG - GET to endpoint: feed/user/13869174215/?max_id=2255544951315479537_13869174215&min_timestamp=None&rank_token=49051026324_fde23bdf-394d-4f8d-8230-b11a4cf48160&ranked_content=true returned response: <Response [200]>
2021-08-08 20:24:35,318 - instabot version: 0.117.0 (api) - DEBUG - GET to endpoint: feed/user/13869174215/?max_id=2252999937985230814_13869174215&min_timestamp=None&rank_token=49051026324_fde23bdf-394d-4f8d-8230-b11a4cf48160&ranked_content=true returned response: <Response [200]>
2021-08-08 20:24:35,667 - instabot version: 0.117.0 (api) - DEBUG - GET to endpoint: feed/user/13869174215/?max_id=2250840962925613198_13869174215&min_timestamp=None&rank_token=49051026324_fde23bdf-394d-4f8d-8230-b11a4cf48160&ranked_content=true returned response: <Response [200]>
2021-08-08 20:24:35,981 - instabot version: 0.117.0 (api) - DEBUG - GET to endpoint: feed/user/13869174215/?max_id=2248652537275604318_13869174215&min_timestamp=None&rank_token=49051026324_fde23bdf-394d-4f8d-8230-b11a4cf48160&ranked_content=true returned response: <Response [200]>
2021-08-08 20:24:36,308 - instabot version: 0.117.0 (api) - DEBUG - GET to endpoint: feed/user/13869174215/?max_id=2245744852569688800_13869174215&min_timestamp=None&rank_token=49051026324_fde23bdf-394d-4f8d-8230-b11a4cf48160&ranked_content=true returned response: <Response [200]>
2021-08-08 20:24:36,616 - instabot version: 0.117.0 (api) - DEBUG - GET to endpoint: feed/user/13869174215/?max_id=2243508331120950980_13869174215&min_timestamp=None&rank_token=49051026324_fde23bdf-394d-4f8d-8230-b11a4cf48160&ranked_content=true returned response: <Response [200]>
2021-08-08 20:24:36,903 - instabot version: 0.117.0 (api) - DEBUG - GET to endpoint: feed/user/13869174215/?max_id=2241037100647821231_13869174215&min_timestamp=None&rank_token=49051026324_fde23bdf-394d-4f8d-8230-b11a4cf48160&ranked_content=true returned response: <Response [200]>
2021-08-08 20:24:37,173 - instabot version: 0.117.0 (api) - DEBUG - GET to endpoint: feed/user/13869174215/?max_id=2238872139167200337_13869174215&min_timestamp=None&rank_token=49051026324_fde23bdf-394d-4f8d-8230-b11a4cf48160&ranked_content=true returned response: <Response [200]>
2021-08-08 20:24:37,477 - instabot version: 0.117.0 (api) - DEBUG - GET to endpoint: feed/user/13869174215/?max_id=2235944676942533284_13869174215&min_timestamp=None&rank_token=49051026324_fde23bdf-394d-4f8d-8230-b11a4cf48160&ranked_content=true returned response: <Response [200]>
2021-08-08 20:24:37,785 - instabot version: 0.117.0 (api) - DEBUG - GET to endpoint: feed/user/13869174215/?max_id=2233816588645504128_13869174215&min_timestamp=None&rank_token=49051026324_fde23bdf-394d-4f8d-8230-b11a4cf48160&ranked_content=true returned response: <Response [200]>
2021-08-08 20:24:38,178 - instabot version: 0.117.0 (api) - DEBUG - GET to endpoint: feed/user/13869174215/?max_id=2231580339624961569_13869174215&min_timestamp=None&rank_token=49051026324_fde23bdf-394d-4f8d-8230-b11a4cf48160&ranked_content=true returned response: <Response [200]>
2021-08-08 20:24:38,455 - instabot version: 0.117.0 (api) - DEBUG - GET to endpoint: feed/user/13869174215/?max_id=2229277999211403835_13869174215&min_timestamp=None&rank_token=49051026324_fde23bdf-394d-4f8d-8230-b11a4cf48160&ranked_content=true returned response: <Response [200]>
2021-08-08 20:24:38,848 - instabot version: 0.117.0 (api) - DEBUG - GET to endpoint: feed/user/13869174215/?max_id=2226832641361247307_13869174215&min_timestamp=None&rank_token=49051026324_fde23bdf-394d-4f8d-8230-b11a4cf48160&ranked_content=true returned response: <Response [200]>
2021-08-08 20:24:39,105 - instabot version: 0.117.0 (api) - DEBUG - GET to endpoint: feed/user/13869174215/?max_id=2225107040698903571_13869174215&min_timestamp=None&rank_token=49051026324_fde23bdf-394d-4f8d-8230-b11a4cf48160&ranked_content=true returned response: <Response [200]>
2021-08-08 20:24:39,470 - instabot version: 0.117.0 (api) - DEBUG - GET to endpoint: feed/user/13869174215/?max_id=2223487028225646761_13869174215&min_timestamp=None&rank_token=49051026324_fde23bdf-394d-4f8d-8230-b11a4cf48160&ranked_content=true returned response: <Response [200]>
2021-08-08 20:24:39,784 - instabot version: 0.117.0 (api) - DEBUG - GET to endpoint: feed/user/13869174215/?max_id=2221400329203107780_13869174215&min_timestamp=None&rank_token=49051026324_fde23bdf-394d-4f8d-8230-b11a4cf48160&ranked_content=true returned response: <Response [200]>
2021-08-08 20:24:40,181 - instabot version: 0.117.0 (api) - DEBUG - GET to endpoint: feed/user/13869174215/?max_id=2219852942957491541_13869174215&min_timestamp=None&rank_token=49051026324_fde23bdf-394d-4f8d-8230-b11a4cf48160&ranked_content=true returned response: <Response [200]>
2021-08-08 20:24:40,477 - instabot version: 0.117.0 (api) - DEBUG - GET to endpoint: feed/user/13869174215/?max_id=2217605560870067102_13869174215&min_timestamp=None&rank_token=49051026324_fde23bdf-394d-4f8d-8230-b11a4cf48160&ranked_content=true returned response: <Response [200]>
2021-08-08 20:24:40,722 - instabot version: 0.117.0 (api) - DEBUG - GET to endpoint: feed/user/13869174215/?max_id=2215372736716788647_13869174215&min_timestamp=None&rank_token=49051026324_fde23bdf-394d-4f8d-8230-b11a4cf48160&ranked_content=true returned response: <Response [200]>
2021-08-08 20:24:40,995 - instabot version: 0.117.0 (api) - DEBUG - GET to endpoint: feed/user/13869174215/?max_id=2213487086606244743_13869174215&min_timestamp=None&rank_token=49051026324_fde23bdf-394d-4f8d-8230-b11a4cf48160&ranked_content=true returned response: <Response [200]>
2021-08-08 20:24:41,254 - instabot version: 0.117.0 (api) - DEBUG - GET to endpoint: feed/user/13869174215/?max_id=2211382866172234344_13869174215&min_timestamp=None&rank_token=49051026324_fde23bdf-394d-4f8d-8230-b11a4cf48160&ranked_content=true returned response: <Response [200]>
2021-08-08 20:24:41,534 - instabot version: 0.117.0 (api) - DEBUG - GET to endpoint: feed/user/13869174215/?max_id=2208821813630591191_13869174215&min_timestamp=None&rank_token=49051026324_fde23bdf-394d-4f8d-8230-b11a4cf48160&ranked_content=true returned response: <Response [200]>
2021-08-08 20:24:41,831 - instabot version: 0.117.0 (api) - DEBUG - GET to endpoint: feed/user/13869174215/?max_id=2205533247701853222_13869174215&min_timestamp=None&rank_token=49051026324_fde23bdf-394d-4f8d-8230-b11a4cf48160&ranked_content=true returned response: <Response [200]>
2021-08-08 20:24:42,151 - instabot version: 0.117.0 (api) - DEBUG - GET to endpoint: feed/user/13869174215/?max_id=2202244510988212128_13869174215&min_timestamp=None&rank_token=49051026324_fde23bdf-394d-4f8d-8230-b11a4cf48160&ranked_content=true returned response: <Response [200]>
2021-08-08 20:24:42,415 - instabot version: 0.117.0 (api) - DEBUG - GET to endpoint: feed/user/13869174215/?max_id=2198671066364553986_13869174215&min_timestamp=None&rank_token=49051026324_fde23bdf-394d-4f8d-8230-b11a4cf48160&ranked_content=true returned response: <Response [200]>
2021-08-08 20:24:42,675 - instabot version: 0.117.0 (api) - DEBUG - GET to endpoint: feed/user/13869174215/?max_id=2193569676452251516_13869174215&min_timestamp=None&rank_token=49051026324_fde23bdf-394d-4f8d-8230-b11a4cf48160&ranked_content=true returned response: <Response [200]>
2021-08-08 20:24:42,952 - instabot version: 0.117.0 (api) - DEBUG - GET to endpoint: feed/user/13869174215/?max_id=2188643408935258485_13869174215&min_timestamp=None&rank_token=49051026324_fde23bdf-394d-4f8d-8230-b11a4cf48160&ranked_content=true returned response: <Response [200]>
2021-08-08 20:24:43,189 - instabot version: 0.117.0 (api) - DEBUG - GET to endpoint: feed/user/13869174215/?max_id=2183817753131431701_13869174215&min_timestamp=None&rank_token=49051026324_fde23bdf-394d-4f8d-8230-b11a4cf48160&ranked_content=true returned response: <Response [200]>
2021-08-08 20:24:45,511 - instabot version: 0.117.0 (api) - DEBUG - GET to endpoint: media/2635703936055844989_13869174215/info/ returned response: <Response [200]>
2021-08-08 20:24:45,823 - instabot version: 0.117.0 (bot_checkpoint) - DEBUG - Saving Checkpoint file to: D:\Programming\2021\InstaBot/config/vocabexpansion.checkpoint
2021-08-08 20:24:45,824 - instabot version: 0.117.0 (bot) - INFO - Total requests: 1208
