2021-08-11 01:27:05,410 - instabot version: 0.117.0 (bot) - INFO - Instabot version: 0.117.0 Started
2021-08-11 01:27:05,411 - instabot version: 0.117.0 (bot) - DEBUG - Bot imported from C:\Users\skyem\AppData\Local\Programs\Python\Python39\lib\site-packages\instabot\bot\bot.py
2021-08-11 01:27:06,794 - instabot version: 0.117.0 (api_login) - INFO - Not yet logged in starting: PRE-LOGIN FLOW!
2021-08-11 01:27:07,192 - instabot version: 0.117.0 (api) - DEBUG - POST to endpoint: accounts/get_prefill_candidates/ returned response: <Response [200]>
2021-08-11 01:27:07,461 - instabot version: 0.117.0 (api) - DEBUG - POST to endpoint: qe/sync/ returned response: <Response [200]>
2021-08-11 01:27:07,722 - instabot version: 0.117.0 (api) - DEBUG - POST to endpoint: launcher/sync/ returned response: <Response [200]>
2021-08-11 01:27:07,968 - instabot version: 0.117.0 (api) - DEBUG - POST to endpoint: accounts/contact_point_prefill/ returned response: <Response [200]>
2021-08-11 01:27:09,858 - instabot version: 0.117.0 (api) - DEBUG - POST to endpoint: accounts/login/ returned response: <Response [200]>
2021-08-11 01:27:09,858 - instabot version: 0.117.0 (api) - INFO - Logged-in successfully as 'derbgang'!
2021-08-11 01:27:09,858 - instabot version: 0.117.0 (api_login) - INFO - LOGIN FLOW! Just logged-in: True
2021-08-11 01:27:10,150 - instabot version: 0.117.0 (api) - DEBUG - POST to endpoint: qe/sync/ returned response: <Response [200]>
2021-08-11 01:27:10,432 - instabot version: 0.117.0 (api) - DEBUG - POST to endpoint: launcher/sync/ returned response: <Response [200]>
2021-08-11 01:27:10,651 - instabot version: 0.117.0 (api) - DEBUG - GET to endpoint: zr/token/result/?device_id=android-482d8e988b586de3&token_hash=&custom_device_id=android-482d8e988b586de3&fetch_reason=token_expired returned response: <Response [200]>
2021-08-11 01:27:10,868 - instabot version: 0.117.0 (api) - DEBUG - GET to endpoint: multiple_accounts/get_account_family/ returned response: <Response [200]>
2021-08-11 01:27:11,103 - instabot version: 0.117.0 (api) - DEBUG - POST to endpoint: qe/sync/ returned response: <Response [200]>
2021-08-11 01:27:11,687 - instabot version: 0.117.0 (api) - DEBUG - GET to endpoint: igtv/browse_feed/?prefetch=1 returned response: <Response [200]>
2021-08-11 01:27:11,918 - instabot version: 0.117.0 (api) - DEBUG - POST to endpoint: creatives/ar_class/ returned response: <Response [200]>
2021-08-11 01:27:12,890 - instabot version: 0.117.0 (api) - DEBUG - POST to endpoint: feed/reels_tray/ returned response: <Response [200]>
2021-08-11 01:27:14,100 - instabot version: 0.117.0 (api) - DEBUG - POST to endpoint: feed/timeline/ returned response: <Response [200]>
2021-08-11 01:27:14,339 - instabot version: 0.117.0 (api) - DEBUG - GET to endpoint: media/blocked/ returned response: <Response [200]>
2021-08-11 01:27:15,358 - instabot version: 0.117.0 (api) - DEBUG - GET to endpoint: news/inbox/ returned response: <Response [200]>
2021-08-11 01:27:15,619 - instabot version: 0.117.0 (api) - DEBUG - GET to endpoint: loom/fetch_config/ returned response: <Response [200]>
2021-08-11 01:27:16,150 - instabot version: 0.117.0 (api) - DEBUG - GET to endpoint: scores/bootstrap/users/?surfaces=["autocomplete_user_list","coefficient_besties_list_ranking","coefficient_rank_recipient_user_suggestion","coefficient_ios_section_test_bootstrap_ranking","coefficient_direct_recipients_ranking_variant_2"] returned response: <Response [200]>
2021-08-11 01:27:16,424 - instabot version: 0.117.0 (api) - DEBUG - GET to endpoint: business/eligibility/get_monetization_products_eligibility_data/?product_types=branded_content returned response: <Response [200]>
2021-08-11 01:27:16,645 - instabot version: 0.117.0 (api) - DEBUG - GET to endpoint: business/branded_content/should_require_professional_account/ returned response: <Response [200]>
2021-08-11 01:27:16,881 - instabot version: 0.117.0 (api) - DEBUG - GET to endpoint: linked_accounts/get_linkage_status/ returned response: <Response [200]>
2021-08-11 01:27:17,124 - instabot version: 0.117.0 (api) - DEBUG - GET to endpoint: locations/request_country/ returned response: <Response [200]>
2021-08-11 01:27:17,350 - instabot version: 0.117.0 (api) - DEBUG - GET to endpoint: qp/get_cooldowns/?signed_body=signed_body=4b9c516a5410a3bc128e09c6104a7f042146b9c2023870560c63a43a7f66781c.4&ig_sig_key_version=4&ig_sig_key_version=4 returned response: <Response [200]>
2021-08-11 01:27:17,575 - instabot version: 0.117.0 (api) - DEBUG - GET to endpoint: users/arlink_download_info/?version_override=2.2.1 returned response: <Response [200]>
2021-08-11 01:27:17,930 - instabot version: 0.117.0 (api) - DEBUG - GET to endpoint: users/49050629623/info/ returned response: <Response [200]>
2021-08-11 01:27:18,562 - instabot version: 0.117.0 (api) - DEBUG - GET to endpoint: direct_v2/get_presence/ returned response: <Response [200]>
2021-08-11 01:27:19,187 - instabot version: 0.117.0 (api) - DEBUG - GET to endpoint: direct_v2/inbox/?visual_message_return_type=unseen&thread_message_limit=10&persistentBadging=true&limit=20 returned response: <Response [200]>
2021-08-11 01:27:19,462 - instabot version: 0.117.0 (api) - DEBUG - GET to endpoint: direct_v2/inbox/?visual_message_return_type=unseen&persistentBadging=true&limit=0 returned response: <Response [200]>
2021-08-11 01:27:21,242 - instabot version: 0.117.0 (api) - DEBUG - GET to endpoint: discover/topical_explore/?is_prefetch=true&omit_cover_media=true&use_sectional_payload=true&timezone_offset=0&session_id=29d522bb-a127-4878-8ba1-893be5256d80&include_fixed_destinations=true returned response: <Response [200]>
2021-08-11 01:27:21,488 - instabot version: 0.117.0 (api) - DEBUG - POST to endpoint: notifications/badge/ returned response: <Response [200]>
2021-08-11 01:27:21,797 - instabot version: 0.117.0 (api) - DEBUG - POST to endpoint: qp/batch_fetch/ returned response: <Response [200]>
2021-08-11 01:27:21,798 - instabot version: 0.117.0 (bot_checkpoint) - DEBUG - Loading Checkpoint file from: D:\Programming\2021\InstaBot/config/derbgang.checkpoint
2021-08-11 01:27:35,131 - instabot version: 0.117.0 (api) - DEBUG - GET to endpoint: users/savagerealms.jemima/usernameinfo/ returned response: <Response [200]>
2021-08-11 01:27:36,711 - instabot version: 0.117.0 (api) - DEBUG - GET to endpoint: feed/user/11903691706/?max_id=&min_timestamp=None&rank_token=49050629623_592ea5f6-613a-4dd2-a265-1ef4941b0c0a&ranked_content=true returned response: <Response [200]>
2021-08-11 01:27:37,387 - instabot version: 0.117.0 (api) - DEBUG - GET to endpoint: feed/user/11903691706/?max_id=2589614095055212282_11903691706&min_timestamp=None&rank_token=49050629623_592ea5f6-613a-4dd2-a265-1ef4941b0c0a&ranked_content=true returned response: <Response [200]>
2021-08-11 01:27:38,020 - instabot version: 0.117.0 (api) - DEBUG - GET to endpoint: feed/user/11903691706/?max_id=2546844263205701543_11903691706&min_timestamp=None&rank_token=49050629623_592ea5f6-613a-4dd2-a265-1ef4941b0c0a&ranked_content=true returned response: <Response [200]>
2021-08-11 01:27:38,717 - instabot version: 0.117.0 (api) - DEBUG - GET to endpoint: feed/user/11903691706/?max_id=2504089968475767028_11903691706&min_timestamp=None&rank_token=49050629623_592ea5f6-613a-4dd2-a265-1ef4941b0c0a&ranked_content=true returned response: <Response [200]>
2021-08-11 01:27:39,563 - instabot version: 0.117.0 (api) - DEBUG - GET to endpoint: feed/user/11903691706/?max_id=2481636672636564778_11903691706&min_timestamp=None&rank_token=49050629623_592ea5f6-613a-4dd2-a265-1ef4941b0c0a&ranked_content=true returned response: <Response [200]>
2021-08-11 01:27:40,359 - instabot version: 0.117.0 (api) - DEBUG - GET to endpoint: feed/user/11903691706/?max_id=2449790645995116267_11903691706&min_timestamp=None&rank_token=49050629623_592ea5f6-613a-4dd2-a265-1ef4941b0c0a&ranked_content=true returned response: <Response [200]>
2021-08-11 01:27:41,032 - instabot version: 0.117.0 (api) - DEBUG - GET to endpoint: feed/user/11903691706/?max_id=2418622022374716602_11903691706&min_timestamp=None&rank_token=49050629623_592ea5f6-613a-4dd2-a265-1ef4941b0c0a&ranked_content=true returned response: <Response [200]>
2021-08-11 01:27:41,797 - instabot version: 0.117.0 (api) - DEBUG - GET to endpoint: feed/user/11903691706/?max_id=2404833163803378008_11903691706&min_timestamp=None&rank_token=49050629623_592ea5f6-613a-4dd2-a265-1ef4941b0c0a&ranked_content=true returned response: <Response [200]>
2021-08-11 01:27:42,963 - instabot version: 0.117.0 (api) - DEBUG - GET to endpoint: feed/user/11903691706/?max_id=2393836932940241052_11903691706&min_timestamp=None&rank_token=49050629623_592ea5f6-613a-4dd2-a265-1ef4941b0c0a&ranked_content=true returned response: <Response [200]>
2021-08-11 01:27:43,724 - instabot version: 0.117.0 (api) - DEBUG - GET to endpoint: feed/user/11903691706/?max_id=2374251292317278856_11903691706&min_timestamp=None&rank_token=49050629623_592ea5f6-613a-4dd2-a265-1ef4941b0c0a&ranked_content=true returned response: <Response [200]>
2021-08-11 01:27:44,509 - instabot version: 0.117.0 (api) - DEBUG - GET to endpoint: feed/user/11903691706/?max_id=2367216812385838864_11903691706&min_timestamp=None&rank_token=49050629623_592ea5f6-613a-4dd2-a265-1ef4941b0c0a&ranked_content=true returned response: <Response [200]>
2021-08-11 01:27:45,286 - instabot version: 0.117.0 (api) - DEBUG - GET to endpoint: feed/user/11903691706/?max_id=2362777918613246077_11903691706&min_timestamp=None&rank_token=49050629623_592ea5f6-613a-4dd2-a265-1ef4941b0c0a&ranked_content=true returned response: <Response [200]>
2021-08-11 01:27:46,066 - instabot version: 0.117.0 (api) - DEBUG - GET to endpoint: feed/user/11903691706/?max_id=2358374579603762635_11903691706&min_timestamp=None&rank_token=49050629623_592ea5f6-613a-4dd2-a265-1ef4941b0c0a&ranked_content=true returned response: <Response [200]>
2021-08-11 01:27:46,792 - instabot version: 0.117.0 (api) - DEBUG - GET to endpoint: feed/user/11903691706/?max_id=2354793115234564372_11903691706&min_timestamp=None&rank_token=49050629623_592ea5f6-613a-4dd2-a265-1ef4941b0c0a&ranked_content=true returned response: <Response [200]>
2021-08-11 01:27:47,564 - instabot version: 0.117.0 (api) - DEBUG - GET to endpoint: feed/user/11903691706/?max_id=2350470910883181649_11903691706&min_timestamp=None&rank_token=49050629623_592ea5f6-613a-4dd2-a265-1ef4941b0c0a&ranked_content=true returned response: <Response [200]>
2021-08-11 01:27:48,332 - instabot version: 0.117.0 (api) - DEBUG - GET to endpoint: feed/user/11903691706/?max_id=2343953624554994548_11903691706&min_timestamp=None&rank_token=49050629623_592ea5f6-613a-4dd2-a265-1ef4941b0c0a&ranked_content=true returned response: <Response [200]>
2021-08-11 01:27:49,214 - instabot version: 0.117.0 (api) - DEBUG - GET to endpoint: feed/user/11903691706/?max_id=2340180248614939335_11903691706&min_timestamp=None&rank_token=49050629623_592ea5f6-613a-4dd2-a265-1ef4941b0c0a&ranked_content=true returned response: <Response [200]>
2021-08-11 01:27:50,070 - instabot version: 0.117.0 (api) - DEBUG - GET to endpoint: feed/user/11903691706/?max_id=2337353135499429186_11903691706&min_timestamp=None&rank_token=49050629623_592ea5f6-613a-4dd2-a265-1ef4941b0c0a&ranked_content=true returned response: <Response [200]>
2021-08-11 01:27:50,913 - instabot version: 0.117.0 (api) - DEBUG - GET to endpoint: feed/user/11903691706/?max_id=2333765418622414159_11903691706&min_timestamp=None&rank_token=49050629623_592ea5f6-613a-4dd2-a265-1ef4941b0c0a&ranked_content=true returned response: <Response [200]>
2021-08-11 01:27:51,831 - instabot version: 0.117.0 (api) - DEBUG - GET to endpoint: feed/user/11903691706/?max_id=2329368830571640461_11903691706&min_timestamp=None&rank_token=49050629623_592ea5f6-613a-4dd2-a265-1ef4941b0c0a&ranked_content=true returned response: <Response [200]>
2021-08-11 01:27:52,466 - instabot version: 0.117.0 (api) - DEBUG - GET to endpoint: feed/user/11903691706/?max_id=2317103032767590745_11903691706&min_timestamp=None&rank_token=49050629623_592ea5f6-613a-4dd2-a265-1ef4941b0c0a&ranked_content=true returned response: <Response [200]>
2021-08-11 01:27:53,416 - instabot version: 0.117.0 (api) - DEBUG - GET to endpoint: feed/user/11903691706/?max_id=2310695489606473092_11903691706&min_timestamp=None&rank_token=49050629623_592ea5f6-613a-4dd2-a265-1ef4941b0c0a&ranked_content=true returned response: <Response [200]>
2021-08-11 01:27:54,174 - instabot version: 0.117.0 (api) - DEBUG - GET to endpoint: feed/user/11903691706/?max_id=2305595880152441760_11903691706&min_timestamp=None&rank_token=49050629623_592ea5f6-613a-4dd2-a265-1ef4941b0c0a&ranked_content=true returned response: <Response [200]>
2021-08-11 01:27:55,035 - instabot version: 0.117.0 (api) - DEBUG - GET to endpoint: feed/user/11903691706/?max_id=2301214794676919301_11903691706&min_timestamp=None&rank_token=49050629623_592ea5f6-613a-4dd2-a265-1ef4941b0c0a&ranked_content=true returned response: <Response [200]>
2021-08-11 01:27:55,880 - instabot version: 0.117.0 (api) - DEBUG - GET to endpoint: feed/user/11903691706/?max_id=2296128691678526935_11903691706&min_timestamp=None&rank_token=49050629623_592ea5f6-613a-4dd2-a265-1ef4941b0c0a&ranked_content=true returned response: <Response [200]>
2021-08-11 01:27:56,893 - instabot version: 0.117.0 (api) - DEBUG - GET to endpoint: feed/user/11903691706/?max_id=2288915337885212710_11903691706&min_timestamp=None&rank_token=49050629623_592ea5f6-613a-4dd2-a265-1ef4941b0c0a&ranked_content=true returned response: <Response [200]>
2021-08-11 01:27:57,874 - instabot version: 0.117.0 (api) - DEBUG - GET to endpoint: feed/user/11903691706/?max_id=2283158334956919968_11903691706&min_timestamp=None&rank_token=49050629623_592ea5f6-613a-4dd2-a265-1ef4941b0c0a&ranked_content=true returned response: <Response [200]>
2021-08-11 01:27:58,820 - instabot version: 0.117.0 (api) - DEBUG - GET to endpoint: feed/user/11903691706/?max_id=2259923806746785037_11903691706&min_timestamp=None&rank_token=49050629623_592ea5f6-613a-4dd2-a265-1ef4941b0c0a&ranked_content=true returned response: <Response [200]>
2021-08-11 01:27:59,667 - instabot version: 0.117.0 (api) - DEBUG - GET to endpoint: feed/user/11903691706/?max_id=2254005344027422237_11903691706&min_timestamp=None&rank_token=49050629623_592ea5f6-613a-4dd2-a265-1ef4941b0c0a&ranked_content=true returned response: <Response [200]>
2021-08-11 01:28:00,499 - instabot version: 0.117.0 (api) - DEBUG - GET to endpoint: feed/user/11903691706/?max_id=2188824952287244054_11903691706&min_timestamp=None&rank_token=49050629623_592ea5f6-613a-4dd2-a265-1ef4941b0c0a&ranked_content=true returned response: <Response [200]>
2021-08-11 01:28:01,646 - instabot version: 0.117.0 (api) - DEBUG - GET to endpoint: feed/user/11903691706/?max_id=2179530985984972246_11903691706&min_timestamp=None&rank_token=49050629623_592ea5f6-613a-4dd2-a265-1ef4941b0c0a&ranked_content=true returned response: <Response [200]>
2021-08-11 01:28:02,137 - instabot version: 0.117.0 (api) - DEBUG - GET to endpoint: feed/user/11903691706/?max_id=2167156039925270625_11903691706&min_timestamp=None&rank_token=49050629623_592ea5f6-613a-4dd2-a265-1ef4941b0c0a&ranked_content=true returned response: <Response [200]>
2021-08-11 01:28:02,416 - instabot version: 0.117.0 (api) - DEBUG - GET to endpoint: users/vocabexpansion/usernameinfo/ returned response: <Response [200]>
2021-08-11 01:28:03,488 - instabot version: 0.117.0 (api) - DEBUG - GET to endpoint: media/2528785756816018880_11903691706/info/ returned response: <Response [200]>
2021-08-11 01:28:03,975 - instabot version: 0.117.0 (api) - DEBUG - POST to endpoint: direct_v2/threads/broadcast/media_share/ returned response: <Response [200]>
2021-08-11 01:28:04,442 - instabot version: 0.117.0 (api) - DEBUG - POST to endpoint: direct_v2/inbox/ returned response: <Response [200]>
2021-08-11 01:28:04,474 - instabot version: 0.117.0 (bot_checkpoint) - DEBUG - Saving Checkpoint file to: D:\Programming\2021\InstaBot/config/derbgang.checkpoint
2021-08-11 01:28:04,475 - instabot version: 0.117.0 (bot) - INFO - Total messages: 1/83
2021-08-11 01:28:04,475 - instabot version: 0.117.0 (bot) - INFO - Total requests: 1515
