2021-08-11 13:47:54,877 - instabot version: 0.117.0 (bot) - INFO - Instabot version: 0.117.0 Started
2021-08-11 13:47:54,877 - instabot version: 0.117.0 (bot) - DEBUG - Bot imported from C:\Users\skyem\AppData\Local\Programs\Python\Python39\lib\site-packages\instabot\bot\bot.py
2021-08-11 13:47:56,149 - instabot version: 0.117.0 (api_login) - INFO - Not yet logged in starting: PRE-LOGIN FLOW!
2021-08-11 13:47:56,376 - instabot version: 0.117.0 (api) - DEBUG - POST to endpoint: accounts/get_prefill_candidates/ returned response: <Response [200]>
2021-08-11 13:47:56,668 - instabot version: 0.117.0 (api) - DEBUG - POST to endpoint: qe/sync/ returned response: <Response [200]>
2021-08-11 13:47:56,857 - instabot version: 0.117.0 (api) - DEBUG - POST to endpoint: launcher/sync/ returned response: <Response [200]>
2021-08-11 13:47:57,036 - instabot version: 0.117.0 (api) - DEBUG - POST to endpoint: accounts/contact_point_prefill/ returned response: <Response [200]>
2021-08-11 13:47:58,984 - instabot version: 0.117.0 (api) - DEBUG - POST to endpoint: accounts/login/ returned response: <Response [200]>
2021-08-11 13:47:58,984 - instabot version: 0.117.0 (api) - INFO - Logged-in successfully as 'derbgang'!
2021-08-11 13:47:58,984 - instabot version: 0.117.0 (api_login) - INFO - LOGIN FLOW! Just logged-in: True
2021-08-11 13:47:59,150 - instabot version: 0.117.0 (api) - DEBUG - POST to endpoint: qe/sync/ returned response: <Response [200]>
2021-08-11 13:47:59,330 - instabot version: 0.117.0 (api) - DEBUG - POST to endpoint: launcher/sync/ returned response: <Response [200]>
2021-08-11 13:47:59,533 - instabot version: 0.117.0 (api) - DEBUG - GET to endpoint: zr/token/result/?device_id=android-482d8e988b586de3&token_hash=&custom_device_id=android-482d8e988b586de3&fetch_reason=token_expired returned response: <Response [200]>
2021-08-11 13:47:59,695 - instabot version: 0.117.0 (api) - DEBUG - GET to endpoint: multiple_accounts/get_account_family/ returned response: <Response [200]>
2021-08-11 13:47:59,844 - instabot version: 0.117.0 (api) - DEBUG - POST to endpoint: qe/sync/ returned response: <Response [200]>
2021-08-11 13:48:00,212 - instabot version: 0.117.0 (api) - DEBUG - GET to endpoint: igtv/browse_feed/?prefetch=1 returned response: <Response [200]>
2021-08-11 13:48:00,364 - instabot version: 0.117.0 (api) - DEBUG - POST to endpoint: creatives/ar_class/ returned response: <Response [200]>
2021-08-11 13:48:00,727 - instabot version: 0.117.0 (api) - DEBUG - POST to endpoint: feed/reels_tray/ returned response: <Response [200]>
2021-08-11 13:48:01,765 - instabot version: 0.117.0 (api) - DEBUG - POST to endpoint: feed/timeline/ returned response: <Response [200]>
2021-08-11 13:48:01,943 - instabot version: 0.117.0 (api) - DEBUG - GET to endpoint: media/blocked/ returned response: <Response [200]>
2021-08-11 13:48:02,511 - instabot version: 0.117.0 (api) - DEBUG - GET to endpoint: news/inbox/ returned response: <Response [200]>
2021-08-11 13:48:02,725 - instabot version: 0.117.0 (api) - DEBUG - GET to endpoint: loom/fetch_config/ returned response: <Response [200]>
2021-08-11 13:48:03,042 - instabot version: 0.117.0 (api) - DEBUG - GET to endpoint: scores/bootstrap/users/?surfaces=["autocomplete_user_list","coefficient_besties_list_ranking","coefficient_rank_recipient_user_suggestion","coefficient_ios_section_test_bootstrap_ranking","coefficient_direct_recipients_ranking_variant_2"] returned response: <Response [200]>
2021-08-11 13:48:03,215 - instabot version: 0.117.0 (api) - DEBUG - GET to endpoint: business/eligibility/get_monetization_products_eligibility_data/?product_types=branded_content returned response: <Response [200]>
2021-08-11 13:48:03,356 - instabot version: 0.117.0 (api) - DEBUG - GET to endpoint: business/branded_content/should_require_professional_account/ returned response: <Response [200]>
2021-08-11 13:48:03,508 - instabot version: 0.117.0 (api) - DEBUG - GET to endpoint: linked_accounts/get_linkage_status/ returned response: <Response [200]>
2021-08-11 13:48:03,658 - instabot version: 0.117.0 (api) - DEBUG - GET to endpoint: locations/request_country/ returned response: <Response [200]>
2021-08-11 13:48:03,827 - instabot version: 0.117.0 (api) - DEBUG - GET to endpoint: qp/get_cooldowns/?signed_body=signed_body=4b9c516a5410a3bc128e09c6104a7f042146b9c2023870560c63a43a7f66781c.4&ig_sig_key_version=4&ig_sig_key_version=4 returned response: <Response [200]>
2021-08-11 13:48:04,004 - instabot version: 0.117.0 (api) - DEBUG - GET to endpoint: users/arlink_download_info/?version_override=2.2.1 returned response: <Response [200]>
2021-08-11 13:48:04,340 - instabot version: 0.117.0 (api) - DEBUG - GET to endpoint: users/49050629623/info/ returned response: <Response [200]>
2021-08-11 13:48:04,717 - instabot version: 0.117.0 (api) - DEBUG - GET to endpoint: direct_v2/get_presence/ returned response: <Response [200]>
2021-08-11 13:48:05,301 - instabot version: 0.117.0 (api) - DEBUG - GET to endpoint: direct_v2/inbox/?visual_message_return_type=unseen&thread_message_limit=10&persistentBadging=true&limit=20 returned response: <Response [200]>
2021-08-11 13:48:05,484 - instabot version: 0.117.0 (api) - DEBUG - GET to endpoint: direct_v2/inbox/?visual_message_return_type=unseen&persistentBadging=true&limit=0 returned response: <Response [200]>
2021-08-11 13:48:05,747 - instabot version: 0.117.0 (api) - DEBUG - GET to endpoint: discover/topical_explore/?is_prefetch=true&omit_cover_media=true&use_sectional_payload=true&timezone_offset=0&session_id=9e579b5e-082a-4dd7-aaa3-58e79675c56b&include_fixed_destinations=true returned response: <Response [200]>
2021-08-11 13:48:05,947 - instabot version: 0.117.0 (api) - DEBUG - POST to endpoint: notifications/badge/ returned response: <Response [200]>
2021-08-11 13:48:06,362 - instabot version: 0.117.0 (api) - DEBUG - POST to endpoint: qp/batch_fetch/ returned response: <Response [200]>
2021-08-11 13:48:06,363 - instabot version: 0.117.0 (bot_checkpoint) - DEBUG - Loading Checkpoint file from: D:\Programming\2021\InstaBot/config/derbgang.checkpoint
2021-08-11 13:48:20,065 - instabot version: 0.117.0 (api) - DEBUG - GET to endpoint: users/cursed.image5/usernameinfo/ returned response: <Response [200]>
2021-08-11 13:48:20,941 - instabot version: 0.117.0 (api) - DEBUG - GET to endpoint: feed/user/13869174215/?max_id=&min_timestamp=None&rank_token=49050629623_bcb7d79c-cd76-427d-9bb7-542705e92b2c&ranked_content=true returned response: <Response [200]>
2021-08-11 13:48:21,200 - instabot version: 0.117.0 (api) - DEBUG - GET to endpoint: feed/user/13869174215/?max_id=2629181072762666030_13869174215&min_timestamp=None&rank_token=49050629623_bcb7d79c-cd76-427d-9bb7-542705e92b2c&ranked_content=true returned response: <Response [200]>
2021-08-11 13:48:21,457 - instabot version: 0.117.0 (api) - DEBUG - GET to endpoint: feed/user/13869174215/?max_id=2621208872059607458_13869174215&min_timestamp=None&rank_token=49050629623_bcb7d79c-cd76-427d-9bb7-542705e92b2c&ranked_content=true returned response: <Response [200]>
2021-08-11 13:48:21,767 - instabot version: 0.117.0 (api) - DEBUG - GET to endpoint: feed/user/13869174215/?max_id=2616759043862522538_13869174215&min_timestamp=None&rank_token=49050629623_bcb7d79c-cd76-427d-9bb7-542705e92b2c&ranked_content=true returned response: <Response [200]>
2021-08-11 13:48:22,065 - instabot version: 0.117.0 (api) - DEBUG - GET to endpoint: feed/user/13869174215/?max_id=2613147709832808322_13869174215&min_timestamp=None&rank_token=49050629623_bcb7d79c-cd76-427d-9bb7-542705e92b2c&ranked_content=true returned response: <Response [200]>
2021-08-11 13:48:22,355 - instabot version: 0.117.0 (api) - DEBUG - GET to endpoint: feed/user/13869174215/?max_id=2609516289222600962_13869174215&min_timestamp=None&rank_token=49050629623_bcb7d79c-cd76-427d-9bb7-542705e92b2c&ranked_content=true returned response: <Response [200]>
2021-08-11 13:48:22,665 - instabot version: 0.117.0 (api) - DEBUG - GET to endpoint: feed/user/13869174215/?max_id=2605552756672575729_13869174215&min_timestamp=None&rank_token=49050629623_bcb7d79c-cd76-427d-9bb7-542705e92b2c&ranked_content=true returned response: <Response [200]>
2021-08-11 13:48:22,908 - instabot version: 0.117.0 (api) - DEBUG - GET to endpoint: feed/user/13869174215/?max_id=2601926433702080708_13869174215&min_timestamp=None&rank_token=49050629623_bcb7d79c-cd76-427d-9bb7-542705e92b2c&ranked_content=true returned response: <Response [200]>
2021-08-11 13:48:23,167 - instabot version: 0.117.0 (api) - DEBUG - GET to endpoint: feed/user/13869174215/?max_id=2597925137977647050_13869174215&min_timestamp=None&rank_token=49050629623_bcb7d79c-cd76-427d-9bb7-542705e92b2c&ranked_content=true returned response: <Response [200]>
2021-08-11 13:48:23,489 - instabot version: 0.117.0 (api) - DEBUG - GET to endpoint: feed/user/13869174215/?max_id=2593953811169093453_13869174215&min_timestamp=None&rank_token=49050629623_bcb7d79c-cd76-427d-9bb7-542705e92b2c&ranked_content=true returned response: <Response [200]>
2021-08-11 13:48:23,785 - instabot version: 0.117.0 (api) - DEBUG - GET to endpoint: feed/user/13869174215/?max_id=2589939804252569428_13869174215&min_timestamp=None&rank_token=49050629623_bcb7d79c-cd76-427d-9bb7-542705e92b2c&ranked_content=true returned response: <Response [200]>
2021-08-11 13:48:24,110 - instabot version: 0.117.0 (api) - DEBUG - GET to endpoint: feed/user/13869174215/?max_id=2585983727851050783_13869174215&min_timestamp=None&rank_token=49050629623_bcb7d79c-cd76-427d-9bb7-542705e92b2c&ranked_content=true returned response: <Response [200]>
2021-08-11 13:48:24,430 - instabot version: 0.117.0 (api) - DEBUG - GET to endpoint: feed/user/13869174215/?max_id=2581977330643066357_13869174215&min_timestamp=None&rank_token=49050629623_bcb7d79c-cd76-427d-9bb7-542705e92b2c&ranked_content=true returned response: <Response [200]>
2021-08-11 13:48:24,828 - instabot version: 0.117.0 (api) - DEBUG - GET to endpoint: feed/user/13869174215/?max_id=2578356219848712575_13869174215&min_timestamp=None&rank_token=49050629623_bcb7d79c-cd76-427d-9bb7-542705e92b2c&ranked_content=true returned response: <Response [200]>
2021-08-11 13:48:25,121 - instabot version: 0.117.0 (api) - DEBUG - GET to endpoint: feed/user/13869174215/?max_id=2574354651593651332_13869174215&min_timestamp=None&rank_token=49050629623_bcb7d79c-cd76-427d-9bb7-542705e92b2c&ranked_content=true returned response: <Response [200]>
2021-08-11 13:48:25,433 - instabot version: 0.117.0 (api) - DEBUG - GET to endpoint: feed/user/13869174215/?max_id=2570368321685991344_13869174215&min_timestamp=None&rank_token=49050629623_bcb7d79c-cd76-427d-9bb7-542705e92b2c&ranked_content=true returned response: <Response [200]>
2021-08-11 13:48:25,772 - instabot version: 0.117.0 (api) - DEBUG - GET to endpoint: feed/user/13869174215/?max_id=2566412257793882806_13869174215&min_timestamp=None&rank_token=49050629623_bcb7d79c-cd76-427d-9bb7-542705e92b2c&ranked_content=true returned response: <Response [200]>
2021-08-11 13:48:26,070 - instabot version: 0.117.0 (api) - DEBUG - GET to endpoint: feed/user/13869174215/?max_id=2562413403647561569_13869174215&min_timestamp=None&rank_token=49050629623_bcb7d79c-cd76-427d-9bb7-542705e92b2c&ranked_content=true returned response: <Response [200]>
2021-08-11 13:48:26,374 - instabot version: 0.117.0 (api) - DEBUG - GET to endpoint: feed/user/13869174215/?max_id=2558439844894621752_13869174215&min_timestamp=None&rank_token=49050629623_bcb7d79c-cd76-427d-9bb7-542705e92b2c&ranked_content=true returned response: <Response [200]>
2021-08-11 13:48:26,678 - instabot version: 0.117.0 (api) - DEBUG - GET to endpoint: feed/user/13869174215/?max_id=2554425769581476115_13869174215&min_timestamp=None&rank_token=49050629623_bcb7d79c-cd76-427d-9bb7-542705e92b2c&ranked_content=true returned response: <Response [200]>
2021-08-11 13:48:27,019 - instabot version: 0.117.0 (api) - DEBUG - GET to endpoint: feed/user/13869174215/?max_id=2550465993228828833_13869174215&min_timestamp=None&rank_token=49050629623_bcb7d79c-cd76-427d-9bb7-542705e92b2c&ranked_content=true returned response: <Response [200]>
2021-08-11 13:48:27,441 - instabot version: 0.117.0 (api) - DEBUG - GET to endpoint: feed/user/13869174215/?max_id=2547195646658663574_13869174215&min_timestamp=None&rank_token=49050629623_bcb7d79c-cd76-427d-9bb7-542705e92b2c&ranked_content=true returned response: <Response [200]>
2021-08-11 13:48:27,735 - instabot version: 0.117.0 (api) - DEBUG - GET to endpoint: feed/user/13869174215/?max_id=2543911543202859673_13869174215&min_timestamp=None&rank_token=49050629623_bcb7d79c-cd76-427d-9bb7-542705e92b2c&ranked_content=true returned response: <Response [200]>
2021-08-11 13:48:28,098 - instabot version: 0.117.0 (api) - DEBUG - GET to endpoint: feed/user/13869174215/?max_id=2539927797112221670_13869174215&min_timestamp=None&rank_token=49050629623_bcb7d79c-cd76-427d-9bb7-542705e92b2c&ranked_content=true returned response: <Response [200]>
2021-08-11 13:48:28,391 - instabot version: 0.117.0 (api) - DEBUG - GET to endpoint: feed/user/13869174215/?max_id=2536346657829765845_13869174215&min_timestamp=None&rank_token=49050629623_bcb7d79c-cd76-427d-9bb7-542705e92b2c&ranked_content=true returned response: <Response [200]>
2021-08-11 13:48:28,692 - instabot version: 0.117.0 (api) - DEBUG - GET to endpoint: feed/user/13869174215/?max_id=2532388100305317353_13869174215&min_timestamp=None&rank_token=49050629623_bcb7d79c-cd76-427d-9bb7-542705e92b2c&ranked_content=true returned response: <Response [200]>
2021-08-11 13:48:28,988 - instabot version: 0.117.0 (api) - DEBUG - GET to endpoint: feed/user/13869174215/?max_id=2528723965214281856_13869174215&min_timestamp=None&rank_token=49050629623_bcb7d79c-cd76-427d-9bb7-542705e92b2c&ranked_content=true returned response: <Response [200]>
2021-08-11 13:48:29,313 - instabot version: 0.117.0 (api) - DEBUG - GET to endpoint: feed/user/13869174215/?max_id=2524737718122154542_13869174215&min_timestamp=None&rank_token=49050629623_bcb7d79c-cd76-427d-9bb7-542705e92b2c&ranked_content=true returned response: <Response [200]>
2021-08-11 13:48:29,680 - instabot version: 0.117.0 (api) - DEBUG - GET to endpoint: feed/user/13869174215/?max_id=2521121500224829390_13869174215&min_timestamp=None&rank_token=49050629623_bcb7d79c-cd76-427d-9bb7-542705e92b2c&ranked_content=true returned response: <Response [200]>
2021-08-11 13:48:30,062 - instabot version: 0.117.0 (api) - DEBUG - GET to endpoint: feed/user/13869174215/?max_id=2517505088604579432_13869174215&min_timestamp=None&rank_token=49050629623_bcb7d79c-cd76-427d-9bb7-542705e92b2c&ranked_content=true returned response: <Response [200]>
2021-08-11 13:48:30,552 - instabot version: 0.117.0 (api) - DEBUG - GET to endpoint: feed/user/13869174215/?max_id=2514258641577552052_13869174215&min_timestamp=None&rank_token=49050629623_bcb7d79c-cd76-427d-9bb7-542705e92b2c&ranked_content=true returned response: <Response [200]>
2021-08-11 13:48:30,888 - instabot version: 0.117.0 (api) - DEBUG - GET to endpoint: feed/user/13869174215/?max_id=2510964401171982872_13869174215&min_timestamp=None&rank_token=49050629623_bcb7d79c-cd76-427d-9bb7-542705e92b2c&ranked_content=true returned response: <Response [200]>
2021-08-11 13:48:31,191 - instabot version: 0.117.0 (api) - DEBUG - GET to endpoint: feed/user/13869174215/?max_id=2507445810260067328_13869174215&min_timestamp=None&rank_token=49050629623_bcb7d79c-cd76-427d-9bb7-542705e92b2c&ranked_content=true returned response: <Response [200]>
2021-08-11 13:48:31,500 - instabot version: 0.117.0 (api) - DEBUG - GET to endpoint: feed/user/13869174215/?max_id=2503356857562107324_13869174215&min_timestamp=None&rank_token=49050629623_bcb7d79c-cd76-427d-9bb7-542705e92b2c&ranked_content=true returned response: <Response [200]>
2021-08-11 13:48:31,796 - instabot version: 0.117.0 (api) - DEBUG - GET to endpoint: feed/user/13869174215/?max_id=2500943117584641281_13869174215&min_timestamp=None&rank_token=49050629623_bcb7d79c-cd76-427d-9bb7-542705e92b2c&ranked_content=true returned response: <Response [200]>
2021-08-11 13:48:32,161 - instabot version: 0.117.0 (api) - DEBUG - GET to endpoint: feed/user/13869174215/?max_id=2498283431010294463_13869174215&min_timestamp=None&rank_token=49050629623_bcb7d79c-cd76-427d-9bb7-542705e92b2c&ranked_content=true returned response: <Response [200]>
2021-08-11 13:48:32,517 - instabot version: 0.117.0 (api) - DEBUG - GET to endpoint: feed/user/13869174215/?max_id=2495761810779660771_13869174215&min_timestamp=None&rank_token=49050629623_bcb7d79c-cd76-427d-9bb7-542705e92b2c&ranked_content=true returned response: <Response [200]>
2021-08-11 13:48:32,823 - instabot version: 0.117.0 (api) - DEBUG - GET to endpoint: feed/user/13869174215/?max_id=2492896690635740047_13869174215&min_timestamp=None&rank_token=49050629623_bcb7d79c-cd76-427d-9bb7-542705e92b2c&ranked_content=true returned response: <Response [200]>
2021-08-11 13:48:33,125 - instabot version: 0.117.0 (api) - DEBUG - GET to endpoint: feed/user/13869174215/?max_id=2490035805613357200_13869174215&min_timestamp=None&rank_token=49050629623_bcb7d79c-cd76-427d-9bb7-542705e92b2c&ranked_content=true returned response: <Response [200]>
2021-08-11 13:48:33,382 - instabot version: 0.117.0 (api) - DEBUG - GET to endpoint: feed/user/13869174215/?max_id=2486732359787741412_13869174215&min_timestamp=None&rank_token=49050629623_bcb7d79c-cd76-427d-9bb7-542705e92b2c&ranked_content=true returned response: <Response [200]>
2021-08-11 13:48:33,695 - instabot version: 0.117.0 (api) - DEBUG - GET to endpoint: feed/user/13869174215/?max_id=2482720829293601208_13869174215&min_timestamp=None&rank_token=49050629623_bcb7d79c-cd76-427d-9bb7-542705e92b2c&ranked_content=true returned response: <Response [200]>
2021-08-11 13:48:33,967 - instabot version: 0.117.0 (api) - DEBUG - GET to endpoint: feed/user/13869174215/?max_id=2478752239038765168_13869174215&min_timestamp=None&rank_token=49050629623_bcb7d79c-cd76-427d-9bb7-542705e92b2c&ranked_content=true returned response: <Response [200]>
2021-08-11 13:48:34,252 - instabot version: 0.117.0 (api) - DEBUG - GET to endpoint: feed/user/13869174215/?max_id=2475118222951480584_13869174215&min_timestamp=None&rank_token=49050629623_bcb7d79c-cd76-427d-9bb7-542705e92b2c&ranked_content=true returned response: <Response [200]>
2021-08-11 13:48:34,533 - instabot version: 0.117.0 (api) - DEBUG - GET to endpoint: feed/user/13869174215/?max_id=2471101842343410664_13869174215&min_timestamp=None&rank_token=49050629623_bcb7d79c-cd76-427d-9bb7-542705e92b2c&ranked_content=true returned response: <Response [200]>
2021-08-11 13:48:34,829 - instabot version: 0.117.0 (api) - DEBUG - GET to endpoint: feed/user/13869174215/?max_id=2467518227559871289_13869174215&min_timestamp=None&rank_token=49050629623_bcb7d79c-cd76-427d-9bb7-542705e92b2c&ranked_content=true returned response: <Response [200]>
2021-08-11 13:48:35,116 - instabot version: 0.117.0 (api) - DEBUG - GET to endpoint: feed/user/13869174215/?max_id=2463549501526183565_13869174215&min_timestamp=None&rank_token=49050629623_bcb7d79c-cd76-427d-9bb7-542705e92b2c&ranked_content=true returned response: <Response [200]>
2021-08-11 13:48:35,409 - instabot version: 0.117.0 (api) - DEBUG - GET to endpoint: feed/user/13869174215/?max_id=2459530545717158185_13869174215&min_timestamp=None&rank_token=49050629623_bcb7d79c-cd76-427d-9bb7-542705e92b2c&ranked_content=true returned response: <Response [200]>
2021-08-11 13:48:35,683 - instabot version: 0.117.0 (api) - DEBUG - GET to endpoint: feed/user/13869174215/?max_id=2455579668374307892_13869174215&min_timestamp=None&rank_token=49050629623_bcb7d79c-cd76-427d-9bb7-542705e92b2c&ranked_content=true returned response: <Response [200]>
2021-08-11 13:48:35,951 - instabot version: 0.117.0 (api) - DEBUG - GET to endpoint: feed/user/13869174215/?max_id=2451618429724054352_13869174215&min_timestamp=None&rank_token=49050629623_bcb7d79c-cd76-427d-9bb7-542705e92b2c&ranked_content=true returned response: <Response [200]>
2021-08-11 13:48:36,225 - instabot version: 0.117.0 (api) - DEBUG - GET to endpoint: feed/user/13869174215/?max_id=2447614536338001877_13869174215&min_timestamp=None&rank_token=49050629623_bcb7d79c-cd76-427d-9bb7-542705e92b2c&ranked_content=true returned response: <Response [200]>
2021-08-11 13:48:36,544 - instabot version: 0.117.0 (api) - DEBUG - GET to endpoint: feed/user/13869174215/?max_id=2443464688237889437_13869174215&min_timestamp=None&rank_token=49050629623_bcb7d79c-cd76-427d-9bb7-542705e92b2c&ranked_content=true returned response: <Response [200]>
2021-08-11 13:48:36,797 - instabot version: 0.117.0 (api) - DEBUG - GET to endpoint: feed/user/13869174215/?max_id=2439617310992844088_13869174215&min_timestamp=None&rank_token=49050629623_bcb7d79c-cd76-427d-9bb7-542705e92b2c&ranked_content=true returned response: <Response [200]>
2021-08-11 13:48:37,058 - instabot version: 0.117.0 (api) - DEBUG - GET to endpoint: feed/user/13869174215/?max_id=2435815706958500677_13869174215&min_timestamp=None&rank_token=49050629623_bcb7d79c-cd76-427d-9bb7-542705e92b2c&ranked_content=true returned response: <Response [200]>
2021-08-11 13:48:37,391 - instabot version: 0.117.0 (api) - DEBUG - GET to endpoint: feed/user/13869174215/?max_id=2431996577125033474_13869174215&min_timestamp=None&rank_token=49050629623_bcb7d79c-cd76-427d-9bb7-542705e92b2c&ranked_content=true returned response: <Response [200]>
2021-08-11 13:48:37,665 - instabot version: 0.117.0 (api) - DEBUG - GET to endpoint: feed/user/13869174215/?max_id=2428043070745097829_13869174215&min_timestamp=None&rank_token=49050629623_bcb7d79c-cd76-427d-9bb7-542705e92b2c&ranked_content=true returned response: <Response [200]>
2021-08-11 13:48:37,998 - instabot version: 0.117.0 (api) - DEBUG - GET to endpoint: feed/user/13869174215/?max_id=2424716096599989952_13869174215&min_timestamp=None&rank_token=49050629623_bcb7d79c-cd76-427d-9bb7-542705e92b2c&ranked_content=true returned response: <Response [200]>
2021-08-11 13:48:38,321 - instabot version: 0.117.0 (api) - DEBUG - GET to endpoint: feed/user/13869174215/?max_id=2421771708858715939_13869174215&min_timestamp=None&rank_token=49050629623_bcb7d79c-cd76-427d-9bb7-542705e92b2c&ranked_content=true returned response: <Response [200]>
2021-08-11 13:48:38,591 - instabot version: 0.117.0 (api) - DEBUG - GET to endpoint: feed/user/13869174215/?max_id=2418408328667847128_13869174215&min_timestamp=None&rank_token=49050629623_bcb7d79c-cd76-427d-9bb7-542705e92b2c&ranked_content=true returned response: <Response [200]>
2021-08-11 13:48:38,906 - instabot version: 0.117.0 (api) - DEBUG - GET to endpoint: feed/user/13869174215/?max_id=2414531515888226561_13869174215&min_timestamp=None&rank_token=49050629623_bcb7d79c-cd76-427d-9bb7-542705e92b2c&ranked_content=true returned response: <Response [200]>
2021-08-11 13:48:39,170 - instabot version: 0.117.0 (api) - DEBUG - GET to endpoint: feed/user/13869174215/?max_id=2410927791542485197_13869174215&min_timestamp=None&rank_token=49050629623_bcb7d79c-cd76-427d-9bb7-542705e92b2c&ranked_content=true returned response: <Response [200]>
2021-08-11 13:48:39,448 - instabot version: 0.117.0 (api) - DEBUG - GET to endpoint: feed/user/13869174215/?max_id=2406991883320247136_13869174215&min_timestamp=None&rank_token=49050629623_bcb7d79c-cd76-427d-9bb7-542705e92b2c&ranked_content=true returned response: <Response [200]>
2021-08-11 13:48:39,702 - instabot version: 0.117.0 (api) - DEBUG - GET to endpoint: feed/user/13869174215/?max_id=2402644391570071297_13869174215&min_timestamp=None&rank_token=49050629623_bcb7d79c-cd76-427d-9bb7-542705e92b2c&ranked_content=true returned response: <Response [200]>
2021-08-11 13:48:40,002 - instabot version: 0.117.0 (api) - DEBUG - GET to endpoint: feed/user/13869174215/?max_id=2399011842297743033_13869174215&min_timestamp=None&rank_token=49050629623_bcb7d79c-cd76-427d-9bb7-542705e92b2c&ranked_content=true returned response: <Response [200]>
2021-08-11 13:48:40,266 - instabot version: 0.117.0 (api) - DEBUG - GET to endpoint: feed/user/13869174215/?max_id=2395352515246179262_13869174215&min_timestamp=None&rank_token=49050629623_bcb7d79c-cd76-427d-9bb7-542705e92b2c&ranked_content=true returned response: <Response [200]>
2021-08-11 13:48:40,538 - instabot version: 0.117.0 (api) - DEBUG - GET to endpoint: feed/user/13869174215/?max_id=2390568714913524230_13869174215&min_timestamp=None&rank_token=49050629623_bcb7d79c-cd76-427d-9bb7-542705e92b2c&ranked_content=true returned response: <Response [200]>
2021-08-11 13:48:40,778 - instabot version: 0.117.0 (api) - DEBUG - GET to endpoint: feed/user/13869174215/?max_id=2386328158687631352_13869174215&min_timestamp=None&rank_token=49050629623_bcb7d79c-cd76-427d-9bb7-542705e92b2c&ranked_content=true returned response: <Response [200]>
2021-08-11 13:48:41,049 - instabot version: 0.117.0 (api) - DEBUG - GET to endpoint: feed/user/13869174215/?max_id=2381992501190178084_13869174215&min_timestamp=None&rank_token=49050629623_bcb7d79c-cd76-427d-9bb7-542705e92b2c&ranked_content=true returned response: <Response [200]>
2021-08-11 13:48:41,315 - instabot version: 0.117.0 (api) - DEBUG - GET to endpoint: feed/user/13869174215/?max_id=2377632809181569845_13869174215&min_timestamp=None&rank_token=49050629623_bcb7d79c-cd76-427d-9bb7-542705e92b2c&ranked_content=true returned response: <Response [200]>
2021-08-11 13:48:41,588 - instabot version: 0.117.0 (api) - DEBUG - GET to endpoint: feed/user/13869174215/?max_id=2373267162100278856_13869174215&min_timestamp=None&rank_token=49050629623_bcb7d79c-cd76-427d-9bb7-542705e92b2c&ranked_content=true returned response: <Response [200]>
2021-08-11 13:48:41,868 - instabot version: 0.117.0 (api) - DEBUG - GET to endpoint: feed/user/13869174215/?max_id=2369306438336495024_13869174215&min_timestamp=None&rank_token=49050629623_bcb7d79c-cd76-427d-9bb7-542705e92b2c&ranked_content=true returned response: <Response [200]>
2021-08-11 13:48:42,181 - instabot version: 0.117.0 (api) - DEBUG - GET to endpoint: feed/user/13869174215/?max_id=2365274067178056758_13869174215&min_timestamp=None&rank_token=49050629623_bcb7d79c-cd76-427d-9bb7-542705e92b2c&ranked_content=true returned response: <Response [200]>
2021-08-11 13:48:42,468 - instabot version: 0.117.0 (api) - DEBUG - GET to endpoint: feed/user/13869174215/?max_id=2361279579132735792_13869174215&min_timestamp=None&rank_token=49050629623_bcb7d79c-cd76-427d-9bb7-542705e92b2c&ranked_content=true returned response: <Response [200]>
2021-08-11 13:48:42,811 - instabot version: 0.117.0 (api) - DEBUG - GET to endpoint: feed/user/13869174215/?max_id=2357345194314438858_13869174215&min_timestamp=None&rank_token=49050629623_bcb7d79c-cd76-427d-9bb7-542705e92b2c&ranked_content=true returned response: <Response [200]>
2021-08-11 13:48:43,235 - instabot version: 0.117.0 (api) - DEBUG - GET to endpoint: feed/user/13869174215/?max_id=2353350154726546381_13869174215&min_timestamp=None&rank_token=49050629623_bcb7d79c-cd76-427d-9bb7-542705e92b2c&ranked_content=true returned response: <Response [200]>
2021-08-11 13:48:43,556 - instabot version: 0.117.0 (api) - DEBUG - GET to endpoint: feed/user/13869174215/?max_id=2349007985303754832_13869174215&min_timestamp=None&rank_token=49050629623_bcb7d79c-cd76-427d-9bb7-542705e92b2c&ranked_content=true returned response: <Response [200]>
2021-08-11 13:48:43,888 - instabot version: 0.117.0 (api) - DEBUG - GET to endpoint: feed/user/13869174215/?max_id=2344654911630185485_13869174215&min_timestamp=None&rank_token=49050629623_bcb7d79c-cd76-427d-9bb7-542705e92b2c&ranked_content=true returned response: <Response [200]>
2021-08-11 13:48:44,232 - instabot version: 0.117.0 (api) - DEBUG - GET to endpoint: feed/user/13869174215/?max_id=2341037393241873080_13869174215&min_timestamp=None&rank_token=49050629623_bcb7d79c-cd76-427d-9bb7-542705e92b2c&ranked_content=true returned response: <Response [200]>
2021-08-11 13:48:44,515 - instabot version: 0.117.0 (api) - DEBUG - GET to endpoint: feed/user/13869174215/?max_id=2336690473795042052_13869174215&min_timestamp=None&rank_token=49050629623_bcb7d79c-cd76-427d-9bb7-542705e92b2c&ranked_content=true returned response: <Response [200]>
2021-08-11 13:48:44,778 - instabot version: 0.117.0 (api) - DEBUG - GET to endpoint: feed/user/13869174215/?max_id=2332717800911944273_13869174215&min_timestamp=None&rank_token=49050629623_bcb7d79c-cd76-427d-9bb7-542705e92b2c&ranked_content=true returned response: <Response [200]>
2021-08-11 13:48:45,064 - instabot version: 0.117.0 (api) - DEBUG - GET to endpoint: feed/user/13869174215/?max_id=2329431544174195027_13869174215&min_timestamp=None&rank_token=49050629623_bcb7d79c-cd76-427d-9bb7-542705e92b2c&ranked_content=true returned response: <Response [200]>
2021-08-11 13:48:45,374 - instabot version: 0.117.0 (api) - DEBUG - GET to endpoint: feed/user/13869174215/?max_id=2325800082635823428_13869174215&min_timestamp=None&rank_token=49050629623_bcb7d79c-cd76-427d-9bb7-542705e92b2c&ranked_content=true returned response: <Response [200]>
2021-08-11 13:48:45,653 - instabot version: 0.117.0 (api) - DEBUG - GET to endpoint: feed/user/13869174215/?max_id=2322179112956194724_13869174215&min_timestamp=None&rank_token=49050629623_bcb7d79c-cd76-427d-9bb7-542705e92b2c&ranked_content=true returned response: <Response [200]>
2021-08-11 13:48:45,954 - instabot version: 0.117.0 (api) - DEBUG - GET to endpoint: feed/user/13869174215/?max_id=2319636168684353441_13869174215&min_timestamp=None&rank_token=49050629623_bcb7d79c-cd76-427d-9bb7-542705e92b2c&ranked_content=true returned response: <Response [200]>
2021-08-11 13:48:46,206 - instabot version: 0.117.0 (api) - DEBUG - GET to endpoint: feed/user/13869174215/?max_id=2317100443405582429_13869174215&min_timestamp=None&rank_token=49050629623_bcb7d79c-cd76-427d-9bb7-542705e92b2c&ranked_content=true returned response: <Response [200]>
2021-08-11 13:48:46,466 - instabot version: 0.117.0 (api) - DEBUG - GET to endpoint: feed/user/13869174215/?max_id=2314920226930836881_13869174215&min_timestamp=None&rank_token=49050629623_bcb7d79c-cd76-427d-9bb7-542705e92b2c&ranked_content=true returned response: <Response [200]>
2021-08-11 13:48:46,772 - instabot version: 0.117.0 (api) - DEBUG - GET to endpoint: feed/user/13869174215/?max_id=2312752348211262920_13869174215&min_timestamp=None&rank_token=49050629623_bcb7d79c-cd76-427d-9bb7-542705e92b2c&ranked_content=true returned response: <Response [200]>
2021-08-11 13:48:47,025 - instabot version: 0.117.0 (api) - DEBUG - GET to endpoint: feed/user/13869174215/?max_id=2310584871557774312_13869174215&min_timestamp=None&rank_token=49050629623_bcb7d79c-cd76-427d-9bb7-542705e92b2c&ranked_content=true returned response: <Response [200]>
2021-08-11 13:48:47,346 - instabot version: 0.117.0 (api) - DEBUG - GET to endpoint: feed/user/13869174215/?max_id=2308398151144275774_13869174215&min_timestamp=None&rank_token=49050629623_bcb7d79c-cd76-427d-9bb7-542705e92b2c&ranked_content=true returned response: <Response [200]>
2021-08-11 13:48:47,691 - instabot version: 0.117.0 (api) - DEBUG - GET to endpoint: feed/user/13869174215/?max_id=2306214243035679865_13869174215&min_timestamp=None&rank_token=49050629623_bcb7d79c-cd76-427d-9bb7-542705e92b2c&ranked_content=true returned response: <Response [200]>
2021-08-11 13:48:47,999 - instabot version: 0.117.0 (api) - DEBUG - GET to endpoint: feed/user/13869174215/?max_id=2304077049810540101_13869174215&min_timestamp=None&rank_token=49050629623_bcb7d79c-cd76-427d-9bb7-542705e92b2c&ranked_content=true returned response: <Response [200]>
2021-08-11 13:48:48,345 - instabot version: 0.117.0 (api) - DEBUG - GET to endpoint: feed/user/13869174215/?max_id=2301874244593063835_13869174215&min_timestamp=None&rank_token=49050629623_bcb7d79c-cd76-427d-9bb7-542705e92b2c&ranked_content=true returned response: <Response [200]>
2021-08-11 13:48:48,667 - instabot version: 0.117.0 (api) - DEBUG - GET to endpoint: feed/user/13869174215/?max_id=2299689453617576586_13869174215&min_timestamp=None&rank_token=49050629623_bcb7d79c-cd76-427d-9bb7-542705e92b2c&ranked_content=true returned response: <Response [200]>
2021-08-11 13:48:48,977 - instabot version: 0.117.0 (api) - DEBUG - GET to endpoint: feed/user/13869174215/?max_id=2297526584993941762_13869174215&min_timestamp=None&rank_token=49050629623_bcb7d79c-cd76-427d-9bb7-542705e92b2c&ranked_content=true returned response: <Response [200]>
2021-08-11 13:48:49,301 - instabot version: 0.117.0 (api) - DEBUG - GET to endpoint: feed/user/13869174215/?max_id=2295342137951639984_13869174215&min_timestamp=None&rank_token=49050629623_bcb7d79c-cd76-427d-9bb7-542705e92b2c&ranked_content=true returned response: <Response [200]>
2021-08-11 13:48:49,564 - instabot version: 0.117.0 (api) - DEBUG - GET to endpoint: feed/user/13869174215/?max_id=2293164469550094550_13869174215&min_timestamp=None&rank_token=49050629623_bcb7d79c-cd76-427d-9bb7-542705e92b2c&ranked_content=true returned response: <Response [200]>
2021-08-11 13:48:49,957 - instabot version: 0.117.0 (api) - DEBUG - GET to endpoint: feed/user/13869174215/?max_id=2290653043946185771_13869174215&min_timestamp=None&rank_token=49050629623_bcb7d79c-cd76-427d-9bb7-542705e92b2c&ranked_content=true returned response: <Response [200]>
2021-08-11 13:48:50,336 - instabot version: 0.117.0 (api) - DEBUG - GET to endpoint: feed/user/13869174215/?max_id=2288480234285480501_13869174215&min_timestamp=None&rank_token=49050629623_bcb7d79c-cd76-427d-9bb7-542705e92b2c&ranked_content=true returned response: <Response [200]>
2021-08-11 13:48:50,677 - instabot version: 0.117.0 (api) - DEBUG - GET to endpoint: feed/user/13869174215/?max_id=2286670755873014289_13869174215&min_timestamp=None&rank_token=49050629623_bcb7d79c-cd76-427d-9bb7-542705e92b2c&ranked_content=true returned response: <Response [200]>
2021-08-11 13:48:50,990 - instabot version: 0.117.0 (api) - DEBUG - GET to endpoint: feed/user/13869174215/?max_id=2283761977997474681_13869174215&min_timestamp=None&rank_token=49050629623_bcb7d79c-cd76-427d-9bb7-542705e92b2c&ranked_content=true returned response: <Response [200]>
2021-08-11 13:48:51,282 - instabot version: 0.117.0 (api) - DEBUG - GET to endpoint: feed/user/13869174215/?max_id=2281596510239418928_13869174215&min_timestamp=None&rank_token=49050629623_bcb7d79c-cd76-427d-9bb7-542705e92b2c&ranked_content=true returned response: <Response [200]>
2021-08-11 13:48:51,630 - instabot version: 0.117.0 (api) - DEBUG - GET to endpoint: feed/user/13869174215/?max_id=2279401788905208642_13869174215&min_timestamp=None&rank_token=49050629623_bcb7d79c-cd76-427d-9bb7-542705e92b2c&ranked_content=true returned response: <Response [200]>
2021-08-11 13:48:51,948 - instabot version: 0.117.0 (api) - DEBUG - GET to endpoint: feed/user/13869174215/?max_id=2277252014538086703_13869174215&min_timestamp=None&rank_token=49050629623_bcb7d79c-cd76-427d-9bb7-542705e92b2c&ranked_content=true returned response: <Response [200]>
2021-08-11 13:48:52,255 - instabot version: 0.117.0 (api) - DEBUG - GET to endpoint: feed/user/13869174215/?max_id=2275442318952913632_13869174215&min_timestamp=None&rank_token=49050629623_bcb7d79c-cd76-427d-9bb7-542705e92b2c&ranked_content=true returned response: <Response [200]>
2021-08-11 13:48:52,593 - instabot version: 0.117.0 (api) - DEBUG - GET to endpoint: feed/user/13869174215/?max_id=2273259070306972476_13869174215&min_timestamp=None&rank_token=49050629623_bcb7d79c-cd76-427d-9bb7-542705e92b2c&ranked_content=true returned response: <Response [200]>
2021-08-11 13:48:52,895 - instabot version: 0.117.0 (api) - DEBUG - GET to endpoint: feed/user/13869174215/?max_id=2270762182848634484_13869174215&min_timestamp=None&rank_token=49050629623_bcb7d79c-cd76-427d-9bb7-542705e92b2c&ranked_content=true returned response: <Response [200]>
2021-08-11 13:48:53,185 - instabot version: 0.117.0 (api) - DEBUG - GET to endpoint: feed/user/13869174215/?max_id=2268565181423751509_13869174215&min_timestamp=None&rank_token=49050629623_bcb7d79c-cd76-427d-9bb7-542705e92b2c&ranked_content=true returned response: <Response [200]>
2021-08-11 13:48:53,515 - instabot version: 0.117.0 (api) - DEBUG - GET to endpoint: feed/user/13869174215/?max_id=2266434778416159990_13869174215&min_timestamp=None&rank_token=49050629623_bcb7d79c-cd76-427d-9bb7-542705e92b2c&ranked_content=true returned response: <Response [200]>
2021-08-11 13:48:53,814 - instabot version: 0.117.0 (api) - DEBUG - GET to endpoint: feed/user/13869174215/?max_id=2264251494429061918_13869174215&min_timestamp=None&rank_token=49050629623_bcb7d79c-cd76-427d-9bb7-542705e92b2c&ranked_content=true returned response: <Response [200]>
2021-08-11 13:48:54,168 - instabot version: 0.117.0 (api) - DEBUG - GET to endpoint: feed/user/13869174215/?max_id=2262026061956425975_13869174215&min_timestamp=None&rank_token=49050629623_bcb7d79c-cd76-427d-9bb7-542705e92b2c&ranked_content=true returned response: <Response [200]>
2021-08-11 13:48:54,461 - instabot version: 0.117.0 (api) - DEBUG - GET to endpoint: feed/user/13869174215/?max_id=2259894515824727358_13869174215&min_timestamp=None&rank_token=49050629623_bcb7d79c-cd76-427d-9bb7-542705e92b2c&ranked_content=true returned response: <Response [200]>
2021-08-11 13:48:54,810 - instabot version: 0.117.0 (api) - DEBUG - GET to endpoint: feed/user/13869174215/?max_id=2257716412021021713_13869174215&min_timestamp=None&rank_token=49050629623_bcb7d79c-cd76-427d-9bb7-542705e92b2c&ranked_content=true returned response: <Response [200]>
2021-08-11 13:48:55,165 - instabot version: 0.117.0 (api) - DEBUG - GET to endpoint: feed/user/13869174215/?max_id=2255900852085983121_13869174215&min_timestamp=None&rank_token=49050629623_bcb7d79c-cd76-427d-9bb7-542705e92b2c&ranked_content=true returned response: <Response [200]>
2021-08-11 13:48:55,558 - instabot version: 0.117.0 (api) - DEBUG - GET to endpoint: feed/user/13869174215/?max_id=2253351749888008663_13869174215&min_timestamp=None&rank_token=49050629623_bcb7d79c-cd76-427d-9bb7-542705e92b2c&ranked_content=true returned response: <Response [200]>
2021-08-11 13:48:55,908 - instabot version: 0.117.0 (api) - DEBUG - GET to endpoint: feed/user/13869174215/?max_id=2251165165629701613_13869174215&min_timestamp=None&rank_token=49050629623_bcb7d79c-cd76-427d-9bb7-542705e92b2c&ranked_content=true returned response: <Response [200]>
2021-08-11 13:48:56,235 - instabot version: 0.117.0 (api) - DEBUG - GET to endpoint: feed/user/13869174215/?max_id=2249023478694275335_13869174215&min_timestamp=None&rank_token=49050629623_bcb7d79c-cd76-427d-9bb7-542705e92b2c&ranked_content=true returned response: <Response [200]>
2021-08-11 13:48:56,562 - instabot version: 0.117.0 (api) - DEBUG - GET to endpoint: feed/user/13869174215/?max_id=2246468684859477525_13869174215&min_timestamp=None&rank_token=49050629623_bcb7d79c-cd76-427d-9bb7-542705e92b2c&ranked_content=true returned response: <Response [200]>
2021-08-11 13:48:56,900 - instabot version: 0.117.0 (api) - DEBUG - GET to endpoint: feed/user/13869174215/?max_id=2243982439130507746_13869174215&min_timestamp=None&rank_token=49050629623_bcb7d79c-cd76-427d-9bb7-542705e92b2c&ranked_content=true returned response: <Response [200]>
2021-08-11 13:48:57,215 - instabot version: 0.117.0 (api) - DEBUG - GET to endpoint: feed/user/13869174215/?max_id=2241751538342319498_13869174215&min_timestamp=None&rank_token=49050629623_bcb7d79c-cd76-427d-9bb7-542705e92b2c&ranked_content=true returned response: <Response [200]>
2021-08-11 13:48:57,601 - instabot version: 0.117.0 (api) - DEBUG - GET to endpoint: feed/user/13869174215/?max_id=2239644815922173042_13869174215&min_timestamp=None&rank_token=49050629623_bcb7d79c-cd76-427d-9bb7-542705e92b2c&ranked_content=true returned response: <Response [200]>
2021-08-11 13:48:57,915 - instabot version: 0.117.0 (api) - DEBUG - GET to endpoint: feed/user/13869174215/?max_id=2236964078899033269_13869174215&min_timestamp=None&rank_token=49050629623_bcb7d79c-cd76-427d-9bb7-542705e92b2c&ranked_content=true returned response: <Response [200]>
2021-08-11 13:48:58,197 - instabot version: 0.117.0 (api) - DEBUG - GET to endpoint: feed/user/13869174215/?max_id=2234470160705807877_13869174215&min_timestamp=None&rank_token=49050629623_bcb7d79c-cd76-427d-9bb7-542705e92b2c&ranked_content=true returned response: <Response [200]>
2021-08-11 13:48:58,525 - instabot version: 0.117.0 (api) - DEBUG - GET to endpoint: feed/user/13869174215/?max_id=2232182215051351891_13869174215&min_timestamp=None&rank_token=49050629623_bcb7d79c-cd76-427d-9bb7-542705e92b2c&ranked_content=true returned response: <Response [200]>
2021-08-11 13:48:58,839 - instabot version: 0.117.0 (api) - DEBUG - GET to endpoint: feed/user/13869174215/?max_id=2229945151513817942_13869174215&min_timestamp=None&rank_token=49050629623_bcb7d79c-cd76-427d-9bb7-542705e92b2c&ranked_content=true returned response: <Response [200]>
2021-08-11 13:48:59,163 - instabot version: 0.117.0 (api) - DEBUG - GET to endpoint: feed/user/13869174215/?max_id=2227590757573195809_13869174215&min_timestamp=None&rank_token=49050629623_bcb7d79c-cd76-427d-9bb7-542705e92b2c&ranked_content=true returned response: <Response [200]>
2021-08-11 13:48:59,500 - instabot version: 0.117.0 (api) - DEBUG - GET to endpoint: feed/user/13869174215/?max_id=2225692582499271179_13869174215&min_timestamp=None&rank_token=49050629623_bcb7d79c-cd76-427d-9bb7-542705e92b2c&ranked_content=true returned response: <Response [200]>
2021-08-11 13:48:59,814 - instabot version: 0.117.0 (api) - DEBUG - GET to endpoint: feed/user/13869174215/?max_id=2223662248396016060_13869174215&min_timestamp=None&rank_token=49050629623_bcb7d79c-cd76-427d-9bb7-542705e92b2c&ranked_content=true returned response: <Response [200]>
2021-08-11 13:49:00,158 - instabot version: 0.117.0 (api) - DEBUG - GET to endpoint: feed/user/13869174215/?max_id=2221952661829713857_13869174215&min_timestamp=None&rank_token=49050629623_bcb7d79c-cd76-427d-9bb7-542705e92b2c&ranked_content=true returned response: <Response [200]>
2021-08-11 13:49:00,488 - instabot version: 0.117.0 (api) - DEBUG - GET to endpoint: feed/user/13869174215/?max_id=2220317659450815027_13869174215&min_timestamp=None&rank_token=49050629623_bcb7d79c-cd76-427d-9bb7-542705e92b2c&ranked_content=true returned response: <Response [200]>
2021-08-11 13:49:00,767 - instabot version: 0.117.0 (api) - DEBUG - GET to endpoint: feed/user/13869174215/?max_id=2218150240418389695_13869174215&min_timestamp=None&rank_token=49050629623_bcb7d79c-cd76-427d-9bb7-542705e92b2c&ranked_content=true returned response: <Response [200]>
2021-08-11 13:49:01,037 - instabot version: 0.117.0 (api) - DEBUG - GET to endpoint: feed/user/13869174215/?max_id=2215941782218586226_13869174215&min_timestamp=None&rank_token=49050629623_bcb7d79c-cd76-427d-9bb7-542705e92b2c&ranked_content=true returned response: <Response [200]>
2021-08-11 13:49:01,295 - instabot version: 0.117.0 (api) - DEBUG - GET to endpoint: feed/user/13869174215/?max_id=2213904829235079207_13869174215&min_timestamp=None&rank_token=49050629623_bcb7d79c-cd76-427d-9bb7-542705e92b2c&ranked_content=true returned response: <Response [200]>
2021-08-11 13:49:01,565 - instabot version: 0.117.0 (api) - DEBUG - GET to endpoint: feed/user/13869174215/?max_id=2211904152468235651_13869174215&min_timestamp=None&rank_token=49050629623_bcb7d79c-cd76-427d-9bb7-542705e92b2c&ranked_content=true returned response: <Response [200]>
2021-08-11 13:49:01,880 - instabot version: 0.117.0 (api) - DEBUG - GET to endpoint: feed/user/13869174215/?max_id=2209723750043384702_13869174215&min_timestamp=None&rank_token=49050629623_bcb7d79c-cd76-427d-9bb7-542705e92b2c&ranked_content=true returned response: <Response [200]>
2021-08-11 13:49:02,132 - instabot version: 0.117.0 (api) - DEBUG - GET to endpoint: feed/user/13869174215/?max_id=2206212210577150626_13869174215&min_timestamp=None&rank_token=49050629623_bcb7d79c-cd76-427d-9bb7-542705e92b2c&ranked_content=true returned response: <Response [200]>
2021-08-11 13:49:02,392 - instabot version: 0.117.0 (api) - DEBUG - GET to endpoint: feed/user/13869174215/?max_id=2203250648626099001_13869174215&min_timestamp=None&rank_token=49050629623_bcb7d79c-cd76-427d-9bb7-542705e92b2c&ranked_content=true returned response: <Response [200]>
2021-08-11 13:49:02,663 - instabot version: 0.117.0 (api) - DEBUG - GET to endpoint: feed/user/13869174215/?max_id=2199728853014103197_13869174215&min_timestamp=None&rank_token=49050629623_bcb7d79c-cd76-427d-9bb7-542705e92b2c&ranked_content=true returned response: <Response [200]>
2021-08-11 13:49:02,943 - instabot version: 0.117.0 (api) - DEBUG - GET to endpoint: feed/user/13869174215/?max_id=2194658487303145830_13869174215&min_timestamp=None&rank_token=49050629623_bcb7d79c-cd76-427d-9bb7-542705e92b2c&ranked_content=true returned response: <Response [200]>
2021-08-11 13:49:03,238 - instabot version: 0.117.0 (api) - DEBUG - GET to endpoint: feed/user/13869174215/?max_id=2189948305261508331_13869174215&min_timestamp=None&rank_token=49050629623_bcb7d79c-cd76-427d-9bb7-542705e92b2c&ranked_content=true returned response: <Response [200]>
2021-08-11 13:49:03,535 - instabot version: 0.117.0 (api) - DEBUG - GET to endpoint: feed/user/13869174215/?max_id=2184534852849943496_13869174215&min_timestamp=None&rank_token=49050629623_bcb7d79c-cd76-427d-9bb7-542705e92b2c&ranked_content=true returned response: <Response [200]>
2021-08-11 13:49:03,732 - instabot version: 0.117.0 (api) - DEBUG - GET to endpoint: feed/user/13869174215/?max_id=2180139194498824761_13869174215&min_timestamp=None&rank_token=49050629623_bcb7d79c-cd76-427d-9bb7-542705e92b2c&ranked_content=true returned response: <Response [200]>
2021-08-11 13:49:03,998 - instabot version: 0.117.0 (api) - DEBUG - GET to endpoint: users/vocabexpansion/usernameinfo/ returned response: <Response [200]>
2021-08-11 13:49:04,379 - instabot version: 0.117.0 (api) - DEBUG - GET to endpoint: media/2595010774581024958_13869174215/info/ returned response: <Response [200]>
2021-08-11 13:49:04,836 - instabot version: 0.117.0 (api) - DEBUG - POST to endpoint: direct_v2/threads/broadcast/media_share/ returned response: <Response [200]>
2021-08-11 13:49:05,356 - instabot version: 0.117.0 (api) - DEBUG - POST to endpoint: direct_v2/inbox/ returned response: <Response [200]>
2021-08-11 13:49:07,881 - instabot version: 0.117.0 (api) - DEBUG - POST to endpoint: direct_v2/inbox/ returned response: <Response [200]>
2021-08-11 13:49:10,310 - instabot version: 0.117.0 (api) - DEBUG - POST to endpoint: direct_v2/inbox/ returned response: <Response [200]>
2021-08-11 13:49:12,772 - instabot version: 0.117.0 (api) - DEBUG - POST to endpoint: direct_v2/inbox/ returned response: <Response [200]>
