2021-08-09 21:03:05,769 - instabot version: 0.117.0 (bot) - INFO - Instabot version: 0.117.0 Started
2021-08-09 21:03:05,769 - instabot version: 0.117.0 (bot) - DEBUG - Bot imported from C:\Users\skyem\AppData\Local\Programs\Python\Python39\lib\site-packages\instabot\bot\bot.py
2021-08-09 21:03:07,057 - instabot version: 0.117.0 (api_login) - INFO - Not yet logged in starting: PRE-LOGIN FLOW!
2021-08-09 21:03:07,222 - instabot version: 0.117.0 (api) - DEBUG - POST to endpoint: accounts/get_prefill_candidates/ returned response: <Response [200]>
2021-08-09 21:03:07,387 - instabot version: 0.117.0 (api) - DEBUG - POST to endpoint: qe/sync/ returned response: <Response [200]>
2021-08-09 21:03:07,551 - instabot version: 0.117.0 (api) - DEBUG - POST to endpoint: launcher/sync/ returned response: <Response [200]>
2021-08-09 21:03:07,690 - instabot version: 0.117.0 (api) - DEBUG - POST to endpoint: accounts/contact_point_prefill/ returned response: <Response [200]>
2021-08-09 21:03:09,106 - instabot version: 0.117.0 (api) - DEBUG - POST to endpoint: accounts/login/ returned response: <Response [200]>
2021-08-09 21:03:09,106 - instabot version: 0.117.0 (api) - INFO - Logged-in successfully as 'derbgang'!
2021-08-09 21:03:09,106 - instabot version: 0.117.0 (api_login) - INFO - LOGIN FLOW! Just logged-in: True
2021-08-09 21:03:09,293 - instabot version: 0.117.0 (api) - DEBUG - POST to endpoint: qe/sync/ returned response: <Response [200]>
2021-08-09 21:03:09,478 - instabot version: 0.117.0 (api) - DEBUG - POST to endpoint: launcher/sync/ returned response: <Response [200]>
2021-08-09 21:03:09,613 - instabot version: 0.117.0 (api) - DEBUG - GET to endpoint: zr/token/result/?device_id=android-482d8e988b586de3&token_hash=&custom_device_id=android-482d8e988b586de3&fetch_reason=token_expired returned response: <Response [200]>
2021-08-09 21:03:09,765 - instabot version: 0.117.0 (api) - DEBUG - GET to endpoint: multiple_accounts/get_account_family/ returned response: <Response [200]>
2021-08-09 21:03:09,935 - instabot version: 0.117.0 (api) - DEBUG - POST to endpoint: qe/sync/ returned response: <Response [200]>
2021-08-09 21:03:10,302 - instabot version: 0.117.0 (api) - DEBUG - GET to endpoint: igtv/browse_feed/?prefetch=1 returned response: <Response [200]>
2021-08-09 21:03:10,445 - instabot version: 0.117.0 (api) - DEBUG - POST to endpoint: creatives/ar_class/ returned response: <Response [200]>
2021-08-09 21:03:10,657 - instabot version: 0.117.0 (api) - DEBUG - POST to endpoint: feed/reels_tray/ returned response: <Response [200]>
2021-08-09 21:03:11,915 - instabot version: 0.117.0 (api) - DEBUG - POST to endpoint: feed/timeline/ returned response: <Response [200]>
2021-08-09 21:03:12,054 - instabot version: 0.117.0 (api) - DEBUG - GET to endpoint: media/blocked/ returned response: <Response [200]>
2021-08-09 21:03:12,494 - instabot version: 0.117.0 (api) - DEBUG - GET to endpoint: news/inbox/ returned response: <Response [200]>
2021-08-09 21:03:12,662 - instabot version: 0.117.0 (api) - DEBUG - GET to endpoint: loom/fetch_config/ returned response: <Response [200]>
2021-08-09 21:03:12,841 - instabot version: 0.117.0 (api) - DEBUG - GET to endpoint: scores/bootstrap/users/?surfaces=["autocomplete_user_list","coefficient_besties_list_ranking","coefficient_rank_recipient_user_suggestion","coefficient_ios_section_test_bootstrap_ranking","coefficient_direct_recipients_ranking_variant_2"] returned response: <Response [200]>
2021-08-09 21:03:13,002 - instabot version: 0.117.0 (api) - DEBUG - GET to endpoint: business/eligibility/get_monetization_products_eligibility_data/?product_types=branded_content returned response: <Response [200]>
2021-08-09 21:03:13,150 - instabot version: 0.117.0 (api) - DEBUG - GET to endpoint: business/branded_content/should_require_professional_account/ returned response: <Response [200]>
2021-08-09 21:03:13,296 - instabot version: 0.117.0 (api) - DEBUG - GET to endpoint: linked_accounts/get_linkage_status/ returned response: <Response [200]>
2021-08-09 21:03:13,437 - instabot version: 0.117.0 (api) - DEBUG - GET to endpoint: locations/request_country/ returned response: <Response [200]>
2021-08-09 21:03:13,570 - instabot version: 0.117.0 (api) - DEBUG - GET to endpoint: qp/get_cooldowns/?signed_body=signed_body=4b9c516a5410a3bc128e09c6104a7f042146b9c2023870560c63a43a7f66781c.4&ig_sig_key_version=4&ig_sig_key_version=4 returned response: <Response [200]>
2021-08-09 21:03:13,713 - instabot version: 0.117.0 (api) - DEBUG - GET to endpoint: users/arlink_download_info/?version_override=2.2.1 returned response: <Response [200]>
2021-08-09 21:03:13,991 - instabot version: 0.117.0 (api) - DEBUG - GET to endpoint: users/49050629623/info/ returned response: <Response [200]>
2021-08-09 21:03:14,428 - instabot version: 0.117.0 (api) - DEBUG - GET to endpoint: direct_v2/get_presence/ returned response: <Response [200]>
2021-08-09 21:03:14,735 - instabot version: 0.117.0 (api) - DEBUG - GET to endpoint: direct_v2/inbox/?visual_message_return_type=unseen&thread_message_limit=10&persistentBadging=true&limit=20 returned response: <Response [200]>
2021-08-09 21:03:14,911 - instabot version: 0.117.0 (api) - DEBUG - GET to endpoint: direct_v2/inbox/?visual_message_return_type=unseen&persistentBadging=true&limit=0 returned response: <Response [200]>
2021-08-09 21:03:15,097 - instabot version: 0.117.0 (api) - DEBUG - GET to endpoint: discover/topical_explore/?is_prefetch=true&omit_cover_media=true&use_sectional_payload=true&timezone_offset=0&session_id=c2014126-dc75-4857-89af-5bc4f7aac7f0&include_fixed_destinations=true returned response: <Response [200]>
2021-08-09 21:03:15,234 - instabot version: 0.117.0 (api) - DEBUG - POST to endpoint: notifications/badge/ returned response: <Response [200]>
2021-08-09 21:03:15,478 - instabot version: 0.117.0 (api) - DEBUG - POST to endpoint: qp/batch_fetch/ returned response: <Response [200]>
2021-08-09 21:03:15,479 - instabot version: 0.117.0 (bot_checkpoint) - DEBUG - Loading Checkpoint file from: D:\Programming\2021\InstaBot/config/derbgang.checkpoint
2021-08-09 21:03:25,881 - instabot version: 0.117.0 (api) - DEBUG - GET to endpoint: users/cursed.image5/usernameinfo/ returned response: <Response [200]>
2021-08-09 21:03:26,452 - instabot version: 0.117.0 (api) - DEBUG - GET to endpoint: feed/user/13869174215/?max_id=&min_timestamp=None&rank_token=49050629623_18e75e9e-8495-4fca-ade7-da0ecc498872&ranked_content=true returned response: <Response [200]>
2021-08-09 21:03:26,697 - instabot version: 0.117.0 (api) - DEBUG - GET to endpoint: feed/user/13869174215/?max_id=2627731595606747680_13869174215&min_timestamp=None&rank_token=49050629623_18e75e9e-8495-4fca-ade7-da0ecc498872&ranked_content=true returned response: <Response [200]>
2021-08-09 21:03:26,948 - instabot version: 0.117.0 (api) - DEBUG - GET to endpoint: feed/user/13869174215/?max_id=2620015488381609058_13869174215&min_timestamp=None&rank_token=49050629623_18e75e9e-8495-4fca-ade7-da0ecc498872&ranked_content=true returned response: <Response [200]>
2021-08-09 21:03:27,191 - instabot version: 0.117.0 (api) - DEBUG - GET to endpoint: feed/user/13869174215/?max_id=2616436913512164821_13869174215&min_timestamp=None&rank_token=49050629623_18e75e9e-8495-4fca-ade7-da0ecc498872&ranked_content=true returned response: <Response [200]>
2021-08-09 21:03:27,453 - instabot version: 0.117.0 (api) - DEBUG - GET to endpoint: feed/user/13869174215/?max_id=2612415388188041563_13869174215&min_timestamp=None&rank_token=49050629623_18e75e9e-8495-4fca-ade7-da0ecc498872&ranked_content=true returned response: <Response [200]>
2021-08-09 21:03:27,702 - instabot version: 0.117.0 (api) - DEBUG - GET to endpoint: feed/user/13869174215/?max_id=2608796647613037895_13869174215&min_timestamp=None&rank_token=49050629623_18e75e9e-8495-4fca-ade7-da0ecc498872&ranked_content=true returned response: <Response [200]>
2021-08-09 21:03:27,988 - instabot version: 0.117.0 (api) - DEBUG - GET to endpoint: feed/user/13869174215/?max_id=2604795172092355392_13869174215&min_timestamp=None&rank_token=49050629623_18e75e9e-8495-4fca-ade7-da0ecc498872&ranked_content=true returned response: <Response [200]>
2021-08-09 21:03:28,270 - instabot version: 0.117.0 (api) - DEBUG - GET to endpoint: feed/user/13869174215/?max_id=2601214118996329385_13869174215&min_timestamp=None&rank_token=49050629623_18e75e9e-8495-4fca-ade7-da0ecc498872&ranked_content=true returned response: <Response [200]>
2021-08-09 21:03:28,524 - instabot version: 0.117.0 (api) - DEBUG - GET to endpoint: feed/user/13869174215/?max_id=2597182532864099283_13869174215&min_timestamp=None&rank_token=49050629623_18e75e9e-8495-4fca-ade7-da0ecc498872&ranked_content=true returned response: <Response [200]>
2021-08-09 21:03:28,798 - instabot version: 0.117.0 (api) - DEBUG - GET to endpoint: feed/user/13869174215/?max_id=2593244070080045174_13869174215&min_timestamp=None&rank_token=49050629623_18e75e9e-8495-4fca-ade7-da0ecc498872&ranked_content=true returned response: <Response [200]>
2021-08-09 21:03:29,043 - instabot version: 0.117.0 (api) - DEBUG - GET to endpoint: feed/user/13869174215/?max_id=2589227616951951425_13869174215&min_timestamp=None&rank_token=49050629623_18e75e9e-8495-4fca-ade7-da0ecc498872&ranked_content=true returned response: <Response [200]>
2021-08-09 21:03:29,292 - instabot version: 0.117.0 (api) - DEBUG - GET to endpoint: feed/user/13869174215/?max_id=2585258947985213387_13869174215&min_timestamp=None&rank_token=49050629623_18e75e9e-8495-4fca-ade7-da0ecc498872&ranked_content=true returned response: <Response [200]>
2021-08-09 21:03:29,575 - instabot version: 0.117.0 (api) - DEBUG - GET to endpoint: feed/user/13869174215/?max_id=2581637575332734746_13869174215&min_timestamp=None&rank_token=49050629623_18e75e9e-8495-4fca-ade7-da0ecc498872&ranked_content=true returned response: <Response [200]>
2021-08-09 21:03:29,857 - instabot version: 0.117.0 (api) - DEBUG - GET to endpoint: feed/user/13869174215/?max_id=2577628668209818581_13869174215&min_timestamp=None&rank_token=49050629623_18e75e9e-8495-4fca-ade7-da0ecc498872&ranked_content=true returned response: <Response [200]>
2021-08-09 21:03:30,086 - instabot version: 0.117.0 (api) - DEBUG - GET to endpoint: feed/user/13869174215/?max_id=2573660118119257191_13869174215&min_timestamp=None&rank_token=49050629623_18e75e9e-8495-4fca-ade7-da0ecc498872&ranked_content=true returned response: <Response [200]>
2021-08-09 21:03:30,370 - instabot version: 0.117.0 (api) - DEBUG - GET to endpoint: feed/user/13869174215/?max_id=2569648595581358534_13869174215&min_timestamp=None&rank_token=49050629623_18e75e9e-8495-4fca-ade7-da0ecc498872&ranked_content=true returned response: <Response [200]>
2021-08-09 21:03:30,621 - instabot version: 0.117.0 (api) - DEBUG - GET to endpoint: feed/user/13869174215/?max_id=2565684973678156159_13869174215&min_timestamp=None&rank_token=49050629623_18e75e9e-8495-4fca-ade7-da0ecc498872&ranked_content=true returned response: <Response [200]>
2021-08-09 21:03:30,895 - instabot version: 0.117.0 (api) - DEBUG - GET to endpoint: feed/user/13869174215/?max_id=2561676120609053628_13869174215&min_timestamp=None&rank_token=49050629623_18e75e9e-8495-4fca-ade7-da0ecc498872&ranked_content=true returned response: <Response [200]>
2021-08-09 21:03:31,160 - instabot version: 0.117.0 (api) - DEBUG - GET to endpoint: feed/user/13869174215/?max_id=2557730168412519658_13869174215&min_timestamp=None&rank_token=49050629623_18e75e9e-8495-4fca-ade7-da0ecc498872&ranked_content=true returned response: <Response [200]>
2021-08-09 21:03:31,470 - instabot version: 0.117.0 (api) - DEBUG - GET to endpoint: feed/user/13869174215/?max_id=2553718618751776410_13869174215&min_timestamp=None&rank_token=49050629623_18e75e9e-8495-4fca-ade7-da0ecc498872&ranked_content=true returned response: <Response [200]>
2021-08-09 21:03:31,730 - instabot version: 0.117.0 (api) - DEBUG - GET to endpoint: feed/user/13869174215/?max_id=2549729833695157544_13869174215&min_timestamp=None&rank_token=49050629623_18e75e9e-8495-4fca-ade7-da0ecc498872&ranked_content=true returned response: <Response [200]>
2021-08-09 21:03:32,025 - instabot version: 0.117.0 (api) - DEBUG - GET to endpoint: feed/user/13869174215/?max_id=2546438152498949331_13869174215&min_timestamp=None&rank_token=49050629623_18e75e9e-8495-4fca-ade7-da0ecc498872&ranked_content=true returned response: <Response [200]>
2021-08-09 21:03:32,285 - instabot version: 0.117.0 (api) - DEBUG - GET to endpoint: feed/user/13869174215/?max_id=2543221588289855602_13869174215&min_timestamp=None&rank_token=49050629623_18e75e9e-8495-4fca-ade7-da0ecc498872&ranked_content=true returned response: <Response [200]>
2021-08-09 21:03:32,616 - instabot version: 0.117.0 (api) - DEBUG - GET to endpoint: feed/user/13869174215/?max_id=2539205504467617817_13869174215&min_timestamp=None&rank_token=49050629623_18e75e9e-8495-4fca-ade7-da0ecc498872&ranked_content=true returned response: <Response [200]>
2021-08-09 21:03:32,876 - instabot version: 0.117.0 (api) - DEBUG - GET to endpoint: feed/user/13869174215/?max_id=2535616855456958754_13869174215&min_timestamp=None&rank_token=49050629623_18e75e9e-8495-4fca-ade7-da0ecc498872&ranked_content=true returned response: <Response [200]>
2021-08-09 21:03:33,151 - instabot version: 0.117.0 (api) - DEBUG - GET to endpoint: feed/user/13869174215/?max_id=2531665839117921613_13869174215&min_timestamp=None&rank_token=49050629623_18e75e9e-8495-4fca-ade7-da0ecc498872&ranked_content=true returned response: <Response [200]>
2021-08-09 21:03:33,387 - instabot version: 0.117.0 (api) - DEBUG - GET to endpoint: feed/user/13869174215/?max_id=2528029453154875516_13869174215&min_timestamp=None&rank_token=49050629623_18e75e9e-8495-4fca-ade7-da0ecc498872&ranked_content=true returned response: <Response [200]>
2021-08-09 21:03:33,711 - instabot version: 0.117.0 (api) - DEBUG - GET to endpoint: feed/user/13869174215/?max_id=2524015415626065465_13869174215&min_timestamp=None&rank_token=49050629623_18e75e9e-8495-4fca-ade7-da0ecc498872&ranked_content=true returned response: <Response [200]>
2021-08-09 21:03:33,978 - instabot version: 0.117.0 (api) - DEBUG - GET to endpoint: feed/user/13869174215/?max_id=2520781751610248399_13869174215&min_timestamp=None&rank_token=49050629623_18e75e9e-8495-4fca-ade7-da0ecc498872&ranked_content=true returned response: <Response [200]>
2021-08-09 21:03:34,235 - instabot version: 0.117.0 (api) - DEBUG - GET to endpoint: feed/user/13869174215/?max_id=2516780324625626449_13869174215&min_timestamp=None&rank_token=49050629623_18e75e9e-8495-4fca-ade7-da0ecc498872&ranked_content=true returned response: <Response [200]>
2021-08-09 21:03:34,509 - instabot version: 0.117.0 (api) - DEBUG - GET to endpoint: feed/user/13869174215/?max_id=2513866065977693359_13869174215&min_timestamp=None&rank_token=49050629623_18e75e9e-8495-4fca-ade7-da0ecc498872&ranked_content=true returned response: <Response [200]>
2021-08-09 21:03:34,760 - instabot version: 0.117.0 (api) - DEBUG - GET to endpoint: feed/user/13869174215/?max_id=2510247220218149424_13869174215&min_timestamp=None&rank_token=49050629623_18e75e9e-8495-4fca-ade7-da0ecc498872&ranked_content=true returned response: <Response [200]>
2021-08-09 21:03:35,019 - instabot version: 0.117.0 (api) - DEBUG - GET to endpoint: feed/user/13869174215/?max_id=2506301272946946485_13869174215&min_timestamp=None&rank_token=49050629623_18e75e9e-8495-4fca-ade7-da0ecc498872&ranked_content=true returned response: <Response [200]>
2021-08-09 21:03:35,300 - instabot version: 0.117.0 (api) - DEBUG - GET to endpoint: feed/user/13869174215/?max_id=2503343441721159427_13869174215&min_timestamp=None&rank_token=49050629623_18e75e9e-8495-4fca-ade7-da0ecc498872&ranked_content=true returned response: <Response [200]>
2021-08-09 21:03:35,605 - instabot version: 0.117.0 (api) - DEBUG - GET to endpoint: feed/user/13869174215/?max_id=2500487979237927734_13869174215&min_timestamp=None&rank_token=49050629623_18e75e9e-8495-4fca-ade7-da0ecc498872&ranked_content=true returned response: <Response [200]>
2021-08-09 21:03:35,857 - instabot version: 0.117.0 (api) - DEBUG - GET to endpoint: feed/user/13869174215/?max_id=2498191784678850381_13869174215&min_timestamp=None&rank_token=49050629623_18e75e9e-8495-4fca-ade7-da0ecc498872&ranked_content=true returned response: <Response [200]>
2021-08-09 21:03:36,160 - instabot version: 0.117.0 (api) - DEBUG - GET to endpoint: feed/user/13869174215/?max_id=2495159097970006057_13869174215&min_timestamp=None&rank_token=49050629623_18e75e9e-8495-4fca-ade7-da0ecc498872&ranked_content=true returned response: <Response [200]>
2021-08-09 21:03:36,404 - instabot version: 0.117.0 (api) - DEBUG - GET to endpoint: feed/user/13869174215/?max_id=2492287936005346842_13869174215&min_timestamp=None&rank_token=49050629623_18e75e9e-8495-4fca-ade7-da0ecc498872&ranked_content=true returned response: <Response [200]>
2021-08-09 21:03:36,638 - instabot version: 0.117.0 (api) - DEBUG - GET to endpoint: feed/user/13869174215/?max_id=2489379386836694351_13869174215&min_timestamp=None&rank_token=49050629623_18e75e9e-8495-4fca-ade7-da0ecc498872&ranked_content=true returned response: <Response [200]>
2021-08-09 21:03:36,871 - instabot version: 0.117.0 (api) - DEBUG - GET to endpoint: feed/user/13869174215/?max_id=2485604885354158165_13869174215&min_timestamp=None&rank_token=49050629623_18e75e9e-8495-4fca-ade7-da0ecc498872&ranked_content=true returned response: <Response [200]>
2021-08-09 21:03:37,111 - instabot version: 0.117.0 (api) - DEBUG - GET to endpoint: feed/user/13869174215/?max_id=2481658809552785190_13869174215&min_timestamp=None&rank_token=49050629623_18e75e9e-8495-4fca-ade7-da0ecc498872&ranked_content=true returned response: <Response [200]>
2021-08-09 21:03:37,406 - instabot version: 0.117.0 (api) - DEBUG - GET to endpoint: feed/user/13869174215/?max_id=2477637392916375526_13869174215&min_timestamp=None&rank_token=49050629623_18e75e9e-8495-4fca-ade7-da0ecc498872&ranked_content=true returned response: <Response [200]>
2021-08-09 21:03:37,672 - instabot version: 0.117.0 (api) - DEBUG - GET to endpoint: feed/user/13869174215/?max_id=2473998403021973285_13869174215&min_timestamp=None&rank_token=49050629623_18e75e9e-8495-4fca-ade7-da0ecc498872&ranked_content=true returned response: <Response [200]>
2021-08-09 21:03:37,949 - instabot version: 0.117.0 (api) - DEBUG - GET to endpoint: feed/user/13869174215/?max_id=2470384560697944046_13869174215&min_timestamp=None&rank_token=49050629623_18e75e9e-8495-4fca-ade7-da0ecc498872&ranked_content=true returned response: <Response [200]>
2021-08-09 21:03:38,233 - instabot version: 0.117.0 (api) - DEBUG - GET to endpoint: feed/user/13869174215/?max_id=2466461316447974388_13869174215&min_timestamp=None&rank_token=49050629623_18e75e9e-8495-4fca-ade7-da0ecc498872&ranked_content=true returned response: <Response [200]>
2021-08-09 21:03:38,463 - instabot version: 0.117.0 (api) - DEBUG - GET to endpoint: feed/user/13869174215/?max_id=2462444695553551389_13869174215&min_timestamp=None&rank_token=49050629623_18e75e9e-8495-4fca-ade7-da0ecc498872&ranked_content=true returned response: <Response [200]>
2021-08-09 21:03:38,739 - instabot version: 0.117.0 (api) - DEBUG - GET to endpoint: feed/user/13869174215/?max_id=2458481184902369844_13869174215&min_timestamp=None&rank_token=49050629623_18e75e9e-8495-4fca-ade7-da0ecc498872&ranked_content=true returned response: <Response [200]>
2021-08-09 21:03:38,987 - instabot version: 0.117.0 (api) - DEBUG - GET to endpoint: feed/user/13869174215/?max_id=2454447083499958172_13869174215&min_timestamp=None&rank_token=49050629623_18e75e9e-8495-4fca-ade7-da0ecc498872&ranked_content=true returned response: <Response [200]>
2021-08-09 21:03:39,227 - instabot version: 0.117.0 (api) - DEBUG - GET to endpoint: feed/user/13869174215/?max_id=2450513641242678994_13869174215&min_timestamp=None&rank_token=49050629623_18e75e9e-8495-4fca-ade7-da0ecc498872&ranked_content=true returned response: <Response [200]>
2021-08-09 21:03:39,549 - instabot version: 0.117.0 (api) - DEBUG - GET to endpoint: feed/user/13869174215/?max_id=2446436818937342283_13869174215&min_timestamp=None&rank_token=49050629623_18e75e9e-8495-4fca-ade7-da0ecc498872&ranked_content=true returned response: <Response [200]>
2021-08-09 21:03:39,839 - instabot version: 0.117.0 (api) - DEBUG - GET to endpoint: feed/user/13869174215/?max_id=2442762723070537056_13869174215&min_timestamp=None&rank_token=49050629623_18e75e9e-8495-4fca-ade7-da0ecc498872&ranked_content=true returned response: <Response [200]>
2021-08-09 21:03:40,088 - instabot version: 0.117.0 (api) - DEBUG - GET to endpoint: feed/user/13869174215/?max_id=2438517033692923929_13869174215&min_timestamp=None&rank_token=49050629623_18e75e9e-8495-4fca-ade7-da0ecc498872&ranked_content=true returned response: <Response [200]>
2021-08-09 21:03:40,350 - instabot version: 0.117.0 (api) - DEBUG - GET to endpoint: feed/user/13869174215/?max_id=2434920832857859185_13869174215&min_timestamp=None&rank_token=49050629623_18e75e9e-8495-4fca-ade7-da0ecc498872&ranked_content=true returned response: <Response [200]>
2021-08-09 21:03:40,588 - instabot version: 0.117.0 (api) - DEBUG - GET to endpoint: feed/user/13869174215/?max_id=2431261865070884804_13869174215&min_timestamp=None&rank_token=49050629623_18e75e9e-8495-4fca-ade7-da0ecc498872&ranked_content=true returned response: <Response [200]>
2021-08-09 21:03:40,844 - instabot version: 0.117.0 (api) - DEBUG - GET to endpoint: feed/user/13869174215/?max_id=2427280537099055722_13869174215&min_timestamp=None&rank_token=49050629623_18e75e9e-8495-4fca-ade7-da0ecc498872&ranked_content=true returned response: <Response [200]>
2021-08-09 21:03:41,130 - instabot version: 0.117.0 (api) - DEBUG - GET to endpoint: feed/user/13869174215/?max_id=2424005391845586081_13869174215&min_timestamp=None&rank_token=49050629623_18e75e9e-8495-4fca-ade7-da0ecc498872&ranked_content=true returned response: <Response [200]>
2021-08-09 21:03:41,438 - instabot version: 0.117.0 (api) - DEBUG - GET to endpoint: feed/user/13869174215/?max_id=2420767666307556158_13869174215&min_timestamp=None&rank_token=49050629623_18e75e9e-8495-4fca-ade7-da0ecc498872&ranked_content=true returned response: <Response [200]>
2021-08-09 21:03:41,673 - instabot version: 0.117.0 (api) - DEBUG - GET to endpoint: feed/user/13869174215/?max_id=2417557224753032127_13869174215&min_timestamp=None&rank_token=49050629623_18e75e9e-8495-4fca-ade7-da0ecc498872&ranked_content=true returned response: <Response [200]>
2021-08-09 21:03:41,954 - instabot version: 0.117.0 (api) - DEBUG - GET to endpoint: feed/user/13869174215/?max_id=2413524897803202468_13869174215&min_timestamp=None&rank_token=49050629623_18e75e9e-8495-4fca-ade7-da0ecc498872&ranked_content=true returned response: <Response [200]>
2021-08-09 21:03:42,208 - instabot version: 0.117.0 (api) - DEBUG - GET to endpoint: feed/user/13869174215/?max_id=2409906390624474488_13869174215&min_timestamp=None&rank_token=49050629623_18e75e9e-8495-4fca-ade7-da0ecc498872&ranked_content=true returned response: <Response [200]>
2021-08-09 21:03:42,466 - instabot version: 0.117.0 (api) - DEBUG - GET to endpoint: feed/user/13869174215/?max_id=2405847057270144376_13869174215&min_timestamp=None&rank_token=49050629623_18e75e9e-8495-4fca-ade7-da0ecc498872&ranked_content=true returned response: <Response [200]>
2021-08-09 21:03:42,735 - instabot version: 0.117.0 (api) - DEBUG - GET to endpoint: feed/user/13869174215/?max_id=2401505681258824564_13869174215&min_timestamp=None&rank_token=49050629623_18e75e9e-8495-4fca-ade7-da0ecc498872&ranked_content=true returned response: <Response [200]>
2021-08-09 21:03:42,999 - instabot version: 0.117.0 (api) - DEBUG - GET to endpoint: feed/user/13869174215/?max_id=2397861648174948548_13869174215&min_timestamp=None&rank_token=49050629623_18e75e9e-8495-4fca-ade7-da0ecc498872&ranked_content=true returned response: <Response [200]>
2021-08-09 21:03:43,239 - instabot version: 0.117.0 (api) - DEBUG - GET to endpoint: feed/user/13869174215/?max_id=2394253763768774295_13869174215&min_timestamp=None&rank_token=49050629623_18e75e9e-8495-4fca-ade7-da0ecc498872&ranked_content=true returned response: <Response [200]>
2021-08-09 21:03:43,471 - instabot version: 0.117.0 (api) - DEBUG - GET to endpoint: feed/user/13869174215/?max_id=2389568840218721122_13869174215&min_timestamp=None&rank_token=49050629623_18e75e9e-8495-4fca-ade7-da0ecc498872&ranked_content=true returned response: <Response [200]>
2021-08-09 21:03:43,735 - instabot version: 0.117.0 (api) - DEBUG - GET to endpoint: feed/user/13869174215/?max_id=2385241224074730879_13869174215&min_timestamp=None&rank_token=49050629623_18e75e9e-8495-4fca-ade7-da0ecc498872&ranked_content=true returned response: <Response [200]>
2021-08-09 21:03:44,010 - instabot version: 0.117.0 (api) - DEBUG - GET to endpoint: feed/user/13869174215/?max_id=2380896500597416876_13869174215&min_timestamp=None&rank_token=49050629623_18e75e9e-8495-4fca-ade7-da0ecc498872&ranked_content=true returned response: <Response [200]>
2021-08-09 21:03:44,240 - instabot version: 0.117.0 (api) - DEBUG - GET to endpoint: feed/user/13869174215/?max_id=2376610224578887712_13869174215&min_timestamp=None&rank_token=49050629623_18e75e9e-8495-4fca-ade7-da0ecc498872&ranked_content=true returned response: <Response [200]>
2021-08-09 21:03:44,561 - instabot version: 0.117.0 (api) - DEBUG - GET to endpoint: feed/user/13869174215/?max_id=2372194847807708285_13869174215&min_timestamp=None&rank_token=49050629623_18e75e9e-8495-4fca-ade7-da0ecc498872&ranked_content=true returned response: <Response [200]>
2021-08-09 21:03:44,808 - instabot version: 0.117.0 (api) - DEBUG - GET to endpoint: feed/user/13869174215/?max_id=2368203814308597466_13869174215&min_timestamp=None&rank_token=49050629623_18e75e9e-8495-4fca-ade7-da0ecc498872&ranked_content=true returned response: <Response [200]>
2021-08-09 21:03:45,115 - instabot version: 0.117.0 (api) - DEBUG - GET to endpoint: feed/user/13869174215/?max_id=2364221685417402943_13869174215&min_timestamp=None&rank_token=49050629623_18e75e9e-8495-4fca-ade7-da0ecc498872&ranked_content=true returned response: <Response [200]>
2021-08-09 21:03:45,451 - instabot version: 0.117.0 (api) - DEBUG - GET to endpoint: feed/user/13869174215/?max_id=2360227530920065512_13869174215&min_timestamp=None&rank_token=49050629623_18e75e9e-8495-4fca-ade7-da0ecc498872&ranked_content=true returned response: <Response [200]>
2021-08-09 21:03:45,740 - instabot version: 0.117.0 (api) - DEBUG - GET to endpoint: feed/user/13869174215/?max_id=2356258094605220585_13869174215&min_timestamp=None&rank_token=49050629623_18e75e9e-8495-4fca-ade7-da0ecc498872&ranked_content=true returned response: <Response [200]>
2021-08-09 21:03:46,031 - instabot version: 0.117.0 (api) - DEBUG - GET to endpoint: feed/user/13869174215/?max_id=2352239842162056726_13869174215&min_timestamp=None&rank_token=49050629623_18e75e9e-8495-4fca-ade7-da0ecc498872&ranked_content=true returned response: <Response [200]>
2021-08-09 21:03:46,304 - instabot version: 0.117.0 (api) - DEBUG - GET to endpoint: feed/user/13869174215/?max_id=2347932369305272038_13869174215&min_timestamp=None&rank_token=49050629623_18e75e9e-8495-4fca-ade7-da0ecc498872&ranked_content=true returned response: <Response [200]>
2021-08-09 21:03:46,547 - instabot version: 0.117.0 (api) - DEBUG - GET to endpoint: feed/user/13869174215/?max_id=2343914126366376146_13869174215&min_timestamp=None&rank_token=49050629623_18e75e9e-8495-4fca-ade7-da0ecc498872&ranked_content=true returned response: <Response [200]>
2021-08-09 21:03:46,829 - instabot version: 0.117.0 (api) - DEBUG - GET to endpoint: feed/user/13869174215/?max_id=2339924012896143170_13869174215&min_timestamp=None&rank_token=49050629623_18e75e9e-8495-4fca-ade7-da0ecc498872&ranked_content=true returned response: <Response [200]>
2021-08-09 21:03:47,084 - instabot version: 0.117.0 (api) - DEBUG - GET to endpoint: feed/user/13869174215/?max_id=2335958209729438476_13869174215&min_timestamp=None&rank_token=49050629623_18e75e9e-8495-4fca-ade7-da0ecc498872&ranked_content=true returned response: <Response [200]>
2021-08-09 21:03:47,562 - instabot version: 0.117.0 (api) - DEBUG - GET to endpoint: feed/user/13869174215/?max_id=2331607868460461757_13869174215&min_timestamp=None&rank_token=49050629623_18e75e9e-8495-4fca-ade7-da0ecc498872&ranked_content=true returned response: <Response [200]>
2021-08-09 21:03:47,821 - instabot version: 0.117.0 (api) - DEBUG - GET to endpoint: feed/user/13869174215/?max_id=2328379235595971805_13869174215&min_timestamp=None&rank_token=49050629623_18e75e9e-8495-4fca-ade7-da0ecc498872&ranked_content=true returned response: <Response [200]>
2021-08-09 21:03:48,063 - instabot version: 0.117.0 (api) - DEBUG - GET to endpoint: feed/user/13869174215/?max_id=2324730966164587660_13869174215&min_timestamp=None&rank_token=49050629623_18e75e9e-8495-4fca-ade7-da0ecc498872&ranked_content=true returned response: <Response [200]>
2021-08-09 21:03:48,320 - instabot version: 0.117.0 (api) - DEBUG - GET to endpoint: feed/user/13869174215/?max_id=2321476199749453672_13869174215&min_timestamp=None&rank_token=49050629623_18e75e9e-8495-4fca-ade7-da0ecc498872&ranked_content=true returned response: <Response [200]>
2021-08-09 21:03:48,537 - instabot version: 0.117.0 (api) - DEBUG - GET to endpoint: feed/user/13869174215/?max_id=2319285556990117401_13869174215&min_timestamp=None&rank_token=49050629623_18e75e9e-8495-4fca-ade7-da0ecc498872&ranked_content=true returned response: <Response [200]>
2021-08-09 21:03:48,783 - instabot version: 0.117.0 (api) - DEBUG - GET to endpoint: feed/user/13869174215/?max_id=2316386269113203931_13869174215&min_timestamp=None&rank_token=49050629623_18e75e9e-8495-4fca-ade7-da0ecc498872&ranked_content=true returned response: <Response [200]>
2021-08-09 21:03:49,058 - instabot version: 0.117.0 (api) - DEBUG - GET to endpoint: feed/user/13869174215/?max_id=2314193600110706263_13869174215&min_timestamp=None&rank_token=49050629623_18e75e9e-8495-4fca-ade7-da0ecc498872&ranked_content=true returned response: <Response [200]>
2021-08-09 21:03:49,318 - instabot version: 0.117.0 (api) - DEBUG - GET to endpoint: feed/user/13869174215/?max_id=2312028881824274846_13869174215&min_timestamp=None&rank_token=49050629623_18e75e9e-8495-4fca-ade7-da0ecc498872&ranked_content=true returned response: <Response [200]>
2021-08-09 21:03:49,570 - instabot version: 0.117.0 (api) - DEBUG - GET to endpoint: feed/user/13869174215/?max_id=2309881106688960121_13869174215&min_timestamp=None&rank_token=49050629623_18e75e9e-8495-4fca-ade7-da0ecc498872&ranked_content=true returned response: <Response [200]>
2021-08-09 21:03:49,846 - instabot version: 0.117.0 (api) - DEBUG - GET to endpoint: feed/user/13869174215/?max_id=2307678900057530000_13869174215&min_timestamp=None&rank_token=49050629623_18e75e9e-8495-4fca-ade7-da0ecc498872&ranked_content=true returned response: <Response [200]>
2021-08-09 21:03:50,179 - instabot version: 0.117.0 (api) - DEBUG - GET to endpoint: feed/user/13869174215/?max_id=2305509300993546291_13869174215&min_timestamp=None&rank_token=49050629623_18e75e9e-8495-4fca-ade7-da0ecc498872&ranked_content=true returned response: <Response [200]>
2021-08-09 21:03:50,445 - instabot version: 0.117.0 (api) - DEBUG - GET to endpoint: feed/user/13869174215/?max_id=2303698722130083595_13869174215&min_timestamp=None&rank_token=49050629623_18e75e9e-8495-4fca-ade7-da0ecc498872&ranked_content=true returned response: <Response [200]>
2021-08-09 21:03:50,688 - instabot version: 0.117.0 (api) - DEBUG - GET to endpoint: feed/user/13869174215/?max_id=2301141406520273147_13869174215&min_timestamp=None&rank_token=49050629623_18e75e9e-8495-4fca-ade7-da0ecc498872&ranked_content=true returned response: <Response [200]>
2021-08-09 21:03:51,062 - instabot version: 0.117.0 (api) - DEBUG - GET to endpoint: feed/user/13869174215/?max_id=2298993503525843005_13869174215&min_timestamp=None&rank_token=49050629623_18e75e9e-8495-4fca-ade7-da0ecc498872&ranked_content=true returned response: <Response [200]>
2021-08-09 21:03:51,322 - instabot version: 0.117.0 (api) - DEBUG - GET to endpoint: feed/user/13869174215/?max_id=2296813637426740298_13869174215&min_timestamp=None&rank_token=49050629623_18e75e9e-8495-4fca-ade7-da0ecc498872&ranked_content=true returned response: <Response [200]>
2021-08-09 21:03:51,597 - instabot version: 0.117.0 (api) - DEBUG - GET to endpoint: feed/user/13869174215/?max_id=2294647399090917642_13869174215&min_timestamp=None&rank_token=49050629623_18e75e9e-8495-4fca-ade7-da0ecc498872&ranked_content=true returned response: <Response [200]>
2021-08-09 21:03:51,861 - instabot version: 0.117.0 (api) - DEBUG - GET to endpoint: feed/user/13869174215/?max_id=2292479275767947776_13869174215&min_timestamp=None&rank_token=49050629623_18e75e9e-8495-4fca-ade7-da0ecc498872&ranked_content=true returned response: <Response [200]>
2021-08-09 21:03:52,120 - instabot version: 0.117.0 (api) - DEBUG - GET to endpoint: feed/user/13869174215/?max_id=2290284605604301049_13869174215&min_timestamp=None&rank_token=49050629623_18e75e9e-8495-4fca-ade7-da0ecc498872&ranked_content=true returned response: <Response [200]>
2021-08-09 21:03:52,430 - instabot version: 0.117.0 (api) - DEBUG - GET to endpoint: feed/user/13869174215/?max_id=2288117468345290666_13869174215&min_timestamp=None&rank_token=49050629623_18e75e9e-8495-4fca-ade7-da0ecc498872&ranked_content=true returned response: <Response [200]>
2021-08-09 21:03:52,657 - instabot version: 0.117.0 (api) - DEBUG - GET to endpoint: feed/user/13869174215/?max_id=2285955834810109798_13869174215&min_timestamp=None&rank_token=49050629623_18e75e9e-8495-4fca-ade7-da0ecc498872&ranked_content=true returned response: <Response [200]>
2021-08-09 21:03:52,902 - instabot version: 0.117.0 (api) - DEBUG - GET to endpoint: feed/user/13869174215/?max_id=2283415223997395841_13869174215&min_timestamp=None&rank_token=49050629623_18e75e9e-8495-4fca-ade7-da0ecc498872&ranked_content=true returned response: <Response [200]>
2021-08-09 21:03:53,158 - instabot version: 0.117.0 (api) - DEBUG - GET to endpoint: feed/user/13869174215/?max_id=2281200995609818532_13869174215&min_timestamp=None&rank_token=49050629623_18e75e9e-8495-4fca-ade7-da0ecc498872&ranked_content=true returned response: <Response [200]>
2021-08-09 21:03:53,389 - instabot version: 0.117.0 (api) - DEBUG - GET to endpoint: feed/user/13869174215/?max_id=2279044064098963779_13869174215&min_timestamp=None&rank_token=49050629623_18e75e9e-8495-4fca-ade7-da0ecc498872&ranked_content=true returned response: <Response [200]>
2021-08-09 21:03:53,635 - instabot version: 0.117.0 (api) - DEBUG - GET to endpoint: feed/user/13869174215/?max_id=2276848883413051982_13869174215&min_timestamp=None&rank_token=49050629623_18e75e9e-8495-4fca-ade7-da0ecc498872&ranked_content=true returned response: <Response [200]>
2021-08-09 21:03:53,879 - instabot version: 0.117.0 (api) - DEBUG - GET to endpoint: feed/user/13869174215/?max_id=2275105717928542365_13869174215&min_timestamp=None&rank_token=49050629623_18e75e9e-8495-4fca-ade7-da0ecc498872&ranked_content=true returned response: <Response [200]>
2021-08-09 21:03:54,163 - instabot version: 0.117.0 (api) - DEBUG - GET to endpoint: feed/user/13869174215/?max_id=2272913518126101069_13869174215&min_timestamp=None&rank_token=49050629623_18e75e9e-8495-4fca-ade7-da0ecc498872&ranked_content=true returned response: <Response [200]>
2021-08-09 21:03:54,397 - instabot version: 0.117.0 (api) - DEBUG - GET to endpoint: feed/user/13869174215/?max_id=2270380244401011081_13869174215&min_timestamp=None&rank_token=49050629623_18e75e9e-8495-4fca-ade7-da0ecc498872&ranked_content=true returned response: <Response [200]>
2021-08-09 21:03:54,675 - instabot version: 0.117.0 (api) - DEBUG - GET to endpoint: feed/user/13869174215/?max_id=2267864754692595415_13869174215&min_timestamp=None&rank_token=49050629623_18e75e9e-8495-4fca-ade7-da0ecc498872&ranked_content=true returned response: <Response [200]>
2021-08-09 21:03:54,914 - instabot version: 0.117.0 (api) - DEBUG - GET to endpoint: feed/user/13869174215/?max_id=2265569927863173338_13869174215&min_timestamp=None&rank_token=49050629623_18e75e9e-8495-4fca-ade7-da0ecc498872&ranked_content=true returned response: <Response [200]>
2021-08-09 21:03:55,201 - instabot version: 0.117.0 (api) - DEBUG - GET to endpoint: feed/user/13869174215/?max_id=2263422735895422787_13869174215&min_timestamp=None&rank_token=49050629623_18e75e9e-8495-4fca-ade7-da0ecc498872&ranked_content=true returned response: <Response [200]>
2021-08-09 21:03:55,457 - instabot version: 0.117.0 (api) - DEBUG - GET to endpoint: feed/user/13869174215/?max_id=2261642293601037769_13869174215&min_timestamp=None&rank_token=49050629623_18e75e9e-8495-4fca-ade7-da0ecc498872&ranked_content=true returned response: <Response [200]>
2021-08-09 21:03:55,722 - instabot version: 0.117.0 (api) - DEBUG - GET to endpoint: feed/user/13869174215/?max_id=2259516959720006649_13869174215&min_timestamp=None&rank_token=49050629623_18e75e9e-8495-4fca-ade7-da0ecc498872&ranked_content=true returned response: <Response [200]>
2021-08-09 21:03:55,973 - instabot version: 0.117.0 (api) - DEBUG - GET to endpoint: feed/user/13869174215/?max_id=2257282122435214448_13869174215&min_timestamp=None&rank_token=49050629623_18e75e9e-8495-4fca-ade7-da0ecc498872&ranked_content=true returned response: <Response [200]>
2021-08-09 21:03:56,218 - instabot version: 0.117.0 (api) - DEBUG - GET to endpoint: feed/user/13869174215/?max_id=2255544951315479537_13869174215&min_timestamp=None&rank_token=49050629623_18e75e9e-8495-4fca-ade7-da0ecc498872&ranked_content=true returned response: <Response [200]>
2021-08-09 21:03:56,527 - instabot version: 0.117.0 (api) - DEBUG - GET to endpoint: feed/user/13869174215/?max_id=2252999937985230814_13869174215&min_timestamp=None&rank_token=49050629623_18e75e9e-8495-4fca-ade7-da0ecc498872&ranked_content=true returned response: <Response [200]>
2021-08-09 21:03:56,760 - instabot version: 0.117.0 (api) - DEBUG - GET to endpoint: feed/user/13869174215/?max_id=2250840962925613198_13869174215&min_timestamp=None&rank_token=49050629623_18e75e9e-8495-4fca-ade7-da0ecc498872&ranked_content=true returned response: <Response [200]>
2021-08-09 21:03:56,998 - instabot version: 0.117.0 (api) - DEBUG - GET to endpoint: feed/user/13869174215/?max_id=2248652537275604318_13869174215&min_timestamp=None&rank_token=49050629623_18e75e9e-8495-4fca-ade7-da0ecc498872&ranked_content=true returned response: <Response [200]>
2021-08-09 21:03:57,288 - instabot version: 0.117.0 (api) - DEBUG - GET to endpoint: feed/user/13869174215/?max_id=2245744852569688800_13869174215&min_timestamp=None&rank_token=49050629623_18e75e9e-8495-4fca-ade7-da0ecc498872&ranked_content=true returned response: <Response [200]>
2021-08-09 21:03:57,549 - instabot version: 0.117.0 (api) - DEBUG - GET to endpoint: feed/user/13869174215/?max_id=2243508331120950980_13869174215&min_timestamp=None&rank_token=49050629623_18e75e9e-8495-4fca-ade7-da0ecc498872&ranked_content=true returned response: <Response [200]>
2021-08-09 21:03:57,831 - instabot version: 0.117.0 (api) - DEBUG - GET to endpoint: feed/user/13869174215/?max_id=2241037100647821231_13869174215&min_timestamp=None&rank_token=49050629623_18e75e9e-8495-4fca-ade7-da0ecc498872&ranked_content=true returned response: <Response [200]>
2021-08-09 21:03:58,064 - instabot version: 0.117.0 (api) - DEBUG - GET to endpoint: feed/user/13869174215/?max_id=2238872139167200337_13869174215&min_timestamp=None&rank_token=49050629623_18e75e9e-8495-4fca-ade7-da0ecc498872&ranked_content=true returned response: <Response [200]>
2021-08-09 21:03:58,310 - instabot version: 0.117.0 (api) - DEBUG - GET to endpoint: feed/user/13869174215/?max_id=2235944676942533284_13869174215&min_timestamp=None&rank_token=49050629623_18e75e9e-8495-4fca-ade7-da0ecc498872&ranked_content=true returned response: <Response [200]>
2021-08-09 21:03:58,610 - instabot version: 0.117.0 (api) - DEBUG - GET to endpoint: feed/user/13869174215/?max_id=2233816588645504128_13869174215&min_timestamp=None&rank_token=49050629623_18e75e9e-8495-4fca-ade7-da0ecc498872&ranked_content=true returned response: <Response [200]>
2021-08-09 21:03:58,868 - instabot version: 0.117.0 (api) - DEBUG - GET to endpoint: feed/user/13869174215/?max_id=2231580339624961569_13869174215&min_timestamp=None&rank_token=49050629623_18e75e9e-8495-4fca-ade7-da0ecc498872&ranked_content=true returned response: <Response [200]>
2021-08-09 21:03:59,132 - instabot version: 0.117.0 (api) - DEBUG - GET to endpoint: feed/user/13869174215/?max_id=2229277999211403835_13869174215&min_timestamp=None&rank_token=49050629623_18e75e9e-8495-4fca-ade7-da0ecc498872&ranked_content=true returned response: <Response [200]>
2021-08-09 21:03:59,474 - instabot version: 0.117.0 (api) - DEBUG - GET to endpoint: feed/user/13869174215/?max_id=2226832641361247307_13869174215&min_timestamp=None&rank_token=49050629623_18e75e9e-8495-4fca-ade7-da0ecc498872&ranked_content=true returned response: <Response [200]>
2021-08-09 21:04:00,256 - instabot version: 0.117.0 (api) - DEBUG - GET to endpoint: feed/user/13869174215/?max_id=2225107040698903571_13869174215&min_timestamp=None&rank_token=49050629623_18e75e9e-8495-4fca-ade7-da0ecc498872&ranked_content=true returned response: <Response [200]>
2021-08-09 21:04:00,553 - instabot version: 0.117.0 (api) - DEBUG - GET to endpoint: feed/user/13869174215/?max_id=2223487028225646761_13869174215&min_timestamp=None&rank_token=49050629623_18e75e9e-8495-4fca-ade7-da0ecc498872&ranked_content=true returned response: <Response [200]>
2021-08-09 21:04:00,778 - instabot version: 0.117.0 (api) - DEBUG - GET to endpoint: feed/user/13869174215/?max_id=2221400329203107780_13869174215&min_timestamp=None&rank_token=49050629623_18e75e9e-8495-4fca-ade7-da0ecc498872&ranked_content=true returned response: <Response [200]>
2021-08-09 21:04:01,078 - instabot version: 0.117.0 (api) - DEBUG - GET to endpoint: feed/user/13869174215/?max_id=2219852942957491541_13869174215&min_timestamp=None&rank_token=49050629623_18e75e9e-8495-4fca-ade7-da0ecc498872&ranked_content=true returned response: <Response [200]>
2021-08-09 21:04:01,309 - instabot version: 0.117.0 (api) - DEBUG - GET to endpoint: feed/user/13869174215/?max_id=2217605560870067102_13869174215&min_timestamp=None&rank_token=49050629623_18e75e9e-8495-4fca-ade7-da0ecc498872&ranked_content=true returned response: <Response [200]>
2021-08-09 21:04:01,558 - instabot version: 0.117.0 (api) - DEBUG - GET to endpoint: feed/user/13869174215/?max_id=2215372736716788647_13869174215&min_timestamp=None&rank_token=49050629623_18e75e9e-8495-4fca-ade7-da0ecc498872&ranked_content=true returned response: <Response [200]>
2021-08-09 21:04:01,793 - instabot version: 0.117.0 (api) - DEBUG - GET to endpoint: feed/user/13869174215/?max_id=2213487086606244743_13869174215&min_timestamp=None&rank_token=49050629623_18e75e9e-8495-4fca-ade7-da0ecc498872&ranked_content=true returned response: <Response [200]>
2021-08-09 21:04:02,138 - instabot version: 0.117.0 (api) - DEBUG - GET to endpoint: feed/user/13869174215/?max_id=2211382866172234344_13869174215&min_timestamp=None&rank_token=49050629623_18e75e9e-8495-4fca-ade7-da0ecc498872&ranked_content=true returned response: <Response [200]>
2021-08-09 21:04:02,374 - instabot version: 0.117.0 (api) - DEBUG - GET to endpoint: feed/user/13869174215/?max_id=2208821813630591191_13869174215&min_timestamp=None&rank_token=49050629623_18e75e9e-8495-4fca-ade7-da0ecc498872&ranked_content=true returned response: <Response [200]>
2021-08-09 21:04:02,646 - instabot version: 0.117.0 (api) - DEBUG - GET to endpoint: feed/user/13869174215/?max_id=2205533247701853222_13869174215&min_timestamp=None&rank_token=49050629623_18e75e9e-8495-4fca-ade7-da0ecc498872&ranked_content=true returned response: <Response [200]>
2021-08-09 21:04:02,875 - instabot version: 0.117.0 (api) - DEBUG - GET to endpoint: feed/user/13869174215/?max_id=2202244510988212128_13869174215&min_timestamp=None&rank_token=49050629623_18e75e9e-8495-4fca-ade7-da0ecc498872&ranked_content=true returned response: <Response [200]>
2021-08-09 21:04:03,400 - instabot version: 0.117.0 (api) - DEBUG - GET to endpoint: feed/user/13869174215/?max_id=2198671066364553986_13869174215&min_timestamp=None&rank_token=49050629623_18e75e9e-8495-4fca-ade7-da0ecc498872&ranked_content=true returned response: <Response [200]>
2021-08-09 21:04:03,676 - instabot version: 0.117.0 (api) - DEBUG - GET to endpoint: feed/user/13869174215/?max_id=2193569676452251516_13869174215&min_timestamp=None&rank_token=49050629623_18e75e9e-8495-4fca-ade7-da0ecc498872&ranked_content=true returned response: <Response [200]>
2021-08-09 21:04:03,959 - instabot version: 0.117.0 (api) - DEBUG - GET to endpoint: feed/user/13869174215/?max_id=2188643408935258485_13869174215&min_timestamp=None&rank_token=49050629623_18e75e9e-8495-4fca-ade7-da0ecc498872&ranked_content=true returned response: <Response [200]>
2021-08-09 21:04:04,213 - instabot version: 0.117.0 (api) - DEBUG - GET to endpoint: feed/user/13869174215/?max_id=2183817753131431701_13869174215&min_timestamp=None&rank_token=49050629623_18e75e9e-8495-4fca-ade7-da0ecc498872&ranked_content=true returned response: <Response [200]>
2021-08-09 21:04:04,410 - instabot version: 0.117.0 (api) - DEBUG - GET to endpoint: users/vocabexpansion/usernameinfo/ returned response: <Response [200]>
2021-08-09 21:04:05,443 - instabot version: 0.117.0 (api) - DEBUG - GET to endpoint: media/2631355333828978527_13869174215/info/ returned response: <Response [200]>
2021-08-09 21:04:05,743 - instabot version: 0.117.0 (api) - DEBUG - POST to endpoint: direct_v2/threads/broadcast/media_share/ returned response: <Response [200]>
2021-08-09 21:04:05,744 - instabot version: 0.117.0 (bot_checkpoint) - DEBUG - Saving Checkpoint file to: D:\Programming\2021\InstaBot/config/derbgang.checkpoint
2021-08-09 21:04:05,744 - instabot version: 0.117.0 (bot) - INFO - Total messages: 3/66
2021-08-09 21:04:05,744 - instabot version: 0.117.0 (bot) - INFO - Total requests: 334
