2021-08-08 20:25:39,029 - instabot version: 0.117.0 (bot) - INFO - Instabot version: 0.117.0 Started
2021-08-08 20:25:39,029 - instabot version: 0.117.0 (bot) - DEBUG - Bot imported from C:\Users\skyem\AppData\Local\Programs\Python\Python39\lib\site-packages\instabot\bot\bot.py
2021-08-08 20:25:39,030 - instabot version: 0.117.0 (api_login) - INFO - Not yet logged in starting: PRE-LOGIN FLOW!
2021-08-08 20:25:39,250 - instabot version: 0.117.0 (api) - DEBUG - POST to endpoint: accounts/get_prefill_candidates/ returned response: <Response [200]>
2021-08-08 20:25:39,402 - instabot version: 0.117.0 (api) - DEBUG - POST to endpoint: qe/sync/ returned response: <Response [200]>
2021-08-08 20:25:39,557 - instabot version: 0.117.0 (api) - DEBUG - POST to endpoint: launcher/sync/ returned response: <Response [200]>
2021-08-08 20:25:39,703 - instabot version: 0.117.0 (api) - DEBUG - POST to endpoint: accounts/contact_point_prefill/ returned response: <Response [200]>
2021-08-08 20:25:41,529 - instabot version: 0.117.0 (api) - DEBUG - POST to endpoint: accounts/login/ returned response: <Response [200]>
2021-08-08 20:25:41,530 - instabot version: 0.117.0 (api) - INFO - Logged-in successfully as 'vocabexpansion'!
2021-08-08 20:25:41,530 - instabot version: 0.117.0 (api_login) - INFO - LOGIN FLOW! Just logged-in: True
2021-08-08 20:25:41,680 - instabot version: 0.117.0 (api) - DEBUG - POST to endpoint: qe/sync/ returned response: <Response [200]>
2021-08-08 20:25:41,881 - instabot version: 0.117.0 (api) - DEBUG - POST to endpoint: launcher/sync/ returned response: <Response [200]>
2021-08-08 20:25:42,019 - instabot version: 0.117.0 (api) - DEBUG - GET to endpoint: zr/token/result/?device_id=android-e377a40ffa4f9abc&token_hash=&custom_device_id=android-e377a40ffa4f9abc&fetch_reason=token_expired returned response: <Response [200]>
2021-08-08 20:25:42,200 - instabot version: 0.117.0 (api) - DEBUG - GET to endpoint: multiple_accounts/get_account_family/ returned response: <Response [200]>
2021-08-08 20:25:42,360 - instabot version: 0.117.0 (api) - DEBUG - POST to endpoint: qe/sync/ returned response: <Response [200]>
2021-08-08 20:25:42,803 - instabot version: 0.117.0 (api) - DEBUG - GET to endpoint: igtv/browse_feed/?prefetch=1 returned response: <Response [200]>
2021-08-08 20:25:42,951 - instabot version: 0.117.0 (api) - DEBUG - POST to endpoint: creatives/ar_class/ returned response: <Response [200]>
2021-08-08 20:25:43,514 - instabot version: 0.117.0 (api) - DEBUG - POST to endpoint: feed/reels_tray/ returned response: <Response [200]>
2021-08-08 20:25:44,690 - instabot version: 0.117.0 (api) - DEBUG - POST to endpoint: feed/timeline/ returned response: <Response [200]>
2021-08-08 20:25:44,832 - instabot version: 0.117.0 (api) - DEBUG - GET to endpoint: media/blocked/ returned response: <Response [200]>
2021-08-08 20:25:45,121 - instabot version: 0.117.0 (api) - DEBUG - GET to endpoint: news/inbox/ returned response: <Response [200]>
2021-08-08 20:25:45,274 - instabot version: 0.117.0 (api) - DEBUG - GET to endpoint: loom/fetch_config/ returned response: <Response [200]>
2021-08-08 20:25:45,607 - instabot version: 0.117.0 (api) - DEBUG - GET to endpoint: scores/bootstrap/users/?surfaces=["autocomplete_user_list","coefficient_besties_list_ranking","coefficient_rank_recipient_user_suggestion","coefficient_ios_section_test_bootstrap_ranking","coefficient_direct_recipients_ranking_variant_2"] returned response: <Response [200]>
2021-08-08 20:25:45,770 - instabot version: 0.117.0 (api) - DEBUG - GET to endpoint: business/eligibility/get_monetization_products_eligibility_data/?product_types=branded_content returned response: <Response [200]>
2021-08-08 20:25:45,946 - instabot version: 0.117.0 (api) - DEBUG - GET to endpoint: business/branded_content/should_require_professional_account/ returned response: <Response [200]>
2021-08-08 20:25:46,132 - instabot version: 0.117.0 (api) - DEBUG - GET to endpoint: linked_accounts/get_linkage_status/ returned response: <Response [200]>
2021-08-08 20:25:46,284 - instabot version: 0.117.0 (api) - DEBUG - GET to endpoint: locations/request_country/ returned response: <Response [200]>
2021-08-08 20:25:46,430 - instabot version: 0.117.0 (api) - DEBUG - GET to endpoint: qp/get_cooldowns/?signed_body=signed_body=4b9c516a5410a3bc128e09c6104a7f042146b9c2023870560c63a43a7f66781c.4&ig_sig_key_version=4&ig_sig_key_version=4 returned response: <Response [200]>
2021-08-08 20:25:46,571 - instabot version: 0.117.0 (api) - DEBUG - GET to endpoint: users/arlink_download_info/?version_override=2.2.1 returned response: <Response [200]>
2021-08-08 20:25:46,870 - instabot version: 0.117.0 (api) - DEBUG - GET to endpoint: users/49051026324/info/ returned response: <Response [200]>
2021-08-08 20:25:47,047 - instabot version: 0.117.0 (api) - DEBUG - GET to endpoint: direct_v2/get_presence/ returned response: <Response [200]>
2021-08-08 20:25:47,303 - instabot version: 0.117.0 (api) - DEBUG - GET to endpoint: direct_v2/inbox/?visual_message_return_type=unseen&thread_message_limit=10&persistentBadging=true&limit=20 returned response: <Response [200]>
2021-08-08 20:25:47,487 - instabot version: 0.117.0 (api) - DEBUG - GET to endpoint: direct_v2/inbox/?visual_message_return_type=unseen&persistentBadging=true&limit=0 returned response: <Response [200]>
2021-08-08 20:25:47,732 - instabot version: 0.117.0 (api) - DEBUG - GET to endpoint: discover/topical_explore/?is_prefetch=true&omit_cover_media=true&use_sectional_payload=true&timezone_offset=0&session_id=2870e188-574a-4674-b837-509bc1bf2bf4&include_fixed_destinations=true returned response: <Response [200]>
2021-08-08 20:25:47,904 - instabot version: 0.117.0 (api) - DEBUG - POST to endpoint: notifications/badge/ returned response: <Response [200]>
2021-08-08 20:25:48,182 - instabot version: 0.117.0 (api) - DEBUG - POST to endpoint: qp/batch_fetch/ returned response: <Response [200]>
2021-08-08 20:25:48,183 - instabot version: 0.117.0 (bot_checkpoint) - DEBUG - Loading Checkpoint file from: D:\Programming\2021\InstaBot/config/vocabexpansion.checkpoint
2021-08-08 20:25:48,503 - instabot version: 0.117.0 (api) - DEBUG - GET to endpoint: users/cursed.image5/usernameinfo/ returned response: <Response [200]>
2021-08-08 20:25:49,622 - instabot version: 0.117.0 (api) - DEBUG - GET to endpoint: feed/user/13869174215/?max_id=&min_timestamp=None&rank_token=49051026324_17bdc5e9-d959-44fd-af14-4f3fc7c3b645&ranked_content=true returned response: <Response [200]>
2021-08-08 20:25:49,877 - instabot version: 0.117.0 (api) - DEBUG - GET to endpoint: feed/user/13869174215/?max_id=2627006821922145007_13869174215&min_timestamp=None&rank_token=49051026324_17bdc5e9-d959-44fd-af14-4f3fc7c3b645&ranked_content=true returned response: <Response [200]>
2021-08-08 20:25:50,163 - instabot version: 0.117.0 (api) - DEBUG - GET to endpoint: feed/user/13869174215/?max_id=2619675716433076093_13869174215&min_timestamp=None&rank_token=49051026324_17bdc5e9-d959-44fd-af14-4f3fc7c3b645&ranked_content=true returned response: <Response [200]>
2021-08-08 20:25:50,416 - instabot version: 0.117.0 (api) - DEBUG - GET to endpoint: feed/user/13869174215/?max_id=2616029302911977791_13869174215&min_timestamp=None&rank_token=49051026324_17bdc5e9-d959-44fd-af14-4f3fc7c3b645&ranked_content=true returned response: <Response [200]>
2021-08-08 20:25:50,647 - instabot version: 0.117.0 (api) - DEBUG - GET to endpoint: feed/user/13869174215/?max_id=2612075644914190048_13869174215&min_timestamp=None&rank_token=49051026324_17bdc5e9-d959-44fd-af14-4f3fc7c3b645&ranked_content=true returned response: <Response [200]>
2021-08-08 20:25:50,953 - instabot version: 0.117.0 (api) - DEBUG - GET to endpoint: feed/user/13869174215/?max_id=2608464449245337598_13869174215&min_timestamp=None&rank_token=49051026324_17bdc5e9-d959-44fd-af14-4f3fc7c3b645&ranked_content=true returned response: <Response [200]>
2021-08-08 20:25:51,244 - instabot version: 0.117.0 (api) - DEBUG - GET to endpoint: feed/user/13869174215/?max_id=2604448057121969715_13869174215&min_timestamp=None&rank_token=49051026324_17bdc5e9-d959-44fd-af14-4f3fc7c3b645&ranked_content=true returned response: <Response [200]>
2021-08-08 20:25:51,518 - instabot version: 0.117.0 (api) - DEBUG - GET to endpoint: feed/user/13869174215/?max_id=2600808990010362967_13869174215&min_timestamp=None&rank_token=49051026324_17bdc5e9-d959-44fd-af14-4f3fc7c3b645&ranked_content=true returned response: <Response [200]>
2021-08-08 20:25:51,772 - instabot version: 0.117.0 (api) - DEBUG - GET to endpoint: feed/user/13869174215/?max_id=2596852946091185555_13869174215&min_timestamp=None&rank_token=49051026324_17bdc5e9-d959-44fd-af14-4f3fc7c3b645&ranked_content=true returned response: <Response [200]>
2021-08-08 20:25:52,010 - instabot version: 0.117.0 (api) - DEBUG - GET to endpoint: feed/user/13869174215/?max_id=2592851483765825911_13869174215&min_timestamp=None&rank_token=49051026324_17bdc5e9-d959-44fd-af14-4f3fc7c3b645&ranked_content=true returned response: <Response [200]>
2021-08-08 20:25:52,254 - instabot version: 0.117.0 (api) - DEBUG - GET to endpoint: feed/user/13869174215/?max_id=2588880307601335599_13869174215&min_timestamp=None&rank_token=49051026324_17bdc5e9-d959-44fd-af14-4f3fc7c3b645&ranked_content=true returned response: <Response [200]>
2021-08-08 20:25:52,525 - instabot version: 0.117.0 (api) - DEBUG - GET to endpoint: feed/user/13869174215/?max_id=2584866364463556674_13869174215&min_timestamp=None&rank_token=49051026324_17bdc5e9-d959-44fd-af14-4f3fc7c3b645&ranked_content=true returned response: <Response [200]>
2021-08-08 20:25:52,833 - instabot version: 0.117.0 (api) - DEBUG - GET to endpoint: feed/user/13869174215/?max_id=2581247525034690917_13869174215&min_timestamp=None&rank_token=49051026324_17bdc5e9-d959-44fd-af14-4f3fc7c3b645&ranked_content=true returned response: <Response [200]>
2021-08-08 20:25:53,129 - instabot version: 0.117.0 (api) - DEBUG - GET to endpoint: feed/user/13869174215/?max_id=2577299267916879224_13869174215&min_timestamp=None&rank_token=49051026324_17bdc5e9-d959-44fd-af14-4f3fc7c3b645&ranked_content=true returned response: <Response [200]>
2021-08-08 20:25:53,382 - instabot version: 0.117.0 (api) - DEBUG - GET to endpoint: feed/user/13869174215/?max_id=2573282960908303641_13869174215&min_timestamp=None&rank_token=49051026324_17bdc5e9-d959-44fd-af14-4f3fc7c3b645&ranked_content=true returned response: <Response [200]>
2021-08-08 20:25:53,672 - instabot version: 0.117.0 (api) - DEBUG - GET to endpoint: feed/user/13869174215/?max_id=2569281158050065140_13869174215&min_timestamp=None&rank_token=49051026324_17bdc5e9-d959-44fd-af14-4f3fc7c3b645&ranked_content=true returned response: <Response [200]>
2021-08-08 20:25:54,025 - instabot version: 0.117.0 (api) - DEBUG - GET to endpoint: feed/user/13869174215/?max_id=2565294912423872793_13869174215&min_timestamp=None&rank_token=49051026324_17bdc5e9-d959-44fd-af14-4f3fc7c3b645&ranked_content=true returned response: <Response [200]>
2021-08-08 20:25:54,296 - instabot version: 0.117.0 (api) - DEBUG - GET to endpoint: feed/user/13869174215/?max_id=2561338878552648250_13869174215&min_timestamp=None&rank_token=49051026324_17bdc5e9-d959-44fd-af14-4f3fc7c3b645&ranked_content=true returned response: <Response [200]>
2021-08-08 20:25:54,558 - instabot version: 0.117.0 (api) - DEBUG - GET to endpoint: feed/user/13869174215/?max_id=2557337612083800759_13869174215&min_timestamp=None&rank_token=49051026324_17bdc5e9-d959-44fd-af14-4f3fc7c3b645&ranked_content=true returned response: <Response [200]>
2021-08-08 20:25:54,908 - instabot version: 0.117.0 (api) - DEBUG - GET to endpoint: feed/user/13869174215/?max_id=2553366340754532347_13869174215&min_timestamp=None&rank_token=49051026324_17bdc5e9-d959-44fd-af14-4f3fc7c3b645&ranked_content=true returned response: <Response [200]>
2021-08-08 20:25:55,198 - instabot version: 0.117.0 (api) - DEBUG - GET to endpoint: feed/user/13869174215/?max_id=2549334806483806278_13869174215&min_timestamp=None&rank_token=49051026324_17bdc5e9-d959-44fd-af14-4f3fc7c3b645&ranked_content=true returned response: <Response [200]>
2021-08-08 20:25:55,484 - instabot version: 0.117.0 (api) - DEBUG - GET to endpoint: feed/user/13869174215/?max_id=2546121865225531881_13869174215&min_timestamp=None&rank_token=49051026324_17bdc5e9-d959-44fd-af14-4f3fc7c3b645&ranked_content=true returned response: <Response [200]>
2021-08-08 20:25:55,756 - instabot version: 0.117.0 (api) - DEBUG - GET to endpoint: feed/user/13869174215/?max_id=2542844458453524969_13869174215&min_timestamp=None&rank_token=49051026324_17bdc5e9-d959-44fd-af14-4f3fc7c3b645&ranked_content=true returned response: <Response [200]>
2021-08-08 20:25:56,118 - instabot version: 0.117.0 (api) - DEBUG - GET to endpoint: feed/user/13869174215/?max_id=2538870819034279157_13869174215&min_timestamp=None&rank_token=49051026324_17bdc5e9-d959-44fd-af14-4f3fc7c3b645&ranked_content=true returned response: <Response [200]>
2021-08-08 20:25:56,376 - instabot version: 0.117.0 (api) - DEBUG - GET to endpoint: feed/user/13869174215/?max_id=2535274632598968565_13869174215&min_timestamp=None&rank_token=49051026324_17bdc5e9-d959-44fd-af14-4f3fc7c3b645&ranked_content=true returned response: <Response [200]>
2021-08-08 20:25:56,651 - instabot version: 0.117.0 (api) - DEBUG - GET to endpoint: feed/user/13869174215/?max_id=2531260658377323489_13869174215&min_timestamp=None&rank_token=49051026324_17bdc5e9-d959-44fd-af14-4f3fc7c3b645&ranked_content=true returned response: <Response [200]>
2021-08-08 20:25:56,894 - instabot version: 0.117.0 (api) - DEBUG - GET to endpoint: feed/user/13869174215/?max_id=2527651867818732962_13869174215&min_timestamp=None&rank_token=49051026324_17bdc5e9-d959-44fd-af14-4f3fc7c3b645&ranked_content=true returned response: <Response [200]>
2021-08-08 20:25:57,206 - instabot version: 0.117.0 (api) - DEBUG - GET to endpoint: feed/user/13869174215/?max_id=2523650558758324966_13869174215&min_timestamp=None&rank_token=49051026324_17bdc5e9-d959-44fd-af14-4f3fc7c3b645&ranked_content=true returned response: <Response [200]>
2021-08-08 20:25:57,488 - instabot version: 0.117.0 (api) - DEBUG - GET to endpoint: feed/user/13869174215/?max_id=2520389119348269536_13869174215&min_timestamp=None&rank_token=49051026324_17bdc5e9-d959-44fd-af14-4f3fc7c3b645&ranked_content=true returned response: <Response [200]>
2021-08-08 20:25:57,800 - instabot version: 0.117.0 (api) - DEBUG - GET to endpoint: feed/user/13869174215/?max_id=2516448172644863607_13869174215&min_timestamp=None&rank_token=49051026324_17bdc5e9-d959-44fd-af14-4f3fc7c3b645&ranked_content=true returned response: <Response [200]>
2021-08-08 20:25:58,064 - instabot version: 0.117.0 (api) - DEBUG - GET to endpoint: feed/user/13869174215/?max_id=2513503680948820670_13869174215&min_timestamp=None&rank_token=49051026324_17bdc5e9-d959-44fd-af14-4f3fc7c3b645&ranked_content=true returned response: <Response [200]>
2021-08-08 20:25:58,302 - instabot version: 0.117.0 (api) - DEBUG - GET to endpoint: feed/user/13869174215/?max_id=2509907452856539156_13869174215&min_timestamp=None&rank_token=49051026324_17bdc5e9-d959-44fd-af14-4f3fc7c3b645&ranked_content=true returned response: <Response [200]>
2021-08-08 20:25:58,573 - instabot version: 0.117.0 (api) - DEBUG - GET to endpoint: feed/user/13869174215/?max_id=2505896147260937226_13869174215&min_timestamp=None&rank_token=49051026324_17bdc5e9-d959-44fd-af14-4f3fc7c3b645&ranked_content=true returned response: <Response [200]>
2021-08-08 20:25:58,834 - instabot version: 0.117.0 (api) - DEBUG - GET to endpoint: feed/user/13869174215/?max_id=2503009582017478721_13869174215&min_timestamp=None&rank_token=49051026324_17bdc5e9-d959-44fd-af14-4f3fc7c3b645&ranked_content=true returned response: <Response [200]>
2021-08-08 20:25:59,075 - instabot version: 0.117.0 (api) - DEBUG - GET to endpoint: feed/user/13869174215/?max_id=2500487979237927734_13869174215&min_timestamp=None&rank_token=49051026324_17bdc5e9-d959-44fd-af14-4f3fc7c3b645&ranked_content=true returned response: <Response [200]>
2021-08-08 20:25:59,326 - instabot version: 0.117.0 (api) - DEBUG - GET to endpoint: feed/user/13869174215/?max_id=2498191784678850381_13869174215&min_timestamp=None&rank_token=49051026324_17bdc5e9-d959-44fd-af14-4f3fc7c3b645&ranked_content=true returned response: <Response [200]>
2021-08-08 20:25:59,575 - instabot version: 0.117.0 (api) - DEBUG - GET to endpoint: feed/user/13869174215/?max_id=2495159097970006057_13869174215&min_timestamp=None&rank_token=49051026324_17bdc5e9-d959-44fd-af14-4f3fc7c3b645&ranked_content=true returned response: <Response [200]>
2021-08-08 20:25:59,890 - instabot version: 0.117.0 (api) - DEBUG - GET to endpoint: feed/user/13869174215/?max_id=2492287936005346842_13869174215&min_timestamp=None&rank_token=49051026324_17bdc5e9-d959-44fd-af14-4f3fc7c3b645&ranked_content=true returned response: <Response [200]>
2021-08-08 20:26:00,203 - instabot version: 0.117.0 (api) - DEBUG - GET to endpoint: feed/user/13869174215/?max_id=2489379386836694351_13869174215&min_timestamp=None&rank_token=49051026324_17bdc5e9-d959-44fd-af14-4f3fc7c3b645&ranked_content=true returned response: <Response [200]>
2021-08-08 20:26:00,436 - instabot version: 0.117.0 (api) - DEBUG - GET to endpoint: feed/user/13869174215/?max_id=2485604885354158165_13869174215&min_timestamp=None&rank_token=49051026324_17bdc5e9-d959-44fd-af14-4f3fc7c3b645&ranked_content=true returned response: <Response [200]>
2021-08-08 20:26:00,676 - instabot version: 0.117.0 (api) - DEBUG - GET to endpoint: feed/user/13869174215/?max_id=2481658809552785190_13869174215&min_timestamp=None&rank_token=49051026324_17bdc5e9-d959-44fd-af14-4f3fc7c3b645&ranked_content=true returned response: <Response [200]>
2021-08-08 20:26:00,960 - instabot version: 0.117.0 (api) - DEBUG - GET to endpoint: feed/user/13869174215/?max_id=2477637392916375526_13869174215&min_timestamp=None&rank_token=49051026324_17bdc5e9-d959-44fd-af14-4f3fc7c3b645&ranked_content=true returned response: <Response [200]>
2021-08-08 20:26:01,270 - instabot version: 0.117.0 (api) - DEBUG - GET to endpoint: feed/user/13869174215/?max_id=2473998403021973285_13869174215&min_timestamp=None&rank_token=49051026324_17bdc5e9-d959-44fd-af14-4f3fc7c3b645&ranked_content=true returned response: <Response [200]>
2021-08-08 20:26:01,516 - instabot version: 0.117.0 (api) - DEBUG - GET to endpoint: feed/user/13869174215/?max_id=2470384560697944046_13869174215&min_timestamp=None&rank_token=49051026324_17bdc5e9-d959-44fd-af14-4f3fc7c3b645&ranked_content=true returned response: <Response [200]>
2021-08-08 20:26:01,973 - instabot version: 0.117.0 (api) - DEBUG - GET to endpoint: feed/user/13869174215/?max_id=2466461316447974388_13869174215&min_timestamp=None&rank_token=49051026324_17bdc5e9-d959-44fd-af14-4f3fc7c3b645&ranked_content=true returned response: <Response [200]>
2021-08-08 20:26:02,305 - instabot version: 0.117.0 (api) - DEBUG - GET to endpoint: feed/user/13869174215/?max_id=2462444695553551389_13869174215&min_timestamp=None&rank_token=49051026324_17bdc5e9-d959-44fd-af14-4f3fc7c3b645&ranked_content=true returned response: <Response [200]>
2021-08-08 20:26:02,616 - instabot version: 0.117.0 (api) - DEBUG - GET to endpoint: feed/user/13869174215/?max_id=2458481184902369844_13869174215&min_timestamp=None&rank_token=49051026324_17bdc5e9-d959-44fd-af14-4f3fc7c3b645&ranked_content=true returned response: <Response [200]>
2021-08-08 20:26:02,900 - instabot version: 0.117.0 (api) - DEBUG - GET to endpoint: feed/user/13869174215/?max_id=2454447083499958172_13869174215&min_timestamp=None&rank_token=49051026324_17bdc5e9-d959-44fd-af14-4f3fc7c3b645&ranked_content=true returned response: <Response [200]>
2021-08-08 20:26:03,212 - instabot version: 0.117.0 (api) - DEBUG - GET to endpoint: feed/user/13869174215/?max_id=2450513641242678994_13869174215&min_timestamp=None&rank_token=49051026324_17bdc5e9-d959-44fd-af14-4f3fc7c3b645&ranked_content=true returned response: <Response [200]>
2021-08-08 20:26:03,519 - instabot version: 0.117.0 (api) - DEBUG - GET to endpoint: feed/user/13869174215/?max_id=2446436818937342283_13869174215&min_timestamp=None&rank_token=49051026324_17bdc5e9-d959-44fd-af14-4f3fc7c3b645&ranked_content=true returned response: <Response [200]>
2021-08-08 20:26:03,797 - instabot version: 0.117.0 (api) - DEBUG - GET to endpoint: feed/user/13869174215/?max_id=2442762723070537056_13869174215&min_timestamp=None&rank_token=49051026324_17bdc5e9-d959-44fd-af14-4f3fc7c3b645&ranked_content=true returned response: <Response [200]>
2021-08-08 20:26:04,134 - instabot version: 0.117.0 (api) - DEBUG - GET to endpoint: feed/user/13869174215/?max_id=2438517033692923929_13869174215&min_timestamp=None&rank_token=49051026324_17bdc5e9-d959-44fd-af14-4f3fc7c3b645&ranked_content=true returned response: <Response [200]>
2021-08-08 20:26:04,432 - instabot version: 0.117.0 (api) - DEBUG - GET to endpoint: feed/user/13869174215/?max_id=2434920832857859185_13869174215&min_timestamp=None&rank_token=49051026324_17bdc5e9-d959-44fd-af14-4f3fc7c3b645&ranked_content=true returned response: <Response [200]>
2021-08-08 20:26:04,714 - instabot version: 0.117.0 (api) - DEBUG - GET to endpoint: feed/user/13869174215/?max_id=2431261865070884804_13869174215&min_timestamp=None&rank_token=49051026324_17bdc5e9-d959-44fd-af14-4f3fc7c3b645&ranked_content=true returned response: <Response [200]>
2021-08-08 20:26:04,981 - instabot version: 0.117.0 (api) - DEBUG - GET to endpoint: feed/user/13869174215/?max_id=2427280537099055722_13869174215&min_timestamp=None&rank_token=49051026324_17bdc5e9-d959-44fd-af14-4f3fc7c3b645&ranked_content=true returned response: <Response [200]>
2021-08-08 20:26:05,250 - instabot version: 0.117.0 (api) - DEBUG - GET to endpoint: feed/user/13869174215/?max_id=2424005391845586081_13869174215&min_timestamp=None&rank_token=49051026324_17bdc5e9-d959-44fd-af14-4f3fc7c3b645&ranked_content=true returned response: <Response [200]>
2021-08-08 20:26:05,560 - instabot version: 0.117.0 (api) - DEBUG - GET to endpoint: feed/user/13869174215/?max_id=2420767666307556158_13869174215&min_timestamp=None&rank_token=49051026324_17bdc5e9-d959-44fd-af14-4f3fc7c3b645&ranked_content=true returned response: <Response [200]>
2021-08-08 20:26:05,869 - instabot version: 0.117.0 (api) - DEBUG - GET to endpoint: feed/user/13869174215/?max_id=2417557224753032127_13869174215&min_timestamp=None&rank_token=49051026324_17bdc5e9-d959-44fd-af14-4f3fc7c3b645&ranked_content=true returned response: <Response [200]>
2021-08-08 20:26:06,163 - instabot version: 0.117.0 (api) - DEBUG - GET to endpoint: feed/user/13869174215/?max_id=2413524897803202468_13869174215&min_timestamp=None&rank_token=49051026324_17bdc5e9-d959-44fd-af14-4f3fc7c3b645&ranked_content=true returned response: <Response [200]>
2021-08-08 20:26:06,461 - instabot version: 0.117.0 (api) - DEBUG - GET to endpoint: feed/user/13869174215/?max_id=2409906390624474488_13869174215&min_timestamp=None&rank_token=49051026324_17bdc5e9-d959-44fd-af14-4f3fc7c3b645&ranked_content=true returned response: <Response [200]>
2021-08-08 20:26:06,739 - instabot version: 0.117.0 (api) - DEBUG - GET to endpoint: feed/user/13869174215/?max_id=2405847057270144376_13869174215&min_timestamp=None&rank_token=49051026324_17bdc5e9-d959-44fd-af14-4f3fc7c3b645&ranked_content=true returned response: <Response [200]>
2021-08-08 20:26:07,015 - instabot version: 0.117.0 (api) - DEBUG - GET to endpoint: feed/user/13869174215/?max_id=2401505681258824564_13869174215&min_timestamp=None&rank_token=49051026324_17bdc5e9-d959-44fd-af14-4f3fc7c3b645&ranked_content=true returned response: <Response [200]>
2021-08-08 20:26:07,402 - instabot version: 0.117.0 (api) - DEBUG - GET to endpoint: feed/user/13869174215/?max_id=2397861648174948548_13869174215&min_timestamp=None&rank_token=49051026324_17bdc5e9-d959-44fd-af14-4f3fc7c3b645&ranked_content=true returned response: <Response [200]>
2021-08-08 20:26:07,742 - instabot version: 0.117.0 (api) - DEBUG - GET to endpoint: feed/user/13869174215/?max_id=2394253763768774295_13869174215&min_timestamp=None&rank_token=49051026324_17bdc5e9-d959-44fd-af14-4f3fc7c3b645&ranked_content=true returned response: <Response [200]>
2021-08-08 20:26:08,100 - instabot version: 0.117.0 (api) - DEBUG - GET to endpoint: feed/user/13869174215/?max_id=2389568840218721122_13869174215&min_timestamp=None&rank_token=49051026324_17bdc5e9-d959-44fd-af14-4f3fc7c3b645&ranked_content=true returned response: <Response [200]>
2021-08-08 20:26:08,426 - instabot version: 0.117.0 (api) - DEBUG - GET to endpoint: feed/user/13869174215/?max_id=2385241224074730879_13869174215&min_timestamp=None&rank_token=49051026324_17bdc5e9-d959-44fd-af14-4f3fc7c3b645&ranked_content=true returned response: <Response [200]>
2021-08-08 20:26:08,693 - instabot version: 0.117.0 (api) - DEBUG - GET to endpoint: feed/user/13869174215/?max_id=2380896500597416876_13869174215&min_timestamp=None&rank_token=49051026324_17bdc5e9-d959-44fd-af14-4f3fc7c3b645&ranked_content=true returned response: <Response [200]>
2021-08-08 20:26:09,043 - instabot version: 0.117.0 (api) - DEBUG - GET to endpoint: feed/user/13869174215/?max_id=2376610224578887712_13869174215&min_timestamp=None&rank_token=49051026324_17bdc5e9-d959-44fd-af14-4f3fc7c3b645&ranked_content=true returned response: <Response [200]>
2021-08-08 20:26:09,282 - instabot version: 0.117.0 (api) - DEBUG - GET to endpoint: feed/user/13869174215/?max_id=2372194847807708285_13869174215&min_timestamp=None&rank_token=49051026324_17bdc5e9-d959-44fd-af14-4f3fc7c3b645&ranked_content=true returned response: <Response [200]>
2021-08-08 20:26:09,568 - instabot version: 0.117.0 (api) - DEBUG - GET to endpoint: feed/user/13869174215/?max_id=2368203814308597466_13869174215&min_timestamp=None&rank_token=49051026324_17bdc5e9-d959-44fd-af14-4f3fc7c3b645&ranked_content=true returned response: <Response [200]>
2021-08-08 20:26:09,837 - instabot version: 0.117.0 (api) - DEBUG - GET to endpoint: feed/user/13869174215/?max_id=2364221685417402943_13869174215&min_timestamp=None&rank_token=49051026324_17bdc5e9-d959-44fd-af14-4f3fc7c3b645&ranked_content=true returned response: <Response [200]>
2021-08-08 20:26:10,137 - instabot version: 0.117.0 (api) - DEBUG - GET to endpoint: feed/user/13869174215/?max_id=2360227530920065512_13869174215&min_timestamp=None&rank_token=49051026324_17bdc5e9-d959-44fd-af14-4f3fc7c3b645&ranked_content=true returned response: <Response [200]>
2021-08-08 20:26:10,474 - instabot version: 0.117.0 (api) - DEBUG - GET to endpoint: feed/user/13869174215/?max_id=2356258094605220585_13869174215&min_timestamp=None&rank_token=49051026324_17bdc5e9-d959-44fd-af14-4f3fc7c3b645&ranked_content=true returned response: <Response [200]>
2021-08-08 20:26:10,783 - instabot version: 0.117.0 (api) - DEBUG - GET to endpoint: feed/user/13869174215/?max_id=2352239842162056726_13869174215&min_timestamp=None&rank_token=49051026324_17bdc5e9-d959-44fd-af14-4f3fc7c3b645&ranked_content=true returned response: <Response [200]>
2021-08-08 20:26:11,086 - instabot version: 0.117.0 (api) - DEBUG - GET to endpoint: feed/user/13869174215/?max_id=2347932369305272038_13869174215&min_timestamp=None&rank_token=49051026324_17bdc5e9-d959-44fd-af14-4f3fc7c3b645&ranked_content=true returned response: <Response [200]>
2021-08-08 20:26:11,387 - instabot version: 0.117.0 (api) - DEBUG - GET to endpoint: feed/user/13869174215/?max_id=2343914126366376146_13869174215&min_timestamp=None&rank_token=49051026324_17bdc5e9-d959-44fd-af14-4f3fc7c3b645&ranked_content=true returned response: <Response [200]>
2021-08-08 20:26:11,706 - instabot version: 0.117.0 (api) - DEBUG - GET to endpoint: feed/user/13869174215/?max_id=2339924012896143170_13869174215&min_timestamp=None&rank_token=49051026324_17bdc5e9-d959-44fd-af14-4f3fc7c3b645&ranked_content=true returned response: <Response [200]>
2021-08-08 20:26:11,957 - instabot version: 0.117.0 (api) - DEBUG - GET to endpoint: feed/user/13869174215/?max_id=2335958209729438476_13869174215&min_timestamp=None&rank_token=49051026324_17bdc5e9-d959-44fd-af14-4f3fc7c3b645&ranked_content=true returned response: <Response [200]>
2021-08-08 20:26:12,287 - instabot version: 0.117.0 (api) - DEBUG - GET to endpoint: feed/user/13869174215/?max_id=2331607868460461757_13869174215&min_timestamp=None&rank_token=49051026324_17bdc5e9-d959-44fd-af14-4f3fc7c3b645&ranked_content=true returned response: <Response [200]>
2021-08-08 20:26:12,532 - instabot version: 0.117.0 (api) - DEBUG - GET to endpoint: feed/user/13869174215/?max_id=2328379235595971805_13869174215&min_timestamp=None&rank_token=49051026324_17bdc5e9-d959-44fd-af14-4f3fc7c3b645&ranked_content=true returned response: <Response [200]>
2021-08-08 20:26:12,849 - instabot version: 0.117.0 (api) - DEBUG - GET to endpoint: feed/user/13869174215/?max_id=2324730966164587660_13869174215&min_timestamp=None&rank_token=49051026324_17bdc5e9-d959-44fd-af14-4f3fc7c3b645&ranked_content=true returned response: <Response [200]>
2021-08-08 20:26:13,151 - instabot version: 0.117.0 (api) - DEBUG - GET to endpoint: feed/user/13869174215/?max_id=2321476199749453672_13869174215&min_timestamp=None&rank_token=49051026324_17bdc5e9-d959-44fd-af14-4f3fc7c3b645&ranked_content=true returned response: <Response [200]>
2021-08-08 20:26:13,416 - instabot version: 0.117.0 (api) - DEBUG - GET to endpoint: feed/user/13869174215/?max_id=2319285556990117401_13869174215&min_timestamp=None&rank_token=49051026324_17bdc5e9-d959-44fd-af14-4f3fc7c3b645&ranked_content=true returned response: <Response [200]>
2021-08-08 20:26:13,696 - instabot version: 0.117.0 (api) - DEBUG - GET to endpoint: feed/user/13869174215/?max_id=2316386269113203931_13869174215&min_timestamp=None&rank_token=49051026324_17bdc5e9-d959-44fd-af14-4f3fc7c3b645&ranked_content=true returned response: <Response [200]>
2021-08-08 20:26:13,935 - instabot version: 0.117.0 (api) - DEBUG - GET to endpoint: feed/user/13869174215/?max_id=2314193600110706263_13869174215&min_timestamp=None&rank_token=49051026324_17bdc5e9-d959-44fd-af14-4f3fc7c3b645&ranked_content=true returned response: <Response [200]>
2021-08-08 20:26:14,190 - instabot version: 0.117.0 (api) - DEBUG - GET to endpoint: feed/user/13869174215/?max_id=2312028881824274846_13869174215&min_timestamp=None&rank_token=49051026324_17bdc5e9-d959-44fd-af14-4f3fc7c3b645&ranked_content=true returned response: <Response [200]>
2021-08-08 20:26:14,432 - instabot version: 0.117.0 (api) - DEBUG - GET to endpoint: feed/user/13869174215/?max_id=2309881106688960121_13869174215&min_timestamp=None&rank_token=49051026324_17bdc5e9-d959-44fd-af14-4f3fc7c3b645&ranked_content=true returned response: <Response [200]>
2021-08-08 20:26:14,689 - instabot version: 0.117.0 (api) - DEBUG - GET to endpoint: feed/user/13869174215/?max_id=2307678900057530000_13869174215&min_timestamp=None&rank_token=49051026324_17bdc5e9-d959-44fd-af14-4f3fc7c3b645&ranked_content=true returned response: <Response [200]>
2021-08-08 20:26:15,042 - instabot version: 0.117.0 (api) - DEBUG - GET to endpoint: feed/user/13869174215/?max_id=2305509300993546291_13869174215&min_timestamp=None&rank_token=49051026324_17bdc5e9-d959-44fd-af14-4f3fc7c3b645&ranked_content=true returned response: <Response [200]>
2021-08-08 20:26:15,303 - instabot version: 0.117.0 (api) - DEBUG - GET to endpoint: feed/user/13869174215/?max_id=2303698722130083595_13869174215&min_timestamp=None&rank_token=49051026324_17bdc5e9-d959-44fd-af14-4f3fc7c3b645&ranked_content=true returned response: <Response [200]>
2021-08-08 20:26:15,550 - instabot version: 0.117.0 (api) - DEBUG - GET to endpoint: feed/user/13869174215/?max_id=2301141406520273147_13869174215&min_timestamp=None&rank_token=49051026324_17bdc5e9-d959-44fd-af14-4f3fc7c3b645&ranked_content=true returned response: <Response [200]>
2021-08-08 20:26:15,819 - instabot version: 0.117.0 (api) - DEBUG - GET to endpoint: feed/user/13869174215/?max_id=2298993503525843005_13869174215&min_timestamp=None&rank_token=49051026324_17bdc5e9-d959-44fd-af14-4f3fc7c3b645&ranked_content=true returned response: <Response [200]>
2021-08-08 20:26:16,089 - instabot version: 0.117.0 (api) - DEBUG - GET to endpoint: feed/user/13869174215/?max_id=2296813637426740298_13869174215&min_timestamp=None&rank_token=49051026324_17bdc5e9-d959-44fd-af14-4f3fc7c3b645&ranked_content=true returned response: <Response [200]>
2021-08-08 20:26:16,361 - instabot version: 0.117.0 (api) - DEBUG - GET to endpoint: feed/user/13869174215/?max_id=2294647399090917642_13869174215&min_timestamp=None&rank_token=49051026324_17bdc5e9-d959-44fd-af14-4f3fc7c3b645&ranked_content=true returned response: <Response [200]>
2021-08-08 20:26:16,629 - instabot version: 0.117.0 (api) - DEBUG - GET to endpoint: feed/user/13869174215/?max_id=2292479275767947776_13869174215&min_timestamp=None&rank_token=49051026324_17bdc5e9-d959-44fd-af14-4f3fc7c3b645&ranked_content=true returned response: <Response [200]>
2021-08-08 20:26:16,910 - instabot version: 0.117.0 (api) - DEBUG - GET to endpoint: feed/user/13869174215/?max_id=2290284605604301049_13869174215&min_timestamp=None&rank_token=49051026324_17bdc5e9-d959-44fd-af14-4f3fc7c3b645&ranked_content=true returned response: <Response [200]>
2021-08-08 20:26:17,225 - instabot version: 0.117.0 (api) - DEBUG - GET to endpoint: feed/user/13869174215/?max_id=2288117468345290666_13869174215&min_timestamp=None&rank_token=49051026324_17bdc5e9-d959-44fd-af14-4f3fc7c3b645&ranked_content=true returned response: <Response [200]>
2021-08-08 20:26:17,466 - instabot version: 0.117.0 (api) - DEBUG - GET to endpoint: feed/user/13869174215/?max_id=2285955834810109798_13869174215&min_timestamp=None&rank_token=49051026324_17bdc5e9-d959-44fd-af14-4f3fc7c3b645&ranked_content=true returned response: <Response [200]>
2021-08-08 20:26:17,712 - instabot version: 0.117.0 (api) - DEBUG - GET to endpoint: feed/user/13869174215/?max_id=2283415223997395841_13869174215&min_timestamp=None&rank_token=49051026324_17bdc5e9-d959-44fd-af14-4f3fc7c3b645&ranked_content=true returned response: <Response [200]>
2021-08-08 20:26:17,993 - instabot version: 0.117.0 (api) - DEBUG - GET to endpoint: feed/user/13869174215/?max_id=2281200995609818532_13869174215&min_timestamp=None&rank_token=49051026324_17bdc5e9-d959-44fd-af14-4f3fc7c3b645&ranked_content=true returned response: <Response [200]>
2021-08-08 20:26:18,236 - instabot version: 0.117.0 (api) - DEBUG - GET to endpoint: feed/user/13869174215/?max_id=2279044064098963779_13869174215&min_timestamp=None&rank_token=49051026324_17bdc5e9-d959-44fd-af14-4f3fc7c3b645&ranked_content=true returned response: <Response [200]>
2021-08-08 20:26:18,497 - instabot version: 0.117.0 (api) - DEBUG - GET to endpoint: feed/user/13869174215/?max_id=2276848883413051982_13869174215&min_timestamp=None&rank_token=49051026324_17bdc5e9-d959-44fd-af14-4f3fc7c3b645&ranked_content=true returned response: <Response [200]>
2021-08-08 20:26:18,760 - instabot version: 0.117.0 (api) - DEBUG - GET to endpoint: feed/user/13869174215/?max_id=2275105717928542365_13869174215&min_timestamp=None&rank_token=49051026324_17bdc5e9-d959-44fd-af14-4f3fc7c3b645&ranked_content=true returned response: <Response [200]>
2021-08-08 20:26:18,993 - instabot version: 0.117.0 (api) - DEBUG - GET to endpoint: feed/user/13869174215/?max_id=2272913518126101069_13869174215&min_timestamp=None&rank_token=49051026324_17bdc5e9-d959-44fd-af14-4f3fc7c3b645&ranked_content=true returned response: <Response [200]>
2021-08-08 20:26:19,251 - instabot version: 0.117.0 (api) - DEBUG - GET to endpoint: feed/user/13869174215/?max_id=2270380244401011081_13869174215&min_timestamp=None&rank_token=49051026324_17bdc5e9-d959-44fd-af14-4f3fc7c3b645&ranked_content=true returned response: <Response [200]>
2021-08-08 20:26:19,627 - instabot version: 0.117.0 (api) - DEBUG - GET to endpoint: feed/user/13869174215/?max_id=2267864754692595415_13869174215&min_timestamp=None&rank_token=49051026324_17bdc5e9-d959-44fd-af14-4f3fc7c3b645&ranked_content=true returned response: <Response [200]>
2021-08-08 20:26:19,892 - instabot version: 0.117.0 (api) - DEBUG - GET to endpoint: feed/user/13869174215/?max_id=2265569927863173338_13869174215&min_timestamp=None&rank_token=49051026324_17bdc5e9-d959-44fd-af14-4f3fc7c3b645&ranked_content=true returned response: <Response [200]>
2021-08-08 20:26:20,172 - instabot version: 0.117.0 (api) - DEBUG - GET to endpoint: feed/user/13869174215/?max_id=2263422735895422787_13869174215&min_timestamp=None&rank_token=49051026324_17bdc5e9-d959-44fd-af14-4f3fc7c3b645&ranked_content=true returned response: <Response [200]>
2021-08-08 20:26:20,473 - instabot version: 0.117.0 (api) - DEBUG - GET to endpoint: feed/user/13869174215/?max_id=2261642293601037769_13869174215&min_timestamp=None&rank_token=49051026324_17bdc5e9-d959-44fd-af14-4f3fc7c3b645&ranked_content=true returned response: <Response [200]>
2021-08-08 20:26:20,739 - instabot version: 0.117.0 (api) - DEBUG - GET to endpoint: feed/user/13869174215/?max_id=2259516959720006649_13869174215&min_timestamp=None&rank_token=49051026324_17bdc5e9-d959-44fd-af14-4f3fc7c3b645&ranked_content=true returned response: <Response [200]>
2021-08-08 20:26:20,990 - instabot version: 0.117.0 (api) - DEBUG - GET to endpoint: feed/user/13869174215/?max_id=2257282122435214448_13869174215&min_timestamp=None&rank_token=49051026324_17bdc5e9-d959-44fd-af14-4f3fc7c3b645&ranked_content=true returned response: <Response [200]>
2021-08-08 20:26:21,250 - instabot version: 0.117.0 (api) - DEBUG - GET to endpoint: feed/user/13869174215/?max_id=2255544951315479537_13869174215&min_timestamp=None&rank_token=49051026324_17bdc5e9-d959-44fd-af14-4f3fc7c3b645&ranked_content=true returned response: <Response [200]>
2021-08-08 20:26:21,566 - instabot version: 0.117.0 (api) - DEBUG - GET to endpoint: feed/user/13869174215/?max_id=2252999937985230814_13869174215&min_timestamp=None&rank_token=49051026324_17bdc5e9-d959-44fd-af14-4f3fc7c3b645&ranked_content=true returned response: <Response [200]>
2021-08-08 20:26:21,844 - instabot version: 0.117.0 (api) - DEBUG - GET to endpoint: feed/user/13869174215/?max_id=2250840962925613198_13869174215&min_timestamp=None&rank_token=49051026324_17bdc5e9-d959-44fd-af14-4f3fc7c3b645&ranked_content=true returned response: <Response [200]>
2021-08-08 20:26:22,128 - instabot version: 0.117.0 (api) - DEBUG - GET to endpoint: feed/user/13869174215/?max_id=2248652537275604318_13869174215&min_timestamp=None&rank_token=49051026324_17bdc5e9-d959-44fd-af14-4f3fc7c3b645&ranked_content=true returned response: <Response [200]>
2021-08-08 20:26:22,479 - instabot version: 0.117.0 (api) - DEBUG - GET to endpoint: feed/user/13869174215/?max_id=2245744852569688800_13869174215&min_timestamp=None&rank_token=49051026324_17bdc5e9-d959-44fd-af14-4f3fc7c3b645&ranked_content=true returned response: <Response [200]>
2021-08-08 20:26:22,809 - instabot version: 0.117.0 (api) - DEBUG - GET to endpoint: feed/user/13869174215/?max_id=2243508331120950980_13869174215&min_timestamp=None&rank_token=49051026324_17bdc5e9-d959-44fd-af14-4f3fc7c3b645&ranked_content=true returned response: <Response [200]>
2021-08-08 20:26:23,058 - instabot version: 0.117.0 (api) - DEBUG - GET to endpoint: feed/user/13869174215/?max_id=2241037100647821231_13869174215&min_timestamp=None&rank_token=49051026324_17bdc5e9-d959-44fd-af14-4f3fc7c3b645&ranked_content=true returned response: <Response [200]>
2021-08-08 20:26:23,472 - instabot version: 0.117.0 (api) - DEBUG - GET to endpoint: feed/user/13869174215/?max_id=2238872139167200337_13869174215&min_timestamp=None&rank_token=49051026324_17bdc5e9-d959-44fd-af14-4f3fc7c3b645&ranked_content=true returned response: <Response [200]>
2021-08-08 20:26:23,810 - instabot version: 0.117.0 (api) - DEBUG - GET to endpoint: feed/user/13869174215/?max_id=2235944676942533284_13869174215&min_timestamp=None&rank_token=49051026324_17bdc5e9-d959-44fd-af14-4f3fc7c3b645&ranked_content=true returned response: <Response [200]>
2021-08-08 20:26:24,107 - instabot version: 0.117.0 (api) - DEBUG - GET to endpoint: feed/user/13869174215/?max_id=2233816588645504128_13869174215&min_timestamp=None&rank_token=49051026324_17bdc5e9-d959-44fd-af14-4f3fc7c3b645&ranked_content=true returned response: <Response [200]>
2021-08-08 20:26:24,371 - instabot version: 0.117.0 (api) - DEBUG - GET to endpoint: feed/user/13869174215/?max_id=2231580339624961569_13869174215&min_timestamp=None&rank_token=49051026324_17bdc5e9-d959-44fd-af14-4f3fc7c3b645&ranked_content=true returned response: <Response [200]>
2021-08-08 20:26:24,645 - instabot version: 0.117.0 (api) - DEBUG - GET to endpoint: feed/user/13869174215/?max_id=2229277999211403835_13869174215&min_timestamp=None&rank_token=49051026324_17bdc5e9-d959-44fd-af14-4f3fc7c3b645&ranked_content=true returned response: <Response [200]>
2021-08-08 20:26:24,918 - instabot version: 0.117.0 (api) - DEBUG - GET to endpoint: feed/user/13869174215/?max_id=2226832641361247307_13869174215&min_timestamp=None&rank_token=49051026324_17bdc5e9-d959-44fd-af14-4f3fc7c3b645&ranked_content=true returned response: <Response [200]>
2021-08-08 20:26:25,219 - instabot version: 0.117.0 (api) - DEBUG - GET to endpoint: feed/user/13869174215/?max_id=2225107040698903571_13869174215&min_timestamp=None&rank_token=49051026324_17bdc5e9-d959-44fd-af14-4f3fc7c3b645&ranked_content=true returned response: <Response [200]>
2021-08-08 20:26:25,487 - instabot version: 0.117.0 (api) - DEBUG - GET to endpoint: feed/user/13869174215/?max_id=2223487028225646761_13869174215&min_timestamp=None&rank_token=49051026324_17bdc5e9-d959-44fd-af14-4f3fc7c3b645&ranked_content=true returned response: <Response [200]>
2021-08-08 20:26:25,800 - instabot version: 0.117.0 (api) - DEBUG - GET to endpoint: feed/user/13869174215/?max_id=2221400329203107780_13869174215&min_timestamp=None&rank_token=49051026324_17bdc5e9-d959-44fd-af14-4f3fc7c3b645&ranked_content=true returned response: <Response [200]>
2021-08-08 20:26:26,136 - instabot version: 0.117.0 (api) - DEBUG - GET to endpoint: feed/user/13869174215/?max_id=2219852942957491541_13869174215&min_timestamp=None&rank_token=49051026324_17bdc5e9-d959-44fd-af14-4f3fc7c3b645&ranked_content=true returned response: <Response [200]>
2021-08-08 20:26:26,479 - instabot version: 0.117.0 (api) - DEBUG - GET to endpoint: feed/user/13869174215/?max_id=2217605560870067102_13869174215&min_timestamp=None&rank_token=49051026324_17bdc5e9-d959-44fd-af14-4f3fc7c3b645&ranked_content=true returned response: <Response [200]>
2021-08-08 20:26:26,788 - instabot version: 0.117.0 (api) - DEBUG - GET to endpoint: feed/user/13869174215/?max_id=2215372736716788647_13869174215&min_timestamp=None&rank_token=49051026324_17bdc5e9-d959-44fd-af14-4f3fc7c3b645&ranked_content=true returned response: <Response [200]>
2021-08-08 20:26:27,036 - instabot version: 0.117.0 (api) - DEBUG - GET to endpoint: feed/user/13869174215/?max_id=2213487086606244743_13869174215&min_timestamp=None&rank_token=49051026324_17bdc5e9-d959-44fd-af14-4f3fc7c3b645&ranked_content=true returned response: <Response [200]>
2021-08-08 20:26:27,306 - instabot version: 0.117.0 (api) - DEBUG - GET to endpoint: feed/user/13869174215/?max_id=2211382866172234344_13869174215&min_timestamp=None&rank_token=49051026324_17bdc5e9-d959-44fd-af14-4f3fc7c3b645&ranked_content=true returned response: <Response [200]>
2021-08-08 20:26:27,558 - instabot version: 0.117.0 (api) - DEBUG - GET to endpoint: feed/user/13869174215/?max_id=2208821813630591191_13869174215&min_timestamp=None&rank_token=49051026324_17bdc5e9-d959-44fd-af14-4f3fc7c3b645&ranked_content=true returned response: <Response [200]>
2021-08-08 20:26:27,813 - instabot version: 0.117.0 (api) - DEBUG - GET to endpoint: feed/user/13869174215/?max_id=2205533247701853222_13869174215&min_timestamp=None&rank_token=49051026324_17bdc5e9-d959-44fd-af14-4f3fc7c3b645&ranked_content=true returned response: <Response [200]>
2021-08-08 20:26:28,058 - instabot version: 0.117.0 (api) - DEBUG - GET to endpoint: feed/user/13869174215/?max_id=2202244510988212128_13869174215&min_timestamp=None&rank_token=49051026324_17bdc5e9-d959-44fd-af14-4f3fc7c3b645&ranked_content=true returned response: <Response [200]>
2021-08-08 20:26:28,465 - instabot version: 0.117.0 (api) - DEBUG - GET to endpoint: feed/user/13869174215/?max_id=2198671066364553986_13869174215&min_timestamp=None&rank_token=49051026324_17bdc5e9-d959-44fd-af14-4f3fc7c3b645&ranked_content=true returned response: <Response [200]>
2021-08-08 20:26:28,789 - instabot version: 0.117.0 (api) - DEBUG - GET to endpoint: feed/user/13869174215/?max_id=2193569676452251516_13869174215&min_timestamp=None&rank_token=49051026324_17bdc5e9-d959-44fd-af14-4f3fc7c3b645&ranked_content=true returned response: <Response [200]>
2021-08-08 20:26:29,083 - instabot version: 0.117.0 (api) - DEBUG - GET to endpoint: feed/user/13869174215/?max_id=2188643408935258485_13869174215&min_timestamp=None&rank_token=49051026324_17bdc5e9-d959-44fd-af14-4f3fc7c3b645&ranked_content=true returned response: <Response [200]>
2021-08-08 20:26:29,320 - instabot version: 0.117.0 (api) - DEBUG - GET to endpoint: feed/user/13869174215/?max_id=2183817753131431701_13869174215&min_timestamp=None&rank_token=49051026324_17bdc5e9-d959-44fd-af14-4f3fc7c3b645&ranked_content=true returned response: <Response [200]>
2021-08-08 20:26:32,791 - instabot version: 0.117.0 (api) - DEBUG - GET to endpoint: media/2635703936055844989_13869174215/info/ returned response: <Response [200]>
2021-08-08 20:26:33,379 - instabot version: 0.117.0 (bot_checkpoint) - DEBUG - Saving Checkpoint file to: D:\Programming\2021\InstaBot/config/vocabexpansion.checkpoint
2021-08-08 20:26:33,380 - instabot version: 0.117.0 (bot) - INFO - Total requests: 1349
