2021-08-11 01:49:49,395 - instabot version: 0.117.0 (bot) - INFO - Instabot version: 0.117.0 Started
2021-08-11 01:49:49,395 - instabot version: 0.117.0 (bot) - DEBUG - Bot imported from C:\Users\skyem\AppData\Local\Programs\Python\Python39\lib\site-packages\instabot\bot\bot.py
2021-08-11 01:49:50,715 - instabot version: 0.117.0 (api_login) - INFO - Not yet logged in starting: PRE-LOGIN FLOW!
2021-08-11 01:49:50,952 - instabot version: 0.117.0 (api) - DEBUG - POST to endpoint: accounts/get_prefill_candidates/ returned response: <Response [200]>
2021-08-11 01:49:51,187 - instabot version: 0.117.0 (api) - DEBUG - POST to endpoint: qe/sync/ returned response: <Response [200]>
2021-08-11 01:49:51,530 - instabot version: 0.117.0 (api) - DEBUG - POST to endpoint: launcher/sync/ returned response: <Response [200]>
2021-08-11 01:49:51,752 - instabot version: 0.117.0 (api) - DEBUG - POST to endpoint: accounts/contact_point_prefill/ returned response: <Response [200]>
2021-08-11 01:49:53,227 - instabot version: 0.117.0 (api) - DEBUG - POST to endpoint: accounts/login/ returned response: <Response [200]>
2021-08-11 01:49:53,227 - instabot version: 0.117.0 (api) - INFO - Logged-in successfully as 'derbgang'!
2021-08-11 01:49:53,227 - instabot version: 0.117.0 (api_login) - INFO - LOGIN FLOW! Just logged-in: True
2021-08-11 01:49:53,493 - instabot version: 0.117.0 (api) - DEBUG - POST to endpoint: qe/sync/ returned response: <Response [200]>
2021-08-11 01:49:53,737 - instabot version: 0.117.0 (api) - DEBUG - POST to endpoint: launcher/sync/ returned response: <Response [200]>
2021-08-11 01:49:53,977 - instabot version: 0.117.0 (api) - DEBUG - GET to endpoint: zr/token/result/?device_id=android-482d8e988b586de3&token_hash=&custom_device_id=android-482d8e988b586de3&fetch_reason=token_expired returned response: <Response [200]>
2021-08-11 01:49:54,238 - instabot version: 0.117.0 (api) - DEBUG - GET to endpoint: multiple_accounts/get_account_family/ returned response: <Response [200]>
2021-08-11 01:49:54,496 - instabot version: 0.117.0 (api) - DEBUG - POST to endpoint: qe/sync/ returned response: <Response [200]>
2021-08-11 01:49:54,934 - instabot version: 0.117.0 (api) - DEBUG - GET to endpoint: igtv/browse_feed/?prefetch=1 returned response: <Response [200]>
2021-08-11 01:49:55,149 - instabot version: 0.117.0 (api) - DEBUG - POST to endpoint: creatives/ar_class/ returned response: <Response [200]>
2021-08-11 01:49:55,778 - instabot version: 0.117.0 (api) - DEBUG - POST to endpoint: feed/reels_tray/ returned response: <Response [200]>
2021-08-11 01:49:56,803 - instabot version: 0.117.0 (api) - DEBUG - POST to endpoint: feed/timeline/ returned response: <Response [200]>
2021-08-11 01:49:57,061 - instabot version: 0.117.0 (api) - DEBUG - GET to endpoint: media/blocked/ returned response: <Response [200]>
2021-08-11 01:49:57,690 - instabot version: 0.117.0 (api) - DEBUG - GET to endpoint: news/inbox/ returned response: <Response [200]>
2021-08-11 01:49:57,934 - instabot version: 0.117.0 (api) - DEBUG - GET to endpoint: loom/fetch_config/ returned response: <Response [200]>
2021-08-11 01:49:58,425 - instabot version: 0.117.0 (api) - DEBUG - GET to endpoint: scores/bootstrap/users/?surfaces=["autocomplete_user_list","coefficient_besties_list_ranking","coefficient_rank_recipient_user_suggestion","coefficient_ios_section_test_bootstrap_ranking","coefficient_direct_recipients_ranking_variant_2"] returned response: <Response [200]>
2021-08-11 01:49:58,649 - instabot version: 0.117.0 (api) - DEBUG - GET to endpoint: business/eligibility/get_monetization_products_eligibility_data/?product_types=branded_content returned response: <Response [200]>
2021-08-11 01:49:58,867 - instabot version: 0.117.0 (api) - DEBUG - GET to endpoint: business/branded_content/should_require_professional_account/ returned response: <Response [200]>
2021-08-11 01:49:59,109 - instabot version: 0.117.0 (api) - DEBUG - GET to endpoint: linked_accounts/get_linkage_status/ returned response: <Response [200]>
2021-08-11 01:49:59,330 - instabot version: 0.117.0 (api) - DEBUG - GET to endpoint: locations/request_country/ returned response: <Response [200]>
2021-08-11 01:49:59,565 - instabot version: 0.117.0 (api) - DEBUG - GET to endpoint: qp/get_cooldowns/?signed_body=signed_body=4b9c516a5410a3bc128e09c6104a7f042146b9c2023870560c63a43a7f66781c.4&ig_sig_key_version=4&ig_sig_key_version=4 returned response: <Response [200]>
2021-08-11 01:49:59,785 - instabot version: 0.117.0 (api) - DEBUG - GET to endpoint: users/arlink_download_info/?version_override=2.2.1 returned response: <Response [200]>
2021-08-11 01:50:00,113 - instabot version: 0.117.0 (api) - DEBUG - GET to endpoint: users/49050629623/info/ returned response: <Response [200]>
2021-08-11 01:50:00,599 - instabot version: 0.117.0 (api) - DEBUG - GET to endpoint: direct_v2/get_presence/ returned response: <Response [200]>
2021-08-11 01:50:01,169 - instabot version: 0.117.0 (api) - DEBUG - GET to endpoint: direct_v2/inbox/?visual_message_return_type=unseen&thread_message_limit=10&persistentBadging=true&limit=20 returned response: <Response [200]>
2021-08-11 01:50:01,424 - instabot version: 0.117.0 (api) - DEBUG - GET to endpoint: direct_v2/inbox/?visual_message_return_type=unseen&persistentBadging=true&limit=0 returned response: <Response [200]>
2021-08-11 01:50:01,758 - instabot version: 0.117.0 (api) - DEBUG - GET to endpoint: discover/topical_explore/?is_prefetch=true&omit_cover_media=true&use_sectional_payload=true&timezone_offset=0&session_id=5736e035-028d-4a4f-8dac-6a436494887f&include_fixed_destinations=true returned response: <Response [200]>
2021-08-11 01:50:01,981 - instabot version: 0.117.0 (api) - DEBUG - POST to endpoint: notifications/badge/ returned response: <Response [200]>
2021-08-11 01:50:02,326 - instabot version: 0.117.0 (api) - DEBUG - POST to endpoint: qp/batch_fetch/ returned response: <Response [200]>
2021-08-11 01:50:02,327 - instabot version: 0.117.0 (bot_checkpoint) - DEBUG - Loading Checkpoint file from: D:\Programming\2021\InstaBot/config/derbgang.checkpoint
2021-08-11 01:50:10,640 - instabot version: 0.117.0 (api) - DEBUG - GET to endpoint: users/cursed.image5/usernameinfo/ returned response: <Response [200]>
2021-08-11 01:50:11,480 - instabot version: 0.117.0 (api) - DEBUG - GET to endpoint: feed/user/13869174215/?max_id=&min_timestamp=None&rank_token=49050629623_f8935940-e4f3-4821-b439-4caf17342d63&ranked_content=true returned response: <Response [200]>
2021-08-11 01:50:11,812 - instabot version: 0.117.0 (api) - DEBUG - GET to endpoint: feed/user/13869174215/?max_id=2628456266648049170_13869174215&min_timestamp=None&rank_token=49050629623_f8935940-e4f3-4821-b439-4caf17342d63&ranked_content=true returned response: <Response [200]>
2021-08-11 01:50:12,188 - instabot version: 0.117.0 (api) - DEBUG - GET to endpoint: feed/user/13869174215/?max_id=2620484090959518357_13869174215&min_timestamp=None&rank_token=49050629623_f8935940-e4f3-4821-b439-4caf17342d63&ranked_content=true returned response: <Response [200]>
2021-08-11 01:50:12,531 - instabot version: 0.117.0 (api) - DEBUG - GET to endpoint: feed/user/13869174215/?max_id=2616754046542145852_13869174215&min_timestamp=None&rank_token=49050629623_f8935940-e4f3-4821-b439-4caf17342d63&ranked_content=true returned response: <Response [200]>
2021-08-11 01:50:12,884 - instabot version: 0.117.0 (api) - DEBUG - GET to endpoint: feed/user/13869174215/?max_id=2612813096218350694_13869174215&min_timestamp=None&rank_token=49050629623_f8935940-e4f3-4821-b439-4caf17342d63&ranked_content=true returned response: <Response [200]>
2021-08-11 01:50:13,239 - instabot version: 0.117.0 (api) - DEBUG - GET to endpoint: feed/user/13869174215/?max_id=2609174034710477808_13869174215&min_timestamp=None&rank_token=49050629623_f8935940-e4f3-4821-b439-4caf17342d63&ranked_content=true returned response: <Response [200]>
2021-08-11 01:50:13,593 - instabot version: 0.117.0 (api) - DEBUG - GET to endpoint: feed/user/13869174215/?max_id=2605157567885051881_13869174215&min_timestamp=None&rank_token=49050629623_f8935940-e4f3-4821-b439-4caf17342d63&ranked_content=true returned response: <Response [200]>
2021-08-11 01:50:13,921 - instabot version: 0.117.0 (api) - DEBUG - GET to endpoint: feed/user/13869174215/?max_id=2601533772475120573_13869174215&min_timestamp=None&rank_token=49050629623_f8935940-e4f3-4821-b439-4caf17342d63&ranked_content=true returned response: <Response [200]>
2021-08-11 01:50:14,285 - instabot version: 0.117.0 (api) - DEBUG - GET to endpoint: feed/user/13869174215/?max_id=2597592993356540075_13869174215&min_timestamp=None&rank_token=49050629623_f8935940-e4f3-4821-b439-4caf17342d63&ranked_content=true returned response: <Response [200]>
2021-08-11 01:50:14,665 - instabot version: 0.117.0 (api) - DEBUG - GET to endpoint: feed/user/13869174215/?max_id=2593576281382804758_13869174215&min_timestamp=None&rank_token=49050629623_f8935940-e4f3-4821-b439-4caf17342d63&ranked_content=true returned response: <Response [200]>
2021-08-11 01:50:15,041 - instabot version: 0.117.0 (api) - DEBUG - GET to endpoint: feed/user/13869174215/?max_id=2589574928828186150_13869174215&min_timestamp=None&rank_token=49050629623_f8935940-e4f3-4821-b439-4caf17342d63&ranked_content=true returned response: <Response [200]>
2021-08-11 01:50:15,369 - instabot version: 0.117.0 (api) - DEBUG - GET to endpoint: feed/user/13869174215/?max_id=2585588607905457615_13869174215&min_timestamp=None&rank_token=49050629623_f8935940-e4f3-4821-b439-4caf17342d63&ranked_content=true returned response: <Response [200]>
2021-08-11 01:50:15,754 - instabot version: 0.117.0 (api) - DEBUG - GET to endpoint: feed/user/13869174215/?max_id=2581969775987043847_13869174215&min_timestamp=None&rank_token=49050629623_f8935940-e4f3-4821-b439-4caf17342d63&ranked_content=true returned response: <Response [200]>
2021-08-11 01:50:16,141 - instabot version: 0.117.0 (api) - DEBUG - GET to endpoint: feed/user/13869174215/?max_id=2578024003341681819_13869174215&min_timestamp=None&rank_token=49050629623_f8935940-e4f3-4821-b439-4caf17342d63&ranked_content=true returned response: <Response [200]>
2021-08-11 01:50:16,509 - instabot version: 0.117.0 (api) - DEBUG - GET to endpoint: feed/user/13869174215/?max_id=2574009835762906024_13869174215&min_timestamp=None&rank_token=49050629623_f8935940-e4f3-4821-b439-4caf17342d63&ranked_content=true returned response: <Response [200]>
2021-08-11 01:50:16,986 - instabot version: 0.117.0 (api) - DEBUG - GET to endpoint: feed/user/13869174215/?max_id=2570038670228744767_13869174215&min_timestamp=None&rank_token=49050629623_f8935940-e4f3-4821-b439-4caf17342d63&ranked_content=true returned response: <Response [200]>
2021-08-11 01:50:17,388 - instabot version: 0.117.0 (api) - DEBUG - GET to endpoint: feed/user/13869174215/?max_id=2566027258578693062_13869174215&min_timestamp=None&rank_token=49050629623_f8935940-e4f3-4821-b439-4caf17342d63&ranked_content=true returned response: <Response [200]>
2021-08-11 01:50:17,742 - instabot version: 0.117.0 (api) - DEBUG - GET to endpoint: feed/user/13869174215/?max_id=2562078836743543755_13869174215&min_timestamp=None&rank_token=49050629623_f8935940-e4f3-4821-b439-4caf17342d63&ranked_content=true returned response: <Response [200]>
2021-08-11 01:50:18,151 - instabot version: 0.117.0 (api) - DEBUG - GET to endpoint: feed/user/13869174215/?max_id=2558062352994054560_13869174215&min_timestamp=None&rank_token=49050629623_f8935940-e4f3-4821-b439-4caf17342d63&ranked_content=true returned response: <Response [200]>
2021-08-11 01:50:18,532 - instabot version: 0.117.0 (api) - DEBUG - GET to endpoint: feed/user/13869174215/?max_id=2554060940723567663_13869174215&min_timestamp=None&rank_token=49050629623_f8935940-e4f3-4821-b439-4caf17342d63&ranked_content=true returned response: <Response [200]>
2021-08-11 01:50:18,997 - instabot version: 0.117.0 (api) - DEBUG - GET to endpoint: feed/user/13869174215/?max_id=2550074667373179651_13869174215&min_timestamp=None&rank_token=49050629623_f8935940-e4f3-4821-b439-4caf17342d63&ranked_content=true returned response: <Response [200]>
2021-08-11 01:50:19,460 - instabot version: 0.117.0 (api) - DEBUG - GET to endpoint: feed/user/13869174215/?max_id=2546859677373509226_13869174215&min_timestamp=None&rank_token=49050629623_f8935940-e4f3-4821-b439-4caf17342d63&ranked_content=true returned response: <Response [200]>
2021-08-11 01:50:19,868 - instabot version: 0.117.0 (api) - DEBUG - GET to endpoint: feed/user/13869174215/?max_id=2543566828806927470_13869174215&min_timestamp=None&rank_token=49050629623_f8935940-e4f3-4821-b439-4caf17342d63&ranked_content=true returned response: <Response [200]>
2021-08-11 01:50:20,307 - instabot version: 0.117.0 (api) - DEBUG - GET to endpoint: feed/user/13869174215/?max_id=2539577964008181830_13869174215&min_timestamp=None&rank_token=49050629623_f8935940-e4f3-4821-b439-4caf17342d63&ranked_content=true returned response: <Response [200]>
2021-08-11 01:50:20,695 - instabot version: 0.117.0 (api) - DEBUG - GET to endpoint: feed/user/13869174215/?max_id=2535999389077318408_13869174215&min_timestamp=None&rank_token=49050629623_f8935940-e4f3-4821-b439-4caf17342d63&ranked_content=true returned response: <Response [200]>
2021-08-11 01:50:21,079 - instabot version: 0.117.0 (api) - DEBUG - GET to endpoint: feed/user/13869174215/?max_id=2531998023936108484_13869174215&min_timestamp=None&rank_token=49050629623_f8935940-e4f3-4821-b439-4caf17342d63&ranked_content=true returned response: <Response [200]>
2021-08-11 01:50:21,472 - instabot version: 0.117.0 (api) - DEBUG - GET to endpoint: feed/user/13869174215/?max_id=2528374186926388364_13869174215&min_timestamp=None&rank_token=49050629623_f8935940-e4f3-4821-b439-4caf17342d63&ranked_content=true returned response: <Response [200]>
2021-08-11 01:50:21,910 - instabot version: 0.117.0 (api) - DEBUG - GET to endpoint: feed/user/13869174215/?max_id=2524392921828900709_13869174215&min_timestamp=None&rank_token=49050629623_f8935940-e4f3-4821-b439-4caf17342d63&ranked_content=true returned response: <Response [200]>
2021-08-11 01:50:22,281 - instabot version: 0.117.0 (api) - DEBUG - GET to endpoint: feed/user/13869174215/?max_id=2520812093953234420_13869174215&min_timestamp=None&rank_token=49050629623_f8935940-e4f3-4821-b439-4caf17342d63&ranked_content=true returned response: <Response [200]>
2021-08-11 01:50:22,681 - instabot version: 0.117.0 (api) - DEBUG - GET to endpoint: feed/user/13869174215/?max_id=2516780324625626449_13869174215&min_timestamp=None&rank_token=49050629623_f8935940-e4f3-4821-b439-4caf17342d63&ranked_content=true returned response: <Response [200]>
2021-08-11 01:50:23,068 - instabot version: 0.117.0 (api) - DEBUG - GET to endpoint: feed/user/13869174215/?max_id=2513866065977693359_13869174215&min_timestamp=None&rank_token=49050629623_f8935940-e4f3-4821-b439-4caf17342d63&ranked_content=true returned response: <Response [200]>
2021-08-11 01:50:23,431 - instabot version: 0.117.0 (api) - DEBUG - GET to endpoint: feed/user/13869174215/?max_id=2510247220218149424_13869174215&min_timestamp=None&rank_token=49050629623_f8935940-e4f3-4821-b439-4caf17342d63&ranked_content=true returned response: <Response [200]>
2021-08-11 01:50:23,787 - instabot version: 0.117.0 (api) - DEBUG - GET to endpoint: feed/user/13869174215/?max_id=2506301272946946485_13869174215&min_timestamp=None&rank_token=49050629623_f8935940-e4f3-4821-b439-4caf17342d63&ranked_content=true returned response: <Response [200]>
2021-08-11 01:50:24,184 - instabot version: 0.117.0 (api) - DEBUG - GET to endpoint: feed/user/13869174215/?max_id=2503343441721159427_13869174215&min_timestamp=None&rank_token=49050629623_f8935940-e4f3-4821-b439-4caf17342d63&ranked_content=true returned response: <Response [200]>
2021-08-11 01:50:24,555 - instabot version: 0.117.0 (api) - DEBUG - GET to endpoint: feed/user/13869174215/?max_id=2500487979237927734_13869174215&min_timestamp=None&rank_token=49050629623_f8935940-e4f3-4821-b439-4caf17342d63&ranked_content=true returned response: <Response [200]>
2021-08-11 01:50:24,936 - instabot version: 0.117.0 (api) - DEBUG - GET to endpoint: feed/user/13869174215/?max_id=2498191784678850381_13869174215&min_timestamp=None&rank_token=49050629623_f8935940-e4f3-4821-b439-4caf17342d63&ranked_content=true returned response: <Response [200]>
2021-08-11 01:50:25,330 - instabot version: 0.117.0 (api) - DEBUG - GET to endpoint: feed/user/13869174215/?max_id=2495159097970006057_13869174215&min_timestamp=None&rank_token=49050629623_f8935940-e4f3-4821-b439-4caf17342d63&ranked_content=true returned response: <Response [200]>
2021-08-11 01:50:25,689 - instabot version: 0.117.0 (api) - DEBUG - GET to endpoint: feed/user/13869174215/?max_id=2492287936005346842_13869174215&min_timestamp=None&rank_token=49050629623_f8935940-e4f3-4821-b439-4caf17342d63&ranked_content=true returned response: <Response [200]>
2021-08-11 01:50:26,024 - instabot version: 0.117.0 (api) - DEBUG - GET to endpoint: feed/user/13869174215/?max_id=2489379386836694351_13869174215&min_timestamp=None&rank_token=49050629623_f8935940-e4f3-4821-b439-4caf17342d63&ranked_content=true returned response: <Response [200]>
2021-08-11 01:50:26,464 - instabot version: 0.117.0 (api) - DEBUG - GET to endpoint: feed/user/13869174215/?max_id=2485604885354158165_13869174215&min_timestamp=None&rank_token=49050629623_f8935940-e4f3-4821-b439-4caf17342d63&ranked_content=true returned response: <Response [200]>
2021-08-11 01:50:26,853 - instabot version: 0.117.0 (api) - DEBUG - GET to endpoint: feed/user/13869174215/?max_id=2481658809552785190_13869174215&min_timestamp=None&rank_token=49050629623_f8935940-e4f3-4821-b439-4caf17342d63&ranked_content=true returned response: <Response [200]>
2021-08-11 01:50:27,312 - instabot version: 0.117.0 (api) - DEBUG - GET to endpoint: feed/user/13869174215/?max_id=2477637392916375526_13869174215&min_timestamp=None&rank_token=49050629623_f8935940-e4f3-4821-b439-4caf17342d63&ranked_content=true returned response: <Response [200]>
2021-08-11 01:50:27,690 - instabot version: 0.117.0 (api) - DEBUG - GET to endpoint: feed/user/13869174215/?max_id=2473998403021973285_13869174215&min_timestamp=None&rank_token=49050629623_f8935940-e4f3-4821-b439-4caf17342d63&ranked_content=true returned response: <Response [200]>
2021-08-11 01:50:28,065 - instabot version: 0.117.0 (api) - DEBUG - GET to endpoint: feed/user/13869174215/?max_id=2470384560697944046_13869174215&min_timestamp=None&rank_token=49050629623_f8935940-e4f3-4821-b439-4caf17342d63&ranked_content=true returned response: <Response [200]>
2021-08-11 01:50:28,469 - instabot version: 0.117.0 (api) - DEBUG - GET to endpoint: feed/user/13869174215/?max_id=2466461316447974388_13869174215&min_timestamp=None&rank_token=49050629623_f8935940-e4f3-4821-b439-4caf17342d63&ranked_content=true returned response: <Response [200]>
2021-08-11 01:50:28,889 - instabot version: 0.117.0 (api) - DEBUG - GET to endpoint: feed/user/13869174215/?max_id=2462444695553551389_13869174215&min_timestamp=None&rank_token=49050629623_f8935940-e4f3-4821-b439-4caf17342d63&ranked_content=true returned response: <Response [200]>
2021-08-11 01:50:29,292 - instabot version: 0.117.0 (api) - DEBUG - GET to endpoint: feed/user/13869174215/?max_id=2458481184902369844_13869174215&min_timestamp=None&rank_token=49050629623_f8935940-e4f3-4821-b439-4caf17342d63&ranked_content=true returned response: <Response [200]>
2021-08-11 01:50:29,641 - instabot version: 0.117.0 (api) - DEBUG - GET to endpoint: feed/user/13869174215/?max_id=2454447083499958172_13869174215&min_timestamp=None&rank_token=49050629623_f8935940-e4f3-4821-b439-4caf17342d63&ranked_content=true returned response: <Response [200]>
2021-08-11 01:50:30,030 - instabot version: 0.117.0 (api) - DEBUG - GET to endpoint: feed/user/13869174215/?max_id=2450513641242678994_13869174215&min_timestamp=None&rank_token=49050629623_f8935940-e4f3-4821-b439-4caf17342d63&ranked_content=true returned response: <Response [200]>
2021-08-11 01:50:30,449 - instabot version: 0.117.0 (api) - DEBUG - GET to endpoint: feed/user/13869174215/?max_id=2446436818937342283_13869174215&min_timestamp=None&rank_token=49050629623_f8935940-e4f3-4821-b439-4caf17342d63&ranked_content=true returned response: <Response [200]>
2021-08-11 01:50:30,872 - instabot version: 0.117.0 (api) - DEBUG - GET to endpoint: feed/user/13869174215/?max_id=2442762723070537056_13869174215&min_timestamp=None&rank_token=49050629623_f8935940-e4f3-4821-b439-4caf17342d63&ranked_content=true returned response: <Response [200]>
2021-08-11 01:50:31,326 - instabot version: 0.117.0 (api) - DEBUG - GET to endpoint: feed/user/13869174215/?max_id=2438517033692923929_13869174215&min_timestamp=None&rank_token=49050629623_f8935940-e4f3-4821-b439-4caf17342d63&ranked_content=true returned response: <Response [200]>
2021-08-11 01:50:31,713 - instabot version: 0.117.0 (api) - DEBUG - GET to endpoint: feed/user/13869174215/?max_id=2434920832857859185_13869174215&min_timestamp=None&rank_token=49050629623_f8935940-e4f3-4821-b439-4caf17342d63&ranked_content=true returned response: <Response [200]>
2021-08-11 01:50:32,145 - instabot version: 0.117.0 (api) - DEBUG - GET to endpoint: feed/user/13869174215/?max_id=2431261865070884804_13869174215&min_timestamp=None&rank_token=49050629623_f8935940-e4f3-4821-b439-4caf17342d63&ranked_content=true returned response: <Response [200]>
2021-08-11 01:50:32,531 - instabot version: 0.117.0 (api) - DEBUG - GET to endpoint: feed/user/13869174215/?max_id=2427280537099055722_13869174215&min_timestamp=None&rank_token=49050629623_f8935940-e4f3-4821-b439-4caf17342d63&ranked_content=true returned response: <Response [200]>
2021-08-11 01:50:32,962 - instabot version: 0.117.0 (api) - DEBUG - GET to endpoint: feed/user/13869174215/?max_id=2424005391845586081_13869174215&min_timestamp=None&rank_token=49050629623_f8935940-e4f3-4821-b439-4caf17342d63&ranked_content=true returned response: <Response [200]>
2021-08-11 01:50:33,412 - instabot version: 0.117.0 (api) - DEBUG - GET to endpoint: feed/user/13869174215/?max_id=2420767666307556158_13869174215&min_timestamp=None&rank_token=49050629623_f8935940-e4f3-4821-b439-4caf17342d63&ranked_content=true returned response: <Response [200]>
2021-08-11 01:50:33,820 - instabot version: 0.117.0 (api) - DEBUG - GET to endpoint: feed/user/13869174215/?max_id=2417557224753032127_13869174215&min_timestamp=None&rank_token=49050629623_f8935940-e4f3-4821-b439-4caf17342d63&ranked_content=true returned response: <Response [200]>
2021-08-11 01:50:34,198 - instabot version: 0.117.0 (api) - DEBUG - GET to endpoint: feed/user/13869174215/?max_id=2413524897803202468_13869174215&min_timestamp=None&rank_token=49050629623_f8935940-e4f3-4821-b439-4caf17342d63&ranked_content=true returned response: <Response [200]>
2021-08-11 01:50:34,590 - instabot version: 0.117.0 (api) - DEBUG - GET to endpoint: feed/user/13869174215/?max_id=2409906390624474488_13869174215&min_timestamp=None&rank_token=49050629623_f8935940-e4f3-4821-b439-4caf17342d63&ranked_content=true returned response: <Response [200]>
2021-08-11 01:50:34,949 - instabot version: 0.117.0 (api) - DEBUG - GET to endpoint: feed/user/13869174215/?max_id=2405847057270144376_13869174215&min_timestamp=None&rank_token=49050629623_f8935940-e4f3-4821-b439-4caf17342d63&ranked_content=true returned response: <Response [200]>
2021-08-11 01:50:35,328 - instabot version: 0.117.0 (api) - DEBUG - GET to endpoint: feed/user/13869174215/?max_id=2401505681258824564_13869174215&min_timestamp=None&rank_token=49050629623_f8935940-e4f3-4821-b439-4caf17342d63&ranked_content=true returned response: <Response [200]>
2021-08-11 01:50:35,735 - instabot version: 0.117.0 (api) - DEBUG - GET to endpoint: feed/user/13869174215/?max_id=2397861648174948548_13869174215&min_timestamp=None&rank_token=49050629623_f8935940-e4f3-4821-b439-4caf17342d63&ranked_content=true returned response: <Response [200]>
2021-08-11 01:50:36,123 - instabot version: 0.117.0 (api) - DEBUG - GET to endpoint: feed/user/13869174215/?max_id=2394253763768774295_13869174215&min_timestamp=None&rank_token=49050629623_f8935940-e4f3-4821-b439-4caf17342d63&ranked_content=true returned response: <Response [200]>
2021-08-11 01:50:36,502 - instabot version: 0.117.0 (api) - DEBUG - GET to endpoint: feed/user/13869174215/?max_id=2389568840218721122_13869174215&min_timestamp=None&rank_token=49050629623_f8935940-e4f3-4821-b439-4caf17342d63&ranked_content=true returned response: <Response [200]>
2021-08-11 01:50:37,082 - instabot version: 0.117.0 (api) - DEBUG - GET to endpoint: feed/user/13869174215/?max_id=2385241224074730879_13869174215&min_timestamp=None&rank_token=49050629623_f8935940-e4f3-4821-b439-4caf17342d63&ranked_content=true returned response: <Response [200]>
2021-08-11 01:50:37,573 - instabot version: 0.117.0 (api) - DEBUG - GET to endpoint: feed/user/13869174215/?max_id=2380896500597416876_13869174215&min_timestamp=None&rank_token=49050629623_f8935940-e4f3-4821-b439-4caf17342d63&ranked_content=true returned response: <Response [200]>
2021-08-11 01:50:37,890 - instabot version: 0.117.0 (api) - DEBUG - GET to endpoint: feed/user/13869174215/?max_id=2376610224578887712_13869174215&min_timestamp=None&rank_token=49050629623_f8935940-e4f3-4821-b439-4caf17342d63&ranked_content=true returned response: <Response [200]>
2021-08-11 01:50:38,241 - instabot version: 0.117.0 (api) - DEBUG - GET to endpoint: feed/user/13869174215/?max_id=2372194847807708285_13869174215&min_timestamp=None&rank_token=49050629623_f8935940-e4f3-4821-b439-4caf17342d63&ranked_content=true returned response: <Response [200]>
2021-08-11 01:50:38,618 - instabot version: 0.117.0 (api) - DEBUG - GET to endpoint: feed/user/13869174215/?max_id=2368203814308597466_13869174215&min_timestamp=None&rank_token=49050629623_f8935940-e4f3-4821-b439-4caf17342d63&ranked_content=true returned response: <Response [200]>
2021-08-11 01:50:39,025 - instabot version: 0.117.0 (api) - DEBUG - GET to endpoint: feed/user/13869174215/?max_id=2364221685417402943_13869174215&min_timestamp=None&rank_token=49050629623_f8935940-e4f3-4821-b439-4caf17342d63&ranked_content=true returned response: <Response [200]>
2021-08-11 01:50:39,448 - instabot version: 0.117.0 (api) - DEBUG - GET to endpoint: feed/user/13869174215/?max_id=2360227530920065512_13869174215&min_timestamp=None&rank_token=49050629623_f8935940-e4f3-4821-b439-4caf17342d63&ranked_content=true returned response: <Response [200]>
2021-08-11 01:50:39,911 - instabot version: 0.117.0 (api) - DEBUG - GET to endpoint: feed/user/13869174215/?max_id=2356258094605220585_13869174215&min_timestamp=None&rank_token=49050629623_f8935940-e4f3-4821-b439-4caf17342d63&ranked_content=true returned response: <Response [200]>
2021-08-11 01:50:40,297 - instabot version: 0.117.0 (api) - DEBUG - GET to endpoint: feed/user/13869174215/?max_id=2352239842162056726_13869174215&min_timestamp=None&rank_token=49050629623_f8935940-e4f3-4821-b439-4caf17342d63&ranked_content=true returned response: <Response [200]>
2021-08-11 01:50:40,684 - instabot version: 0.117.0 (api) - DEBUG - GET to endpoint: feed/user/13869174215/?max_id=2347932369305272038_13869174215&min_timestamp=None&rank_token=49050629623_f8935940-e4f3-4821-b439-4caf17342d63&ranked_content=true returned response: <Response [200]>
2021-08-11 01:50:41,091 - instabot version: 0.117.0 (api) - DEBUG - GET to endpoint: feed/user/13869174215/?max_id=2343914126366376146_13869174215&min_timestamp=None&rank_token=49050629623_f8935940-e4f3-4821-b439-4caf17342d63&ranked_content=true returned response: <Response [200]>
2021-08-11 01:50:41,500 - instabot version: 0.117.0 (api) - DEBUG - GET to endpoint: feed/user/13869174215/?max_id=2339924012896143170_13869174215&min_timestamp=None&rank_token=49050629623_f8935940-e4f3-4821-b439-4caf17342d63&ranked_content=true returned response: <Response [200]>
2021-08-11 01:50:41,935 - instabot version: 0.117.0 (api) - DEBUG - GET to endpoint: feed/user/13869174215/?max_id=2335958209729438476_13869174215&min_timestamp=None&rank_token=49050629623_f8935940-e4f3-4821-b439-4caf17342d63&ranked_content=true returned response: <Response [200]>
2021-08-11 01:50:42,385 - instabot version: 0.117.0 (api) - DEBUG - GET to endpoint: feed/user/13869174215/?max_id=2331607868460461757_13869174215&min_timestamp=None&rank_token=49050629623_f8935940-e4f3-4821-b439-4caf17342d63&ranked_content=true returned response: <Response [200]>
2021-08-11 01:50:42,779 - instabot version: 0.117.0 (api) - DEBUG - GET to endpoint: feed/user/13869174215/?max_id=2328379235595971805_13869174215&min_timestamp=None&rank_token=49050629623_f8935940-e4f3-4821-b439-4caf17342d63&ranked_content=true returned response: <Response [200]>
2021-08-11 01:50:43,167 - instabot version: 0.117.0 (api) - DEBUG - GET to endpoint: feed/user/13869174215/?max_id=2324730966164587660_13869174215&min_timestamp=None&rank_token=49050629623_f8935940-e4f3-4821-b439-4caf17342d63&ranked_content=true returned response: <Response [200]>
2021-08-11 01:50:43,555 - instabot version: 0.117.0 (api) - DEBUG - GET to endpoint: feed/user/13869174215/?max_id=2321476199749453672_13869174215&min_timestamp=None&rank_token=49050629623_f8935940-e4f3-4821-b439-4caf17342d63&ranked_content=true returned response: <Response [200]>
2021-08-11 01:50:43,926 - instabot version: 0.117.0 (api) - DEBUG - GET to endpoint: feed/user/13869174215/?max_id=2319285556990117401_13869174215&min_timestamp=None&rank_token=49050629623_f8935940-e4f3-4821-b439-4caf17342d63&ranked_content=true returned response: <Response [200]>
2021-08-11 01:50:44,291 - instabot version: 0.117.0 (api) - DEBUG - GET to endpoint: feed/user/13869174215/?max_id=2316386269113203931_13869174215&min_timestamp=None&rank_token=49050629623_f8935940-e4f3-4821-b439-4caf17342d63&ranked_content=true returned response: <Response [200]>
2021-08-11 01:50:44,697 - instabot version: 0.117.0 (api) - DEBUG - GET to endpoint: feed/user/13869174215/?max_id=2314193600110706263_13869174215&min_timestamp=None&rank_token=49050629623_f8935940-e4f3-4821-b439-4caf17342d63&ranked_content=true returned response: <Response [200]>
2021-08-11 01:50:45,059 - instabot version: 0.117.0 (api) - DEBUG - GET to endpoint: feed/user/13869174215/?max_id=2312028881824274846_13869174215&min_timestamp=None&rank_token=49050629623_f8935940-e4f3-4821-b439-4caf17342d63&ranked_content=true returned response: <Response [200]>
2021-08-11 01:50:45,431 - instabot version: 0.117.0 (api) - DEBUG - GET to endpoint: feed/user/13869174215/?max_id=2309881106688960121_13869174215&min_timestamp=None&rank_token=49050629623_f8935940-e4f3-4821-b439-4caf17342d63&ranked_content=true returned response: <Response [200]>
2021-08-11 01:50:45,825 - instabot version: 0.117.0 (api) - DEBUG - GET to endpoint: feed/user/13869174215/?max_id=2307678900057530000_13869174215&min_timestamp=None&rank_token=49050629623_f8935940-e4f3-4821-b439-4caf17342d63&ranked_content=true returned response: <Response [200]>
2021-08-11 01:50:46,263 - instabot version: 0.117.0 (api) - DEBUG - GET to endpoint: feed/user/13869174215/?max_id=2305509300993546291_13869174215&min_timestamp=None&rank_token=49050629623_f8935940-e4f3-4821-b439-4caf17342d63&ranked_content=true returned response: <Response [200]>
2021-08-11 01:50:46,660 - instabot version: 0.117.0 (api) - DEBUG - GET to endpoint: feed/user/13869174215/?max_id=2303698722130083595_13869174215&min_timestamp=None&rank_token=49050629623_f8935940-e4f3-4821-b439-4caf17342d63&ranked_content=true returned response: <Response [200]>
2021-08-11 01:50:47,026 - instabot version: 0.117.0 (api) - DEBUG - GET to endpoint: feed/user/13869174215/?max_id=2301141406520273147_13869174215&min_timestamp=None&rank_token=49050629623_f8935940-e4f3-4821-b439-4caf17342d63&ranked_content=true returned response: <Response [200]>
2021-08-11 01:50:47,376 - instabot version: 0.117.0 (api) - DEBUG - GET to endpoint: feed/user/13869174215/?max_id=2298993503525843005_13869174215&min_timestamp=None&rank_token=49050629623_f8935940-e4f3-4821-b439-4caf17342d63&ranked_content=true returned response: <Response [200]>
2021-08-11 01:50:47,777 - instabot version: 0.117.0 (api) - DEBUG - GET to endpoint: feed/user/13869174215/?max_id=2296813637426740298_13869174215&min_timestamp=None&rank_token=49050629623_f8935940-e4f3-4821-b439-4caf17342d63&ranked_content=true returned response: <Response [200]>
2021-08-11 01:50:48,188 - instabot version: 0.117.0 (api) - DEBUG - GET to endpoint: feed/user/13869174215/?max_id=2294647399090917642_13869174215&min_timestamp=None&rank_token=49050629623_f8935940-e4f3-4821-b439-4caf17342d63&ranked_content=true returned response: <Response [200]>
2021-08-11 01:50:48,609 - instabot version: 0.117.0 (api) - DEBUG - GET to endpoint: feed/user/13869174215/?max_id=2292479275767947776_13869174215&min_timestamp=None&rank_token=49050629623_f8935940-e4f3-4821-b439-4caf17342d63&ranked_content=true returned response: <Response [200]>
2021-08-11 01:50:48,991 - instabot version: 0.117.0 (api) - DEBUG - GET to endpoint: feed/user/13869174215/?max_id=2290284605604301049_13869174215&min_timestamp=None&rank_token=49050629623_f8935940-e4f3-4821-b439-4caf17342d63&ranked_content=true returned response: <Response [200]>
2021-08-11 01:50:49,402 - instabot version: 0.117.0 (api) - DEBUG - GET to endpoint: feed/user/13869174215/?max_id=2288117468345290666_13869174215&min_timestamp=None&rank_token=49050629623_f8935940-e4f3-4821-b439-4caf17342d63&ranked_content=true returned response: <Response [200]>
2021-08-11 01:50:49,799 - instabot version: 0.117.0 (api) - DEBUG - GET to endpoint: feed/user/13869174215/?max_id=2285955834810109798_13869174215&min_timestamp=None&rank_token=49050629623_f8935940-e4f3-4821-b439-4caf17342d63&ranked_content=true returned response: <Response [200]>
2021-08-11 01:50:50,175 - instabot version: 0.117.0 (api) - DEBUG - GET to endpoint: feed/user/13869174215/?max_id=2283415223997395841_13869174215&min_timestamp=None&rank_token=49050629623_f8935940-e4f3-4821-b439-4caf17342d63&ranked_content=true returned response: <Response [200]>
2021-08-11 01:50:50,581 - instabot version: 0.117.0 (api) - DEBUG - GET to endpoint: feed/user/13869174215/?max_id=2281200995609818532_13869174215&min_timestamp=None&rank_token=49050629623_f8935940-e4f3-4821-b439-4caf17342d63&ranked_content=true returned response: <Response [200]>
2021-08-11 01:50:51,141 - instabot version: 0.117.0 (api) - DEBUG - GET to endpoint: feed/user/13869174215/?max_id=2279044064098963779_13869174215&min_timestamp=None&rank_token=49050629623_f8935940-e4f3-4821-b439-4caf17342d63&ranked_content=true returned response: <Response [200]>
2021-08-11 01:50:51,708 - instabot version: 0.117.0 (api) - DEBUG - GET to endpoint: feed/user/13869174215/?max_id=2276848883413051982_13869174215&min_timestamp=None&rank_token=49050629623_f8935940-e4f3-4821-b439-4caf17342d63&ranked_content=true returned response: <Response [200]>
2021-08-11 01:50:52,030 - instabot version: 0.117.0 (api) - DEBUG - GET to endpoint: feed/user/13869174215/?max_id=2275105717928542365_13869174215&min_timestamp=None&rank_token=49050629623_f8935940-e4f3-4821-b439-4caf17342d63&ranked_content=true returned response: <Response [200]>
2021-08-11 01:50:52,419 - instabot version: 0.117.0 (api) - DEBUG - GET to endpoint: feed/user/13869174215/?max_id=2272913518126101069_13869174215&min_timestamp=None&rank_token=49050629623_f8935940-e4f3-4821-b439-4caf17342d63&ranked_content=true returned response: <Response [200]>
2021-08-11 01:50:52,836 - instabot version: 0.117.0 (api) - DEBUG - GET to endpoint: feed/user/13869174215/?max_id=2270380244401011081_13869174215&min_timestamp=None&rank_token=49050629623_f8935940-e4f3-4821-b439-4caf17342d63&ranked_content=true returned response: <Response [200]>
2021-08-11 01:50:53,786 - instabot version: 0.117.0 (api) - DEBUG - GET to endpoint: feed/user/13869174215/?max_id=2267864754692595415_13869174215&min_timestamp=None&rank_token=49050629623_f8935940-e4f3-4821-b439-4caf17342d63&ranked_content=true returned response: <Response [200]>
2021-08-11 01:50:54,216 - instabot version: 0.117.0 (api) - DEBUG - GET to endpoint: feed/user/13869174215/?max_id=2265569927863173338_13869174215&min_timestamp=None&rank_token=49050629623_f8935940-e4f3-4821-b439-4caf17342d63&ranked_content=true returned response: <Response [200]>
2021-08-11 01:50:54,671 - instabot version: 0.117.0 (api) - DEBUG - GET to endpoint: feed/user/13869174215/?max_id=2263422735895422787_13869174215&min_timestamp=None&rank_token=49050629623_f8935940-e4f3-4821-b439-4caf17342d63&ranked_content=true returned response: <Response [200]>
2021-08-11 01:50:55,079 - instabot version: 0.117.0 (api) - DEBUG - GET to endpoint: feed/user/13869174215/?max_id=2261642293601037769_13869174215&min_timestamp=None&rank_token=49050629623_f8935940-e4f3-4821-b439-4caf17342d63&ranked_content=true returned response: <Response [200]>
2021-08-11 01:50:55,546 - instabot version: 0.117.0 (api) - DEBUG - GET to endpoint: feed/user/13869174215/?max_id=2259516959720006649_13869174215&min_timestamp=None&rank_token=49050629623_f8935940-e4f3-4821-b439-4caf17342d63&ranked_content=true returned response: <Response [200]>
2021-08-11 01:50:55,906 - instabot version: 0.117.0 (api) - DEBUG - GET to endpoint: feed/user/13869174215/?max_id=2257282122435214448_13869174215&min_timestamp=None&rank_token=49050629623_f8935940-e4f3-4821-b439-4caf17342d63&ranked_content=true returned response: <Response [200]>
2021-08-11 01:50:56,311 - instabot version: 0.117.0 (api) - DEBUG - GET to endpoint: feed/user/13869174215/?max_id=2255544951315479537_13869174215&min_timestamp=None&rank_token=49050629623_f8935940-e4f3-4821-b439-4caf17342d63&ranked_content=true returned response: <Response [200]>
2021-08-11 01:50:56,784 - instabot version: 0.117.0 (api) - DEBUG - GET to endpoint: feed/user/13869174215/?max_id=2252999937985230814_13869174215&min_timestamp=None&rank_token=49050629623_f8935940-e4f3-4821-b439-4caf17342d63&ranked_content=true returned response: <Response [200]>
2021-08-11 01:50:57,155 - instabot version: 0.117.0 (api) - DEBUG - GET to endpoint: feed/user/13869174215/?max_id=2250840962925613198_13869174215&min_timestamp=None&rank_token=49050629623_f8935940-e4f3-4821-b439-4caf17342d63&ranked_content=true returned response: <Response [200]>
2021-08-11 01:50:57,546 - instabot version: 0.117.0 (api) - DEBUG - GET to endpoint: feed/user/13869174215/?max_id=2248652537275604318_13869174215&min_timestamp=None&rank_token=49050629623_f8935940-e4f3-4821-b439-4caf17342d63&ranked_content=true returned response: <Response [200]>
2021-08-11 01:50:57,981 - instabot version: 0.117.0 (api) - DEBUG - GET to endpoint: feed/user/13869174215/?max_id=2245744852569688800_13869174215&min_timestamp=None&rank_token=49050629623_f8935940-e4f3-4821-b439-4caf17342d63&ranked_content=true returned response: <Response [200]>
2021-08-11 01:50:58,392 - instabot version: 0.117.0 (api) - DEBUG - GET to endpoint: feed/user/13869174215/?max_id=2243508331120950980_13869174215&min_timestamp=None&rank_token=49050629623_f8935940-e4f3-4821-b439-4caf17342d63&ranked_content=true returned response: <Response [200]>
2021-08-11 01:50:58,798 - instabot version: 0.117.0 (api) - DEBUG - GET to endpoint: feed/user/13869174215/?max_id=2241037100647821231_13869174215&min_timestamp=None&rank_token=49050629623_f8935940-e4f3-4821-b439-4caf17342d63&ranked_content=true returned response: <Response [200]>
2021-08-11 01:50:59,260 - instabot version: 0.117.0 (api) - DEBUG - GET to endpoint: feed/user/13869174215/?max_id=2238872139167200337_13869174215&min_timestamp=None&rank_token=49050629623_f8935940-e4f3-4821-b439-4caf17342d63&ranked_content=true returned response: <Response [200]>
2021-08-11 01:50:59,689 - instabot version: 0.117.0 (api) - DEBUG - GET to endpoint: feed/user/13869174215/?max_id=2235944676942533284_13869174215&min_timestamp=None&rank_token=49050629623_f8935940-e4f3-4821-b439-4caf17342d63&ranked_content=true returned response: <Response [200]>
2021-08-11 01:51:00,095 - instabot version: 0.117.0 (api) - DEBUG - GET to endpoint: feed/user/13869174215/?max_id=2233816588645504128_13869174215&min_timestamp=None&rank_token=49050629623_f8935940-e4f3-4821-b439-4caf17342d63&ranked_content=true returned response: <Response [200]>
2021-08-11 01:51:00,523 - instabot version: 0.117.0 (api) - DEBUG - GET to endpoint: feed/user/13869174215/?max_id=2231580339624961569_13869174215&min_timestamp=None&rank_token=49050629623_f8935940-e4f3-4821-b439-4caf17342d63&ranked_content=true returned response: <Response [200]>
2021-08-11 01:51:00,953 - instabot version: 0.117.0 (api) - DEBUG - GET to endpoint: feed/user/13869174215/?max_id=2229277999211403835_13869174215&min_timestamp=None&rank_token=49050629623_f8935940-e4f3-4821-b439-4caf17342d63&ranked_content=true returned response: <Response [200]>
2021-08-11 01:51:01,440 - instabot version: 0.117.0 (api) - DEBUG - GET to endpoint: feed/user/13869174215/?max_id=2226832641361247307_13869174215&min_timestamp=None&rank_token=49050629623_f8935940-e4f3-4821-b439-4caf17342d63&ranked_content=true returned response: <Response [200]>
2021-08-11 01:51:01,858 - instabot version: 0.117.0 (api) - DEBUG - GET to endpoint: feed/user/13869174215/?max_id=2225107040698903571_13869174215&min_timestamp=None&rank_token=49050629623_f8935940-e4f3-4821-b439-4caf17342d63&ranked_content=true returned response: <Response [200]>
2021-08-11 01:51:02,260 - instabot version: 0.117.0 (api) - DEBUG - GET to endpoint: feed/user/13869174215/?max_id=2223487028225646761_13869174215&min_timestamp=None&rank_token=49050629623_f8935940-e4f3-4821-b439-4caf17342d63&ranked_content=true returned response: <Response [200]>
2021-08-11 01:51:02,655 - instabot version: 0.117.0 (api) - DEBUG - GET to endpoint: feed/user/13869174215/?max_id=2221400329203107780_13869174215&min_timestamp=None&rank_token=49050629623_f8935940-e4f3-4821-b439-4caf17342d63&ranked_content=true returned response: <Response [200]>
2021-08-11 01:51:03,066 - instabot version: 0.117.0 (api) - DEBUG - GET to endpoint: feed/user/13869174215/?max_id=2219852942957491541_13869174215&min_timestamp=None&rank_token=49050629623_f8935940-e4f3-4821-b439-4caf17342d63&ranked_content=true returned response: <Response [200]>
2021-08-11 01:51:03,476 - instabot version: 0.117.0 (api) - DEBUG - GET to endpoint: feed/user/13869174215/?max_id=2217605560870067102_13869174215&min_timestamp=None&rank_token=49050629623_f8935940-e4f3-4821-b439-4caf17342d63&ranked_content=true returned response: <Response [200]>
2021-08-11 01:51:03,869 - instabot version: 0.117.0 (api) - DEBUG - GET to endpoint: feed/user/13869174215/?max_id=2215372736716788647_13869174215&min_timestamp=None&rank_token=49050629623_f8935940-e4f3-4821-b439-4caf17342d63&ranked_content=true returned response: <Response [200]>
2021-08-11 01:51:04,224 - instabot version: 0.117.0 (api) - DEBUG - GET to endpoint: feed/user/13869174215/?max_id=2213487086606244743_13869174215&min_timestamp=None&rank_token=49050629623_f8935940-e4f3-4821-b439-4caf17342d63&ranked_content=true returned response: <Response [200]>
2021-08-11 01:51:04,624 - instabot version: 0.117.0 (api) - DEBUG - GET to endpoint: feed/user/13869174215/?max_id=2211382866172234344_13869174215&min_timestamp=None&rank_token=49050629623_f8935940-e4f3-4821-b439-4caf17342d63&ranked_content=true returned response: <Response [200]>
2021-08-11 01:51:05,008 - instabot version: 0.117.0 (api) - DEBUG - GET to endpoint: feed/user/13869174215/?max_id=2208821813630591191_13869174215&min_timestamp=None&rank_token=49050629623_f8935940-e4f3-4821-b439-4caf17342d63&ranked_content=true returned response: <Response [200]>
2021-08-11 01:51:05,350 - instabot version: 0.117.0 (api) - DEBUG - GET to endpoint: feed/user/13869174215/?max_id=2205533247701853222_13869174215&min_timestamp=None&rank_token=49050629623_f8935940-e4f3-4821-b439-4caf17342d63&ranked_content=true returned response: <Response [200]>
2021-08-11 01:51:05,684 - instabot version: 0.117.0 (api) - DEBUG - GET to endpoint: feed/user/13869174215/?max_id=2202244510988212128_13869174215&min_timestamp=None&rank_token=49050629623_f8935940-e4f3-4821-b439-4caf17342d63&ranked_content=true returned response: <Response [200]>
2021-08-11 01:51:06,036 - instabot version: 0.117.0 (api) - DEBUG - GET to endpoint: feed/user/13869174215/?max_id=2198671066364553986_13869174215&min_timestamp=None&rank_token=49050629623_f8935940-e4f3-4821-b439-4caf17342d63&ranked_content=true returned response: <Response [200]>
2021-08-11 01:51:06,419 - instabot version: 0.117.0 (api) - DEBUG - GET to endpoint: feed/user/13869174215/?max_id=2193569676452251516_13869174215&min_timestamp=None&rank_token=49050629623_f8935940-e4f3-4821-b439-4caf17342d63&ranked_content=true returned response: <Response [200]>
2021-08-11 01:51:06,954 - instabot version: 0.117.0 (api) - DEBUG - GET to endpoint: feed/user/13869174215/?max_id=2188643408935258485_13869174215&min_timestamp=None&rank_token=49050629623_f8935940-e4f3-4821-b439-4caf17342d63&ranked_content=true returned response: <Response [200]>
2021-08-11 01:51:07,269 - instabot version: 0.117.0 (api) - DEBUG - GET to endpoint: feed/user/13869174215/?max_id=2183817753131431701_13869174215&min_timestamp=None&rank_token=49050629623_f8935940-e4f3-4821-b439-4caf17342d63&ranked_content=true returned response: <Response [200]>
2021-08-11 01:51:07,540 - instabot version: 0.117.0 (api) - DEBUG - GET to endpoint: users/vocabexpansion/usernameinfo/ returned response: <Response [200]>
2021-08-11 01:51:08,058 - instabot version: 0.117.0 (api) - DEBUG - GET to endpoint: media/2631355333828978527_13869174215/info/ returned response: <Response [200]>
2021-08-11 01:51:08,441 - instabot version: 0.117.0 (api) - DEBUG - POST to endpoint: direct_v2/threads/broadcast/media_share/ returned response: <Response [200]>
2021-08-11 01:51:08,897 - instabot version: 0.117.0 (api) - DEBUG - POST to endpoint: direct_v2/inbox/ returned response: <Response [200]>
2021-08-11 01:51:08,899 - instabot version: 0.117.0 (bot_checkpoint) - DEBUG - Saving Checkpoint file to: D:\Programming\2021\InstaBot/config/derbgang.checkpoint
2021-08-11 01:51:08,899 - instabot version: 0.117.0 (bot) - INFO - Total messages: 4/96
2021-08-11 01:51:08,900 - instabot version: 0.117.0 (bot) - INFO - Total requests: 1840
