2021-08-07 13:44:49,754 - instabot version: 0.117.0 (bot) - INFO - Instabot version: 0.117.0 Started
2021-08-07 13:44:49,755 - instabot version: 0.117.0 (bot) - DEBUG - Bot imported from C:\Users\skyem\AppData\Local\Programs\Python\Python39\lib\site-packages\instabot\bot\bot.py
2021-08-07 13:44:51,041 - instabot version: 0.117.0 (api_login) - INFO - Not yet logged in starting: PRE-LOGIN FLOW!
2021-08-07 13:44:51,207 - instabot version: 0.117.0 (api) - DEBUG - POST to endpoint: accounts/get_prefill_candidates/ returned response: <Response [200]>
2021-08-07 13:44:51,472 - instabot version: 0.117.0 (api) - DEBUG - POST to endpoint: qe/sync/ returned response: <Response [200]>
2021-08-07 13:44:51,662 - instabot version: 0.117.0 (api) - DEBUG - POST to endpoint: launcher/sync/ returned response: <Response [200]>
2021-08-07 13:44:51,813 - instabot version: 0.117.0 (api) - DEBUG - POST to endpoint: accounts/contact_point_prefill/ returned response: <Response [200]>
2021-08-07 13:44:54,420 - instabot version: 0.117.0 (api) - DEBUG - POST to endpoint: accounts/login/ returned response: <Response [200]>
2021-08-07 13:44:54,420 - instabot version: 0.117.0 (api) - INFO - Logged-in successfully as 'vocabexpansion'!
2021-08-07 13:44:54,420 - instabot version: 0.117.0 (api_login) - INFO - LOGIN FLOW! Just logged-in: True
2021-08-07 13:44:54,600 - instabot version: 0.117.0 (api) - DEBUG - POST to endpoint: qe/sync/ returned response: <Response [200]>
2021-08-07 13:44:54,806 - instabot version: 0.117.0 (api) - DEBUG - POST to endpoint: launcher/sync/ returned response: <Response [200]>
2021-08-07 13:44:54,951 - instabot version: 0.117.0 (api) - DEBUG - GET to endpoint: zr/token/result/?device_id=android-e377a40ffa4f9abc&token_hash=&custom_device_id=android-e377a40ffa4f9abc&fetch_reason=token_expired returned response: <Response [200]>
2021-08-07 13:44:55,200 - instabot version: 0.117.0 (api) - DEBUG - GET to endpoint: multiple_accounts/get_account_family/ returned response: <Response [200]>
2021-08-07 13:44:55,369 - instabot version: 0.117.0 (api) - DEBUG - POST to endpoint: qe/sync/ returned response: <Response [200]>
2021-08-07 13:44:56,045 - instabot version: 0.117.0 (api) - DEBUG - GET to endpoint: igtv/browse_feed/?prefetch=1 returned response: <Response [200]>
2021-08-07 13:44:56,194 - instabot version: 0.117.0 (api) - DEBUG - POST to endpoint: creatives/ar_class/ returned response: <Response [200]>
2021-08-07 13:44:56,632 - instabot version: 0.117.0 (api) - DEBUG - POST to endpoint: feed/reels_tray/ returned response: <Response [200]>
2021-08-07 13:44:57,777 - instabot version: 0.117.0 (api) - DEBUG - POST to endpoint: feed/timeline/ returned response: <Response [200]>
2021-08-07 13:44:57,949 - instabot version: 0.117.0 (api) - DEBUG - GET to endpoint: media/blocked/ returned response: <Response [200]>
2021-08-07 13:44:58,222 - instabot version: 0.117.0 (api) - DEBUG - GET to endpoint: news/inbox/ returned response: <Response [200]>
2021-08-07 13:44:58,371 - instabot version: 0.117.0 (api) - DEBUG - GET to endpoint: loom/fetch_config/ returned response: <Response [200]>
2021-08-07 13:44:58,716 - instabot version: 0.117.0 (api) - DEBUG - GET to endpoint: scores/bootstrap/users/?surfaces=["autocomplete_user_list","coefficient_besties_list_ranking","coefficient_rank_recipient_user_suggestion","coefficient_ios_section_test_bootstrap_ranking","coefficient_direct_recipients_ranking_variant_2"] returned response: <Response [200]>
2021-08-07 13:44:58,875 - instabot version: 0.117.0 (api) - DEBUG - GET to endpoint: business/eligibility/get_monetization_products_eligibility_data/?product_types=branded_content returned response: <Response [200]>
2021-08-07 13:44:59,020 - instabot version: 0.117.0 (api) - DEBUG - GET to endpoint: business/branded_content/should_require_professional_account/ returned response: <Response [200]>
2021-08-07 13:44:59,172 - instabot version: 0.117.0 (api) - DEBUG - GET to endpoint: linked_accounts/get_linkage_status/ returned response: <Response [200]>
2021-08-07 13:44:59,319 - instabot version: 0.117.0 (api) - DEBUG - GET to endpoint: locations/request_country/ returned response: <Response [200]>
2021-08-07 13:44:59,464 - instabot version: 0.117.0 (api) - DEBUG - GET to endpoint: qp/get_cooldowns/?signed_body=signed_body=4b9c516a5410a3bc128e09c6104a7f042146b9c2023870560c63a43a7f66781c.4&ig_sig_key_version=4&ig_sig_key_version=4 returned response: <Response [200]>
2021-08-07 13:44:59,602 - instabot version: 0.117.0 (api) - DEBUG - GET to endpoint: users/arlink_download_info/?version_override=2.2.1 returned response: <Response [200]>
2021-08-07 13:44:59,878 - instabot version: 0.117.0 (api) - DEBUG - GET to endpoint: users/49051026324/info/ returned response: <Response [200]>
2021-08-07 13:45:00,087 - instabot version: 0.117.0 (api) - DEBUG - GET to endpoint: direct_v2/get_presence/ returned response: <Response [200]>
2021-08-07 13:45:00,352 - instabot version: 0.117.0 (api) - DEBUG - GET to endpoint: direct_v2/inbox/?visual_message_return_type=unseen&thread_message_limit=10&persistentBadging=true&limit=20 returned response: <Response [200]>
2021-08-07 13:45:00,636 - instabot version: 0.117.0 (api) - DEBUG - GET to endpoint: direct_v2/inbox/?visual_message_return_type=unseen&persistentBadging=true&limit=0 returned response: <Response [200]>
2021-08-07 13:45:00,958 - instabot version: 0.117.0 (api) - DEBUG - GET to endpoint: discover/topical_explore/?is_prefetch=true&omit_cover_media=true&use_sectional_payload=true&timezone_offset=0&session_id=3d6f57fa-cce8-44db-956a-07bf822a166f&include_fixed_destinations=true returned response: <Response [200]>
2021-08-07 13:45:01,143 - instabot version: 0.117.0 (api) - DEBUG - POST to endpoint: notifications/badge/ returned response: <Response [200]>
2021-08-07 13:45:01,371 - instabot version: 0.117.0 (api) - DEBUG - POST to endpoint: qp/batch_fetch/ returned response: <Response [200]>
2021-08-07 13:45:01,372 - instabot version: 0.117.0 (bot_checkpoint) - DEBUG - Loading Checkpoint file from: D:\Programming\2021\InstaBot/config/vocabexpansion.checkpoint
2021-08-07 13:45:01,683 - instabot version: 0.117.0 (api) - DEBUG - GET to endpoint: users/cursed.image5/usernameinfo/ returned response: <Response [200]>
2021-08-07 13:45:02,739 - instabot version: 0.117.0 (api) - DEBUG - GET to endpoint: feed/user/13869174215/?max_id=&min_timestamp=None&rank_token=49051026324_1549171b-bf16-47d2-904d-99a737f3d3c8&ranked_content=true returned response: <Response [200]>
2021-08-07 13:45:03,000 - instabot version: 0.117.0 (api) - DEBUG - GET to endpoint: feed/user/13869174215/?max_id=2626282164009019831_13869174215&min_timestamp=None&rank_token=49051026324_1549171b-bf16-47d2-904d-99a737f3d3c8&ranked_content=true returned response: <Response [200]>
2021-08-07 13:45:03,297 - instabot version: 0.117.0 (api) - DEBUG - GET to endpoint: feed/user/13869174215/?max_id=2619320932840007255_13869174215&min_timestamp=None&rank_token=49051026324_1549171b-bf16-47d2-904d-99a737f3d3c8&ranked_content=true returned response: <Response [200]>
2021-08-07 13:45:03,724 - instabot version: 0.117.0 (api) - DEBUG - GET to endpoint: feed/user/13869174215/?max_id=2615694568026099705_13869174215&min_timestamp=None&rank_token=49051026324_1549171b-bf16-47d2-904d-99a737f3d3c8&ranked_content=true returned response: <Response [200]>
2021-08-07 13:45:03,996 - instabot version: 0.117.0 (api) - DEBUG - GET to endpoint: feed/user/13869174215/?max_id=2611690618580401403_13869174215&min_timestamp=None&rank_token=49051026324_1549171b-bf16-47d2-904d-99a737f3d3c8&ranked_content=true returned response: <Response [200]>
2021-08-07 13:45:04,255 - instabot version: 0.117.0 (api) - DEBUG - GET to endpoint: feed/user/13869174215/?max_id=2608061752276310042_13869174215&min_timestamp=None&rank_token=49051026324_1549171b-bf16-47d2-904d-99a737f3d3c8&ranked_content=true returned response: <Response [200]>
2021-08-07 13:45:04,589 - instabot version: 0.117.0 (api) - DEBUG - GET to endpoint: feed/user/13869174215/?max_id=2604100664946823042_13869174215&min_timestamp=None&rank_token=49051026324_1549171b-bf16-47d2-904d-99a737f3d3c8&ranked_content=true returned response: <Response [200]>
2021-08-07 13:45:04,893 - instabot version: 0.117.0 (api) - DEBUG - GET to endpoint: feed/user/13869174215/?max_id=2600494391490826446_13869174215&min_timestamp=None&rank_token=49051026324_1549171b-bf16-47d2-904d-99a737f3d3c8&ranked_content=true returned response: <Response [200]>
2021-08-07 13:45:05,168 - instabot version: 0.117.0 (api) - DEBUG - GET to endpoint: feed/user/13869174215/?max_id=2596457770244179366_13869174215&min_timestamp=None&rank_token=49051026324_1549171b-bf16-47d2-904d-99a737f3d3c8&ranked_content=true returned response: <Response [200]>
2021-08-07 13:45:05,436 - instabot version: 0.117.0 (api) - DEBUG - GET to endpoint: feed/user/13869174215/?max_id=2592519353094475095_13869174215&min_timestamp=None&rank_token=49051026324_1549171b-bf16-47d2-904d-99a737f3d3c8&ranked_content=true returned response: <Response [200]>
2021-08-07 13:45:05,716 - instabot version: 0.117.0 (api) - DEBUG - GET to endpoint: feed/user/13869174215/?max_id=2588502866338363342_13869174215&min_timestamp=None&rank_token=49051026324_1549171b-bf16-47d2-904d-99a737f3d3c8&ranked_content=true returned response: <Response [200]>
2021-08-07 13:45:05,989 - instabot version: 0.117.0 (api) - DEBUG - GET to endpoint: feed/user/13869174215/?max_id=2584501472361702861_13869174215&min_timestamp=None&rank_token=49051026324_1549171b-bf16-47d2-904d-99a737f3d3c8&ranked_content=true returned response: <Response [200]>
2021-08-07 13:45:06,280 - instabot version: 0.117.0 (api) - DEBUG - GET to endpoint: feed/user/13869174215/?max_id=2580915326536266213_13869174215&min_timestamp=None&rank_token=49051026324_1549171b-bf16-47d2-904d-99a737f3d3c8&ranked_content=true returned response: <Response [200]>
2021-08-07 13:45:06,587 - instabot version: 0.117.0 (api) - DEBUG - GET to endpoint: feed/user/13869174215/?max_id=2576901365169592772_13869174215&min_timestamp=None&rank_token=49051026324_1549171b-bf16-47d2-904d-99a737f3d3c8&ranked_content=true returned response: <Response [200]>
2021-08-07 13:45:06,863 - instabot version: 0.117.0 (api) - DEBUG - GET to endpoint: feed/user/13869174215/?max_id=2572950368222481861_13869174215&min_timestamp=None&rank_token=49051026324_1549171b-bf16-47d2-904d-99a737f3d3c8&ranked_content=true returned response: <Response [200]>
2021-08-07 13:45:07,116 - instabot version: 0.117.0 (api) - DEBUG - GET to endpoint: feed/user/13869174215/?max_id=2568933940185551628_13869174215&min_timestamp=None&rank_token=49051026324_1549171b-bf16-47d2-904d-99a737f3d3c8&ranked_content=true returned response: <Response [200]>
2021-08-07 13:45:07,444 - instabot version: 0.117.0 (api) - DEBUG - GET to endpoint: feed/user/13869174215/?max_id=2564952627503476652_13869174215&min_timestamp=None&rank_token=49051026324_1549171b-bf16-47d2-904d-99a737f3d3c8&ranked_content=true returned response: <Response [200]>
2021-08-07 13:45:07,720 - instabot version: 0.117.0 (api) - DEBUG - GET to endpoint: feed/user/13869174215/?max_id=2560943766360606050_13869174215&min_timestamp=None&rank_token=49051026324_1549171b-bf16-47d2-904d-99a737f3d3c8&ranked_content=true returned response: <Response [200]>
2021-08-07 13:45:07,986 - instabot version: 0.117.0 (api) - DEBUG - GET to endpoint: feed/user/13869174215/?max_id=2557005355631346400_13869174215&min_timestamp=None&rank_token=49051026324_1549171b-bf16-47d2-904d-99a737f3d3c8&ranked_content=true returned response: <Response [200]>
2021-08-07 13:45:08,276 - instabot version: 0.117.0 (api) - DEBUG - GET to endpoint: feed/user/13869174215/?max_id=2552988981780448384_13869174215&min_timestamp=None&rank_token=49051026324_1549171b-bf16-47d2-904d-99a737f3d3c8&ranked_content=true returned response: <Response [200]>
2021-08-07 13:45:08,610 - instabot version: 0.117.0 (api) - DEBUG - GET to endpoint: feed/user/13869174215/?max_id=2548987552614947851_13869174215&min_timestamp=None&rank_token=49051026324_1549171b-bf16-47d2-904d-99a737f3d3c8&ranked_content=true returned response: <Response [200]>
2021-08-07 13:45:08,937 - instabot version: 0.117.0 (api) - DEBUG - GET to endpoint: feed/user/13869174215/?max_id=2546037047749495563_13869174215&min_timestamp=None&rank_token=49051026324_1549171b-bf16-47d2-904d-99a737f3d3c8&ranked_content=true returned response: <Response [200]>
2021-08-07 13:45:09,248 - instabot version: 0.117.0 (api) - DEBUG - GET to endpoint: feed/user/13869174215/?max_id=2542114681509893820_13869174215&min_timestamp=None&rank_token=49051026324_1549171b-bf16-47d2-904d-99a737f3d3c8&ranked_content=true returned response: <Response [200]>
2021-08-07 13:45:09,553 - instabot version: 0.117.0 (api) - DEBUG - GET to endpoint: feed/user/13869174215/?max_id=2538173715005284388_13869174215&min_timestamp=None&rank_token=49051026324_1549171b-bf16-47d2-904d-99a737f3d3c8&ranked_content=true returned response: <Response [200]>
2021-08-07 13:45:09,796 - instabot version: 0.117.0 (api) - DEBUG - GET to endpoint: feed/user/13869174215/?max_id=2534544815264434387_13869174215&min_timestamp=None&rank_token=49051026324_1549171b-bf16-47d2-904d-99a737f3d3c8&ranked_content=true returned response: <Response [200]>
2021-08-07 13:45:10,057 - instabot version: 0.117.0 (api) - DEBUG - GET to endpoint: feed/user/13869174215/?max_id=2530535920269053773_13869174215&min_timestamp=None&rank_token=49051026324_1549171b-bf16-47d2-904d-99a737f3d3c8&ranked_content=true returned response: <Response [200]>
2021-08-07 13:45:10,317 - instabot version: 0.117.0 (api) - DEBUG - GET to endpoint: feed/user/13869174215/?max_id=2526896981011441823_13869174215&min_timestamp=None&rank_token=49051026324_1549171b-bf16-47d2-904d-99a737f3d3c8&ranked_content=true returned response: <Response [200]>
2021-08-07 13:45:10,632 - instabot version: 0.117.0 (api) - DEBUG - GET to endpoint: feed/user/13869174215/?max_id=2522963885033792954_13869174215&min_timestamp=None&rank_token=49051026324_1549171b-bf16-47d2-904d-99a737f3d3c8&ranked_content=true returned response: <Response [200]>
2021-08-07 13:45:10,914 - instabot version: 0.117.0 (api) - DEBUG - GET to endpoint: feed/user/13869174215/?max_id=2519327024235841370_13869174215&min_timestamp=None&rank_token=49051026324_1549171b-bf16-47d2-904d-99a737f3d3c8&ranked_content=true returned response: <Response [200]>
2021-08-07 13:45:11,241 - instabot version: 0.117.0 (api) - DEBUG - GET to endpoint: feed/user/13869174215/?max_id=2515673474754025240_13869174215&min_timestamp=None&rank_token=49051026324_1549171b-bf16-47d2-904d-99a737f3d3c8&ranked_content=true returned response: <Response [200]>
2021-08-07 13:45:11,536 - instabot version: 0.117.0 (api) - DEBUG - GET to endpoint: feed/user/13869174215/?max_id=2512431679012886615_13869174215&min_timestamp=None&rank_token=49051026324_1549171b-bf16-47d2-904d-99a737f3d3c8&ranked_content=true returned response: <Response [200]>
2021-08-07 13:45:11,807 - instabot version: 0.117.0 (api) - DEBUG - GET to endpoint: feed/user/13869174215/?max_id=2508795165326617826_13869174215&min_timestamp=None&rank_token=49051026324_1549171b-bf16-47d2-904d-99a737f3d3c8&ranked_content=true returned response: <Response [200]>
2021-08-07 13:45:12,115 - instabot version: 0.117.0 (api) - DEBUG - GET to endpoint: feed/user/13869174215/?max_id=2504834176534377920_13869174215&min_timestamp=None&rank_token=49051026324_1549171b-bf16-47d2-904d-99a737f3d3c8&ranked_content=true returned response: <Response [200]>
2021-08-07 13:45:12,418 - instabot version: 0.117.0 (api) - DEBUG - GET to endpoint: feed/user/13869174215/?max_id=2501952592915862130_13869174215&min_timestamp=None&rank_token=49051026324_1549171b-bf16-47d2-904d-99a737f3d3c8&ranked_content=true returned response: <Response [200]>
2021-08-07 13:45:12,692 - instabot version: 0.117.0 (api) - DEBUG - GET to endpoint: feed/user/13869174215/?max_id=2499750602877478920_13869174215&min_timestamp=None&rank_token=49051026324_1549171b-bf16-47d2-904d-99a737f3d3c8&ranked_content=true returned response: <Response [200]>
2021-08-07 13:45:12,949 - instabot version: 0.117.0 (api) - DEBUG - GET to endpoint: feed/user/13869174215/?max_id=2496879138318438467_13869174215&min_timestamp=None&rank_token=49051026324_1549171b-bf16-47d2-904d-99a737f3d3c8&ranked_content=true returned response: <Response [200]>
2021-08-07 13:45:13,231 - instabot version: 0.117.0 (api) - DEBUG - GET to endpoint: feed/user/13869174215/?max_id=2494297080575691358_13869174215&min_timestamp=None&rank_token=49051026324_1549171b-bf16-47d2-904d-99a737f3d3c8&ranked_content=true returned response: <Response [200]>
2021-08-07 13:45:13,686 - instabot version: 0.117.0 (api) - DEBUG - GET to endpoint: feed/user/13869174215/?max_id=2491508090337659323_13869174215&min_timestamp=None&rank_token=49051026324_1549171b-bf16-47d2-904d-99a737f3d3c8&ranked_content=true returned response: <Response [200]>
2021-08-07 13:45:14,025 - instabot version: 0.117.0 (api) - DEBUG - GET to endpoint: feed/user/13869174215/?max_id=2488767333201690606_13869174215&min_timestamp=None&rank_token=49051026324_1549171b-bf16-47d2-904d-99a737f3d3c8&ranked_content=true returned response: <Response [200]>
2021-08-07 13:45:14,305 - instabot version: 0.117.0 (api) - DEBUG - GET to endpoint: feed/user/13869174215/?max_id=2484542948476176785_13869174215&min_timestamp=None&rank_token=49051026324_1549171b-bf16-47d2-904d-99a737f3d3c8&ranked_content=true returned response: <Response [200]>
2021-08-07 13:45:14,584 - instabot version: 0.117.0 (api) - DEBUG - GET to endpoint: feed/user/13869174215/?max_id=2480543943331322882_13869174215&min_timestamp=None&rank_token=49051026324_1549171b-bf16-47d2-904d-99a737f3d3c8&ranked_content=true returned response: <Response [200]>
2021-08-07 13:45:14,940 - instabot version: 0.117.0 (api) - DEBUG - GET to endpoint: feed/user/13869174215/?max_id=2476655710194612550_13869174215&min_timestamp=None&rank_token=49051026324_1549171b-bf16-47d2-904d-99a737f3d3c8&ranked_content=true returned response: <Response [200]>
2021-08-07 13:45:15,212 - instabot version: 0.117.0 (api) - DEBUG - GET to endpoint: feed/user/13869174215/?max_id=2472546280048504730_13869174215&min_timestamp=None&rank_token=49051026324_1549171b-bf16-47d2-904d-99a737f3d3c8&ranked_content=true returned response: <Response [200]>
2021-08-07 13:45:15,468 - instabot version: 0.117.0 (api) - DEBUG - GET to endpoint: feed/user/13869174215/?max_id=2468922436582781045_13869174215&min_timestamp=None&rank_token=49051026324_1549171b-bf16-47d2-904d-99a737f3d3c8&ranked_content=true returned response: <Response [200]>
2021-08-07 13:45:15,732 - instabot version: 0.117.0 (api) - DEBUG - GET to endpoint: feed/user/13869174215/?max_id=2465009175103484602_13869174215&min_timestamp=None&rank_token=49051026324_1549171b-bf16-47d2-904d-99a737f3d3c8&ranked_content=true returned response: <Response [200]>
2021-08-07 13:45:16,011 - instabot version: 0.117.0 (api) - DEBUG - GET to endpoint: feed/user/13869174215/?max_id=2460640347263179662_13869174215&min_timestamp=None&rank_token=49051026324_1549171b-bf16-47d2-904d-99a737f3d3c8&ranked_content=true returned response: <Response [200]>
2021-08-07 13:45:16,310 - instabot version: 0.117.0 (api) - DEBUG - GET to endpoint: feed/user/13869174215/?max_id=2456628952261863877_13869174215&min_timestamp=None&rank_token=49051026324_1549171b-bf16-47d2-904d-99a737f3d3c8&ranked_content=true returned response: <Response [200]>
2021-08-07 13:45:16,578 - instabot version: 0.117.0 (api) - DEBUG - GET to endpoint: feed/user/13869174215/?max_id=2452690555870516861_13869174215&min_timestamp=None&rank_token=49051026324_1549171b-bf16-47d2-904d-99a737f3d3c8&ranked_content=true returned response: <Response [200]>
2021-08-07 13:45:16,849 - instabot version: 0.117.0 (api) - DEBUG - GET to endpoint: feed/user/13869174215/?max_id=2448694170446051359_13869174215&min_timestamp=None&rank_token=49051026324_1549171b-bf16-47d2-904d-99a737f3d3c8&ranked_content=true returned response: <Response [200]>
2021-08-07 13:45:17,415 - instabot version: 0.117.0 (api) - DEBUG - GET to endpoint: feed/user/13869174215/?max_id=2444687802296583042_13869174215&min_timestamp=None&rank_token=49051026324_1549171b-bf16-47d2-904d-99a737f3d3c8&ranked_content=true returned response: <Response [200]>
2021-08-07 13:45:17,866 - instabot version: 0.117.0 (api) - DEBUG - GET to endpoint: feed/user/13869174215/?max_id=2440706512804455084_13869174215&min_timestamp=None&rank_token=49051026324_1549171b-bf16-47d2-904d-99a737f3d3c8&ranked_content=true returned response: <Response [200]>
2021-08-07 13:45:18,165 - instabot version: 0.117.0 (api) - DEBUG - GET to endpoint: feed/user/13869174215/?max_id=2436735350699994709_13869174215&min_timestamp=None&rank_token=49051026324_1549171b-bf16-47d2-904d-99a737f3d3c8&ranked_content=true returned response: <Response [200]>
2021-08-07 13:45:18,418 - instabot version: 0.117.0 (api) - DEBUG - GET to endpoint: feed/user/13869174215/?max_id=2433129098571477149_13869174215&min_timestamp=None&rank_token=49051026324_1549171b-bf16-47d2-904d-99a737f3d3c8&ranked_content=true returned response: <Response [200]>
2021-08-07 13:45:18,672 - instabot version: 0.117.0 (api) - DEBUG - GET to endpoint: feed/user/13869174215/?max_id=2429505298969621108_13869174215&min_timestamp=None&rank_token=49051026324_1549171b-bf16-47d2-904d-99a737f3d3c8&ranked_content=true returned response: <Response [200]>
2021-08-07 13:45:19,026 - instabot version: 0.117.0 (api) - DEBUG - GET to endpoint: feed/user/13869174215/?max_id=2425435871171857365_13869174215&min_timestamp=None&rank_token=49051026324_1549171b-bf16-47d2-904d-99a737f3d3c8&ranked_content=true returned response: <Response [200]>
2021-08-07 13:45:19,287 - instabot version: 0.117.0 (api) - DEBUG - GET to endpoint: feed/user/13869174215/?max_id=2422921876622106329_13869174215&min_timestamp=None&rank_token=49051026324_1549171b-bf16-47d2-904d-99a737f3d3c8&ranked_content=true returned response: <Response [200]>
2021-08-07 13:45:19,612 - instabot version: 0.117.0 (api) - DEBUG - GET to endpoint: feed/user/13869174215/?max_id=2419599990277207744_13869174215&min_timestamp=None&rank_token=49051026324_1549171b-bf16-47d2-904d-99a737f3d3c8&ranked_content=true returned response: <Response [200]>
2021-08-07 13:45:19,937 - instabot version: 0.117.0 (api) - DEBUG - GET to endpoint: feed/user/13869174215/?max_id=2416421492374883814_13869174215&min_timestamp=None&rank_token=49051026324_1549171b-bf16-47d2-904d-99a737f3d3c8&ranked_content=true returned response: <Response [200]>
2021-08-07 13:45:20,245 - instabot version: 0.117.0 (api) - DEBUG - GET to endpoint: feed/user/13869174215/?max_id=2412322091271941178_13869174215&min_timestamp=None&rank_token=49051026324_1549171b-bf16-47d2-904d-99a737f3d3c8&ranked_content=true returned response: <Response [200]>
2021-08-07 13:45:20,571 - instabot version: 0.117.0 (api) - DEBUG - GET to endpoint: feed/user/13869174215/?max_id=2408655292738668661_13869174215&min_timestamp=None&rank_token=49051026324_1549171b-bf16-47d2-904d-99a737f3d3c8&ranked_content=true returned response: <Response [200]>
2021-08-07 13:45:20,850 - instabot version: 0.117.0 (api) - DEBUG - GET to endpoint: feed/user/13869174215/?max_id=2404777850169606759_13869174215&min_timestamp=None&rank_token=49051026324_1549171b-bf16-47d2-904d-99a737f3d3c8&ranked_content=true returned response: <Response [200]>
2021-08-07 13:45:21,238 - instabot version: 0.117.0 (api) - DEBUG - GET to endpoint: feed/user/13869174215/?max_id=2400478915984765526_13869174215&min_timestamp=None&rank_token=49051026324_1549171b-bf16-47d2-904d-99a737f3d3c8&ranked_content=true returned response: <Response [200]>
2021-08-07 13:45:21,574 - instabot version: 0.117.0 (api) - DEBUG - GET to endpoint: feed/user/13869174215/?max_id=2396832979551009673_13869174215&min_timestamp=None&rank_token=49051026324_1549171b-bf16-47d2-904d-99a737f3d3c8&ranked_content=true returned response: <Response [200]>
2021-08-07 13:45:21,909 - instabot version: 0.117.0 (api) - DEBUG - GET to endpoint: feed/user/13869174215/?max_id=2392484266083000422_13869174215&min_timestamp=None&rank_token=49051026324_1549171b-bf16-47d2-904d-99a737f3d3c8&ranked_content=true returned response: <Response [200]>
2021-08-07 13:45:22,175 - instabot version: 0.117.0 (api) - DEBUG - GET to endpoint: feed/user/13869174215/?max_id=2387753860330942816_13869174215&min_timestamp=None&rank_token=49051026324_1549171b-bf16-47d2-904d-99a737f3d3c8&ranked_content=true returned response: <Response [200]>
2021-08-07 13:45:22,526 - instabot version: 0.117.0 (api) - DEBUG - GET to endpoint: feed/user/13869174215/?max_id=2383407364441483015_13869174215&min_timestamp=None&rank_token=49051026324_1549171b-bf16-47d2-904d-99a737f3d3c8&ranked_content=true returned response: <Response [200]>
2021-08-07 13:45:22,858 - instabot version: 0.117.0 (api) - DEBUG - GET to endpoint: feed/user/13869174215/?max_id=2378963483146709426_13869174215&min_timestamp=None&rank_token=49051026324_1549171b-bf16-47d2-904d-99a737f3d3c8&ranked_content=true returned response: <Response [200]>
2021-08-07 13:45:23,188 - instabot version: 0.117.0 (api) - DEBUG - GET to endpoint: feed/user/13869174215/?max_id=2374728225182403018_13869174215&min_timestamp=None&rank_token=49051026324_1549171b-bf16-47d2-904d-99a737f3d3c8&ranked_content=true returned response: <Response [200]>
2021-08-07 13:45:23,462 - instabot version: 0.117.0 (api) - DEBUG - GET to endpoint: feed/user/13869174215/?max_id=2370750560775657182_13869174215&min_timestamp=None&rank_token=49051026324_1549171b-bf16-47d2-904d-99a737f3d3c8&ranked_content=true returned response: <Response [200]>
2021-08-07 13:45:23,744 - instabot version: 0.117.0 (api) - DEBUG - GET to endpoint: feed/user/13869174215/?max_id=2366430408168820005_13869174215&min_timestamp=None&rank_token=49051026324_1549171b-bf16-47d2-904d-99a737f3d3c8&ranked_content=true returned response: <Response [200]>
2021-08-07 13:45:24,008 - instabot version: 0.117.0 (api) - DEBUG - GET to endpoint: feed/user/13869174215/?max_id=2362769526674973791_13869174215&min_timestamp=None&rank_token=49051026324_1549171b-bf16-47d2-904d-99a737f3d3c8&ranked_content=true returned response: <Response [200]>
2021-08-07 13:45:24,315 - instabot version: 0.117.0 (api) - DEBUG - GET to endpoint: feed/user/13869174215/?max_id=2358435657251528577_13869174215&min_timestamp=None&rank_token=49051026324_1549171b-bf16-47d2-904d-99a737f3d3c8&ranked_content=true returned response: <Response [200]>
2021-08-07 13:45:24,677 - instabot version: 0.117.0 (api) - DEBUG - GET to endpoint: feed/user/13869174215/?max_id=2354810661467751114_13869174215&min_timestamp=None&rank_token=49051026324_1549171b-bf16-47d2-904d-99a737f3d3c8&ranked_content=true returned response: <Response [200]>
2021-08-07 13:45:24,946 - instabot version: 0.117.0 (api) - DEBUG - GET to endpoint: feed/user/13869174215/?max_id=2350465988741618775_13869174215&min_timestamp=None&rank_token=49051026324_1549171b-bf16-47d2-904d-99a737f3d3c8&ranked_content=true returned response: <Response [200]>
2021-08-07 13:45:25,249 - instabot version: 0.117.0 (api) - DEBUG - GET to endpoint: feed/user/13869174215/?max_id=2346165185566573541_13869174215&min_timestamp=None&rank_token=49051026324_1549171b-bf16-47d2-904d-99a737f3d3c8&ranked_content=true returned response: <Response [200]>
2021-08-07 13:45:26,476 - instabot version: 0.117.0 (api) - DEBUG - GET to endpoint: feed/user/13869174215/?max_id=2342503661086155982_13869174215&min_timestamp=None&rank_token=49051026324_1549171b-bf16-47d2-904d-99a737f3d3c8&ranked_content=true returned response: <Response [200]>
2021-08-07 13:45:26,828 - instabot version: 0.117.0 (api) - DEBUG - GET to endpoint: feed/user/13869174215/?max_id=2338127267509913555_13869174215&min_timestamp=None&rank_token=49051026324_1549171b-bf16-47d2-904d-99a737f3d3c8&ranked_content=true returned response: <Response [200]>
2021-08-07 13:45:27,099 - instabot version: 0.117.0 (api) - DEBUG - GET to endpoint: feed/user/13869174215/?max_id=2334122670831398861_13869174215&min_timestamp=None&rank_token=49051026324_1549171b-bf16-47d2-904d-99a737f3d3c8&ranked_content=true returned response: <Response [200]>
2021-08-07 13:45:27,412 - instabot version: 0.117.0 (api) - DEBUG - GET to endpoint: feed/user/13869174215/?max_id=2330552484224210594_13869174215&min_timestamp=None&rank_token=49051026324_1549171b-bf16-47d2-904d-99a737f3d3c8&ranked_content=true returned response: <Response [200]>
2021-08-07 13:45:27,670 - instabot version: 0.117.0 (api) - DEBUG - GET to endpoint: feed/user/13869174215/?max_id=2326553766432947481_13869174215&min_timestamp=None&rank_token=49051026324_1549171b-bf16-47d2-904d-99a737f3d3c8&ranked_content=true returned response: <Response [200]>
2021-08-07 13:45:28,061 - instabot version: 0.117.0 (api) - DEBUG - GET to endpoint: feed/user/13869174215/?max_id=2323265210302194844_13869174215&min_timestamp=None&rank_token=49051026324_1549171b-bf16-47d2-904d-99a737f3d3c8&ranked_content=true returned response: <Response [200]>
2021-08-07 13:45:28,436 - instabot version: 0.117.0 (api) - DEBUG - GET to endpoint: feed/user/13869174215/?max_id=2320359261535106609_13869174215&min_timestamp=None&rank_token=49051026324_1549171b-bf16-47d2-904d-99a737f3d3c8&ranked_content=true returned response: <Response [200]>
2021-08-07 13:45:28,750 - instabot version: 0.117.0 (api) - DEBUG - GET to endpoint: feed/user/13869174215/?max_id=2317824364622884173_13869174215&min_timestamp=None&rank_token=49051026324_1549171b-bf16-47d2-904d-99a737f3d3c8&ranked_content=true returned response: <Response [200]>
2021-08-07 13:45:29,069 - instabot version: 0.117.0 (api) - DEBUG - GET to endpoint: feed/user/13869174215/?max_id=2315679112898549809_13869174215&min_timestamp=None&rank_token=49051026324_1549171b-bf16-47d2-904d-99a737f3d3c8&ranked_content=true returned response: <Response [200]>
2021-08-07 13:45:29,447 - instabot version: 0.117.0 (api) - DEBUG - GET to endpoint: feed/user/13869174215/?max_id=2313486456126213303_13869174215&min_timestamp=None&rank_token=49051026324_1549171b-bf16-47d2-904d-99a737f3d3c8&ranked_content=true returned response: <Response [200]>
2021-08-07 13:45:29,747 - instabot version: 0.117.0 (api) - DEBUG - GET to endpoint: feed/user/13869174215/?max_id=2311304204860637488_13869174215&min_timestamp=None&rank_token=49051026324_1549171b-bf16-47d2-904d-99a737f3d3c8&ranked_content=true returned response: <Response [200]>
2021-08-07 13:45:30,047 - instabot version: 0.117.0 (api) - DEBUG - GET to endpoint: feed/user/13869174215/?max_id=2309130985206603098_13869174215&min_timestamp=None&rank_token=49051026324_1549171b-bf16-47d2-904d-99a737f3d3c8&ranked_content=true returned response: <Response [200]>
2021-08-07 13:45:30,399 - instabot version: 0.117.0 (api) - DEBUG - GET to endpoint: feed/user/13869174215/?max_id=2306946976628269968_13869174215&min_timestamp=None&rank_token=49051026324_1549171b-bf16-47d2-904d-99a737f3d3c8&ranked_content=true returned response: <Response [200]>
2021-08-07 13:45:30,823 - instabot version: 0.117.0 (api) - DEBUG - GET to endpoint: feed/user/13869174215/?max_id=2304793423469882682_13869174215&min_timestamp=None&rank_token=49051026324_1549171b-bf16-47d2-904d-99a737f3d3c8&ranked_content=true returned response: <Response [200]>
2021-08-07 13:45:31,153 - instabot version: 0.117.0 (api) - DEBUG - GET to endpoint: feed/user/13869174215/?max_id=2302612064550992807_13869174215&min_timestamp=None&rank_token=49051026324_1549171b-bf16-47d2-904d-99a737f3d3c8&ranked_content=true returned response: <Response [200]>
2021-08-07 13:45:31,457 - instabot version: 0.117.0 (api) - DEBUG - GET to endpoint: feed/user/13869174215/?max_id=2300416865099773608_13869174215&min_timestamp=None&rank_token=49051026324_1549171b-bf16-47d2-904d-99a737f3d3c8&ranked_content=true returned response: <Response [200]>
2021-08-07 13:45:31,773 - instabot version: 0.117.0 (api) - DEBUG - GET to endpoint: feed/user/13869174215/?max_id=2298261527172827762_13869174215&min_timestamp=None&rank_token=49051026324_1549171b-bf16-47d2-904d-99a737f3d3c8&ranked_content=true returned response: <Response [200]>
2021-08-07 13:45:32,125 - instabot version: 0.117.0 (api) - DEBUG - GET to endpoint: feed/user/13869174215/?max_id=2296089610160602205_13869174215&min_timestamp=None&rank_token=49051026324_1549171b-bf16-47d2-904d-99a737f3d3c8&ranked_content=true returned response: <Response [200]>
2021-08-07 13:45:32,423 - instabot version: 0.117.0 (api) - DEBUG - GET to endpoint: feed/user/13869174215/?max_id=2293904001312535944_13869174215&min_timestamp=None&rank_token=49051026324_1549171b-bf16-47d2-904d-99a737f3d3c8&ranked_content=true returned response: <Response [200]>
2021-08-07 13:45:32,681 - instabot version: 0.117.0 (api) - DEBUG - GET to endpoint: feed/user/13869174215/?max_id=2291388943315542728_13869174215&min_timestamp=None&rank_token=49051026324_1549171b-bf16-47d2-904d-99a737f3d3c8&ranked_content=true returned response: <Response [200]>
2021-08-07 13:45:33,025 - instabot version: 0.117.0 (api) - DEBUG - GET to endpoint: feed/user/13869174215/?max_id=2289187605089547898_13869174215&min_timestamp=None&rank_token=49051026324_1549171b-bf16-47d2-904d-99a737f3d3c8&ranked_content=true returned response: <Response [200]>
2021-08-07 13:45:33,283 - instabot version: 0.117.0 (api) - DEBUG - GET to endpoint: feed/user/13869174215/?max_id=2287381904537098515_13869174215&min_timestamp=None&rank_token=49051026324_1549171b-bf16-47d2-904d-99a737f3d3c8&ranked_content=true returned response: <Response [200]>
2021-08-07 13:45:33,626 - instabot version: 0.117.0 (api) - DEBUG - GET to endpoint: feed/user/13869174215/?max_id=2284840864277911251_13869174215&min_timestamp=None&rank_token=49051026324_1549171b-bf16-47d2-904d-99a737f3d3c8&ranked_content=true returned response: <Response [200]>
2021-08-07 13:45:33,881 - instabot version: 0.117.0 (api) - DEBUG - GET to endpoint: feed/user/13869174215/?max_id=2282310006027493789_13869174215&min_timestamp=None&rank_token=49051026324_1549171b-bf16-47d2-904d-99a737f3d3c8&ranked_content=true returned response: <Response [200]>
2021-08-07 13:45:34,181 - instabot version: 0.117.0 (api) - DEBUG - GET to endpoint: feed/user/13869174215/?max_id=2280129519708174684_13869174215&min_timestamp=None&rank_token=49051026324_1549171b-bf16-47d2-904d-99a737f3d3c8&ranked_content=true returned response: <Response [200]>
2021-08-07 13:45:34,490 - instabot version: 0.117.0 (api) - DEBUG - GET to endpoint: feed/user/13869174215/?max_id=2277983664356193149_13869174215&min_timestamp=None&rank_token=49051026324_1549171b-bf16-47d2-904d-99a737f3d3c8&ranked_content=true returned response: <Response [200]>
2021-08-07 13:45:34,796 - instabot version: 0.117.0 (api) - DEBUG - GET to endpoint: feed/user/13869174215/?max_id=2276160651344175491_13869174215&min_timestamp=None&rank_token=49051026324_1549171b-bf16-47d2-904d-99a737f3d3c8&ranked_content=true returned response: <Response [200]>
2021-08-07 13:45:35,152 - instabot version: 0.117.0 (api) - DEBUG - GET to endpoint: feed/user/13869174215/?max_id=2273985757273559312_13869174215&min_timestamp=None&rank_token=49051026324_1549171b-bf16-47d2-904d-99a737f3d3c8&ranked_content=true returned response: <Response [200]>
2021-08-07 13:45:35,469 - instabot version: 0.117.0 (api) - DEBUG - GET to endpoint: feed/user/13869174215/?max_id=2271844697336302944_13869174215&min_timestamp=None&rank_token=49051026324_1549171b-bf16-47d2-904d-99a737f3d3c8&ranked_content=true returned response: <Response [200]>
2021-08-07 13:45:35,740 - instabot version: 0.117.0 (api) - DEBUG - GET to endpoint: feed/user/13869174215/?max_id=2269322361701824604_13869174215&min_timestamp=None&rank_token=49051026324_1549171b-bf16-47d2-904d-99a737f3d3c8&ranked_content=true returned response: <Response [200]>
2021-08-07 13:45:36,078 - instabot version: 0.117.0 (api) - DEBUG - GET to endpoint: feed/user/13869174215/?max_id=2267122260149330706_13869174215&min_timestamp=None&rank_token=49051026324_1549171b-bf16-47d2-904d-99a737f3d3c8&ranked_content=true returned response: <Response [200]>
2021-08-07 13:45:36,335 - instabot version: 0.117.0 (api) - DEBUG - GET to endpoint: feed/user/13869174215/?max_id=2264964783077205373_13869174215&min_timestamp=None&rank_token=49051026324_1549171b-bf16-47d2-904d-99a737f3d3c8&ranked_content=true returned response: <Response [200]>
2021-08-07 13:45:36,629 - instabot version: 0.117.0 (api) - DEBUG - GET to endpoint: feed/user/13869174215/?max_id=2262780714797226909_13869174215&min_timestamp=None&rank_token=49051026324_1549171b-bf16-47d2-904d-99a737f3d3c8&ranked_content=true returned response: <Response [200]>
2021-08-07 13:45:37,318 - instabot version: 0.117.0 (api) - DEBUG - GET to endpoint: feed/user/13869174215/?max_id=2260581103978388929_13869174215&min_timestamp=None&rank_token=49051026324_1549171b-bf16-47d2-904d-99a737f3d3c8&ranked_content=true returned response: <Response [200]>
2021-08-07 13:45:37,662 - instabot version: 0.117.0 (api) - DEBUG - GET to endpoint: feed/user/13869174215/?max_id=2258428954670459867_13869174215&min_timestamp=None&rank_token=49051026324_1549171b-bf16-47d2-904d-99a737f3d3c8&ranked_content=true returned response: <Response [200]>
2021-08-07 13:45:38,016 - instabot version: 0.117.0 (api) - DEBUG - GET to endpoint: feed/user/13869174215/?max_id=2256205873549729303_13869174215&min_timestamp=None&rank_token=49051026324_1549171b-bf16-47d2-904d-99a737f3d3c8&ranked_content=true returned response: <Response [200]>
2021-08-07 13:45:38,298 - instabot version: 0.117.0 (api) - DEBUG - GET to endpoint: feed/user/13869174215/?max_id=2254447245964764045_13869174215&min_timestamp=None&rank_token=49051026324_1549171b-bf16-47d2-904d-99a737f3d3c8&ranked_content=true returned response: <Response [200]>
2021-08-07 13:45:38,639 - instabot version: 0.117.0 (api) - DEBUG - GET to endpoint: feed/user/13869174215/?max_id=2251904639124884728_13869174215&min_timestamp=None&rank_token=49051026324_1549171b-bf16-47d2-904d-99a737f3d3c8&ranked_content=true returned response: <Response [200]>
2021-08-07 13:45:38,910 - instabot version: 0.117.0 (api) - DEBUG - GET to endpoint: feed/user/13869174215/?max_id=2250104535879455748_13869174215&min_timestamp=None&rank_token=49051026324_1549171b-bf16-47d2-904d-99a737f3d3c8&ranked_content=true returned response: <Response [200]>
2021-08-07 13:45:39,212 - instabot version: 0.117.0 (api) - DEBUG - GET to endpoint: feed/user/13869174215/?max_id=2247525817222732961_13869174215&min_timestamp=None&rank_token=49051026324_1549171b-bf16-47d2-904d-99a737f3d3c8&ranked_content=true returned response: <Response [200]>
2021-08-07 13:45:39,509 - instabot version: 0.117.0 (api) - DEBUG - GET to endpoint: feed/user/13869174215/?max_id=2244686228846078615_13869174215&min_timestamp=None&rank_token=49051026324_1549171b-bf16-47d2-904d-99a737f3d3c8&ranked_content=true returned response: <Response [200]>
2021-08-07 13:45:39,844 - instabot version: 0.117.0 (api) - DEBUG - GET to endpoint: feed/user/13869174215/?max_id=2242508070986257926_13869174215&min_timestamp=None&rank_token=49051026324_1549171b-bf16-47d2-904d-99a737f3d3c8&ranked_content=true returned response: <Response [200]>
2021-08-07 13:45:40,097 - instabot version: 0.117.0 (api) - DEBUG - GET to endpoint: feed/user/13869174215/?max_id=2240362962841198535_13869174215&min_timestamp=None&rank_token=49051026324_1549171b-bf16-47d2-904d-99a737f3d3c8&ranked_content=true returned response: <Response [200]>
2021-08-07 13:45:40,386 - instabot version: 0.117.0 (api) - DEBUG - GET to endpoint: feed/user/13869174215/?max_id=2237706754409741583_13869174215&min_timestamp=None&rank_token=49051026324_1549171b-bf16-47d2-904d-99a737f3d3c8&ranked_content=true returned response: <Response [200]>
2021-08-07 13:45:40,755 - instabot version: 0.117.0 (api) - DEBUG - GET to endpoint: feed/user/13869174215/?max_id=2235239665459688368_13869174215&min_timestamp=None&rank_token=49051026324_1549171b-bf16-47d2-904d-99a737f3d3c8&ranked_content=true returned response: <Response [200]>
2021-08-07 13:45:41,033 - instabot version: 0.117.0 (api) - DEBUG - GET to endpoint: feed/user/13869174215/?max_id=2232998965905162716_13869174215&min_timestamp=None&rank_token=49051026324_1549171b-bf16-47d2-904d-99a737f3d3c8&ranked_content=true returned response: <Response [200]>
2021-08-07 13:45:41,414 - instabot version: 0.117.0 (api) - DEBUG - GET to endpoint: feed/user/13869174215/?max_id=2230505953002253773_13869174215&min_timestamp=None&rank_token=49051026324_1549171b-bf16-47d2-904d-99a737f3d3c8&ranked_content=true returned response: <Response [200]>
2021-08-07 13:45:41,669 - instabot version: 0.117.0 (api) - DEBUG - GET to endpoint: feed/user/13869174215/?max_id=2228286045107507395_13869174215&min_timestamp=None&rank_token=49051026324_1549171b-bf16-47d2-904d-99a737f3d3c8&ranked_content=true returned response: <Response [200]>
2021-08-07 13:45:41,980 - instabot version: 0.117.0 (api) - DEBUG - GET to endpoint: feed/user/13869174215/?max_id=2226118520529632115_13869174215&min_timestamp=None&rank_token=49051026324_1549171b-bf16-47d2-904d-99a737f3d3c8&ranked_content=true returned response: <Response [200]>
2021-08-07 13:45:42,283 - instabot version: 0.117.0 (api) - DEBUG - GET to endpoint: feed/user/13869174215/?max_id=2224350102314854501_13869174215&min_timestamp=None&rank_token=49051026324_1549171b-bf16-47d2-904d-99a737f3d3c8&ranked_content=true returned response: <Response [200]>
2021-08-07 13:45:42,542 - instabot version: 0.117.0 (api) - DEBUG - GET to endpoint: feed/user/13869174215/?max_id=2222572831073881528_13869174215&min_timestamp=None&rank_token=49051026324_1549171b-bf16-47d2-904d-99a737f3d3c8&ranked_content=true returned response: <Response [200]>
2021-08-07 13:45:42,817 - instabot version: 0.117.0 (api) - DEBUG - GET to endpoint: feed/user/13869174215/?max_id=2220729627361863024_13869174215&min_timestamp=None&rank_token=49051026324_1549171b-bf16-47d2-904d-99a737f3d3c8&ranked_content=true returned response: <Response [200]>
2021-08-07 13:45:43,143 - instabot version: 0.117.0 (api) - DEBUG - GET to endpoint: feed/user/13869174215/?max_id=2218924016751966356_13869174215&min_timestamp=None&rank_token=49051026324_1549171b-bf16-47d2-904d-99a737f3d3c8&ranked_content=true returned response: <Response [200]>
2021-08-07 13:45:43,481 - instabot version: 0.117.0 (api) - DEBUG - GET to endpoint: feed/user/13869174215/?max_id=2216356293639656650_13869174215&min_timestamp=None&rank_token=49051026324_1549171b-bf16-47d2-904d-99a737f3d3c8&ranked_content=true returned response: <Response [200]>
2021-08-07 13:45:43,740 - instabot version: 0.117.0 (api) - DEBUG - GET to endpoint: feed/user/13869174215/?max_id=2214295211404045517_13869174215&min_timestamp=None&rank_token=49051026324_1549171b-bf16-47d2-904d-99a737f3d3c8&ranked_content=true returned response: <Response [200]>
2021-08-07 13:45:44,033 - instabot version: 0.117.0 (api) - DEBUG - GET to endpoint: feed/user/13869174215/?max_id=2212757110424695168_13869174215&min_timestamp=None&rank_token=49051026324_1549171b-bf16-47d2-904d-99a737f3d3c8&ranked_content=true returned response: <Response [200]>
2021-08-07 13:45:44,303 - instabot version: 0.117.0 (api) - DEBUG - GET to endpoint: feed/user/13869174215/?max_id=2210373719087845526_13869174215&min_timestamp=None&rank_token=49051026324_1549171b-bf16-47d2-904d-99a737f3d3c8&ranked_content=true returned response: <Response [200]>
2021-08-07 13:45:44,581 - instabot version: 0.117.0 (api) - DEBUG - GET to endpoint: feed/user/13869174215/?max_id=2207656961356686914_13869174215&min_timestamp=None&rank_token=49051026324_1549171b-bf16-47d2-904d-99a737f3d3c8&ranked_content=true returned response: <Response [200]>
2021-08-07 13:45:44,898 - instabot version: 0.117.0 (api) - DEBUG - GET to endpoint: feed/user/13869174215/?max_id=2204434840256953316_13869174215&min_timestamp=None&rank_token=49051026324_1549171b-bf16-47d2-904d-99a737f3d3c8&ranked_content=true returned response: <Response [200]>
2021-08-07 13:45:45,190 - instabot version: 0.117.0 (api) - DEBUG - GET to endpoint: feed/user/13869174215/?max_id=2201072593544836725_13869174215&min_timestamp=None&rank_token=49051026324_1549171b-bf16-47d2-904d-99a737f3d3c8&ranked_content=true returned response: <Response [200]>
2021-08-07 13:45:45,797 - instabot version: 0.117.0 (api) - DEBUG - GET to endpoint: feed/user/13869174215/?max_id=2196080051626201817_13869174215&min_timestamp=None&rank_token=49051026324_1549171b-bf16-47d2-904d-99a737f3d3c8&ranked_content=true returned response: <Response [200]>
2021-08-07 13:45:46,109 - instabot version: 0.117.0 (api) - DEBUG - GET to endpoint: feed/user/13869174215/?max_id=2192058139821813633_13869174215&min_timestamp=None&rank_token=49051026324_1549171b-bf16-47d2-904d-99a737f3d3c8&ranked_content=true returned response: <Response [200]>
2021-08-07 13:45:46,402 - instabot version: 0.117.0 (api) - DEBUG - GET to endpoint: feed/user/13869174215/?max_id=2185540988701117376_13869174215&min_timestamp=None&rank_token=49051026324_1549171b-bf16-47d2-904d-99a737f3d3c8&ranked_content=true returned response: <Response [200]>
2021-08-07 13:45:46,627 - instabot version: 0.117.0 (api) - DEBUG - GET to endpoint: feed/user/13869174215/?max_id=2182028249503159542_13869174215&min_timestamp=None&rank_token=49051026324_1549171b-bf16-47d2-904d-99a737f3d3c8&ranked_content=true returned response: <Response [200]>
2021-08-07 13:45:46,644 - instabot version: 0.117.0 (bot_photo) - INFO - Going to download 1 medias.
2021-08-07 13:45:48,926 - instabot version: 0.117.0 (api) - DEBUG - GET to endpoint: media/2634979100866231334_13869174215/info/ returned response: <Response [200]>
2021-08-07 13:45:59,249 - instabot version: 0.117.0 (bot_checkpoint) - DEBUG - Saving Checkpoint file to: D:\Programming\2021\InstaBot/config/vocabexpansion.checkpoint
2021-08-07 13:45:59,250 - instabot version: 0.117.0 (bot) - INFO - Total requests: 504
