2021-08-07 14:26:39,186 - instabot version: 0.117.0 (bot) - INFO - Instabot version: 0.117.0 Started
2021-08-07 14:26:39,186 - instabot version: 0.117.0 (bot) - DEBUG - Bot imported from C:\Users\skyem\AppData\Local\Programs\Python\Python39\lib\site-packages\instabot\bot\bot.py
2021-08-07 14:26:40,475 - instabot version: 0.117.0 (api_login) - INFO - Not yet logged in starting: PRE-LOGIN FLOW!
2021-08-07 14:26:40,699 - instabot version: 0.117.0 (api) - DEBUG - POST to endpoint: accounts/get_prefill_candidates/ returned response: <Response [200]>
2021-08-07 14:26:40,977 - instabot version: 0.117.0 (api) - DEBUG - POST to endpoint: qe/sync/ returned response: <Response [200]>
2021-08-07 14:26:41,158 - instabot version: 0.117.0 (api) - DEBUG - POST to endpoint: launcher/sync/ returned response: <Response [200]>
2021-08-07 14:26:41,335 - instabot version: 0.117.0 (api) - DEBUG - POST to endpoint: accounts/contact_point_prefill/ returned response: <Response [200]>
2021-08-07 14:26:43,474 - instabot version: 0.117.0 (api) - DEBUG - POST to endpoint: accounts/login/ returned response: <Response [200]>
2021-08-07 14:26:43,475 - instabot version: 0.117.0 (api) - INFO - Logged-in successfully as 'vocabexpansion'!
2021-08-07 14:26:43,475 - instabot version: 0.117.0 (api_login) - INFO - LOGIN FLOW! Just logged-in: True
2021-08-07 14:26:43,704 - instabot version: 0.117.0 (api) - DEBUG - POST to endpoint: qe/sync/ returned response: <Response [200]>
2021-08-07 14:26:43,891 - instabot version: 0.117.0 (api) - DEBUG - POST to endpoint: launcher/sync/ returned response: <Response [200]>
2021-08-07 14:26:44,040 - instabot version: 0.117.0 (api) - DEBUG - GET to endpoint: zr/token/result/?device_id=android-e377a40ffa4f9abc&token_hash=&custom_device_id=android-e377a40ffa4f9abc&fetch_reason=token_expired returned response: <Response [200]>
2021-08-07 14:26:44,192 - instabot version: 0.117.0 (api) - DEBUG - GET to endpoint: multiple_accounts/get_account_family/ returned response: <Response [200]>
2021-08-07 14:26:44,361 - instabot version: 0.117.0 (api) - DEBUG - POST to endpoint: qe/sync/ returned response: <Response [200]>
2021-08-07 14:26:44,816 - instabot version: 0.117.0 (api) - DEBUG - GET to endpoint: igtv/browse_feed/?prefetch=1 returned response: <Response [200]>
2021-08-07 14:26:44,971 - instabot version: 0.117.0 (api) - DEBUG - POST to endpoint: creatives/ar_class/ returned response: <Response [200]>
2021-08-07 14:26:45,827 - instabot version: 0.117.0 (api) - DEBUG - POST to endpoint: feed/reels_tray/ returned response: <Response [200]>
2021-08-07 14:26:47,057 - instabot version: 0.117.0 (api) - DEBUG - POST to endpoint: feed/timeline/ returned response: <Response [200]>
2021-08-07 14:26:47,236 - instabot version: 0.117.0 (api) - DEBUG - GET to endpoint: media/blocked/ returned response: <Response [200]>
2021-08-07 14:26:47,541 - instabot version: 0.117.0 (api) - DEBUG - GET to endpoint: news/inbox/ returned response: <Response [200]>
2021-08-07 14:26:47,728 - instabot version: 0.117.0 (api) - DEBUG - GET to endpoint: loom/fetch_config/ returned response: <Response [200]>
2021-08-07 14:26:48,046 - instabot version: 0.117.0 (api) - DEBUG - GET to endpoint: scores/bootstrap/users/?surfaces=["autocomplete_user_list","coefficient_besties_list_ranking","coefficient_rank_recipient_user_suggestion","coefficient_ios_section_test_bootstrap_ranking","coefficient_direct_recipients_ranking_variant_2"] returned response: <Response [200]>
2021-08-07 14:26:48,201 - instabot version: 0.117.0 (api) - DEBUG - GET to endpoint: business/eligibility/get_monetization_products_eligibility_data/?product_types=branded_content returned response: <Response [200]>
2021-08-07 14:26:48,507 - instabot version: 0.117.0 (api) - DEBUG - GET to endpoint: business/branded_content/should_require_professional_account/ returned response: <Response [200]>
2021-08-07 14:26:48,655 - instabot version: 0.117.0 (api) - DEBUG - GET to endpoint: linked_accounts/get_linkage_status/ returned response: <Response [200]>
2021-08-07 14:26:48,833 - instabot version: 0.117.0 (api) - DEBUG - GET to endpoint: locations/request_country/ returned response: <Response [200]>
2021-08-07 14:26:48,980 - instabot version: 0.117.0 (api) - DEBUG - GET to endpoint: qp/get_cooldowns/?signed_body=signed_body=4b9c516a5410a3bc128e09c6104a7f042146b9c2023870560c63a43a7f66781c.4&ig_sig_key_version=4&ig_sig_key_version=4 returned response: <Response [200]>
2021-08-07 14:26:49,128 - instabot version: 0.117.0 (api) - DEBUG - GET to endpoint: users/arlink_download_info/?version_override=2.2.1 returned response: <Response [200]>
2021-08-07 14:26:49,401 - instabot version: 0.117.0 (api) - DEBUG - GET to endpoint: users/49051026324/info/ returned response: <Response [200]>
2021-08-07 14:26:49,615 - instabot version: 0.117.0 (api) - DEBUG - GET to endpoint: direct_v2/get_presence/ returned response: <Response [200]>
2021-08-07 14:26:49,915 - instabot version: 0.117.0 (api) - DEBUG - GET to endpoint: direct_v2/inbox/?visual_message_return_type=unseen&thread_message_limit=10&persistentBadging=true&limit=20 returned response: <Response [200]>
2021-08-07 14:26:50,100 - instabot version: 0.117.0 (api) - DEBUG - GET to endpoint: direct_v2/inbox/?visual_message_return_type=unseen&persistentBadging=true&limit=0 returned response: <Response [200]>
2021-08-07 14:26:50,342 - instabot version: 0.117.0 (api) - DEBUG - GET to endpoint: discover/topical_explore/?is_prefetch=true&omit_cover_media=true&use_sectional_payload=true&timezone_offset=0&session_id=bc1d280e-ff70-4266-946d-8fede25e6b53&include_fixed_destinations=true returned response: <Response [200]>
2021-08-07 14:26:50,495 - instabot version: 0.117.0 (api) - DEBUG - POST to endpoint: notifications/badge/ returned response: <Response [200]>
2021-08-07 14:26:50,794 - instabot version: 0.117.0 (api) - DEBUG - POST to endpoint: qp/batch_fetch/ returned response: <Response [200]>
2021-08-07 14:26:50,795 - instabot version: 0.117.0 (bot_checkpoint) - DEBUG - Loading Checkpoint file from: D:\Programming\2021\InstaBot/config/vocabexpansion.checkpoint
2021-08-07 14:26:51,122 - instabot version: 0.117.0 (api) - DEBUG - GET to endpoint: users/cursed.image5/usernameinfo/ returned response: <Response [200]>
2021-08-07 14:26:52,143 - instabot version: 0.117.0 (api) - DEBUG - GET to endpoint: feed/user/13869174215/?max_id=&min_timestamp=None&rank_token=49051026324_11d39b24-15ef-4a0c-a330-c8d05f317476&ranked_content=true returned response: <Response [200]>
2021-08-07 14:26:52,388 - instabot version: 0.117.0 (api) - DEBUG - GET to endpoint: feed/user/13869174215/?max_id=2626282164009019831_13869174215&min_timestamp=None&rank_token=49051026324_11d39b24-15ef-4a0c-a330-c8d05f317476&ranked_content=true returned response: <Response [200]>
2021-08-07 14:26:52,643 - instabot version: 0.117.0 (api) - DEBUG - GET to endpoint: feed/user/13869174215/?max_id=2619320932840007255_13869174215&min_timestamp=None&rank_token=49051026324_11d39b24-15ef-4a0c-a330-c8d05f317476&ranked_content=true returned response: <Response [200]>
2021-08-07 14:26:52,943 - instabot version: 0.117.0 (api) - DEBUG - GET to endpoint: feed/user/13869174215/?max_id=2615694568026099705_13869174215&min_timestamp=None&rank_token=49051026324_11d39b24-15ef-4a0c-a330-c8d05f317476&ranked_content=true returned response: <Response [200]>
2021-08-07 14:26:53,352 - instabot version: 0.117.0 (api) - DEBUG - GET to endpoint: feed/user/13869174215/?max_id=2611690618580401403_13869174215&min_timestamp=None&rank_token=49051026324_11d39b24-15ef-4a0c-a330-c8d05f317476&ranked_content=true returned response: <Response [200]>
2021-08-07 14:26:54,032 - instabot version: 0.117.0 (api) - DEBUG - GET to endpoint: feed/user/13869174215/?max_id=2608061752276310042_13869174215&min_timestamp=None&rank_token=49051026324_11d39b24-15ef-4a0c-a330-c8d05f317476&ranked_content=true returned response: <Response [200]>
2021-08-07 14:26:54,317 - instabot version: 0.117.0 (api) - DEBUG - GET to endpoint: feed/user/13869174215/?max_id=2604100664946823042_13869174215&min_timestamp=None&rank_token=49051026324_11d39b24-15ef-4a0c-a330-c8d05f317476&ranked_content=true returned response: <Response [200]>
2021-08-07 14:26:54,565 - instabot version: 0.117.0 (api) - DEBUG - GET to endpoint: feed/user/13869174215/?max_id=2600494391490826446_13869174215&min_timestamp=None&rank_token=49051026324_11d39b24-15ef-4a0c-a330-c8d05f317476&ranked_content=true returned response: <Response [200]>
2021-08-07 14:26:54,845 - instabot version: 0.117.0 (api) - DEBUG - GET to endpoint: feed/user/13869174215/?max_id=2596457770244179366_13869174215&min_timestamp=None&rank_token=49051026324_11d39b24-15ef-4a0c-a330-c8d05f317476&ranked_content=true returned response: <Response [200]>
2021-08-07 14:26:55,115 - instabot version: 0.117.0 (api) - DEBUG - GET to endpoint: feed/user/13869174215/?max_id=2592519353094475095_13869174215&min_timestamp=None&rank_token=49051026324_11d39b24-15ef-4a0c-a330-c8d05f317476&ranked_content=true returned response: <Response [200]>
2021-08-07 14:26:55,411 - instabot version: 0.117.0 (api) - DEBUG - GET to endpoint: feed/user/13869174215/?max_id=2588502866338363342_13869174215&min_timestamp=None&rank_token=49051026324_11d39b24-15ef-4a0c-a330-c8d05f317476&ranked_content=true returned response: <Response [200]>
2021-08-07 14:26:55,727 - instabot version: 0.117.0 (api) - DEBUG - GET to endpoint: feed/user/13869174215/?max_id=2584501472361702861_13869174215&min_timestamp=None&rank_token=49051026324_11d39b24-15ef-4a0c-a330-c8d05f317476&ranked_content=true returned response: <Response [200]>
2021-08-07 14:26:56,036 - instabot version: 0.117.0 (api) - DEBUG - GET to endpoint: feed/user/13869174215/?max_id=2580915326536266213_13869174215&min_timestamp=None&rank_token=49051026324_11d39b24-15ef-4a0c-a330-c8d05f317476&ranked_content=true returned response: <Response [200]>
2021-08-07 14:26:56,427 - instabot version: 0.117.0 (api) - DEBUG - GET to endpoint: feed/user/13869174215/?max_id=2576901365169592772_13869174215&min_timestamp=None&rank_token=49051026324_11d39b24-15ef-4a0c-a330-c8d05f317476&ranked_content=true returned response: <Response [200]>
2021-08-07 14:26:56,689 - instabot version: 0.117.0 (api) - DEBUG - GET to endpoint: feed/user/13869174215/?max_id=2572950368222481861_13869174215&min_timestamp=None&rank_token=49051026324_11d39b24-15ef-4a0c-a330-c8d05f317476&ranked_content=true returned response: <Response [200]>
2021-08-07 14:26:56,968 - instabot version: 0.117.0 (api) - DEBUG - GET to endpoint: feed/user/13869174215/?max_id=2568933940185551628_13869174215&min_timestamp=None&rank_token=49051026324_11d39b24-15ef-4a0c-a330-c8d05f317476&ranked_content=true returned response: <Response [200]>
2021-08-07 14:26:57,311 - instabot version: 0.117.0 (api) - DEBUG - GET to endpoint: feed/user/13869174215/?max_id=2564952627503476652_13869174215&min_timestamp=None&rank_token=49051026324_11d39b24-15ef-4a0c-a330-c8d05f317476&ranked_content=true returned response: <Response [200]>
2021-08-07 14:26:57,610 - instabot version: 0.117.0 (api) - DEBUG - GET to endpoint: feed/user/13869174215/?max_id=2560943766360606050_13869174215&min_timestamp=None&rank_token=49051026324_11d39b24-15ef-4a0c-a330-c8d05f317476&ranked_content=true returned response: <Response [200]>
2021-08-07 14:26:57,863 - instabot version: 0.117.0 (api) - DEBUG - GET to endpoint: feed/user/13869174215/?max_id=2557005355631346400_13869174215&min_timestamp=None&rank_token=49051026324_11d39b24-15ef-4a0c-a330-c8d05f317476&ranked_content=true returned response: <Response [200]>
2021-08-07 14:26:58,160 - instabot version: 0.117.0 (api) - DEBUG - GET to endpoint: feed/user/13869174215/?max_id=2552988981780448384_13869174215&min_timestamp=None&rank_token=49051026324_11d39b24-15ef-4a0c-a330-c8d05f317476&ranked_content=true returned response: <Response [200]>
2021-08-07 14:26:58,521 - instabot version: 0.117.0 (api) - DEBUG - GET to endpoint: feed/user/13869174215/?max_id=2548987552614947851_13869174215&min_timestamp=None&rank_token=49051026324_11d39b24-15ef-4a0c-a330-c8d05f317476&ranked_content=true returned response: <Response [200]>
2021-08-07 14:26:58,913 - instabot version: 0.117.0 (api) - DEBUG - GET to endpoint: feed/user/13869174215/?max_id=2546037047749495563_13869174215&min_timestamp=None&rank_token=49051026324_11d39b24-15ef-4a0c-a330-c8d05f317476&ranked_content=true returned response: <Response [200]>
2021-08-07 14:26:59,222 - instabot version: 0.117.0 (api) - DEBUG - GET to endpoint: feed/user/13869174215/?max_id=2542114681509893820_13869174215&min_timestamp=None&rank_token=49051026324_11d39b24-15ef-4a0c-a330-c8d05f317476&ranked_content=true returned response: <Response [200]>
2021-08-07 14:26:59,584 - instabot version: 0.117.0 (api) - DEBUG - GET to endpoint: feed/user/13869174215/?max_id=2538173715005284388_13869174215&min_timestamp=None&rank_token=49051026324_11d39b24-15ef-4a0c-a330-c8d05f317476&ranked_content=true returned response: <Response [200]>
2021-08-07 14:26:59,922 - instabot version: 0.117.0 (api) - DEBUG - GET to endpoint: feed/user/13869174215/?max_id=2534544815264434387_13869174215&min_timestamp=None&rank_token=49051026324_11d39b24-15ef-4a0c-a330-c8d05f317476&ranked_content=true returned response: <Response [200]>
2021-08-07 14:27:00,227 - instabot version: 0.117.0 (api) - DEBUG - GET to endpoint: feed/user/13869174215/?max_id=2530535920269053773_13869174215&min_timestamp=None&rank_token=49051026324_11d39b24-15ef-4a0c-a330-c8d05f317476&ranked_content=true returned response: <Response [200]>
2021-08-07 14:27:00,525 - instabot version: 0.117.0 (api) - DEBUG - GET to endpoint: feed/user/13869174215/?max_id=2526896981011441823_13869174215&min_timestamp=None&rank_token=49051026324_11d39b24-15ef-4a0c-a330-c8d05f317476&ranked_content=true returned response: <Response [200]>
2021-08-07 14:27:00,898 - instabot version: 0.117.0 (api) - DEBUG - GET to endpoint: feed/user/13869174215/?max_id=2522963885033792954_13869174215&min_timestamp=None&rank_token=49051026324_11d39b24-15ef-4a0c-a330-c8d05f317476&ranked_content=true returned response: <Response [200]>
2021-08-07 14:27:01,194 - instabot version: 0.117.0 (api) - DEBUG - GET to endpoint: feed/user/13869174215/?max_id=2519327024235841370_13869174215&min_timestamp=None&rank_token=49051026324_11d39b24-15ef-4a0c-a330-c8d05f317476&ranked_content=true returned response: <Response [200]>
2021-08-07 14:27:01,516 - instabot version: 0.117.0 (api) - DEBUG - GET to endpoint: feed/user/13869174215/?max_id=2515673474754025240_13869174215&min_timestamp=None&rank_token=49051026324_11d39b24-15ef-4a0c-a330-c8d05f317476&ranked_content=true returned response: <Response [200]>
2021-08-07 14:27:01,841 - instabot version: 0.117.0 (api) - DEBUG - GET to endpoint: feed/user/13869174215/?max_id=2512431679012886615_13869174215&min_timestamp=None&rank_token=49051026324_11d39b24-15ef-4a0c-a330-c8d05f317476&ranked_content=true returned response: <Response [200]>
2021-08-07 14:27:02,083 - instabot version: 0.117.0 (api) - DEBUG - GET to endpoint: feed/user/13869174215/?max_id=2508795165326617826_13869174215&min_timestamp=None&rank_token=49051026324_11d39b24-15ef-4a0c-a330-c8d05f317476&ranked_content=true returned response: <Response [200]>
2021-08-07 14:27:02,365 - instabot version: 0.117.0 (api) - DEBUG - GET to endpoint: feed/user/13869174215/?max_id=2504834176534377920_13869174215&min_timestamp=None&rank_token=49051026324_11d39b24-15ef-4a0c-a330-c8d05f317476&ranked_content=true returned response: <Response [200]>
2021-08-07 14:27:02,638 - instabot version: 0.117.0 (api) - DEBUG - GET to endpoint: feed/user/13869174215/?max_id=2501952592915862130_13869174215&min_timestamp=None&rank_token=49051026324_11d39b24-15ef-4a0c-a330-c8d05f317476&ranked_content=true returned response: <Response [200]>
2021-08-07 14:27:02,928 - instabot version: 0.117.0 (api) - DEBUG - GET to endpoint: feed/user/13869174215/?max_id=2499750602877478920_13869174215&min_timestamp=None&rank_token=49051026324_11d39b24-15ef-4a0c-a330-c8d05f317476&ranked_content=true returned response: <Response [200]>
2021-08-07 14:27:03,283 - instabot version: 0.117.0 (api) - DEBUG - GET to endpoint: feed/user/13869174215/?max_id=2496879138318438467_13869174215&min_timestamp=None&rank_token=49051026324_11d39b24-15ef-4a0c-a330-c8d05f317476&ranked_content=true returned response: <Response [200]>
2021-08-07 14:27:03,576 - instabot version: 0.117.0 (api) - DEBUG - GET to endpoint: feed/user/13869174215/?max_id=2494297080575691358_13869174215&min_timestamp=None&rank_token=49051026324_11d39b24-15ef-4a0c-a330-c8d05f317476&ranked_content=true returned response: <Response [200]>
2021-08-07 14:27:03,887 - instabot version: 0.117.0 (api) - DEBUG - GET to endpoint: feed/user/13869174215/?max_id=2491508090337659323_13869174215&min_timestamp=None&rank_token=49051026324_11d39b24-15ef-4a0c-a330-c8d05f317476&ranked_content=true returned response: <Response [200]>
2021-08-07 14:27:04,161 - instabot version: 0.117.0 (api) - DEBUG - GET to endpoint: feed/user/13869174215/?max_id=2488767333201690606_13869174215&min_timestamp=None&rank_token=49051026324_11d39b24-15ef-4a0c-a330-c8d05f317476&ranked_content=true returned response: <Response [200]>
2021-08-07 14:27:04,475 - instabot version: 0.117.0 (api) - DEBUG - GET to endpoint: feed/user/13869174215/?max_id=2484542948476176785_13869174215&min_timestamp=None&rank_token=49051026324_11d39b24-15ef-4a0c-a330-c8d05f317476&ranked_content=true returned response: <Response [200]>
2021-08-07 14:27:04,761 - instabot version: 0.117.0 (api) - DEBUG - GET to endpoint: feed/user/13869174215/?max_id=2480543943331322882_13869174215&min_timestamp=None&rank_token=49051026324_11d39b24-15ef-4a0c-a330-c8d05f317476&ranked_content=true returned response: <Response [200]>
2021-08-07 14:27:05,041 - instabot version: 0.117.0 (api) - DEBUG - GET to endpoint: feed/user/13869174215/?max_id=2476655710194612550_13869174215&min_timestamp=None&rank_token=49051026324_11d39b24-15ef-4a0c-a330-c8d05f317476&ranked_content=true returned response: <Response [200]>
2021-08-07 14:27:05,318 - instabot version: 0.117.0 (api) - DEBUG - GET to endpoint: feed/user/13869174215/?max_id=2472546280048504730_13869174215&min_timestamp=None&rank_token=49051026324_11d39b24-15ef-4a0c-a330-c8d05f317476&ranked_content=true returned response: <Response [200]>
2021-08-07 14:27:05,620 - instabot version: 0.117.0 (api) - DEBUG - GET to endpoint: feed/user/13869174215/?max_id=2468922436582781045_13869174215&min_timestamp=None&rank_token=49051026324_11d39b24-15ef-4a0c-a330-c8d05f317476&ranked_content=true returned response: <Response [200]>
2021-08-07 14:27:05,940 - instabot version: 0.117.0 (api) - DEBUG - GET to endpoint: feed/user/13869174215/?max_id=2465009175103484602_13869174215&min_timestamp=None&rank_token=49051026324_11d39b24-15ef-4a0c-a330-c8d05f317476&ranked_content=true returned response: <Response [200]>
2021-08-07 14:27:06,258 - instabot version: 0.117.0 (api) - DEBUG - GET to endpoint: feed/user/13869174215/?max_id=2460640347263179662_13869174215&min_timestamp=None&rank_token=49051026324_11d39b24-15ef-4a0c-a330-c8d05f317476&ranked_content=true returned response: <Response [200]>
2021-08-07 14:27:06,535 - instabot version: 0.117.0 (api) - DEBUG - GET to endpoint: feed/user/13869174215/?max_id=2456628952261863877_13869174215&min_timestamp=None&rank_token=49051026324_11d39b24-15ef-4a0c-a330-c8d05f317476&ranked_content=true returned response: <Response [200]>
2021-08-07 14:27:06,806 - instabot version: 0.117.0 (api) - DEBUG - GET to endpoint: feed/user/13869174215/?max_id=2452690555870516861_13869174215&min_timestamp=None&rank_token=49051026324_11d39b24-15ef-4a0c-a330-c8d05f317476&ranked_content=true returned response: <Response [200]>
2021-08-07 14:27:07,056 - instabot version: 0.117.0 (api) - DEBUG - GET to endpoint: feed/user/13869174215/?max_id=2448694170446051359_13869174215&min_timestamp=None&rank_token=49051026324_11d39b24-15ef-4a0c-a330-c8d05f317476&ranked_content=true returned response: <Response [200]>
2021-08-07 14:27:07,386 - instabot version: 0.117.0 (api) - DEBUG - GET to endpoint: feed/user/13869174215/?max_id=2444687802296583042_13869174215&min_timestamp=None&rank_token=49051026324_11d39b24-15ef-4a0c-a330-c8d05f317476&ranked_content=true returned response: <Response [200]>
2021-08-07 14:27:07,699 - instabot version: 0.117.0 (api) - DEBUG - GET to endpoint: feed/user/13869174215/?max_id=2440706512804455084_13869174215&min_timestamp=None&rank_token=49051026324_11d39b24-15ef-4a0c-a330-c8d05f317476&ranked_content=true returned response: <Response [200]>
2021-08-07 14:27:07,997 - instabot version: 0.117.0 (api) - DEBUG - GET to endpoint: feed/user/13869174215/?max_id=2436735350699994709_13869174215&min_timestamp=None&rank_token=49051026324_11d39b24-15ef-4a0c-a330-c8d05f317476&ranked_content=true returned response: <Response [200]>
2021-08-07 14:27:08,290 - instabot version: 0.117.0 (api) - DEBUG - GET to endpoint: feed/user/13869174215/?max_id=2433129098571477149_13869174215&min_timestamp=None&rank_token=49051026324_11d39b24-15ef-4a0c-a330-c8d05f317476&ranked_content=true returned response: <Response [200]>
2021-08-07 14:27:08,627 - instabot version: 0.117.0 (api) - DEBUG - GET to endpoint: feed/user/13869174215/?max_id=2429505298969621108_13869174215&min_timestamp=None&rank_token=49051026324_11d39b24-15ef-4a0c-a330-c8d05f317476&ranked_content=true returned response: <Response [200]>
2021-08-07 14:27:08,924 - instabot version: 0.117.0 (api) - DEBUG - GET to endpoint: feed/user/13869174215/?max_id=2425435871171857365_13869174215&min_timestamp=None&rank_token=49051026324_11d39b24-15ef-4a0c-a330-c8d05f317476&ranked_content=true returned response: <Response [200]>
2021-08-07 14:27:09,222 - instabot version: 0.117.0 (api) - DEBUG - GET to endpoint: feed/user/13869174215/?max_id=2422921876622106329_13869174215&min_timestamp=None&rank_token=49051026324_11d39b24-15ef-4a0c-a330-c8d05f317476&ranked_content=true returned response: <Response [200]>
2021-08-07 14:27:09,489 - instabot version: 0.117.0 (api) - DEBUG - GET to endpoint: feed/user/13869174215/?max_id=2419599990277207744_13869174215&min_timestamp=None&rank_token=49051026324_11d39b24-15ef-4a0c-a330-c8d05f317476&ranked_content=true returned response: <Response [200]>
2021-08-07 14:27:09,759 - instabot version: 0.117.0 (api) - DEBUG - GET to endpoint: feed/user/13869174215/?max_id=2416421492374883814_13869174215&min_timestamp=None&rank_token=49051026324_11d39b24-15ef-4a0c-a330-c8d05f317476&ranked_content=true returned response: <Response [200]>
2021-08-07 14:27:10,052 - instabot version: 0.117.0 (api) - DEBUG - GET to endpoint: feed/user/13869174215/?max_id=2412322091271941178_13869174215&min_timestamp=None&rank_token=49051026324_11d39b24-15ef-4a0c-a330-c8d05f317476&ranked_content=true returned response: <Response [200]>
2021-08-07 14:27:10,388 - instabot version: 0.117.0 (api) - DEBUG - GET to endpoint: feed/user/13869174215/?max_id=2408655292738668661_13869174215&min_timestamp=None&rank_token=49051026324_11d39b24-15ef-4a0c-a330-c8d05f317476&ranked_content=true returned response: <Response [200]>
2021-08-07 14:27:10,669 - instabot version: 0.117.0 (api) - DEBUG - GET to endpoint: feed/user/13869174215/?max_id=2404777850169606759_13869174215&min_timestamp=None&rank_token=49051026324_11d39b24-15ef-4a0c-a330-c8d05f317476&ranked_content=true returned response: <Response [200]>
2021-08-07 14:27:10,961 - instabot version: 0.117.0 (api) - DEBUG - GET to endpoint: feed/user/13869174215/?max_id=2400478915984765526_13869174215&min_timestamp=None&rank_token=49051026324_11d39b24-15ef-4a0c-a330-c8d05f317476&ranked_content=true returned response: <Response [200]>
2021-08-07 14:27:11,250 - instabot version: 0.117.0 (api) - DEBUG - GET to endpoint: feed/user/13869174215/?max_id=2396832979551009673_13869174215&min_timestamp=None&rank_token=49051026324_11d39b24-15ef-4a0c-a330-c8d05f317476&ranked_content=true returned response: <Response [200]>
2021-08-07 14:27:11,532 - instabot version: 0.117.0 (api) - DEBUG - GET to endpoint: feed/user/13869174215/?max_id=2392484266083000422_13869174215&min_timestamp=None&rank_token=49051026324_11d39b24-15ef-4a0c-a330-c8d05f317476&ranked_content=true returned response: <Response [200]>
2021-08-07 14:27:11,788 - instabot version: 0.117.0 (api) - DEBUG - GET to endpoint: feed/user/13869174215/?max_id=2387753860330942816_13869174215&min_timestamp=None&rank_token=49051026324_11d39b24-15ef-4a0c-a330-c8d05f317476&ranked_content=true returned response: <Response [200]>
2021-08-07 14:27:12,132 - instabot version: 0.117.0 (api) - DEBUG - GET to endpoint: feed/user/13869174215/?max_id=2383407364441483015_13869174215&min_timestamp=None&rank_token=49051026324_11d39b24-15ef-4a0c-a330-c8d05f317476&ranked_content=true returned response: <Response [200]>
2021-08-07 14:27:12,392 - instabot version: 0.117.0 (api) - DEBUG - GET to endpoint: feed/user/13869174215/?max_id=2378963483146709426_13869174215&min_timestamp=None&rank_token=49051026324_11d39b24-15ef-4a0c-a330-c8d05f317476&ranked_content=true returned response: <Response [200]>
2021-08-07 14:27:12,687 - instabot version: 0.117.0 (api) - DEBUG - GET to endpoint: feed/user/13869174215/?max_id=2374728225182403018_13869174215&min_timestamp=None&rank_token=49051026324_11d39b24-15ef-4a0c-a330-c8d05f317476&ranked_content=true returned response: <Response [200]>
2021-08-07 14:27:12,967 - instabot version: 0.117.0 (api) - DEBUG - GET to endpoint: feed/user/13869174215/?max_id=2370750560775657182_13869174215&min_timestamp=None&rank_token=49051026324_11d39b24-15ef-4a0c-a330-c8d05f317476&ranked_content=true returned response: <Response [200]>
2021-08-07 14:27:13,313 - instabot version: 0.117.0 (api) - DEBUG - GET to endpoint: feed/user/13869174215/?max_id=2366430408168820005_13869174215&min_timestamp=None&rank_token=49051026324_11d39b24-15ef-4a0c-a330-c8d05f317476&ranked_content=true returned response: <Response [200]>
2021-08-07 14:27:13,598 - instabot version: 0.117.0 (api) - DEBUG - GET to endpoint: feed/user/13869174215/?max_id=2362769526674973791_13869174215&min_timestamp=None&rank_token=49051026324_11d39b24-15ef-4a0c-a330-c8d05f317476&ranked_content=true returned response: <Response [200]>
2021-08-07 14:27:13,900 - instabot version: 0.117.0 (api) - DEBUG - GET to endpoint: feed/user/13869174215/?max_id=2358435657251528577_13869174215&min_timestamp=None&rank_token=49051026324_11d39b24-15ef-4a0c-a330-c8d05f317476&ranked_content=true returned response: <Response [200]>
2021-08-07 14:27:14,226 - instabot version: 0.117.0 (api) - DEBUG - GET to endpoint: feed/user/13869174215/?max_id=2354810661467751114_13869174215&min_timestamp=None&rank_token=49051026324_11d39b24-15ef-4a0c-a330-c8d05f317476&ranked_content=true returned response: <Response [200]>
2021-08-07 14:27:14,484 - instabot version: 0.117.0 (api) - DEBUG - GET to endpoint: feed/user/13869174215/?max_id=2350465988741618775_13869174215&min_timestamp=None&rank_token=49051026324_11d39b24-15ef-4a0c-a330-c8d05f317476&ranked_content=true returned response: <Response [200]>
2021-08-07 14:27:14,758 - instabot version: 0.117.0 (api) - DEBUG - GET to endpoint: feed/user/13869174215/?max_id=2346165185566573541_13869174215&min_timestamp=None&rank_token=49051026324_11d39b24-15ef-4a0c-a330-c8d05f317476&ranked_content=true returned response: <Response [200]>
2021-08-07 14:27:15,031 - instabot version: 0.117.0 (api) - DEBUG - GET to endpoint: feed/user/13869174215/?max_id=2342503661086155982_13869174215&min_timestamp=None&rank_token=49051026324_11d39b24-15ef-4a0c-a330-c8d05f317476&ranked_content=true returned response: <Response [200]>
2021-08-07 14:27:15,387 - instabot version: 0.117.0 (api) - DEBUG - GET to endpoint: feed/user/13869174215/?max_id=2338127267509913555_13869174215&min_timestamp=None&rank_token=49051026324_11d39b24-15ef-4a0c-a330-c8d05f317476&ranked_content=true returned response: <Response [200]>
2021-08-07 14:27:15,645 - instabot version: 0.117.0 (api) - DEBUG - GET to endpoint: feed/user/13869174215/?max_id=2334122670831398861_13869174215&min_timestamp=None&rank_token=49051026324_11d39b24-15ef-4a0c-a330-c8d05f317476&ranked_content=true returned response: <Response [200]>
2021-08-07 14:27:16,100 - instabot version: 0.117.0 (api) - DEBUG - GET to endpoint: feed/user/13869174215/?max_id=2330552484224210594_13869174215&min_timestamp=None&rank_token=49051026324_11d39b24-15ef-4a0c-a330-c8d05f317476&ranked_content=true returned response: <Response [200]>
2021-08-07 14:27:16,390 - instabot version: 0.117.0 (api) - DEBUG - GET to endpoint: feed/user/13869174215/?max_id=2326553766432947481_13869174215&min_timestamp=None&rank_token=49051026324_11d39b24-15ef-4a0c-a330-c8d05f317476&ranked_content=true returned response: <Response [200]>
2021-08-07 14:27:16,657 - instabot version: 0.117.0 (api) - DEBUG - GET to endpoint: feed/user/13869174215/?max_id=2323265210302194844_13869174215&min_timestamp=None&rank_token=49051026324_11d39b24-15ef-4a0c-a330-c8d05f317476&ranked_content=true returned response: <Response [200]>
2021-08-07 14:27:16,945 - instabot version: 0.117.0 (api) - DEBUG - GET to endpoint: feed/user/13869174215/?max_id=2320359261535106609_13869174215&min_timestamp=None&rank_token=49051026324_11d39b24-15ef-4a0c-a330-c8d05f317476&ranked_content=true returned response: <Response [200]>
2021-08-07 14:27:17,550 - instabot version: 0.117.0 (api) - DEBUG - GET to endpoint: feed/user/13869174215/?max_id=2317824364622884173_13869174215&min_timestamp=None&rank_token=49051026324_11d39b24-15ef-4a0c-a330-c8d05f317476&ranked_content=true returned response: <Response [200]>
2021-08-07 14:27:17,838 - instabot version: 0.117.0 (api) - DEBUG - GET to endpoint: feed/user/13869174215/?max_id=2315679112898549809_13869174215&min_timestamp=None&rank_token=49051026324_11d39b24-15ef-4a0c-a330-c8d05f317476&ranked_content=true returned response: <Response [200]>
2021-08-07 14:27:18,091 - instabot version: 0.117.0 (api) - DEBUG - GET to endpoint: feed/user/13869174215/?max_id=2313486456126213303_13869174215&min_timestamp=None&rank_token=49051026324_11d39b24-15ef-4a0c-a330-c8d05f317476&ranked_content=true returned response: <Response [200]>
2021-08-07 14:27:18,538 - instabot version: 0.117.0 (api) - DEBUG - GET to endpoint: feed/user/13869174215/?max_id=2311304204860637488_13869174215&min_timestamp=None&rank_token=49051026324_11d39b24-15ef-4a0c-a330-c8d05f317476&ranked_content=true returned response: <Response [200]>
2021-08-07 14:27:18,803 - instabot version: 0.117.0 (api) - DEBUG - GET to endpoint: feed/user/13869174215/?max_id=2309130985206603098_13869174215&min_timestamp=None&rank_token=49051026324_11d39b24-15ef-4a0c-a330-c8d05f317476&ranked_content=true returned response: <Response [200]>
2021-08-07 14:27:19,099 - instabot version: 0.117.0 (api) - DEBUG - GET to endpoint: feed/user/13869174215/?max_id=2306946976628269968_13869174215&min_timestamp=None&rank_token=49051026324_11d39b24-15ef-4a0c-a330-c8d05f317476&ranked_content=true returned response: <Response [200]>
2021-08-07 14:27:19,412 - instabot version: 0.117.0 (api) - DEBUG - GET to endpoint: feed/user/13869174215/?max_id=2304793423469882682_13869174215&min_timestamp=None&rank_token=49051026324_11d39b24-15ef-4a0c-a330-c8d05f317476&ranked_content=true returned response: <Response [200]>
2021-08-07 14:27:19,698 - instabot version: 0.117.0 (api) - DEBUG - GET to endpoint: feed/user/13869174215/?max_id=2302612064550992807_13869174215&min_timestamp=None&rank_token=49051026324_11d39b24-15ef-4a0c-a330-c8d05f317476&ranked_content=true returned response: <Response [200]>
2021-08-07 14:27:19,999 - instabot version: 0.117.0 (api) - DEBUG - GET to endpoint: feed/user/13869174215/?max_id=2300416865099773608_13869174215&min_timestamp=None&rank_token=49051026324_11d39b24-15ef-4a0c-a330-c8d05f317476&ranked_content=true returned response: <Response [200]>
2021-08-07 14:27:20,270 - instabot version: 0.117.0 (api) - DEBUG - GET to endpoint: feed/user/13869174215/?max_id=2298261527172827762_13869174215&min_timestamp=None&rank_token=49051026324_11d39b24-15ef-4a0c-a330-c8d05f317476&ranked_content=true returned response: <Response [200]>
2021-08-07 14:27:20,516 - instabot version: 0.117.0 (api) - DEBUG - GET to endpoint: feed/user/13869174215/?max_id=2296089610160602205_13869174215&min_timestamp=None&rank_token=49051026324_11d39b24-15ef-4a0c-a330-c8d05f317476&ranked_content=true returned response: <Response [200]>
2021-08-07 14:27:20,790 - instabot version: 0.117.0 (api) - DEBUG - GET to endpoint: feed/user/13869174215/?max_id=2293904001312535944_13869174215&min_timestamp=None&rank_token=49051026324_11d39b24-15ef-4a0c-a330-c8d05f317476&ranked_content=true returned response: <Response [200]>
2021-08-07 14:27:21,083 - instabot version: 0.117.0 (api) - DEBUG - GET to endpoint: feed/user/13869174215/?max_id=2291388943315542728_13869174215&min_timestamp=None&rank_token=49051026324_11d39b24-15ef-4a0c-a330-c8d05f317476&ranked_content=true returned response: <Response [200]>
2021-08-07 14:27:21,402 - instabot version: 0.117.0 (api) - DEBUG - GET to endpoint: feed/user/13869174215/?max_id=2289187605089547898_13869174215&min_timestamp=None&rank_token=49051026324_11d39b24-15ef-4a0c-a330-c8d05f317476&ranked_content=true returned response: <Response [200]>
2021-08-07 14:27:21,675 - instabot version: 0.117.0 (api) - DEBUG - GET to endpoint: feed/user/13869174215/?max_id=2287381904537098515_13869174215&min_timestamp=None&rank_token=49051026324_11d39b24-15ef-4a0c-a330-c8d05f317476&ranked_content=true returned response: <Response [200]>
2021-08-07 14:27:21,990 - instabot version: 0.117.0 (api) - DEBUG - GET to endpoint: feed/user/13869174215/?max_id=2284840864277911251_13869174215&min_timestamp=None&rank_token=49051026324_11d39b24-15ef-4a0c-a330-c8d05f317476&ranked_content=true returned response: <Response [200]>
2021-08-07 14:27:22,295 - instabot version: 0.117.0 (api) - DEBUG - GET to endpoint: feed/user/13869174215/?max_id=2282310006027493789_13869174215&min_timestamp=None&rank_token=49051026324_11d39b24-15ef-4a0c-a330-c8d05f317476&ranked_content=true returned response: <Response [200]>
2021-08-07 14:27:22,619 - instabot version: 0.117.0 (api) - DEBUG - GET to endpoint: feed/user/13869174215/?max_id=2280129519708174684_13869174215&min_timestamp=None&rank_token=49051026324_11d39b24-15ef-4a0c-a330-c8d05f317476&ranked_content=true returned response: <Response [200]>
2021-08-07 14:27:22,925 - instabot version: 0.117.0 (api) - DEBUG - GET to endpoint: feed/user/13869174215/?max_id=2277983664356193149_13869174215&min_timestamp=None&rank_token=49051026324_11d39b24-15ef-4a0c-a330-c8d05f317476&ranked_content=true returned response: <Response [200]>
2021-08-07 14:27:23,203 - instabot version: 0.117.0 (api) - DEBUG - GET to endpoint: feed/user/13869174215/?max_id=2276160651344175491_13869174215&min_timestamp=None&rank_token=49051026324_11d39b24-15ef-4a0c-a330-c8d05f317476&ranked_content=true returned response: <Response [200]>
2021-08-07 14:27:23,477 - instabot version: 0.117.0 (api) - DEBUG - GET to endpoint: feed/user/13869174215/?max_id=2273985757273559312_13869174215&min_timestamp=None&rank_token=49051026324_11d39b24-15ef-4a0c-a330-c8d05f317476&ranked_content=true returned response: <Response [200]>
2021-08-07 14:27:23,811 - instabot version: 0.117.0 (api) - DEBUG - GET to endpoint: feed/user/13869174215/?max_id=2271844697336302944_13869174215&min_timestamp=None&rank_token=49051026324_11d39b24-15ef-4a0c-a330-c8d05f317476&ranked_content=true returned response: <Response [200]>
2021-08-07 14:27:24,100 - instabot version: 0.117.0 (api) - DEBUG - GET to endpoint: feed/user/13869174215/?max_id=2269322361701824604_13869174215&min_timestamp=None&rank_token=49051026324_11d39b24-15ef-4a0c-a330-c8d05f317476&ranked_content=true returned response: <Response [200]>
2021-08-07 14:27:24,394 - instabot version: 0.117.0 (api) - DEBUG - GET to endpoint: feed/user/13869174215/?max_id=2267122260149330706_13869174215&min_timestamp=None&rank_token=49051026324_11d39b24-15ef-4a0c-a330-c8d05f317476&ranked_content=true returned response: <Response [200]>
2021-08-07 14:27:24,694 - instabot version: 0.117.0 (api) - DEBUG - GET to endpoint: feed/user/13869174215/?max_id=2264964783077205373_13869174215&min_timestamp=None&rank_token=49051026324_11d39b24-15ef-4a0c-a330-c8d05f317476&ranked_content=true returned response: <Response [200]>
2021-08-07 14:27:25,030 - instabot version: 0.117.0 (api) - DEBUG - GET to endpoint: feed/user/13869174215/?max_id=2262780714797226909_13869174215&min_timestamp=None&rank_token=49051026324_11d39b24-15ef-4a0c-a330-c8d05f317476&ranked_content=true returned response: <Response [200]>
2021-08-07 14:27:25,334 - instabot version: 0.117.0 (api) - DEBUG - GET to endpoint: feed/user/13869174215/?max_id=2260581103978388929_13869174215&min_timestamp=None&rank_token=49051026324_11d39b24-15ef-4a0c-a330-c8d05f317476&ranked_content=true returned response: <Response [200]>
2021-08-07 14:27:25,638 - instabot version: 0.117.0 (api) - DEBUG - GET to endpoint: feed/user/13869174215/?max_id=2258428954670459867_13869174215&min_timestamp=None&rank_token=49051026324_11d39b24-15ef-4a0c-a330-c8d05f317476&ranked_content=true returned response: <Response [200]>
2021-08-07 14:27:25,956 - instabot version: 0.117.0 (api) - DEBUG - GET to endpoint: feed/user/13869174215/?max_id=2256205873549729303_13869174215&min_timestamp=None&rank_token=49051026324_11d39b24-15ef-4a0c-a330-c8d05f317476&ranked_content=true returned response: <Response [200]>
2021-08-07 14:27:26,252 - instabot version: 0.117.0 (api) - DEBUG - GET to endpoint: feed/user/13869174215/?max_id=2254447245964764045_13869174215&min_timestamp=None&rank_token=49051026324_11d39b24-15ef-4a0c-a330-c8d05f317476&ranked_content=true returned response: <Response [200]>
2021-08-07 14:27:26,587 - instabot version: 0.117.0 (api) - DEBUG - GET to endpoint: feed/user/13869174215/?max_id=2251904639124884728_13869174215&min_timestamp=None&rank_token=49051026324_11d39b24-15ef-4a0c-a330-c8d05f317476&ranked_content=true returned response: <Response [200]>
2021-08-07 14:27:26,904 - instabot version: 0.117.0 (api) - DEBUG - GET to endpoint: feed/user/13869174215/?max_id=2250104535879455748_13869174215&min_timestamp=None&rank_token=49051026324_11d39b24-15ef-4a0c-a330-c8d05f317476&ranked_content=true returned response: <Response [200]>
2021-08-07 14:27:27,227 - instabot version: 0.117.0 (api) - DEBUG - GET to endpoint: feed/user/13869174215/?max_id=2247525817222732961_13869174215&min_timestamp=None&rank_token=49051026324_11d39b24-15ef-4a0c-a330-c8d05f317476&ranked_content=true returned response: <Response [200]>
2021-08-07 14:27:27,560 - instabot version: 0.117.0 (api) - DEBUG - GET to endpoint: feed/user/13869174215/?max_id=2244686228846078615_13869174215&min_timestamp=None&rank_token=49051026324_11d39b24-15ef-4a0c-a330-c8d05f317476&ranked_content=true returned response: <Response [200]>
2021-08-07 14:27:27,883 - instabot version: 0.117.0 (api) - DEBUG - GET to endpoint: feed/user/13869174215/?max_id=2242508070986257926_13869174215&min_timestamp=None&rank_token=49051026324_11d39b24-15ef-4a0c-a330-c8d05f317476&ranked_content=true returned response: <Response [200]>
2021-08-07 14:27:28,178 - instabot version: 0.117.0 (api) - DEBUG - GET to endpoint: feed/user/13869174215/?max_id=2240362962841198535_13869174215&min_timestamp=None&rank_token=49051026324_11d39b24-15ef-4a0c-a330-c8d05f317476&ranked_content=true returned response: <Response [200]>
2021-08-07 14:27:28,496 - instabot version: 0.117.0 (api) - DEBUG - GET to endpoint: feed/user/13869174215/?max_id=2237706754409741583_13869174215&min_timestamp=None&rank_token=49051026324_11d39b24-15ef-4a0c-a330-c8d05f317476&ranked_content=true returned response: <Response [200]>
2021-08-07 14:27:28,920 - instabot version: 0.117.0 (api) - DEBUG - GET to endpoint: feed/user/13869174215/?max_id=2235239665459688368_13869174215&min_timestamp=None&rank_token=49051026324_11d39b24-15ef-4a0c-a330-c8d05f317476&ranked_content=true returned response: <Response [200]>
2021-08-07 14:27:29,278 - instabot version: 0.117.0 (api) - DEBUG - GET to endpoint: feed/user/13869174215/?max_id=2232998965905162716_13869174215&min_timestamp=None&rank_token=49051026324_11d39b24-15ef-4a0c-a330-c8d05f317476&ranked_content=true returned response: <Response [200]>
2021-08-07 14:27:29,609 - instabot version: 0.117.0 (api) - DEBUG - GET to endpoint: feed/user/13869174215/?max_id=2230505953002253773_13869174215&min_timestamp=None&rank_token=49051026324_11d39b24-15ef-4a0c-a330-c8d05f317476&ranked_content=true returned response: <Response [200]>
2021-08-07 14:27:29,922 - instabot version: 0.117.0 (api) - DEBUG - GET to endpoint: feed/user/13869174215/?max_id=2228286045107507395_13869174215&min_timestamp=None&rank_token=49051026324_11d39b24-15ef-4a0c-a330-c8d05f317476&ranked_content=true returned response: <Response [200]>
2021-08-07 14:27:30,278 - instabot version: 0.117.0 (api) - DEBUG - GET to endpoint: feed/user/13869174215/?max_id=2226118520529632115_13869174215&min_timestamp=None&rank_token=49051026324_11d39b24-15ef-4a0c-a330-c8d05f317476&ranked_content=true returned response: <Response [200]>
2021-08-07 14:27:30,634 - instabot version: 0.117.0 (api) - DEBUG - GET to endpoint: feed/user/13869174215/?max_id=2224350102314854501_13869174215&min_timestamp=None&rank_token=49051026324_11d39b24-15ef-4a0c-a330-c8d05f317476&ranked_content=true returned response: <Response [200]>
2021-08-07 14:27:30,916 - instabot version: 0.117.0 (api) - DEBUG - GET to endpoint: feed/user/13869174215/?max_id=2222572831073881528_13869174215&min_timestamp=None&rank_token=49051026324_11d39b24-15ef-4a0c-a330-c8d05f317476&ranked_content=true returned response: <Response [200]>
2021-08-07 14:27:31,264 - instabot version: 0.117.0 (api) - DEBUG - GET to endpoint: feed/user/13869174215/?max_id=2220729627361863024_13869174215&min_timestamp=None&rank_token=49051026324_11d39b24-15ef-4a0c-a330-c8d05f317476&ranked_content=true returned response: <Response [200]>
2021-08-07 14:27:31,540 - instabot version: 0.117.0 (api) - DEBUG - GET to endpoint: feed/user/13869174215/?max_id=2218924016751966356_13869174215&min_timestamp=None&rank_token=49051026324_11d39b24-15ef-4a0c-a330-c8d05f317476&ranked_content=true returned response: <Response [200]>
2021-08-07 14:27:31,854 - instabot version: 0.117.0 (api) - DEBUG - GET to endpoint: feed/user/13869174215/?max_id=2216356293639656650_13869174215&min_timestamp=None&rank_token=49051026324_11d39b24-15ef-4a0c-a330-c8d05f317476&ranked_content=true returned response: <Response [200]>
2021-08-07 14:27:32,136 - instabot version: 0.117.0 (api) - DEBUG - GET to endpoint: feed/user/13869174215/?max_id=2214295211404045517_13869174215&min_timestamp=None&rank_token=49051026324_11d39b24-15ef-4a0c-a330-c8d05f317476&ranked_content=true returned response: <Response [200]>
2021-08-07 14:27:32,418 - instabot version: 0.117.0 (api) - DEBUG - GET to endpoint: feed/user/13869174215/?max_id=2212757110424695168_13869174215&min_timestamp=None&rank_token=49051026324_11d39b24-15ef-4a0c-a330-c8d05f317476&ranked_content=true returned response: <Response [200]>
2021-08-07 14:27:32,654 - instabot version: 0.117.0 (api) - DEBUG - GET to endpoint: feed/user/13869174215/?max_id=2210373719087845526_13869174215&min_timestamp=None&rank_token=49051026324_11d39b24-15ef-4a0c-a330-c8d05f317476&ranked_content=true returned response: <Response [200]>
2021-08-07 14:27:32,953 - instabot version: 0.117.0 (api) - DEBUG - GET to endpoint: feed/user/13869174215/?max_id=2207656961356686914_13869174215&min_timestamp=None&rank_token=49051026324_11d39b24-15ef-4a0c-a330-c8d05f317476&ranked_content=true returned response: <Response [200]>
2021-08-07 14:27:33,373 - instabot version: 0.117.0 (api) - DEBUG - GET to endpoint: feed/user/13869174215/?max_id=2204434840256953316_13869174215&min_timestamp=None&rank_token=49051026324_11d39b24-15ef-4a0c-a330-c8d05f317476&ranked_content=true returned response: <Response [200]>
2021-08-07 14:27:33,651 - instabot version: 0.117.0 (api) - DEBUG - GET to endpoint: feed/user/13869174215/?max_id=2201072593544836725_13869174215&min_timestamp=None&rank_token=49051026324_11d39b24-15ef-4a0c-a330-c8d05f317476&ranked_content=true returned response: <Response [200]>
2021-08-07 14:27:33,929 - instabot version: 0.117.0 (api) - DEBUG - GET to endpoint: feed/user/13869174215/?max_id=2196080051626201817_13869174215&min_timestamp=None&rank_token=49051026324_11d39b24-15ef-4a0c-a330-c8d05f317476&ranked_content=true returned response: <Response [200]>
2021-08-07 14:27:34,216 - instabot version: 0.117.0 (api) - DEBUG - GET to endpoint: feed/user/13869174215/?max_id=2192058139821813633_13869174215&min_timestamp=None&rank_token=49051026324_11d39b24-15ef-4a0c-a330-c8d05f317476&ranked_content=true returned response: <Response [200]>
2021-08-07 14:27:34,565 - instabot version: 0.117.0 (api) - DEBUG - GET to endpoint: feed/user/13869174215/?max_id=2185540988701117376_13869174215&min_timestamp=None&rank_token=49051026324_11d39b24-15ef-4a0c-a330-c8d05f317476&ranked_content=true returned response: <Response [200]>
2021-08-07 14:27:34,800 - instabot version: 0.117.0 (api) - DEBUG - GET to endpoint: feed/user/13869174215/?max_id=2182028249503159542_13869174215&min_timestamp=None&rank_token=49051026324_11d39b24-15ef-4a0c-a330-c8d05f317476&ranked_content=true returned response: <Response [200]>
2021-08-07 14:27:34,821 - instabot version: 0.117.0 (bot_checkpoint) - DEBUG - Saving Checkpoint file to: D:\Programming\2021\InstaBot/config/vocabexpansion.checkpoint
2021-08-07 14:27:34,821 - instabot version: 0.117.0 (bot) - INFO - Total requests: 644
