2021-08-10 00:22:21,536 - instabot version: 0.117.0 (bot) - INFO - Instabot version: 0.117.0 Started
2021-08-10 00:22:21,536 - instabot version: 0.117.0 (bot) - DEBUG - Bot imported from C:\Users\skyem\AppData\Local\Programs\Python\Python39\lib\site-packages\instabot\bot\bot.py
2021-08-10 00:22:22,886 - instabot version: 0.117.0 (api_login) - INFO - Not yet logged in starting: PRE-LOGIN FLOW!
2021-08-10 00:22:23,078 - instabot version: 0.117.0 (api) - DEBUG - POST to endpoint: accounts/get_prefill_candidates/ returned response: <Response [200]>
2021-08-10 00:22:23,288 - instabot version: 0.117.0 (api) - DEBUG - POST to endpoint: qe/sync/ returned response: <Response [200]>
2021-08-10 00:22:23,501 - instabot version: 0.117.0 (api) - DEBUG - POST to endpoint: launcher/sync/ returned response: <Response [200]>
2021-08-10 00:22:23,645 - instabot version: 0.117.0 (api) - DEBUG - POST to endpoint: accounts/contact_point_prefill/ returned response: <Response [200]>
2021-08-10 00:22:25,091 - instabot version: 0.117.0 (api) - DEBUG - POST to endpoint: accounts/login/ returned response: <Response [200]>
2021-08-10 00:22:25,091 - instabot version: 0.117.0 (api) - INFO - Logged-in successfully as 'derbgang'!
2021-08-10 00:22:25,092 - instabot version: 0.117.0 (api_login) - INFO - LOGIN FLOW! Just logged-in: True
2021-08-10 00:22:25,287 - instabot version: 0.117.0 (api) - DEBUG - POST to endpoint: qe/sync/ returned response: <Response [200]>
2021-08-10 00:22:25,460 - instabot version: 0.117.0 (api) - DEBUG - POST to endpoint: launcher/sync/ returned response: <Response [200]>
2021-08-10 00:22:25,603 - instabot version: 0.117.0 (api) - DEBUG - GET to endpoint: zr/token/result/?device_id=android-482d8e988b586de3&token_hash=&custom_device_id=android-482d8e988b586de3&fetch_reason=token_expired returned response: <Response [200]>
2021-08-10 00:22:25,744 - instabot version: 0.117.0 (api) - DEBUG - GET to endpoint: multiple_accounts/get_account_family/ returned response: <Response [200]>
2021-08-10 00:22:25,919 - instabot version: 0.117.0 (api) - DEBUG - POST to endpoint: qe/sync/ returned response: <Response [200]>
2021-08-10 00:22:26,329 - instabot version: 0.117.0 (api) - DEBUG - GET to endpoint: igtv/browse_feed/?prefetch=1 returned response: <Response [200]>
2021-08-10 00:22:26,519 - instabot version: 0.117.0 (api) - DEBUG - POST to endpoint: creatives/ar_class/ returned response: <Response [200]>
2021-08-10 00:22:27,191 - instabot version: 0.117.0 (api) - DEBUG - POST to endpoint: feed/reels_tray/ returned response: <Response [200]>
2021-08-10 00:22:28,162 - instabot version: 0.117.0 (api) - DEBUG - POST to endpoint: feed/timeline/ returned response: <Response [200]>
2021-08-10 00:22:28,315 - instabot version: 0.117.0 (api) - DEBUG - GET to endpoint: media/blocked/ returned response: <Response [200]>
2021-08-10 00:22:28,823 - instabot version: 0.117.0 (api) - DEBUG - GET to endpoint: news/inbox/ returned response: <Response [200]>
2021-08-10 00:22:28,981 - instabot version: 0.117.0 (api) - DEBUG - GET to endpoint: loom/fetch_config/ returned response: <Response [200]>
2021-08-10 00:22:29,218 - instabot version: 0.117.0 (api) - DEBUG - GET to endpoint: scores/bootstrap/users/?surfaces=["autocomplete_user_list","coefficient_besties_list_ranking","coefficient_rank_recipient_user_suggestion","coefficient_ios_section_test_bootstrap_ranking","coefficient_direct_recipients_ranking_variant_2"] returned response: <Response [200]>
2021-08-10 00:22:29,374 - instabot version: 0.117.0 (api) - DEBUG - GET to endpoint: business/eligibility/get_monetization_products_eligibility_data/?product_types=branded_content returned response: <Response [200]>
2021-08-10 00:22:29,516 - instabot version: 0.117.0 (api) - DEBUG - GET to endpoint: business/branded_content/should_require_professional_account/ returned response: <Response [200]>
2021-08-10 00:22:29,664 - instabot version: 0.117.0 (api) - DEBUG - GET to endpoint: linked_accounts/get_linkage_status/ returned response: <Response [200]>
2021-08-10 00:22:29,807 - instabot version: 0.117.0 (api) - DEBUG - GET to endpoint: locations/request_country/ returned response: <Response [200]>
2021-08-10 00:22:29,941 - instabot version: 0.117.0 (api) - DEBUG - GET to endpoint: qp/get_cooldowns/?signed_body=signed_body=4b9c516a5410a3bc128e09c6104a7f042146b9c2023870560c63a43a7f66781c.4&ig_sig_key_version=4&ig_sig_key_version=4 returned response: <Response [200]>
2021-08-10 00:22:30,132 - instabot version: 0.117.0 (api) - DEBUG - GET to endpoint: users/arlink_download_info/?version_override=2.2.1 returned response: <Response [200]>
2021-08-10 00:22:30,418 - instabot version: 0.117.0 (api) - DEBUG - GET to endpoint: users/49050629623/info/ returned response: <Response [200]>
2021-08-10 00:22:30,735 - instabot version: 0.117.0 (api) - DEBUG - GET to endpoint: direct_v2/get_presence/ returned response: <Response [200]>
2021-08-10 00:22:31,122 - instabot version: 0.117.0 (api) - DEBUG - GET to endpoint: direct_v2/inbox/?visual_message_return_type=unseen&thread_message_limit=10&persistentBadging=true&limit=20 returned response: <Response [200]>
2021-08-10 00:22:31,346 - instabot version: 0.117.0 (api) - DEBUG - GET to endpoint: direct_v2/inbox/?visual_message_return_type=unseen&persistentBadging=true&limit=0 returned response: <Response [200]>
2021-08-10 00:22:31,538 - instabot version: 0.117.0 (api) - DEBUG - GET to endpoint: discover/topical_explore/?is_prefetch=true&omit_cover_media=true&use_sectional_payload=true&timezone_offset=0&session_id=085b1eef-ef14-4d42-a290-2070e4f8cc18&include_fixed_destinations=true returned response: <Response [200]>
2021-08-10 00:22:31,723 - instabot version: 0.117.0 (api) - DEBUG - POST to endpoint: notifications/badge/ returned response: <Response [200]>
2021-08-10 00:22:31,984 - instabot version: 0.117.0 (api) - DEBUG - POST to endpoint: qp/batch_fetch/ returned response: <Response [200]>
2021-08-10 00:22:31,985 - instabot version: 0.117.0 (bot_checkpoint) - DEBUG - Loading Checkpoint file from: D:\Programming\2021\InstaBot/config/derbgang.checkpoint
2021-08-10 00:22:57,044 - instabot version: 0.117.0 (api) - DEBUG - GET to endpoint: users/savagerealms.jemima/usernameinfo/ returned response: <Response [200]>
2021-08-10 00:22:58,382 - instabot version: 0.117.0 (api) - DEBUG - GET to endpoint: feed/user/11903691706/?max_id=&min_timestamp=None&rank_token=49050629623_465b216f-206d-46ad-b030-2880a43606d2&ranked_content=true returned response: <Response [200]>
2021-08-10 00:22:59,123 - instabot version: 0.117.0 (api) - DEBUG - GET to endpoint: feed/user/11903691706/?max_id=2588875177397620242_11903691706&min_timestamp=None&rank_token=49050629623_465b216f-206d-46ad-b030-2880a43606d2&ranked_content=true returned response: <Response [200]>
2021-08-10 00:22:59,794 - instabot version: 0.117.0 (api) - DEBUG - GET to endpoint: feed/user/11903691706/?max_id=2546776962661940047_11903691706&min_timestamp=None&rank_token=49050629623_465b216f-206d-46ad-b030-2880a43606d2&ranked_content=true returned response: <Response [200]>
2021-08-10 00:23:00,484 - instabot version: 0.117.0 (api) - DEBUG - GET to endpoint: feed/user/11903691706/?max_id=2503402903060177446_11903691706&min_timestamp=None&rank_token=49050629623_465b216f-206d-46ad-b030-2880a43606d2&ranked_content=true returned response: <Response [200]>
2021-08-10 00:23:01,084 - instabot version: 0.117.0 (api) - DEBUG - GET to endpoint: feed/user/11903691706/?max_id=2472268084901410134_11903691706&min_timestamp=None&rank_token=49050629623_465b216f-206d-46ad-b030-2880a43606d2&ranked_content=true returned response: <Response [200]>
2021-08-10 00:23:01,720 - instabot version: 0.117.0 (api) - DEBUG - GET to endpoint: feed/user/11903691706/?max_id=2449035506388074955_11903691706&min_timestamp=None&rank_token=49050629623_465b216f-206d-46ad-b030-2880a43606d2&ranked_content=true returned response: <Response [200]>
2021-08-10 00:23:02,301 - instabot version: 0.117.0 (api) - DEBUG - GET to endpoint: feed/user/11903691706/?max_id=2418540064407973255_11903691706&min_timestamp=None&rank_token=49050629623_465b216f-206d-46ad-b030-2880a43606d2&ranked_content=true returned response: <Response [200]>
2021-08-10 00:23:03,128 - instabot version: 0.117.0 (api) - DEBUG - GET to endpoint: feed/user/11903691706/?max_id=2403349250329817992_11903691706&min_timestamp=None&rank_token=49050629623_465b216f-206d-46ad-b030-2880a43606d2&ranked_content=true returned response: <Response [200]>
2021-08-10 00:23:04,071 - instabot version: 0.117.0 (api) - DEBUG - GET to endpoint: feed/user/11903691706/?max_id=2393290098794575044_11903691706&min_timestamp=None&rank_token=49050629623_465b216f-206d-46ad-b030-2880a43606d2&ranked_content=true returned response: <Response [200]>
2021-08-10 00:23:04,593 - instabot version: 0.117.0 (api) - DEBUG - GET to endpoint: feed/user/11903691706/?max_id=2373692985508776176_11903691706&min_timestamp=None&rank_token=49050629623_465b216f-206d-46ad-b030-2880a43606d2&ranked_content=true returned response: <Response [200]>
2021-08-10 00:23:05,080 - instabot version: 0.117.0 (api) - DEBUG - GET to endpoint: feed/user/11903691706/?max_id=2367141866221461039_11903691706&min_timestamp=None&rank_token=49050629623_465b216f-206d-46ad-b030-2880a43606d2&ranked_content=true returned response: <Response [200]>
2021-08-10 00:23:05,626 - instabot version: 0.117.0 (api) - DEBUG - GET to endpoint: feed/user/11903691706/?max_id=2362698753549688596_11903691706&min_timestamp=None&rank_token=49050629623_465b216f-206d-46ad-b030-2880a43606d2&ranked_content=true returned response: <Response [200]>
2021-08-10 00:23:06,184 - instabot version: 0.117.0 (api) - DEBUG - GET to endpoint: feed/user/11903691706/?max_id=2357736610093979793_11903691706&min_timestamp=None&rank_token=49050629623_465b216f-206d-46ad-b030-2880a43606d2&ranked_content=true returned response: <Response [200]>
2021-08-10 00:23:06,736 - instabot version: 0.117.0 (api) - DEBUG - GET to endpoint: feed/user/11903691706/?max_id=2354736317588609636_11903691706&min_timestamp=None&rank_token=49050629623_465b216f-206d-46ad-b030-2880a43606d2&ranked_content=true returned response: <Response [200]>
2021-08-10 00:23:07,347 - instabot version: 0.117.0 (api) - DEBUG - GET to endpoint: feed/user/11903691706/?max_id=2350429683265607682_11903691706&min_timestamp=None&rank_token=49050629623_465b216f-206d-46ad-b030-2880a43606d2&ranked_content=true returned response: <Response [200]>
2021-08-10 00:23:07,961 - instabot version: 0.117.0 (api) - DEBUG - GET to endpoint: feed/user/11903691706/?max_id=2343264999085277922_11903691706&min_timestamp=None&rank_token=49050629623_465b216f-206d-46ad-b030-2880a43606d2&ranked_content=true returned response: <Response [200]>
2021-08-10 00:23:08,660 - instabot version: 0.117.0 (api) - DEBUG - GET to endpoint: feed/user/11903691706/?max_id=2339674735410409812_11903691706&min_timestamp=None&rank_token=49050629623_465b216f-206d-46ad-b030-2880a43606d2&ranked_content=true returned response: <Response [200]>
2021-08-10 00:23:09,475 - instabot version: 0.117.0 (api) - DEBUG - GET to endpoint: feed/user/11903691706/?max_id=2336787591251410706_11903691706&min_timestamp=None&rank_token=49050629623_465b216f-206d-46ad-b030-2880a43606d2&ranked_content=true returned response: <Response [200]>
2021-08-10 00:23:09,974 - instabot version: 0.117.0 (api) - DEBUG - GET to endpoint: feed/user/11903691706/?max_id=2333734323898261254_11903691706&min_timestamp=None&rank_token=49050629623_465b216f-206d-46ad-b030-2880a43606d2&ranked_content=true returned response: <Response [200]>
2021-08-10 00:23:10,549 - instabot version: 0.117.0 (api) - DEBUG - GET to endpoint: feed/user/11903691706/?max_id=2329311587096361557_11903691706&min_timestamp=None&rank_token=49050629623_465b216f-206d-46ad-b030-2880a43606d2&ranked_content=true returned response: <Response [200]>
2021-08-10 00:23:10,975 - instabot version: 0.117.0 (api) - DEBUG - GET to endpoint: feed/user/11903691706/?max_id=2316457774882856904_11903691706&min_timestamp=None&rank_token=49050629623_465b216f-206d-46ad-b030-2880a43606d2&ranked_content=true returned response: <Response [200]>
2021-08-10 00:23:11,458 - instabot version: 0.117.0 (api) - DEBUG - GET to endpoint: feed/user/11903691706/?max_id=2310591509144428379_11903691706&min_timestamp=None&rank_token=49050629623_465b216f-206d-46ad-b030-2880a43606d2&ranked_content=true returned response: <Response [200]>
2021-08-10 00:23:11,883 - instabot version: 0.117.0 (api) - DEBUG - GET to endpoint: feed/user/11903691706/?max_id=2305493045456859231_11903691706&min_timestamp=None&rank_token=49050629623_465b216f-206d-46ad-b030-2880a43606d2&ranked_content=true returned response: <Response [200]>
2021-08-10 00:23:12,652 - instabot version: 0.117.0 (api) - DEBUG - GET to endpoint: feed/user/11903691706/?max_id=2301201357519287470_11903691706&min_timestamp=None&rank_token=49050629623_465b216f-206d-46ad-b030-2880a43606d2&ranked_content=true returned response: <Response [200]>
2021-08-10 00:23:13,085 - instabot version: 0.117.0 (api) - DEBUG - GET to endpoint: feed/user/11903691706/?max_id=2295951860820292176_11903691706&min_timestamp=None&rank_token=49050629623_465b216f-206d-46ad-b030-2880a43606d2&ranked_content=true returned response: <Response [200]>
2021-08-10 00:23:13,653 - instabot version: 0.117.0 (api) - DEBUG - GET to endpoint: feed/user/11903691706/?max_id=2288257789045743978_11903691706&min_timestamp=None&rank_token=49050629623_465b216f-206d-46ad-b030-2880a43606d2&ranked_content=true returned response: <Response [200]>
2021-08-10 00:23:14,192 - instabot version: 0.117.0 (api) - DEBUG - GET to endpoint: feed/user/11903691706/?max_id=2283079176411219802_11903691706&min_timestamp=None&rank_token=49050629623_465b216f-206d-46ad-b030-2880a43606d2&ranked_content=true returned response: <Response [200]>
2021-08-10 00:23:14,732 - instabot version: 0.117.0 (api) - DEBUG - GET to endpoint: feed/user/11903691706/?max_id=2259915456877232158_11903691706&min_timestamp=None&rank_token=49050629623_465b216f-206d-46ad-b030-2880a43606d2&ranked_content=true returned response: <Response [200]>
2021-08-10 00:23:15,362 - instabot version: 0.117.0 (api) - DEBUG - GET to endpoint: feed/user/11903691706/?max_id=2253577999311181494_11903691706&min_timestamp=None&rank_token=49050629623_465b216f-206d-46ad-b030-2880a43606d2&ranked_content=true returned response: <Response [200]>
2021-08-10 00:23:15,837 - instabot version: 0.117.0 (api) - DEBUG - GET to endpoint: feed/user/11903691706/?max_id=2186720324544323755_11903691706&min_timestamp=None&rank_token=49050629623_465b216f-206d-46ad-b030-2880a43606d2&ranked_content=true returned response: <Response [200]>
2021-08-10 00:23:16,344 - instabot version: 0.117.0 (api) - DEBUG - GET to endpoint: feed/user/11903691706/?max_id=2179432440292205572_11903691706&min_timestamp=None&rank_token=49050629623_465b216f-206d-46ad-b030-2880a43606d2&ranked_content=true returned response: <Response [200]>
2021-08-10 00:23:16,590 - instabot version: 0.117.0 (api) - DEBUG - GET to endpoint: feed/user/11903691706/?max_id=2166398410227707356_11903691706&min_timestamp=None&rank_token=49050629623_465b216f-206d-46ad-b030-2880a43606d2&ranked_content=true returned response: <Response [200]>
2021-08-10 00:23:16,843 - instabot version: 0.117.0 (api) - DEBUG - GET to endpoint: users/vocabexpansion/usernameinfo/ returned response: <Response [200]>
2021-08-10 00:23:17,747 - instabot version: 0.117.0 (api) - DEBUG - GET to endpoint: media/2358543628107049816_11903691706/info/ returned response: <Response [200]>
2021-08-10 00:23:18,180 - instabot version: 0.117.0 (api) - DEBUG - POST to endpoint: direct_v2/threads/broadcast/media_share/ returned response: <Response [200]>
2021-08-10 00:23:18,191 - instabot version: 0.117.0 (bot_checkpoint) - DEBUG - Saving Checkpoint file to: D:\Programming\2021\InstaBot/config/derbgang.checkpoint
2021-08-10 00:23:18,191 - instabot version: 0.117.0 (bot) - INFO - Total messages: 1/60
2021-08-10 00:23:18,192 - instabot version: 0.117.0 (bot) - INFO - Total requests: 609
