2021-08-08 20:29:18,362 - instabot version: 0.117.0 (bot) - INFO - Instabot version: 0.117.0 Started
2021-08-08 20:29:18,362 - instabot version: 0.117.0 (bot) - DEBUG - Bot imported from C:\Users\skyem\AppData\Local\Programs\Python\Python39\lib\site-packages\instabot\bot\bot.py
2021-08-08 20:29:18,363 - instabot version: 0.117.0 (api_login) - INFO - Not yet logged in starting: PRE-LOGIN FLOW!
2021-08-08 20:29:18,524 - instabot version: 0.117.0 (api) - DEBUG - POST to endpoint: accounts/get_prefill_candidates/ returned response: <Response [200]>
2021-08-08 20:29:18,659 - instabot version: 0.117.0 (api) - DEBUG - POST to endpoint: qe/sync/ returned response: <Response [200]>
2021-08-08 20:29:18,803 - instabot version: 0.117.0 (api) - DEBUG - POST to endpoint: launcher/sync/ returned response: <Response [200]>
2021-08-08 20:29:18,946 - instabot version: 0.117.0 (api) - DEBUG - POST to endpoint: accounts/contact_point_prefill/ returned response: <Response [200]>
2021-08-08 20:29:20,549 - instabot version: 0.117.0 (api) - DEBUG - POST to endpoint: accounts/login/ returned response: <Response [200]>
2021-08-08 20:29:20,550 - instabot version: 0.117.0 (api) - INFO - Logged-in successfully as 'vocabexpansion'!
2021-08-08 20:29:20,550 - instabot version: 0.117.0 (api_login) - INFO - LOGIN FLOW! Just logged-in: True
2021-08-08 20:29:20,706 - instabot version: 0.117.0 (api) - DEBUG - POST to endpoint: qe/sync/ returned response: <Response [200]>
2021-08-08 20:29:20,875 - instabot version: 0.117.0 (api) - DEBUG - POST to endpoint: launcher/sync/ returned response: <Response [200]>
2021-08-08 20:29:21,019 - instabot version: 0.117.0 (api) - DEBUG - GET to endpoint: zr/token/result/?device_id=android-e377a40ffa4f9abc&token_hash=&custom_device_id=android-e377a40ffa4f9abc&fetch_reason=token_expired returned response: <Response [200]>
2021-08-08 20:29:21,161 - instabot version: 0.117.0 (api) - DEBUG - GET to endpoint: multiple_accounts/get_account_family/ returned response: <Response [200]>
2021-08-08 20:29:21,316 - instabot version: 0.117.0 (api) - DEBUG - POST to endpoint: qe/sync/ returned response: <Response [200]>
2021-08-08 20:29:21,780 - instabot version: 0.117.0 (api) - DEBUG - GET to endpoint: igtv/browse_feed/?prefetch=1 returned response: <Response [200]>
2021-08-08 20:29:21,928 - instabot version: 0.117.0 (api) - DEBUG - POST to endpoint: creatives/ar_class/ returned response: <Response [200]>
2021-08-08 20:29:22,701 - instabot version: 0.117.0 (api) - DEBUG - POST to endpoint: feed/reels_tray/ returned response: <Response [200]>
2021-08-08 20:29:23,756 - instabot version: 0.117.0 (api) - DEBUG - POST to endpoint: feed/timeline/ returned response: <Response [200]>
2021-08-08 20:29:23,909 - instabot version: 0.117.0 (api) - DEBUG - GET to endpoint: media/blocked/ returned response: <Response [200]>
2021-08-08 20:29:24,214 - instabot version: 0.117.0 (api) - DEBUG - GET to endpoint: news/inbox/ returned response: <Response [200]>
2021-08-08 20:29:24,371 - instabot version: 0.117.0 (api) - DEBUG - GET to endpoint: loom/fetch_config/ returned response: <Response [200]>
2021-08-08 20:29:24,698 - instabot version: 0.117.0 (api) - DEBUG - GET to endpoint: scores/bootstrap/users/?surfaces=["autocomplete_user_list","coefficient_besties_list_ranking","coefficient_rank_recipient_user_suggestion","coefficient_ios_section_test_bootstrap_ranking","coefficient_direct_recipients_ranking_variant_2"] returned response: <Response [200]>
2021-08-08 20:29:24,889 - instabot version: 0.117.0 (api) - DEBUG - GET to endpoint: business/eligibility/get_monetization_products_eligibility_data/?product_types=branded_content returned response: <Response [200]>
2021-08-08 20:29:25,066 - instabot version: 0.117.0 (api) - DEBUG - GET to endpoint: business/branded_content/should_require_professional_account/ returned response: <Response [200]>
2021-08-08 20:29:25,208 - instabot version: 0.117.0 (api) - DEBUG - GET to endpoint: linked_accounts/get_linkage_status/ returned response: <Response [200]>
2021-08-08 20:29:25,347 - instabot version: 0.117.0 (api) - DEBUG - GET to endpoint: locations/request_country/ returned response: <Response [200]>
2021-08-08 20:29:25,496 - instabot version: 0.117.0 (api) - DEBUG - GET to endpoint: qp/get_cooldowns/?signed_body=signed_body=4b9c516a5410a3bc128e09c6104a7f042146b9c2023870560c63a43a7f66781c.4&ig_sig_key_version=4&ig_sig_key_version=4 returned response: <Response [200]>
2021-08-08 20:29:25,641 - instabot version: 0.117.0 (api) - DEBUG - GET to endpoint: users/arlink_download_info/?version_override=2.2.1 returned response: <Response [200]>
2021-08-08 20:29:25,957 - instabot version: 0.117.0 (api) - DEBUG - GET to endpoint: users/49051026324/info/ returned response: <Response [200]>
2021-08-08 20:29:26,200 - instabot version: 0.117.0 (api) - DEBUG - GET to endpoint: direct_v2/get_presence/ returned response: <Response [200]>
2021-08-08 20:29:26,592 - instabot version: 0.117.0 (api) - DEBUG - GET to endpoint: direct_v2/inbox/?visual_message_return_type=unseen&thread_message_limit=10&persistentBadging=true&limit=20 returned response: <Response [200]>
2021-08-08 20:29:26,776 - instabot version: 0.117.0 (api) - DEBUG - GET to endpoint: direct_v2/inbox/?visual_message_return_type=unseen&persistentBadging=true&limit=0 returned response: <Response [200]>
2021-08-08 20:29:27,004 - instabot version: 0.117.0 (api) - DEBUG - GET to endpoint: discover/topical_explore/?is_prefetch=true&omit_cover_media=true&use_sectional_payload=true&timezone_offset=0&session_id=29e1df95-6ed4-4bd7-8cc5-11112115ac10&include_fixed_destinations=true returned response: <Response [200]>
2021-08-08 20:29:27,156 - instabot version: 0.117.0 (api) - DEBUG - POST to endpoint: notifications/badge/ returned response: <Response [200]>
2021-08-08 20:29:27,399 - instabot version: 0.117.0 (api) - DEBUG - POST to endpoint: qp/batch_fetch/ returned response: <Response [200]>
2021-08-08 20:29:27,400 - instabot version: 0.117.0 (bot_checkpoint) - DEBUG - Loading Checkpoint file from: D:\Programming\2021\InstaBot/config/vocabexpansion.checkpoint
2021-08-08 20:29:27,756 - instabot version: 0.117.0 (api) - DEBUG - GET to endpoint: users/cursed.image5/usernameinfo/ returned response: <Response [200]>
2021-08-08 20:29:28,895 - instabot version: 0.117.0 (api) - DEBUG - GET to endpoint: feed/user/13869174215/?max_id=&min_timestamp=None&rank_token=49051026324_cb9cf4af-5b7a-489a-9e18-edcf705a7a98&ranked_content=true returned response: <Response [200]>
2021-08-08 20:29:29,146 - instabot version: 0.117.0 (api) - DEBUG - GET to endpoint: feed/user/13869174215/?max_id=2627006821922145007_13869174215&min_timestamp=None&rank_token=49051026324_cb9cf4af-5b7a-489a-9e18-edcf705a7a98&ranked_content=true returned response: <Response [200]>
2021-08-08 20:29:29,405 - instabot version: 0.117.0 (api) - DEBUG - GET to endpoint: feed/user/13869174215/?max_id=2619675716433076093_13869174215&min_timestamp=None&rank_token=49051026324_cb9cf4af-5b7a-489a-9e18-edcf705a7a98&ranked_content=true returned response: <Response [200]>
2021-08-08 20:29:29,647 - instabot version: 0.117.0 (api) - DEBUG - GET to endpoint: feed/user/13869174215/?max_id=2616029302911977791_13869174215&min_timestamp=None&rank_token=49051026324_cb9cf4af-5b7a-489a-9e18-edcf705a7a98&ranked_content=true returned response: <Response [200]>
2021-08-08 20:29:29,966 - instabot version: 0.117.0 (api) - DEBUG - GET to endpoint: feed/user/13869174215/?max_id=2612075644914190048_13869174215&min_timestamp=None&rank_token=49051026324_cb9cf4af-5b7a-489a-9e18-edcf705a7a98&ranked_content=true returned response: <Response [200]>
2021-08-08 20:29:30,212 - instabot version: 0.117.0 (api) - DEBUG - GET to endpoint: feed/user/13869174215/?max_id=2608464449245337598_13869174215&min_timestamp=None&rank_token=49051026324_cb9cf4af-5b7a-489a-9e18-edcf705a7a98&ranked_content=true returned response: <Response [200]>
2021-08-08 20:29:30,544 - instabot version: 0.117.0 (api) - DEBUG - GET to endpoint: feed/user/13869174215/?max_id=2604448057121969715_13869174215&min_timestamp=None&rank_token=49051026324_cb9cf4af-5b7a-489a-9e18-edcf705a7a98&ranked_content=true returned response: <Response [200]>
2021-08-08 20:29:30,794 - instabot version: 0.117.0 (api) - DEBUG - GET to endpoint: feed/user/13869174215/?max_id=2600808990010362967_13869174215&min_timestamp=None&rank_token=49051026324_cb9cf4af-5b7a-489a-9e18-edcf705a7a98&ranked_content=true returned response: <Response [200]>
2021-08-08 20:29:31,053 - instabot version: 0.117.0 (api) - DEBUG - GET to endpoint: feed/user/13869174215/?max_id=2596852946091185555_13869174215&min_timestamp=None&rank_token=49051026324_cb9cf4af-5b7a-489a-9e18-edcf705a7a98&ranked_content=true returned response: <Response [200]>
2021-08-08 20:29:31,331 - instabot version: 0.117.0 (api) - DEBUG - GET to endpoint: feed/user/13869174215/?max_id=2592851483765825911_13869174215&min_timestamp=None&rank_token=49051026324_cb9cf4af-5b7a-489a-9e18-edcf705a7a98&ranked_content=true returned response: <Response [200]>
2021-08-08 20:29:31,577 - instabot version: 0.117.0 (api) - DEBUG - GET to endpoint: feed/user/13869174215/?max_id=2588880307601335599_13869174215&min_timestamp=None&rank_token=49051026324_cb9cf4af-5b7a-489a-9e18-edcf705a7a98&ranked_content=true returned response: <Response [200]>
2021-08-08 20:29:31,864 - instabot version: 0.117.0 (api) - DEBUG - GET to endpoint: feed/user/13869174215/?max_id=2584866364463556674_13869174215&min_timestamp=None&rank_token=49051026324_cb9cf4af-5b7a-489a-9e18-edcf705a7a98&ranked_content=true returned response: <Response [200]>
2021-08-08 20:29:32,216 - instabot version: 0.117.0 (api) - DEBUG - GET to endpoint: feed/user/13869174215/?max_id=2581247525034690917_13869174215&min_timestamp=None&rank_token=49051026324_cb9cf4af-5b7a-489a-9e18-edcf705a7a98&ranked_content=true returned response: <Response [200]>
2021-08-08 20:29:32,541 - instabot version: 0.117.0 (api) - DEBUG - GET to endpoint: feed/user/13869174215/?max_id=2577299267916879224_13869174215&min_timestamp=None&rank_token=49051026324_cb9cf4af-5b7a-489a-9e18-edcf705a7a98&ranked_content=true returned response: <Response [200]>
2021-08-08 20:29:32,809 - instabot version: 0.117.0 (api) - DEBUG - GET to endpoint: feed/user/13869174215/?max_id=2573282960908303641_13869174215&min_timestamp=None&rank_token=49051026324_cb9cf4af-5b7a-489a-9e18-edcf705a7a98&ranked_content=true returned response: <Response [200]>
2021-08-08 20:29:33,114 - instabot version: 0.117.0 (api) - DEBUG - GET to endpoint: feed/user/13869174215/?max_id=2569281158050065140_13869174215&min_timestamp=None&rank_token=49051026324_cb9cf4af-5b7a-489a-9e18-edcf705a7a98&ranked_content=true returned response: <Response [200]>
2021-08-08 20:29:33,428 - instabot version: 0.117.0 (api) - DEBUG - GET to endpoint: feed/user/13869174215/?max_id=2565294912423872793_13869174215&min_timestamp=None&rank_token=49051026324_cb9cf4af-5b7a-489a-9e18-edcf705a7a98&ranked_content=true returned response: <Response [200]>
2021-08-08 20:29:33,764 - instabot version: 0.117.0 (api) - DEBUG - GET to endpoint: feed/user/13869174215/?max_id=2561338878552648250_13869174215&min_timestamp=None&rank_token=49051026324_cb9cf4af-5b7a-489a-9e18-edcf705a7a98&ranked_content=true returned response: <Response [200]>
2021-08-08 20:29:34,010 - instabot version: 0.117.0 (api) - DEBUG - GET to endpoint: feed/user/13869174215/?max_id=2557337612083800759_13869174215&min_timestamp=None&rank_token=49051026324_cb9cf4af-5b7a-489a-9e18-edcf705a7a98&ranked_content=true returned response: <Response [200]>
2021-08-08 20:29:34,303 - instabot version: 0.117.0 (api) - DEBUG - GET to endpoint: feed/user/13869174215/?max_id=2553366340754532347_13869174215&min_timestamp=None&rank_token=49051026324_cb9cf4af-5b7a-489a-9e18-edcf705a7a98&ranked_content=true returned response: <Response [200]>
2021-08-08 20:29:34,673 - instabot version: 0.117.0 (api) - DEBUG - GET to endpoint: feed/user/13869174215/?max_id=2549334806483806278_13869174215&min_timestamp=None&rank_token=49051026324_cb9cf4af-5b7a-489a-9e18-edcf705a7a98&ranked_content=true returned response: <Response [200]>
2021-08-08 20:29:34,969 - instabot version: 0.117.0 (api) - DEBUG - GET to endpoint: feed/user/13869174215/?max_id=2546121865225531881_13869174215&min_timestamp=None&rank_token=49051026324_cb9cf4af-5b7a-489a-9e18-edcf705a7a98&ranked_content=true returned response: <Response [200]>
2021-08-08 20:29:35,267 - instabot version: 0.117.0 (api) - DEBUG - GET to endpoint: feed/user/13869174215/?max_id=2542844458453524969_13869174215&min_timestamp=None&rank_token=49051026324_cb9cf4af-5b7a-489a-9e18-edcf705a7a98&ranked_content=true returned response: <Response [200]>
2021-08-08 20:29:35,550 - instabot version: 0.117.0 (api) - DEBUG - GET to endpoint: feed/user/13869174215/?max_id=2538870819034279157_13869174215&min_timestamp=None&rank_token=49051026324_cb9cf4af-5b7a-489a-9e18-edcf705a7a98&ranked_content=true returned response: <Response [200]>
2021-08-08 20:29:35,790 - instabot version: 0.117.0 (api) - DEBUG - GET to endpoint: feed/user/13869174215/?max_id=2535274632598968565_13869174215&min_timestamp=None&rank_token=49051026324_cb9cf4af-5b7a-489a-9e18-edcf705a7a98&ranked_content=true returned response: <Response [200]>
2021-08-08 20:29:36,056 - instabot version: 0.117.0 (api) - DEBUG - GET to endpoint: feed/user/13869174215/?max_id=2531260658377323489_13869174215&min_timestamp=None&rank_token=49051026324_cb9cf4af-5b7a-489a-9e18-edcf705a7a98&ranked_content=true returned response: <Response [200]>
2021-08-08 20:29:36,349 - instabot version: 0.117.0 (api) - DEBUG - GET to endpoint: feed/user/13869174215/?max_id=2527651867818732962_13869174215&min_timestamp=None&rank_token=49051026324_cb9cf4af-5b7a-489a-9e18-edcf705a7a98&ranked_content=true returned response: <Response [200]>
2021-08-08 20:29:36,708 - instabot version: 0.117.0 (api) - DEBUG - GET to endpoint: feed/user/13869174215/?max_id=2523650558758324966_13869174215&min_timestamp=None&rank_token=49051026324_cb9cf4af-5b7a-489a-9e18-edcf705a7a98&ranked_content=true returned response: <Response [200]>
2021-08-08 20:29:36,996 - instabot version: 0.117.0 (api) - DEBUG - GET to endpoint: feed/user/13869174215/?max_id=2520389119348269536_13869174215&min_timestamp=None&rank_token=49051026324_cb9cf4af-5b7a-489a-9e18-edcf705a7a98&ranked_content=true returned response: <Response [200]>
2021-08-08 20:29:37,329 - instabot version: 0.117.0 (api) - DEBUG - GET to endpoint: feed/user/13869174215/?max_id=2516448172644863607_13869174215&min_timestamp=None&rank_token=49051026324_cb9cf4af-5b7a-489a-9e18-edcf705a7a98&ranked_content=true returned response: <Response [200]>
2021-08-08 20:29:37,596 - instabot version: 0.117.0 (api) - DEBUG - GET to endpoint: feed/user/13869174215/?max_id=2513503680948820670_13869174215&min_timestamp=None&rank_token=49051026324_cb9cf4af-5b7a-489a-9e18-edcf705a7a98&ranked_content=true returned response: <Response [200]>
2021-08-08 20:29:37,873 - instabot version: 0.117.0 (api) - DEBUG - GET to endpoint: feed/user/13869174215/?max_id=2509907452856539156_13869174215&min_timestamp=None&rank_token=49051026324_cb9cf4af-5b7a-489a-9e18-edcf705a7a98&ranked_content=true returned response: <Response [200]>
2021-08-08 20:29:38,126 - instabot version: 0.117.0 (api) - DEBUG - GET to endpoint: feed/user/13869174215/?max_id=2505896147260937226_13869174215&min_timestamp=None&rank_token=49051026324_cb9cf4af-5b7a-489a-9e18-edcf705a7a98&ranked_content=true returned response: <Response [200]>
2021-08-08 20:29:38,440 - instabot version: 0.117.0 (api) - DEBUG - GET to endpoint: feed/user/13869174215/?max_id=2503009582017478721_13869174215&min_timestamp=None&rank_token=49051026324_cb9cf4af-5b7a-489a-9e18-edcf705a7a98&ranked_content=true returned response: <Response [200]>
2021-08-08 20:29:38,705 - instabot version: 0.117.0 (api) - DEBUG - GET to endpoint: feed/user/13869174215/?max_id=2500487979237927734_13869174215&min_timestamp=None&rank_token=49051026324_cb9cf4af-5b7a-489a-9e18-edcf705a7a98&ranked_content=true returned response: <Response [200]>
2021-08-08 20:29:39,000 - instabot version: 0.117.0 (api) - DEBUG - GET to endpoint: feed/user/13869174215/?max_id=2498191784678850381_13869174215&min_timestamp=None&rank_token=49051026324_cb9cf4af-5b7a-489a-9e18-edcf705a7a98&ranked_content=true returned response: <Response [200]>
2021-08-08 20:29:39,326 - instabot version: 0.117.0 (api) - DEBUG - GET to endpoint: feed/user/13869174215/?max_id=2495159097970006057_13869174215&min_timestamp=None&rank_token=49051026324_cb9cf4af-5b7a-489a-9e18-edcf705a7a98&ranked_content=true returned response: <Response [200]>
2021-08-08 20:29:39,576 - instabot version: 0.117.0 (api) - DEBUG - GET to endpoint: feed/user/13869174215/?max_id=2492287936005346842_13869174215&min_timestamp=None&rank_token=49051026324_cb9cf4af-5b7a-489a-9e18-edcf705a7a98&ranked_content=true returned response: <Response [200]>
2021-08-08 20:29:39,852 - instabot version: 0.117.0 (api) - DEBUG - GET to endpoint: feed/user/13869174215/?max_id=2489379386836694351_13869174215&min_timestamp=None&rank_token=49051026324_cb9cf4af-5b7a-489a-9e18-edcf705a7a98&ranked_content=true returned response: <Response [200]>
2021-08-08 20:29:40,157 - instabot version: 0.117.0 (api) - DEBUG - GET to endpoint: feed/user/13869174215/?max_id=2485604885354158165_13869174215&min_timestamp=None&rank_token=49051026324_cb9cf4af-5b7a-489a-9e18-edcf705a7a98&ranked_content=true returned response: <Response [200]>
2021-08-08 20:29:40,496 - instabot version: 0.117.0 (api) - DEBUG - GET to endpoint: feed/user/13869174215/?max_id=2481658809552785190_13869174215&min_timestamp=None&rank_token=49051026324_cb9cf4af-5b7a-489a-9e18-edcf705a7a98&ranked_content=true returned response: <Response [200]>
2021-08-08 20:29:40,829 - instabot version: 0.117.0 (api) - DEBUG - GET to endpoint: feed/user/13869174215/?max_id=2477637392916375526_13869174215&min_timestamp=None&rank_token=49051026324_cb9cf4af-5b7a-489a-9e18-edcf705a7a98&ranked_content=true returned response: <Response [200]>
2021-08-08 20:29:41,126 - instabot version: 0.117.0 (api) - DEBUG - GET to endpoint: feed/user/13869174215/?max_id=2473998403021973285_13869174215&min_timestamp=None&rank_token=49051026324_cb9cf4af-5b7a-489a-9e18-edcf705a7a98&ranked_content=true returned response: <Response [200]>
2021-08-08 20:29:41,373 - instabot version: 0.117.0 (api) - DEBUG - GET to endpoint: feed/user/13869174215/?max_id=2470384560697944046_13869174215&min_timestamp=None&rank_token=49051026324_cb9cf4af-5b7a-489a-9e18-edcf705a7a98&ranked_content=true returned response: <Response [200]>
2021-08-08 20:29:41,648 - instabot version: 0.117.0 (api) - DEBUG - GET to endpoint: feed/user/13869174215/?max_id=2466461316447974388_13869174215&min_timestamp=None&rank_token=49051026324_cb9cf4af-5b7a-489a-9e18-edcf705a7a98&ranked_content=true returned response: <Response [200]>
2021-08-08 20:29:41,949 - instabot version: 0.117.0 (api) - DEBUG - GET to endpoint: feed/user/13869174215/?max_id=2462444695553551389_13869174215&min_timestamp=None&rank_token=49051026324_cb9cf4af-5b7a-489a-9e18-edcf705a7a98&ranked_content=true returned response: <Response [200]>
2021-08-08 20:29:42,265 - instabot version: 0.117.0 (api) - DEBUG - GET to endpoint: feed/user/13869174215/?max_id=2458481184902369844_13869174215&min_timestamp=None&rank_token=49051026324_cb9cf4af-5b7a-489a-9e18-edcf705a7a98&ranked_content=true returned response: <Response [200]>
2021-08-08 20:29:42,512 - instabot version: 0.117.0 (api) - DEBUG - GET to endpoint: feed/user/13869174215/?max_id=2454447083499958172_13869174215&min_timestamp=None&rank_token=49051026324_cb9cf4af-5b7a-489a-9e18-edcf705a7a98&ranked_content=true returned response: <Response [200]>
2021-08-08 20:29:42,770 - instabot version: 0.117.0 (api) - DEBUG - GET to endpoint: feed/user/13869174215/?max_id=2450513641242678994_13869174215&min_timestamp=None&rank_token=49051026324_cb9cf4af-5b7a-489a-9e18-edcf705a7a98&ranked_content=true returned response: <Response [200]>
2021-08-08 20:29:43,155 - instabot version: 0.117.0 (api) - DEBUG - GET to endpoint: feed/user/13869174215/?max_id=2446436818937342283_13869174215&min_timestamp=None&rank_token=49051026324_cb9cf4af-5b7a-489a-9e18-edcf705a7a98&ranked_content=true returned response: <Response [200]>
2021-08-08 20:29:43,390 - instabot version: 0.117.0 (api) - DEBUG - GET to endpoint: feed/user/13869174215/?max_id=2442762723070537056_13869174215&min_timestamp=None&rank_token=49051026324_cb9cf4af-5b7a-489a-9e18-edcf705a7a98&ranked_content=true returned response: <Response [200]>
2021-08-08 20:29:43,679 - instabot version: 0.117.0 (api) - DEBUG - GET to endpoint: feed/user/13869174215/?max_id=2438517033692923929_13869174215&min_timestamp=None&rank_token=49051026324_cb9cf4af-5b7a-489a-9e18-edcf705a7a98&ranked_content=true returned response: <Response [200]>
2021-08-08 20:29:43,960 - instabot version: 0.117.0 (api) - DEBUG - GET to endpoint: feed/user/13869174215/?max_id=2434920832857859185_13869174215&min_timestamp=None&rank_token=49051026324_cb9cf4af-5b7a-489a-9e18-edcf705a7a98&ranked_content=true returned response: <Response [200]>
2021-08-08 20:29:44,277 - instabot version: 0.117.0 (api) - DEBUG - GET to endpoint: feed/user/13869174215/?max_id=2431261865070884804_13869174215&min_timestamp=None&rank_token=49051026324_cb9cf4af-5b7a-489a-9e18-edcf705a7a98&ranked_content=true returned response: <Response [200]>
2021-08-08 20:29:44,607 - instabot version: 0.117.0 (api) - DEBUG - GET to endpoint: feed/user/13869174215/?max_id=2427280537099055722_13869174215&min_timestamp=None&rank_token=49051026324_cb9cf4af-5b7a-489a-9e18-edcf705a7a98&ranked_content=true returned response: <Response [200]>
2021-08-08 20:29:44,940 - instabot version: 0.117.0 (api) - DEBUG - GET to endpoint: feed/user/13869174215/?max_id=2424005391845586081_13869174215&min_timestamp=None&rank_token=49051026324_cb9cf4af-5b7a-489a-9e18-edcf705a7a98&ranked_content=true returned response: <Response [200]>
2021-08-08 20:29:45,227 - instabot version: 0.117.0 (api) - DEBUG - GET to endpoint: feed/user/13869174215/?max_id=2420767666307556158_13869174215&min_timestamp=None&rank_token=49051026324_cb9cf4af-5b7a-489a-9e18-edcf705a7a98&ranked_content=true returned response: <Response [200]>
2021-08-08 20:29:45,615 - instabot version: 0.117.0 (api) - DEBUG - GET to endpoint: feed/user/13869174215/?max_id=2417557224753032127_13869174215&min_timestamp=None&rank_token=49051026324_cb9cf4af-5b7a-489a-9e18-edcf705a7a98&ranked_content=true returned response: <Response [200]>
2021-08-08 20:29:45,939 - instabot version: 0.117.0 (api) - DEBUG - GET to endpoint: feed/user/13869174215/?max_id=2413524897803202468_13869174215&min_timestamp=None&rank_token=49051026324_cb9cf4af-5b7a-489a-9e18-edcf705a7a98&ranked_content=true returned response: <Response [200]>
2021-08-08 20:29:46,246 - instabot version: 0.117.0 (api) - DEBUG - GET to endpoint: feed/user/13869174215/?max_id=2409906390624474488_13869174215&min_timestamp=None&rank_token=49051026324_cb9cf4af-5b7a-489a-9e18-edcf705a7a98&ranked_content=true returned response: <Response [200]>
2021-08-08 20:29:46,509 - instabot version: 0.117.0 (api) - DEBUG - GET to endpoint: feed/user/13869174215/?max_id=2405847057270144376_13869174215&min_timestamp=None&rank_token=49051026324_cb9cf4af-5b7a-489a-9e18-edcf705a7a98&ranked_content=true returned response: <Response [200]>
2021-08-08 20:29:46,764 - instabot version: 0.117.0 (api) - DEBUG - GET to endpoint: feed/user/13869174215/?max_id=2401505681258824564_13869174215&min_timestamp=None&rank_token=49051026324_cb9cf4af-5b7a-489a-9e18-edcf705a7a98&ranked_content=true returned response: <Response [200]>
2021-08-08 20:29:47,064 - instabot version: 0.117.0 (api) - DEBUG - GET to endpoint: feed/user/13869174215/?max_id=2397861648174948548_13869174215&min_timestamp=None&rank_token=49051026324_cb9cf4af-5b7a-489a-9e18-edcf705a7a98&ranked_content=true returned response: <Response [200]>
2021-08-08 20:29:47,384 - instabot version: 0.117.0 (api) - DEBUG - GET to endpoint: feed/user/13869174215/?max_id=2394253763768774295_13869174215&min_timestamp=None&rank_token=49051026324_cb9cf4af-5b7a-489a-9e18-edcf705a7a98&ranked_content=true returned response: <Response [200]>
2021-08-08 20:29:47,682 - instabot version: 0.117.0 (api) - DEBUG - GET to endpoint: feed/user/13869174215/?max_id=2389568840218721122_13869174215&min_timestamp=None&rank_token=49051026324_cb9cf4af-5b7a-489a-9e18-edcf705a7a98&ranked_content=true returned response: <Response [200]>
2021-08-08 20:29:47,980 - instabot version: 0.117.0 (api) - DEBUG - GET to endpoint: feed/user/13869174215/?max_id=2385241224074730879_13869174215&min_timestamp=None&rank_token=49051026324_cb9cf4af-5b7a-489a-9e18-edcf705a7a98&ranked_content=true returned response: <Response [200]>
2021-08-08 20:29:48,238 - instabot version: 0.117.0 (api) - DEBUG - GET to endpoint: feed/user/13869174215/?max_id=2380896500597416876_13869174215&min_timestamp=None&rank_token=49051026324_cb9cf4af-5b7a-489a-9e18-edcf705a7a98&ranked_content=true returned response: <Response [200]>
2021-08-08 20:29:48,529 - instabot version: 0.117.0 (api) - DEBUG - GET to endpoint: feed/user/13869174215/?max_id=2376610224578887712_13869174215&min_timestamp=None&rank_token=49051026324_cb9cf4af-5b7a-489a-9e18-edcf705a7a98&ranked_content=true returned response: <Response [200]>
2021-08-08 20:29:48,914 - instabot version: 0.117.0 (api) - DEBUG - GET to endpoint: feed/user/13869174215/?max_id=2372194847807708285_13869174215&min_timestamp=None&rank_token=49051026324_cb9cf4af-5b7a-489a-9e18-edcf705a7a98&ranked_content=true returned response: <Response [200]>
2021-08-08 20:29:49,298 - instabot version: 0.117.0 (api) - DEBUG - GET to endpoint: feed/user/13869174215/?max_id=2368203814308597466_13869174215&min_timestamp=None&rank_token=49051026324_cb9cf4af-5b7a-489a-9e18-edcf705a7a98&ranked_content=true returned response: <Response [200]>
2021-08-08 20:29:49,625 - instabot version: 0.117.0 (api) - DEBUG - GET to endpoint: feed/user/13869174215/?max_id=2364221685417402943_13869174215&min_timestamp=None&rank_token=49051026324_cb9cf4af-5b7a-489a-9e18-edcf705a7a98&ranked_content=true returned response: <Response [200]>
2021-08-08 20:29:49,876 - instabot version: 0.117.0 (api) - DEBUG - GET to endpoint: feed/user/13869174215/?max_id=2360227530920065512_13869174215&min_timestamp=None&rank_token=49051026324_cb9cf4af-5b7a-489a-9e18-edcf705a7a98&ranked_content=true returned response: <Response [200]>
2021-08-08 20:29:50,181 - instabot version: 0.117.0 (api) - DEBUG - GET to endpoint: feed/user/13869174215/?max_id=2356258094605220585_13869174215&min_timestamp=None&rank_token=49051026324_cb9cf4af-5b7a-489a-9e18-edcf705a7a98&ranked_content=true returned response: <Response [200]>
2021-08-08 20:29:50,456 - instabot version: 0.117.0 (api) - DEBUG - GET to endpoint: feed/user/13869174215/?max_id=2352239842162056726_13869174215&min_timestamp=None&rank_token=49051026324_cb9cf4af-5b7a-489a-9e18-edcf705a7a98&ranked_content=true returned response: <Response [200]>
2021-08-08 20:29:50,765 - instabot version: 0.117.0 (api) - DEBUG - GET to endpoint: feed/user/13869174215/?max_id=2347932369305272038_13869174215&min_timestamp=None&rank_token=49051026324_cb9cf4af-5b7a-489a-9e18-edcf705a7a98&ranked_content=true returned response: <Response [200]>
2021-08-08 20:29:51,056 - instabot version: 0.117.0 (api) - DEBUG - GET to endpoint: feed/user/13869174215/?max_id=2343914126366376146_13869174215&min_timestamp=None&rank_token=49051026324_cb9cf4af-5b7a-489a-9e18-edcf705a7a98&ranked_content=true returned response: <Response [200]>
2021-08-08 20:29:51,372 - instabot version: 0.117.0 (api) - DEBUG - GET to endpoint: feed/user/13869174215/?max_id=2339924012896143170_13869174215&min_timestamp=None&rank_token=49051026324_cb9cf4af-5b7a-489a-9e18-edcf705a7a98&ranked_content=true returned response: <Response [200]>
2021-08-08 20:29:51,638 - instabot version: 0.117.0 (api) - DEBUG - GET to endpoint: feed/user/13869174215/?max_id=2335958209729438476_13869174215&min_timestamp=None&rank_token=49051026324_cb9cf4af-5b7a-489a-9e18-edcf705a7a98&ranked_content=true returned response: <Response [200]>
2021-08-08 20:29:51,924 - instabot version: 0.117.0 (api) - DEBUG - GET to endpoint: feed/user/13869174215/?max_id=2331607868460461757_13869174215&min_timestamp=None&rank_token=49051026324_cb9cf4af-5b7a-489a-9e18-edcf705a7a98&ranked_content=true returned response: <Response [200]>
2021-08-08 20:29:52,197 - instabot version: 0.117.0 (api) - DEBUG - GET to endpoint: feed/user/13869174215/?max_id=2328379235595971805_13869174215&min_timestamp=None&rank_token=49051026324_cb9cf4af-5b7a-489a-9e18-edcf705a7a98&ranked_content=true returned response: <Response [200]>
2021-08-08 20:29:52,551 - instabot version: 0.117.0 (api) - DEBUG - GET to endpoint: feed/user/13869174215/?max_id=2324730966164587660_13869174215&min_timestamp=None&rank_token=49051026324_cb9cf4af-5b7a-489a-9e18-edcf705a7a98&ranked_content=true returned response: <Response [200]>
2021-08-08 20:29:52,822 - instabot version: 0.117.0 (api) - DEBUG - GET to endpoint: feed/user/13869174215/?max_id=2321476199749453672_13869174215&min_timestamp=None&rank_token=49051026324_cb9cf4af-5b7a-489a-9e18-edcf705a7a98&ranked_content=true returned response: <Response [200]>
2021-08-08 20:29:53,089 - instabot version: 0.117.0 (api) - DEBUG - GET to endpoint: feed/user/13869174215/?max_id=2319285556990117401_13869174215&min_timestamp=None&rank_token=49051026324_cb9cf4af-5b7a-489a-9e18-edcf705a7a98&ranked_content=true returned response: <Response [200]>
2021-08-08 20:29:53,380 - instabot version: 0.117.0 (api) - DEBUG - GET to endpoint: feed/user/13869174215/?max_id=2316386269113203931_13869174215&min_timestamp=None&rank_token=49051026324_cb9cf4af-5b7a-489a-9e18-edcf705a7a98&ranked_content=true returned response: <Response [200]>
2021-08-08 20:29:53,667 - instabot version: 0.117.0 (api) - DEBUG - GET to endpoint: feed/user/13869174215/?max_id=2314193600110706263_13869174215&min_timestamp=None&rank_token=49051026324_cb9cf4af-5b7a-489a-9e18-edcf705a7a98&ranked_content=true returned response: <Response [200]>
2021-08-08 20:29:53,990 - instabot version: 0.117.0 (api) - DEBUG - GET to endpoint: feed/user/13869174215/?max_id=2312028881824274846_13869174215&min_timestamp=None&rank_token=49051026324_cb9cf4af-5b7a-489a-9e18-edcf705a7a98&ranked_content=true returned response: <Response [200]>
2021-08-08 20:29:54,298 - instabot version: 0.117.0 (api) - DEBUG - GET to endpoint: feed/user/13869174215/?max_id=2309881106688960121_13869174215&min_timestamp=None&rank_token=49051026324_cb9cf4af-5b7a-489a-9e18-edcf705a7a98&ranked_content=true returned response: <Response [200]>
2021-08-08 20:29:54,567 - instabot version: 0.117.0 (api) - DEBUG - GET to endpoint: feed/user/13869174215/?max_id=2307678900057530000_13869174215&min_timestamp=None&rank_token=49051026324_cb9cf4af-5b7a-489a-9e18-edcf705a7a98&ranked_content=true returned response: <Response [200]>
2021-08-08 20:29:54,874 - instabot version: 0.117.0 (api) - DEBUG - GET to endpoint: feed/user/13869174215/?max_id=2305509300993546291_13869174215&min_timestamp=None&rank_token=49051026324_cb9cf4af-5b7a-489a-9e18-edcf705a7a98&ranked_content=true returned response: <Response [200]>
2021-08-08 20:29:55,125 - instabot version: 0.117.0 (api) - DEBUG - GET to endpoint: feed/user/13869174215/?max_id=2303698722130083595_13869174215&min_timestamp=None&rank_token=49051026324_cb9cf4af-5b7a-489a-9e18-edcf705a7a98&ranked_content=true returned response: <Response [200]>
2021-08-08 20:29:55,438 - instabot version: 0.117.0 (api) - DEBUG - GET to endpoint: feed/user/13869174215/?max_id=2301141406520273147_13869174215&min_timestamp=None&rank_token=49051026324_cb9cf4af-5b7a-489a-9e18-edcf705a7a98&ranked_content=true returned response: <Response [200]>
2021-08-08 20:29:55,719 - instabot version: 0.117.0 (api) - DEBUG - GET to endpoint: feed/user/13869174215/?max_id=2298993503525843005_13869174215&min_timestamp=None&rank_token=49051026324_cb9cf4af-5b7a-489a-9e18-edcf705a7a98&ranked_content=true returned response: <Response [200]>
2021-08-08 20:29:55,970 - instabot version: 0.117.0 (api) - DEBUG - GET to endpoint: feed/user/13869174215/?max_id=2296813637426740298_13869174215&min_timestamp=None&rank_token=49051026324_cb9cf4af-5b7a-489a-9e18-edcf705a7a98&ranked_content=true returned response: <Response [200]>
2021-08-08 20:29:56,419 - instabot version: 0.117.0 (api) - DEBUG - GET to endpoint: feed/user/13869174215/?max_id=2294647399090917642_13869174215&min_timestamp=None&rank_token=49051026324_cb9cf4af-5b7a-489a-9e18-edcf705a7a98&ranked_content=true returned response: <Response [200]>
2021-08-08 20:29:56,697 - instabot version: 0.117.0 (api) - DEBUG - GET to endpoint: feed/user/13869174215/?max_id=2292479275767947776_13869174215&min_timestamp=None&rank_token=49051026324_cb9cf4af-5b7a-489a-9e18-edcf705a7a98&ranked_content=true returned response: <Response [200]>
2021-08-08 20:29:56,968 - instabot version: 0.117.0 (api) - DEBUG - GET to endpoint: feed/user/13869174215/?max_id=2290284605604301049_13869174215&min_timestamp=None&rank_token=49051026324_cb9cf4af-5b7a-489a-9e18-edcf705a7a98&ranked_content=true returned response: <Response [200]>
2021-08-08 20:29:57,254 - instabot version: 0.117.0 (api) - DEBUG - GET to endpoint: feed/user/13869174215/?max_id=2288117468345290666_13869174215&min_timestamp=None&rank_token=49051026324_cb9cf4af-5b7a-489a-9e18-edcf705a7a98&ranked_content=true returned response: <Response [200]>
2021-08-08 20:29:57,512 - instabot version: 0.117.0 (api) - DEBUG - GET to endpoint: feed/user/13869174215/?max_id=2285955834810109798_13869174215&min_timestamp=None&rank_token=49051026324_cb9cf4af-5b7a-489a-9e18-edcf705a7a98&ranked_content=true returned response: <Response [200]>
2021-08-08 20:29:57,773 - instabot version: 0.117.0 (api) - DEBUG - GET to endpoint: feed/user/13869174215/?max_id=2283415223997395841_13869174215&min_timestamp=None&rank_token=49051026324_cb9cf4af-5b7a-489a-9e18-edcf705a7a98&ranked_content=true returned response: <Response [200]>
2021-08-08 20:29:58,064 - instabot version: 0.117.0 (api) - DEBUG - GET to endpoint: feed/user/13869174215/?max_id=2281200995609818532_13869174215&min_timestamp=None&rank_token=49051026324_cb9cf4af-5b7a-489a-9e18-edcf705a7a98&ranked_content=true returned response: <Response [200]>
2021-08-08 20:29:58,312 - instabot version: 0.117.0 (api) - DEBUG - GET to endpoint: feed/user/13869174215/?max_id=2279044064098963779_13869174215&min_timestamp=None&rank_token=49051026324_cb9cf4af-5b7a-489a-9e18-edcf705a7a98&ranked_content=true returned response: <Response [200]>
2021-08-08 20:29:58,635 - instabot version: 0.117.0 (api) - DEBUG - GET to endpoint: feed/user/13869174215/?max_id=2276848883413051982_13869174215&min_timestamp=None&rank_token=49051026324_cb9cf4af-5b7a-489a-9e18-edcf705a7a98&ranked_content=true returned response: <Response [200]>
2021-08-08 20:29:58,888 - instabot version: 0.117.0 (api) - DEBUG - GET to endpoint: feed/user/13869174215/?max_id=2275105717928542365_13869174215&min_timestamp=None&rank_token=49051026324_cb9cf4af-5b7a-489a-9e18-edcf705a7a98&ranked_content=true returned response: <Response [200]>
2021-08-08 20:29:59,126 - instabot version: 0.117.0 (api) - DEBUG - GET to endpoint: feed/user/13869174215/?max_id=2272913518126101069_13869174215&min_timestamp=None&rank_token=49051026324_cb9cf4af-5b7a-489a-9e18-edcf705a7a98&ranked_content=true returned response: <Response [200]>
2021-08-08 20:29:59,380 - instabot version: 0.117.0 (api) - DEBUG - GET to endpoint: feed/user/13869174215/?max_id=2270380244401011081_13869174215&min_timestamp=None&rank_token=49051026324_cb9cf4af-5b7a-489a-9e18-edcf705a7a98&ranked_content=true returned response: <Response [200]>
2021-08-08 20:29:59,641 - instabot version: 0.117.0 (api) - DEBUG - GET to endpoint: feed/user/13869174215/?max_id=2267864754692595415_13869174215&min_timestamp=None&rank_token=49051026324_cb9cf4af-5b7a-489a-9e18-edcf705a7a98&ranked_content=true returned response: <Response [200]>
2021-08-08 20:29:59,924 - instabot version: 0.117.0 (api) - DEBUG - GET to endpoint: feed/user/13869174215/?max_id=2265569927863173338_13869174215&min_timestamp=None&rank_token=49051026324_cb9cf4af-5b7a-489a-9e18-edcf705a7a98&ranked_content=true returned response: <Response [200]>
2021-08-08 20:30:00,195 - instabot version: 0.117.0 (api) - DEBUG - GET to endpoint: feed/user/13869174215/?max_id=2263422735895422787_13869174215&min_timestamp=None&rank_token=49051026324_cb9cf4af-5b7a-489a-9e18-edcf705a7a98&ranked_content=true returned response: <Response [200]>
2021-08-08 20:30:00,442 - instabot version: 0.117.0 (api) - DEBUG - GET to endpoint: feed/user/13869174215/?max_id=2261642293601037769_13869174215&min_timestamp=None&rank_token=49051026324_cb9cf4af-5b7a-489a-9e18-edcf705a7a98&ranked_content=true returned response: <Response [200]>
2021-08-08 20:30:00,689 - instabot version: 0.117.0 (api) - DEBUG - GET to endpoint: feed/user/13869174215/?max_id=2259516959720006649_13869174215&min_timestamp=None&rank_token=49051026324_cb9cf4af-5b7a-489a-9e18-edcf705a7a98&ranked_content=true returned response: <Response [200]>
2021-08-08 20:30:00,960 - instabot version: 0.117.0 (api) - DEBUG - GET to endpoint: feed/user/13869174215/?max_id=2257282122435214448_13869174215&min_timestamp=None&rank_token=49051026324_cb9cf4af-5b7a-489a-9e18-edcf705a7a98&ranked_content=true returned response: <Response [200]>
2021-08-08 20:30:01,258 - instabot version: 0.117.0 (api) - DEBUG - GET to endpoint: feed/user/13869174215/?max_id=2255544951315479537_13869174215&min_timestamp=None&rank_token=49051026324_cb9cf4af-5b7a-489a-9e18-edcf705a7a98&ranked_content=true returned response: <Response [200]>
2021-08-08 20:30:01,577 - instabot version: 0.117.0 (api) - DEBUG - GET to endpoint: feed/user/13869174215/?max_id=2252999937985230814_13869174215&min_timestamp=None&rank_token=49051026324_cb9cf4af-5b7a-489a-9e18-edcf705a7a98&ranked_content=true returned response: <Response [200]>
2021-08-08 20:30:01,903 - instabot version: 0.117.0 (api) - DEBUG - GET to endpoint: feed/user/13869174215/?max_id=2250840962925613198_13869174215&min_timestamp=None&rank_token=49051026324_cb9cf4af-5b7a-489a-9e18-edcf705a7a98&ranked_content=true returned response: <Response [200]>
2021-08-08 20:30:02,204 - instabot version: 0.117.0 (api) - DEBUG - GET to endpoint: feed/user/13869174215/?max_id=2248652537275604318_13869174215&min_timestamp=None&rank_token=49051026324_cb9cf4af-5b7a-489a-9e18-edcf705a7a98&ranked_content=true returned response: <Response [200]>
2021-08-08 20:30:02,544 - instabot version: 0.117.0 (api) - DEBUG - GET to endpoint: feed/user/13869174215/?max_id=2245744852569688800_13869174215&min_timestamp=None&rank_token=49051026324_cb9cf4af-5b7a-489a-9e18-edcf705a7a98&ranked_content=true returned response: <Response [200]>
2021-08-08 20:30:02,784 - instabot version: 0.117.0 (api) - DEBUG - GET to endpoint: feed/user/13869174215/?max_id=2243508331120950980_13869174215&min_timestamp=None&rank_token=49051026324_cb9cf4af-5b7a-489a-9e18-edcf705a7a98&ranked_content=true returned response: <Response [200]>
2021-08-08 20:30:03,205 - instabot version: 0.117.0 (api) - DEBUG - GET to endpoint: feed/user/13869174215/?max_id=2241037100647821231_13869174215&min_timestamp=None&rank_token=49051026324_cb9cf4af-5b7a-489a-9e18-edcf705a7a98&ranked_content=true returned response: <Response [200]>
2021-08-08 20:30:03,448 - instabot version: 0.117.0 (api) - DEBUG - GET to endpoint: feed/user/13869174215/?max_id=2238872139167200337_13869174215&min_timestamp=None&rank_token=49051026324_cb9cf4af-5b7a-489a-9e18-edcf705a7a98&ranked_content=true returned response: <Response [200]>
2021-08-08 20:30:03,750 - instabot version: 0.117.0 (api) - DEBUG - GET to endpoint: feed/user/13869174215/?max_id=2235944676942533284_13869174215&min_timestamp=None&rank_token=49051026324_cb9cf4af-5b7a-489a-9e18-edcf705a7a98&ranked_content=true returned response: <Response [200]>
2021-08-08 20:30:04,064 - instabot version: 0.117.0 (api) - DEBUG - GET to endpoint: feed/user/13869174215/?max_id=2233816588645504128_13869174215&min_timestamp=None&rank_token=49051026324_cb9cf4af-5b7a-489a-9e18-edcf705a7a98&ranked_content=true returned response: <Response [200]>
2021-08-08 20:30:04,401 - instabot version: 0.117.0 (api) - DEBUG - GET to endpoint: feed/user/13869174215/?max_id=2231580339624961569_13869174215&min_timestamp=None&rank_token=49051026324_cb9cf4af-5b7a-489a-9e18-edcf705a7a98&ranked_content=true returned response: <Response [200]>
2021-08-08 20:30:04,781 - instabot version: 0.117.0 (api) - DEBUG - GET to endpoint: feed/user/13869174215/?max_id=2229277999211403835_13869174215&min_timestamp=None&rank_token=49051026324_cb9cf4af-5b7a-489a-9e18-edcf705a7a98&ranked_content=true returned response: <Response [200]>
2021-08-08 20:30:05,114 - instabot version: 0.117.0 (api) - DEBUG - GET to endpoint: feed/user/13869174215/?max_id=2226832641361247307_13869174215&min_timestamp=None&rank_token=49051026324_cb9cf4af-5b7a-489a-9e18-edcf705a7a98&ranked_content=true returned response: <Response [200]>
2021-08-08 20:30:05,413 - instabot version: 0.117.0 (api) - DEBUG - GET to endpoint: feed/user/13869174215/?max_id=2225107040698903571_13869174215&min_timestamp=None&rank_token=49051026324_cb9cf4af-5b7a-489a-9e18-edcf705a7a98&ranked_content=true returned response: <Response [200]>
2021-08-08 20:30:05,673 - instabot version: 0.117.0 (api) - DEBUG - GET to endpoint: feed/user/13869174215/?max_id=2223487028225646761_13869174215&min_timestamp=None&rank_token=49051026324_cb9cf4af-5b7a-489a-9e18-edcf705a7a98&ranked_content=true returned response: <Response [200]>
2021-08-08 20:30:05,935 - instabot version: 0.117.0 (api) - DEBUG - GET to endpoint: feed/user/13869174215/?max_id=2221400329203107780_13869174215&min_timestamp=None&rank_token=49051026324_cb9cf4af-5b7a-489a-9e18-edcf705a7a98&ranked_content=true returned response: <Response [200]>
2021-08-08 20:30:06,225 - instabot version: 0.117.0 (api) - DEBUG - GET to endpoint: feed/user/13869174215/?max_id=2219852942957491541_13869174215&min_timestamp=None&rank_token=49051026324_cb9cf4af-5b7a-489a-9e18-edcf705a7a98&ranked_content=true returned response: <Response [200]>
2021-08-08 20:30:06,524 - instabot version: 0.117.0 (api) - DEBUG - GET to endpoint: feed/user/13869174215/?max_id=2217605560870067102_13869174215&min_timestamp=None&rank_token=49051026324_cb9cf4af-5b7a-489a-9e18-edcf705a7a98&ranked_content=true returned response: <Response [200]>
2021-08-08 20:30:06,767 - instabot version: 0.117.0 (api) - DEBUG - GET to endpoint: feed/user/13869174215/?max_id=2215372736716788647_13869174215&min_timestamp=None&rank_token=49051026324_cb9cf4af-5b7a-489a-9e18-edcf705a7a98&ranked_content=true returned response: <Response [200]>
2021-08-08 20:30:07,028 - instabot version: 0.117.0 (api) - DEBUG - GET to endpoint: feed/user/13869174215/?max_id=2213487086606244743_13869174215&min_timestamp=None&rank_token=49051026324_cb9cf4af-5b7a-489a-9e18-edcf705a7a98&ranked_content=true returned response: <Response [200]>
2021-08-08 20:30:07,284 - instabot version: 0.117.0 (api) - DEBUG - GET to endpoint: feed/user/13869174215/?max_id=2211382866172234344_13869174215&min_timestamp=None&rank_token=49051026324_cb9cf4af-5b7a-489a-9e18-edcf705a7a98&ranked_content=true returned response: <Response [200]>
2021-08-08 20:30:07,563 - instabot version: 0.117.0 (api) - DEBUG - GET to endpoint: feed/user/13869174215/?max_id=2208821813630591191_13869174215&min_timestamp=None&rank_token=49051026324_cb9cf4af-5b7a-489a-9e18-edcf705a7a98&ranked_content=true returned response: <Response [200]>
2021-08-08 20:30:07,957 - instabot version: 0.117.0 (api) - DEBUG - GET to endpoint: feed/user/13869174215/?max_id=2205533247701853222_13869174215&min_timestamp=None&rank_token=49051026324_cb9cf4af-5b7a-489a-9e18-edcf705a7a98&ranked_content=true returned response: <Response [200]>
2021-08-08 20:30:08,238 - instabot version: 0.117.0 (api) - DEBUG - GET to endpoint: feed/user/13869174215/?max_id=2202244510988212128_13869174215&min_timestamp=None&rank_token=49051026324_cb9cf4af-5b7a-489a-9e18-edcf705a7a98&ranked_content=true returned response: <Response [200]>
2021-08-08 20:30:08,499 - instabot version: 0.117.0 (api) - DEBUG - GET to endpoint: feed/user/13869174215/?max_id=2198671066364553986_13869174215&min_timestamp=None&rank_token=49051026324_cb9cf4af-5b7a-489a-9e18-edcf705a7a98&ranked_content=true returned response: <Response [200]>
2021-08-08 20:30:08,743 - instabot version: 0.117.0 (api) - DEBUG - GET to endpoint: feed/user/13869174215/?max_id=2193569676452251516_13869174215&min_timestamp=None&rank_token=49051026324_cb9cf4af-5b7a-489a-9e18-edcf705a7a98&ranked_content=true returned response: <Response [200]>
2021-08-08 20:30:09,026 - instabot version: 0.117.0 (api) - DEBUG - GET to endpoint: feed/user/13869174215/?max_id=2188643408935258485_13869174215&min_timestamp=None&rank_token=49051026324_cb9cf4af-5b7a-489a-9e18-edcf705a7a98&ranked_content=true returned response: <Response [200]>
2021-08-08 20:30:09,535 - instabot version: 0.117.0 (api) - DEBUG - GET to endpoint: feed/user/13869174215/?max_id=2183817753131431701_13869174215&min_timestamp=None&rank_token=49051026324_cb9cf4af-5b7a-489a-9e18-edcf705a7a98&ranked_content=true returned response: <Response [200]>
2021-08-08 20:30:12,302 - instabot version: 0.117.0 (api) - DEBUG - GET to endpoint: media/2635703936055844989_13869174215/info/ returned response: <Response [200]>
2021-08-08 20:30:12,621 - instabot version: 0.117.0 (bot_checkpoint) - DEBUG - Saving Checkpoint file to: D:\Programming\2021\InstaBot/config/vocabexpansion.checkpoint
2021-08-08 20:30:12,622 - instabot version: 0.117.0 (bot) - INFO - Total requests: 1490
