2021-08-10 19:30:56,585 - instabot version: 0.117.0 (bot) - INFO - Instabot version: 0.117.0 Started
2021-08-10 19:30:56,585 - instabot version: 0.117.0 (bot) - DEBUG - Bot imported from C:\Users\skyem\AppData\Local\Programs\Python\Python39\lib\site-packages\instabot\bot\bot.py
2021-08-10 19:30:57,912 - instabot version: 0.117.0 (api_login) - INFO - Not yet logged in starting: PRE-LOGIN FLOW!
2021-08-10 19:30:58,147 - instabot version: 0.117.0 (api) - DEBUG - POST to endpoint: accounts/get_prefill_candidates/ returned response: <Response [200]>
2021-08-10 19:30:58,292 - instabot version: 0.117.0 (api) - DEBUG - POST to endpoint: qe/sync/ returned response: <Response [200]>
2021-08-10 19:30:58,449 - instabot version: 0.117.0 (api) - DEBUG - POST to endpoint: launcher/sync/ returned response: <Response [200]>
2021-08-10 19:30:58,587 - instabot version: 0.117.0 (api) - DEBUG - POST to endpoint: accounts/contact_point_prefill/ returned response: <Response [200]>
2021-08-10 19:31:00,092 - instabot version: 0.117.0 (api) - DEBUG - POST to endpoint: accounts/login/ returned response: <Response [200]>
2021-08-10 19:31:00,093 - instabot version: 0.117.0 (api) - INFO - Logged-in successfully as 'derbgang'!
2021-08-10 19:31:00,093 - instabot version: 0.117.0 (api_login) - INFO - LOGIN FLOW! Just logged-in: True
2021-08-10 19:31:00,254 - instabot version: 0.117.0 (api) - DEBUG - POST to endpoint: qe/sync/ returned response: <Response [200]>
2021-08-10 19:31:00,450 - instabot version: 0.117.0 (api) - DEBUG - POST to endpoint: launcher/sync/ returned response: <Response [200]>
2021-08-10 19:31:00,605 - instabot version: 0.117.0 (api) - DEBUG - GET to endpoint: zr/token/result/?device_id=android-482d8e988b586de3&token_hash=&custom_device_id=android-482d8e988b586de3&fetch_reason=token_expired returned response: <Response [200]>
2021-08-10 19:31:00,747 - instabot version: 0.117.0 (api) - DEBUG - GET to endpoint: multiple_accounts/get_account_family/ returned response: <Response [200]>
2021-08-10 19:31:00,911 - instabot version: 0.117.0 (api) - DEBUG - POST to endpoint: qe/sync/ returned response: <Response [200]>
2021-08-10 19:31:01,397 - instabot version: 0.117.0 (api) - DEBUG - GET to endpoint: igtv/browse_feed/?prefetch=1 returned response: <Response [200]>
2021-08-10 19:31:01,557 - instabot version: 0.117.0 (api) - DEBUG - POST to endpoint: creatives/ar_class/ returned response: <Response [200]>
2021-08-10 19:31:02,242 - instabot version: 0.117.0 (api) - DEBUG - POST to endpoint: feed/reels_tray/ returned response: <Response [200]>
2021-08-10 19:31:03,554 - instabot version: 0.117.0 (api) - DEBUG - POST to endpoint: feed/timeline/ returned response: <Response [200]>
2021-08-10 19:31:03,709 - instabot version: 0.117.0 (api) - DEBUG - GET to endpoint: media/blocked/ returned response: <Response [200]>
2021-08-10 19:31:04,316 - instabot version: 0.117.0 (api) - DEBUG - GET to endpoint: news/inbox/ returned response: <Response [200]>
2021-08-10 19:31:04,482 - instabot version: 0.117.0 (api) - DEBUG - GET to endpoint: loom/fetch_config/ returned response: <Response [200]>
2021-08-10 19:31:04,864 - instabot version: 0.117.0 (api) - DEBUG - GET to endpoint: scores/bootstrap/users/?surfaces=["autocomplete_user_list","coefficient_besties_list_ranking","coefficient_rank_recipient_user_suggestion","coefficient_ios_section_test_bootstrap_ranking","coefficient_direct_recipients_ranking_variant_2"] returned response: <Response [200]>
2021-08-10 19:31:05,057 - instabot version: 0.117.0 (api) - DEBUG - GET to endpoint: business/eligibility/get_monetization_products_eligibility_data/?product_types=branded_content returned response: <Response [200]>
2021-08-10 19:31:05,210 - instabot version: 0.117.0 (api) - DEBUG - GET to endpoint: business/branded_content/should_require_professional_account/ returned response: <Response [200]>
2021-08-10 19:31:05,368 - instabot version: 0.117.0 (api) - DEBUG - GET to endpoint: linked_accounts/get_linkage_status/ returned response: <Response [200]>
2021-08-10 19:31:05,506 - instabot version: 0.117.0 (api) - DEBUG - GET to endpoint: locations/request_country/ returned response: <Response [200]>
2021-08-10 19:31:05,653 - instabot version: 0.117.0 (api) - DEBUG - GET to endpoint: qp/get_cooldowns/?signed_body=signed_body=4b9c516a5410a3bc128e09c6104a7f042146b9c2023870560c63a43a7f66781c.4&ig_sig_key_version=4&ig_sig_key_version=4 returned response: <Response [200]>
2021-08-10 19:31:05,797 - instabot version: 0.117.0 (api) - DEBUG - GET to endpoint: users/arlink_download_info/?version_override=2.2.1 returned response: <Response [200]>
2021-08-10 19:31:06,084 - instabot version: 0.117.0 (api) - DEBUG - GET to endpoint: users/49050629623/info/ returned response: <Response [200]>
2021-08-10 19:31:06,659 - instabot version: 0.117.0 (api) - DEBUG - GET to endpoint: direct_v2/get_presence/ returned response: <Response [200]>
2021-08-10 19:31:07,425 - instabot version: 0.117.0 (api) - DEBUG - GET to endpoint: direct_v2/inbox/?visual_message_return_type=unseen&thread_message_limit=10&persistentBadging=true&limit=20 returned response: <Response [200]>
2021-08-10 19:31:07,630 - instabot version: 0.117.0 (api) - DEBUG - GET to endpoint: direct_v2/inbox/?visual_message_return_type=unseen&persistentBadging=true&limit=0 returned response: <Response [200]>
2021-08-10 19:31:07,880 - instabot version: 0.117.0 (api) - DEBUG - GET to endpoint: discover/topical_explore/?is_prefetch=true&omit_cover_media=true&use_sectional_payload=true&timezone_offset=0&session_id=c8a03c34-7d1f-4922-84ed-3ae34fa30a37&include_fixed_destinations=true returned response: <Response [200]>
2021-08-10 19:31:08,104 - instabot version: 0.117.0 (api) - DEBUG - POST to endpoint: notifications/badge/ returned response: <Response [200]>
2021-08-10 19:31:08,325 - instabot version: 0.117.0 (api) - DEBUG - POST to endpoint: qp/batch_fetch/ returned response: <Response [200]>
2021-08-10 19:31:08,326 - instabot version: 0.117.0 (bot_checkpoint) - DEBUG - Loading Checkpoint file from: D:\Programming\2021\InstaBot/config/derbgang.checkpoint
2021-08-10 19:31:39,286 - instabot version: 0.117.0 (api) - DEBUG - GET to endpoint: users/savagerealms.jemima/usernameinfo/ returned response: <Response [200]>
2021-08-10 19:31:40,705 - instabot version: 0.117.0 (api) - DEBUG - GET to endpoint: feed/user/11903691706/?max_id=&min_timestamp=None&rank_token=49050629623_650f15fe-c935-425e-90cc-0fe0807155fc&ranked_content=true returned response: <Response [200]>
2021-08-10 19:31:41,464 - instabot version: 0.117.0 (api) - DEBUG - GET to endpoint: feed/user/11903691706/?max_id=2589614095055212282_11903691706&min_timestamp=None&rank_token=49050629623_650f15fe-c935-425e-90cc-0fe0807155fc&ranked_content=true returned response: <Response [200]>
2021-08-10 19:31:42,143 - instabot version: 0.117.0 (api) - DEBUG - GET to endpoint: feed/user/11903691706/?max_id=2546844263205701543_11903691706&min_timestamp=None&rank_token=49050629623_650f15fe-c935-425e-90cc-0fe0807155fc&ranked_content=true returned response: <Response [200]>
2021-08-10 19:31:42,800 - instabot version: 0.117.0 (api) - DEBUG - GET to endpoint: feed/user/11903691706/?max_id=2504089968475767028_11903691706&min_timestamp=None&rank_token=49050629623_650f15fe-c935-425e-90cc-0fe0807155fc&ranked_content=true returned response: <Response [200]>
2021-08-10 19:31:43,511 - instabot version: 0.117.0 (api) - DEBUG - GET to endpoint: feed/user/11903691706/?max_id=2481636672636564778_11903691706&min_timestamp=None&rank_token=49050629623_650f15fe-c935-425e-90cc-0fe0807155fc&ranked_content=true returned response: <Response [200]>
2021-08-10 19:31:44,119 - instabot version: 0.117.0 (api) - DEBUG - GET to endpoint: feed/user/11903691706/?max_id=2449790645995116267_11903691706&min_timestamp=None&rank_token=49050629623_650f15fe-c935-425e-90cc-0fe0807155fc&ranked_content=true returned response: <Response [200]>
2021-08-10 19:31:44,678 - instabot version: 0.117.0 (api) - DEBUG - GET to endpoint: feed/user/11903691706/?max_id=2418622022374716602_11903691706&min_timestamp=None&rank_token=49050629623_650f15fe-c935-425e-90cc-0fe0807155fc&ranked_content=true returned response: <Response [200]>
2021-08-10 19:31:45,371 - instabot version: 0.117.0 (api) - DEBUG - GET to endpoint: feed/user/11903691706/?max_id=2404833163803378008_11903691706&min_timestamp=None&rank_token=49050629623_650f15fe-c935-425e-90cc-0fe0807155fc&ranked_content=true returned response: <Response [200]>
2021-08-10 19:31:46,355 - instabot version: 0.117.0 (api) - DEBUG - GET to endpoint: feed/user/11903691706/?max_id=2393836932940241052_11903691706&min_timestamp=None&rank_token=49050629623_650f15fe-c935-425e-90cc-0fe0807155fc&ranked_content=true returned response: <Response [200]>
2021-08-10 19:31:47,071 - instabot version: 0.117.0 (api) - DEBUG - GET to endpoint: feed/user/11903691706/?max_id=2374251292317278856_11903691706&min_timestamp=None&rank_token=49050629623_650f15fe-c935-425e-90cc-0fe0807155fc&ranked_content=true returned response: <Response [200]>
2021-08-10 19:31:47,779 - instabot version: 0.117.0 (api) - DEBUG - GET to endpoint: feed/user/11903691706/?max_id=2367216812385838864_11903691706&min_timestamp=None&rank_token=49050629623_650f15fe-c935-425e-90cc-0fe0807155fc&ranked_content=true returned response: <Response [200]>
2021-08-10 19:31:48,481 - instabot version: 0.117.0 (api) - DEBUG - GET to endpoint: feed/user/11903691706/?max_id=2362777918613246077_11903691706&min_timestamp=None&rank_token=49050629623_650f15fe-c935-425e-90cc-0fe0807155fc&ranked_content=true returned response: <Response [200]>
2021-08-10 19:31:49,133 - instabot version: 0.117.0 (api) - DEBUG - GET to endpoint: feed/user/11903691706/?max_id=2358374579603762635_11903691706&min_timestamp=None&rank_token=49050629623_650f15fe-c935-425e-90cc-0fe0807155fc&ranked_content=true returned response: <Response [200]>
2021-08-10 19:31:49,868 - instabot version: 0.117.0 (api) - DEBUG - GET to endpoint: feed/user/11903691706/?max_id=2354793115234564372_11903691706&min_timestamp=None&rank_token=49050629623_650f15fe-c935-425e-90cc-0fe0807155fc&ranked_content=true returned response: <Response [200]>
2021-08-10 19:31:50,608 - instabot version: 0.117.0 (api) - DEBUG - GET to endpoint: feed/user/11903691706/?max_id=2350470910883181649_11903691706&min_timestamp=None&rank_token=49050629623_650f15fe-c935-425e-90cc-0fe0807155fc&ranked_content=true returned response: <Response [200]>
2021-08-10 19:31:51,461 - instabot version: 0.117.0 (api) - DEBUG - GET to endpoint: feed/user/11903691706/?max_id=2343953624554994548_11903691706&min_timestamp=None&rank_token=49050629623_650f15fe-c935-425e-90cc-0fe0807155fc&ranked_content=true returned response: <Response [200]>
2021-08-10 19:31:52,222 - instabot version: 0.117.0 (api) - DEBUG - GET to endpoint: feed/user/11903691706/?max_id=2340180248614939335_11903691706&min_timestamp=None&rank_token=49050629623_650f15fe-c935-425e-90cc-0fe0807155fc&ranked_content=true returned response: <Response [200]>
2021-08-10 19:31:53,009 - instabot version: 0.117.0 (api) - DEBUG - GET to endpoint: feed/user/11903691706/?max_id=2337353135499429186_11903691706&min_timestamp=None&rank_token=49050629623_650f15fe-c935-425e-90cc-0fe0807155fc&ranked_content=true returned response: <Response [200]>
2021-08-10 19:31:53,641 - instabot version: 0.117.0 (api) - DEBUG - GET to endpoint: feed/user/11903691706/?max_id=2333765418622414159_11903691706&min_timestamp=None&rank_token=49050629623_650f15fe-c935-425e-90cc-0fe0807155fc&ranked_content=true returned response: <Response [200]>
2021-08-10 19:31:54,228 - instabot version: 0.117.0 (api) - DEBUG - GET to endpoint: feed/user/11903691706/?max_id=2329368830571640461_11903691706&min_timestamp=None&rank_token=49050629623_650f15fe-c935-425e-90cc-0fe0807155fc&ranked_content=true returned response: <Response [200]>
2021-08-10 19:31:54,715 - instabot version: 0.117.0 (api) - DEBUG - GET to endpoint: feed/user/11903691706/?max_id=2317103032767590745_11903691706&min_timestamp=None&rank_token=49050629623_650f15fe-c935-425e-90cc-0fe0807155fc&ranked_content=true returned response: <Response [200]>
2021-08-10 19:31:55,330 - instabot version: 0.117.0 (api) - DEBUG - GET to endpoint: feed/user/11903691706/?max_id=2310695489606473092_11903691706&min_timestamp=None&rank_token=49050629623_650f15fe-c935-425e-90cc-0fe0807155fc&ranked_content=true returned response: <Response [200]>
2021-08-10 19:31:56,010 - instabot version: 0.117.0 (api) - DEBUG - GET to endpoint: feed/user/11903691706/?max_id=2305595880152441760_11903691706&min_timestamp=None&rank_token=49050629623_650f15fe-c935-425e-90cc-0fe0807155fc&ranked_content=true returned response: <Response [200]>
2021-08-10 19:31:56,793 - instabot version: 0.117.0 (api) - DEBUG - GET to endpoint: feed/user/11903691706/?max_id=2301214794676919301_11903691706&min_timestamp=None&rank_token=49050629623_650f15fe-c935-425e-90cc-0fe0807155fc&ranked_content=true returned response: <Response [200]>
2021-08-10 19:31:57,388 - instabot version: 0.117.0 (api) - DEBUG - GET to endpoint: feed/user/11903691706/?max_id=2296128691678526935_11903691706&min_timestamp=None&rank_token=49050629623_650f15fe-c935-425e-90cc-0fe0807155fc&ranked_content=true returned response: <Response [200]>
2021-08-10 19:31:58,100 - instabot version: 0.117.0 (api) - DEBUG - GET to endpoint: feed/user/11903691706/?max_id=2288915337885212710_11903691706&min_timestamp=None&rank_token=49050629623_650f15fe-c935-425e-90cc-0fe0807155fc&ranked_content=true returned response: <Response [200]>
2021-08-10 19:31:58,893 - instabot version: 0.117.0 (api) - DEBUG - GET to endpoint: feed/user/11903691706/?max_id=2283158334956919968_11903691706&min_timestamp=None&rank_token=49050629623_650f15fe-c935-425e-90cc-0fe0807155fc&ranked_content=true returned response: <Response [200]>
2021-08-10 19:31:59,420 - instabot version: 0.117.0 (api) - DEBUG - GET to endpoint: feed/user/11903691706/?max_id=2259923806746785037_11903691706&min_timestamp=None&rank_token=49050629623_650f15fe-c935-425e-90cc-0fe0807155fc&ranked_content=true returned response: <Response [200]>
2021-08-10 19:32:00,028 - instabot version: 0.117.0 (api) - DEBUG - GET to endpoint: feed/user/11903691706/?max_id=2254005344027422237_11903691706&min_timestamp=None&rank_token=49050629623_650f15fe-c935-425e-90cc-0fe0807155fc&ranked_content=true returned response: <Response [200]>
2021-08-10 19:32:00,665 - instabot version: 0.117.0 (api) - DEBUG - GET to endpoint: feed/user/11903691706/?max_id=2188824952287244054_11903691706&min_timestamp=None&rank_token=49050629623_650f15fe-c935-425e-90cc-0fe0807155fc&ranked_content=true returned response: <Response [200]>
2021-08-10 19:32:01,303 - instabot version: 0.117.0 (api) - DEBUG - GET to endpoint: feed/user/11903691706/?max_id=2179530985984972246_11903691706&min_timestamp=None&rank_token=49050629623_650f15fe-c935-425e-90cc-0fe0807155fc&ranked_content=true returned response: <Response [200]>
2021-08-10 19:32:01,538 - instabot version: 0.117.0 (api) - DEBUG - GET to endpoint: feed/user/11903691706/?max_id=2167156039925270625_11903691706&min_timestamp=None&rank_token=49050629623_650f15fe-c935-425e-90cc-0fe0807155fc&ranked_content=true returned response: <Response [200]>
2021-08-10 19:32:01,775 - instabot version: 0.117.0 (api) - DEBUG - GET to endpoint: users/phrankier/usernameinfo/ returned response: <Response [200]>
2021-08-10 19:32:02,768 - instabot version: 0.117.0 (api) - DEBUG - GET to endpoint: media/2346851270831422757_11903691706/info/ returned response: <Response [200]>
2021-08-10 19:32:04,257 - instabot version: 0.117.0 (api) - DEBUG - POST to endpoint: direct_v2/threads/broadcast/media_share/ returned response: <Response [200]>
