2021-08-08 20:19:41,312 - instabot version: 0.117.0 (bot) - INFO - Instabot version: 0.117.0 Started
2021-08-08 20:19:41,312 - instabot version: 0.117.0 (bot) - DEBUG - Bot imported from C:\Users\skyem\AppData\Local\Programs\Python\Python39\lib\site-packages\instabot\bot\bot.py
2021-08-08 20:19:42,614 - instabot version: 0.117.0 (api_login) - INFO - Not yet logged in starting: PRE-LOGIN FLOW!
2021-08-08 20:19:42,841 - instabot version: 0.117.0 (api) - DEBUG - POST to endpoint: accounts/get_prefill_candidates/ returned response: <Response [200]>
2021-08-08 20:19:42,997 - instabot version: 0.117.0 (api) - DEBUG - POST to endpoint: qe/sync/ returned response: <Response [200]>
2021-08-08 20:19:43,148 - instabot version: 0.117.0 (api) - DEBUG - POST to endpoint: launcher/sync/ returned response: <Response [200]>
2021-08-08 20:19:43,306 - instabot version: 0.117.0 (api) - DEBUG - POST to endpoint: accounts/contact_point_prefill/ returned response: <Response [200]>
2021-08-08 20:19:44,870 - instabot version: 0.117.0 (api) - DEBUG - POST to endpoint: accounts/login/ returned response: <Response [200]>
2021-08-08 20:19:44,870 - instabot version: 0.117.0 (api) - INFO - Logged-in successfully as 'vocabexpansion'!
2021-08-08 20:19:44,870 - instabot version: 0.117.0 (api_login) - INFO - LOGIN FLOW! Just logged-in: True
2021-08-08 20:19:45,061 - instabot version: 0.117.0 (api) - DEBUG - POST to endpoint: qe/sync/ returned response: <Response [200]>
2021-08-08 20:19:45,304 - instabot version: 0.117.0 (api) - DEBUG - POST to endpoint: launcher/sync/ returned response: <Response [200]>
2021-08-08 20:19:45,462 - instabot version: 0.117.0 (api) - DEBUG - GET to endpoint: zr/token/result/?device_id=android-e377a40ffa4f9abc&token_hash=&custom_device_id=android-e377a40ffa4f9abc&fetch_reason=token_expired returned response: <Response [200]>
2021-08-08 20:19:45,606 - instabot version: 0.117.0 (api) - DEBUG - GET to endpoint: multiple_accounts/get_account_family/ returned response: <Response [200]>
2021-08-08 20:19:45,781 - instabot version: 0.117.0 (api) - DEBUG - POST to endpoint: qe/sync/ returned response: <Response [200]>
2021-08-08 20:19:46,296 - instabot version: 0.117.0 (api) - DEBUG - GET to endpoint: igtv/browse_feed/?prefetch=1 returned response: <Response [200]>
2021-08-08 20:19:46,447 - instabot version: 0.117.0 (api) - DEBUG - POST to endpoint: creatives/ar_class/ returned response: <Response [200]>
2021-08-08 20:19:47,232 - instabot version: 0.117.0 (api) - DEBUG - POST to endpoint: feed/reels_tray/ returned response: <Response [200]>
2021-08-08 20:19:48,565 - instabot version: 0.117.0 (api) - DEBUG - POST to endpoint: feed/timeline/ returned response: <Response [200]>
2021-08-08 20:19:48,725 - instabot version: 0.117.0 (api) - DEBUG - GET to endpoint: media/blocked/ returned response: <Response [200]>
2021-08-08 20:19:49,120 - instabot version: 0.117.0 (api) - DEBUG - GET to endpoint: news/inbox/ returned response: <Response [200]>
2021-08-08 20:19:49,284 - instabot version: 0.117.0 (api) - DEBUG - GET to endpoint: loom/fetch_config/ returned response: <Response [200]>
2021-08-08 20:19:49,690 - instabot version: 0.117.0 (api) - DEBUG - GET to endpoint: scores/bootstrap/users/?surfaces=["autocomplete_user_list","coefficient_besties_list_ranking","coefficient_rank_recipient_user_suggestion","coefficient_ios_section_test_bootstrap_ranking","coefficient_direct_recipients_ranking_variant_2"] returned response: <Response [200]>
2021-08-08 20:19:49,867 - instabot version: 0.117.0 (api) - DEBUG - GET to endpoint: business/eligibility/get_monetization_products_eligibility_data/?product_types=branded_content returned response: <Response [200]>
2021-08-08 20:19:50,010 - instabot version: 0.117.0 (api) - DEBUG - GET to endpoint: business/branded_content/should_require_professional_account/ returned response: <Response [200]>
2021-08-08 20:19:50,159 - instabot version: 0.117.0 (api) - DEBUG - GET to endpoint: linked_accounts/get_linkage_status/ returned response: <Response [200]>
2021-08-08 20:19:50,317 - instabot version: 0.117.0 (api) - DEBUG - GET to endpoint: locations/request_country/ returned response: <Response [200]>
2021-08-08 20:19:50,462 - instabot version: 0.117.0 (api) - DEBUG - GET to endpoint: qp/get_cooldowns/?signed_body=signed_body=4b9c516a5410a3bc128e09c6104a7f042146b9c2023870560c63a43a7f66781c.4&ig_sig_key_version=4&ig_sig_key_version=4 returned response: <Response [200]>
2021-08-08 20:19:50,605 - instabot version: 0.117.0 (api) - DEBUG - GET to endpoint: users/arlink_download_info/?version_override=2.2.1 returned response: <Response [200]>
2021-08-08 20:19:50,918 - instabot version: 0.117.0 (api) - DEBUG - GET to endpoint: users/49051026324/info/ returned response: <Response [200]>
2021-08-08 20:19:51,144 - instabot version: 0.117.0 (api) - DEBUG - GET to endpoint: direct_v2/get_presence/ returned response: <Response [200]>
2021-08-08 20:19:51,433 - instabot version: 0.117.0 (api) - DEBUG - GET to endpoint: direct_v2/inbox/?visual_message_return_type=unseen&thread_message_limit=10&persistentBadging=true&limit=20 returned response: <Response [200]>
2021-08-08 20:19:51,615 - instabot version: 0.117.0 (api) - DEBUG - GET to endpoint: direct_v2/inbox/?visual_message_return_type=unseen&persistentBadging=true&limit=0 returned response: <Response [200]>
2021-08-08 20:19:54,472 - instabot version: 0.117.0 (api) - DEBUG - GET to endpoint: discover/topical_explore/?is_prefetch=true&omit_cover_media=true&use_sectional_payload=true&timezone_offset=0&session_id=8a58c09a-088b-428a-8b3e-912bf959c7f9&include_fixed_destinations=true returned response: <Response [200]>
2021-08-08 20:19:54,652 - instabot version: 0.117.0 (api) - DEBUG - POST to endpoint: notifications/badge/ returned response: <Response [200]>
2021-08-08 20:19:54,928 - instabot version: 0.117.0 (api) - DEBUG - POST to endpoint: qp/batch_fetch/ returned response: <Response [200]>
2021-08-08 20:19:54,929 - instabot version: 0.117.0 (bot_checkpoint) - DEBUG - Loading Checkpoint file from: D:\Programming\2021\InstaBot/config/vocabexpansion.checkpoint
2021-08-08 20:19:55,287 - instabot version: 0.117.0 (api) - DEBUG - GET to endpoint: users/cursed.image5/usernameinfo/ returned response: <Response [200]>
2021-08-08 20:19:56,032 - instabot version: 0.117.0 (api) - DEBUG - GET to endpoint: feed/user/13869174215/?max_id=&min_timestamp=None&rank_token=49051026324_c89fa097-1caa-4946-81f9-d93742f8f55c&ranked_content=true returned response: <Response [200]>
2021-08-08 20:19:56,314 - instabot version: 0.117.0 (api) - DEBUG - GET to endpoint: feed/user/13869174215/?max_id=2627006821922145007_13869174215&min_timestamp=None&rank_token=49051026324_c89fa097-1caa-4946-81f9-d93742f8f55c&ranked_content=true returned response: <Response [200]>
2021-08-08 20:20:02,585 - instabot version: 0.117.0 (api) - DEBUG - GET to endpoint: feed/user/13869174215/?max_id=2619675716433076093_13869174215&min_timestamp=None&rank_token=49051026324_c89fa097-1caa-4946-81f9-d93742f8f55c&ranked_content=true returned response: <Response [200]>
2021-08-08 20:20:02,906 - instabot version: 0.117.0 (api) - DEBUG - GET to endpoint: feed/user/13869174215/?max_id=2616029302911977791_13869174215&min_timestamp=None&rank_token=49051026324_c89fa097-1caa-4946-81f9-d93742f8f55c&ranked_content=true returned response: <Response [200]>
2021-08-08 20:20:03,188 - instabot version: 0.117.0 (api) - DEBUG - GET to endpoint: feed/user/13869174215/?max_id=2612075644914190048_13869174215&min_timestamp=None&rank_token=49051026324_c89fa097-1caa-4946-81f9-d93742f8f55c&ranked_content=true returned response: <Response [200]>
2021-08-08 20:20:03,582 - instabot version: 0.117.0 (api) - DEBUG - GET to endpoint: feed/user/13869174215/?max_id=2608464449245337598_13869174215&min_timestamp=None&rank_token=49051026324_c89fa097-1caa-4946-81f9-d93742f8f55c&ranked_content=true returned response: <Response [200]>
2021-08-08 20:20:03,916 - instabot version: 0.117.0 (api) - DEBUG - GET to endpoint: feed/user/13869174215/?max_id=2604448057121969715_13869174215&min_timestamp=None&rank_token=49051026324_c89fa097-1caa-4946-81f9-d93742f8f55c&ranked_content=true returned response: <Response [200]>
2021-08-08 20:20:04,230 - instabot version: 0.117.0 (api) - DEBUG - GET to endpoint: feed/user/13869174215/?max_id=2600808990010362967_13869174215&min_timestamp=None&rank_token=49051026324_c89fa097-1caa-4946-81f9-d93742f8f55c&ranked_content=true returned response: <Response [200]>
2021-08-08 20:20:04,542 - instabot version: 0.117.0 (api) - DEBUG - GET to endpoint: feed/user/13869174215/?max_id=2596852946091185555_13869174215&min_timestamp=None&rank_token=49051026324_c89fa097-1caa-4946-81f9-d93742f8f55c&ranked_content=true returned response: <Response [200]>
2021-08-08 20:20:04,865 - instabot version: 0.117.0 (api) - DEBUG - GET to endpoint: feed/user/13869174215/?max_id=2592851483765825911_13869174215&min_timestamp=None&rank_token=49051026324_c89fa097-1caa-4946-81f9-d93742f8f55c&ranked_content=true returned response: <Response [200]>
2021-08-08 20:20:05,163 - instabot version: 0.117.0 (api) - DEBUG - GET to endpoint: feed/user/13869174215/?max_id=2588880307601335599_13869174215&min_timestamp=None&rank_token=49051026324_c89fa097-1caa-4946-81f9-d93742f8f55c&ranked_content=true returned response: <Response [200]>
2021-08-08 20:20:05,574 - instabot version: 0.117.0 (api) - DEBUG - GET to endpoint: feed/user/13869174215/?max_id=2584866364463556674_13869174215&min_timestamp=None&rank_token=49051026324_c89fa097-1caa-4946-81f9-d93742f8f55c&ranked_content=true returned response: <Response [200]>
2021-08-08 20:20:05,905 - instabot version: 0.117.0 (api) - DEBUG - GET to endpoint: feed/user/13869174215/?max_id=2581247525034690917_13869174215&min_timestamp=None&rank_token=49051026324_c89fa097-1caa-4946-81f9-d93742f8f55c&ranked_content=true returned response: <Response [200]>
2021-08-08 20:20:06,215 - instabot version: 0.117.0 (api) - DEBUG - GET to endpoint: feed/user/13869174215/?max_id=2577299267916879224_13869174215&min_timestamp=None&rank_token=49051026324_c89fa097-1caa-4946-81f9-d93742f8f55c&ranked_content=true returned response: <Response [200]>
