2021-08-10 00:35:06,148 - instabot version: 0.117.0 (bot) - INFO - Instabot version: 0.117.0 Started
2021-08-10 00:35:06,148 - instabot version: 0.117.0 (bot) - DEBUG - Bot imported from C:\Users\skyem\AppData\Local\Programs\Python\Python39\lib\site-packages\instabot\bot\bot.py
2021-08-10 00:35:07,507 - instabot version: 0.117.0 (api_login) - INFO - Not yet logged in starting: PRE-LOGIN FLOW!
2021-08-10 00:35:07,745 - instabot version: 0.117.0 (api) - DEBUG - POST to endpoint: accounts/get_prefill_candidates/ returned response: <Response [200]>
2021-08-10 00:35:07,934 - instabot version: 0.117.0 (api) - DEBUG - POST to endpoint: qe/sync/ returned response: <Response [200]>
2021-08-10 00:35:08,124 - instabot version: 0.117.0 (api) - DEBUG - POST to endpoint: launcher/sync/ returned response: <Response [200]>
2021-08-10 00:35:08,266 - instabot version: 0.117.0 (api) - DEBUG - POST to endpoint: accounts/contact_point_prefill/ returned response: <Response [200]>
2021-08-10 00:35:09,799 - instabot version: 0.117.0 (api) - DEBUG - POST to endpoint: accounts/login/ returned response: <Response [200]>
2021-08-10 00:35:09,799 - instabot version: 0.117.0 (api) - INFO - Logged-in successfully as 'derbgang'!
2021-08-10 00:35:09,799 - instabot version: 0.117.0 (api_login) - INFO - LOGIN FLOW! Just logged-in: True
2021-08-10 00:35:10,009 - instabot version: 0.117.0 (api) - DEBUG - POST to endpoint: qe/sync/ returned response: <Response [200]>
2021-08-10 00:35:10,200 - instabot version: 0.117.0 (api) - DEBUG - POST to endpoint: launcher/sync/ returned response: <Response [200]>
2021-08-10 00:35:10,367 - instabot version: 0.117.0 (api) - DEBUG - GET to endpoint: zr/token/result/?device_id=android-482d8e988b586de3&token_hash=&custom_device_id=android-482d8e988b586de3&fetch_reason=token_expired returned response: <Response [200]>
2021-08-10 00:35:10,527 - instabot version: 0.117.0 (api) - DEBUG - GET to endpoint: multiple_accounts/get_account_family/ returned response: <Response [200]>
2021-08-10 00:35:10,784 - instabot version: 0.117.0 (api) - DEBUG - POST to endpoint: qe/sync/ returned response: <Response [200]>
2021-08-10 00:35:11,187 - instabot version: 0.117.0 (api) - DEBUG - GET to endpoint: igtv/browse_feed/?prefetch=1 returned response: <Response [200]>
2021-08-10 00:35:11,401 - instabot version: 0.117.0 (api) - DEBUG - POST to endpoint: creatives/ar_class/ returned response: <Response [200]>
2021-08-10 00:35:12,113 - instabot version: 0.117.0 (api) - DEBUG - POST to endpoint: feed/reels_tray/ returned response: <Response [200]>
2021-08-10 00:35:13,015 - instabot version: 0.117.0 (api) - DEBUG - POST to endpoint: feed/timeline/ returned response: <Response [200]>
2021-08-10 00:35:13,165 - instabot version: 0.117.0 (api) - DEBUG - GET to endpoint: media/blocked/ returned response: <Response [200]>
2021-08-10 00:35:13,670 - instabot version: 0.117.0 (api) - DEBUG - GET to endpoint: news/inbox/ returned response: <Response [200]>
2021-08-10 00:35:13,835 - instabot version: 0.117.0 (api) - DEBUG - GET to endpoint: loom/fetch_config/ returned response: <Response [200]>
2021-08-10 00:35:14,117 - instabot version: 0.117.0 (api) - DEBUG - GET to endpoint: scores/bootstrap/users/?surfaces=["autocomplete_user_list","coefficient_besties_list_ranking","coefficient_rank_recipient_user_suggestion","coefficient_ios_section_test_bootstrap_ranking","coefficient_direct_recipients_ranking_variant_2"] returned response: <Response [200]>
2021-08-10 00:35:14,295 - instabot version: 0.117.0 (api) - DEBUG - GET to endpoint: business/eligibility/get_monetization_products_eligibility_data/?product_types=branded_content returned response: <Response [200]>
2021-08-10 00:35:14,427 - instabot version: 0.117.0 (api) - DEBUG - GET to endpoint: business/branded_content/should_require_professional_account/ returned response: <Response [200]>
2021-08-10 00:35:14,615 - instabot version: 0.117.0 (api) - DEBUG - GET to endpoint: linked_accounts/get_linkage_status/ returned response: <Response [200]>
2021-08-10 00:35:14,840 - instabot version: 0.117.0 (api) - DEBUG - GET to endpoint: locations/request_country/ returned response: <Response [200]>
2021-08-10 00:35:15,038 - instabot version: 0.117.0 (api) - DEBUG - GET to endpoint: qp/get_cooldowns/?signed_body=signed_body=4b9c516a5410a3bc128e09c6104a7f042146b9c2023870560c63a43a7f66781c.4&ig_sig_key_version=4&ig_sig_key_version=4 returned response: <Response [200]>
2021-08-10 00:35:15,206 - instabot version: 0.117.0 (api) - DEBUG - GET to endpoint: users/arlink_download_info/?version_override=2.2.1 returned response: <Response [200]>
2021-08-10 00:35:15,497 - instabot version: 0.117.0 (api) - DEBUG - GET to endpoint: users/49050629623/info/ returned response: <Response [200]>
2021-08-10 00:35:15,973 - instabot version: 0.117.0 (api) - DEBUG - GET to endpoint: direct_v2/get_presence/ returned response: <Response [200]>
2021-08-10 00:35:16,498 - instabot version: 0.117.0 (api) - DEBUG - GET to endpoint: direct_v2/inbox/?visual_message_return_type=unseen&thread_message_limit=10&persistentBadging=true&limit=20 returned response: <Response [200]>
2021-08-10 00:35:16,761 - instabot version: 0.117.0 (api) - DEBUG - GET to endpoint: direct_v2/inbox/?visual_message_return_type=unseen&persistentBadging=true&limit=0 returned response: <Response [200]>
2021-08-10 00:35:17,070 - instabot version: 0.117.0 (api) - DEBUG - GET to endpoint: discover/topical_explore/?is_prefetch=true&omit_cover_media=true&use_sectional_payload=true&timezone_offset=0&session_id=003f10da-4a8c-4b27-8139-7599d82fd167&include_fixed_destinations=true returned response: <Response [200]>
2021-08-10 00:35:17,217 - instabot version: 0.117.0 (api) - DEBUG - POST to endpoint: notifications/badge/ returned response: <Response [200]>
2021-08-10 00:35:17,456 - instabot version: 0.117.0 (api) - DEBUG - POST to endpoint: qp/batch_fetch/ returned response: <Response [200]>
2021-08-10 00:35:17,457 - instabot version: 0.117.0 (bot_checkpoint) - DEBUG - Loading Checkpoint file from: D:\Programming\2021\InstaBot/config/derbgang.checkpoint
2021-08-10 00:35:36,781 - instabot version: 0.117.0 (api) - DEBUG - GET to endpoint: users/savagerealms.jemima/usernameinfo/ returned response: <Response [200]>
2021-08-10 00:35:38,330 - instabot version: 0.117.0 (api) - DEBUG - GET to endpoint: feed/user/11903691706/?max_id=&min_timestamp=None&rank_token=49050629623_633054f9-3f9f-4db3-98d4-966294421dc8&ranked_content=true returned response: <Response [200]>
2021-08-10 00:35:39,013 - instabot version: 0.117.0 (api) - DEBUG - GET to endpoint: feed/user/11903691706/?max_id=2588875177397620242_11903691706&min_timestamp=None&rank_token=49050629623_633054f9-3f9f-4db3-98d4-966294421dc8&ranked_content=true returned response: <Response [200]>
2021-08-10 00:35:39,682 - instabot version: 0.117.0 (api) - DEBUG - GET to endpoint: feed/user/11903691706/?max_id=2546776962661940047_11903691706&min_timestamp=None&rank_token=49050629623_633054f9-3f9f-4db3-98d4-966294421dc8&ranked_content=true returned response: <Response [200]>
2021-08-10 00:35:40,312 - instabot version: 0.117.0 (api) - DEBUG - GET to endpoint: feed/user/11903691706/?max_id=2503402903060177446_11903691706&min_timestamp=None&rank_token=49050629623_633054f9-3f9f-4db3-98d4-966294421dc8&ranked_content=true returned response: <Response [200]>
2021-08-10 00:35:41,023 - instabot version: 0.117.0 (api) - DEBUG - GET to endpoint: feed/user/11903691706/?max_id=2472268084901410134_11903691706&min_timestamp=None&rank_token=49050629623_633054f9-3f9f-4db3-98d4-966294421dc8&ranked_content=true returned response: <Response [200]>
2021-08-10 00:35:41,653 - instabot version: 0.117.0 (api) - DEBUG - GET to endpoint: feed/user/11903691706/?max_id=2449035506388074955_11903691706&min_timestamp=None&rank_token=49050629623_633054f9-3f9f-4db3-98d4-966294421dc8&ranked_content=true returned response: <Response [200]>
2021-08-10 00:35:42,145 - instabot version: 0.117.0 (api) - DEBUG - GET to endpoint: feed/user/11903691706/?max_id=2418540064407973255_11903691706&min_timestamp=None&rank_token=49050629623_633054f9-3f9f-4db3-98d4-966294421dc8&ranked_content=true returned response: <Response [200]>
2021-08-10 00:35:42,915 - instabot version: 0.117.0 (api) - DEBUG - GET to endpoint: feed/user/11903691706/?max_id=2403349250329817992_11903691706&min_timestamp=None&rank_token=49050629623_633054f9-3f9f-4db3-98d4-966294421dc8&ranked_content=true returned response: <Response [200]>
2021-08-10 00:35:43,911 - instabot version: 0.117.0 (api) - DEBUG - GET to endpoint: feed/user/11903691706/?max_id=2393290098794575044_11903691706&min_timestamp=None&rank_token=49050629623_633054f9-3f9f-4db3-98d4-966294421dc8&ranked_content=true returned response: <Response [200]>
2021-08-10 00:35:44,449 - instabot version: 0.117.0 (api) - DEBUG - GET to endpoint: feed/user/11903691706/?max_id=2373692985508776176_11903691706&min_timestamp=None&rank_token=49050629623_633054f9-3f9f-4db3-98d4-966294421dc8&ranked_content=true returned response: <Response [200]>
2021-08-10 00:35:45,015 - instabot version: 0.117.0 (api) - DEBUG - GET to endpoint: feed/user/11903691706/?max_id=2367141866221461039_11903691706&min_timestamp=None&rank_token=49050629623_633054f9-3f9f-4db3-98d4-966294421dc8&ranked_content=true returned response: <Response [200]>
2021-08-10 00:35:45,697 - instabot version: 0.117.0 (api) - DEBUG - GET to endpoint: feed/user/11903691706/?max_id=2362698753549688596_11903691706&min_timestamp=None&rank_token=49050629623_633054f9-3f9f-4db3-98d4-966294421dc8&ranked_content=true returned response: <Response [200]>
2021-08-10 00:35:46,231 - instabot version: 0.117.0 (api) - DEBUG - GET to endpoint: feed/user/11903691706/?max_id=2357736610093979793_11903691706&min_timestamp=None&rank_token=49050629623_633054f9-3f9f-4db3-98d4-966294421dc8&ranked_content=true returned response: <Response [200]>
2021-08-10 00:35:46,745 - instabot version: 0.117.0 (api) - DEBUG - GET to endpoint: feed/user/11903691706/?max_id=2354736317588609636_11903691706&min_timestamp=None&rank_token=49050629623_633054f9-3f9f-4db3-98d4-966294421dc8&ranked_content=true returned response: <Response [200]>
2021-08-10 00:35:47,224 - instabot version: 0.117.0 (api) - DEBUG - GET to endpoint: feed/user/11903691706/?max_id=2350429683265607682_11903691706&min_timestamp=None&rank_token=49050629623_633054f9-3f9f-4db3-98d4-966294421dc8&ranked_content=true returned response: <Response [200]>
2021-08-10 00:35:47,815 - instabot version: 0.117.0 (api) - DEBUG - GET to endpoint: feed/user/11903691706/?max_id=2343264999085277922_11903691706&min_timestamp=None&rank_token=49050629623_633054f9-3f9f-4db3-98d4-966294421dc8&ranked_content=true returned response: <Response [200]>
2021-08-10 00:35:48,433 - instabot version: 0.117.0 (api) - DEBUG - GET to endpoint: feed/user/11903691706/?max_id=2339674735410409812_11903691706&min_timestamp=None&rank_token=49050629623_633054f9-3f9f-4db3-98d4-966294421dc8&ranked_content=true returned response: <Response [200]>
2021-08-10 00:35:49,071 - instabot version: 0.117.0 (api) - DEBUG - GET to endpoint: feed/user/11903691706/?max_id=2336787591251410706_11903691706&min_timestamp=None&rank_token=49050629623_633054f9-3f9f-4db3-98d4-966294421dc8&ranked_content=true returned response: <Response [200]>
2021-08-10 00:35:49,532 - instabot version: 0.117.0 (api) - DEBUG - GET to endpoint: feed/user/11903691706/?max_id=2333734323898261254_11903691706&min_timestamp=None&rank_token=49050629623_633054f9-3f9f-4db3-98d4-966294421dc8&ranked_content=true returned response: <Response [200]>
2021-08-10 00:35:50,089 - instabot version: 0.117.0 (api) - DEBUG - GET to endpoint: feed/user/11903691706/?max_id=2329311587096361557_11903691706&min_timestamp=None&rank_token=49050629623_633054f9-3f9f-4db3-98d4-966294421dc8&ranked_content=true returned response: <Response [200]>
2021-08-10 00:35:50,515 - instabot version: 0.117.0 (api) - DEBUG - GET to endpoint: feed/user/11903691706/?max_id=2316457774882856904_11903691706&min_timestamp=None&rank_token=49050629623_633054f9-3f9f-4db3-98d4-966294421dc8&ranked_content=true returned response: <Response [200]>
2021-08-10 00:35:50,979 - instabot version: 0.117.0 (api) - DEBUG - GET to endpoint: feed/user/11903691706/?max_id=2310591509144428379_11903691706&min_timestamp=None&rank_token=49050629623_633054f9-3f9f-4db3-98d4-966294421dc8&ranked_content=true returned response: <Response [200]>
2021-08-10 00:35:51,399 - instabot version: 0.117.0 (api) - DEBUG - GET to endpoint: feed/user/11903691706/?max_id=2305493045456859231_11903691706&min_timestamp=None&rank_token=49050629623_633054f9-3f9f-4db3-98d4-966294421dc8&ranked_content=true returned response: <Response [200]>
2021-08-10 00:35:51,943 - instabot version: 0.117.0 (api) - DEBUG - GET to endpoint: feed/user/11903691706/?max_id=2301201357519287470_11903691706&min_timestamp=None&rank_token=49050629623_633054f9-3f9f-4db3-98d4-966294421dc8&ranked_content=true returned response: <Response [200]>
2021-08-10 00:35:52,411 - instabot version: 0.117.0 (api) - DEBUG - GET to endpoint: feed/user/11903691706/?max_id=2295951860820292176_11903691706&min_timestamp=None&rank_token=49050629623_633054f9-3f9f-4db3-98d4-966294421dc8&ranked_content=true returned response: <Response [200]>
2021-08-10 00:35:53,000 - instabot version: 0.117.0 (api) - DEBUG - GET to endpoint: feed/user/11903691706/?max_id=2288257789045743978_11903691706&min_timestamp=None&rank_token=49050629623_633054f9-3f9f-4db3-98d4-966294421dc8&ranked_content=true returned response: <Response [200]>
2021-08-10 00:35:53,547 - instabot version: 0.117.0 (api) - DEBUG - GET to endpoint: feed/user/11903691706/?max_id=2283079176411219802_11903691706&min_timestamp=None&rank_token=49050629623_633054f9-3f9f-4db3-98d4-966294421dc8&ranked_content=true returned response: <Response [200]>
2021-08-10 00:35:54,065 - instabot version: 0.117.0 (api) - DEBUG - GET to endpoint: feed/user/11903691706/?max_id=2259915456877232158_11903691706&min_timestamp=None&rank_token=49050629623_633054f9-3f9f-4db3-98d4-966294421dc8&ranked_content=true returned response: <Response [200]>
2021-08-10 00:35:54,943 - instabot version: 0.117.0 (api) - DEBUG - GET to endpoint: feed/user/11903691706/?max_id=2253577999311181494_11903691706&min_timestamp=None&rank_token=49050629623_633054f9-3f9f-4db3-98d4-966294421dc8&ranked_content=true returned response: <Response [200]>
2021-08-10 00:35:55,442 - instabot version: 0.117.0 (api) - DEBUG - GET to endpoint: feed/user/11903691706/?max_id=2186720324544323755_11903691706&min_timestamp=None&rank_token=49050629623_633054f9-3f9f-4db3-98d4-966294421dc8&ranked_content=true returned response: <Response [200]>
2021-08-10 00:35:55,928 - instabot version: 0.117.0 (api) - DEBUG - GET to endpoint: feed/user/11903691706/?max_id=2179432440292205572_11903691706&min_timestamp=None&rank_token=49050629623_633054f9-3f9f-4db3-98d4-966294421dc8&ranked_content=true returned response: <Response [200]>
2021-08-10 00:35:56,138 - instabot version: 0.117.0 (api) - DEBUG - GET to endpoint: feed/user/11903691706/?max_id=2166398410227707356_11903691706&min_timestamp=None&rank_token=49050629623_633054f9-3f9f-4db3-98d4-966294421dc8&ranked_content=true returned response: <Response [200]>
2021-08-10 00:35:56,363 - instabot version: 0.117.0 (api) - DEBUG - GET to endpoint: users/vocabexpansion/usernameinfo/ returned response: <Response [200]>
2021-08-10 00:35:56,918 - instabot version: 0.117.0 (api) - DEBUG - GET to endpoint: media/2467070138639695198_11903691706/info/ returned response: <Response [200]>
2021-08-10 00:35:57,248 - instabot version: 0.117.0 (api) - DEBUG - POST to endpoint: direct_v2/threads/broadcast/media_share/ returned response: <Response [200]>
2021-08-10 00:35:57,573 - instabot version: 0.117.0 (api) - DEBUG - POST to endpoint: direct_v2/inbox/ returned response: <Response [200]>
2021-08-10 00:35:57,574 - instabot version: 0.117.0 (bot_checkpoint) - DEBUG - Saving Checkpoint file to: D:\Programming\2021\InstaBot/config/derbgang.checkpoint
2021-08-10 00:35:57,575 - instabot version: 0.117.0 (bot) - INFO - Total messages: 2/62
2021-08-10 00:35:57,575 - instabot version: 0.117.0 (bot) - INFO - Total requests: 646
