2021-08-11 12:49:46,349 - instabot version: 0.117.0 (bot) - INFO - Instabot version: 0.117.0 Started
2021-08-11 12:49:46,349 - instabot version: 0.117.0 (bot) - DEBUG - Bot imported from C:\Users\skyem\AppData\Local\Programs\Python\Python39\lib\site-packages\instabot\bot\bot.py
2021-08-11 12:49:47,646 - instabot version: 0.117.0 (api_login) - INFO - Not yet logged in starting: PRE-LOGIN FLOW!
2021-08-11 12:49:47,876 - instabot version: 0.117.0 (api) - DEBUG - POST to endpoint: accounts/get_prefill_candidates/ returned response: <Response [200]>
2021-08-11 12:49:48,028 - instabot version: 0.117.0 (api) - DEBUG - POST to endpoint: qe/sync/ returned response: <Response [200]>
2021-08-11 12:49:48,193 - instabot version: 0.117.0 (api) - DEBUG - POST to endpoint: launcher/sync/ returned response: <Response [200]>
2021-08-11 12:49:48,335 - instabot version: 0.117.0 (api) - DEBUG - POST to endpoint: accounts/contact_point_prefill/ returned response: <Response [200]>
2021-08-11 12:49:49,869 - instabot version: 0.117.0 (api) - DEBUG - POST to endpoint: accounts/login/ returned response: <Response [200]>
2021-08-11 12:49:49,869 - instabot version: 0.117.0 (api) - INFO - Logged-in successfully as 'derbgang'!
2021-08-11 12:49:49,869 - instabot version: 0.117.0 (api_login) - INFO - LOGIN FLOW! Just logged-in: True
2021-08-11 12:49:50,032 - instabot version: 0.117.0 (api) - DEBUG - POST to endpoint: qe/sync/ returned response: <Response [200]>
2021-08-11 12:49:50,209 - instabot version: 0.117.0 (api) - DEBUG - POST to endpoint: launcher/sync/ returned response: <Response [200]>
2021-08-11 12:49:50,351 - instabot version: 0.117.0 (api) - DEBUG - GET to endpoint: zr/token/result/?device_id=android-482d8e988b586de3&token_hash=&custom_device_id=android-482d8e988b586de3&fetch_reason=token_expired returned response: <Response [200]>
2021-08-11 12:49:50,602 - instabot version: 0.117.0 (api) - DEBUG - GET to endpoint: multiple_accounts/get_account_family/ returned response: <Response [200]>
2021-08-11 12:49:50,785 - instabot version: 0.117.0 (api) - DEBUG - POST to endpoint: qe/sync/ returned response: <Response [200]>
2021-08-11 12:49:51,135 - instabot version: 0.117.0 (api) - DEBUG - GET to endpoint: igtv/browse_feed/?prefetch=1 returned response: <Response [200]>
2021-08-11 12:49:51,407 - instabot version: 0.117.0 (api) - DEBUG - POST to endpoint: creatives/ar_class/ returned response: <Response [200]>
2021-08-11 12:49:51,792 - instabot version: 0.117.0 (api) - DEBUG - POST to endpoint: feed/reels_tray/ returned response: <Response [200]>
2021-08-11 12:49:52,723 - instabot version: 0.117.0 (api) - DEBUG - POST to endpoint: feed/timeline/ returned response: <Response [200]>
2021-08-11 12:49:52,879 - instabot version: 0.117.0 (api) - DEBUG - GET to endpoint: media/blocked/ returned response: <Response [200]>
2021-08-11 12:49:53,436 - instabot version: 0.117.0 (api) - DEBUG - GET to endpoint: news/inbox/ returned response: <Response [200]>
2021-08-11 12:49:53,603 - instabot version: 0.117.0 (api) - DEBUG - GET to endpoint: loom/fetch_config/ returned response: <Response [200]>
2021-08-11 12:49:53,877 - instabot version: 0.117.0 (api) - DEBUG - GET to endpoint: scores/bootstrap/users/?surfaces=["autocomplete_user_list","coefficient_besties_list_ranking","coefficient_rank_recipient_user_suggestion","coefficient_ios_section_test_bootstrap_ranking","coefficient_direct_recipients_ranking_variant_2"] returned response: <Response [200]>
2021-08-11 12:49:54,036 - instabot version: 0.117.0 (api) - DEBUG - GET to endpoint: business/eligibility/get_monetization_products_eligibility_data/?product_types=branded_content returned response: <Response [200]>
2021-08-11 12:49:54,188 - instabot version: 0.117.0 (api) - DEBUG - GET to endpoint: business/branded_content/should_require_professional_account/ returned response: <Response [200]>
2021-08-11 12:49:54,353 - instabot version: 0.117.0 (api) - DEBUG - GET to endpoint: linked_accounts/get_linkage_status/ returned response: <Response [200]>
2021-08-11 12:49:54,498 - instabot version: 0.117.0 (api) - DEBUG - GET to endpoint: locations/request_country/ returned response: <Response [200]>
2021-08-11 12:49:54,643 - instabot version: 0.117.0 (api) - DEBUG - GET to endpoint: qp/get_cooldowns/?signed_body=signed_body=4b9c516a5410a3bc128e09c6104a7f042146b9c2023870560c63a43a7f66781c.4&ig_sig_key_version=4&ig_sig_key_version=4 returned response: <Response [200]>
2021-08-11 12:49:54,788 - instabot version: 0.117.0 (api) - DEBUG - GET to endpoint: users/arlink_download_info/?version_override=2.2.1 returned response: <Response [200]>
2021-08-11 12:49:55,181 - instabot version: 0.117.0 (api) - DEBUG - GET to endpoint: users/49050629623/info/ returned response: <Response [200]>
2021-08-11 12:49:55,717 - instabot version: 0.117.0 (api) - DEBUG - GET to endpoint: direct_v2/get_presence/ returned response: <Response [200]>
2021-08-11 12:49:56,376 - instabot version: 0.117.0 (api) - DEBUG - GET to endpoint: direct_v2/inbox/?visual_message_return_type=unseen&thread_message_limit=10&persistentBadging=true&limit=20 returned response: <Response [200]>
2021-08-11 12:49:56,569 - instabot version: 0.117.0 (api) - DEBUG - GET to endpoint: direct_v2/inbox/?visual_message_return_type=unseen&persistentBadging=true&limit=0 returned response: <Response [200]>
2021-08-11 12:49:56,804 - instabot version: 0.117.0 (api) - DEBUG - GET to endpoint: discover/topical_explore/?is_prefetch=true&omit_cover_media=true&use_sectional_payload=true&timezone_offset=0&session_id=c83103c8-5c23-4272-a3b5-b5acf47b40b3&include_fixed_destinations=true returned response: <Response [200]>
2021-08-11 12:49:56,960 - instabot version: 0.117.0 (api) - DEBUG - POST to endpoint: notifications/badge/ returned response: <Response [200]>
2021-08-11 12:49:57,211 - instabot version: 0.117.0 (api) - DEBUG - POST to endpoint: qp/batch_fetch/ returned response: <Response [200]>
2021-08-11 12:49:57,212 - instabot version: 0.117.0 (bot_checkpoint) - DEBUG - Loading Checkpoint file from: D:\Programming\2021\InstaBot/config/derbgang.checkpoint
2021-08-11 12:50:11,918 - instabot version: 0.117.0 (api) - DEBUG - GET to endpoint: users/cursed.image5/usernameinfo/ returned response: <Response [200]>
2021-08-11 12:50:12,856 - instabot version: 0.117.0 (api) - DEBUG - GET to endpoint: feed/user/13869174215/?max_id=&min_timestamp=None&rank_token=49050629623_9051c3aa-2094-42a2-9310-2cde63d9e866&ranked_content=true returned response: <Response [200]>
2021-08-11 12:50:13,135 - instabot version: 0.117.0 (api) - DEBUG - GET to endpoint: feed/user/13869174215/?max_id=2629181072762666030_13869174215&min_timestamp=None&rank_token=49050629623_9051c3aa-2094-42a2-9310-2cde63d9e866&ranked_content=true returned response: <Response [200]>
2021-08-11 12:50:13,405 - instabot version: 0.117.0 (api) - DEBUG - GET to endpoint: feed/user/13869174215/?max_id=2621208872059607458_13869174215&min_timestamp=None&rank_token=49050629623_9051c3aa-2094-42a2-9310-2cde63d9e866&ranked_content=true returned response: <Response [200]>
2021-08-11 12:50:13,677 - instabot version: 0.117.0 (api) - DEBUG - GET to endpoint: feed/user/13869174215/?max_id=2616759043862522538_13869174215&min_timestamp=None&rank_token=49050629623_9051c3aa-2094-42a2-9310-2cde63d9e866&ranked_content=true returned response: <Response [200]>
2021-08-11 12:50:13,977 - instabot version: 0.117.0 (api) - DEBUG - GET to endpoint: feed/user/13869174215/?max_id=2613147709832808322_13869174215&min_timestamp=None&rank_token=49050629623_9051c3aa-2094-42a2-9310-2cde63d9e866&ranked_content=true returned response: <Response [200]>
2021-08-11 12:50:14,289 - instabot version: 0.117.0 (api) - DEBUG - GET to endpoint: feed/user/13869174215/?max_id=2609516289222600962_13869174215&min_timestamp=None&rank_token=49050629623_9051c3aa-2094-42a2-9310-2cde63d9e866&ranked_content=true returned response: <Response [200]>
2021-08-11 12:50:14,620 - instabot version: 0.117.0 (api) - DEBUG - GET to endpoint: feed/user/13869174215/?max_id=2605552756672575729_13869174215&min_timestamp=None&rank_token=49050629623_9051c3aa-2094-42a2-9310-2cde63d9e866&ranked_content=true returned response: <Response [200]>
2021-08-11 12:50:14,939 - instabot version: 0.117.0 (api) - DEBUG - GET to endpoint: feed/user/13869174215/?max_id=2601926433702080708_13869174215&min_timestamp=None&rank_token=49050629623_9051c3aa-2094-42a2-9310-2cde63d9e866&ranked_content=true returned response: <Response [200]>
2021-08-11 12:50:15,343 - instabot version: 0.117.0 (api) - DEBUG - GET to endpoint: feed/user/13869174215/?max_id=2597925137977647050_13869174215&min_timestamp=None&rank_token=49050629623_9051c3aa-2094-42a2-9310-2cde63d9e866&ranked_content=true returned response: <Response [200]>
2021-08-11 12:50:15,724 - instabot version: 0.117.0 (api) - DEBUG - GET to endpoint: feed/user/13869174215/?max_id=2593953811169093453_13869174215&min_timestamp=None&rank_token=49050629623_9051c3aa-2094-42a2-9310-2cde63d9e866&ranked_content=true returned response: <Response [200]>
2021-08-11 12:50:16,101 - instabot version: 0.117.0 (api) - DEBUG - GET to endpoint: feed/user/13869174215/?max_id=2589939804252569428_13869174215&min_timestamp=None&rank_token=49050629623_9051c3aa-2094-42a2-9310-2cde63d9e866&ranked_content=true returned response: <Response [200]>
2021-08-11 12:50:16,401 - instabot version: 0.117.0 (api) - DEBUG - GET to endpoint: feed/user/13869174215/?max_id=2585983727851050783_13869174215&min_timestamp=None&rank_token=49050629623_9051c3aa-2094-42a2-9310-2cde63d9e866&ranked_content=true returned response: <Response [200]>
2021-08-11 12:50:16,685 - instabot version: 0.117.0 (api) - DEBUG - GET to endpoint: feed/user/13869174215/?max_id=2581977330643066357_13869174215&min_timestamp=None&rank_token=49050629623_9051c3aa-2094-42a2-9310-2cde63d9e866&ranked_content=true returned response: <Response [200]>
2021-08-11 12:50:17,113 - instabot version: 0.117.0 (api) - DEBUG - GET to endpoint: feed/user/13869174215/?max_id=2578356219848712575_13869174215&min_timestamp=None&rank_token=49050629623_9051c3aa-2094-42a2-9310-2cde63d9e866&ranked_content=true returned response: <Response [200]>
2021-08-11 12:50:17,456 - instabot version: 0.117.0 (api) - DEBUG - GET to endpoint: feed/user/13869174215/?max_id=2574354651593651332_13869174215&min_timestamp=None&rank_token=49050629623_9051c3aa-2094-42a2-9310-2cde63d9e866&ranked_content=true returned response: <Response [200]>
2021-08-11 12:50:20,927 - instabot version: 0.117.0 (api) - DEBUG - GET to endpoint: feed/user/13869174215/?max_id=2570368321685991344_13869174215&min_timestamp=None&rank_token=49050629623_9051c3aa-2094-42a2-9310-2cde63d9e866&ranked_content=true returned response: <Response [200]>
2021-08-11 12:50:21,293 - instabot version: 0.117.0 (api) - DEBUG - GET to endpoint: feed/user/13869174215/?max_id=2566412257793882806_13869174215&min_timestamp=None&rank_token=49050629623_9051c3aa-2094-42a2-9310-2cde63d9e866&ranked_content=true returned response: <Response [200]>
2021-08-11 12:50:21,637 - instabot version: 0.117.0 (api) - DEBUG - GET to endpoint: feed/user/13869174215/?max_id=2562413403647561569_13869174215&min_timestamp=None&rank_token=49050629623_9051c3aa-2094-42a2-9310-2cde63d9e866&ranked_content=true returned response: <Response [200]>
2021-08-11 12:50:21,943 - instabot version: 0.117.0 (api) - DEBUG - GET to endpoint: feed/user/13869174215/?max_id=2558439844894621752_13869174215&min_timestamp=None&rank_token=49050629623_9051c3aa-2094-42a2-9310-2cde63d9e866&ranked_content=true returned response: <Response [200]>
2021-08-11 12:50:22,358 - instabot version: 0.117.0 (api) - DEBUG - GET to endpoint: feed/user/13869174215/?max_id=2554425769581476115_13869174215&min_timestamp=None&rank_token=49050629623_9051c3aa-2094-42a2-9310-2cde63d9e866&ranked_content=true returned response: <Response [200]>
2021-08-11 12:50:22,702 - instabot version: 0.117.0 (api) - DEBUG - GET to endpoint: feed/user/13869174215/?max_id=2550465993228828833_13869174215&min_timestamp=None&rank_token=49050629623_9051c3aa-2094-42a2-9310-2cde63d9e866&ranked_content=true returned response: <Response [200]>
2021-08-11 12:50:23,136 - instabot version: 0.117.0 (api) - DEBUG - GET to endpoint: feed/user/13869174215/?max_id=2547195646658663574_13869174215&min_timestamp=None&rank_token=49050629623_9051c3aa-2094-42a2-9310-2cde63d9e866&ranked_content=true returned response: <Response [200]>
2021-08-11 12:50:23,461 - instabot version: 0.117.0 (api) - DEBUG - GET to endpoint: feed/user/13869174215/?max_id=2543911543202859673_13869174215&min_timestamp=None&rank_token=49050629623_9051c3aa-2094-42a2-9310-2cde63d9e866&ranked_content=true returned response: <Response [200]>
2021-08-11 12:50:23,853 - instabot version: 0.117.0 (api) - DEBUG - GET to endpoint: feed/user/13869174215/?max_id=2539927797112221670_13869174215&min_timestamp=None&rank_token=49050629623_9051c3aa-2094-42a2-9310-2cde63d9e866&ranked_content=true returned response: <Response [200]>
2021-08-11 12:50:24,143 - instabot version: 0.117.0 (api) - DEBUG - GET to endpoint: feed/user/13869174215/?max_id=2536346657829765845_13869174215&min_timestamp=None&rank_token=49050629623_9051c3aa-2094-42a2-9310-2cde63d9e866&ranked_content=true returned response: <Response [200]>
2021-08-11 12:50:24,527 - instabot version: 0.117.0 (api) - DEBUG - GET to endpoint: feed/user/13869174215/?max_id=2532388100305317353_13869174215&min_timestamp=None&rank_token=49050629623_9051c3aa-2094-42a2-9310-2cde63d9e866&ranked_content=true returned response: <Response [200]>
2021-08-11 12:50:24,851 - instabot version: 0.117.0 (api) - DEBUG - GET to endpoint: feed/user/13869174215/?max_id=2528723965214281856_13869174215&min_timestamp=None&rank_token=49050629623_9051c3aa-2094-42a2-9310-2cde63d9e866&ranked_content=true returned response: <Response [200]>
2021-08-11 12:50:25,303 - instabot version: 0.117.0 (api) - DEBUG - GET to endpoint: feed/user/13869174215/?max_id=2524737718122154542_13869174215&min_timestamp=None&rank_token=49050629623_9051c3aa-2094-42a2-9310-2cde63d9e866&ranked_content=true returned response: <Response [200]>
2021-08-11 12:50:25,744 - instabot version: 0.117.0 (api) - DEBUG - GET to endpoint: feed/user/13869174215/?max_id=2521121500224829390_13869174215&min_timestamp=None&rank_token=49050629623_9051c3aa-2094-42a2-9310-2cde63d9e866&ranked_content=true returned response: <Response [200]>
2021-08-11 12:50:26,092 - instabot version: 0.117.0 (api) - DEBUG - GET to endpoint: feed/user/13869174215/?max_id=2517505088604579432_13869174215&min_timestamp=None&rank_token=49050629623_9051c3aa-2094-42a2-9310-2cde63d9e866&ranked_content=true returned response: <Response [200]>
2021-08-11 12:50:26,410 - instabot version: 0.117.0 (api) - DEBUG - GET to endpoint: feed/user/13869174215/?max_id=2514258641577552052_13869174215&min_timestamp=None&rank_token=49050629623_9051c3aa-2094-42a2-9310-2cde63d9e866&ranked_content=true returned response: <Response [200]>
2021-08-11 12:50:26,834 - instabot version: 0.117.0 (api) - DEBUG - GET to endpoint: feed/user/13869174215/?max_id=2510964401171982872_13869174215&min_timestamp=None&rank_token=49050629623_9051c3aa-2094-42a2-9310-2cde63d9e866&ranked_content=true returned response: <Response [200]>
2021-08-11 12:50:27,126 - instabot version: 0.117.0 (api) - DEBUG - GET to endpoint: feed/user/13869174215/?max_id=2507445810260067328_13869174215&min_timestamp=None&rank_token=49050629623_9051c3aa-2094-42a2-9310-2cde63d9e866&ranked_content=true returned response: <Response [200]>
2021-08-11 12:50:27,463 - instabot version: 0.117.0 (api) - DEBUG - GET to endpoint: feed/user/13869174215/?max_id=2503356857562107324_13869174215&min_timestamp=None&rank_token=49050629623_9051c3aa-2094-42a2-9310-2cde63d9e866&ranked_content=true returned response: <Response [200]>
2021-08-11 12:50:27,764 - instabot version: 0.117.0 (api) - DEBUG - GET to endpoint: feed/user/13869174215/?max_id=2500943117584641281_13869174215&min_timestamp=None&rank_token=49050629623_9051c3aa-2094-42a2-9310-2cde63d9e866&ranked_content=true returned response: <Response [200]>
2021-08-11 12:50:28,752 - instabot version: 0.117.0 (api) - DEBUG - GET to endpoint: feed/user/13869174215/?max_id=2498283431010294463_13869174215&min_timestamp=None&rank_token=49050629623_9051c3aa-2094-42a2-9310-2cde63d9e866&ranked_content=true returned response: <Response [200]>
2021-08-11 12:50:29,068 - instabot version: 0.117.0 (api) - DEBUG - GET to endpoint: feed/user/13869174215/?max_id=2495761810779660771_13869174215&min_timestamp=None&rank_token=49050629623_9051c3aa-2094-42a2-9310-2cde63d9e866&ranked_content=true returned response: <Response [200]>
2021-08-11 12:50:29,384 - instabot version: 0.117.0 (api) - DEBUG - GET to endpoint: feed/user/13869174215/?max_id=2492896690635740047_13869174215&min_timestamp=None&rank_token=49050629623_9051c3aa-2094-42a2-9310-2cde63d9e866&ranked_content=true returned response: <Response [200]>
2021-08-11 12:50:29,719 - instabot version: 0.117.0 (api) - DEBUG - GET to endpoint: feed/user/13869174215/?max_id=2490035805613357200_13869174215&min_timestamp=None&rank_token=49050629623_9051c3aa-2094-42a2-9310-2cde63d9e866&ranked_content=true returned response: <Response [200]>
2021-08-11 12:50:30,027 - instabot version: 0.117.0 (api) - DEBUG - GET to endpoint: feed/user/13869174215/?max_id=2486732359787741412_13869174215&min_timestamp=None&rank_token=49050629623_9051c3aa-2094-42a2-9310-2cde63d9e866&ranked_content=true returned response: <Response [200]>
2021-08-11 12:50:30,438 - instabot version: 0.117.0 (api) - DEBUG - GET to endpoint: feed/user/13869174215/?max_id=2482720829293601208_13869174215&min_timestamp=None&rank_token=49050629623_9051c3aa-2094-42a2-9310-2cde63d9e866&ranked_content=true returned response: <Response [200]>
2021-08-11 12:50:30,945 - instabot version: 0.117.0 (api) - DEBUG - GET to endpoint: feed/user/13869174215/?max_id=2478752239038765168_13869174215&min_timestamp=None&rank_token=49050629623_9051c3aa-2094-42a2-9310-2cde63d9e866&ranked_content=true returned response: <Response [200]>
2021-08-11 12:50:31,517 - instabot version: 0.117.0 (api) - DEBUG - GET to endpoint: feed/user/13869174215/?max_id=2475118222951480584_13869174215&min_timestamp=None&rank_token=49050629623_9051c3aa-2094-42a2-9310-2cde63d9e866&ranked_content=true returned response: <Response [200]>
2021-08-11 12:50:31,828 - instabot version: 0.117.0 (api) - DEBUG - GET to endpoint: feed/user/13869174215/?max_id=2471101842343410664_13869174215&min_timestamp=None&rank_token=49050629623_9051c3aa-2094-42a2-9310-2cde63d9e866&ranked_content=true returned response: <Response [200]>
2021-08-11 12:50:32,167 - instabot version: 0.117.0 (api) - DEBUG - GET to endpoint: feed/user/13869174215/?max_id=2467518227559871289_13869174215&min_timestamp=None&rank_token=49050629623_9051c3aa-2094-42a2-9310-2cde63d9e866&ranked_content=true returned response: <Response [200]>
2021-08-11 12:50:32,508 - instabot version: 0.117.0 (api) - DEBUG - GET to endpoint: feed/user/13869174215/?max_id=2463549501526183565_13869174215&min_timestamp=None&rank_token=49050629623_9051c3aa-2094-42a2-9310-2cde63d9e866&ranked_content=true returned response: <Response [200]>
2021-08-11 12:50:32,834 - instabot version: 0.117.0 (api) - DEBUG - GET to endpoint: feed/user/13869174215/?max_id=2459530545717158185_13869174215&min_timestamp=None&rank_token=49050629623_9051c3aa-2094-42a2-9310-2cde63d9e866&ranked_content=true returned response: <Response [200]>
2021-08-11 12:50:33,462 - instabot version: 0.117.0 (api) - DEBUG - GET to endpoint: feed/user/13869174215/?max_id=2455579668374307892_13869174215&min_timestamp=None&rank_token=49050629623_9051c3aa-2094-42a2-9310-2cde63d9e866&ranked_content=true returned response: <Response [200]>
2021-08-11 12:50:33,853 - instabot version: 0.117.0 (api) - DEBUG - GET to endpoint: feed/user/13869174215/?max_id=2451618429724054352_13869174215&min_timestamp=None&rank_token=49050629623_9051c3aa-2094-42a2-9310-2cde63d9e866&ranked_content=true returned response: <Response [200]>
2021-08-11 12:50:34,217 - instabot version: 0.117.0 (api) - DEBUG - GET to endpoint: feed/user/13869174215/?max_id=2447614536338001877_13869174215&min_timestamp=None&rank_token=49050629623_9051c3aa-2094-42a2-9310-2cde63d9e866&ranked_content=true returned response: <Response [200]>
2021-08-11 12:50:34,608 - instabot version: 0.117.0 (api) - DEBUG - GET to endpoint: feed/user/13869174215/?max_id=2443464688237889437_13869174215&min_timestamp=None&rank_token=49050629623_9051c3aa-2094-42a2-9310-2cde63d9e866&ranked_content=true returned response: <Response [200]>
2021-08-11 12:50:34,952 - instabot version: 0.117.0 (api) - DEBUG - GET to endpoint: feed/user/13869174215/?max_id=2439617310992844088_13869174215&min_timestamp=None&rank_token=49050629623_9051c3aa-2094-42a2-9310-2cde63d9e866&ranked_content=true returned response: <Response [200]>
2021-08-11 12:50:35,425 - instabot version: 0.117.0 (api) - DEBUG - GET to endpoint: feed/user/13869174215/?max_id=2435815706958500677_13869174215&min_timestamp=None&rank_token=49050629623_9051c3aa-2094-42a2-9310-2cde63d9e866&ranked_content=true returned response: <Response [200]>
2021-08-11 12:50:35,834 - instabot version: 0.117.0 (api) - DEBUG - GET to endpoint: feed/user/13869174215/?max_id=2431996577125033474_13869174215&min_timestamp=None&rank_token=49050629623_9051c3aa-2094-42a2-9310-2cde63d9e866&ranked_content=true returned response: <Response [200]>
2021-08-11 12:50:36,138 - instabot version: 0.117.0 (api) - DEBUG - GET to endpoint: feed/user/13869174215/?max_id=2428043070745097829_13869174215&min_timestamp=None&rank_token=49050629623_9051c3aa-2094-42a2-9310-2cde63d9e866&ranked_content=true returned response: <Response [200]>
2021-08-11 12:50:36,527 - instabot version: 0.117.0 (api) - DEBUG - GET to endpoint: feed/user/13869174215/?max_id=2424716096599989952_13869174215&min_timestamp=None&rank_token=49050629623_9051c3aa-2094-42a2-9310-2cde63d9e866&ranked_content=true returned response: <Response [200]>
2021-08-11 12:50:36,838 - instabot version: 0.117.0 (api) - DEBUG - GET to endpoint: feed/user/13869174215/?max_id=2421771708858715939_13869174215&min_timestamp=None&rank_token=49050629623_9051c3aa-2094-42a2-9310-2cde63d9e866&ranked_content=true returned response: <Response [200]>
2021-08-11 12:50:37,184 - instabot version: 0.117.0 (api) - DEBUG - GET to endpoint: feed/user/13869174215/?max_id=2418408328667847128_13869174215&min_timestamp=None&rank_token=49050629623_9051c3aa-2094-42a2-9310-2cde63d9e866&ranked_content=true returned response: <Response [200]>
2021-08-11 12:50:37,518 - instabot version: 0.117.0 (api) - DEBUG - GET to endpoint: feed/user/13869174215/?max_id=2414531515888226561_13869174215&min_timestamp=None&rank_token=49050629623_9051c3aa-2094-42a2-9310-2cde63d9e866&ranked_content=true returned response: <Response [200]>
2021-08-11 12:50:37,867 - instabot version: 0.117.0 (api) - DEBUG - GET to endpoint: feed/user/13869174215/?max_id=2410927791542485197_13869174215&min_timestamp=None&rank_token=49050629623_9051c3aa-2094-42a2-9310-2cde63d9e866&ranked_content=true returned response: <Response [200]>
2021-08-11 12:50:38,187 - instabot version: 0.117.0 (api) - DEBUG - GET to endpoint: feed/user/13869174215/?max_id=2406991883320247136_13869174215&min_timestamp=None&rank_token=49050629623_9051c3aa-2094-42a2-9310-2cde63d9e866&ranked_content=true returned response: <Response [200]>
2021-08-11 12:50:38,637 - instabot version: 0.117.0 (api) - DEBUG - GET to endpoint: feed/user/13869174215/?max_id=2402644391570071297_13869174215&min_timestamp=None&rank_token=49050629623_9051c3aa-2094-42a2-9310-2cde63d9e866&ranked_content=true returned response: <Response [200]>
2021-08-11 12:50:39,086 - instabot version: 0.117.0 (api) - DEBUG - GET to endpoint: feed/user/13869174215/?max_id=2399011842297743033_13869174215&min_timestamp=None&rank_token=49050629623_9051c3aa-2094-42a2-9310-2cde63d9e866&ranked_content=true returned response: <Response [200]>
2021-08-11 12:50:39,396 - instabot version: 0.117.0 (api) - DEBUG - GET to endpoint: feed/user/13869174215/?max_id=2395352515246179262_13869174215&min_timestamp=None&rank_token=49050629623_9051c3aa-2094-42a2-9310-2cde63d9e866&ranked_content=true returned response: <Response [200]>
2021-08-11 12:50:39,702 - instabot version: 0.117.0 (api) - DEBUG - GET to endpoint: feed/user/13869174215/?max_id=2390568714913524230_13869174215&min_timestamp=None&rank_token=49050629623_9051c3aa-2094-42a2-9310-2cde63d9e866&ranked_content=true returned response: <Response [200]>
2021-08-11 12:50:40,016 - instabot version: 0.117.0 (api) - DEBUG - GET to endpoint: feed/user/13869174215/?max_id=2386328158687631352_13869174215&min_timestamp=None&rank_token=49050629623_9051c3aa-2094-42a2-9310-2cde63d9e866&ranked_content=true returned response: <Response [200]>
2021-08-11 12:50:40,358 - instabot version: 0.117.0 (api) - DEBUG - GET to endpoint: feed/user/13869174215/?max_id=2381992501190178084_13869174215&min_timestamp=None&rank_token=49050629623_9051c3aa-2094-42a2-9310-2cde63d9e866&ranked_content=true returned response: <Response [200]>
2021-08-11 12:50:40,783 - instabot version: 0.117.0 (api) - DEBUG - GET to endpoint: feed/user/13869174215/?max_id=2377632809181569845_13869174215&min_timestamp=None&rank_token=49050629623_9051c3aa-2094-42a2-9310-2cde63d9e866&ranked_content=true returned response: <Response [200]>
2021-08-11 12:50:41,150 - instabot version: 0.117.0 (api) - DEBUG - GET to endpoint: feed/user/13869174215/?max_id=2373267162100278856_13869174215&min_timestamp=None&rank_token=49050629623_9051c3aa-2094-42a2-9310-2cde63d9e866&ranked_content=true returned response: <Response [200]>
2021-08-11 12:50:41,442 - instabot version: 0.117.0 (api) - DEBUG - GET to endpoint: feed/user/13869174215/?max_id=2369306438336495024_13869174215&min_timestamp=None&rank_token=49050629623_9051c3aa-2094-42a2-9310-2cde63d9e866&ranked_content=true returned response: <Response [200]>
2021-08-11 12:50:41,828 - instabot version: 0.117.0 (api) - DEBUG - GET to endpoint: feed/user/13869174215/?max_id=2365274067178056758_13869174215&min_timestamp=None&rank_token=49050629623_9051c3aa-2094-42a2-9310-2cde63d9e866&ranked_content=true returned response: <Response [200]>
2021-08-11 12:50:42,116 - instabot version: 0.117.0 (api) - DEBUG - GET to endpoint: feed/user/13869174215/?max_id=2361279579132735792_13869174215&min_timestamp=None&rank_token=49050629623_9051c3aa-2094-42a2-9310-2cde63d9e866&ranked_content=true returned response: <Response [200]>
2021-08-11 12:50:42,434 - instabot version: 0.117.0 (api) - DEBUG - GET to endpoint: feed/user/13869174215/?max_id=2357345194314438858_13869174215&min_timestamp=None&rank_token=49050629623_9051c3aa-2094-42a2-9310-2cde63d9e866&ranked_content=true returned response: <Response [200]>
2021-08-11 12:50:42,816 - instabot version: 0.117.0 (api) - DEBUG - GET to endpoint: feed/user/13869174215/?max_id=2353350154726546381_13869174215&min_timestamp=None&rank_token=49050629623_9051c3aa-2094-42a2-9310-2cde63d9e866&ranked_content=true returned response: <Response [200]>
2021-08-11 12:50:43,171 - instabot version: 0.117.0 (api) - DEBUG - GET to endpoint: feed/user/13869174215/?max_id=2349007985303754832_13869174215&min_timestamp=None&rank_token=49050629623_9051c3aa-2094-42a2-9310-2cde63d9e866&ranked_content=true returned response: <Response [200]>
2021-08-11 12:50:43,475 - instabot version: 0.117.0 (api) - DEBUG - GET to endpoint: feed/user/13869174215/?max_id=2344654911630185485_13869174215&min_timestamp=None&rank_token=49050629623_9051c3aa-2094-42a2-9310-2cde63d9e866&ranked_content=true returned response: <Response [200]>
2021-08-11 12:50:44,135 - instabot version: 0.117.0 (api) - DEBUG - GET to endpoint: feed/user/13869174215/?max_id=2341037393241873080_13869174215&min_timestamp=None&rank_token=49050629623_9051c3aa-2094-42a2-9310-2cde63d9e866&ranked_content=true returned response: <Response [200]>
2021-08-11 12:50:44,487 - instabot version: 0.117.0 (api) - DEBUG - GET to endpoint: feed/user/13869174215/?max_id=2336690473795042052_13869174215&min_timestamp=None&rank_token=49050629623_9051c3aa-2094-42a2-9310-2cde63d9e866&ranked_content=true returned response: <Response [200]>
2021-08-11 12:50:44,803 - instabot version: 0.117.0 (api) - DEBUG - GET to endpoint: feed/user/13869174215/?max_id=2332717800911944273_13869174215&min_timestamp=None&rank_token=49050629623_9051c3aa-2094-42a2-9310-2cde63d9e866&ranked_content=true returned response: <Response [200]>
2021-08-11 12:50:45,136 - instabot version: 0.117.0 (api) - DEBUG - GET to endpoint: feed/user/13869174215/?max_id=2329431544174195027_13869174215&min_timestamp=None&rank_token=49050629623_9051c3aa-2094-42a2-9310-2cde63d9e866&ranked_content=true returned response: <Response [200]>
2021-08-11 12:50:45,576 - instabot version: 0.117.0 (api) - DEBUG - GET to endpoint: feed/user/13869174215/?max_id=2325800082635823428_13869174215&min_timestamp=None&rank_token=49050629623_9051c3aa-2094-42a2-9310-2cde63d9e866&ranked_content=true returned response: <Response [200]>
2021-08-11 12:50:46,016 - instabot version: 0.117.0 (api) - DEBUG - GET to endpoint: feed/user/13869174215/?max_id=2322179112956194724_13869174215&min_timestamp=None&rank_token=49050629623_9051c3aa-2094-42a2-9310-2cde63d9e866&ranked_content=true returned response: <Response [200]>
2021-08-11 12:50:46,360 - instabot version: 0.117.0 (api) - DEBUG - GET to endpoint: feed/user/13869174215/?max_id=2319636168684353441_13869174215&min_timestamp=None&rank_token=49050629623_9051c3aa-2094-42a2-9310-2cde63d9e866&ranked_content=true returned response: <Response [200]>
2021-08-11 12:50:46,993 - instabot version: 0.117.0 (api) - DEBUG - GET to endpoint: feed/user/13869174215/?max_id=2317100443405582429_13869174215&min_timestamp=None&rank_token=49050629623_9051c3aa-2094-42a2-9310-2cde63d9e866&ranked_content=true returned response: <Response [200]>
2021-08-11 12:50:47,352 - instabot version: 0.117.0 (api) - DEBUG - GET to endpoint: feed/user/13869174215/?max_id=2314920226930836881_13869174215&min_timestamp=None&rank_token=49050629623_9051c3aa-2094-42a2-9310-2cde63d9e866&ranked_content=true returned response: <Response [200]>
2021-08-11 12:50:47,679 - instabot version: 0.117.0 (api) - DEBUG - GET to endpoint: feed/user/13869174215/?max_id=2312752348211262920_13869174215&min_timestamp=None&rank_token=49050629623_9051c3aa-2094-42a2-9310-2cde63d9e866&ranked_content=true returned response: <Response [200]>
2021-08-11 12:50:48,402 - instabot version: 0.117.0 (api) - DEBUG - GET to endpoint: feed/user/13869174215/?max_id=2310584871557774312_13869174215&min_timestamp=None&rank_token=49050629623_9051c3aa-2094-42a2-9310-2cde63d9e866&ranked_content=true returned response: <Response [200]>
2021-08-11 12:50:49,019 - instabot version: 0.117.0 (api) - DEBUG - GET to endpoint: feed/user/13869174215/?max_id=2308398151144275774_13869174215&min_timestamp=None&rank_token=49050629623_9051c3aa-2094-42a2-9310-2cde63d9e866&ranked_content=true returned response: <Response [200]>
2021-08-11 12:50:49,432 - instabot version: 0.117.0 (api) - DEBUG - GET to endpoint: feed/user/13869174215/?max_id=2306214243035679865_13869174215&min_timestamp=None&rank_token=49050629623_9051c3aa-2094-42a2-9310-2cde63d9e866&ranked_content=true returned response: <Response [200]>
2021-08-11 12:50:49,841 - instabot version: 0.117.0 (api) - DEBUG - GET to endpoint: feed/user/13869174215/?max_id=2304077049810540101_13869174215&min_timestamp=None&rank_token=49050629623_9051c3aa-2094-42a2-9310-2cde63d9e866&ranked_content=true returned response: <Response [200]>
2021-08-11 12:50:50,296 - instabot version: 0.117.0 (api) - DEBUG - GET to endpoint: feed/user/13869174215/?max_id=2301874244593063835_13869174215&min_timestamp=None&rank_token=49050629623_9051c3aa-2094-42a2-9310-2cde63d9e866&ranked_content=true returned response: <Response [200]>
2021-08-11 12:50:50,724 - instabot version: 0.117.0 (api) - DEBUG - GET to endpoint: feed/user/13869174215/?max_id=2299689453617576586_13869174215&min_timestamp=None&rank_token=49050629623_9051c3aa-2094-42a2-9310-2cde63d9e866&ranked_content=true returned response: <Response [200]>
2021-08-11 12:50:51,150 - instabot version: 0.117.0 (api) - DEBUG - GET to endpoint: feed/user/13869174215/?max_id=2297526584993941762_13869174215&min_timestamp=None&rank_token=49050629623_9051c3aa-2094-42a2-9310-2cde63d9e866&ranked_content=true returned response: <Response [200]>
2021-08-11 12:50:51,546 - instabot version: 0.117.0 (api) - DEBUG - GET to endpoint: feed/user/13869174215/?max_id=2295342137951639984_13869174215&min_timestamp=None&rank_token=49050629623_9051c3aa-2094-42a2-9310-2cde63d9e866&ranked_content=true returned response: <Response [200]>
2021-08-11 12:50:52,018 - instabot version: 0.117.0 (api) - DEBUG - GET to endpoint: feed/user/13869174215/?max_id=2293164469550094550_13869174215&min_timestamp=None&rank_token=49050629623_9051c3aa-2094-42a2-9310-2cde63d9e866&ranked_content=true returned response: <Response [200]>
2021-08-11 12:50:52,493 - instabot version: 0.117.0 (api) - DEBUG - GET to endpoint: feed/user/13869174215/?max_id=2290653043946185771_13869174215&min_timestamp=None&rank_token=49050629623_9051c3aa-2094-42a2-9310-2cde63d9e866&ranked_content=true returned response: <Response [200]>
2021-08-11 12:50:52,862 - instabot version: 0.117.0 (api) - DEBUG - GET to endpoint: feed/user/13869174215/?max_id=2288480234285480501_13869174215&min_timestamp=None&rank_token=49050629623_9051c3aa-2094-42a2-9310-2cde63d9e866&ranked_content=true returned response: <Response [200]>
2021-08-11 12:50:53,276 - instabot version: 0.117.0 (api) - DEBUG - GET to endpoint: feed/user/13869174215/?max_id=2286670755873014289_13869174215&min_timestamp=None&rank_token=49050629623_9051c3aa-2094-42a2-9310-2cde63d9e866&ranked_content=true returned response: <Response [200]>
2021-08-11 12:50:53,633 - instabot version: 0.117.0 (api) - DEBUG - GET to endpoint: feed/user/13869174215/?max_id=2283761977997474681_13869174215&min_timestamp=None&rank_token=49050629623_9051c3aa-2094-42a2-9310-2cde63d9e866&ranked_content=true returned response: <Response [200]>
2021-08-11 12:50:54,025 - instabot version: 0.117.0 (api) - DEBUG - GET to endpoint: feed/user/13869174215/?max_id=2281596510239418928_13869174215&min_timestamp=None&rank_token=49050629623_9051c3aa-2094-42a2-9310-2cde63d9e866&ranked_content=true returned response: <Response [200]>
2021-08-11 12:50:54,439 - instabot version: 0.117.0 (api) - DEBUG - GET to endpoint: feed/user/13869174215/?max_id=2279401788905208642_13869174215&min_timestamp=None&rank_token=49050629623_9051c3aa-2094-42a2-9310-2cde63d9e866&ranked_content=true returned response: <Response [200]>
2021-08-11 12:50:55,109 - instabot version: 0.117.0 (api) - DEBUG - GET to endpoint: feed/user/13869174215/?max_id=2277252014538086703_13869174215&min_timestamp=None&rank_token=49050629623_9051c3aa-2094-42a2-9310-2cde63d9e866&ranked_content=true returned response: <Response [200]>
2021-08-11 12:50:55,619 - instabot version: 0.117.0 (api) - DEBUG - GET to endpoint: feed/user/13869174215/?max_id=2275442318952913632_13869174215&min_timestamp=None&rank_token=49050629623_9051c3aa-2094-42a2-9310-2cde63d9e866&ranked_content=true returned response: <Response [200]>
2021-08-11 12:50:56,183 - instabot version: 0.117.0 (api) - DEBUG - GET to endpoint: feed/user/13869174215/?max_id=2273259070306972476_13869174215&min_timestamp=None&rank_token=49050629623_9051c3aa-2094-42a2-9310-2cde63d9e866&ranked_content=true returned response: <Response [200]>
2021-08-11 12:50:56,541 - instabot version: 0.117.0 (api) - DEBUG - GET to endpoint: feed/user/13869174215/?max_id=2270762182848634484_13869174215&min_timestamp=None&rank_token=49050629623_9051c3aa-2094-42a2-9310-2cde63d9e866&ranked_content=true returned response: <Response [200]>
2021-08-11 12:50:57,116 - instabot version: 0.117.0 (api) - DEBUG - GET to endpoint: feed/user/13869174215/?max_id=2268565181423751509_13869174215&min_timestamp=None&rank_token=49050629623_9051c3aa-2094-42a2-9310-2cde63d9e866&ranked_content=true returned response: <Response [200]>
2021-08-11 12:50:57,450 - instabot version: 0.117.0 (api) - DEBUG - GET to endpoint: feed/user/13869174215/?max_id=2266434778416159990_13869174215&min_timestamp=None&rank_token=49050629623_9051c3aa-2094-42a2-9310-2cde63d9e866&ranked_content=true returned response: <Response [200]>
2021-08-11 12:50:57,882 - instabot version: 0.117.0 (api) - DEBUG - GET to endpoint: feed/user/13869174215/?max_id=2264251494429061918_13869174215&min_timestamp=None&rank_token=49050629623_9051c3aa-2094-42a2-9310-2cde63d9e866&ranked_content=true returned response: <Response [200]>
2021-08-11 12:50:58,301 - instabot version: 0.117.0 (api) - DEBUG - GET to endpoint: feed/user/13869174215/?max_id=2262026061956425975_13869174215&min_timestamp=None&rank_token=49050629623_9051c3aa-2094-42a2-9310-2cde63d9e866&ranked_content=true returned response: <Response [200]>
2021-08-11 12:50:58,720 - instabot version: 0.117.0 (api) - DEBUG - GET to endpoint: feed/user/13869174215/?max_id=2259894515824727358_13869174215&min_timestamp=None&rank_token=49050629623_9051c3aa-2094-42a2-9310-2cde63d9e866&ranked_content=true returned response: <Response [200]>
2021-08-11 12:50:59,210 - instabot version: 0.117.0 (api) - DEBUG - GET to endpoint: feed/user/13869174215/?max_id=2257716412021021713_13869174215&min_timestamp=None&rank_token=49050629623_9051c3aa-2094-42a2-9310-2cde63d9e866&ranked_content=true returned response: <Response [200]>
2021-08-11 12:50:59,661 - instabot version: 0.117.0 (api) - DEBUG - GET to endpoint: feed/user/13869174215/?max_id=2255900852085983121_13869174215&min_timestamp=None&rank_token=49050629623_9051c3aa-2094-42a2-9310-2cde63d9e866&ranked_content=true returned response: <Response [200]>
2021-08-11 12:51:00,221 - instabot version: 0.117.0 (api) - DEBUG - GET to endpoint: feed/user/13869174215/?max_id=2253351749888008663_13869174215&min_timestamp=None&rank_token=49050629623_9051c3aa-2094-42a2-9310-2cde63d9e866&ranked_content=true returned response: <Response [200]>
2021-08-11 12:51:00,581 - instabot version: 0.117.0 (api) - DEBUG - GET to endpoint: feed/user/13869174215/?max_id=2251165165629701613_13869174215&min_timestamp=None&rank_token=49050629623_9051c3aa-2094-42a2-9310-2cde63d9e866&ranked_content=true returned response: <Response [200]>
2021-08-11 12:51:01,261 - instabot version: 0.117.0 (api) - DEBUG - GET to endpoint: feed/user/13869174215/?max_id=2249023478694275335_13869174215&min_timestamp=None&rank_token=49050629623_9051c3aa-2094-42a2-9310-2cde63d9e866&ranked_content=true returned response: <Response [200]>
2021-08-11 12:51:01,854 - instabot version: 0.117.0 (api) - DEBUG - GET to endpoint: feed/user/13869174215/?max_id=2246468684859477525_13869174215&min_timestamp=None&rank_token=49050629623_9051c3aa-2094-42a2-9310-2cde63d9e866&ranked_content=true returned response: <Response [200]>
2021-08-11 12:51:02,225 - instabot version: 0.117.0 (api) - DEBUG - GET to endpoint: feed/user/13869174215/?max_id=2243982439130507746_13869174215&min_timestamp=None&rank_token=49050629623_9051c3aa-2094-42a2-9310-2cde63d9e866&ranked_content=true returned response: <Response [200]>
2021-08-11 12:51:02,642 - instabot version: 0.117.0 (api) - DEBUG - GET to endpoint: feed/user/13869174215/?max_id=2241751538342319498_13869174215&min_timestamp=None&rank_token=49050629623_9051c3aa-2094-42a2-9310-2cde63d9e866&ranked_content=true returned response: <Response [200]>
2021-08-11 12:51:03,309 - instabot version: 0.117.0 (api) - DEBUG - GET to endpoint: feed/user/13869174215/?max_id=2239644815922173042_13869174215&min_timestamp=None&rank_token=49050629623_9051c3aa-2094-42a2-9310-2cde63d9e866&ranked_content=true returned response: <Response [200]>
2021-08-11 12:51:03,849 - instabot version: 0.117.0 (api) - DEBUG - GET to endpoint: feed/user/13869174215/?max_id=2236964078899033269_13869174215&min_timestamp=None&rank_token=49050629623_9051c3aa-2094-42a2-9310-2cde63d9e866&ranked_content=true returned response: <Response [200]>
2021-08-11 12:51:04,320 - instabot version: 0.117.0 (api) - DEBUG - GET to endpoint: feed/user/13869174215/?max_id=2234470160705807877_13869174215&min_timestamp=None&rank_token=49050629623_9051c3aa-2094-42a2-9310-2cde63d9e866&ranked_content=true returned response: <Response [200]>
2021-08-11 12:51:04,810 - instabot version: 0.117.0 (api) - DEBUG - GET to endpoint: feed/user/13869174215/?max_id=2232182215051351891_13869174215&min_timestamp=None&rank_token=49050629623_9051c3aa-2094-42a2-9310-2cde63d9e866&ranked_content=true returned response: <Response [200]>
2021-08-11 12:51:05,295 - instabot version: 0.117.0 (api) - DEBUG - GET to endpoint: feed/user/13869174215/?max_id=2229945151513817942_13869174215&min_timestamp=None&rank_token=49050629623_9051c3aa-2094-42a2-9310-2cde63d9e866&ranked_content=true returned response: <Response [200]>
2021-08-11 12:51:05,687 - instabot version: 0.117.0 (api) - DEBUG - GET to endpoint: feed/user/13869174215/?max_id=2227590757573195809_13869174215&min_timestamp=None&rank_token=49050629623_9051c3aa-2094-42a2-9310-2cde63d9e866&ranked_content=true returned response: <Response [200]>
2021-08-11 12:51:06,208 - instabot version: 0.117.0 (api) - DEBUG - GET to endpoint: feed/user/13869174215/?max_id=2225692582499271179_13869174215&min_timestamp=None&rank_token=49050629623_9051c3aa-2094-42a2-9310-2cde63d9e866&ranked_content=true returned response: <Response [200]>
2021-08-11 12:51:06,635 - instabot version: 0.117.0 (api) - DEBUG - GET to endpoint: feed/user/13869174215/?max_id=2223662248396016060_13869174215&min_timestamp=None&rank_token=49050629623_9051c3aa-2094-42a2-9310-2cde63d9e866&ranked_content=true returned response: <Response [200]>
2021-08-11 12:51:07,035 - instabot version: 0.117.0 (api) - DEBUG - GET to endpoint: feed/user/13869174215/?max_id=2221952661829713857_13869174215&min_timestamp=None&rank_token=49050629623_9051c3aa-2094-42a2-9310-2cde63d9e866&ranked_content=true returned response: <Response [200]>
2021-08-11 12:51:07,519 - instabot version: 0.117.0 (api) - DEBUG - GET to endpoint: feed/user/13869174215/?max_id=2220317659450815027_13869174215&min_timestamp=None&rank_token=49050629623_9051c3aa-2094-42a2-9310-2cde63d9e866&ranked_content=true returned response: <Response [200]>
2021-08-11 12:51:07,950 - instabot version: 0.117.0 (api) - DEBUG - GET to endpoint: feed/user/13869174215/?max_id=2218150240418389695_13869174215&min_timestamp=None&rank_token=49050629623_9051c3aa-2094-42a2-9310-2cde63d9e866&ranked_content=true returned response: <Response [200]>
2021-08-11 12:51:08,471 - instabot version: 0.117.0 (api) - DEBUG - GET to endpoint: feed/user/13869174215/?max_id=2215941782218586226_13869174215&min_timestamp=None&rank_token=49050629623_9051c3aa-2094-42a2-9310-2cde63d9e866&ranked_content=true returned response: <Response [200]>
2021-08-11 12:51:08,883 - instabot version: 0.117.0 (api) - DEBUG - GET to endpoint: feed/user/13869174215/?max_id=2213904829235079207_13869174215&min_timestamp=None&rank_token=49050629623_9051c3aa-2094-42a2-9310-2cde63d9e866&ranked_content=true returned response: <Response [200]>
2021-08-11 12:51:09,283 - instabot version: 0.117.0 (api) - DEBUG - GET to endpoint: feed/user/13869174215/?max_id=2211904152468235651_13869174215&min_timestamp=None&rank_token=49050629623_9051c3aa-2094-42a2-9310-2cde63d9e866&ranked_content=true returned response: <Response [200]>
2021-08-11 12:51:09,679 - instabot version: 0.117.0 (api) - DEBUG - GET to endpoint: feed/user/13869174215/?max_id=2209723750043384702_13869174215&min_timestamp=None&rank_token=49050629623_9051c3aa-2094-42a2-9310-2cde63d9e866&ranked_content=true returned response: <Response [200]>
2021-08-11 12:51:10,109 - instabot version: 0.117.0 (api) - DEBUG - GET to endpoint: feed/user/13869174215/?max_id=2206212210577150626_13869174215&min_timestamp=None&rank_token=49050629623_9051c3aa-2094-42a2-9310-2cde63d9e866&ranked_content=true returned response: <Response [200]>
2021-08-11 12:51:10,622 - instabot version: 0.117.0 (api) - DEBUG - GET to endpoint: feed/user/13869174215/?max_id=2203250648626099001_13869174215&min_timestamp=None&rank_token=49050629623_9051c3aa-2094-42a2-9310-2cde63d9e866&ranked_content=true returned response: <Response [200]>
2021-08-11 12:51:11,091 - instabot version: 0.117.0 (api) - DEBUG - GET to endpoint: feed/user/13869174215/?max_id=2199728853014103197_13869174215&min_timestamp=None&rank_token=49050629623_9051c3aa-2094-42a2-9310-2cde63d9e866&ranked_content=true returned response: <Response [200]>
2021-08-11 12:51:11,467 - instabot version: 0.117.0 (api) - DEBUG - GET to endpoint: feed/user/13869174215/?max_id=2194658487303145830_13869174215&min_timestamp=None&rank_token=49050629623_9051c3aa-2094-42a2-9310-2cde63d9e866&ranked_content=true returned response: <Response [200]>
2021-08-11 12:51:11,893 - instabot version: 0.117.0 (api) - DEBUG - GET to endpoint: feed/user/13869174215/?max_id=2189948305261508331_13869174215&min_timestamp=None&rank_token=49050629623_9051c3aa-2094-42a2-9310-2cde63d9e866&ranked_content=true returned response: <Response [200]>
2021-08-11 12:51:12,258 - instabot version: 0.117.0 (api) - DEBUG - GET to endpoint: feed/user/13869174215/?max_id=2184534852849943496_13869174215&min_timestamp=None&rank_token=49050629623_9051c3aa-2094-42a2-9310-2cde63d9e866&ranked_content=true returned response: <Response [200]>
2021-08-11 12:51:12,486 - instabot version: 0.117.0 (api) - DEBUG - GET to endpoint: feed/user/13869174215/?max_id=2180139194498824761_13869174215&min_timestamp=None&rank_token=49050629623_9051c3aa-2094-42a2-9310-2cde63d9e866&ranked_content=true returned response: <Response [200]>
2021-08-11 12:51:12,828 - instabot version: 0.117.0 (api) - DEBUG - GET to endpoint: users/vocabexpansion/usernameinfo/ returned response: <Response [200]>
2021-08-11 12:51:13,609 - instabot version: 0.117.0 (api) - DEBUG - GET to endpoint: media/2619320932840007255_13869174215/info/ returned response: <Response [200]>
2021-08-11 12:51:14,006 - instabot version: 0.117.0 (api) - DEBUG - POST to endpoint: direct_v2/threads/broadcast/media_share/ returned response: <Response [200]>
2021-08-11 12:51:14,483 - instabot version: 0.117.0 (api) - DEBUG - POST to endpoint: direct_v2/inbox/ returned response: <Response [200]>
2021-08-11 12:51:14,493 - instabot version: 0.117.0 (bot_checkpoint) - DEBUG - Saving Checkpoint file to: D:\Programming\2021\InstaBot/config/derbgang.checkpoint
2021-08-11 12:51:14,494 - instabot version: 0.117.0 (bot) - INFO - Total messages: 7/98
2021-08-11 12:51:14,494 - instabot version: 0.117.0 (bot) - INFO - Total requests: 2059
