2021-08-10 00:17:20,103 - instabot version: 0.117.0 (bot) - INFO - Instabot version: 0.117.0 Started
2021-08-10 00:17:20,103 - instabot version: 0.117.0 (bot) - DEBUG - Bot imported from C:\Users\skyem\AppData\Local\Programs\Python\Python39\lib\site-packages\instabot\bot\bot.py
2021-08-10 00:17:21,395 - instabot version: 0.117.0 (api_login) - INFO - Not yet logged in starting: PRE-LOGIN FLOW!
2021-08-10 00:17:21,630 - instabot version: 0.117.0 (api) - DEBUG - POST to endpoint: accounts/get_prefill_candidates/ returned response: <Response [200]>
2021-08-10 00:17:21,823 - instabot version: 0.117.0 (api) - DEBUG - POST to endpoint: qe/sync/ returned response: <Response [200]>
2021-08-10 00:17:22,017 - instabot version: 0.117.0 (api) - DEBUG - POST to endpoint: launcher/sync/ returned response: <Response [200]>
2021-08-10 00:17:22,170 - instabot version: 0.117.0 (api) - DEBUG - POST to endpoint: accounts/contact_point_prefill/ returned response: <Response [200]>
2021-08-10 00:17:23,731 - instabot version: 0.117.0 (api) - DEBUG - POST to endpoint: accounts/login/ returned response: <Response [200]>
2021-08-10 00:17:23,731 - instabot version: 0.117.0 (api) - INFO - Logged-in successfully as 'derbgang'!
2021-08-10 00:17:23,731 - instabot version: 0.117.0 (api_login) - INFO - LOGIN FLOW! Just logged-in: True
2021-08-10 00:17:23,955 - instabot version: 0.117.0 (api) - DEBUG - POST to endpoint: qe/sync/ returned response: <Response [200]>
2021-08-10 00:17:24,152 - instabot version: 0.117.0 (api) - DEBUG - POST to endpoint: launcher/sync/ returned response: <Response [200]>
2021-08-10 00:17:24,296 - instabot version: 0.117.0 (api) - DEBUG - GET to endpoint: zr/token/result/?device_id=android-482d8e988b586de3&token_hash=&custom_device_id=android-482d8e988b586de3&fetch_reason=token_expired returned response: <Response [200]>
2021-08-10 00:17:24,454 - instabot version: 0.117.0 (api) - DEBUG - GET to endpoint: multiple_accounts/get_account_family/ returned response: <Response [200]>
2021-08-10 00:17:24,672 - instabot version: 0.117.0 (api) - DEBUG - POST to endpoint: qe/sync/ returned response: <Response [200]>
2021-08-10 00:17:25,034 - instabot version: 0.117.0 (api) - DEBUG - GET to endpoint: igtv/browse_feed/?prefetch=1 returned response: <Response [200]>
2021-08-10 00:17:25,183 - instabot version: 0.117.0 (api) - DEBUG - POST to endpoint: creatives/ar_class/ returned response: <Response [200]>
2021-08-10 00:17:25,907 - instabot version: 0.117.0 (api) - DEBUG - POST to endpoint: feed/reels_tray/ returned response: <Response [200]>
2021-08-10 00:17:28,704 - instabot version: 0.117.0 (api) - DEBUG - POST to endpoint: feed/timeline/ returned response: <Response [200]>
2021-08-10 00:17:28,854 - instabot version: 0.117.0 (api) - DEBUG - GET to endpoint: media/blocked/ returned response: <Response [200]>
2021-08-10 00:17:29,417 - instabot version: 0.117.0 (api) - DEBUG - GET to endpoint: news/inbox/ returned response: <Response [200]>
2021-08-10 00:17:29,600 - instabot version: 0.117.0 (api) - DEBUG - GET to endpoint: loom/fetch_config/ returned response: <Response [200]>
2021-08-10 00:17:29,973 - instabot version: 0.117.0 (api) - DEBUG - GET to endpoint: scores/bootstrap/users/?surfaces=["autocomplete_user_list","coefficient_besties_list_ranking","coefficient_rank_recipient_user_suggestion","coefficient_ios_section_test_bootstrap_ranking","coefficient_direct_recipients_ranking_variant_2"] returned response: <Response [200]>
2021-08-10 00:17:30,153 - instabot version: 0.117.0 (api) - DEBUG - GET to endpoint: business/eligibility/get_monetization_products_eligibility_data/?product_types=branded_content returned response: <Response [200]>
2021-08-10 00:17:30,307 - instabot version: 0.117.0 (api) - DEBUG - GET to endpoint: business/branded_content/should_require_professional_account/ returned response: <Response [200]>
2021-08-10 00:17:30,466 - instabot version: 0.117.0 (api) - DEBUG - GET to endpoint: linked_accounts/get_linkage_status/ returned response: <Response [200]>
2021-08-10 00:17:30,612 - instabot version: 0.117.0 (api) - DEBUG - GET to endpoint: locations/request_country/ returned response: <Response [200]>
2021-08-10 00:17:30,772 - instabot version: 0.117.0 (api) - DEBUG - GET to endpoint: qp/get_cooldowns/?signed_body=signed_body=4b9c516a5410a3bc128e09c6104a7f042146b9c2023870560c63a43a7f66781c.4&ig_sig_key_version=4&ig_sig_key_version=4 returned response: <Response [200]>
2021-08-10 00:17:30,911 - instabot version: 0.117.0 (api) - DEBUG - GET to endpoint: users/arlink_download_info/?version_override=2.2.1 returned response: <Response [200]>
2021-08-10 00:17:31,272 - instabot version: 0.117.0 (api) - DEBUG - GET to endpoint: users/49050629623/info/ returned response: <Response [200]>
2021-08-10 00:17:31,708 - instabot version: 0.117.0 (api) - DEBUG - GET to endpoint: direct_v2/get_presence/ returned response: <Response [200]>
2021-08-10 00:17:32,163 - instabot version: 0.117.0 (api) - DEBUG - GET to endpoint: direct_v2/inbox/?visual_message_return_type=unseen&thread_message_limit=10&persistentBadging=true&limit=20 returned response: <Response [200]>
2021-08-10 00:17:32,342 - instabot version: 0.117.0 (api) - DEBUG - GET to endpoint: direct_v2/inbox/?visual_message_return_type=unseen&persistentBadging=true&limit=0 returned response: <Response [200]>
2021-08-10 00:17:34,472 - instabot version: 0.117.0 (api) - DEBUG - GET to endpoint: discover/topical_explore/?is_prefetch=true&omit_cover_media=true&use_sectional_payload=true&timezone_offset=0&session_id=ae29185d-f1b3-4866-859c-961301c91d17&include_fixed_destinations=true returned response: <Response [200]>
2021-08-10 00:17:34,625 - instabot version: 0.117.0 (api) - DEBUG - POST to endpoint: notifications/badge/ returned response: <Response [200]>
2021-08-10 00:17:34,888 - instabot version: 0.117.0 (api) - DEBUG - POST to endpoint: qp/batch_fetch/ returned response: <Response [200]>
2021-08-10 00:17:34,889 - instabot version: 0.117.0 (bot_checkpoint) - DEBUG - Loading Checkpoint file from: D:\Programming\2021\InstaBot/config/derbgang.checkpoint
2021-08-10 00:17:49,735 - instabot version: 0.117.0 (api) - DEBUG - GET to endpoint: users/cursed.image5/usernameinfo/ returned response: <Response [200]>
2021-08-10 00:17:50,682 - instabot version: 0.117.0 (api) - DEBUG - GET to endpoint: feed/user/13869174215/?max_id=&min_timestamp=None&rank_token=49050629623_2193f44a-90f2-4f6a-a8a0-15821d31c194&ranked_content=true returned response: <Response [200]>
2021-08-10 00:17:50,939 - instabot version: 0.117.0 (api) - DEBUG - GET to endpoint: feed/user/13869174215/?max_id=2627731595606747680_13869174215&min_timestamp=None&rank_token=49050629623_2193f44a-90f2-4f6a-a8a0-15821d31c194&ranked_content=true returned response: <Response [200]>
2021-08-10 00:17:51,215 - instabot version: 0.117.0 (api) - DEBUG - GET to endpoint: feed/user/13869174215/?max_id=2620015488381609058_13869174215&min_timestamp=None&rank_token=49050629623_2193f44a-90f2-4f6a-a8a0-15821d31c194&ranked_content=true returned response: <Response [200]>
2021-08-10 00:17:51,520 - instabot version: 0.117.0 (api) - DEBUG - GET to endpoint: feed/user/13869174215/?max_id=2616436913512164821_13869174215&min_timestamp=None&rank_token=49050629623_2193f44a-90f2-4f6a-a8a0-15821d31c194&ranked_content=true returned response: <Response [200]>
2021-08-10 00:17:51,778 - instabot version: 0.117.0 (api) - DEBUG - GET to endpoint: feed/user/13869174215/?max_id=2612415388188041563_13869174215&min_timestamp=None&rank_token=49050629623_2193f44a-90f2-4f6a-a8a0-15821d31c194&ranked_content=true returned response: <Response [200]>
2021-08-10 00:17:52,094 - instabot version: 0.117.0 (api) - DEBUG - GET to endpoint: feed/user/13869174215/?max_id=2608796647613037895_13869174215&min_timestamp=None&rank_token=49050629623_2193f44a-90f2-4f6a-a8a0-15821d31c194&ranked_content=true returned response: <Response [200]>
2021-08-10 00:17:52,459 - instabot version: 0.117.0 (api) - DEBUG - GET to endpoint: feed/user/13869174215/?max_id=2604795172092355392_13869174215&min_timestamp=None&rank_token=49050629623_2193f44a-90f2-4f6a-a8a0-15821d31c194&ranked_content=true returned response: <Response [200]>
2021-08-10 00:17:52,724 - instabot version: 0.117.0 (api) - DEBUG - GET to endpoint: feed/user/13869174215/?max_id=2601214118996329385_13869174215&min_timestamp=None&rank_token=49050629623_2193f44a-90f2-4f6a-a8a0-15821d31c194&ranked_content=true returned response: <Response [200]>
2021-08-10 00:17:53,030 - instabot version: 0.117.0 (api) - DEBUG - GET to endpoint: feed/user/13869174215/?max_id=2597182532864099283_13869174215&min_timestamp=None&rank_token=49050629623_2193f44a-90f2-4f6a-a8a0-15821d31c194&ranked_content=true returned response: <Response [200]>
2021-08-10 00:17:53,364 - instabot version: 0.117.0 (api) - DEBUG - GET to endpoint: feed/user/13869174215/?max_id=2593244070080045174_13869174215&min_timestamp=None&rank_token=49050629623_2193f44a-90f2-4f6a-a8a0-15821d31c194&ranked_content=true returned response: <Response [200]>
2021-08-10 00:17:53,640 - instabot version: 0.117.0 (api) - DEBUG - GET to endpoint: feed/user/13869174215/?max_id=2589227616951951425_13869174215&min_timestamp=None&rank_token=49050629623_2193f44a-90f2-4f6a-a8a0-15821d31c194&ranked_content=true returned response: <Response [200]>
2021-08-10 00:17:53,917 - instabot version: 0.117.0 (api) - DEBUG - GET to endpoint: feed/user/13869174215/?max_id=2585258947985213387_13869174215&min_timestamp=None&rank_token=49050629623_2193f44a-90f2-4f6a-a8a0-15821d31c194&ranked_content=true returned response: <Response [200]>
2021-08-10 00:17:54,195 - instabot version: 0.117.0 (api) - DEBUG - GET to endpoint: feed/user/13869174215/?max_id=2581637575332734746_13869174215&min_timestamp=None&rank_token=49050629623_2193f44a-90f2-4f6a-a8a0-15821d31c194&ranked_content=true returned response: <Response [200]>
2021-08-10 00:17:54,502 - instabot version: 0.117.0 (api) - DEBUG - GET to endpoint: feed/user/13869174215/?max_id=2577628668209818581_13869174215&min_timestamp=None&rank_token=49050629623_2193f44a-90f2-4f6a-a8a0-15821d31c194&ranked_content=true returned response: <Response [200]>
2021-08-10 00:17:54,800 - instabot version: 0.117.0 (api) - DEBUG - GET to endpoint: feed/user/13869174215/?max_id=2573660118119257191_13869174215&min_timestamp=None&rank_token=49050629623_2193f44a-90f2-4f6a-a8a0-15821d31c194&ranked_content=true returned response: <Response [200]>
2021-08-10 00:17:55,117 - instabot version: 0.117.0 (api) - DEBUG - GET to endpoint: feed/user/13869174215/?max_id=2569648595581358534_13869174215&min_timestamp=None&rank_token=49050629623_2193f44a-90f2-4f6a-a8a0-15821d31c194&ranked_content=true returned response: <Response [200]>
2021-08-10 00:17:55,404 - instabot version: 0.117.0 (api) - DEBUG - GET to endpoint: feed/user/13869174215/?max_id=2565684973678156159_13869174215&min_timestamp=None&rank_token=49050629623_2193f44a-90f2-4f6a-a8a0-15821d31c194&ranked_content=true returned response: <Response [200]>
2021-08-10 00:17:55,688 - instabot version: 0.117.0 (api) - DEBUG - GET to endpoint: feed/user/13869174215/?max_id=2561676120609053628_13869174215&min_timestamp=None&rank_token=49050629623_2193f44a-90f2-4f6a-a8a0-15821d31c194&ranked_content=true returned response: <Response [200]>
2021-08-10 00:17:56,064 - instabot version: 0.117.0 (api) - DEBUG - GET to endpoint: feed/user/13869174215/?max_id=2557730168412519658_13869174215&min_timestamp=None&rank_token=49050629623_2193f44a-90f2-4f6a-a8a0-15821d31c194&ranked_content=true returned response: <Response [200]>
2021-08-10 00:17:56,385 - instabot version: 0.117.0 (api) - DEBUG - GET to endpoint: feed/user/13869174215/?max_id=2553718618751776410_13869174215&min_timestamp=None&rank_token=49050629623_2193f44a-90f2-4f6a-a8a0-15821d31c194&ranked_content=true returned response: <Response [200]>
2021-08-10 00:17:56,700 - instabot version: 0.117.0 (api) - DEBUG - GET to endpoint: feed/user/13869174215/?max_id=2549729833695157544_13869174215&min_timestamp=None&rank_token=49050629623_2193f44a-90f2-4f6a-a8a0-15821d31c194&ranked_content=true returned response: <Response [200]>
2021-08-10 00:17:57,015 - instabot version: 0.117.0 (api) - DEBUG - GET to endpoint: feed/user/13869174215/?max_id=2546438152498949331_13869174215&min_timestamp=None&rank_token=49050629623_2193f44a-90f2-4f6a-a8a0-15821d31c194&ranked_content=true returned response: <Response [200]>
2021-08-10 00:17:57,309 - instabot version: 0.117.0 (api) - DEBUG - GET to endpoint: feed/user/13869174215/?max_id=2543221588289855602_13869174215&min_timestamp=None&rank_token=49050629623_2193f44a-90f2-4f6a-a8a0-15821d31c194&ranked_content=true returned response: <Response [200]>
2021-08-10 00:17:57,804 - instabot version: 0.117.0 (api) - DEBUG - GET to endpoint: feed/user/13869174215/?max_id=2539205504467617817_13869174215&min_timestamp=None&rank_token=49050629623_2193f44a-90f2-4f6a-a8a0-15821d31c194&ranked_content=true returned response: <Response [200]>
2021-08-10 00:17:58,089 - instabot version: 0.117.0 (api) - DEBUG - GET to endpoint: feed/user/13869174215/?max_id=2535616855456958754_13869174215&min_timestamp=None&rank_token=49050629623_2193f44a-90f2-4f6a-a8a0-15821d31c194&ranked_content=true returned response: <Response [200]>
2021-08-10 00:17:58,397 - instabot version: 0.117.0 (api) - DEBUG - GET to endpoint: feed/user/13869174215/?max_id=2531665839117921613_13869174215&min_timestamp=None&rank_token=49050629623_2193f44a-90f2-4f6a-a8a0-15821d31c194&ranked_content=true returned response: <Response [200]>
2021-08-10 00:17:58,711 - instabot version: 0.117.0 (api) - DEBUG - GET to endpoint: feed/user/13869174215/?max_id=2528029453154875516_13869174215&min_timestamp=None&rank_token=49050629623_2193f44a-90f2-4f6a-a8a0-15821d31c194&ranked_content=true returned response: <Response [200]>
2021-08-10 00:17:59,061 - instabot version: 0.117.0 (api) - DEBUG - GET to endpoint: feed/user/13869174215/?max_id=2524015415626065465_13869174215&min_timestamp=None&rank_token=49050629623_2193f44a-90f2-4f6a-a8a0-15821d31c194&ranked_content=true returned response: <Response [200]>
2021-08-10 00:17:59,369 - instabot version: 0.117.0 (api) - DEBUG - GET to endpoint: feed/user/13869174215/?max_id=2520781751610248399_13869174215&min_timestamp=None&rank_token=49050629623_2193f44a-90f2-4f6a-a8a0-15821d31c194&ranked_content=true returned response: <Response [200]>
2021-08-10 00:17:59,675 - instabot version: 0.117.0 (api) - DEBUG - GET to endpoint: feed/user/13869174215/?max_id=2516780324625626449_13869174215&min_timestamp=None&rank_token=49050629623_2193f44a-90f2-4f6a-a8a0-15821d31c194&ranked_content=true returned response: <Response [200]>
2021-08-10 00:17:59,976 - instabot version: 0.117.0 (api) - DEBUG - GET to endpoint: feed/user/13869174215/?max_id=2513866065977693359_13869174215&min_timestamp=None&rank_token=49050629623_2193f44a-90f2-4f6a-a8a0-15821d31c194&ranked_content=true returned response: <Response [200]>
2021-08-10 00:18:00,316 - instabot version: 0.117.0 (api) - DEBUG - GET to endpoint: feed/user/13869174215/?max_id=2510247220218149424_13869174215&min_timestamp=None&rank_token=49050629623_2193f44a-90f2-4f6a-a8a0-15821d31c194&ranked_content=true returned response: <Response [200]>
2021-08-10 00:18:00,604 - instabot version: 0.117.0 (api) - DEBUG - GET to endpoint: feed/user/13869174215/?max_id=2506301272946946485_13869174215&min_timestamp=None&rank_token=49050629623_2193f44a-90f2-4f6a-a8a0-15821d31c194&ranked_content=true returned response: <Response [200]>
2021-08-10 00:18:00,887 - instabot version: 0.117.0 (api) - DEBUG - GET to endpoint: feed/user/13869174215/?max_id=2503343441721159427_13869174215&min_timestamp=None&rank_token=49050629623_2193f44a-90f2-4f6a-a8a0-15821d31c194&ranked_content=true returned response: <Response [200]>
2021-08-10 00:18:01,162 - instabot version: 0.117.0 (api) - DEBUG - GET to endpoint: feed/user/13869174215/?max_id=2500487979237927734_13869174215&min_timestamp=None&rank_token=49050629623_2193f44a-90f2-4f6a-a8a0-15821d31c194&ranked_content=true returned response: <Response [200]>
2021-08-10 00:18:01,415 - instabot version: 0.117.0 (api) - DEBUG - GET to endpoint: feed/user/13869174215/?max_id=2498191784678850381_13869174215&min_timestamp=None&rank_token=49050629623_2193f44a-90f2-4f6a-a8a0-15821d31c194&ranked_content=true returned response: <Response [200]>
2021-08-10 00:18:01,712 - instabot version: 0.117.0 (api) - DEBUG - GET to endpoint: feed/user/13869174215/?max_id=2495159097970006057_13869174215&min_timestamp=None&rank_token=49050629623_2193f44a-90f2-4f6a-a8a0-15821d31c194&ranked_content=true returned response: <Response [200]>
2021-08-10 00:18:01,968 - instabot version: 0.117.0 (api) - DEBUG - GET to endpoint: feed/user/13869174215/?max_id=2492287936005346842_13869174215&min_timestamp=None&rank_token=49050629623_2193f44a-90f2-4f6a-a8a0-15821d31c194&ranked_content=true returned response: <Response [200]>
2021-08-10 00:18:02,279 - instabot version: 0.117.0 (api) - DEBUG - GET to endpoint: feed/user/13869174215/?max_id=2489379386836694351_13869174215&min_timestamp=None&rank_token=49050629623_2193f44a-90f2-4f6a-a8a0-15821d31c194&ranked_content=true returned response: <Response [200]>
2021-08-10 00:18:02,528 - instabot version: 0.117.0 (api) - DEBUG - GET to endpoint: feed/user/13869174215/?max_id=2485604885354158165_13869174215&min_timestamp=None&rank_token=49050629623_2193f44a-90f2-4f6a-a8a0-15821d31c194&ranked_content=true returned response: <Response [200]>
2021-08-10 00:18:02,926 - instabot version: 0.117.0 (api) - DEBUG - GET to endpoint: feed/user/13869174215/?max_id=2481658809552785190_13869174215&min_timestamp=None&rank_token=49050629623_2193f44a-90f2-4f6a-a8a0-15821d31c194&ranked_content=true returned response: <Response [200]>
2021-08-10 00:18:03,255 - instabot version: 0.117.0 (api) - DEBUG - GET to endpoint: feed/user/13869174215/?max_id=2477637392916375526_13869174215&min_timestamp=None&rank_token=49050629623_2193f44a-90f2-4f6a-a8a0-15821d31c194&ranked_content=true returned response: <Response [200]>
2021-08-10 00:18:03,520 - instabot version: 0.117.0 (api) - DEBUG - GET to endpoint: feed/user/13869174215/?max_id=2473998403021973285_13869174215&min_timestamp=None&rank_token=49050629623_2193f44a-90f2-4f6a-a8a0-15821d31c194&ranked_content=true returned response: <Response [200]>
2021-08-10 00:18:03,808 - instabot version: 0.117.0 (api) - DEBUG - GET to endpoint: feed/user/13869174215/?max_id=2470384560697944046_13869174215&min_timestamp=None&rank_token=49050629623_2193f44a-90f2-4f6a-a8a0-15821d31c194&ranked_content=true returned response: <Response [200]>
2021-08-10 00:18:04,060 - instabot version: 0.117.0 (api) - DEBUG - GET to endpoint: feed/user/13869174215/?max_id=2466461316447974388_13869174215&min_timestamp=None&rank_token=49050629623_2193f44a-90f2-4f6a-a8a0-15821d31c194&ranked_content=true returned response: <Response [200]>
2021-08-10 00:18:04,333 - instabot version: 0.117.0 (api) - DEBUG - GET to endpoint: feed/user/13869174215/?max_id=2462444695553551389_13869174215&min_timestamp=None&rank_token=49050629623_2193f44a-90f2-4f6a-a8a0-15821d31c194&ranked_content=true returned response: <Response [200]>
2021-08-10 00:18:04,587 - instabot version: 0.117.0 (api) - DEBUG - GET to endpoint: feed/user/13869174215/?max_id=2458481184902369844_13869174215&min_timestamp=None&rank_token=49050629623_2193f44a-90f2-4f6a-a8a0-15821d31c194&ranked_content=true returned response: <Response [200]>
2021-08-10 00:18:04,839 - instabot version: 0.117.0 (api) - DEBUG - GET to endpoint: feed/user/13869174215/?max_id=2454447083499958172_13869174215&min_timestamp=None&rank_token=49050629623_2193f44a-90f2-4f6a-a8a0-15821d31c194&ranked_content=true returned response: <Response [200]>
2021-08-10 00:18:05,126 - instabot version: 0.117.0 (api) - DEBUG - GET to endpoint: feed/user/13869174215/?max_id=2450513641242678994_13869174215&min_timestamp=None&rank_token=49050629623_2193f44a-90f2-4f6a-a8a0-15821d31c194&ranked_content=true returned response: <Response [200]>
2021-08-10 00:18:05,473 - instabot version: 0.117.0 (api) - DEBUG - GET to endpoint: feed/user/13869174215/?max_id=2446436818937342283_13869174215&min_timestamp=None&rank_token=49050629623_2193f44a-90f2-4f6a-a8a0-15821d31c194&ranked_content=true returned response: <Response [200]>
2021-08-10 00:18:05,738 - instabot version: 0.117.0 (api) - DEBUG - GET to endpoint: feed/user/13869174215/?max_id=2442762723070537056_13869174215&min_timestamp=None&rank_token=49050629623_2193f44a-90f2-4f6a-a8a0-15821d31c194&ranked_content=true returned response: <Response [200]>
2021-08-10 00:18:06,013 - instabot version: 0.117.0 (api) - DEBUG - GET to endpoint: feed/user/13869174215/?max_id=2438517033692923929_13869174215&min_timestamp=None&rank_token=49050629623_2193f44a-90f2-4f6a-a8a0-15821d31c194&ranked_content=true returned response: <Response [200]>
2021-08-10 00:18:06,257 - instabot version: 0.117.0 (api) - DEBUG - GET to endpoint: feed/user/13869174215/?max_id=2434920832857859185_13869174215&min_timestamp=None&rank_token=49050629623_2193f44a-90f2-4f6a-a8a0-15821d31c194&ranked_content=true returned response: <Response [200]>
2021-08-10 00:18:06,543 - instabot version: 0.117.0 (api) - DEBUG - GET to endpoint: feed/user/13869174215/?max_id=2431261865070884804_13869174215&min_timestamp=None&rank_token=49050629623_2193f44a-90f2-4f6a-a8a0-15821d31c194&ranked_content=true returned response: <Response [200]>
2021-08-10 00:18:06,821 - instabot version: 0.117.0 (api) - DEBUG - GET to endpoint: feed/user/13869174215/?max_id=2427280537099055722_13869174215&min_timestamp=None&rank_token=49050629623_2193f44a-90f2-4f6a-a8a0-15821d31c194&ranked_content=true returned response: <Response [200]>
2021-08-10 00:18:07,109 - instabot version: 0.117.0 (api) - DEBUG - GET to endpoint: feed/user/13869174215/?max_id=2424005391845586081_13869174215&min_timestamp=None&rank_token=49050629623_2193f44a-90f2-4f6a-a8a0-15821d31c194&ranked_content=true returned response: <Response [200]>
2021-08-10 00:18:07,379 - instabot version: 0.117.0 (api) - DEBUG - GET to endpoint: feed/user/13869174215/?max_id=2420767666307556158_13869174215&min_timestamp=None&rank_token=49050629623_2193f44a-90f2-4f6a-a8a0-15821d31c194&ranked_content=true returned response: <Response [200]>
2021-08-10 00:18:07,653 - instabot version: 0.117.0 (api) - DEBUG - GET to endpoint: feed/user/13869174215/?max_id=2417557224753032127_13869174215&min_timestamp=None&rank_token=49050629623_2193f44a-90f2-4f6a-a8a0-15821d31c194&ranked_content=true returned response: <Response [200]>
2021-08-10 00:18:07,973 - instabot version: 0.117.0 (api) - DEBUG - GET to endpoint: feed/user/13869174215/?max_id=2413524897803202468_13869174215&min_timestamp=None&rank_token=49050629623_2193f44a-90f2-4f6a-a8a0-15821d31c194&ranked_content=true returned response: <Response [200]>
2021-08-10 00:18:08,272 - instabot version: 0.117.0 (api) - DEBUG - GET to endpoint: feed/user/13869174215/?max_id=2409906390624474488_13869174215&min_timestamp=None&rank_token=49050629623_2193f44a-90f2-4f6a-a8a0-15821d31c194&ranked_content=true returned response: <Response [200]>
2021-08-10 00:18:08,566 - instabot version: 0.117.0 (api) - DEBUG - GET to endpoint: feed/user/13869174215/?max_id=2405847057270144376_13869174215&min_timestamp=None&rank_token=49050629623_2193f44a-90f2-4f6a-a8a0-15821d31c194&ranked_content=true returned response: <Response [200]>
2021-08-10 00:18:08,975 - instabot version: 0.117.0 (api) - DEBUG - GET to endpoint: feed/user/13869174215/?max_id=2401505681258824564_13869174215&min_timestamp=None&rank_token=49050629623_2193f44a-90f2-4f6a-a8a0-15821d31c194&ranked_content=true returned response: <Response [200]>
2021-08-10 00:18:09,262 - instabot version: 0.117.0 (api) - DEBUG - GET to endpoint: feed/user/13869174215/?max_id=2397861648174948548_13869174215&min_timestamp=None&rank_token=49050629623_2193f44a-90f2-4f6a-a8a0-15821d31c194&ranked_content=true returned response: <Response [200]>
2021-08-10 00:18:09,525 - instabot version: 0.117.0 (api) - DEBUG - GET to endpoint: feed/user/13869174215/?max_id=2394253763768774295_13869174215&min_timestamp=None&rank_token=49050629623_2193f44a-90f2-4f6a-a8a0-15821d31c194&ranked_content=true returned response: <Response [200]>
2021-08-10 00:18:09,855 - instabot version: 0.117.0 (api) - DEBUG - GET to endpoint: feed/user/13869174215/?max_id=2389568840218721122_13869174215&min_timestamp=None&rank_token=49050629623_2193f44a-90f2-4f6a-a8a0-15821d31c194&ranked_content=true returned response: <Response [200]>
2021-08-10 00:18:10,112 - instabot version: 0.117.0 (api) - DEBUG - GET to endpoint: feed/user/13869174215/?max_id=2385241224074730879_13869174215&min_timestamp=None&rank_token=49050629623_2193f44a-90f2-4f6a-a8a0-15821d31c194&ranked_content=true returned response: <Response [200]>
2021-08-10 00:18:10,404 - instabot version: 0.117.0 (api) - DEBUG - GET to endpoint: feed/user/13869174215/?max_id=2380896500597416876_13869174215&min_timestamp=None&rank_token=49050629623_2193f44a-90f2-4f6a-a8a0-15821d31c194&ranked_content=true returned response: <Response [200]>
2021-08-10 00:18:10,651 - instabot version: 0.117.0 (api) - DEBUG - GET to endpoint: feed/user/13869174215/?max_id=2376610224578887712_13869174215&min_timestamp=None&rank_token=49050629623_2193f44a-90f2-4f6a-a8a0-15821d31c194&ranked_content=true returned response: <Response [200]>
2021-08-10 00:18:10,911 - instabot version: 0.117.0 (api) - DEBUG - GET to endpoint: feed/user/13869174215/?max_id=2372194847807708285_13869174215&min_timestamp=None&rank_token=49050629623_2193f44a-90f2-4f6a-a8a0-15821d31c194&ranked_content=true returned response: <Response [200]>
2021-08-10 00:18:11,202 - instabot version: 0.117.0 (api) - DEBUG - GET to endpoint: feed/user/13869174215/?max_id=2368203814308597466_13869174215&min_timestamp=None&rank_token=49050629623_2193f44a-90f2-4f6a-a8a0-15821d31c194&ranked_content=true returned response: <Response [200]>
2021-08-10 00:18:11,517 - instabot version: 0.117.0 (api) - DEBUG - GET to endpoint: feed/user/13869174215/?max_id=2364221685417402943_13869174215&min_timestamp=None&rank_token=49050629623_2193f44a-90f2-4f6a-a8a0-15821d31c194&ranked_content=true returned response: <Response [200]>
2021-08-10 00:18:12,015 - instabot version: 0.117.0 (api) - DEBUG - GET to endpoint: feed/user/13869174215/?max_id=2360227530920065512_13869174215&min_timestamp=None&rank_token=49050629623_2193f44a-90f2-4f6a-a8a0-15821d31c194&ranked_content=true returned response: <Response [200]>
2021-08-10 00:18:12,320 - instabot version: 0.117.0 (api) - DEBUG - GET to endpoint: feed/user/13869174215/?max_id=2356258094605220585_13869174215&min_timestamp=None&rank_token=49050629623_2193f44a-90f2-4f6a-a8a0-15821d31c194&ranked_content=true returned response: <Response [200]>
2021-08-10 00:18:12,607 - instabot version: 0.117.0 (api) - DEBUG - GET to endpoint: feed/user/13869174215/?max_id=2352239842162056726_13869174215&min_timestamp=None&rank_token=49050629623_2193f44a-90f2-4f6a-a8a0-15821d31c194&ranked_content=true returned response: <Response [200]>
2021-08-10 00:18:12,898 - instabot version: 0.117.0 (api) - DEBUG - GET to endpoint: feed/user/13869174215/?max_id=2347932369305272038_13869174215&min_timestamp=None&rank_token=49050629623_2193f44a-90f2-4f6a-a8a0-15821d31c194&ranked_content=true returned response: <Response [200]>
2021-08-10 00:18:13,199 - instabot version: 0.117.0 (api) - DEBUG - GET to endpoint: feed/user/13869174215/?max_id=2343914126366376146_13869174215&min_timestamp=None&rank_token=49050629623_2193f44a-90f2-4f6a-a8a0-15821d31c194&ranked_content=true returned response: <Response [200]>
2021-08-10 00:18:13,542 - instabot version: 0.117.0 (api) - DEBUG - GET to endpoint: feed/user/13869174215/?max_id=2339924012896143170_13869174215&min_timestamp=None&rank_token=49050629623_2193f44a-90f2-4f6a-a8a0-15821d31c194&ranked_content=true returned response: <Response [200]>
2021-08-10 00:18:13,800 - instabot version: 0.117.0 (api) - DEBUG - GET to endpoint: feed/user/13869174215/?max_id=2335958209729438476_13869174215&min_timestamp=None&rank_token=49050629623_2193f44a-90f2-4f6a-a8a0-15821d31c194&ranked_content=true returned response: <Response [200]>
2021-08-10 00:18:14,070 - instabot version: 0.117.0 (api) - DEBUG - GET to endpoint: feed/user/13869174215/?max_id=2331607868460461757_13869174215&min_timestamp=None&rank_token=49050629623_2193f44a-90f2-4f6a-a8a0-15821d31c194&ranked_content=true returned response: <Response [200]>
2021-08-10 00:18:14,421 - instabot version: 0.117.0 (api) - DEBUG - GET to endpoint: feed/user/13869174215/?max_id=2328379235595971805_13869174215&min_timestamp=None&rank_token=49050629623_2193f44a-90f2-4f6a-a8a0-15821d31c194&ranked_content=true returned response: <Response [200]>
2021-08-10 00:18:14,718 - instabot version: 0.117.0 (api) - DEBUG - GET to endpoint: feed/user/13869174215/?max_id=2324730966164587660_13869174215&min_timestamp=None&rank_token=49050629623_2193f44a-90f2-4f6a-a8a0-15821d31c194&ranked_content=true returned response: <Response [200]>
2021-08-10 00:18:15,028 - instabot version: 0.117.0 (api) - DEBUG - GET to endpoint: feed/user/13869174215/?max_id=2321476199749453672_13869174215&min_timestamp=None&rank_token=49050629623_2193f44a-90f2-4f6a-a8a0-15821d31c194&ranked_content=true returned response: <Response [200]>
2021-08-10 00:18:15,301 - instabot version: 0.117.0 (api) - DEBUG - GET to endpoint: feed/user/13869174215/?max_id=2319285556990117401_13869174215&min_timestamp=None&rank_token=49050629623_2193f44a-90f2-4f6a-a8a0-15821d31c194&ranked_content=true returned response: <Response [200]>
2021-08-10 00:18:15,600 - instabot version: 0.117.0 (api) - DEBUG - GET to endpoint: feed/user/13869174215/?max_id=2316386269113203931_13869174215&min_timestamp=None&rank_token=49050629623_2193f44a-90f2-4f6a-a8a0-15821d31c194&ranked_content=true returned response: <Response [200]>
2021-08-10 00:18:15,906 - instabot version: 0.117.0 (api) - DEBUG - GET to endpoint: feed/user/13869174215/?max_id=2314193600110706263_13869174215&min_timestamp=None&rank_token=49050629623_2193f44a-90f2-4f6a-a8a0-15821d31c194&ranked_content=true returned response: <Response [200]>
2021-08-10 00:18:16,207 - instabot version: 0.117.0 (api) - DEBUG - GET to endpoint: feed/user/13869174215/?max_id=2312028881824274846_13869174215&min_timestamp=None&rank_token=49050629623_2193f44a-90f2-4f6a-a8a0-15821d31c194&ranked_content=true returned response: <Response [200]>
2021-08-10 00:18:16,506 - instabot version: 0.117.0 (api) - DEBUG - GET to endpoint: feed/user/13869174215/?max_id=2309881106688960121_13869174215&min_timestamp=None&rank_token=49050629623_2193f44a-90f2-4f6a-a8a0-15821d31c194&ranked_content=true returned response: <Response [200]>
2021-08-10 00:18:16,795 - instabot version: 0.117.0 (api) - DEBUG - GET to endpoint: feed/user/13869174215/?max_id=2307678900057530000_13869174215&min_timestamp=None&rank_token=49050629623_2193f44a-90f2-4f6a-a8a0-15821d31c194&ranked_content=true returned response: <Response [200]>
2021-08-10 00:18:17,189 - instabot version: 0.117.0 (api) - DEBUG - GET to endpoint: feed/user/13869174215/?max_id=2305509300993546291_13869174215&min_timestamp=None&rank_token=49050629623_2193f44a-90f2-4f6a-a8a0-15821d31c194&ranked_content=true returned response: <Response [200]>
2021-08-10 00:18:17,478 - instabot version: 0.117.0 (api) - DEBUG - GET to endpoint: feed/user/13869174215/?max_id=2303698722130083595_13869174215&min_timestamp=None&rank_token=49050629623_2193f44a-90f2-4f6a-a8a0-15821d31c194&ranked_content=true returned response: <Response [200]>
2021-08-10 00:18:18,055 - instabot version: 0.117.0 (api) - DEBUG - GET to endpoint: feed/user/13869174215/?max_id=2301141406520273147_13869174215&min_timestamp=None&rank_token=49050629623_2193f44a-90f2-4f6a-a8a0-15821d31c194&ranked_content=true returned response: <Response [200]>
2021-08-10 00:18:18,320 - instabot version: 0.117.0 (api) - DEBUG - GET to endpoint: feed/user/13869174215/?max_id=2298993503525843005_13869174215&min_timestamp=None&rank_token=49050629623_2193f44a-90f2-4f6a-a8a0-15821d31c194&ranked_content=true returned response: <Response [200]>
2021-08-10 00:18:18,633 - instabot version: 0.117.0 (api) - DEBUG - GET to endpoint: feed/user/13869174215/?max_id=2296813637426740298_13869174215&min_timestamp=None&rank_token=49050629623_2193f44a-90f2-4f6a-a8a0-15821d31c194&ranked_content=true returned response: <Response [200]>
2021-08-10 00:18:18,913 - instabot version: 0.117.0 (api) - DEBUG - GET to endpoint: feed/user/13869174215/?max_id=2294647399090917642_13869174215&min_timestamp=None&rank_token=49050629623_2193f44a-90f2-4f6a-a8a0-15821d31c194&ranked_content=true returned response: <Response [200]>
2021-08-10 00:18:19,217 - instabot version: 0.117.0 (api) - DEBUG - GET to endpoint: feed/user/13869174215/?max_id=2292479275767947776_13869174215&min_timestamp=None&rank_token=49050629623_2193f44a-90f2-4f6a-a8a0-15821d31c194&ranked_content=true returned response: <Response [200]>
2021-08-10 00:18:19,494 - instabot version: 0.117.0 (api) - DEBUG - GET to endpoint: feed/user/13869174215/?max_id=2290284605604301049_13869174215&min_timestamp=None&rank_token=49050629623_2193f44a-90f2-4f6a-a8a0-15821d31c194&ranked_content=true returned response: <Response [200]>
2021-08-10 00:18:19,865 - instabot version: 0.117.0 (api) - DEBUG - GET to endpoint: feed/user/13869174215/?max_id=2288117468345290666_13869174215&min_timestamp=None&rank_token=49050629623_2193f44a-90f2-4f6a-a8a0-15821d31c194&ranked_content=true returned response: <Response [200]>
2021-08-10 00:18:20,187 - instabot version: 0.117.0 (api) - DEBUG - GET to endpoint: feed/user/13869174215/?max_id=2285955834810109798_13869174215&min_timestamp=None&rank_token=49050629623_2193f44a-90f2-4f6a-a8a0-15821d31c194&ranked_content=true returned response: <Response [200]>
2021-08-10 00:18:20,461 - instabot version: 0.117.0 (api) - DEBUG - GET to endpoint: feed/user/13869174215/?max_id=2283415223997395841_13869174215&min_timestamp=None&rank_token=49050629623_2193f44a-90f2-4f6a-a8a0-15821d31c194&ranked_content=true returned response: <Response [200]>
2021-08-10 00:18:20,787 - instabot version: 0.117.0 (api) - DEBUG - GET to endpoint: feed/user/13869174215/?max_id=2281200995609818532_13869174215&min_timestamp=None&rank_token=49050629623_2193f44a-90f2-4f6a-a8a0-15821d31c194&ranked_content=true returned response: <Response [200]>
2021-08-10 00:18:21,141 - instabot version: 0.117.0 (api) - DEBUG - GET to endpoint: feed/user/13869174215/?max_id=2279044064098963779_13869174215&min_timestamp=None&rank_token=49050629623_2193f44a-90f2-4f6a-a8a0-15821d31c194&ranked_content=true returned response: <Response [200]>
2021-08-10 00:18:21,509 - instabot version: 0.117.0 (api) - DEBUG - GET to endpoint: feed/user/13869174215/?max_id=2276848883413051982_13869174215&min_timestamp=None&rank_token=49050629623_2193f44a-90f2-4f6a-a8a0-15821d31c194&ranked_content=true returned response: <Response [200]>
2021-08-10 00:18:21,788 - instabot version: 0.117.0 (api) - DEBUG - GET to endpoint: feed/user/13869174215/?max_id=2275105717928542365_13869174215&min_timestamp=None&rank_token=49050629623_2193f44a-90f2-4f6a-a8a0-15821d31c194&ranked_content=true returned response: <Response [200]>
2021-08-10 00:18:22,129 - instabot version: 0.117.0 (api) - DEBUG - GET to endpoint: feed/user/13869174215/?max_id=2272913518126101069_13869174215&min_timestamp=None&rank_token=49050629623_2193f44a-90f2-4f6a-a8a0-15821d31c194&ranked_content=true returned response: <Response [200]>
2021-08-10 00:18:22,454 - instabot version: 0.117.0 (api) - DEBUG - GET to endpoint: feed/user/13869174215/?max_id=2270380244401011081_13869174215&min_timestamp=None&rank_token=49050629623_2193f44a-90f2-4f6a-a8a0-15821d31c194&ranked_content=true returned response: <Response [200]>
2021-08-10 00:18:22,744 - instabot version: 0.117.0 (api) - DEBUG - GET to endpoint: feed/user/13869174215/?max_id=2267864754692595415_13869174215&min_timestamp=None&rank_token=49050629623_2193f44a-90f2-4f6a-a8a0-15821d31c194&ranked_content=true returned response: <Response [200]>
2021-08-10 00:18:23,208 - instabot version: 0.117.0 (api) - DEBUG - GET to endpoint: feed/user/13869174215/?max_id=2265569927863173338_13869174215&min_timestamp=None&rank_token=49050629623_2193f44a-90f2-4f6a-a8a0-15821d31c194&ranked_content=true returned response: <Response [200]>
2021-08-10 00:18:23,580 - instabot version: 0.117.0 (api) - DEBUG - GET to endpoint: feed/user/13869174215/?max_id=2263422735895422787_13869174215&min_timestamp=None&rank_token=49050629623_2193f44a-90f2-4f6a-a8a0-15821d31c194&ranked_content=true returned response: <Response [200]>
2021-08-10 00:18:23,884 - instabot version: 0.117.0 (api) - DEBUG - GET to endpoint: feed/user/13869174215/?max_id=2261642293601037769_13869174215&min_timestamp=None&rank_token=49050629623_2193f44a-90f2-4f6a-a8a0-15821d31c194&ranked_content=true returned response: <Response [200]>
2021-08-10 00:18:24,213 - instabot version: 0.117.0 (api) - DEBUG - GET to endpoint: feed/user/13869174215/?max_id=2259516959720006649_13869174215&min_timestamp=None&rank_token=49050629623_2193f44a-90f2-4f6a-a8a0-15821d31c194&ranked_content=true returned response: <Response [200]>
2021-08-10 00:18:24,514 - instabot version: 0.117.0 (api) - DEBUG - GET to endpoint: feed/user/13869174215/?max_id=2257282122435214448_13869174215&min_timestamp=None&rank_token=49050629623_2193f44a-90f2-4f6a-a8a0-15821d31c194&ranked_content=true returned response: <Response [200]>
2021-08-10 00:18:24,807 - instabot version: 0.117.0 (api) - DEBUG - GET to endpoint: feed/user/13869174215/?max_id=2255544951315479537_13869174215&min_timestamp=None&rank_token=49050629623_2193f44a-90f2-4f6a-a8a0-15821d31c194&ranked_content=true returned response: <Response [200]>
2021-08-10 00:18:25,119 - instabot version: 0.117.0 (api) - DEBUG - GET to endpoint: feed/user/13869174215/?max_id=2252999937985230814_13869174215&min_timestamp=None&rank_token=49050629623_2193f44a-90f2-4f6a-a8a0-15821d31c194&ranked_content=true returned response: <Response [200]>
2021-08-10 00:18:25,400 - instabot version: 0.117.0 (api) - DEBUG - GET to endpoint: feed/user/13869174215/?max_id=2250840962925613198_13869174215&min_timestamp=None&rank_token=49050629623_2193f44a-90f2-4f6a-a8a0-15821d31c194&ranked_content=true returned response: <Response [200]>
2021-08-10 00:18:25,706 - instabot version: 0.117.0 (api) - DEBUG - GET to endpoint: feed/user/13869174215/?max_id=2248652537275604318_13869174215&min_timestamp=None&rank_token=49050629623_2193f44a-90f2-4f6a-a8a0-15821d31c194&ranked_content=true returned response: <Response [200]>
2021-08-10 00:18:26,003 - instabot version: 0.117.0 (api) - DEBUG - GET to endpoint: feed/user/13869174215/?max_id=2245744852569688800_13869174215&min_timestamp=None&rank_token=49050629623_2193f44a-90f2-4f6a-a8a0-15821d31c194&ranked_content=true returned response: <Response [200]>
2021-08-10 00:18:26,392 - instabot version: 0.117.0 (api) - DEBUG - GET to endpoint: feed/user/13869174215/?max_id=2243508331120950980_13869174215&min_timestamp=None&rank_token=49050629623_2193f44a-90f2-4f6a-a8a0-15821d31c194&ranked_content=true returned response: <Response [200]>
2021-08-10 00:18:26,662 - instabot version: 0.117.0 (api) - DEBUG - GET to endpoint: feed/user/13869174215/?max_id=2241037100647821231_13869174215&min_timestamp=None&rank_token=49050629623_2193f44a-90f2-4f6a-a8a0-15821d31c194&ranked_content=true returned response: <Response [200]>
2021-08-10 00:18:26,989 - instabot version: 0.117.0 (api) - DEBUG - GET to endpoint: feed/user/13869174215/?max_id=2238872139167200337_13869174215&min_timestamp=None&rank_token=49050629623_2193f44a-90f2-4f6a-a8a0-15821d31c194&ranked_content=true returned response: <Response [200]>
2021-08-10 00:18:27,317 - instabot version: 0.117.0 (api) - DEBUG - GET to endpoint: feed/user/13869174215/?max_id=2235944676942533284_13869174215&min_timestamp=None&rank_token=49050629623_2193f44a-90f2-4f6a-a8a0-15821d31c194&ranked_content=true returned response: <Response [200]>
2021-08-10 00:18:27,599 - instabot version: 0.117.0 (api) - DEBUG - GET to endpoint: feed/user/13869174215/?max_id=2233816588645504128_13869174215&min_timestamp=None&rank_token=49050629623_2193f44a-90f2-4f6a-a8a0-15821d31c194&ranked_content=true returned response: <Response [200]>
2021-08-10 00:18:27,883 - instabot version: 0.117.0 (api) - DEBUG - GET to endpoint: feed/user/13869174215/?max_id=2231580339624961569_13869174215&min_timestamp=None&rank_token=49050629623_2193f44a-90f2-4f6a-a8a0-15821d31c194&ranked_content=true returned response: <Response [200]>
2021-08-10 00:18:28,189 - instabot version: 0.117.0 (api) - DEBUG - GET to endpoint: feed/user/13869174215/?max_id=2229277999211403835_13869174215&min_timestamp=None&rank_token=49050629623_2193f44a-90f2-4f6a-a8a0-15821d31c194&ranked_content=true returned response: <Response [200]>
2021-08-10 00:18:28,500 - instabot version: 0.117.0 (api) - DEBUG - GET to endpoint: feed/user/13869174215/?max_id=2226832641361247307_13869174215&min_timestamp=None&rank_token=49050629623_2193f44a-90f2-4f6a-a8a0-15821d31c194&ranked_content=true returned response: <Response [200]>
2021-08-10 00:18:28,774 - instabot version: 0.117.0 (api) - DEBUG - GET to endpoint: feed/user/13869174215/?max_id=2225107040698903571_13869174215&min_timestamp=None&rank_token=49050629623_2193f44a-90f2-4f6a-a8a0-15821d31c194&ranked_content=true returned response: <Response [200]>
2021-08-10 00:18:29,092 - instabot version: 0.117.0 (api) - DEBUG - GET to endpoint: feed/user/13869174215/?max_id=2223487028225646761_13869174215&min_timestamp=None&rank_token=49050629623_2193f44a-90f2-4f6a-a8a0-15821d31c194&ranked_content=true returned response: <Response [200]>
2021-08-10 00:18:29,406 - instabot version: 0.117.0 (api) - DEBUG - GET to endpoint: feed/user/13869174215/?max_id=2221400329203107780_13869174215&min_timestamp=None&rank_token=49050629623_2193f44a-90f2-4f6a-a8a0-15821d31c194&ranked_content=true returned response: <Response [200]>
2021-08-10 00:18:29,718 - instabot version: 0.117.0 (api) - DEBUG - GET to endpoint: feed/user/13869174215/?max_id=2219852942957491541_13869174215&min_timestamp=None&rank_token=49050629623_2193f44a-90f2-4f6a-a8a0-15821d31c194&ranked_content=true returned response: <Response [200]>
2021-08-10 00:18:30,013 - instabot version: 0.117.0 (api) - DEBUG - GET to endpoint: feed/user/13869174215/?max_id=2217605560870067102_13869174215&min_timestamp=None&rank_token=49050629623_2193f44a-90f2-4f6a-a8a0-15821d31c194&ranked_content=true returned response: <Response [200]>
2021-08-10 00:18:30,372 - instabot version: 0.117.0 (api) - DEBUG - GET to endpoint: feed/user/13869174215/?max_id=2215372736716788647_13869174215&min_timestamp=None&rank_token=49050629623_2193f44a-90f2-4f6a-a8a0-15821d31c194&ranked_content=true returned response: <Response [200]>
2021-08-10 00:18:30,639 - instabot version: 0.117.0 (api) - DEBUG - GET to endpoint: feed/user/13869174215/?max_id=2213487086606244743_13869174215&min_timestamp=None&rank_token=49050629623_2193f44a-90f2-4f6a-a8a0-15821d31c194&ranked_content=true returned response: <Response [200]>
2021-08-10 00:18:30,927 - instabot version: 0.117.0 (api) - DEBUG - GET to endpoint: feed/user/13869174215/?max_id=2211382866172234344_13869174215&min_timestamp=None&rank_token=49050629623_2193f44a-90f2-4f6a-a8a0-15821d31c194&ranked_content=true returned response: <Response [200]>
2021-08-10 00:18:31,208 - instabot version: 0.117.0 (api) - DEBUG - GET to endpoint: feed/user/13869174215/?max_id=2208821813630591191_13869174215&min_timestamp=None&rank_token=49050629623_2193f44a-90f2-4f6a-a8a0-15821d31c194&ranked_content=true returned response: <Response [200]>
2021-08-10 00:18:31,517 - instabot version: 0.117.0 (api) - DEBUG - GET to endpoint: feed/user/13869174215/?max_id=2205533247701853222_13869174215&min_timestamp=None&rank_token=49050629623_2193f44a-90f2-4f6a-a8a0-15821d31c194&ranked_content=true returned response: <Response [200]>
2021-08-10 00:18:31,790 - instabot version: 0.117.0 (api) - DEBUG - GET to endpoint: feed/user/13869174215/?max_id=2202244510988212128_13869174215&min_timestamp=None&rank_token=49050629623_2193f44a-90f2-4f6a-a8a0-15821d31c194&ranked_content=true returned response: <Response [200]>
2021-08-10 00:18:32,112 - instabot version: 0.117.0 (api) - DEBUG - GET to endpoint: feed/user/13869174215/?max_id=2198671066364553986_13869174215&min_timestamp=None&rank_token=49050629623_2193f44a-90f2-4f6a-a8a0-15821d31c194&ranked_content=true returned response: <Response [200]>
2021-08-10 00:18:32,379 - instabot version: 0.117.0 (api) - DEBUG - GET to endpoint: feed/user/13869174215/?max_id=2193569676452251516_13869174215&min_timestamp=None&rank_token=49050629623_2193f44a-90f2-4f6a-a8a0-15821d31c194&ranked_content=true returned response: <Response [200]>
2021-08-10 00:18:32,698 - instabot version: 0.117.0 (api) - DEBUG - GET to endpoint: feed/user/13869174215/?max_id=2188643408935258485_13869174215&min_timestamp=None&rank_token=49050629623_2193f44a-90f2-4f6a-a8a0-15821d31c194&ranked_content=true returned response: <Response [200]>
2021-08-10 00:18:32,954 - instabot version: 0.117.0 (api) - DEBUG - GET to endpoint: feed/user/13869174215/?max_id=2183817753131431701_13869174215&min_timestamp=None&rank_token=49050629623_2193f44a-90f2-4f6a-a8a0-15821d31c194&ranked_content=true returned response: <Response [200]>
2021-08-10 00:18:32,963 - instabot version: 0.117.0 (bot_checkpoint) - DEBUG - Saving Checkpoint file to: D:\Programming\2021\InstaBot/config/derbgang.checkpoint
2021-08-10 00:18:32,963 - instabot version: 0.117.0 (bot) - INFO - Total messages: 3/88
2021-08-10 00:18:32,963 - instabot version: 0.117.0 (bot) - INFO - Total requests: 540
