2021-08-08 16:00:58,271 - instabot version: 0.117.0 (bot) - INFO - Instabot version: 0.117.0 Started
2021-08-08 16:00:58,271 - instabot version: 0.117.0 (bot) - DEBUG - Bot imported from C:\Users\skyem\AppData\Local\Programs\Python\Python39\lib\site-packages\instabot\bot\bot.py
2021-08-08 16:01:00,568 - instabot version: 0.117.0 (api_login) - INFO - Not yet logged in starting: PRE-LOGIN FLOW!
2021-08-08 16:01:00,876 - instabot version: 0.117.0 (api) - DEBUG - POST to endpoint: accounts/get_prefill_candidates/ returned response: <Response [200]>
2021-08-08 16:01:01,051 - instabot version: 0.117.0 (api) - DEBUG - POST to endpoint: qe/sync/ returned response: <Response [200]>
2021-08-08 16:01:01,245 - instabot version: 0.117.0 (api) - DEBUG - POST to endpoint: launcher/sync/ returned response: <Response [200]>
2021-08-08 16:01:01,422 - instabot version: 0.117.0 (api) - DEBUG - POST to endpoint: accounts/contact_point_prefill/ returned response: <Response [200]>
2021-08-08 16:01:03,360 - instabot version: 0.117.0 (api) - DEBUG - POST to endpoint: accounts/login/ returned response: <Response [200]>
2021-08-08 16:01:03,361 - instabot version: 0.117.0 (api) - INFO - Logged-in successfully as 'vocabexpansion'!
2021-08-08 16:01:03,361 - instabot version: 0.117.0 (api_login) - INFO - LOGIN FLOW! Just logged-in: True
2021-08-08 16:01:03,549 - instabot version: 0.117.0 (api) - DEBUG - POST to endpoint: qe/sync/ returned response: <Response [200]>
2021-08-08 16:01:03,747 - instabot version: 0.117.0 (api) - DEBUG - POST to endpoint: launcher/sync/ returned response: <Response [200]>
2021-08-08 16:01:03,900 - instabot version: 0.117.0 (api) - DEBUG - GET to endpoint: zr/token/result/?device_id=android-e377a40ffa4f9abc&token_hash=&custom_device_id=android-e377a40ffa4f9abc&fetch_reason=token_expired returned response: <Response [200]>
2021-08-08 16:01:04,058 - instabot version: 0.117.0 (api) - DEBUG - GET to endpoint: multiple_accounts/get_account_family/ returned response: <Response [200]>
2021-08-08 16:01:04,212 - instabot version: 0.117.0 (api) - DEBUG - POST to endpoint: qe/sync/ returned response: <Response [200]>
2021-08-08 16:01:04,796 - instabot version: 0.117.0 (api) - DEBUG - GET to endpoint: igtv/browse_feed/?prefetch=1 returned response: <Response [200]>
2021-08-08 16:01:05,396 - instabot version: 0.117.0 (api) - DEBUG - POST to endpoint: creatives/ar_class/ returned response: <Response [200]>
2021-08-08 16:01:06,156 - instabot version: 0.117.0 (api) - DEBUG - POST to endpoint: feed/reels_tray/ returned response: <Response [200]>
2021-08-08 16:01:09,871 - instabot version: 0.117.0 (api) - DEBUG - POST to endpoint: feed/timeline/ returned response: <Response [200]>
2021-08-08 16:01:10,029 - instabot version: 0.117.0 (api) - DEBUG - GET to endpoint: media/blocked/ returned response: <Response [200]>
2021-08-08 16:01:10,390 - instabot version: 0.117.0 (api) - DEBUG - GET to endpoint: news/inbox/ returned response: <Response [200]>
2021-08-08 16:01:10,569 - instabot version: 0.117.0 (api) - DEBUG - GET to endpoint: loom/fetch_config/ returned response: <Response [200]>
2021-08-08 16:01:10,923 - instabot version: 0.117.0 (api) - DEBUG - GET to endpoint: scores/bootstrap/users/?surfaces=["autocomplete_user_list","coefficient_besties_list_ranking","coefficient_rank_recipient_user_suggestion","coefficient_ios_section_test_bootstrap_ranking","coefficient_direct_recipients_ranking_variant_2"] returned response: <Response [200]>
2021-08-08 16:01:11,124 - instabot version: 0.117.0 (api) - DEBUG - GET to endpoint: business/eligibility/get_monetization_products_eligibility_data/?product_types=branded_content returned response: <Response [200]>
2021-08-08 16:01:11,272 - instabot version: 0.117.0 (api) - DEBUG - GET to endpoint: business/branded_content/should_require_professional_account/ returned response: <Response [200]>
2021-08-08 16:01:11,421 - instabot version: 0.117.0 (api) - DEBUG - GET to endpoint: linked_accounts/get_linkage_status/ returned response: <Response [200]>
2021-08-08 16:01:11,578 - instabot version: 0.117.0 (api) - DEBUG - GET to endpoint: locations/request_country/ returned response: <Response [200]>
2021-08-08 16:01:11,738 - instabot version: 0.117.0 (api) - DEBUG - GET to endpoint: qp/get_cooldowns/?signed_body=signed_body=4b9c516a5410a3bc128e09c6104a7f042146b9c2023870560c63a43a7f66781c.4&ig_sig_key_version=4&ig_sig_key_version=4 returned response: <Response [200]>
2021-08-08 16:01:11,904 - instabot version: 0.117.0 (api) - DEBUG - GET to endpoint: users/arlink_download_info/?version_override=2.2.1 returned response: <Response [200]>
2021-08-08 16:01:12,291 - instabot version: 0.117.0 (api) - DEBUG - GET to endpoint: users/49051026324/info/ returned response: <Response [200]>
2021-08-08 16:01:12,520 - instabot version: 0.117.0 (api) - DEBUG - GET to endpoint: direct_v2/get_presence/ returned response: <Response [200]>
2021-08-08 16:01:12,846 - instabot version: 0.117.0 (api) - DEBUG - GET to endpoint: direct_v2/inbox/?visual_message_return_type=unseen&thread_message_limit=10&persistentBadging=true&limit=20 returned response: <Response [200]>
2021-08-08 16:01:13,107 - instabot version: 0.117.0 (api) - DEBUG - GET to endpoint: direct_v2/inbox/?visual_message_return_type=unseen&persistentBadging=true&limit=0 returned response: <Response [200]>
2021-08-08 16:01:15,708 - instabot version: 0.117.0 (api) - DEBUG - GET to endpoint: discover/topical_explore/?is_prefetch=true&omit_cover_media=true&use_sectional_payload=true&timezone_offset=0&session_id=ce273188-3626-483e-8bee-bf6680f8df12&include_fixed_destinations=true returned response: <Response [200]>
2021-08-08 16:01:15,878 - instabot version: 0.117.0 (api) - DEBUG - POST to endpoint: notifications/badge/ returned response: <Response [200]>
2021-08-08 16:01:16,139 - instabot version: 0.117.0 (api) - DEBUG - POST to endpoint: qp/batch_fetch/ returned response: <Response [200]>
2021-08-08 16:01:16,140 - instabot version: 0.117.0 (bot_checkpoint) - DEBUG - Loading Checkpoint file from: D:\Programming\2021\InstaBot/config/vocabexpansion.checkpoint
2021-08-08 16:01:16,450 - instabot version: 0.117.0 (api) - DEBUG - GET to endpoint: users/cursed.image5/usernameinfo/ returned response: <Response [200]>
2021-08-08 16:01:17,287 - instabot version: 0.117.0 (api) - DEBUG - GET to endpoint: feed/user/13869174215/?max_id=&min_timestamp=None&rank_token=49051026324_a0fc6ae5-ac3e-41ca-b857-6a469c180753&ranked_content=true returned response: <Response [200]>
2021-08-08 16:01:17,552 - instabot version: 0.117.0 (api) - DEBUG - GET to endpoint: feed/user/13869174215/?max_id=2627006821922145007_13869174215&min_timestamp=None&rank_token=49051026324_a0fc6ae5-ac3e-41ca-b857-6a469c180753&ranked_content=true returned response: <Response [200]>
2021-08-08 16:01:17,834 - instabot version: 0.117.0 (api) - DEBUG - GET to endpoint: feed/user/13869174215/?max_id=2619675716433076093_13869174215&min_timestamp=None&rank_token=49051026324_a0fc6ae5-ac3e-41ca-b857-6a469c180753&ranked_content=true returned response: <Response [200]>
2021-08-08 16:01:18,088 - instabot version: 0.117.0 (api) - DEBUG - GET to endpoint: feed/user/13869174215/?max_id=2616029302911977791_13869174215&min_timestamp=None&rank_token=49051026324_a0fc6ae5-ac3e-41ca-b857-6a469c180753&ranked_content=true returned response: <Response [200]>
2021-08-08 16:01:18,366 - instabot version: 0.117.0 (api) - DEBUG - GET to endpoint: feed/user/13869174215/?max_id=2612075644914190048_13869174215&min_timestamp=None&rank_token=49051026324_a0fc6ae5-ac3e-41ca-b857-6a469c180753&ranked_content=true returned response: <Response [200]>
2021-08-08 16:01:18,731 - instabot version: 0.117.0 (api) - DEBUG - GET to endpoint: feed/user/13869174215/?max_id=2608464449245337598_13869174215&min_timestamp=None&rank_token=49051026324_a0fc6ae5-ac3e-41ca-b857-6a469c180753&ranked_content=true returned response: <Response [200]>
2021-08-08 16:01:19,081 - instabot version: 0.117.0 (api) - DEBUG - GET to endpoint: feed/user/13869174215/?max_id=2604448057121969715_13869174215&min_timestamp=None&rank_token=49051026324_a0fc6ae5-ac3e-41ca-b857-6a469c180753&ranked_content=true returned response: <Response [200]>
2021-08-08 16:01:19,395 - instabot version: 0.117.0 (api) - DEBUG - GET to endpoint: feed/user/13869174215/?max_id=2600808990010362967_13869174215&min_timestamp=None&rank_token=49051026324_a0fc6ae5-ac3e-41ca-b857-6a469c180753&ranked_content=true returned response: <Response [200]>
2021-08-08 16:01:19,766 - instabot version: 0.117.0 (api) - DEBUG - GET to endpoint: feed/user/13869174215/?max_id=2596852946091185555_13869174215&min_timestamp=None&rank_token=49051026324_a0fc6ae5-ac3e-41ca-b857-6a469c180753&ranked_content=true returned response: <Response [200]>
2021-08-08 16:01:20,172 - instabot version: 0.117.0 (api) - DEBUG - GET to endpoint: feed/user/13869174215/?max_id=2592851483765825911_13869174215&min_timestamp=None&rank_token=49051026324_a0fc6ae5-ac3e-41ca-b857-6a469c180753&ranked_content=true returned response: <Response [200]>
2021-08-08 16:01:20,518 - instabot version: 0.117.0 (api) - DEBUG - GET to endpoint: feed/user/13869174215/?max_id=2588880307601335599_13869174215&min_timestamp=None&rank_token=49051026324_a0fc6ae5-ac3e-41ca-b857-6a469c180753&ranked_content=true returned response: <Response [200]>
2021-08-08 16:01:20,836 - instabot version: 0.117.0 (api) - DEBUG - GET to endpoint: feed/user/13869174215/?max_id=2584866364463556674_13869174215&min_timestamp=None&rank_token=49051026324_a0fc6ae5-ac3e-41ca-b857-6a469c180753&ranked_content=true returned response: <Response [200]>
2021-08-08 16:01:21,201 - instabot version: 0.117.0 (api) - DEBUG - GET to endpoint: feed/user/13869174215/?max_id=2581247525034690917_13869174215&min_timestamp=None&rank_token=49051026324_a0fc6ae5-ac3e-41ca-b857-6a469c180753&ranked_content=true returned response: <Response [200]>
2021-08-08 16:01:21,549 - instabot version: 0.117.0 (api) - DEBUG - GET to endpoint: feed/user/13869174215/?max_id=2577299267916879224_13869174215&min_timestamp=None&rank_token=49051026324_a0fc6ae5-ac3e-41ca-b857-6a469c180753&ranked_content=true returned response: <Response [200]>
2021-08-08 16:01:21,948 - instabot version: 0.117.0 (api) - DEBUG - GET to endpoint: feed/user/13869174215/?max_id=2573282960908303641_13869174215&min_timestamp=None&rank_token=49051026324_a0fc6ae5-ac3e-41ca-b857-6a469c180753&ranked_content=true returned response: <Response [200]>
2021-08-08 16:01:22,266 - instabot version: 0.117.0 (api) - DEBUG - GET to endpoint: feed/user/13869174215/?max_id=2569281158050065140_13869174215&min_timestamp=None&rank_token=49051026324_a0fc6ae5-ac3e-41ca-b857-6a469c180753&ranked_content=true returned response: <Response [200]>
2021-08-08 16:01:22,666 - instabot version: 0.117.0 (api) - DEBUG - GET to endpoint: feed/user/13869174215/?max_id=2565294912423872793_13869174215&min_timestamp=None&rank_token=49051026324_a0fc6ae5-ac3e-41ca-b857-6a469c180753&ranked_content=true returned response: <Response [200]>
2021-08-08 16:01:23,064 - instabot version: 0.117.0 (api) - DEBUG - GET to endpoint: feed/user/13869174215/?max_id=2561338878552648250_13869174215&min_timestamp=None&rank_token=49051026324_a0fc6ae5-ac3e-41ca-b857-6a469c180753&ranked_content=true returned response: <Response [200]>
2021-08-08 16:01:23,418 - instabot version: 0.117.0 (api) - DEBUG - GET to endpoint: feed/user/13869174215/?max_id=2557337612083800759_13869174215&min_timestamp=None&rank_token=49051026324_a0fc6ae5-ac3e-41ca-b857-6a469c180753&ranked_content=true returned response: <Response [200]>
2021-08-08 16:01:23,754 - instabot version: 0.117.0 (api) - DEBUG - GET to endpoint: feed/user/13869174215/?max_id=2553366340754532347_13869174215&min_timestamp=None&rank_token=49051026324_a0fc6ae5-ac3e-41ca-b857-6a469c180753&ranked_content=true returned response: <Response [200]>
2021-08-08 16:01:24,079 - instabot version: 0.117.0 (api) - DEBUG - GET to endpoint: feed/user/13869174215/?max_id=2549334806483806278_13869174215&min_timestamp=None&rank_token=49051026324_a0fc6ae5-ac3e-41ca-b857-6a469c180753&ranked_content=true returned response: <Response [200]>
2021-08-08 16:01:24,481 - instabot version: 0.117.0 (api) - DEBUG - GET to endpoint: feed/user/13869174215/?max_id=2546121865225531881_13869174215&min_timestamp=None&rank_token=49051026324_a0fc6ae5-ac3e-41ca-b857-6a469c180753&ranked_content=true returned response: <Response [200]>
2021-08-08 16:01:24,786 - instabot version: 0.117.0 (api) - DEBUG - GET to endpoint: feed/user/13869174215/?max_id=2542844458453524969_13869174215&min_timestamp=None&rank_token=49051026324_a0fc6ae5-ac3e-41ca-b857-6a469c180753&ranked_content=true returned response: <Response [200]>
2021-08-08 16:01:33,225 - instabot version: 0.117.0 (api) - DEBUG - GET to endpoint: feed/user/13869174215/?max_id=2538870819034279157_13869174215&min_timestamp=None&rank_token=49051026324_a0fc6ae5-ac3e-41ca-b857-6a469c180753&ranked_content=true returned response: <Response [200]>
2021-08-08 16:01:33,569 - instabot version: 0.117.0 (api) - DEBUG - GET to endpoint: feed/user/13869174215/?max_id=2535274632598968565_13869174215&min_timestamp=None&rank_token=49051026324_a0fc6ae5-ac3e-41ca-b857-6a469c180753&ranked_content=true returned response: <Response [200]>
2021-08-08 16:01:33,904 - instabot version: 0.117.0 (api) - DEBUG - GET to endpoint: feed/user/13869174215/?max_id=2531260658377323489_13869174215&min_timestamp=None&rank_token=49051026324_a0fc6ae5-ac3e-41ca-b857-6a469c180753&ranked_content=true returned response: <Response [200]>
2021-08-08 16:01:34,218 - instabot version: 0.117.0 (api) - DEBUG - GET to endpoint: feed/user/13869174215/?max_id=2527651867818732962_13869174215&min_timestamp=None&rank_token=49051026324_a0fc6ae5-ac3e-41ca-b857-6a469c180753&ranked_content=true returned response: <Response [200]>
2021-08-08 16:01:34,690 - instabot version: 0.117.0 (api) - DEBUG - GET to endpoint: feed/user/13869174215/?max_id=2523650558758324966_13869174215&min_timestamp=None&rank_token=49051026324_a0fc6ae5-ac3e-41ca-b857-6a469c180753&ranked_content=true returned response: <Response [200]>
2021-08-08 16:01:35,029 - instabot version: 0.117.0 (api) - DEBUG - GET to endpoint: feed/user/13869174215/?max_id=2520389119348269536_13869174215&min_timestamp=None&rank_token=49051026324_a0fc6ae5-ac3e-41ca-b857-6a469c180753&ranked_content=true returned response: <Response [200]>
